2025/03/08 16:18:16 [GET] ::1 /v1/checkstatus 200 6.115072ms
2025/03/08 16:18:17 [GET] ::1 /v1/config 200 553.478907ms
2025/03/08 16:18:17 [GET] ::1 /v1/image/23 200 161.213422ms
2025/03/08 16:18:18 [GET] ::1 /v1/component 200 12.785944ms
2025/03/08 16:18:18 [GET] ::1 /v1/config/key/layout 200 6.469471ms
2025/03/08 16:18:18 [GET] ::1 /v1/config/key/style_typography 200 10.96154ms
2025/03/08 16:18:18 [GET] ::1 /v1/config/key/style_color 200 2.51462ms
2025/03/08 16:18:18 [GET] ::1 /v1/config/key/style_drawer 200 4.649207ms
2025/03/08 16:18:18 [GET] ::1 /v1/config/key/header_siteidentify 200 2.601856ms
2025/03/08 16:18:18 [GET] ::1 /v1/image/6 200 3.934049ms
2025/03/08 16:18:18 [GET] ::1 /v1/image/23 200 4.976727ms
2025/03/08 16:18:19 [GET] ::1 /v1/config/key/header_topbar 200 2.436327ms
2025/03/08 16:18:22 [POST] ::1 /v1/admin/token/refresh 200 45.041041ms
2025/03/08 16:18:24 [GET] ::1 /v1/checkstatus 200 35.879µs
2025/03/08 16:18:25 [GET] ::1 /v1/admin/checkauth 200 111.381105ms
2025/03/08 16:18:25 [GET] ::1 /v1/admin/images 200 8.539293ms
2025/03/08 16:18:25 [GET] ::1 /v1/admin/checkauth 200 6.602418ms
2025/03/08 16:18:25 [GET] ::1 /v1/component 200 11.561851ms
2025/03/08 16:18:25 [GET] ::1 /v1/admin/checkauth 200 2.423493ms
2025/03/08 16:18:25 [GET] ::1 /v1/config/key/layout 200 2.376686ms
2025/03/08 16:18:25 [GET] ::1 /v1/admin/checkauth 200 3.549267ms
2025/03/08 16:18:25 [GET] ::1 /v1/config/key/style_typography 200 3.783649ms
2025/03/08 16:18:25 [GET] ::1 /v1/admin/checkauth 200 4.143847ms
2025/03/08 16:18:25 [GET] ::1 /v1/config/key/style_color 200 11.546396ms
2025/03/08 16:18:25 [GET] ::1 /v1/admin/checkauth 200 5.196082ms
2025/03/08 16:18:25 [GET] ::1 /v1/config/key/style_drawer 200 4.739917ms
2025/03/08 16:18:26 [GET] ::1 /v1/admin/checkauth 200 3.194777ms
2025/03/08 16:18:26 [GET] ::1 /v1/config/key/header_siteidentify 200 3.06455ms
2025/03/08 16:18:26 [GET] ::1 /v1/admin/checkauth 200 2.222737ms
2025/03/08 16:18:26 [GET] ::1 /v1/image/6 200 1.943744ms
2025/03/08 16:18:26 [GET] ::1 /v1/admin/checkauth 200 3.630372ms
2025/03/08 16:18:26 [GET] ::1 /v1/image/23 200 6.247001ms
2025/03/08 16:18:26 [GET] ::1 /v1/admin/checkauth 200 3.217469ms
2025/03/08 16:18:26 [GET] ::1 /v1/config/key/header_topbar 200 2.15718ms
2025/03/08 16:18:36 [GET] ::1 /v1/admin/checkauth 200 2.299391ms
2025/03/08 16:18:37 [GET] ::1 /v1/admin/checkauth 200 3.44988ms
2025/03/08 16:18:37 [GET] ::1 /v1/admin/pages/type/1 200 16.238379ms
2025/03/08 16:18:37 [GET] ::1 /v1/admin/checkauth 200 2.161232ms
2025/03/08 16:18:37 [GET] ::1 /v1/admin/pages/type/1 200 5.641143ms
2025/03/08 16:18:37 [GET] ::1 /v1/admin/checkauth 200 3.904123ms
2025/03/08 16:18:37 [GET] ::1 /v1/admin/pages/typenstatus/ 200 7.305125ms
2025/03/08 16:18:37 [GET] ::1 /v1/admin/checkauth 200 2.835727ms
2025/03/08 16:18:37 [GET] ::1 /v1/admin/users/1 200 8.361737ms
2025/03/08 16:18:37 [GET] ::1 /v1/admin/checkauth 200 2.333179ms
2025/03/08 16:18:37 [GET] ::1 /v1/admin/users/1 200 4.002333ms
2025/03/08 16:18:37 [GET] ::1 /v1/admin/checkauth 200 3.99085ms
2025/03/08 16:18:37 [GET] ::1 /v1/admin/users/1 200 5.439485ms
2025/03/08 16:18:37 [GET] ::1 /v1/admin/checkauth 200 3.25781ms
2025/03/08 16:18:37 [GET] ::1 /v1/admin/users/1 200 5.387079ms
2025/03/08 16:18:37 [GET] ::1 /v1/admin/checkauth 200 2.564938ms
2025/03/08 16:18:37 [GET] ::1 /v1/admin/pages/typenstatus/ 200 8.426065ms
2025/03/08 16:18:37 [GET] ::1 /v1/admin/checkauth 200 3.087888ms
2025/03/08 16:18:37 [GET] ::1 /v1/admin/pages/typenstatus/ 200 7.059785ms
2025/03/08 16:18:37 [GET] ::1 /v1/admin/checkauth 200 2.55789ms
2025/03/08 16:18:37 [GET] ::1 /v1/admin/pages/typenstatus/ 200 5.501209ms
2025/03/08 16:18:37 [GET] ::1 /v1/admin/checkauth 200 2.07054ms
2025/03/08 16:18:38 [GET] ::1 /v1/admin/pages/typenstatus/ 200 4.750924ms
2025/03/08 16:18:38 [GET] ::1 /v1/admin/checkauth 200 2.949459ms
2025/03/08 16:18:38 [GET] ::1 /v1/admin/pages/typenstatus/ 200 4.674597ms
2025/03/08 16:18:38 [GET] ::1 /v1/admin/checkauth 200 4.830076ms
2025/03/08 16:18:38 [GET] ::1 /v1/admin/pages/typenstatus/ 200 3.576205ms
2025/03/08 16:18:38 [GET] ::1 /v1/admin/checkauth 200 2.92973ms
2025/03/08 16:18:38 [GET] ::1 /v1/admin/pages/typenstatus/ 200 6.83662ms
2025/03/08 16:18:38 [GET] ::1 /v1/admin/checkauth 200 3.977587ms
2025/03/08 16:18:38 [GET] ::1 /v1/admin/pages/count/type/1 200 10.368823ms
2025/03/08 16:18:38 [GET] ::1 /v1/admin/checkauth 200 2.826783ms
2025/03/08 16:18:38 [GET] ::1 /v1/admin/pages/count/type/1 200 9.636297ms
2025/03/08 16:18:38 [GET] ::1 /v1/admin/checkauth 200 2.937465ms
2025/03/08 16:18:38 [GET] ::1 /v1/admin/pages/count/typenstatus/ 200 4.84026ms
2025/03/08 16:18:38 [GET] ::1 /v1/admin/checkauth 200 3.009413ms
2025/03/08 16:18:38 [GET] ::1 /v1/admin/pages/count/typenstatus/ 200 3.532231ms
2025/03/08 16:18:38 [GET] ::1 /v1/admin/checkauth 200 1.631088ms
2025/03/08 16:18:38 [GET] ::1 /v1/admin/pages/count/typenstatus/ 200 8.437551ms
2025/03/08 16:18:38 [GET] ::1 /v1/admin/checkauth 200 3.280319ms
2025/03/08 16:18:38 [GET] ::1 /v1/admin/pages/count/typenstatus/ 200 3.894806ms
2025/03/08 16:18:38 [GET] ::1 /v1/admin/checkauth 200 9.201514ms
2025/03/08 16:18:39 [GET] ::1 /v1/admin/pages/count/typenstatus/ 200 8.883433ms
2025/03/08 16:18:39 [GET] ::1 /v1/admin/checkauth 200 2.488352ms
2025/03/08 16:18:39 [GET] ::1 /v1/admin/pages/count/typenstatus/ 200 8.203556ms
2025/03/08 16:18:39 [GET] ::1 /v1/admin/checkauth 200 2.63845ms
2025/03/08 16:18:39 [GET] ::1 /v1/admin/pages/count/typenstatus/ 200 3.879268ms
2025/03/08 16:18:39 [GET] ::1 /v1/admin/checkauth 200 5.598951ms
2025/03/08 16:18:39 [GET] ::1 /v1/admin/pages/count/typenstatus/ 200 4.480647ms
2025/03/08 16:18:43 [GET] ::1 /v1/admin/checkauth 200 1.971768ms
2025/03/08 16:19:08 [GET] ::1 /v1/config 200 552.464995ms
2025/03/08 16:19:08 [GET] ::1 /v1/admin/pages/id/1 200 604.639335ms
2025/03/08 16:19:15 [GET] ::1 /v1/admin/checkauth 200 5.044363ms
2025/03/08 16:19:16 [GET] ::1 /v1/admin/categories/type/1 200 378.034312ms
2025/03/08 16:19:16 [GET] ::1 /v1/admin/checkauth 200 21.168512ms
2025/03/08 16:19:16 [GET] ::1 /v1/config 200 83.117857ms
2025/03/08 16:19:16 [GET] ::1 /v1/image/23 200 156.788919ms
2025/03/08 16:19:17 [GET] ::1 /v1/image/27 200 12.861165ms
2025/03/08 16:19:17 [GET] ::1 /v1/admin/checkauth 200 2.828282ms
2025/03/08 16:19:17 [GET] ::1 /v1/admin/tags/type/1 200 19.098587ms
2025/03/08 16:19:17 [GET] ::1 /v1/admin/checkauth 200 4.982639ms
2025/03/08 16:19:17 [GET] ::1 /v1/config 200 1.85018ms
2025/03/08 16:19:17 [GET] ::1 /v1/image/23 200 6.282557ms
2025/03/08 16:19:18 [GET] ::1 /v1/admin/pagecategories/page/1 200 19.724012ms
2025/03/08 16:19:18 [GET] ::1 /v1/admin/checkauth 200 3.779431ms
2025/03/08 16:19:18 [GET] ::1 /v1/admin/pagetags/page/1 200 149.916ms
2025/03/08 16:19:18 [GET] ::1 /v1/admin/checkauth 200 2.354725ms
2025/03/08 16:19:19 [GET] ::1 /v1/config 200 1.479036ms
2025/03/08 16:19:19 [GET] ::1 /v1/image/23 200 2.446997ms
2025/03/08 16:19:19 [GET] ::1 /v1/admin/checkauth 200 2.784446ms
2025/03/08 16:19:19 [GET] ::1 /v1/admin/categories/type/1 200 10.007304ms
2025/03/08 16:19:19 [GET] ::1 /v1/admin/checkauth 200 5.064284ms
2025/03/08 16:19:19 [GET] ::1 /v1/image/27 200 5.418442ms
2025/03/08 16:19:19 [GET] ::1 /v1/admin/checkauth 200 6.803566ms
2025/03/08 16:19:19 [GET] ::1 /v1/admin/tags/type/1 200 3.94213ms
2025/03/08 16:19:19 [GET] ::1 /v1/admin/checkauth 200 2.73156ms
2025/03/08 16:19:20 [GET] ::1 /v1/admin/pagecategories/page/1 200 3.781257ms
2025/03/08 16:19:20 [GET] ::1 /v1/admin/checkauth 200 2.218166ms
2025/03/08 16:19:20 [GET] ::1 /v1/admin/pagetags/page/1 200 4.035498ms
2025/03/08 16:19:20 [GET] ::1 /v1/admin/checkauth 200 2.186287ms
2025/03/08 16:19:20 [GET] ::1 /v1/config 200 5.064745ms
2025/03/08 16:19:20 [GET] ::1 /v1/image/23 200 3.198582ms
2025/03/08 16:19:21 [GET] ::1 /v1/config 200 2.262553ms
2025/03/08 16:19:21 [GET] ::1 /v1/image/23 200 1.80752ms
2025/03/08 16:19:40 [GET] ::1 /v1/admin/checkauth 200 4.279153ms
2025/03/08 16:19:40 [PUT] ::1 /v1/admin/pages/1 200 64.592667ms
2025/03/08 16:19:41 [GET] ::1 /v1/admin/checkauth 200 3.568111ms
2025/03/08 16:19:41 [POST] ::1 /v1/admin/pagecategories 200 20.116416ms
2025/03/08 16:19:41 [GET] ::1 /v1/admin/checkauth 200 1.839249ms
2025/03/08 16:19:41 [GET] ::1 /v1/config 200 2.860657ms
2025/03/08 16:19:41 [POST] ::1 /v1/admin/pagetags 200 29.553016ms
2025/03/08 16:19:41 [GET] ::1 /v1/image/23 200 65.210522ms
2025/03/08 16:19:45 [GET] ::1 /v1/admin/checkauth 200 7.994984ms
2025/03/08 16:19:45 [GET] ::1 /v1/checkstatus 200 16.812µs
2025/03/08 16:19:45 [GET] ::1 /v1/admin/pages/id/1 200 7.572107ms
2025/03/08 16:19:46 [GET] ::1 /v1/config 200 2.673855ms
2025/03/08 16:19:46 [GET] ::1 /v1/image/23 200 1.985556ms
2025/03/08 16:19:53 [GET] ::1 /v1/admin/checkauth 200 5.577773ms
2025/03/08 16:19:54 [GET] ::1 /v1/admin/categories/type/1 200 19.96474ms
2025/03/08 16:19:54 [GET] ::1 /v1/admin/checkauth 200 6.061201ms
2025/03/08 16:19:54 [GET] ::1 /v1/image/27 200 2.21974ms
2025/03/08 16:19:54 [GET] ::1 /v1/admin/checkauth 200 3.134988ms
2025/03/08 16:19:54 [GET] ::1 /v1/admin/tags/type/1 200 9.474218ms
2025/03/08 16:19:54 [GET] ::1 /v1/admin/checkauth 200 10.085458ms
2025/03/08 16:19:54 [GET] ::1 /v1/admin/pagecategories/page/1 200 11.236315ms
2025/03/08 16:19:54 [GET] ::1 /v1/admin/checkauth 200 3.230634ms
2025/03/08 16:19:55 [GET] ::1 /v1/admin/pagetags/page/1 200 6.808502ms
2025/03/08 16:19:55 [GET] ::1 /v1/admin/checkauth 200 4.321955ms
2025/03/08 16:19:56 [GET] ::1 /v1/admin/checkauth 200 9.692239ms
2025/03/08 16:19:56 [GET] ::1 /v1/admin/images 200 12.675848ms
2025/03/08 16:19:56 [GET] ::1 /v1/config 200 3.472053ms
2025/03/08 16:19:56 [GET] ::1 /v1/image/23 200 1.77036ms
2025/03/08 16:19:56 [GET] ::1 /v1/admin/checkauth 200 2.530111ms
2025/03/08 16:19:56 [GET] ::1 /v1/component 200 8.566988ms
2025/03/08 16:19:56 [GET] ::1 /v1/admin/checkauth 200 3.546963ms
2025/03/08 16:19:56 [GET] ::1 /v1/config/key/layout 200 2.67636ms
2025/03/08 16:19:56 [GET] ::1 /v1/admin/checkauth 200 2.390023ms
2025/03/08 16:19:56 [GET] ::1 /v1/config/key/style_typography 200 12.419796ms
2025/03/08 16:19:56 [GET] ::1 /v1/admin/checkauth 200 2.220177ms
2025/03/08 16:19:57 [GET] ::1 /v1/config/key/style_color 200 9.894683ms
2025/03/08 16:19:57 [GET] ::1 /v1/admin/checkauth 200 6.198927ms
2025/03/08 16:19:57 [GET] ::1 /v1/config/key/style_drawer 200 1.847891ms
2025/03/08 16:19:57 [GET] ::1 /v1/admin/checkauth 200 5.062075ms
2025/03/08 16:19:57 [GET] ::1 /v1/config/key/header_siteidentify 200 1.804386ms
2025/03/08 16:19:57 [GET] ::1 /v1/admin/checkauth 200 2.402291ms
2025/03/08 16:19:57 [GET] ::1 /v1/image/6 200 1.752516ms
2025/03/08 16:19:57 [GET] ::1 /v1/admin/checkauth 200 5.301826ms
2025/03/08 16:19:57 [GET] ::1 /v1/image/23 200 1.86174ms
2025/03/08 16:19:57 [GET] ::1 /v1/admin/checkauth 200 5.916627ms
2025/03/08 16:19:57 [GET] ::1 /v1/config 200 6.480806ms
2025/03/08 16:19:57 [GET] ::1 /v1/config/key/header_topbar 200 15.11925ms
2025/03/08 16:19:57 [GET] ::1 /v1/image/23 200 1.981196ms
2025/03/08 16:20:05 [GET] ::1 /v1/admin/checkauth 200 1.38104ms
2025/03/08 16:20:09 [GET] ::1 /v1/config 200 2.183143ms
2025/03/08 16:20:09 [GET] ::1 /v1/image/23 200 1.938647ms
2025/03/08 16:20:11 [GET] ::1 /v1/admin/checkauth 200 2.137197ms
2025/03/08 16:20:11 [GET] ::1 /v1/admin/categories/type/1 200 8.182801ms
2025/03/08 16:20:11 [GET] ::1 /v1/admin/checkauth 200 2.037439ms
2025/03/08 16:20:11 [GET] ::1 /v1/image/0 200 13.445306ms
2025/03/08 16:20:11 [GET] ::1 /v1/admin/checkauth 200 2.148333ms
2025/03/08 16:20:11 [GET] ::1 /v1/admin/tags/type/1 200 10.853688ms
2025/03/08 16:20:12 [GET] ::1 /v1/admin/checkauth 200 9.446086ms
2025/03/08 16:20:12 [GET] ::1 /v1/admin/checkauth 200 2.227798ms
2025/03/08 16:20:12 [GET] ::1 /v1/admin/categories/type/1 200 5.528025ms
2025/03/08 16:20:12 [GET] ::1 /v1/admin/checkauth 200 3.562453ms
2025/03/08 16:20:12 [GET] ::1 /v1/config 200 1.900103ms
2025/03/08 16:20:12 [GET] ::1 /v1/image/23 200 3.909507ms
2025/03/08 16:20:12 [GET] ::1 /v1/image/0 200 3.409991ms
2025/03/08 16:20:12 [GET] ::1 /v1/admin/checkauth 200 3.828176ms
2025/03/08 16:20:13 [GET] ::1 /v1/admin/tags/type/1 200 7.52874ms
2025/03/08 16:20:13 [GET] ::1 /v1/admin/checkauth 200 3.686679ms
2025/03/08 16:20:13 [GET] ::1 /v1/config 200 1.82152ms
2025/03/08 16:20:13 [GET] ::1 /v1/image/23 200 2.54579ms
