2025/04/19 10:02:33 [GET] ::1 /v1/admin/checkauth 200 281.617247ms
2025/04/19 10:02:33 [GET] ::1 /v1/admin/checkauth 200 280.225563ms
2025/04/19 10:02:34 [GET] ::1 /v1/checkstatus 200 17.536µs
2025/04/19 10:02:36 [GET] ::1 /v1/config/key/layout 200 28.876231ms
2025/04/19 10:02:38 [GET] ::1 /v1/admin/checkauth 200 3.25055ms
2025/04/19 10:02:40 [GET] ::1 /v1/admin/checkauth 200 3.889613ms
2025/04/19 10:02:40 [GET] ::1 /v1/admin/checkauth 200 2.826058ms
2025/04/19 10:02:40 [GET] ::1 /v1/config 200 7.945484ms
2025/04/19 10:02:41 [GET] ::1 /v1/admin/checkauth 200 3.774408ms
2025/04/19 10:02:41 [GET] ::1 /v1/admin/checkauth 200 5.24886ms
2025/04/19 10:02:42 [GET] ::1 /v1/admin/checkauth 200 4.540923ms
2025/04/19 10:02:42 [GET] ::1 /v1/component 200 8.370855ms
2025/04/19 10:03:44 [GET] ::1 /v1/admin/checkauth 200 19.78464ms
2025/04/19 10:03:44 [GET] ::1 /v1/admin/checkauth 200 31.141875ms
2025/04/19 10:03:45 [GET] ::1 /v1/checkstatus 200 24.128µs
2025/04/19 10:03:45 [GET] ::1 /v1/config/key/layout 200 4.946598ms
2025/04/19 10:03:53 [GET] ::1 /v1/admin/checkauth 200 8.546546ms
2025/04/19 10:03:54 [GET] ::1 /v1/admin/checkauth 200 5.876501ms
2025/04/19 10:03:54 [GET] ::1 /v1/admin/checkauth 200 3.239075ms
2025/04/19 10:03:55 [GET] ::1 /v1/config 200 4.290582ms
2025/04/19 10:03:55 [GET] ::1 /v1/admin/checkauth 200 4.941213ms
2025/04/19 10:03:56 [GET] ::1 /v1/admin/checkauth 200 3.733181ms
2025/04/19 10:03:56 [GET] ::1 /v1/admin/checkauth 200 4.866143ms
2025/04/19 10:03:56 [GET] ::1 /v1/component 200 5.933715ms
2025/04/19 10:04:08 [GET] ::1 /v1/admin/checkauth 200 21.506749ms
2025/04/19 10:04:08 [GET] ::1 /v1/admin/checkauth 200 10.302637ms
2025/04/19 10:04:08 [GET] ::1 /v1/checkstatus 200 27.368µs
2025/04/19 10:04:08 [GET] ::1 /v1/config/key/layout 200 3.693764ms
2025/04/19 10:04:11 [GET] ::1 /v1/admin/checkauth 200 3.242144ms
2025/04/19 10:04:12 [GET] ::1 /v1/admin/checkauth 200 10.86626ms
2025/04/19 10:04:12 [GET] ::1 /v1/admin/checkauth 200 3.735078ms
2025/04/19 10:04:12 [GET] ::1 /v1/config 200 3.546682ms
2025/04/19 10:04:13 [GET] ::1 /v1/admin/checkauth 200 2.35845ms
2025/04/19 10:04:13 [GET] ::1 /v1/admin/checkauth 200 3.849896ms
2025/04/19 10:04:14 [GET] ::1 /v1/admin/checkauth 200 2.556906ms
2025/04/19 10:04:14 [GET] ::1 /v1/component 200 1.885739ms
2025/04/19 10:04:40 [GET] ::1 /v1/admin/checkauth 200 2.532799ms
2025/04/19 10:04:40 [GET] ::1 /v1/admin/checkauth 200 4.843766ms
2025/04/19 10:04:40 [GET] ::1 /v1/checkstatus 200 15.857µs
2025/04/19 10:04:40 [GET] ::1 /v1/config/key/layout 200 2.087452ms
2025/04/19 10:04:42 [GET] ::1 /v1/admin/checkauth 200 4.898787ms
2025/04/19 10:04:43 [GET] ::1 /v1/admin/checkauth 200 3.758342ms
2025/04/19 10:04:43 [GET] ::1 /v1/admin/checkauth 200 3.725093ms
2025/04/19 10:04:44 [GET] ::1 /v1/config 200 3.357461ms
2025/04/19 10:04:45 [GET] ::1 /v1/admin/checkauth 200 39.668921ms
2025/04/19 10:04:45 [GET] ::1 /v1/admin/checkauth 200 4.590852ms
2025/04/19 10:04:45 [GET] ::1 /v1/admin/checkauth 200 5.151495ms
2025/04/19 10:04:46 [GET] ::1 /v1/component 200 3.937018ms
2025/04/19 10:07:48 [GET] ::1 /v1/admin/checkauth 200 14.134429ms
2025/04/19 10:07:48 [GET] ::1 /v1/admin/checkauth 200 3.438659ms
2025/04/19 10:07:48 [GET] ::1 /v1/checkstatus 200 16.593µs
2025/04/19 10:07:48 [GET] ::1 /v1/config/key/layout 200 6.632747ms
2025/04/19 10:08:50 [GET] ::1 /v1/admin/checkauth 200 14.524964ms
2025/04/19 10:08:50 [GET] ::1 /v1/admin/checkauth 200 22.278772ms
2025/04/19 10:08:50 [GET] ::1 /v1/checkstatus 200 16.359µs
2025/04/19 10:08:50 [GET] ::1 /v1/config/key/layout 200 4.018529ms
2025/04/19 10:08:53 [GET] ::1 /v1/admin/checkauth 200 5.24691ms
2025/04/19 10:08:54 [GET] ::1 /v1/admin/checkauth 200 6.949648ms
2025/04/19 10:08:55 [GET] ::1 /v1/admin/checkauth 200 3.342003ms
2025/04/19 10:08:55 [GET] ::1 /v1/config 200 3.122801ms
2025/04/19 10:08:55 [GET] ::1 /v1/admin/checkauth 200 4.598001ms
2025/04/19 10:08:56 [GET] ::1 /v1/admin/checkauth 200 3.662896ms
2025/04/19 10:08:56 [GET] ::1 /v1/admin/checkauth 200 4.867701ms
2025/04/19 10:08:56 [GET] ::1 /v1/component 200 4.089043ms
2025/04/19 10:10:33 [GET] ::1 /v1/admin/checkauth 200 122.571054ms
2025/04/19 10:10:33 [GET] ::1 /v1/admin/checkauth 200 125.889441ms
2025/04/19 10:10:34 [GET] ::1 /v1/checkstatus 200 16.887µs
2025/04/19 10:10:34 [GET] ::1 /v1/config/key/layout 200 5.938831ms
2025/04/19 10:10:38 [GET] ::1 /v1/admin/checkauth 200 4.93772ms
2025/04/19 10:10:39 [GET] ::1 /v1/admin/checkauth 200 2.986913ms
2025/04/19 10:10:39 [GET] ::1 /v1/admin/checkauth 200 2.398819ms
2025/04/19 10:10:40 [GET] ::1 /v1/config 200 6.260075ms
2025/04/19 10:10:40 [GET] ::1 /v1/admin/checkauth 200 3.797593ms
2025/04/19 10:10:41 [GET] ::1 /v1/admin/checkauth 200 2.615937ms
2025/04/19 10:10:41 [GET] ::1 /v1/admin/checkauth 200 2.016084ms
2025/04/19 10:10:41 [GET] ::1 /v1/component 200 8.365442ms
2025/04/19 10:12:30 [GET] ::1 /v1/admin/checkauth 200 10.603005ms
2025/04/19 10:12:30 [GET] ::1 /v1/admin/checkauth 200 10.106169ms
2025/04/19 10:12:30 [GET] ::1 /v1/admin/checkauth 200 4.12064ms
2025/04/19 10:12:31 [GET] ::1 /v1/checkstatus 200 15.387µs
2025/04/19 10:12:31 [GET] ::1 /v1/config/key/layout 200 3.607448ms
2025/04/19 10:12:33 [GET] ::1 /v1/admin/checkauth 200 3.243741ms
2025/04/19 10:12:34 [GET] ::1 /v1/admin/checkauth 200 3.195569ms
2025/04/19 10:12:34 [GET] ::1 /v1/admin/checkauth 200 3.202619ms
2025/04/19 10:12:34 [GET] ::1 /v1/config 200 2.692586ms
2025/04/19 10:12:35 [GET] ::1 /v1/admin/checkauth 200 3.915418ms
2025/04/19 10:12:35 [GET] ::1 /v1/admin/checkauth 200 3.097259ms
2025/04/19 10:12:36 [GET] ::1 /v1/admin/checkauth 200 9.787255ms
2025/04/19 10:12:36 [GET] ::1 /v1/component 200 8.732678ms
2025/04/19 10:16:20 [GET] ::1 /v1/admin/checkauth 200 122.281586ms
2025/04/19 10:16:20 [GET] ::1 /v1/admin/checkauth 200 122.48777ms
2025/04/19 10:16:20 [GET] ::1 /v1/checkstatus 200 32.136µs
2025/04/19 10:16:20 [GET] ::1 /v1/config/key/layout 200 13.520383ms
2025/04/19 10:16:23 [GET] ::1 /v1/admin/checkauth 200 3.014513ms
2025/04/19 10:16:24 [GET] ::1 /v1/admin/checkauth 200 2.831754ms
2025/04/19 10:16:24 [GET] ::1 /v1/admin/checkauth 200 9.64316ms
2025/04/19 10:16:25 [GET] ::1 /v1/config 200 5.077507ms
2025/04/19 10:16:25 [GET] ::1 /v1/admin/checkauth 200 6.829378ms
2025/04/19 10:16:26 [GET] ::1 /v1/admin/checkauth 200 10.578956ms
2025/04/19 10:16:26 [GET] ::1 /v1/admin/checkauth 200 3.864148ms
2025/04/19 10:16:27 [GET] ::1 /v1/component 200 3.419738ms
2025/04/19 10:16:34 [GET] ::1 /v1/admin/checkauth 200 3.003811ms
2025/04/19 10:16:34 [GET] ::1 /v1/checkstatus 200 33.481µs
2025/04/19 10:16:34 [GET] ::1 /v1/config/key/layout 200 2.868262ms
2025/04/19 10:16:37 [GET] ::1 /v1/admin/checkauth 200 4.438909ms
2025/04/19 10:16:38 [GET] ::1 /v1/admin/checkauth 200 3.085635ms
2025/04/19 10:16:38 [GET] ::1 /v1/admin/checkauth 200 5.471513ms
2025/04/19 10:16:38 [GET] ::1 /v1/config 200 13.979823ms
2025/04/19 10:16:38 [GET] ::1 /v1/admin/checkauth 200 5.064889ms
2025/04/19 10:16:39 [GET] ::1 /v1/admin/checkauth 200 4.448557ms
2025/04/19 10:16:39 [GET] ::1 /v1/admin/checkauth 200 5.498541ms
2025/04/19 10:16:40 [GET] ::1 /v1/component 200 4.540564ms
2025/04/19 10:17:21 [GET] ::1 /v1/admin/checkauth 200 11.191593ms
2025/04/19 10:17:21 [GET] ::1 /v1/admin/checkauth 200 7.51402ms
2025/04/19 10:17:22 [GET] ::1 /v1/checkstatus 200 15.217µs
2025/04/19 10:17:22 [GET] ::1 /v1/config/key/layout 200 4.303807ms
2025/04/19 10:17:25 [GET] ::1 /v1/admin/checkauth 200 4.534123ms
2025/04/19 10:17:26 [GET] ::1 /v1/admin/checkauth 200 2.663139ms
2025/04/19 10:17:26 [GET] ::1 /v1/admin/checkauth 200 3.814993ms
2025/04/19 10:17:26 [GET] ::1 /v1/config 200 7.234227ms
2025/04/19 10:17:27 [GET] ::1 /v1/admin/checkauth 200 3.849045ms
2025/04/19 10:17:27 [GET] ::1 /v1/admin/checkauth 200 3.111923ms
2025/04/19 10:17:28 [GET] ::1 /v1/admin/checkauth 200 2.462841ms
2025/04/19 10:17:28 [GET] ::1 /v1/component 200 3.349412ms
2025/04/19 10:17:38 [GET] ::1 /v1/admin/checkauth 200 7.804398ms
2025/04/19 10:17:38 [GET] ::1 /v1/admin/checkauth 200 8.93503ms
2025/04/19 10:17:38 [GET] ::1 /v1/checkstatus 200 15.768µs
2025/04/19 10:17:38 [GET] ::1 /v1/config/key/layout 200 1.92954ms
2025/04/19 10:17:41 [GET] ::1 /v1/admin/checkauth 200 2.468228ms
2025/04/19 10:17:42 [GET] ::1 /v1/admin/checkauth 200 2.987836ms
2025/04/19 10:17:42 [GET] ::1 /v1/admin/checkauth 200 2.451455ms
2025/04/19 10:17:43 [GET] ::1 /v1/config 200 2.28855ms
2025/04/19 10:17:43 [GET] ::1 /v1/admin/checkauth 200 3.131802ms
2025/04/19 10:17:44 [GET] ::1 /v1/admin/checkauth 200 3.038095ms
2025/04/19 10:17:44 [GET] ::1 /v1/admin/checkauth 200 7.410651ms
2025/04/19 10:17:44 [GET] ::1 /v1/component 200 1.774467ms
2025/04/19 10:17:49 [GET] ::1 /v1/admin/checkauth 200 3.20952ms
2025/04/19 10:17:49 [GET] ::1 /v1/admin/checkauth 200 3.280565ms
2025/04/19 10:17:49 [GET] ::1 /v1/checkstatus 200 15.094µs
2025/04/19 10:17:49 [GET] ::1 /v1/config/key/layout 200 1.369107ms
2025/04/19 10:17:51 [GET] ::1 /v1/admin/checkauth 200 2.308972ms
2025/04/19 10:17:52 [GET] ::1 /v1/admin/checkauth 200 2.930599ms
2025/04/19 10:17:52 [GET] ::1 /v1/admin/checkauth 200 4.621022ms
2025/04/19 10:17:53 [GET] ::1 /v1/config 200 4.285719ms
2025/04/19 10:17:53 [GET] ::1 /v1/admin/checkauth 200 2.544294ms
2025/04/19 10:17:53 [GET] ::1 /v1/admin/checkauth 200 3.138623ms
2025/04/19 10:17:54 [GET] ::1 /v1/admin/checkauth 200 2.972865ms
2025/04/19 10:17:54 [GET] ::1 /v1/component 200 1.5773ms
2025/04/19 10:42:30 [GET] ::1 /v1/admin/checkauth 200 99.589496ms
2025/04/19 10:42:30 [GET] ::1 /v1/admin/checkauth 200 99.595855ms
2025/04/19 10:42:30 [GET] ::1 /v1/checkstatus 200 28.416µs
2025/04/19 10:42:30 [GET] ::1 /v1/config/key/layout 200 4.559681ms
2025/04/19 10:42:33 [GET] ::1 /v1/admin/checkauth 200 94.360436ms
2025/04/19 10:42:35 [GET] ::1 /v1/admin/checkauth 200 3.941793ms
2025/04/19 10:42:35 [GET] ::1 /v1/admin/checkauth 200 7.757005ms
2025/04/19 10:42:35 [GET] ::1 /v1/config 200 11.702722ms
2025/04/19 10:42:36 [GET] ::1 /v1/admin/checkauth 200 3.423491ms
2025/04/19 10:42:36 [GET] ::1 /v1/admin/checkauth 200 6.815353ms
2025/04/19 10:42:37 [GET] ::1 /v1/admin/checkauth 200 2.935367ms
2025/04/19 10:42:37 [GET] ::1 /v1/component 200 6.585539ms
2025/04/19 10:42:37 [GET] ::1 /v1/admin/checkauth 200 2.912174ms
2025/04/19 10:42:38 [GET] ::1 /v1/checkstatus 200 17.49µs
2025/04/19 10:42:38 [GET] ::1 /v1/config/key/layout 200 4.850126ms
2025/04/19 10:42:40 [GET] ::1 /v1/admin/checkauth 200 3.70246ms
2025/04/19 10:42:42 [GET] ::1 /v1/admin/checkauth 200 3.665118ms
2025/04/19 10:42:42 [GET] ::1 /v1/admin/checkauth 200 2.81012ms
2025/04/19 10:42:42 [GET] ::1 /v1/config 200 6.964103ms
2025/04/19 10:42:43 [GET] ::1 /v1/admin/checkauth 200 2.896399ms
2025/04/19 10:42:43 [GET] ::1 /v1/admin/checkauth 200 4.224218ms
2025/04/19 10:42:44 [GET] ::1 /v1/admin/checkauth 200 3.543447ms
2025/04/19 10:42:45 [GET] ::1 /v1/component 200 2.263788ms
2025/04/19 10:43:04 [GET] ::1 /v1/admin/checkauth 200 7.237325ms
2025/04/19 10:43:04 [GET] ::1 /v1/admin/checkauth 200 3.472631ms
2025/04/19 10:43:05 [GET] ::1 /v1/checkstatus 200 39.457µs
2025/04/19 10:43:05 [GET] ::1 /v1/config/key/layout 200 1.620433ms
2025/04/19 10:43:08 [GET] ::1 /v1/admin/checkauth 200 5.80318ms
2025/04/19 10:43:09 [GET] ::1 /v1/admin/checkauth 200 3.361265ms
2025/04/19 10:43:09 [GET] ::1 /v1/admin/checkauth 200 7.399811ms
2025/04/19 10:43:09 [GET] ::1 /v1/config 200 3.284113ms
2025/04/19 10:43:10 [GET] ::1 /v1/admin/checkauth 200 4.927495ms
2025/04/19 10:43:10 [GET] ::1 /v1/admin/checkauth 200 4.581678ms
2025/04/19 10:43:11 [GET] ::1 /v1/admin/checkauth 200 7.553493ms
2025/04/19 10:43:12 [GET] ::1 /v1/component 200 2.052867ms
2025/04/19 10:44:37 [GET] ::1 /v1/admin/checkauth 200 32.610733ms
2025/04/19 10:44:37 [GET] ::1 /v1/admin/checkauth 200 37.781973ms
2025/04/19 10:44:38 [GET] ::1 /v1/checkstatus 200 27.386µs
2025/04/19 10:44:38 [GET] ::1 /v1/config/key/layout 200 3.388575ms
2025/04/19 10:44:41 [GET] ::1 /v1/admin/checkauth 200 10.719936ms
2025/04/19 10:44:42 [GET] ::1 /v1/admin/checkauth 200 2.725915ms
2025/04/19 10:44:42 [GET] ::1 /v1/admin/checkauth 200 3.006078ms
2025/04/19 10:44:43 [GET] ::1 /v1/config 200 3.015801ms
2025/04/19 10:44:43 [GET] ::1 /v1/admin/checkauth 200 8.421631ms
2025/04/19 10:44:44 [GET] ::1 /v1/admin/checkauth 200 3.343176ms
2025/04/19 10:44:44 [GET] ::1 /v1/admin/checkauth 200 3.195319ms
2025/04/19 10:44:44 [GET] ::1 /v1/component 200 3.155692ms
2025/04/19 10:44:58 [GET] ::1 /v1/admin/checkauth 200 2.477966ms
2025/04/19 10:44:58 [GET] ::1 /v1/admin/checkauth 200 3.289886ms
2025/04/19 10:44:58 [GET] ::1 /v1/checkstatus 200 14.825µs
2025/04/19 10:44:58 [GET] ::1 /v1/config/key/layout 200 1.925778ms
2025/04/19 10:45:01 [GET] ::1 /v1/admin/checkauth 200 5.040348ms
2025/04/19 10:45:02 [GET] ::1 /v1/admin/checkauth 200 3.129106ms
2025/04/19 10:45:02 [GET] ::1 /v1/admin/checkauth 200 2.496616ms
2025/04/19 10:45:03 [GET] ::1 /v1/config 200 2.230218ms
2025/04/19 10:45:03 [GET] ::1 /v1/admin/checkauth 200 3.630976ms
2025/04/19 10:45:03 [GET] ::1 /v1/admin/checkauth 200 6.951963ms
2025/04/19 10:45:04 [GET] ::1 /v1/admin/checkauth 200 6.361059ms
2025/04/19 10:45:04 [GET] ::1 /v1/component 200 2.360536ms
2025/04/19 10:45:23 [GET] ::1 /v1/admin/checkauth 200 4.264142ms
2025/04/19 10:45:23 [GET] ::1 /v1/admin/checkauth 200 2.772894ms
2025/04/19 10:45:24 [GET] ::1 /v1/checkstatus 200 15.996µs
2025/04/19 10:45:24 [GET] ::1 /v1/config/key/layout 200 4.523653ms
2025/04/19 10:45:26 [GET] ::1 /v1/admin/checkauth 200 3.562882ms
2025/04/19 10:45:27 [GET] ::1 /v1/admin/checkauth 200 3.158295ms
2025/04/19 10:45:27 [GET] ::1 /v1/admin/checkauth 200 7.23781ms
2025/04/19 10:45:28 [GET] ::1 /v1/config 200 4.722951ms
2025/04/19 10:45:28 [GET] ::1 /v1/admin/checkauth 200 2.483893ms
2025/04/19 10:45:28 [GET] ::1 /v1/admin/checkauth 200 3.084722ms
2025/04/19 10:45:29 [GET] ::1 /v1/admin/checkauth 200 2.119015ms
2025/04/19 10:45:29 [GET] ::1 /v1/component 200 1.930282ms
2025/04/19 10:45:47 [GET] ::1 /v1/admin/checkauth 200 11.647352ms
2025/04/19 10:45:47 [GET] ::1 /v1/admin/checkauth 200 10.503414ms
2025/04/19 10:45:47 [GET] ::1 /v1/checkstatus 200 16.882µs
2025/04/19 10:45:47 [GET] ::1 /v1/config/key/layout 200 2.784852ms
2025/04/19 10:45:50 [GET] ::1 /v1/admin/checkauth 200 10.63073ms
2025/04/19 10:45:51 [GET] ::1 /v1/admin/checkauth 200 5.16912ms
2025/04/19 10:45:51 [GET] ::1 /v1/admin/checkauth 200 3.396352ms
2025/04/19 10:45:52 [GET] ::1 /v1/config 200 3.737789ms
2025/04/19 10:45:52 [GET] ::1 /v1/admin/checkauth 200 5.629528ms
2025/04/19 10:45:53 [GET] ::1 /v1/admin/checkauth 200 5.715503ms
2025/04/19 10:45:53 [GET] ::1 /v1/admin/checkauth 200 3.765559ms
2025/04/19 10:45:53 [GET] ::1 /v1/component 200 3.566248ms
2025/04/19 10:46:08 [GET] ::1 /v1/admin/checkauth 200 3.295277ms
2025/04/19 10:46:08 [GET] ::1 /v1/admin/checkauth 200 5.204367ms
2025/04/19 10:46:08 [GET] ::1 /v1/checkstatus 200 15.645µs
2025/04/19 10:46:08 [GET] ::1 /v1/config/key/layout 200 6.627486ms
2025/04/19 10:46:11 [GET] ::1 /v1/admin/checkauth 200 3.809501ms
2025/04/19 10:46:12 [GET] ::1 /v1/admin/checkauth 200 4.044523ms
2025/04/19 10:46:12 [GET] ::1 /v1/admin/checkauth 200 2.875764ms
2025/04/19 10:46:13 [GET] ::1 /v1/config 200 2.610812ms
2025/04/19 10:46:13 [GET] ::1 /v1/admin/checkauth 200 2.351723ms
2025/04/19 10:46:14 [GET] ::1 /v1/admin/checkauth 200 3.497974ms
2025/04/19 10:46:14 [GET] ::1 /v1/admin/checkauth 200 2.981888ms
2025/04/19 10:46:14 [GET] ::1 /v1/admin/checkauth 200 3.408936ms
2025/04/19 10:46:14 [GET] ::1 /v1/admin/checkauth 200 6.456547ms
2025/04/19 10:46:15 [GET] ::1 /v1/component 200 2.656161ms
2025/04/19 10:46:15 [GET] ::1 /v1/checkstatus 200 26.394µs
2025/04/19 10:46:15 [GET] ::1 /v1/config/key/layout 200 9.710447ms
2025/04/19 10:46:17 [GET] ::1 /v1/admin/checkauth 200 3.49794ms
2025/04/19 10:46:18 [GET] ::1 /v1/admin/checkauth 200 4.830547ms
2025/04/19 10:46:18 [GET] ::1 /v1/admin/checkauth 200 3.46952ms
2025/04/19 10:46:19 [GET] ::1 /v1/config 200 2.571232ms
2025/04/19 10:46:19 [GET] ::1 /v1/admin/checkauth 200 4.754367ms
2025/04/19 10:46:19 [GET] ::1 /v1/admin/checkauth 200 3.96092ms
2025/04/19 10:46:20 [GET] ::1 /v1/admin/checkauth 200 5.297486ms
2025/04/19 10:46:20 [GET] ::1 /v1/component 200 1.718298ms
2025/04/19 10:46:51 [GET] ::1 /v1/admin/checkauth 200 14.638463ms
2025/04/19 10:46:51 [GET] ::1 /v1/admin/checkauth 200 13.60844ms
2025/04/19 10:46:52 [GET] ::1 /v1/checkstatus 200 15.962µs
2025/04/19 10:46:52 [GET] ::1 /v1/config/key/layout 200 4.081608ms
2025/04/19 10:46:55 [GET] ::1 /v1/admin/checkauth 200 10.088172ms
2025/04/19 10:46:55 [GET] ::1 /v1/admin/checkauth 200 5.106477ms
2025/04/19 10:46:56 [GET] ::1 /v1/admin/checkauth 200 5.439752ms
2025/04/19 10:46:56 [GET] ::1 /v1/config 200 3.013657ms
2025/04/19 10:46:56 [GET] ::1 /v1/admin/checkauth 200 3.658442ms
2025/04/19 10:46:57 [GET] ::1 /v1/admin/checkauth 200 4.704187ms
2025/04/19 10:46:58 [GET] ::1 /v1/admin/checkauth 200 2.988699ms
2025/04/19 10:46:58 [GET] ::1 /v1/component 200 6.063702ms
2025/04/19 10:46:59 [GET] ::1 /v1/admin/checkauth 200 3.946791ms
2025/04/19 10:46:59 [GET] ::1 /v1/admin/checkauth 200 3.038028ms
2025/04/19 10:47:00 [GET] ::1 /v1/checkstatus 200 60.524µs
2025/04/19 10:47:00 [GET] ::1 /v1/config/key/layout 200 1.59852ms
2025/04/19 10:47:02 [GET] ::1 /v1/admin/checkauth 200 4.015337ms
2025/04/19 10:47:03 [GET] ::1 /v1/admin/checkauth 200 4.87753ms
2025/04/19 10:47:03 [GET] ::1 /v1/admin/checkauth 200 2.879939ms
2025/04/19 10:47:04 [GET] ::1 /v1/config 200 3.426706ms
2025/04/19 10:47:04 [GET] ::1 /v1/admin/checkauth 200 2.873479ms
2025/04/19 10:47:04 [GET] ::1 /v1/admin/checkauth 200 4.757473ms
2025/04/19 10:47:05 [GET] ::1 /v1/admin/checkauth 200 1.884119ms
2025/04/19 10:47:05 [GET] ::1 /v1/component 200 1.819862ms
2025/04/19 10:47:25 [GET] ::1 /v1/admin/checkauth 200 3.421184ms
2025/04/19 10:47:26 [GET] ::1 /v1/admin/checkauth 200 3.047802ms
2025/04/19 10:47:26 [GET] ::1 /v1/checkstatus 200 14.526µs
2025/04/19 10:47:26 [GET] ::1 /v1/config/key/layout 200 1.696349ms
2025/04/19 10:47:28 [GET] ::1 /v1/admin/checkauth 200 3.757707ms
2025/04/19 10:47:29 [GET] ::1 /v1/admin/checkauth 200 4.492962ms
2025/04/19 10:47:29 [GET] ::1 /v1/admin/checkauth 200 2.754704ms
2025/04/19 10:47:29 [GET] ::1 /v1/config 200 5.262518ms
2025/04/19 10:47:30 [GET] ::1 /v1/admin/checkauth 200 9.669636ms
2025/04/19 10:47:30 [GET] ::1 /v1/admin/checkauth 200 3.419531ms
2025/04/19 10:47:31 [GET] ::1 /v1/admin/checkauth 200 5.612359ms
2025/04/19 10:47:31 [GET] ::1 /v1/component 200 1.619118ms
2025/04/19 10:47:38 [GET] ::1 /v1/admin/checkauth 200 3.474556ms
2025/04/19 10:47:38 [GET] ::1 /v1/admin/checkauth 200 3.753917ms
2025/04/19 10:47:39 [GET] ::1 /v1/checkstatus 200 17.759µs
2025/04/19 10:47:39 [GET] ::1 /v1/config/key/layout 200 1.448911ms
2025/04/19 10:47:42 [GET] ::1 /v1/admin/checkauth 200 2.947412ms
2025/04/19 10:47:43 [GET] ::1 /v1/admin/checkauth 200 2.851545ms
2025/04/19 10:47:43 [GET] ::1 /v1/admin/checkauth 200 2.48721ms
2025/04/19 10:47:43 [GET] ::1 /v1/config 200 2.816208ms
2025/04/19 10:47:43 [GET] ::1 /v1/admin/checkauth 200 3.442131ms
2025/04/19 10:47:44 [GET] ::1 /v1/admin/checkauth 200 6.168407ms
2025/04/19 10:47:44 [GET] ::1 /v1/admin/checkauth 200 3.974979ms
2025/04/19 10:47:44 [GET] ::1 /v1/component 200 2.293655ms
2025/04/19 10:48:06 [GET] ::1 /v1/admin/checkauth 200 10.836763ms
2025/04/19 10:48:06 [GET] ::1 /v1/admin/checkauth 200 4.653076ms
2025/04/19 10:48:07 [GET] ::1 /v1/checkstatus 200 19.062µs
2025/04/19 10:48:07 [GET] ::1 /v1/config/key/layout 200 3.517065ms
2025/04/19 10:48:09 [GET] ::1 /v1/admin/checkauth 200 4.222845ms
2025/04/19 10:48:10 [GET] ::1 /v1/admin/checkauth 200 2.977248ms
2025/04/19 10:48:10 [GET] ::1 /v1/admin/checkauth 200 4.137706ms
2025/04/19 10:48:11 [GET] ::1 /v1/config 200 2.893591ms
2025/04/19 10:48:11 [GET] ::1 /v1/admin/checkauth 200 6.917775ms
2025/04/19 10:48:12 [GET] ::1 /v1/admin/checkauth 200 3.302131ms
2025/04/19 10:48:12 [GET] ::1 /v1/admin/checkauth 200 3.330297ms
2025/04/19 10:48:12 [GET] ::1 /v1/component 200 3.820322ms
2025/04/19 10:48:29 [GET] ::1 /v1/admin/checkauth 200 2.664739ms
2025/04/19 10:48:29 [GET] ::1 /v1/admin/checkauth 200 3.079117ms
2025/04/19 10:48:30 [GET] ::1 /v1/checkstatus 200 17.723µs
2025/04/19 10:48:30 [GET] ::1 /v1/config/key/layout 200 2.049792ms
2025/04/19 10:48:32 [GET] ::1 /v1/admin/checkauth 200 3.038313ms
2025/04/19 10:48:33 [GET] ::1 /v1/admin/checkauth 200 5.012453ms
2025/04/19 10:48:33 [GET] ::1 /v1/admin/checkauth 200 3.302459ms
2025/04/19 10:48:34 [GET] ::1 /v1/config 200 4.612709ms
2025/04/19 10:48:34 [GET] ::1 /v1/admin/checkauth 200 3.400685ms
2025/04/19 10:48:34 [GET] ::1 /v1/admin/checkauth 200 5.312803ms
2025/04/19 10:48:35 [GET] ::1 /v1/admin/checkauth 200 2.133571ms
2025/04/19 10:48:35 [GET] ::1 /v1/admin/checkauth 200 5.279923ms
2025/04/19 10:48:35 [GET] ::1 /v1/admin/checkauth 200 5.905521ms
2025/04/19 10:48:36 [GET] ::1 /v1/component 200 1.855335ms
2025/04/19 10:48:36 [GET] ::1 /v1/checkstatus 200 16.229µs
2025/04/19 10:48:36 [GET] ::1 /v1/config/key/layout 200 1.883017ms
2025/04/19 10:48:38 [GET] ::1 /v1/admin/checkauth 200 2.248119ms
2025/04/19 10:48:39 [GET] ::1 /v1/admin/checkauth 200 2.096682ms
2025/04/19 10:48:39 [GET] ::1 /v1/admin/checkauth 200 4.05028ms
2025/04/19 10:48:39 [GET] ::1 /v1/config 200 2.712148ms
2025/04/19 10:48:40 [GET] ::1 /v1/admin/checkauth 200 6.686531ms
2025/04/19 10:48:40 [GET] ::1 /v1/admin/checkauth 200 5.518283ms
2025/04/19 10:48:41 [GET] ::1 /v1/admin/checkauth 200 4.920904ms
2025/04/19 10:48:41 [GET] ::1 /v1/component 200 9.003185ms
2025/04/19 10:49:24 [GET] ::1 /v1/admin/checkauth 200 17.765012ms
2025/04/19 10:49:24 [GET] ::1 /v1/admin/checkauth 200 13.020068ms
2025/04/19 10:49:25 [GET] ::1 /v1/checkstatus 200 16.512µs
2025/04/19 10:49:25 [GET] ::1 /v1/config/key/layout 200 3.999851ms
2025/04/19 10:49:27 [GET] ::1 /v1/admin/checkauth 200 2.887578ms
2025/04/19 10:49:28 [GET] ::1 /v1/admin/checkauth 200 3.037353ms
2025/04/19 10:49:28 [GET] ::1 /v1/admin/checkauth 200 3.108481ms
2025/04/19 10:49:28 [GET] ::1 /v1/config 200 4.955246ms
2025/04/19 10:49:29 [GET] ::1 /v1/admin/checkauth 200 2.750558ms
2025/04/19 10:49:29 [GET] ::1 /v1/admin/checkauth 200 2.90385ms
2025/04/19 10:49:30 [GET] ::1 /v1/admin/checkauth 200 2.618651ms
2025/04/19 10:49:30 [GET] ::1 /v1/component 200 4.326872ms
2025/04/19 10:49:36 [GET] ::1 /v1/admin/checkauth 200 3.186088ms
2025/04/19 10:49:36 [GET] ::1 /v1/admin/checkauth 200 3.446426ms
2025/04/19 10:49:36 [GET] ::1 /v1/checkstatus 200 16.018µs
2025/04/19 10:49:37 [GET] ::1 /v1/config/key/layout 200 1.626229ms
2025/04/19 10:49:40 [GET] ::1 /v1/admin/checkauth 200 3.023882ms
2025/04/19 10:49:41 [GET] ::1 /v1/admin/checkauth 200 4.211787ms
2025/04/19 10:49:41 [GET] ::1 /v1/admin/checkauth 200 2.650882ms
2025/04/19 10:49:42 [GET] ::1 /v1/config 200 5.247799ms
2025/04/19 10:49:42 [GET] ::1 /v1/admin/checkauth 200 6.259171ms
2025/04/19 10:49:43 [GET] ::1 /v1/admin/checkauth 200 2.947293ms
2025/04/19 10:49:43 [GET] ::1 /v1/admin/checkauth 200 3.812993ms
2025/04/19 10:49:43 [GET] ::1 /v1/component 200 1.391884ms
2025/04/19 10:49:50 [GET] ::1 /v1/admin/checkauth 200 4.969292ms
2025/04/19 10:49:50 [GET] ::1 /v1/admin/checkauth 200 2.831176ms
2025/04/19 10:49:50 [GET] ::1 /v1/checkstatus 200 15.053µs
2025/04/19 10:49:50 [GET] ::1 /v1/config/key/layout 200 4.727012ms
2025/04/19 10:49:52 [GET] ::1 /v1/admin/checkauth 200 2.939048ms
2025/04/19 10:49:53 [GET] ::1 /v1/admin/checkauth 200 3.681609ms
2025/04/19 10:49:53 [GET] ::1 /v1/admin/checkauth 200 2.563354ms
2025/04/19 10:49:54 [GET] ::1 /v1/config 200 3.177659ms
2025/04/19 10:49:54 [GET] ::1 /v1/admin/checkauth 200 4.535794ms
2025/04/19 10:49:55 [GET] ::1 /v1/admin/checkauth 200 2.946032ms
2025/04/19 10:49:55 [GET] ::1 /v1/admin/checkauth 200 5.868175ms
2025/04/19 10:49:55 [GET] ::1 /v1/component 200 5.023133ms
2025/04/19 10:50:36 [GET] ::1 /v1/admin/checkauth 200 10.12323ms
2025/04/19 10:50:36 [GET] ::1 /v1/admin/checkauth 200 8.654011ms
2025/04/19 10:50:36 [GET] ::1 /v1/checkstatus 200 17.858µs
2025/04/19 10:50:36 [GET] ::1 /v1/config/key/layout 200 4.979052ms
2025/04/19 10:50:39 [GET] ::1 /v1/admin/checkauth 200 17.11223ms
2025/04/19 10:50:40 [GET] ::1 /v1/admin/checkauth 200 4.068024ms
2025/04/19 10:50:40 [GET] ::1 /v1/admin/checkauth 200 2.63172ms
2025/04/19 10:50:40 [GET] ::1 /v1/config 200 4.986484ms
2025/04/19 10:50:40 [GET] ::1 /v1/admin/checkauth 200 3.492733ms
2025/04/19 10:50:41 [GET] ::1 /v1/admin/checkauth 200 2.43774ms
2025/04/19 10:50:41 [GET] ::1 /v1/admin/checkauth 200 4.024043ms
2025/04/19 10:50:42 [GET] ::1 /v1/component 200 5.03738ms
2025/04/19 10:50:56 [GET] ::1 /v1/admin/checkauth 200 3.218367ms
2025/04/19 10:50:56 [GET] ::1 /v1/admin/checkauth 200 5.151501ms
2025/04/19 10:50:56 [GET] ::1 /v1/checkstatus 200 16.127µs
2025/04/19 10:50:57 [GET] ::1 /v1/config/key/layout 200 1.535991ms
2025/04/19 10:51:00 [GET] ::1 /v1/admin/checkauth 200 3.426644ms
2025/04/19 10:51:01 [GET] ::1 /v1/admin/checkauth 200 4.47053ms
2025/04/19 10:51:01 [GET] ::1 /v1/admin/checkauth 200 3.234227ms
2025/04/19 10:51:01 [GET] ::1 /v1/config 200 3.131055ms
2025/04/19 10:51:02 [GET] ::1 /v1/admin/checkauth 200 12.074797ms
2025/04/19 10:51:02 [GET] ::1 /v1/admin/checkauth 200 4.023227ms
2025/04/19 10:51:03 [GET] ::1 /v1/admin/checkauth 200 3.547568ms
2025/04/19 10:51:03 [GET] ::1 /v1/component 200 1.746108ms
2025/04/19 10:51:08 [GET] ::1 /v1/admin/checkauth 200 3.874997ms
2025/04/19 10:51:08 [GET] ::1 /v1/admin/checkauth 200 3.348381ms
2025/04/19 10:51:09 [GET] ::1 /v1/checkstatus 200 27.552µs
2025/04/19 10:51:09 [GET] ::1 /v1/config/key/layout 200 1.726031ms
2025/04/19 10:51:11 [GET] ::1 /v1/admin/checkauth 200 3.684355ms
2025/04/19 10:51:13 [GET] ::1 /v1/admin/checkauth 200 3.671291ms
2025/04/19 10:51:13 [GET] ::1 /v1/admin/checkauth 200 3.768382ms
2025/04/19 10:51:13 [GET] ::1 /v1/config 200 3.251739ms
2025/04/19 10:51:14 [GET] ::1 /v1/admin/checkauth 200 3.764486ms
2025/04/19 10:51:14 [GET] ::1 /v1/admin/checkauth 200 2.832498ms
2025/04/19 10:51:15 [GET] ::1 /v1/admin/checkauth 200 2.269214ms
2025/04/19 10:51:15 [GET] ::1 /v1/component 200 1.931828ms
2025/04/19 10:51:47 [GET] ::1 /v1/admin/checkauth 200 10.43409ms
2025/04/19 10:51:47 [GET] ::1 /v1/admin/checkauth 200 10.989907ms
2025/04/19 10:51:47 [GET] ::1 /v1/checkstatus 200 15.388µs
2025/04/19 10:51:48 [GET] ::1 /v1/config/key/layout 200 4.097698ms
2025/04/19 10:51:50 [GET] ::1 /v1/admin/checkauth 200 2.993067ms
2025/04/19 10:51:51 [GET] ::1 /v1/admin/checkauth 200 2.893144ms
2025/04/19 10:51:52 [GET] ::1 /v1/admin/checkauth 200 5.714638ms
2025/04/19 10:51:52 [GET] ::1 /v1/config 200 2.781525ms
2025/04/19 10:51:52 [GET] ::1 /v1/admin/checkauth 200 3.19662ms
2025/04/19 10:51:53 [GET] ::1 /v1/admin/checkauth 200 2.935642ms
2025/04/19 10:51:54 [GET] ::1 /v1/admin/checkauth 200 4.543166ms
2025/04/19 10:51:54 [GET] ::1 /v1/component 200 10.667737ms
2025/04/19 10:52:37 [GET] ::1 /v1/admin/checkauth 200 3.435081ms
2025/04/19 10:52:37 [GET] ::1 /v1/admin/checkauth 200 3.392706ms
2025/04/19 10:52:37 [GET] ::1 /v1/checkstatus 200 33.901µs
2025/04/19 10:52:37 [GET] ::1 /v1/config/key/layout 200 1.722825ms
2025/04/19 10:52:40 [GET] ::1 /v1/admin/checkauth 200 3.527465ms
2025/04/19 10:52:42 [GET] ::1 /v1/admin/checkauth 200 2.620495ms
2025/04/19 10:52:42 [GET] ::1 /v1/admin/checkauth 200 4.663802ms
2025/04/19 10:52:43 [GET] ::1 /v1/config 200 9.076159ms
2025/04/19 10:52:43 [GET] ::1 /v1/admin/checkauth 200 4.520515ms
2025/04/19 10:52:44 [GET] ::1 /v1/admin/checkauth 200 10.971064ms
2025/04/19 10:52:44 [GET] ::1 /v1/admin/checkauth 200 2.73247ms
2025/04/19 10:52:45 [GET] ::1 /v1/component 200 2.169824ms
2025/04/19 10:53:00 [GET] ::1 /v1/admin/checkauth 200 14.079861ms
2025/04/19 10:53:00 [GET] ::1 /v1/admin/checkauth 200 4.177751ms
2025/04/19 10:53:00 [GET] ::1 /v1/checkstatus 200 39.886µs
2025/04/19 10:53:00 [GET] ::1 /v1/config/key/layout 200 1.889182ms
2025/04/19 10:53:03 [GET] ::1 /v1/admin/checkauth 200 5.217357ms
2025/04/19 10:53:04 [GET] ::1 /v1/admin/checkauth 200 3.198661ms
2025/04/19 10:53:04 [GET] ::1 /v1/admin/checkauth 200 3.263025ms
2025/04/19 10:53:04 [GET] ::1 /v1/config 200 3.508908ms
2025/04/19 10:53:04 [GET] ::1 /v1/admin/checkauth 200 2.877018ms
2025/04/19 10:53:05 [GET] ::1 /v1/admin/checkauth 200 2.960814ms
2025/04/19 10:53:06 [GET] ::1 /v1/admin/checkauth 200 2.872459ms
2025/04/19 10:53:06 [GET] ::1 /v1/component 200 5.370215ms
2025/04/19 10:53:38 [GET] ::1 /v1/admin/checkauth 200 2.887844ms
2025/04/19 10:53:38 [GET] ::1 /v1/admin/checkauth 200 2.3504ms
2025/04/19 10:53:39 [GET] ::1 /v1/checkstatus 200 17.003µs
2025/04/19 10:53:39 [GET] ::1 /v1/config/key/layout 200 3.123285ms
2025/04/19 10:53:42 [GET] ::1 /v1/admin/checkauth 200 4.983426ms
2025/04/19 10:53:43 [GET] ::1 /v1/admin/checkauth 200 5.066495ms
2025/04/19 10:53:43 [GET] ::1 /v1/admin/checkauth 200 2.73276ms
2025/04/19 10:53:44 [GET] ::1 /v1/config 200 3.498113ms
2025/04/19 10:53:44 [GET] ::1 /v1/admin/checkauth 200 4.555216ms
2025/04/19 10:53:44 [GET] ::1 /v1/admin/checkauth 200 2.498381ms
2025/04/19 10:53:45 [GET] ::1 /v1/admin/checkauth 200 1.656403ms
2025/04/19 10:53:45 [GET] ::1 /v1/component 200 1.908319ms
2025/04/19 10:53:55 [GET] ::1 /v1/admin/checkauth 200 2.760669ms
2025/04/19 10:53:55 [GET] ::1 /v1/admin/checkauth 200 5.344376ms
2025/04/19 10:53:56 [GET] ::1 /v1/checkstatus 200 15.851µs
2025/04/19 10:53:56 [GET] ::1 /v1/config/key/layout 200 1.508023ms
2025/04/19 10:53:58 [GET] ::1 /v1/admin/checkauth 200 2.908252ms
2025/04/19 10:54:00 [GET] ::1 /v1/admin/checkauth 200 4.459253ms
2025/04/19 10:54:00 [GET] ::1 /v1/admin/checkauth 200 2.714983ms
2025/04/19 10:54:00 [GET] ::1 /v1/config 200 8.651948ms
2025/04/19 10:54:00 [GET] ::1 /v1/admin/checkauth 200 3.613378ms
2025/04/19 10:54:01 [GET] ::1 /v1/admin/checkauth 200 3.428306ms
2025/04/19 10:54:01 [GET] ::1 /v1/admin/checkauth 200 2.737635ms
2025/04/19 10:54:01 [GET] ::1 /v1/component 200 5.778482ms
2025/04/19 10:54:29 [GET] ::1 /v1/admin/checkauth 200 2.480364ms
2025/04/19 10:54:29 [GET] ::1 /v1/admin/checkauth 200 7.707065ms
2025/04/19 10:54:30 [GET] ::1 /v1/checkstatus 200 31.107µs
2025/04/19 10:54:30 [GET] ::1 /v1/config/key/layout 200 1.65838ms
2025/04/19 10:54:34 [GET] ::1 /v1/admin/checkauth 200 4.18715ms
2025/04/19 10:54:36 [GET] ::1 /v1/admin/checkauth 200 3.491546ms
2025/04/19 10:54:36 [GET] ::1 /v1/admin/checkauth 200 8.068014ms
2025/04/19 10:54:36 [GET] ::1 /v1/config 200 3.335802ms
2025/04/19 10:54:36 [GET] ::1 /v1/admin/checkauth 200 2.050803ms
2025/04/19 10:54:37 [GET] ::1 /v1/admin/checkauth 200 3.021014ms
2025/04/19 10:54:38 [GET] ::1 /v1/admin/checkauth 200 3.530621ms
2025/04/19 10:54:38 [GET] ::1 /v1/component 200 1.992662ms
2025/04/19 10:55:02 [GET] ::1 /v1/admin/checkauth 200 10.807764ms
2025/04/19 10:55:02 [GET] ::1 /v1/admin/checkauth 200 11.389371ms
2025/04/19 10:55:02 [GET] ::1 /v1/checkstatus 200 17.152µs
2025/04/19 10:55:02 [GET] ::1 /v1/config/key/layout 200 3.613046ms
2025/04/19 10:55:05 [GET] ::1 /v1/admin/checkauth 200 2.684151ms
2025/04/19 10:55:08 [GET] ::1 /v1/admin/checkauth 200 3.624028ms
2025/04/19 10:55:08 [GET] ::1 /v1/admin/checkauth 200 3.354407ms
2025/04/19 10:55:08 [GET] ::1 /v1/config 200 2.610667ms
2025/04/19 10:55:09 [GET] ::1 /v1/admin/checkauth 200 6.204926ms
2025/04/19 10:55:09 [GET] ::1 /v1/admin/checkauth 200 2.695854ms
2025/04/19 10:55:10 [GET] ::1 /v1/admin/checkauth 200 2.706466ms
2025/04/19 10:55:10 [GET] ::1 /v1/component 200 3.109763ms
2025/04/19 10:55:24 [GET] ::1 /v1/admin/checkauth 200 11.29629ms
2025/04/19 10:55:24 [GET] ::1 /v1/admin/checkauth 200 15.927919ms
2025/04/19 10:55:25 [GET] ::1 /v1/checkstatus 200 19.357µs
2025/04/19 10:55:25 [GET] ::1 /v1/config/key/layout 200 2.978475ms
2025/04/19 10:55:29 [GET] ::1 /v1/admin/checkauth 200 6.295823ms
2025/04/19 10:55:31 [GET] ::1 /v1/admin/checkauth 200 5.32043ms
2025/04/19 10:55:31 [GET] ::1 /v1/admin/checkauth 200 5.00067ms
2025/04/19 10:55:32 [GET] ::1 /v1/config 200 4.052894ms
2025/04/19 10:55:32 [GET] ::1 /v1/admin/checkauth 200 4.256726ms
2025/04/19 10:55:32 [GET] ::1 /v1/admin/checkauth 200 3.579117ms
2025/04/19 10:55:33 [GET] ::1 /v1/admin/checkauth 200 1.792829ms
2025/04/19 10:55:33 [GET] ::1 /v1/component 200 1.782207ms
2025/04/19 10:56:05 [GET] ::1 /v1/admin/checkauth 200 11.343997ms
2025/04/19 10:56:05 [GET] ::1 /v1/admin/checkauth 200 7.974592ms
2025/04/19 10:56:06 [GET] ::1 /v1/checkstatus 200 17.472µs
2025/04/19 10:56:06 [GET] ::1 /v1/config/key/layout 200 4.167941ms
2025/04/19 10:56:09 [GET] ::1 /v1/admin/checkauth 200 5.119435ms
2025/04/19 10:56:11 [GET] ::1 /v1/admin/checkauth 200 3.047566ms
2025/04/19 10:56:12 [GET] ::1 /v1/admin/checkauth 200 2.308233ms
2025/04/19 10:56:12 [GET] ::1 /v1/config 200 3.122481ms
2025/04/19 10:56:12 [GET] ::1 /v1/admin/checkauth 200 2.729628ms
2025/04/19 10:56:13 [GET] ::1 /v1/admin/checkauth 200 1.696697ms
2025/04/19 10:56:13 [GET] ::1 /v1/admin/checkauth 200 4.178741ms
2025/04/19 10:56:14 [GET] ::1 /v1/component 200 2.309126ms
2025/04/19 10:56:26 [GET] ::1 /v1/admin/checkauth 200 4.935813ms
2025/04/19 10:56:26 [GET] ::1 /v1/admin/checkauth 200 4.33066ms
2025/04/19 10:56:27 [GET] ::1 /v1/checkstatus 200 40.378µs
2025/04/19 10:56:27 [GET] ::1 /v1/config/key/layout 200 3.642071ms
2025/04/19 10:56:30 [GET] ::1 /v1/admin/checkauth 200 3.892653ms
2025/04/19 10:56:33 [GET] ::1 /v1/admin/checkauth 200 3.299625ms
2025/04/19 10:56:33 [GET] ::1 /v1/admin/checkauth 200 2.473507ms
2025/04/19 10:56:34 [GET] ::1 /v1/admin/checkauth 200 4.258181ms
2025/04/19 10:56:34 [GET] ::1 /v1/admin/checkauth 200 4.131049ms
2025/04/19 10:56:34 [GET] ::1 /v1/checkstatus 200 15.263µs
2025/04/19 10:56:34 [GET] ::1 /v1/config/key/layout 200 3.834077ms
2025/04/19 10:56:35 [GET] ::1 /v1/admin/checkauth 200 5.689425ms
2025/04/19 10:56:39 [GET] ::1 /v1/admin/checkauth 200 53.098533ms
2025/04/19 10:56:40 [GET] ::1 /v1/admin/checkauth 200 7.702794ms
2025/04/19 10:56:40 [GET] ::1 /v1/admin/checkauth 200 2.870645ms
2025/04/19 10:56:41 [GET] ::1 /v1/config 200 3.928844ms
2025/04/19 10:56:41 [GET] ::1 /v1/admin/checkauth 200 3.60491ms
2025/04/19 10:56:42 [GET] ::1 /v1/admin/checkauth 200 3.659543ms
2025/04/19 10:56:43 [GET] ::1 /v1/admin/checkauth 200 4.156587ms
2025/04/19 10:56:44 [GET] ::1 /v1/component 200 2.522576ms
2025/04/19 10:56:50 [GET] ::1 /v1/admin/checkauth 200 5.893394ms
2025/04/19 10:56:50 [GET] ::1 /v1/admin/checkauth 200 13.19541ms
2025/04/19 10:56:51 [GET] ::1 /v1/checkstatus 200 678.656µs
2025/04/19 10:56:51 [GET] ::1 /v1/config/key/layout 200 9.217471ms
2025/04/19 10:56:54 [GET] ::1 /v1/admin/checkauth 200 4.028487ms
2025/04/19 10:56:55 [GET] ::1 /v1/admin/checkauth 200 3.467162ms
2025/04/19 10:56:55 [GET] ::1 /v1/admin/checkauth 200 3.547007ms
2025/04/19 10:56:56 [GET] ::1 /v1/config 200 12.987908ms
2025/04/19 10:56:56 [GET] ::1 /v1/admin/checkauth 200 4.984152ms
2025/04/19 10:56:57 [GET] ::1 /v1/admin/checkauth 200 4.238153ms
2025/04/19 10:56:58 [GET] ::1 /v1/admin/checkauth 200 2.635903ms
2025/04/19 10:56:58 [GET] ::1 /v1/component 200 6.30255ms
2025/04/19 10:57:08 [GET] ::1 /v1/admin/checkauth 200 90.918469ms
2025/04/19 10:57:08 [GET] ::1 /v1/admin/checkauth 200 100.146611ms
2025/04/19 10:57:08 [GET] ::1 /v1/checkstatus 200 245.172µs
2025/04/19 10:57:09 [GET] ::1 /v1/config/key/layout 200 4.593291ms
2025/04/19 10:57:14 [GET] ::1 /v1/admin/checkauth 200 5.314952ms
2025/04/19 10:57:15 [GET] ::1 /v1/admin/checkauth 200 3.185037ms
2025/04/19 10:57:16 [GET] ::1 /v1/admin/checkauth 200 2.524683ms
2025/04/19 10:57:16 [GET] ::1 /v1/config 200 10.015542ms
2025/04/19 10:57:16 [GET] ::1 /v1/admin/checkauth 200 11.796538ms
2025/04/19 10:57:17 [GET] ::1 /v1/admin/checkauth 200 3.376291ms
2025/04/19 10:57:17 [GET] ::1 /v1/admin/checkauth 200 3.91262ms
2025/04/19 10:57:18 [GET] ::1 /v1/component 200 4.729278ms
2025/04/19 10:59:06 [GET] ::1 /v1/admin/checkauth 200 31.26874ms
2025/04/19 10:59:06 [GET] ::1 /v1/admin/checkauth 200 22.87352ms
2025/04/19 10:59:06 [GET] ::1 /v1/checkstatus 200 23.449µs
2025/04/19 10:59:07 [GET] ::1 /v1/config/key/layout 200 3.066025ms
2025/04/19 10:59:10 [GET] ::1 /v1/admin/checkauth 200 4.313318ms
2025/04/19 10:59:13 [GET] ::1 /v1/admin/checkauth 200 3.513077ms
2025/04/19 10:59:13 [GET] ::1 /v1/admin/checkauth 200 3.504773ms
2025/04/19 10:59:15 [GET] ::1 /v1/config 200 3.497304ms
2025/04/19 10:59:15 [GET] ::1 /v1/admin/checkauth 200 5.1553ms
2025/04/19 10:59:16 [GET] ::1 /v1/admin/checkauth 200 4.163745ms
2025/04/19 10:59:16 [GET] ::1 /v1/admin/checkauth 200 13.869812ms
2025/04/19 10:59:17 [GET] ::1 /v1/component 200 5.176034ms
2025/04/19 10:59:18 [GET] ::1 /v1/admin/checkauth 200 2.660334ms
2025/04/19 10:59:18 [GET] ::1 /v1/admin/checkauth 200 3.964171ms
2025/04/19 10:59:18 [GET] ::1 /v1/checkstatus 200 15.185µs
2025/04/19 10:59:18 [GET] ::1 /v1/config/key/layout 200 3.071431ms
2025/04/19 10:59:21 [GET] ::1 /v1/admin/checkauth 200 5.941104ms
2025/04/19 10:59:23 [GET] ::1 /v1/admin/checkauth 200 2.572684ms
2025/04/19 10:59:23 [GET] ::1 /v1/admin/checkauth 200 3.536176ms
2025/04/19 10:59:23 [GET] ::1 /v1/config 200 7.313389ms
2025/04/19 10:59:24 [GET] ::1 /v1/admin/checkauth 200 4.193011ms
2025/04/19 10:59:24 [GET] ::1 /v1/admin/checkauth 200 3.54045ms
2025/04/19 10:59:25 [GET] ::1 /v1/admin/checkauth 200 3.305281ms
2025/04/19 10:59:25 [GET] ::1 /v1/component 200 4.710402ms
2025/04/19 10:59:33 [GET] ::1 /v1/admin/checkauth 200 4.631684ms
2025/04/19 10:59:33 [GET] ::1 /v1/admin/checkauth 200 5.522938ms
2025/04/19 10:59:34 [GET] ::1 /v1/checkstatus 200 25.744µs
2025/04/19 10:59:34 [GET] ::1 /v1/config/key/layout 200 4.738092ms
2025/04/19 10:59:38 [GET] ::1 /v1/admin/checkauth 200 11.975748ms
2025/04/19 10:59:40 [GET] ::1 /v1/admin/checkauth 200 3.137298ms
2025/04/19 10:59:40 [GET] ::1 /v1/admin/checkauth 200 4.771204ms
2025/04/19 10:59:41 [GET] ::1 /v1/config 200 8.945897ms
2025/04/19 10:59:41 [GET] ::1 /v1/admin/checkauth 200 4.356876ms
2025/04/19 10:59:42 [GET] ::1 /v1/admin/checkauth 200 2.094556ms
2025/04/19 10:59:42 [GET] ::1 /v1/admin/checkauth 200 5.773808ms
2025/04/19 10:59:43 [GET] ::1 /v1/component 200 3.378401ms
2025/04/19 11:00:21 [GET] ::1 /v1/admin/checkauth 200 17.243813ms
2025/04/19 11:00:21 [GET] ::1 /v1/admin/checkauth 200 3.137611ms
2025/04/19 11:00:22 [GET] ::1 /v1/checkstatus 200 15.859µs
2025/04/19 11:00:22 [GET] ::1 /v1/config/key/layout 200 2.433174ms
2025/04/19 11:00:25 [GET] ::1 /v1/admin/checkauth 200 3.767184ms
2025/04/19 11:00:27 [GET] ::1 /v1/admin/checkauth 200 3.085223ms
2025/04/19 11:00:27 [GET] ::1 /v1/admin/checkauth 200 2.597321ms
2025/04/19 11:00:28 [GET] ::1 /v1/config 200 5.199998ms
2025/04/19 11:00:29 [GET] ::1 /v1/admin/checkauth 200 3.047914ms
2025/04/19 11:00:30 [GET] ::1 /v1/admin/checkauth 200 3.312419ms
2025/04/19 11:00:30 [GET] ::1 /v1/admin/checkauth 200 5.098896ms
2025/04/19 11:00:31 [GET] ::1 /v1/component 200 16.504202ms
2025/04/19 11:00:44 [GET] ::1 /v1/admin/checkauth 200 3.481032ms
2025/04/19 11:00:44 [GET] ::1 /v1/admin/checkauth 200 2.549377ms
2025/04/19 11:00:45 [GET] ::1 /v1/checkstatus 200 24.496µs
2025/04/19 11:00:45 [GET] ::1 /v1/config/key/layout 200 1.489825ms
2025/04/19 11:00:48 [GET] ::1 /v1/admin/checkauth 200 5.073644ms
2025/04/19 11:00:49 [GET] ::1 /v1/admin/checkauth 200 3.395457ms
2025/04/19 11:00:49 [GET] ::1 /v1/admin/checkauth 200 2.931471ms
2025/04/19 11:00:50 [GET] ::1 /v1/config 200 2.09376ms
2025/04/19 11:00:50 [GET] ::1 /v1/admin/checkauth 200 5.519449ms
2025/04/19 11:00:51 [GET] ::1 /v1/admin/checkauth 200 3.073955ms
2025/04/19 11:00:51 [GET] ::1 /v1/admin/checkauth 200 2.19815ms
2025/04/19 11:00:52 [GET] ::1 /v1/component 200 2.706967ms
2025/04/19 11:01:15 [GET] ::1 /v1/admin/checkauth 200 3.723269ms
2025/04/19 11:01:15 [GET] ::1 /v1/admin/checkauth 200 4.509414ms
2025/04/19 11:01:16 [GET] ::1 /v1/checkstatus 200 22.381µs
2025/04/19 11:01:16 [GET] ::1 /v1/config/key/layout 200 3.282287ms
2025/04/19 11:01:20 [GET] ::1 /v1/admin/checkauth 200 2.841069ms
2025/04/19 11:01:21 [GET] ::1 /v1/admin/checkauth 200 11.129642ms
2025/04/19 11:01:21 [GET] ::1 /v1/admin/checkauth 200 3.76452ms
2025/04/19 11:01:22 [GET] ::1 /v1/config 200 3.510451ms
2025/04/19 11:01:22 [GET] ::1 /v1/admin/checkauth 200 6.585222ms
2025/04/19 11:01:23 [GET] ::1 /v1/admin/checkauth 200 3.66125ms
2025/04/19 11:01:24 [GET] ::1 /v1/admin/checkauth 200 3.890727ms
2025/04/19 11:01:25 [GET] ::1 /v1/component 200 3.926713ms
2025/04/19 11:02:17 [GET] ::1 /v1/admin/checkauth 200 75.859989ms
2025/04/19 11:02:17 [GET] ::1 /v1/admin/checkauth 200 80.960258ms
2025/04/19 11:02:18 [GET] ::1 /v1/checkstatus 200 14.435µs
2025/04/19 11:02:18 [GET] ::1 /v1/config/key/layout 200 5.181976ms
2025/04/19 11:02:22 [GET] ::1 /v1/admin/checkauth 200 7.185648ms
2025/04/19 11:02:23 [GET] ::1 /v1/admin/checkauth 200 9.676319ms
2025/04/19 11:02:23 [GET] ::1 /v1/admin/checkauth 200 5.429131ms
2025/04/19 11:02:25 [GET] ::1 /v1/config 200 2.738559ms
2025/04/19 11:02:26 [GET] ::1 /v1/admin/checkauth 200 5.931647ms
2025/04/19 11:02:26 [GET] ::1 /v1/admin/checkauth 200 11.607709ms
2025/04/19 11:02:27 [GET] ::1 /v1/admin/checkauth 200 5.050814ms
2025/04/19 11:02:27 [GET] ::1 /v1/component 200 5.173648ms
2025/04/19 11:02:32 [GET] ::1 /v1/admin/checkauth 200 5.386849ms
2025/04/19 11:02:32 [GET] ::1 /v1/admin/checkauth 200 3.911376ms
2025/04/19 11:02:33 [GET] ::1 /v1/checkstatus 200 30.437µs
2025/04/19 11:02:33 [GET] ::1 /v1/config/key/layout 200 1.709494ms
2025/04/19 11:02:36 [GET] ::1 /v1/admin/checkauth 200 3.895113ms
2025/04/19 11:02:37 [GET] ::1 /v1/admin/checkauth 200 3.818569ms
2025/04/19 11:02:37 [GET] ::1 /v1/admin/checkauth 200 2.70638ms
2025/04/19 11:02:38 [GET] ::1 /v1/config 200 2.056393ms
2025/04/19 11:02:38 [GET] ::1 /v1/admin/checkauth 200 8.943909ms
2025/04/19 11:02:38 [GET] ::1 /v1/admin/checkauth 200 2.480506ms
2025/04/19 11:02:39 [GET] ::1 /v1/admin/checkauth 200 2.887174ms
2025/04/19 11:02:39 [GET] ::1 /v1/component 200 1.629413ms
2025/04/19 11:02:52 [GET] ::1 /v1/admin/checkauth 200 3.905708ms
2025/04/19 11:02:52 [GET] ::1 /v1/admin/checkauth 200 3.329728ms
2025/04/19 11:02:52 [GET] ::1 /v1/checkstatus 200 20.481µs
2025/04/19 11:02:53 [GET] ::1 /v1/config/key/layout 200 9.1346ms
2025/04/19 11:02:56 [GET] ::1 /v1/admin/checkauth 200 2.57355ms
2025/04/19 11:02:58 [GET] ::1 /v1/admin/checkauth 200 3.158744ms
2025/04/19 11:02:58 [GET] ::1 /v1/admin/checkauth 200 4.497615ms
2025/04/19 11:02:58 [GET] ::1 /v1/config 200 2.510593ms
2025/04/19 11:02:59 [GET] ::1 /v1/admin/checkauth 200 4.017015ms
2025/04/19 11:02:59 [GET] ::1 /v1/admin/checkauth 200 5.743798ms
2025/04/19 11:03:00 [GET] ::1 /v1/admin/checkauth 200 1.897539ms
2025/04/19 11:03:00 [GET] ::1 /v1/component 200 10.470083ms
2025/04/19 11:03:17 [GET] ::1 /v1/admin/checkauth 200 4.613135ms
2025/04/19 11:03:17 [GET] ::1 /v1/admin/checkauth 200 4.232024ms
2025/04/19 11:03:17 [GET] ::1 /v1/checkstatus 200 28.416µs
2025/04/19 11:03:17 [GET] ::1 /v1/config/key/layout 200 1.860869ms
2025/04/19 11:03:21 [GET] ::1 /v1/admin/checkauth 200 17.391891ms
2025/04/19 11:03:22 [GET] ::1 /v1/admin/checkauth 200 3.162202ms
2025/04/19 11:03:22 [GET] ::1 /v1/admin/checkauth 200 2.409876ms
2025/04/19 11:03:23 [GET] ::1 /v1/config 200 4.561106ms
2025/04/19 11:03:23 [GET] ::1 /v1/admin/checkauth 200 3.16816ms
2025/04/19 11:03:24 [GET] ::1 /v1/admin/checkauth 200 4.498924ms
2025/04/19 11:03:24 [GET] ::1 /v1/admin/checkauth 200 3.354906ms
2025/04/19 11:03:25 [GET] ::1 /v1/component 200 3.480929ms
2025/04/19 11:04:01 [GET] ::1 /v1/admin/checkauth 200 3.936042ms
2025/04/19 11:04:01 [GET] ::1 /v1/admin/checkauth 200 3.017033ms
2025/04/19 11:04:02 [GET] ::1 /v1/checkstatus 200 18.183µs
2025/04/19 11:04:02 [GET] ::1 /v1/config/key/layout 200 1.901949ms
2025/04/19 11:04:05 [GET] ::1 /v1/admin/checkauth 200 3.216696ms
2025/04/19 11:04:07 [GET] ::1 /v1/admin/checkauth 200 4.318753ms
2025/04/19 11:04:07 [GET] ::1 /v1/admin/checkauth 200 3.326797ms
2025/04/19 11:04:07 [GET] ::1 /v1/config 200 2.375374ms
2025/04/19 11:04:09 [GET] ::1 /v1/admin/checkauth 200 2.803126ms
2025/04/19 11:04:09 [GET] ::1 /v1/admin/checkauth 200 2.190984ms
2025/04/19 11:04:10 [GET] ::1 /v1/admin/checkauth 200 1.947886ms
2025/04/19 11:04:10 [GET] ::1 /v1/component 200 2.147588ms
2025/04/19 11:04:17 [POST] ::1 /v1/admin/token/refresh 200 89.386018ms
2025/04/19 11:04:17 [POST] ::1 /v1/admin/token/refresh 200 80.058991ms
2025/04/19 11:04:18 [GET] ::1 /v1/checkstatus 200 24.985µs
2025/04/19 11:04:18 [GET] ::1 /v1/config/key/layout 200 2.259805ms
2025/04/19 11:04:21 [GET] ::1 /v1/admin/checkauth 200 3.771386ms
2025/04/19 11:04:22 [GET] ::1 /v1/admin/checkauth 200 2.804151ms
2025/04/19 11:04:22 [GET] ::1 /v1/admin/checkauth 200 6.774155ms
2025/04/19 11:04:23 [GET] ::1 /v1/config 200 4.81931ms
2025/04/19 11:04:23 [GET] ::1 /v1/admin/checkauth 200 9.686843ms
2025/04/19 11:04:23 [GET] ::1 /v1/admin/checkauth 200 7.954767ms
2025/04/19 11:04:24 [GET] ::1 /v1/admin/checkauth 200 2.707086ms
2025/04/19 11:04:24 [GET] ::1 /v1/component 200 5.815306ms
2025/04/19 11:04:31 [GET] ::1 /v1/admin/checkauth 200 3.534019ms
2025/04/19 11:04:31 [GET] ::1 /v1/admin/checkauth 200 8.44381ms
2025/04/19 11:04:32 [GET] ::1 /v1/checkstatus 200 14.263µs
2025/04/19 11:04:32 [GET] ::1 /v1/config/key/layout 200 3.62975ms
2025/04/19 11:04:36 [GET] ::1 /v1/admin/checkauth 200 3.14489ms
2025/04/19 11:04:38 [GET] ::1 /v1/admin/checkauth 200 3.149977ms
2025/04/19 11:04:38 [GET] ::1 /v1/admin/checkauth 200 2.852248ms
2025/04/19 11:04:38 [GET] ::1 /v1/config 200 4.073985ms
2025/04/19 11:04:38 [GET] ::1 /v1/admin/checkauth 200 4.665475ms
2025/04/19 11:04:39 [GET] ::1 /v1/admin/checkauth 200 3.143434ms
2025/04/19 11:04:40 [GET] ::1 /v1/admin/checkauth 200 2.441038ms
2025/04/19 11:04:40 [GET] ::1 /v1/component 200 2.96969ms
2025/04/19 11:05:00 [GET] ::1 /v1/admin/checkauth 200 5.445327ms
2025/04/19 11:05:00 [GET] ::1 /v1/admin/checkauth 200 11.381164ms
2025/04/19 11:05:01 [GET] ::1 /v1/checkstatus 200 64.92µs
2025/04/19 11:05:01 [GET] ::1 /v1/config/key/layout 200 1.869647ms
2025/04/19 11:05:04 [GET] ::1 /v1/admin/checkauth 200 6.277115ms
2025/04/19 11:05:06 [GET] ::1 /v1/admin/checkauth 200 2.977621ms
2025/04/19 11:05:06 [GET] ::1 /v1/admin/checkauth 200 10.476261ms
2025/04/19 11:05:07 [GET] ::1 /v1/config 200 2.450179ms
2025/04/19 11:05:07 [GET] ::1 /v1/admin/checkauth 200 4.153667ms
2025/04/19 11:05:08 [GET] ::1 /v1/admin/checkauth 200 7.721825ms
2025/04/19 11:05:08 [GET] ::1 /v1/admin/checkauth 200 2.489912ms
2025/04/19 11:05:08 [GET] ::1 /v1/component 200 1.788672ms
2025/04/19 11:05:15 [GET] ::1 /v1/admin/checkauth 200 6.892142ms
2025/04/19 11:05:15 [GET] ::1 /v1/admin/checkauth 200 3.149277ms
2025/04/19 11:05:16 [GET] ::1 /v1/checkstatus 200 31.995µs
2025/04/19 11:05:16 [GET] ::1 /v1/config/key/layout 200 1.531694ms
2025/04/19 11:05:20 [GET] ::1 /v1/admin/checkauth 200 74.375333ms
2025/04/19 11:05:21 [GET] ::1 /v1/admin/checkauth 200 2.881105ms
2025/04/19 11:05:21 [GET] ::1 /v1/admin/checkauth 200 7.88867ms
2025/04/19 11:05:22 [GET] ::1 /v1/config 200 7.846485ms
2025/04/19 11:05:22 [GET] ::1 /v1/admin/checkauth 200 3.503391ms
2025/04/19 11:05:23 [GET] ::1 /v1/admin/checkauth 200 4.033818ms
2025/04/19 11:05:24 [GET] ::1 /v1/admin/checkauth 200 59.248411ms
2025/04/19 11:05:25 [GET] ::1 /v1/component 200 4.859854ms
2025/04/19 11:05:32 [GET] ::1 /v1/admin/checkauth 200 73.490481ms
2025/04/19 11:05:32 [GET] ::1 /v1/admin/checkauth 200 92.938494ms
2025/04/19 11:05:32 [GET] ::1 /v1/checkstatus 200 643.219µs
2025/04/19 11:05:33 [GET] ::1 /v1/config/key/layout 200 3.839565ms
2025/04/19 11:05:39 [GET] ::1 /v1/admin/checkauth 200 2.626698ms
2025/04/19 11:05:39 [GET] ::1 /v1/checkstatus 200 16.519µs
2025/04/19 11:05:39 [GET] ::1 /v1/config/key/layout 200 2.439115ms
2025/04/19 11:05:43 [GET] ::1 /v1/admin/checkauth 200 2.647611ms
2025/04/19 11:05:45 [GET] ::1 /v1/admin/checkauth 200 2.504062ms
2025/04/19 11:05:45 [GET] ::1 /v1/admin/checkauth 200 2.494489ms
2025/04/19 11:05:46 [GET] ::1 /v1/config 200 2.889142ms
2025/04/19 11:05:46 [GET] ::1 /v1/admin/checkauth 200 6.444397ms
2025/04/19 11:05:47 [GET] ::1 /v1/admin/checkauth 200 4.263763ms
2025/04/19 11:05:48 [GET] ::1 /v1/admin/checkauth 200 8.881468ms
2025/04/19 11:05:48 [GET] ::1 /v1/component 200 3.866443ms
2025/04/19 11:05:50 [GET] ::1 /v1/admin/checkauth 200 3.029233ms
2025/04/19 11:05:50 [GET] ::1 /v1/admin/checkauth 200 2.934809ms
2025/04/19 11:05:51 [GET] ::1 /v1/checkstatus 200 51.399µs
2025/04/19 11:05:51 [GET] ::1 /v1/config/key/layout 200 2.753194ms
2025/04/19 11:05:55 [GET] ::1 /v1/admin/checkauth 200 2.585475ms
2025/04/19 11:05:57 [GET] ::1 /v1/admin/checkauth 200 7.773424ms
2025/04/19 11:05:57 [GET] ::1 /v1/admin/checkauth 200 2.488151ms
2025/04/19 11:05:58 [GET] ::1 /v1/config 200 2.626437ms
2025/04/19 11:05:58 [GET] ::1 /v1/admin/checkauth 200 2.767338ms
2025/04/19 11:05:59 [GET] ::1 /v1/admin/checkauth 200 3.495538ms
2025/04/19 11:05:59 [GET] ::1 /v1/admin/checkauth 200 3.013861ms
2025/04/19 11:06:00 [GET] ::1 /v1/component 200 3.305702ms
2025/04/19 11:06:05 [GET] ::1 /v1/admin/checkauth 200 3.5655ms
2025/04/19 11:06:05 [GET] ::1 /v1/admin/checkauth 200 4.132777ms
2025/04/19 11:06:06 [GET] ::1 /v1/checkstatus 200 31.92µs
2025/04/19 11:06:06 [GET] ::1 /v1/config/key/layout 200 6.436754ms
2025/04/19 11:06:09 [GET] ::1 /v1/admin/checkauth 200 4.446429ms
2025/04/19 11:06:11 [GET] ::1 /v1/admin/checkauth 200 3.343612ms
2025/04/19 11:06:11 [GET] ::1 /v1/admin/checkauth 200 2.858606ms
2025/04/19 11:06:12 [GET] ::1 /v1/config 200 10.570636ms
2025/04/19 11:06:12 [GET] ::1 /v1/admin/checkauth 200 4.184373ms
2025/04/19 11:06:13 [GET] ::1 /v1/admin/checkauth 200 2.138745ms
2025/04/19 11:06:13 [GET] ::1 /v1/admin/checkauth 200 2.987148ms
2025/04/19 11:06:14 [GET] ::1 /v1/admin/checkauth 200 2.368416ms
2025/04/19 11:06:14 [GET] ::1 /v1/component 200 4.049004ms
2025/04/19 11:06:14 [GET] ::1 /v1/checkstatus 200 14.599µs
2025/04/19 11:06:14 [GET] ::1 /v1/config/key/layout 200 10.896377ms
2025/04/19 11:06:18 [GET] ::1 /v1/admin/checkauth 200 8.425721ms
2025/04/19 11:06:19 [GET] ::1 /v1/admin/checkauth 200 3.304645ms
2025/04/19 11:06:19 [GET] ::1 /v1/admin/checkauth 200 4.11636ms
2025/04/19 11:06:20 [GET] ::1 /v1/config 200 4.114731ms
2025/04/19 11:06:20 [GET] ::1 /v1/admin/checkauth 200 4.402775ms
2025/04/19 11:06:21 [GET] ::1 /v1/admin/checkauth 200 3.492451ms
2025/04/19 11:06:21 [GET] ::1 /v1/admin/checkauth 200 3.795011ms
2025/04/19 11:06:22 [GET] ::1 /v1/component 200 5.576125ms
2025/04/19 11:07:07 [GET] ::1 /v1/admin/checkauth 200 23.600942ms
2025/04/19 11:07:07 [GET] ::1 /v1/admin/checkauth 200 29.197211ms
2025/04/19 11:07:07 [GET] ::1 /v1/checkstatus 200 18.82µs
2025/04/19 11:07:08 [GET] ::1 /v1/config/key/layout 200 7.347217ms
2025/04/19 11:07:12 [GET] ::1 /v1/admin/checkauth 200 9.046631ms
2025/04/19 11:07:14 [GET] ::1 /v1/admin/checkauth 200 3.394795ms
2025/04/19 11:07:14 [GET] ::1 /v1/admin/checkauth 200 3.330642ms
2025/04/19 11:07:15 [GET] ::1 /v1/config 200 223.493585ms
2025/04/19 11:07:15 [GET] ::1 /v1/admin/checkauth 200 44.960172ms
2025/04/19 11:07:16 [GET] ::1 /v1/admin/checkauth 200 3.386223ms
2025/04/19 11:07:18 [GET] ::1 /v1/admin/checkauth 200 2.378676ms
2025/04/19 11:07:18 [GET] ::1 /v1/component 200 15.765938ms
2025/04/19 11:07:41 [GET] ::1 /v1/admin/checkauth 200 5.801759ms
2025/04/19 11:07:41 [GET] ::1 /v1/admin/checkauth 200 4.849454ms
2025/04/19 11:07:41 [GET] ::1 /v1/checkstatus 200 36.658µs
2025/04/19 11:07:41 [GET] ::1 /v1/config/key/layout 200 1.641542ms
2025/04/19 11:07:45 [GET] ::1 /v1/admin/checkauth 200 2.319162ms
2025/04/19 11:07:47 [GET] ::1 /v1/admin/checkauth 200 7.841211ms
2025/04/19 11:07:47 [GET] ::1 /v1/admin/checkauth 200 4.421569ms
2025/04/19 11:07:47 [GET] ::1 /v1/config 200 2.330961ms
2025/04/19 11:07:48 [GET] ::1 /v1/admin/checkauth 200 6.192506ms
2025/04/19 11:07:50 [GET] ::1 /v1/admin/checkauth 200 15.708716ms
2025/04/19 11:07:50 [GET] ::1 /v1/admin/checkauth 200 3.171437ms
2025/04/19 11:07:51 [GET] ::1 /v1/component 200 3.771385ms
2025/04/19 11:08:48 [GET] ::1 /v1/admin/checkauth 200 30.518247ms
2025/04/19 11:08:48 [GET] ::1 /v1/admin/checkauth 200 27.591343ms
2025/04/19 11:08:48 [GET] ::1 /v1/checkstatus 200 17.066µs
2025/04/19 11:08:49 [GET] ::1 /v1/config/key/layout 200 4.852226ms
2025/04/19 11:08:52 [GET] ::1 /v1/admin/checkauth 200 6.093302ms
2025/04/19 11:08:54 [GET] ::1 /v1/admin/checkauth 200 4.367702ms
2025/04/19 11:08:54 [GET] ::1 /v1/admin/checkauth 200 2.016991ms
2025/04/19 11:08:55 [GET] ::1 /v1/config 200 5.96585ms
2025/04/19 11:08:55 [GET] ::1 /v1/admin/checkauth 200 4.384985ms
2025/04/19 11:08:57 [GET] ::1 /v1/admin/checkauth 200 2.460739ms
2025/04/19 11:08:58 [GET] ::1 /v1/admin/checkauth 200 3.300073ms
2025/04/19 11:08:58 [GET] ::1 /v1/component 200 3.316252ms
2025/04/19 11:10:41 [GET] ::1 /v1/admin/checkauth 200 12.50904ms
2025/04/19 11:10:41 [GET] ::1 /v1/admin/checkauth 200 14.709442ms
2025/04/19 11:10:42 [GET] ::1 /v1/checkstatus 200 30.092µs
2025/04/19 11:10:42 [GET] ::1 /v1/config/key/layout 200 4.384771ms
2025/04/19 11:10:47 [GET] ::1 /v1/admin/checkauth 200 1.936496ms
2025/04/19 11:10:48 [GET] ::1 /v1/checkstatus 200 15.724µs
2025/04/19 11:10:48 [GET] ::1 /v1/config/key/layout 200 1.432147ms
2025/04/19 11:10:52 [GET] ::1 /v1/admin/checkauth 200 3.711856ms
2025/04/19 11:10:53 [GET] ::1 /v1/admin/checkauth 200 8.314673ms
2025/04/19 11:10:53 [GET] ::1 /v1/admin/checkauth 200 3.951406ms
2025/04/19 11:10:54 [GET] ::1 /v1/config 200 6.065488ms
2025/04/19 11:10:54 [GET] ::1 /v1/admin/checkauth 200 2.632289ms
2025/04/19 11:10:56 [GET] ::1 /v1/admin/checkauth 200 2.108984ms
2025/04/19 11:10:57 [GET] ::1 /v1/admin/checkauth 200 2.347086ms
2025/04/19 11:10:57 [GET] ::1 /v1/component 200 3.177573ms
2025/04/19 11:13:05 [GET] ::1 /v1/admin/checkauth 200 14.988538ms
2025/04/19 11:13:05 [GET] ::1 /v1/admin/checkauth 200 21.926216ms
2025/04/19 11:13:06 [GET] ::1 /v1/checkstatus 200 16.731µs
2025/04/19 11:13:06 [GET] ::1 /v1/config/key/layout 200 3.918786ms
2025/04/19 11:13:09 [GET] ::1 /v1/admin/checkauth 200 4.97623ms
2025/04/19 11:13:11 [GET] ::1 /v1/admin/checkauth 200 3.173009ms
2025/04/19 11:13:11 [GET] ::1 /v1/admin/checkauth 200 3.859836ms
2025/04/19 11:13:12 [GET] ::1 /v1/config 200 3.041618ms
2025/04/19 11:13:12 [GET] ::1 /v1/admin/checkauth 200 2.548084ms
2025/04/19 11:13:13 [GET] ::1 /v1/admin/checkauth 200 2.6957ms
2025/04/19 11:13:14 [GET] ::1 /v1/admin/checkauth 200 2.368382ms
2025/04/19 11:13:15 [GET] ::1 /v1/component 200 3.049432ms
2025/04/19 11:14:58 [GET] ::1 /v1/admin/checkauth 200 10.003168ms
2025/04/19 11:14:58 [GET] ::1 /v1/admin/checkauth 200 3.457548ms
2025/04/19 11:14:58 [GET] ::1 /v1/checkstatus 200 21.552µs
2025/04/19 11:14:58 [GET] ::1 /v1/config/key/layout 200 2.97178ms
2025/04/19 11:15:02 [GET] ::1 /v1/admin/checkauth 200 6.239916ms
2025/04/19 11:15:04 [GET] ::1 /v1/admin/checkauth 200 5.264782ms
2025/04/19 11:15:04 [GET] ::1 /v1/admin/checkauth 200 3.140799ms
2025/04/19 11:15:05 [GET] ::1 /v1/config 200 2.294635ms
2025/04/19 11:15:05 [GET] ::1 /v1/admin/checkauth 200 2.879611ms
2025/04/19 11:15:06 [GET] ::1 /v1/admin/checkauth 200 9.092549ms
2025/04/19 11:15:07 [GET] ::1 /v1/admin/checkauth 200 2.735328ms
2025/04/19 11:15:08 [GET] ::1 /v1/component 200 2.826672ms
2025/04/19 11:16:03 [GET] ::1 /v1/admin/checkauth 200 9.829222ms
2025/04/19 11:16:03 [GET] ::1 /v1/admin/checkauth 200 4.608129ms
2025/04/19 11:16:03 [GET] ::1 /v1/checkstatus 200 19.726µs
2025/04/19 11:16:04 [GET] ::1 /v1/config/key/layout 200 4.797791ms
2025/04/19 11:16:07 [GET] ::1 /v1/admin/checkauth 200 4.459546ms
2025/04/19 11:16:09 [GET] ::1 /v1/admin/checkauth 200 3.464457ms
2025/04/19 11:16:09 [GET] ::1 /v1/admin/checkauth 200 2.930705ms
2025/04/19 11:16:10 [GET] ::1 /v1/config 200 3.020473ms
2025/04/19 11:16:11 [GET] ::1 /v1/admin/checkauth 200 4.152114ms
2025/04/19 11:16:11 [GET] ::1 /v1/admin/checkauth 200 6.467756ms
2025/04/19 11:16:13 [GET] ::1 /v1/admin/checkauth 200 3.358011ms
2025/04/19 11:16:13 [GET] ::1 /v1/component 200 2.774447ms
2025/04/19 11:17:01 [GET] ::1 /v1/admin/checkauth 200 7.270767ms
2025/04/19 11:17:01 [GET] ::1 /v1/admin/checkauth 200 3.209796ms
2025/04/19 11:17:02 [GET] ::1 /v1/checkstatus 200 15.176µs
2025/04/19 11:17:02 [GET] ::1 /v1/config/key/layout 200 2.521864ms
2025/04/19 11:17:06 [GET] ::1 /v1/admin/checkauth 200 13.042648ms
2025/04/19 11:17:08 [GET] ::1 /v1/admin/checkauth 200 4.982196ms
2025/04/19 11:17:08 [GET] ::1 /v1/admin/checkauth 200 2.233198ms
2025/04/19 11:17:09 [GET] ::1 /v1/config 200 4.359716ms
2025/04/19 11:17:09 [GET] ::1 /v1/admin/checkauth 200 2.993545ms
2025/04/19 11:17:10 [GET] ::1 /v1/admin/checkauth 200 2.844031ms
2025/04/19 11:17:10 [GET] ::1 /v1/admin/checkauth 200 2.311249ms
2025/04/19 11:17:11 [GET] ::1 /v1/component 200 3.201098ms
2025/04/19 11:17:47 [GET] ::1 /v1/admin/checkauth 200 2.330713ms
2025/04/19 11:17:48 [GET] ::1 /v1/admin/checkauth 200 2.427644ms
2025/04/19 11:17:48 [GET] ::1 /v1/checkstatus 200 17.608µs
2025/04/19 11:17:49 [GET] ::1 /v1/config/key/layout 200 3.0192ms
2025/04/19 11:17:53 [GET] ::1 /v1/admin/checkauth 200 6.925233ms
2025/04/19 11:17:55 [GET] ::1 /v1/admin/checkauth 200 6.261818ms
2025/04/19 11:17:55 [GET] ::1 /v1/admin/checkauth 200 5.696692ms
2025/04/19 11:17:56 [GET] ::1 /v1/admin/checkauth 200 3.268778ms
2025/04/19 11:17:56 [GET] ::1 /v1/admin/checkauth 200 6.563789ms
2025/04/19 11:17:57 [GET] ::1 /v1/checkstatus 200 25.976µs
2025/04/19 11:17:57 [GET] ::1 /v1/config/key/layout 200 2.42297ms
2025/04/19 11:17:58 [GET] ::1 /v1/admin/checkauth 200 2.805266ms
2025/04/19 11:18:02 [GET] ::1 /v1/admin/checkauth 200 34.082159ms
2025/04/19 11:18:03 [GET] ::1 /v1/admin/checkauth 200 12.491999ms
2025/04/19 11:18:03 [GET] ::1 /v1/admin/checkauth 200 2.272516ms
2025/04/19 11:18:04 [GET] ::1 /v1/config 200 2.681631ms
2025/04/19 11:18:04 [GET] ::1 /v1/admin/checkauth 200 4.339894ms
2025/04/19 11:18:05 [GET] ::1 /v1/admin/checkauth 200 3.437018ms
2025/04/19 11:18:06 [GET] ::1 /v1/admin/checkauth 200 13.126348ms
2025/04/19 11:18:06 [GET] ::1 /v1/component 200 2.177012ms
2025/04/19 11:19:53 [GET] ::1 /v1/admin/checkauth 200 27.01704ms
2025/04/19 11:19:53 [GET] ::1 /v1/admin/checkauth 200 23.076184ms
2025/04/19 11:19:53 [GET] ::1 /v1/checkstatus 200 18.916µs
2025/04/19 11:19:54 [GET] ::1 /v1/config/key/layout 200 9.399374ms
2025/04/19 11:19:58 [GET] ::1 /v1/admin/checkauth 200 33.395443ms
2025/04/19 11:20:00 [GET] ::1 /v1/admin/checkauth 200 3.219452ms
2025/04/19 11:20:00 [GET] ::1 /v1/admin/checkauth 200 2.526062ms
2025/04/19 11:20:01 [GET] ::1 /v1/config 200 4.462281ms
2025/04/19 11:20:01 [GET] ::1 /v1/admin/checkauth 200 3.323984ms
2025/04/19 11:20:02 [GET] ::1 /v1/admin/checkauth 200 5.664809ms
2025/04/19 11:20:03 [GET] ::1 /v1/admin/checkauth 200 2.867237ms
2025/04/19 11:20:04 [GET] ::1 /v1/component 200 4.937307ms
2025/04/19 11:20:28 [GET] ::1 /v1/admin/checkauth 200 14.596457ms
2025/04/19 11:20:29 [GET] ::1 /v1/admin/checkauth 200 6.505999ms
2025/04/19 11:20:31 [GET] ::1 /v1/checkstatus 200 16.95µs
2025/04/19 11:20:31 [GET] ::1 /v1/config/key/layout 200 1.421237ms
2025/04/19 11:20:35 [GET] ::1 /v1/admin/checkauth 200 4.723488ms
2025/04/19 11:20:36 [GET] ::1 /v1/admin/checkauth 200 3.757995ms
2025/04/19 11:20:36 [GET] ::1 /v1/admin/checkauth 200 2.763391ms
2025/04/19 11:20:37 [GET] ::1 /v1/config 200 2.979788ms
2025/04/19 11:20:37 [GET] ::1 /v1/admin/checkauth 200 3.120739ms
2025/04/19 11:20:38 [GET] ::1 /v1/admin/checkauth 200 5.665468ms
2025/04/19 11:20:38 [GET] ::1 /v1/admin/checkauth 200 2.224862ms
2025/04/19 11:20:38 [GET] ::1 /v1/component 200 1.623122ms
2025/04/19 11:21:49 [GET] ::1 /v1/admin/checkauth 200 30.34705ms
2025/04/19 11:21:49 [GET] ::1 /v1/admin/checkauth 200 29.120432ms
2025/04/19 11:21:49 [GET] ::1 /v1/checkstatus 200 17.071µs
2025/04/19 11:21:49 [GET] ::1 /v1/config/key/layout 200 4.477769ms
2025/04/19 11:21:54 [GET] ::1 /v1/admin/checkauth 200 3.468707ms
2025/04/19 11:21:56 [GET] ::1 /v1/admin/checkauth 200 2.833994ms
2025/04/19 11:21:56 [GET] ::1 /v1/admin/checkauth 200 2.989256ms
2025/04/19 11:21:56 [GET] ::1 /v1/config 200 3.584598ms
2025/04/19 11:21:57 [GET] ::1 /v1/admin/checkauth 200 3.347185ms
2025/04/19 11:21:58 [GET] ::1 /v1/admin/checkauth 200 3.050054ms
2025/04/19 11:21:59 [GET] ::1 /v1/admin/checkauth 200 5.827223ms
2025/04/19 11:22:01 [GET] ::1 /v1/component 200 4.135421ms
2025/04/19 11:22:16 [GET] ::1 /v1/admin/checkauth 200 4.858292ms
2025/04/19 11:22:16 [GET] ::1 /v1/admin/checkauth 200 2.67082ms
2025/04/19 11:22:17 [GET] ::1 /v1/checkstatus 200 16.022µs
2025/04/19 11:22:17 [GET] ::1 /v1/config/key/layout 200 5.101044ms
2025/04/19 11:22:21 [GET] ::1 /v1/admin/checkauth 200 10.7143ms
2025/04/19 11:22:22 [GET] ::1 /v1/admin/checkauth 200 2.949393ms
2025/04/19 11:22:22 [GET] ::1 /v1/admin/checkauth 200 10.527543ms
2025/04/19 11:22:23 [GET] ::1 /v1/config 200 3.95677ms
2025/04/19 11:22:23 [GET] ::1 /v1/admin/checkauth 200 3.660777ms
2025/04/19 11:22:24 [GET] ::1 /v1/admin/checkauth 200 4.442543ms
2025/04/19 11:22:24 [GET] ::1 /v1/admin/checkauth 200 4.549917ms
2025/04/19 11:22:25 [GET] ::1 /v1/component 200 2.785195ms
2025/04/19 11:22:44 [GET] ::1 /v1/admin/checkauth 200 6.881084ms
2025/04/19 11:22:44 [GET] ::1 /v1/admin/checkauth 200 2.587172ms
2025/04/19 11:22:45 [GET] ::1 /v1/checkstatus 200 19.462µs
2025/04/19 11:22:45 [GET] ::1 /v1/config/key/layout 200 3.453646ms
2025/04/19 11:22:49 [GET] ::1 /v1/admin/checkauth 200 26.954255ms
2025/04/19 11:22:51 [GET] ::1 /v1/admin/checkauth 200 3.478971ms
2025/04/19 11:22:52 [GET] ::1 /v1/admin/checkauth 200 2.149446ms
2025/04/19 11:22:52 [GET] ::1 /v1/config 200 11.012479ms
2025/04/19 11:22:52 [GET] ::1 /v1/admin/checkauth 200 3.797436ms
2025/04/19 11:22:53 [GET] ::1 /v1/admin/checkauth 200 1.972403ms
2025/04/19 11:22:53 [GET] ::1 /v1/admin/checkauth 200 2.271512ms
2025/04/19 11:22:54 [GET] ::1 /v1/component 200 2.483028ms
2025/04/19 11:35:03 [GET] ::1 /v1/admin/checkauth 200 35.159815ms
2025/04/19 11:35:03 [GET] ::1 /v1/admin/checkauth 200 35.159351ms
2025/04/19 11:35:04 [GET] ::1 /v1/checkstatus 200 22.596µs
2025/04/19 11:35:04 [GET] ::1 /v1/config/key/layout 200 4.891812ms
2025/04/19 11:35:08 [GET] ::1 /v1/admin/checkauth 200 4.24652ms
2025/04/19 11:35:10 [GET] ::1 /v1/admin/checkauth 200 2.624367ms
2025/04/19 11:35:10 [GET] ::1 /v1/admin/checkauth 200 6.069266ms
2025/04/19 11:35:11 [GET] ::1 /v1/config 200 38.610032ms
2025/04/19 11:35:12 [GET] ::1 /v1/admin/checkauth 200 2.573385ms
2025/04/19 11:35:12 [GET] ::1 /v1/admin/checkauth 200 1.877607ms
2025/04/19 11:35:13 [GET] ::1 /v1/admin/checkauth 200 2.788823ms
2025/04/19 11:35:13 [GET] ::1 /v1/component 200 6.662325ms
2025/04/19 11:35:29 [GET] ::1 /v1/admin/checkauth 200 4.078194ms
2025/04/19 11:35:29 [GET] 127.0.0.1 /v1/admin/checkauth 200 3.333727ms
2025/04/19 11:35:32 [GET] ::1 /v1/checkstatus 200 18.321µs
2025/04/19 11:35:32 [GET] 127.0.0.1 /v1/config/key/layout 200 4.503192ms
2025/04/19 11:35:36 [GET] ::1 /v1/admin/checkauth 200 5.561745ms
2025/04/19 11:35:38 [GET] ::1 /v1/admin/checkauth 200 10.139602ms
2025/04/19 11:35:38 [GET] ::1 /v1/admin/checkauth 200 2.547452ms
2025/04/19 11:35:39 [GET] ::1 /v1/config 200 2.121176ms
2025/04/19 11:35:39 [GET] ::1 /v1/admin/checkauth 200 3.046509ms
2025/04/19 11:35:40 [GET] ::1 /v1/admin/checkauth 200 3.060697ms
2025/04/19 11:35:41 [GET] ::1 /v1/admin/checkauth 200 3.707946ms
2025/04/19 11:35:43 [GET] ::1 /v1/component 200 2.067817ms
2025/04/19 11:36:25 [GET] ::1 /v1/admin/checkauth 200 28.586815ms
2025/04/19 11:36:25 [GET] ::1 /v1/admin/checkauth 200 30.249261ms
2025/04/19 11:36:26 [GET] ::1 /v1/checkstatus 200 23.115µs
2025/04/19 11:36:26 [GET] ::1 /v1/config/key/layout 200 7.519738ms
2025/04/19 11:36:30 [GET] ::1 /v1/admin/checkauth 200 4.450842ms
2025/04/19 11:36:32 [GET] ::1 /v1/admin/checkauth 200 10.258546ms
2025/04/19 11:36:32 [GET] ::1 /v1/admin/checkauth 200 3.758152ms
2025/04/19 11:36:33 [GET] ::1 /v1/config 200 4.384786ms
2025/04/19 11:36:33 [GET] ::1 /v1/admin/checkauth 200 2.711431ms
2025/04/19 11:36:34 [GET] ::1 /v1/admin/checkauth 200 3.190583ms
2025/04/19 11:36:34 [GET] ::1 /v1/admin/checkauth 200 12.977094ms
2025/04/19 11:36:35 [GET] ::1 /v1/component 200 4.259048ms
2025/04/19 11:36:47 [GET] ::1 /v1/admin/checkauth 200 2.809727ms
2025/04/19 11:36:47 [GET] ::1 /v1/admin/checkauth 200 3.0116ms
2025/04/19 11:36:47 [GET] ::1 /v1/checkstatus 200 15.631µs
2025/04/19 11:36:48 [GET] ::1 /v1/config/key/layout 200 1.668149ms
2025/04/19 11:36:52 [GET] ::1 /v1/admin/checkauth 200 3.035359ms
2025/04/19 11:36:54 [GET] ::1 /v1/admin/checkauth 200 3.723875ms
2025/04/19 11:36:54 [GET] ::1 /v1/admin/checkauth 200 3.951518ms
2025/04/19 11:36:55 [GET] ::1 /v1/config 200 4.344694ms
2025/04/19 11:36:55 [GET] ::1 /v1/admin/checkauth 200 2.828814ms
2025/04/19 11:36:55 [GET] ::1 /v1/admin/checkauth 200 4.509836ms
2025/04/19 11:36:56 [GET] ::1 /v1/admin/checkauth 200 2.728562ms
2025/04/19 11:36:56 [GET] ::1 /v1/component 200 3.173607ms
2025/04/19 11:39:15 [GET] ::1 /v1/admin/checkauth 200 89.274403ms
2025/04/19 11:39:15 [GET] ::1 /v1/admin/checkauth 200 85.186874ms
2025/04/19 11:39:16 [GET] ::1 /v1/checkstatus 200 22.088µs
2025/04/19 11:39:16 [GET] ::1 /v1/config/key/layout 200 3.789068ms
2025/04/19 11:39:20 [GET] ::1 /v1/admin/checkauth 200 5.692966ms
2025/04/19 11:39:23 [GET] ::1 /v1/admin/checkauth 200 4.654916ms
2025/04/19 11:39:23 [GET] ::1 /v1/admin/checkauth 200 2.699893ms
2025/04/19 11:39:23 [GET] ::1 /v1/config 200 27.007955ms
2025/04/19 11:39:24 [GET] ::1 /v1/admin/checkauth 200 4.316134ms
2025/04/19 11:39:24 [GET] ::1 /v1/admin/checkauth 200 3.441395ms
2025/04/19 11:39:25 [GET] ::1 /v1/admin/checkauth 200 4.053546ms
2025/04/19 11:39:27 [GET] ::1 /v1/component 200 7.001951ms
2025/04/19 11:40:39 [GET] ::1 /v1/admin/checkauth 200 17.859407ms
2025/04/19 11:40:39 [GET] ::1 /v1/admin/checkauth 200 19.828343ms
2025/04/19 11:40:39 [GET] ::1 /v1/checkstatus 200 21.082µs
2025/04/19 11:40:40 [GET] ::1 /v1/config/key/layout 200 14.681086ms
2025/04/19 11:40:44 [GET] ::1 /v1/admin/checkauth 200 4.934177ms
2025/04/19 11:40:46 [GET] ::1 /v1/admin/checkauth 200 4.039351ms
2025/04/19 11:40:46 [GET] ::1 /v1/admin/checkauth 200 3.408971ms
2025/04/19 11:40:47 [GET] ::1 /v1/config 200 3.698461ms
2025/04/19 11:40:47 [GET] ::1 /v1/admin/checkauth 200 3.390477ms
2025/04/19 11:40:48 [GET] ::1 /v1/admin/checkauth 200 4.007039ms
2025/04/19 11:40:49 [GET] ::1 /v1/admin/checkauth 200 3.107243ms
2025/04/19 11:40:49 [GET] ::1 /v1/component 200 5.656185ms
2025/04/19 14:22:03 [GET] ::1 /v1/admin/checkauth 200 244.691759ms
2025/04/19 14:22:03 [GET] ::1 /v1/admin/checkauth 200 244.667468ms
2025/04/19 14:22:11 [GET] ::1 /v1/checkstatus 200 11.243867ms
2025/04/19 14:22:11 [GET] ::1 /v1/config/key/layout 200 77.316882ms
2025/04/19 14:22:17 [GET] ::1 /v1/admin/checkauth 200 34.917013ms
2025/04/19 14:22:19 [GET] ::1 /v1/admin/checkauth 200 4.388825ms
2025/04/19 14:22:19 [GET] ::1 /v1/admin/checkauth 200 3.268296ms
2025/04/19 14:22:20 [GET] ::1 /v1/config 200 29.160674ms
2025/04/19 14:22:20 [GET] ::1 /v1/admin/checkauth 200 3.852274ms
2025/04/19 14:22:21 [GET] ::1 /v1/admin/checkauth 200 4.216125ms
2025/04/19 14:22:22 [GET] ::1 /v1/admin/checkauth 200 3.57696ms
2025/04/19 14:22:22 [GET] ::1 /v1/component 200 10.868305ms
2025/04/19 14:22:47 [GET] ::1 /v1/admin/checkauth 200 5.704226ms
2025/04/19 14:22:47 [GET] ::1 /v1/admin/checkauth 200 3.860427ms
2025/04/19 14:22:48 [GET] ::1 /v1/checkstatus 200 856.423µs
2025/04/19 14:22:48 [GET] ::1 /v1/config/key/layout 200 58.559458ms
2025/04/19 14:22:52 [GET] ::1 /v1/admin/checkauth 200 3.164892ms
2025/04/19 14:22:54 [GET] ::1 /v1/admin/checkauth 200 6.979714ms
2025/04/19 14:22:54 [GET] ::1 /v1/admin/checkauth 200 4.977571ms
2025/04/19 14:22:55 [GET] ::1 /v1/config 200 8.280731ms
2025/04/19 14:22:55 [GET] ::1 /v1/admin/checkauth 200 4.973872ms
2025/04/19 14:22:56 [GET] ::1 /v1/admin/checkauth 200 5.037798ms
2025/04/19 14:22:57 [GET] ::1 /v1/admin/checkauth 200 3.844091ms
2025/04/19 14:22:57 [GET] ::1 /v1/component 200 4.014835ms
2025/04/19 14:22:58 [GET] ::1 /v1/admin/checkauth 200 5.038766ms
2025/04/19 14:22:58 [GET] ::1 /v1/admin/checkauth 200 7.364008ms
2025/04/19 14:22:59 [GET] ::1 /v1/checkstatus 200 19.022µs
2025/04/19 14:22:59 [GET] ::1 /v1/config/key/layout 200 3.13532ms
2025/04/19 14:23:03 [GET] ::1 /v1/admin/checkauth 200 116.050369ms
2025/04/19 14:23:05 [GET] ::1 /v1/admin/checkauth 200 3.998968ms
2025/04/19 14:23:05 [GET] ::1 /v1/admin/checkauth 200 24.896238ms
2025/04/19 14:23:06 [GET] ::1 /v1/config 200 15.573833ms
2025/04/19 14:23:07 [GET] ::1 /v1/admin/checkauth 200 3.936182ms
2025/04/19 14:23:07 [GET] ::1 /v1/admin/checkauth 200 2.951442ms
2025/04/19 14:23:08 [GET] ::1 /v1/admin/checkauth 200 4.712051ms
2025/04/19 14:23:09 [GET] ::1 /v1/component 200 7.396626ms
2025/04/19 14:29:44 [GET] ::1 /v1/admin/checkauth 200 192.717685ms
2025/04/19 14:29:44 [GET] ::1 /v1/admin/checkauth 200 192.83284ms
2025/04/19 14:29:46 [GET] ::1 /v1/checkstatus 200 24.876µs
2025/04/19 14:29:47 [GET] ::1 /v1/config/key/layout 200 14.258348ms
2025/04/19 14:29:52 [GET] ::1 /v1/admin/checkauth 200 8.802352ms
2025/04/19 14:29:55 [GET] ::1 /v1/admin/checkauth 200 3.064886ms
2025/04/19 14:29:55 [GET] ::1 /v1/admin/checkauth 200 2.463491ms
2025/04/19 14:29:56 [GET] ::1 /v1/config 200 17.290515ms
2025/04/19 14:29:57 [GET] ::1 /v1/admin/checkauth 200 5.991152ms
2025/04/19 14:29:59 [GET] ::1 /v1/admin/checkauth 200 2.687654ms
2025/04/19 14:29:59 [GET] ::1 /v1/admin/checkauth 200 2.859716ms
2025/04/19 14:30:00 [GET] ::1 /v1/component 200 10.840005ms
2025/04/19 14:30:05 [GET] ::1 /v1/admin/checkauth 200 5.651052ms
2025/04/19 14:30:05 [GET] ::1 /v1/admin/checkauth 200 2.563691ms
2025/04/19 14:30:05 [GET] ::1 /v1/checkstatus 200 17.519µs
2025/04/19 14:30:06 [GET] ::1 /v1/config/key/layout 200 6.360545ms
2025/04/19 14:30:21 [GET] ::1 /v1/admin/checkauth 200 252.900469ms
2025/04/19 14:30:25 [GET] ::1 /v1/admin/checkauth 200 6.858239ms
2025/04/19 14:30:25 [GET] ::1 /v1/admin/checkauth 200 4.940353ms
2025/04/19 14:30:25 [GET] ::1 /v1/config 200 27.120831ms
2025/04/19 14:30:26 [GET] ::1 /v1/admin/checkauth 200 7.197161ms
2025/04/19 14:30:27 [GET] ::1 /v1/admin/checkauth 200 3.241123ms
2025/04/19 14:30:28 [GET] ::1 /v1/admin/checkauth 200 5.850916ms
2025/04/19 14:30:29 [GET] ::1 /v1/component 200 6.187383ms
2025/04/19 14:30:33 [GET] ::1 /v1/admin/checkauth 200 4.681616ms
2025/04/19 14:30:34 [GET] ::1 /v1/admin/checkauth 200 3.397677ms
2025/04/19 14:30:34 [GET] ::1 /v1/checkstatus 200 243.879µs
2025/04/19 14:30:35 [GET] ::1 /v1/config/key/layout 200 20.648184ms
2025/04/19 14:30:39 [GET] ::1 /v1/admin/checkauth 200 8.280806ms
2025/04/19 14:30:42 [GET] ::1 /v1/admin/checkauth 200 4.528632ms
2025/04/19 14:30:42 [GET] ::1 /v1/admin/checkauth 200 5.949993ms
2025/04/19 14:30:44 [GET] ::1 /v1/config 200 10.433948ms
2025/04/19 14:30:44 [GET] ::1 /v1/admin/checkauth 200 6.441351ms
2025/04/19 14:30:45 [GET] ::1 /v1/admin/checkauth 200 89.100563ms
2025/04/19 14:30:46 [GET] ::1 /v1/admin/checkauth 200 3.097126ms
2025/04/19 14:30:46 [GET] ::1 /v1/component 200 5.645423ms
2025/04/19 14:32:36 [GET] ::1 /v1/admin/checkauth 200 270.448173ms
2025/04/19 14:32:36 [GET] ::1 /v1/admin/checkauth 200 266.804327ms
2025/04/19 14:32:36 [GET] ::1 /v1/admin/checkauth 200 257.392335ms
2025/04/19 14:32:37 [GET] ::1 /v1/checkstatus 200 19.288µs
2025/04/19 14:32:37 [GET] ::1 /v1/config/key/layout 200 25.683826ms
2025/04/19 14:32:41 [GET] ::1 /v1/admin/checkauth 200 58.438499ms
2025/04/19 14:32:44 [GET] ::1 /v1/admin/checkauth 200 16.086645ms
2025/04/19 14:32:44 [GET] ::1 /v1/admin/checkauth 200 3.82547ms
2025/04/19 14:32:45 [GET] ::1 /v1/config 200 28.628408ms
2025/04/19 14:32:46 [GET] ::1 /v1/admin/checkauth 200 8.932716ms
2025/04/19 14:32:47 [GET] ::1 /v1/admin/checkauth 200 5.458296ms
2025/04/19 14:32:48 [GET] ::1 /v1/admin/checkauth 200 5.861596ms
2025/04/19 14:32:48 [GET] ::1 /v1/component 200 28.823259ms
2025/04/19 14:34:45 [GET] ::1 /v1/admin/checkauth 200 67.179443ms
2025/04/19 14:34:45 [GET] ::1 /v1/admin/checkauth 200 71.25558ms
2025/04/19 14:34:47 [GET] ::1 /v1/checkstatus 200 530.216µs
2025/04/19 14:34:47 [GET] ::1 /v1/config/key/layout 200 19.83669ms
2025/04/19 14:34:52 [GET] ::1 /v1/admin/checkauth 200 5.706534ms
2025/04/19 14:34:55 [GET] ::1 /v1/admin/checkauth 200 4.148262ms
2025/04/19 14:34:55 [GET] ::1 /v1/admin/checkauth 200 3.181067ms
2025/04/19 14:34:56 [GET] ::1 /v1/config 200 10.512179ms
2025/04/19 14:34:56 [GET] ::1 /v1/admin/checkauth 200 3.603254ms
2025/04/19 14:34:57 [GET] ::1 /v1/admin/checkauth 200 2.892616ms
2025/04/19 14:34:57 [GET] ::1 /v1/admin/checkauth 200 2.687431ms
2025/04/19 14:34:58 [GET] ::1 /v1/component 200 5.988182ms
2025/04/19 14:35:45 [GET] ::1 /v1/admin/checkauth 200 5.940911ms
2025/04/19 14:35:45 [GET] ::1 /v1/admin/checkauth 200 5.065288ms
2025/04/19 14:35:45 [GET] ::1 /v1/checkstatus 200 16.56µs
2025/04/19 14:35:46 [GET] ::1 /v1/config/key/layout 200 13.580174ms
2025/04/19 14:35:50 [GET] ::1 /v1/admin/checkauth 200 30.885289ms
2025/04/19 14:35:52 [GET] ::1 /v1/admin/checkauth 200 5.304012ms
2025/04/19 14:35:52 [GET] ::1 /v1/admin/checkauth 200 3.509404ms
2025/04/19 14:35:53 [GET] ::1 /v1/config 200 12.30066ms
2025/04/19 14:35:53 [GET] ::1 /v1/admin/checkauth 200 3.929053ms
2025/04/19 14:35:54 [GET] ::1 /v1/admin/checkauth 200 3.81006ms
2025/04/19 14:35:55 [GET] ::1 /v1/admin/checkauth 200 17.444592ms
2025/04/19 14:35:56 [GET] ::1 /v1/component 200 5.425517ms
2025/04/19 14:38:20 [GET] ::1 /v1/admin/checkauth 200 87.349268ms
2025/04/19 14:38:20 [GET] ::1 /v1/admin/checkauth 200 91.583415ms
2025/04/19 14:38:21 [GET] ::1 /v1/checkstatus 200 1.620446ms
2025/04/19 14:38:23 [GET] ::1 /v1/config/key/layout 200 13.935924ms
2025/04/19 14:38:27 [GET] ::1 /v1/admin/checkauth 200 8.138882ms
2025/04/19 14:38:30 [GET] ::1 /v1/admin/checkauth 200 25.66378ms
2025/04/19 14:38:30 [GET] ::1 /v1/admin/checkauth 200 3.516622ms
2025/04/19 14:38:31 [GET] ::1 /v1/config 200 33.304976ms
2025/04/19 14:38:31 [GET] ::1 /v1/admin/checkauth 200 4.258198ms
2025/04/19 14:38:32 [GET] ::1 /v1/admin/checkauth 200 5.327817ms
2025/04/19 14:38:33 [GET] ::1 /v1/admin/checkauth 200 2.831082ms
2025/04/19 14:38:34 [GET] ::1 /v1/component 200 8.623314ms
2025/04/19 14:41:19 [GET] ::1 /v1/admin/checkauth 200 109.238221ms
2025/04/19 14:41:19 [GET] ::1 /v1/admin/checkauth 200 96.839624ms
2025/04/19 14:41:20 [GET] ::1 /v1/checkstatus 200 24.204µs
2025/04/19 14:41:20 [GET] ::1 /v1/config/key/layout 200 10.30099ms
2025/04/19 14:41:25 [GET] ::1 /v1/admin/checkauth 200 18.285401ms
2025/04/19 14:41:27 [GET] ::1 /v1/admin/checkauth 200 7.406508ms
2025/04/19 14:41:27 [GET] ::1 /v1/admin/checkauth 200 46.826457ms
2025/04/19 14:41:28 [GET] ::1 /v1/config 200 19.258559ms
2025/04/19 14:41:28 [GET] ::1 /v1/admin/checkauth 200 2.446361ms
2025/04/19 14:41:29 [GET] ::1 /v1/admin/checkauth 200 3.533262ms
2025/04/19 14:41:30 [GET] ::1 /v1/admin/checkauth 200 2.864842ms
2025/04/19 14:41:30 [GET] ::1 /v1/component 200 7.951231ms
2025/04/19 14:41:47 [GET] ::1 /v1/admin/checkauth 200 3.975497ms
2025/04/19 14:41:47 [GET] ::1 /v1/admin/checkauth 200 5.657827ms
2025/04/19 14:41:49 [GET] ::1 /v1/checkstatus 200 23.278µs
2025/04/19 14:41:49 [GET] ::1 /v1/config/key/layout 200 9.831362ms
2025/04/19 14:41:53 [GET] ::1 /v1/admin/checkauth 200 4.50489ms
2025/04/19 14:41:55 [GET] ::1 /v1/admin/checkauth 200 10.927482ms
2025/04/19 14:41:55 [GET] ::1 /v1/admin/checkauth 200 3.719802ms
2025/04/19 14:41:56 [GET] ::1 /v1/config 200 3.918133ms
2025/04/19 14:41:56 [GET] ::1 /v1/admin/checkauth 200 2.67895ms
2025/04/19 14:41:57 [GET] ::1 /v1/admin/checkauth 200 14.338062ms
2025/04/19 14:41:58 [GET] ::1 /v1/admin/checkauth 200 4.443201ms
2025/04/19 14:41:58 [GET] ::1 /v1/component 200 3.576085ms
2025/04/19 14:42:39 [GET] ::1 /v1/admin/checkauth 200 24.296183ms
2025/04/19 14:42:39 [GET] ::1 /v1/admin/checkauth 200 37.417199ms
2025/04/19 14:42:40 [GET] ::1 /v1/checkstatus 200 19.265µs
2025/04/19 14:42:40 [GET] ::1 /v1/config/key/layout 200 3.825939ms
2025/04/19 14:42:45 [GET] ::1 /v1/admin/checkauth 200 5.842057ms
2025/04/19 14:42:49 [GET] ::1 /v1/admin/checkauth 200 3.253446ms
2025/04/19 14:42:49 [GET] ::1 /v1/admin/checkauth 200 2.374743ms
2025/04/19 14:42:50 [GET] ::1 /v1/admin/checkauth 200 3.652602ms
2025/04/19 14:42:50 [GET] ::1 /v1/admin/checkauth 200 4.792623ms
2025/04/19 14:42:51 [GET] ::1 /v1/config 200 5.405846ms
2025/04/19 14:42:52 [GET] ::1 /v1/admin/checkauth 200 3.098634ms
2025/04/19 14:42:52 [GET] ::1 /v1/checkstatus 200 19.017µs
2025/04/19 14:42:52 [GET] ::1 /v1/config/key/layout 200 2.811461ms
2025/04/19 14:42:58 [GET] ::1 /v1/admin/checkauth 200 4.197117ms
2025/04/19 14:43:01 [GET] ::1 /v1/admin/checkauth 200 15.389056ms
2025/04/19 14:43:01 [GET] ::1 /v1/admin/checkauth 200 3.386573ms
2025/04/19 14:43:02 [GET] ::1 /v1/config 200 2.960079ms
2025/04/19 14:43:02 [GET] ::1 /v1/admin/checkauth 200 4.034594ms
2025/04/19 14:43:03 [GET] ::1 /v1/admin/checkauth 200 3.947308ms
2025/04/19 14:43:04 [GET] ::1 /v1/admin/checkauth 200 18.539435ms
2025/04/19 14:43:05 [GET] ::1 /v1/component 200 7.591572ms
2025/04/19 14:43:43 [GET] ::1 /v1/admin/checkauth 200 40.455991ms
2025/04/19 14:43:43 [GET] ::1 /v1/admin/checkauth 200 49.507089ms
2025/04/19 14:43:44 [GET] ::1 /v1/checkstatus 200 1.011598ms
2025/04/19 14:43:44 [GET] ::1 /v1/config/key/layout 200 5.454535ms
2025/04/19 14:43:49 [GET] ::1 /v1/admin/checkauth 200 11.587889ms
2025/04/19 14:43:51 [GET] ::1 /v1/admin/checkauth 200 4.081576ms
2025/04/19 14:43:52 [GET] ::1 /v1/admin/checkauth 200 3.709881ms
2025/04/19 14:43:52 [GET] ::1 /v1/config 200 14.68022ms
2025/04/19 14:43:52 [GET] ::1 /v1/admin/checkauth 200 12.380455ms
2025/04/19 14:43:53 [GET] ::1 /v1/admin/checkauth 200 5.287081ms
2025/04/19 14:43:54 [GET] ::1 /v1/admin/checkauth 200 10.178461ms
2025/04/19 14:43:54 [GET] ::1 /v1/component 200 13.57728ms
2025/04/19 14:44:30 [GET] ::1 /v1/admin/checkauth 200 2.511087ms
2025/04/19 14:44:30 [GET] ::1 /v1/admin/checkauth 200 7.030099ms
2025/04/19 14:44:31 [GET] ::1 /v1/checkstatus 200 31.69µs
2025/04/19 14:44:32 [GET] ::1 /v1/config/key/layout 200 2.348469ms
2025/04/19 14:44:38 [GET] ::1 /v1/admin/checkauth 200 76.603409ms
2025/04/19 14:44:40 [GET] ::1 /v1/admin/checkauth 200 3.656846ms
2025/04/19 14:44:40 [GET] ::1 /v1/admin/checkauth 200 3.557616ms
2025/04/19 14:44:42 [GET] ::1 /v1/config 200 27.348961ms
2025/04/19 14:44:42 [GET] ::1 /v1/admin/checkauth 200 4.282917ms
2025/04/19 14:44:43 [GET] ::1 /v1/admin/checkauth 200 60.155522ms
2025/04/19 14:44:44 [GET] ::1 /v1/admin/checkauth 200 3.60497ms
2025/04/19 14:44:44 [GET] ::1 /v1/component 200 8.173126ms
2025/04/19 14:45:10 [GET] ::1 /v1/admin/checkauth 200 3.529815ms
2025/04/19 14:45:10 [GET] ::1 /v1/admin/checkauth 200 3.488469ms
2025/04/19 14:45:11 [GET] ::1 /v1/checkstatus 200 28.179µs
2025/04/19 14:45:11 [GET] ::1 /v1/config/key/layout 200 4.60978ms
2025/04/19 14:45:16 [GET] ::1 /v1/admin/checkauth 200 25.130315ms
2025/04/19 14:45:18 [GET] ::1 /v1/admin/checkauth 200 2.811405ms
2025/04/19 14:45:18 [GET] ::1 /v1/admin/checkauth 200 2.385647ms
2025/04/19 14:45:20 [GET] ::1 /v1/config 200 7.877617ms
2025/04/19 14:45:20 [GET] ::1 /v1/admin/checkauth 200 3.99493ms
2025/04/19 14:45:21 [GET] ::1 /v1/admin/checkauth 200 3.876895ms
2025/04/19 14:45:21 [GET] ::1 /v1/admin/checkauth 200 4.718344ms
2025/04/19 14:45:22 [GET] ::1 /v1/component 200 12.247435ms
2025/04/19 14:45:56 [GET] ::1 /v1/admin/checkauth 200 33.100763ms
2025/04/19 14:45:56 [GET] ::1 /v1/admin/checkauth 200 39.684418ms
2025/04/19 14:45:57 [GET] ::1 /v1/checkstatus 200 20.583µs
2025/04/19 14:45:58 [GET] ::1 /v1/config/key/layout 200 9.216087ms
2025/04/19 14:46:03 [GET] ::1 /v1/admin/checkauth 200 12.917493ms
2025/04/19 14:46:05 [GET] ::1 /v1/admin/checkauth 200 3.75829ms
2025/04/19 14:46:06 [GET] ::1 /v1/admin/checkauth 200 7.700896ms
2025/04/19 14:46:06 [GET] ::1 /v1/config 200 6.80724ms
2025/04/19 14:46:07 [GET] ::1 /v1/admin/checkauth 200 2.75563ms
2025/04/19 14:46:08 [GET] ::1 /v1/admin/checkauth 200 2.622836ms
2025/04/19 14:46:08 [GET] ::1 /v1/admin/checkauth 200 2.628087ms
2025/04/19 14:46:09 [GET] ::1 /v1/component 200 6.365523ms
2025/04/19 15:09:46 [GET] ::1 /v1/admin/checkauth 200 258.595301ms
2025/04/19 15:09:46 [GET] ::1 /v1/admin/checkauth 200 261.579158ms
2025/04/19 15:09:52 [GET] ::1 /v1/checkstatus 200 49.058µs
2025/04/19 15:09:52 [GET] ::1 /v1/config/key/layout 200 14.487276ms
2025/04/19 15:09:58 [GET] ::1 /v1/admin/checkauth 200 9.793496ms
2025/04/19 15:10:01 [GET] ::1 /v1/config/key/widget_leftsidebar 200 7.500567ms
2025/04/19 15:10:01 [GET] ::1 /v1/admin/checkauth 200 4.64058ms
2025/04/19 15:10:02 [GET] ::1 /v1/admin/checkauth 200 9.259588ms
2025/04/19 15:10:02 [GET] ::1 /v1/admin/checkauth 200 8.943496ms
2025/04/19 15:10:03 [GET] ::1 /v1/config 200 19.815745ms
2025/04/19 15:10:03 [GET] ::1 /v1/admin/checkauth 200 5.084309ms
2025/04/19 15:10:04 [GET] ::1 /v1/admin/checkauth 200 4.543259ms
2025/04/19 15:10:05 [GET] ::1 /v1/config/key/widget_leftsidebar 200 5.476065ms
2025/04/19 15:10:05 [GET] ::1 /v1/admin/checkauth 200 4.953007ms
2025/04/19 15:10:06 [GET] ::1 /v1/admin/checkauth 200 4.771784ms
2025/04/19 15:10:07 [GET] ::1 /v1/config/key/widget_leftsidebar 200 13.077138ms
2025/04/19 15:10:07 [GET] ::1 /v1/admin/checkauth 200 5.054243ms
2025/04/19 15:10:08 [GET] ::1 /v1/component 200 9.835205ms
2025/04/19 15:10:39 [GET] ::1 /v1/admin/checkauth 200 4.481625ms
2025/04/19 15:10:39 [GET] ::1 /v1/admin/checkauth 200 4.016983ms
2025/04/19 15:10:51 [GET] 127.0.0.1 /v1/checkstatus 200 8.73928ms
2025/04/19 15:10:54 [GET] ::1 /v1/config/key/layout 200 286.212387ms
2025/04/19 15:11:01 [GET] ::1 /v1/admin/checkauth 200 55.862263ms
2025/04/19 15:11:03 [GET] ::1 /v1/config/key/widget_leftsidebar 200 4.57056ms
2025/04/19 15:11:03 [GET] ::1 /v1/admin/checkauth 200 5.785649ms
2025/04/19 15:11:04 [GET] ::1 /v1/admin/checkauth 200 8.366499ms
2025/04/19 15:11:04 [GET] ::1 /v1/admin/checkauth 200 6.892665ms
2025/04/19 15:11:05 [GET] ::1 /v1/config 200 6.002998ms
2025/04/19 15:11:05 [GET] ::1 /v1/admin/checkauth 200 3.555341ms
2025/04/19 15:11:06 [GET] ::1 /v1/admin/checkauth 200 3.034974ms
2025/04/19 15:11:07 [GET] ::1 /v1/config/key/widget_leftsidebar 200 2.829062ms
2025/04/19 15:11:07 [GET] ::1 /v1/admin/checkauth 200 4.719938ms
2025/04/19 15:11:08 [GET] ::1 /v1/admin/checkauth 200 3.327871ms
2025/04/19 15:11:09 [GET] ::1 /v1/config/key/widget_leftsidebar 200 16.310829ms
2025/04/19 15:11:10 [GET] ::1 /v1/admin/checkauth 200 7.283678ms
2025/04/19 15:11:11 [GET] ::1 /v1/component 200 8.765645ms
2025/04/19 15:15:01 [GET] ::1 /v1/admin/checkauth 200 58.917835ms
2025/04/19 15:15:01 [GET] ::1 /v1/admin/checkauth 200 51.119608ms
2025/04/19 15:15:03 [GET] ::1 /v1/checkstatus 200 688.992µs
2025/04/19 15:15:03 [GET] ::1 /v1/config/key/layout 200 12.603578ms
2025/04/19 15:15:09 [GET] ::1 /v1/admin/checkauth 200 20.022893ms
2025/04/19 15:15:12 [GET] ::1 /v1/config/key/widget_leftsidebar 200 3.967073ms
2025/04/19 15:15:12 [GET] ::1 /v1/admin/checkauth 200 4.47421ms
2025/04/19 15:15:13 [GET] ::1 /v1/admin/checkauth 200 3.945026ms
2025/04/19 15:15:13 [GET] ::1 /v1/admin/checkauth 200 4.637221ms
2025/04/19 15:15:14 [GET] ::1 /v1/config 200 21.055905ms
2025/04/19 15:15:15 [GET] ::1 /v1/admin/checkauth 200 4.91582ms
2025/04/19 15:15:16 [GET] ::1 /v1/admin/checkauth 200 17.042384ms
2025/04/19 15:15:17 [GET] ::1 /v1/config/key/widget_leftsidebar 200 4.083706ms
2025/04/19 15:15:17 [GET] ::1 /v1/admin/checkauth 200 4.918531ms
2025/04/19 15:15:19 [GET] ::1 /v1/admin/checkauth 200 7.157111ms
2025/04/19 15:15:20 [GET] ::1 /v1/config/key/widget_leftsidebar 200 4.968944ms
2025/04/19 15:15:20 [GET] ::1 /v1/admin/checkauth 200 4.365399ms
2025/04/19 15:15:21 [GET] ::1 /v1/component 200 8.431818ms
2025/04/19 15:15:27 [GET] ::1 /v1/admin/checkauth 200 33.35607ms
2025/04/19 15:15:27 [GET] ::1 /v1/admin/checkauth 200 14.848688ms
2025/04/19 15:15:29 [GET] ::1 /v1/checkstatus 200 67.7µs
2025/04/19 15:15:32 [GET] ::1 /v1/config/key/layout 200 9.060047ms
2025/04/19 15:15:38 [GET] ::1 /v1/admin/checkauth 200 15.447486ms
2025/04/19 15:15:40 [GET] ::1 /v1/config/key/widget_leftsidebar 200 3.341501ms
2025/04/19 15:15:40 [GET] ::1 /v1/admin/checkauth 200 4.026301ms
2025/04/19 15:15:41 [GET] ::1 /v1/admin/checkauth 200 4.354026ms
2025/04/19 15:15:42 [GET] ::1 /v1/admin/checkauth 200 4.546764ms
2025/04/19 15:15:42 [GET] ::1 /v1/config 200 17.155961ms
2025/04/19 15:15:43 [GET] ::1 /v1/admin/checkauth 200 10.671064ms
2025/04/19 15:15:44 [GET] ::1 /v1/admin/checkauth 200 3.826475ms
2025/04/19 15:15:45 [GET] ::1 /v1/config/key/widget_leftsidebar 200 12.762253ms
2025/04/19 15:15:45 [GET] ::1 /v1/admin/checkauth 200 5.920309ms
2025/04/19 15:15:47 [GET] ::1 /v1/admin/checkauth 200 3.603881ms
2025/04/19 15:15:48 [GET] ::1 /v1/config/key/widget_leftsidebar 200 2.543286ms
2025/04/19 15:15:48 [GET] ::1 /v1/admin/checkauth 200 5.93074ms
2025/04/19 15:15:49 [GET] ::1 /v1/component 200 3.975097ms
2025/04/19 15:15:55 [GET] ::1 /v1/admin/checkauth 200 4.078623ms
2025/04/19 15:15:55 [GET] ::1 /v1/admin/checkauth 200 3.384957ms
2025/04/19 15:15:56 [GET] ::1 /v1/checkstatus 200 53.434µs
2025/04/19 15:15:56 [GET] ::1 /v1/config/key/layout 200 3.668403ms
2025/04/19 15:16:03 [GET] ::1 /v1/admin/checkauth 200 141.889731ms
2025/04/19 15:16:06 [GET] ::1 /v1/config/key/widget_leftsidebar 200 4.552406ms
2025/04/19 15:16:06 [GET] ::1 /v1/admin/checkauth 200 4.681205ms
2025/04/19 15:16:07 [GET] ::1 /v1/admin/checkauth 200 5.697359ms
2025/04/19 15:16:07 [GET] ::1 /v1/admin/checkauth 200 7.865652ms
2025/04/19 15:16:08 [GET] ::1 /v1/config 200 9.853993ms
2025/04/19 15:16:08 [GET] ::1 /v1/admin/checkauth 200 3.673182ms
2025/04/19 15:16:09 [GET] ::1 /v1/admin/checkauth 200 5.608417ms
2025/04/19 15:16:10 [GET] ::1 /v1/config/key/widget_leftsidebar 200 3.756884ms
2025/04/19 15:16:10 [GET] ::1 /v1/admin/checkauth 200 2.961308ms
2025/04/19 15:16:11 [GET] ::1 /v1/admin/checkauth 200 5.004079ms
2025/04/19 15:16:12 [GET] ::1 /v1/config/key/widget_leftsidebar 200 2.255225ms
2025/04/19 15:16:13 [GET] ::1 /v1/admin/checkauth 200 3.218733ms
2025/04/19 15:16:13 [GET] ::1 /v1/component 200 7.264466ms
2025/04/19 15:22:40 [GET] ::1 /v1/admin/checkauth 200 196.614425ms
2025/04/19 15:22:41 [GET] ::1 /v1/checkstatus 200 18.381µs
2025/04/19 15:22:41 [GET] ::1 /v1/config/key/layout 200 16.914965ms
2025/04/19 15:22:46 [GET] ::1 /v1/admin/checkauth 200 19.610207ms
2025/04/19 15:22:49 [GET] ::1 /v1/config/key/widget_leftsidebar 200 2.490888ms
2025/04/19 15:22:49 [GET] ::1 /v1/admin/checkauth 200 4.379536ms
2025/04/19 15:22:50 [GET] ::1 /v1/admin/checkauth 200 3.844958ms
2025/04/19 15:22:51 [GET] ::1 /v1/admin/checkauth 200 6.688705ms
2025/04/19 15:22:52 [GET] ::1 /v1/config 200 11.092868ms
2025/04/19 15:22:52 [GET] ::1 /v1/admin/checkauth 200 4.649872ms
2025/04/19 15:22:53 [GET] ::1 /v1/admin/checkauth 200 4.167897ms
2025/04/19 15:22:54 [GET] ::1 /v1/config/key/widget_leftsidebar 200 3.735078ms
2025/04/19 15:22:54 [GET] ::1 /v1/admin/checkauth 200 2.176808ms
2025/04/19 15:22:55 [GET] ::1 /v1/admin/checkauth 200 3.788318ms
2025/04/19 15:22:55 [GET] ::1 /v1/config/key/widget_leftsidebar 200 3.000291ms
2025/04/19 15:22:56 [GET] ::1 /v1/admin/checkauth 200 4.411812ms
2025/04/19 15:22:57 [GET] ::1 /v1/component 200 11.230611ms
2025/04/19 15:41:11 [GET] ::1 /v1/admin/checkauth 200 131.296444ms
2025/04/19 15:41:12 [GET] ::1 /v1/checkstatus 200 22.771µs
2025/04/19 15:41:12 [GET] ::1 /v1/config/key/layout 200 3.635553ms
2025/04/19 15:41:25 [GET] ::1 /v1/admin/checkauth 200 113.081021ms
2025/04/19 15:41:26 [GET] ::1 /v1/config/key/widget_leftsidebar 200 7.684398ms
2025/04/19 15:41:27 [GET] ::1 /v1/admin/checkauth 200 6.272506ms
2025/04/19 15:41:27 [GET] ::1 /v1/admin/checkauth 200 4.268971ms
2025/04/19 15:41:27 [GET] ::1 /v1/admin/checkauth 200 2.9508ms
2025/04/19 15:41:28 [GET] ::1 /v1/config 200 13.714833ms
2025/04/19 15:41:28 [GET] ::1 /v1/admin/checkauth 200 3.797052ms
2025/04/19 15:41:29 [GET] ::1 /v1/admin/checkauth 200 4.101085ms
2025/04/19 15:41:29 [GET] ::1 /v1/config/key/widget_leftsidebar 200 2.683528ms
2025/04/19 15:41:30 [GET] ::1 /v1/admin/checkauth 200 1.804196ms
2025/04/19 15:41:30 [GET] ::1 /v1/admin/checkauth 200 2.826546ms
2025/04/19 15:41:31 [GET] ::1 /v1/config/key/widget_leftsidebar 200 4.036401ms
2025/04/19 15:41:31 [GET] ::1 /v1/admin/checkauth 200 3.283072ms
2025/04/19 15:41:32 [GET] ::1 /v1/component 200 9.860661ms
2025/04/19 15:44:19 [GET] ::1 /v1/admin/checkauth 200 119.199206ms
2025/04/19 15:44:19 [GET] ::1 /v1/admin/checkauth 200 126.502749ms
2025/04/19 15:44:20 [GET] ::1 /v1/checkstatus 200 345.797µs
2025/04/19 15:44:20 [GET] ::1 /v1/config/key/layout 200 14.346325ms
2025/04/19 15:44:26 [GET] ::1 /v1/admin/checkauth 200 11.496041ms
2025/04/19 15:44:28 [GET] ::1 /v1/config/key/widget_leftsidebar 200 3.184925ms
2025/04/19 15:44:28 [GET] ::1 /v1/admin/checkauth 200 2.567112ms
2025/04/19 15:44:28 [GET] ::1 /v1/admin/checkauth 200 3.913265ms
2025/04/19 15:44:29 [GET] ::1 /v1/admin/checkauth 200 3.713203ms
2025/04/19 15:44:29 [GET] ::1 /v1/config 200 17.463003ms
2025/04/19 15:44:29 [GET] ::1 /v1/admin/checkauth 200 4.095647ms
2025/04/19 15:44:30 [GET] ::1 /v1/admin/checkauth 200 4.23002ms
2025/04/19 15:44:31 [GET] ::1 /v1/config/key/widget_leftsidebar 200 2.840126ms
2025/04/19 15:44:31 [GET] ::1 /v1/admin/checkauth 200 3.389292ms
2025/04/19 15:44:31 [GET] ::1 /v1/admin/checkauth 200 3.797312ms
2025/04/19 15:44:32 [GET] ::1 /v1/config/key/widget_leftsidebar 200 3.143476ms
2025/04/19 15:44:32 [GET] ::1 /v1/admin/checkauth 200 10.04287ms
2025/04/19 15:44:33 [GET] ::1 /v1/component 200 9.51736ms
2025/04/19 15:46:25 [GET] ::1 /v1/admin/checkauth 200 29.293126ms
2025/04/19 15:46:25 [GET] ::1 /v1/admin/checkauth 200 44.5585ms
2025/04/19 15:46:26 [GET] ::1 /v1/checkstatus 200 16.73µs
2025/04/19 15:46:26 [GET] ::1 /v1/config/key/layout 200 7.824862ms
2025/04/19 15:46:29 [GET] ::1 /v1/admin/checkauth 200 3.856201ms
2025/04/19 15:46:31 [GET] ::1 /v1/config/key/widget_leftsidebar 200 2.362325ms
2025/04/19 15:46:31 [GET] ::1 /v1/admin/checkauth 200 8.690263ms
2025/04/19 15:46:32 [GET] ::1 /v1/admin/checkauth 200 2.91511ms
2025/04/19 15:46:32 [GET] ::1 /v1/admin/checkauth 200 2.462508ms
2025/04/19 15:46:32 [GET] ::1 /v1/config 200 11.404283ms
2025/04/19 15:46:33 [GET] ::1 /v1/admin/checkauth 200 2.051789ms
2025/04/19 15:46:33 [GET] ::1 /v1/config/key/widget_rightsidebar 200 2.92264ms
2025/04/19 15:46:33 [GET] ::1 /v1/admin/checkauth 200 2.391844ms
2025/04/19 15:46:34 [GET] ::1 /v1/admin/checkauth 200 2.67346ms
2025/04/19 15:46:35 [GET] ::1 /v1/config/key/widget_leftsidebar 200 2.418465ms
2025/04/19 15:46:35 [GET] ::1 /v1/admin/checkauth 200 2.127292ms
2025/04/19 15:46:35 [GET] ::1 /v1/admin/checkauth 200 4.088617ms
2025/04/19 15:46:36 [GET] ::1 /v1/config/key/widget_leftsidebar 200 3.674993ms
2025/04/19 15:46:36 [GET] ::1 /v1/admin/checkauth 200 3.768667ms
2025/04/19 15:46:37 [GET] ::1 /v1/component 200 5.108699ms
2025/04/19 15:46:37 [GET] ::1 /v1/admin/checkauth 200 3.400342ms
2025/04/19 15:46:38 [GET] ::1 /v1/config/key/widget_footer1 200 2.649543ms
2025/04/19 15:46:38 [GET] ::1 /v1/admin/checkauth 200 3.529787ms
2025/04/19 15:46:39 [GET] ::1 /v1/config/key/widget_rightsidebar 200 3.374215ms
2025/04/19 15:46:40 [GET] ::1 /v1/admin/checkauth 200 5.245538ms
2025/04/19 15:46:40 [GET] ::1 /v1/config/key/widget_rightsidebar 200 4.172334ms
2025/04/19 15:46:40 [GET] ::1 /v1/admin/checkauth 200 2.311345ms
2025/04/19 15:46:41 [GET] ::1 /v1/config/key/widget_footer2 200 4.77018ms
2025/04/19 15:46:41 [GET] ::1 /v1/admin/checkauth 200 1.980029ms
2025/04/19 15:46:42 [GET] ::1 /v1/config/key/widget_footer1 200 3.336557ms
2025/04/19 15:46:42 [GET] ::1 /v1/admin/checkauth 200 6.838896ms
2025/04/19 15:46:42 [GET] ::1 /v1/config/key/widget_footer1 200 2.387882ms
2025/04/19 15:46:42 [GET] ::1 /v1/admin/checkauth 200 2.194545ms
2025/04/19 15:46:43 [GET] ::1 /v1/config/key/widget_footer2 200 4.633238ms
2025/04/19 15:46:43 [GET] ::1 /v1/admin/checkauth 200 5.090004ms
2025/04/19 15:46:44 [GET] ::1 /v1/config/key/widget_footer2 200 4.667761ms
