2025/04/14 08:16:31 [GET] ::1 /v1/checkstatus 200 55.389µs
2025/04/14 08:16:31 [GET] ::1 /v1/config/key/layout 200 51.491145ms
2025/04/14 08:16:32 [GET] ::1 /v1/config/key/style_typography 200 2.693273ms
2025/04/14 08:16:32 [GET] ::1 /v1/config/key/style_color 200 2.481052ms
2025/04/14 08:16:32 [GET] ::1 /v1/config/key/style_drawer 200 3.129267ms
2025/04/14 08:16:32 [GET] ::1 /v1/component 200 7.339972ms
2025/04/14 08:16:32 [GET] ::1 /v1/config/key/homepage 200 11.879934ms
2025/04/14 08:16:32 [GET] ::1 /v1/config/key/header_topbar 200 7.695506ms
2025/04/14 08:16:32 [GET] ::1 /v1/page/1 200 11.09782ms
2025/04/14 08:16:32 [GET] ::1 /v1/config/key/header_siteidentify 200 6.616522ms
2025/04/14 08:16:32 [GET] ::1 /v1/menu_location/1 200 7.74133ms
2025/04/14 08:16:32 [GET] ::1 /v1/image/23 200 2.032714ms
2025/04/14 08:16:32 [GET] ::1 /v1/menu/1 200 2.677547ms
2025/04/14 08:16:33 [GET] ::1 /v1/config 200 7.6577ms
2025/04/14 08:16:50 [POST] ::1 /v1/admin/token/refresh 200 33.766528ms
2025/04/14 08:16:52 [GET] ::1 /v1/checkstatus 200 23.433µs
2025/04/14 08:16:53 [GET] ::1 /v1/admin/checkauth 200 4.047202ms
2025/04/14 08:16:53 [GET] ::1 /v1/admin/checkauth 200 2.991833ms
2025/04/14 08:16:53 [GET] ::1 /v1/admin/checkauth 200 2.79617ms
2025/04/14 08:16:54 [GET] ::1 /v1/config 200 2.346117ms
2025/04/14 08:16:54 [GET] ::1 /v1/admin/checkauth 200 4.44166ms
2025/04/14 08:16:54 [GET] ::1 /v1/admin/checkauth 200 3.803307ms
2025/04/14 08:17:47 [GET] ::1 /v1/admin/checkauth 200 11.28826ms
2025/04/14 08:17:52 [GET] ::1 /v1/admin/checkauth 200 1.934378ms
2025/04/14 08:17:54 [GET] ::1 /v1/admin/checkauth 200 2.871454ms
2025/04/14 08:17:55 [GET] ::1 /v1/component 200 4.97573ms
2025/04/14 08:17:55 [GET] ::1 /v1/admin/checkauth 200 2.073793ms
2025/04/14 08:17:55 [GET] ::1 /v1/component 200 9.699019ms
2025/04/14 10:09:53 [GET] ::1 /v1/admin/checkauth 200 7.258368ms
2025/04/14 10:09:54 [GET] ::1 /v1/checkstatus 200 22.903µs
2025/04/14 10:09:55 [GET] ::1 /v1/admin/checkauth 200 3.34533ms
2025/04/14 10:09:56 [GET] ::1 /v1/admin/checkauth 200 3.505616ms
2025/04/14 10:09:56 [GET] ::1 /v1/admin/checkauth 200 3.132382ms
2025/04/14 10:09:56 [GET] ::1 /v1/config 200 1.871742ms
2025/04/14 10:09:56 [GET] ::1 /v1/admin/checkauth 200 2.077637ms
2025/04/14 10:09:56 [GET] ::1 /v1/component 200 2.490265ms
2025/04/14 10:09:56 [GET] ::1 /v1/admin/checkauth 200 2.100499ms
2025/04/14 10:09:56 [GET] ::1 /v1/component 200 2.101783ms
2025/04/14 10:09:56 [GET] ::1 /v1/admin/checkauth 200 3.327422ms
2025/04/14 10:09:56 [GET] ::1 /v1/admin/checkauth 200 3.26829ms
2025/04/14 10:09:56 [GET] ::1 /v1/admin/checkauth 200 4.116992ms
2025/04/14 10:09:56 [GET] ::1 /v1/component 200 1.755168ms
2025/04/14 10:09:57 [GET] ::1 /v1/admin/checkauth 200 3.842467ms
2025/04/14 10:09:57 [GET] ::1 /v1/component 200 1.41412ms
2025/04/14 10:11:07 [GET] ::1 /v1/admin/checkauth 200 4.262816ms
2025/04/14 10:11:08 [GET] ::1 /v1/checkstatus 200 15.598µs
2025/04/14 10:11:09 [GET] ::1 /v1/admin/checkauth 200 2.339553ms
2025/04/14 10:11:09 [GET] ::1 /v1/admin/checkauth 200 5.414119ms
2025/04/14 10:11:09 [GET] ::1 /v1/admin/checkauth 200 2.192999ms
2025/04/14 10:11:09 [GET] ::1 /v1/config 200 2.272617ms
2025/04/14 10:11:09 [GET] ::1 /v1/admin/checkauth 200 2.519604ms
2025/04/14 10:11:09 [GET] ::1 /v1/component 200 1.842048ms
2025/04/14 10:11:09 [GET] ::1 /v1/admin/checkauth 200 3.208229ms
2025/04/14 10:11:10 [GET] ::1 /v1/component 200 2.99134ms
2025/04/14 10:11:10 [GET] ::1 /v1/admin/checkauth 200 3.343735ms
2025/04/14 10:11:10 [GET] ::1 /v1/admin/checkauth 200 3.42214ms
2025/04/14 10:11:10 [GET] ::1 /v1/admin/checkauth 200 2.811062ms
2025/04/14 10:11:10 [GET] ::1 /v1/component 200 2.342591ms
2025/04/14 10:11:10 [GET] ::1 /v1/admin/checkauth 200 2.869419ms
2025/04/14 10:11:10 [GET] ::1 /v1/component 200 4.10348ms
2025/04/14 15:57:14 [GET] ::1 /v1/admin/checkauth 200 74.446967ms
2025/04/14 15:57:14 [GET] ::1 /v1/checkstatus 200 15.812µs
2025/04/14 15:57:16 [GET] ::1 /v1/admin/checkauth 200 3.331915ms
2025/04/14 15:57:16 [GET] ::1 /v1/admin/checkauth 200 2.616979ms
2025/04/14 15:57:16 [GET] ::1 /v1/admin/checkauth 200 5.434255ms
2025/04/14 15:57:16 [GET] ::1 /v1/config 200 6.869207ms
2025/04/14 15:57:16 [GET] ::1 /v1/admin/checkauth 200 3.859425ms
2025/04/14 15:57:17 [GET] ::1 /v1/component 200 7.217971ms
2025/04/14 15:57:17 [GET] ::1 /v1/admin/checkauth 200 3.820814ms
2025/04/14 15:57:17 [GET] ::1 /v1/component 200 2.74787ms
2025/04/14 15:57:17 [GET] ::1 /v1/admin/checkauth 200 2.604836ms
2025/04/14 15:57:17 [GET] ::1 /v1/admin/checkauth 200 2.471086ms
2025/04/14 15:57:17 [GET] ::1 /v1/admin/checkauth 200 6.823645ms
2025/04/14 15:57:17 [GET] ::1 /v1/component 200 2.315081ms
2025/04/14 15:57:17 [GET] ::1 /v1/admin/checkauth 200 4.043814ms
2025/04/14 15:57:17 [GET] ::1 /v1/component 200 1.565921ms
2025/04/14 15:59:09 [GET] ::1 /v1/admin/checkauth 200 13.798032ms
2025/04/14 15:59:09 [GET] ::1 /v1/checkstatus 200 17.843µs
2025/04/14 15:59:11 [GET] ::1 /v1/admin/checkauth 200 2.960887ms
2025/04/14 15:59:11 [GET] ::1 /v1/admin/checkauth 200 4.928234ms
2025/04/14 15:59:11 [GET] ::1 /v1/admin/checkauth 200 3.243623ms
2025/04/14 15:59:11 [GET] ::1 /v1/config 200 5.722984ms
2025/04/14 15:59:11 [GET] ::1 /v1/admin/checkauth 200 2.289067ms
2025/04/14 15:59:11 [GET] ::1 /v1/component 200 2.809782ms
2025/04/14 15:59:12 [GET] ::1 /v1/admin/checkauth 200 2.817639ms
2025/04/14 15:59:12 [GET] ::1 /v1/component 200 2.014657ms
2025/04/14 15:59:12 [GET] ::1 /v1/admin/checkauth 200 3.386897ms
2025/04/14 15:59:12 [GET] ::1 /v1/admin/checkauth 200 3.725881ms
2025/04/14 15:59:12 [GET] ::1 /v1/admin/checkauth 200 2.43692ms
2025/04/14 15:59:12 [GET] ::1 /v1/component 200 2.98219ms
2025/04/14 15:59:12 [GET] ::1 /v1/admin/checkauth 200 1.991602ms
2025/04/14 15:59:12 [GET] ::1 /v1/component 200 1.67535ms
2025/04/14 16:00:13 [GET] ::1 /v1/admin/checkauth 200 6.987894ms
2025/04/14 16:00:14 [GET] ::1 /v1/checkstatus 200 253.109µs
2025/04/14 16:00:15 [GET] ::1 /v1/admin/checkauth 200 2.473524ms
2025/04/14 16:00:15 [GET] ::1 /v1/admin/checkauth 200 3.82281ms
2025/04/14 16:00:15 [GET] ::1 /v1/admin/checkauth 200 3.562788ms
2025/04/14 16:00:15 [GET] ::1 /v1/config 200 2.294935ms
2025/04/14 16:00:16 [GET] ::1 /v1/admin/checkauth 200 3.481671ms
2025/04/14 16:00:16 [GET] ::1 /v1/component 200 3.32433ms
2025/04/14 16:00:16 [GET] ::1 /v1/admin/checkauth 200 3.05102ms
2025/04/14 16:00:16 [GET] ::1 /v1/component 200 1.446993ms
2025/04/14 16:00:16 [GET] ::1 /v1/admin/checkauth 200 2.822538ms
2025/04/14 16:00:16 [GET] ::1 /v1/admin/checkauth 200 3.363154ms
2025/04/14 16:00:16 [GET] ::1 /v1/admin/checkauth 200 4.88453ms
2025/04/14 16:00:16 [GET] ::1 /v1/component 200 2.293367ms
2025/04/14 16:00:16 [GET] ::1 /v1/admin/checkauth 200 9.970628ms
2025/04/14 16:00:16 [GET] ::1 /v1/component 200 4.599373ms
2025/04/14 16:03:14 [GET] ::1 /v1/admin/checkauth 200 5.283532ms
2025/04/14 16:03:14 [GET] ::1 /v1/checkstatus 200 14.05µs
2025/04/14 16:03:16 [GET] ::1 /v1/admin/checkauth 200 4.318084ms
2025/04/14 16:03:16 [GET] ::1 /v1/admin/checkauth 200 2.824806ms
2025/04/14 16:03:16 [GET] ::1 /v1/admin/checkauth 200 2.733803ms
2025/04/14 16:03:16 [GET] ::1 /v1/config 200 2.810124ms
2025/04/14 16:03:16 [GET] ::1 /v1/admin/checkauth 200 3.840648ms
2025/04/14 16:03:16 [GET] ::1 /v1/component 200 2.176491ms
2025/04/14 16:03:16 [GET] ::1 /v1/admin/checkauth 200 3.655449ms
2025/04/14 16:03:16 [GET] ::1 /v1/component 200 1.688819ms
2025/04/14 16:03:16 [GET] ::1 /v1/admin/checkauth 200 1.607504ms
2025/04/14 16:03:17 [GET] ::1 /v1/admin/checkauth 200 2.849495ms
2025/04/14 16:03:17 [GET] ::1 /v1/admin/checkauth 200 1.785001ms
2025/04/14 16:03:17 [GET] ::1 /v1/component 200 1.525935ms
2025/04/14 16:03:17 [GET] ::1 /v1/admin/checkauth 200 2.46671ms
2025/04/14 16:03:17 [GET] ::1 /v1/component 200 2.620862ms
2025/04/14 16:04:14 [GET] ::1 /v1/admin/checkauth 200 6.277391ms
2025/04/14 16:04:15 [GET] ::1 /v1/checkstatus 200 15.536µs
2025/04/14 16:04:16 [GET] ::1 /v1/admin/checkauth 200 5.145116ms
2025/04/14 16:04:16 [GET] ::1 /v1/admin/checkauth 200 2.364739ms
2025/04/14 16:04:16 [GET] ::1 /v1/admin/checkauth 200 6.193613ms
2025/04/14 16:04:17 [GET] ::1 /v1/config 200 2.2309ms
2025/04/14 16:04:17 [GET] ::1 /v1/admin/checkauth 200 1.732598ms
2025/04/14 16:04:17 [GET] ::1 /v1/component 200 1.700106ms
2025/04/14 16:04:17 [GET] ::1 /v1/admin/checkauth 200 2.782392ms
2025/04/14 16:04:17 [GET] ::1 /v1/component 200 1.830334ms
2025/04/14 16:04:17 [GET] ::1 /v1/admin/checkauth 200 2.16147ms
2025/04/14 16:04:17 [GET] ::1 /v1/admin/checkauth 200 2.392815ms
2025/04/14 16:04:17 [GET] ::1 /v1/admin/checkauth 200 2.601596ms
2025/04/14 16:04:17 [GET] ::1 /v1/component 200 1.780093ms
2025/04/14 16:04:18 [GET] ::1 /v1/admin/checkauth 200 3.410227ms
2025/04/14 16:04:18 [GET] ::1 /v1/component 200 1.840042ms
2025/04/14 16:04:50 [GET] ::1 /v1/admin/checkauth 200 1.715641ms
2025/04/14 16:04:50 [GET] ::1 /v1/checkstatus 200 17.956µs
2025/04/14 16:04:51 [GET] ::1 /v1/admin/checkauth 200 2.805346ms
2025/04/14 16:04:51 [GET] ::1 /v1/admin/checkauth 200 2.594455ms
2025/04/14 16:04:51 [GET] ::1 /v1/admin/checkauth 200 5.818833ms
2025/04/14 16:04:52 [GET] ::1 /v1/config 200 1.500461ms
2025/04/14 16:04:52 [GET] ::1 /v1/admin/checkauth 200 3.75208ms
2025/04/14 16:04:52 [GET] ::1 /v1/component 200 1.814104ms
2025/04/14 16:04:52 [GET] ::1 /v1/admin/checkauth 200 2.423008ms
2025/04/14 16:04:52 [GET] ::1 /v1/component 200 2.434836ms
2025/04/14 16:04:52 [GET] ::1 /v1/admin/checkauth 200 2.898915ms
2025/04/14 16:04:52 [GET] ::1 /v1/admin/checkauth 200 3.754563ms
2025/04/14 16:04:52 [GET] ::1 /v1/admin/checkauth 200 3.006132ms
2025/04/14 16:04:53 [GET] ::1 /v1/component 200 3.119775ms
2025/04/14 16:04:53 [GET] ::1 /v1/admin/checkauth 200 3.900785ms
2025/04/14 16:04:53 [GET] ::1 /v1/component 200 1.738982ms
2025/04/14 16:07:21 [GET] ::1 /v1/admin/checkauth 200 5.147071ms
2025/04/14 16:07:21 [GET] ::1 /v1/checkstatus 200 18.27µs
2025/04/14 16:07:22 [GET] ::1 /v1/admin/checkauth 200 2.561798ms
2025/04/14 16:07:22 [GET] ::1 /v1/admin/checkauth 200 3.785822ms
2025/04/14 16:07:22 [GET] ::1 /v1/admin/checkauth 200 3.196935ms
2025/04/14 16:07:22 [GET] ::1 /v1/config 200 2.226078ms
2025/04/14 16:07:23 [GET] ::1 /v1/admin/checkauth 200 2.968025ms
2025/04/14 16:07:23 [GET] ::1 /v1/component 200 3.598283ms
2025/04/14 16:07:23 [GET] ::1 /v1/admin/checkauth 200 2.342563ms
2025/04/14 16:07:23 [GET] ::1 /v1/component 200 2.126193ms
2025/04/14 16:07:23 [GET] ::1 /v1/admin/checkauth 200 2.593559ms
2025/04/14 16:07:23 [GET] ::1 /v1/admin/checkauth 200 2.202794ms
2025/04/14 16:07:23 [GET] ::1 /v1/admin/checkauth 200 3.988271ms
2025/04/14 16:07:23 [GET] ::1 /v1/component 200 1.587067ms
2025/04/14 16:07:24 [GET] ::1 /v1/admin/checkauth 200 2.432376ms
2025/04/14 16:07:24 [GET] ::1 /v1/component 200 2.214125ms
2025/04/14 16:09:38 [GET] ::1 /v1/admin/checkauth 200 6.452867ms
2025/04/14 16:09:38 [GET] ::1 /v1/checkstatus 200 15.207µs
2025/04/14 16:09:39 [GET] ::1 /v1/admin/checkauth 200 3.816539ms
2025/04/14 16:09:40 [GET] ::1 /v1/admin/checkauth 200 2.513165ms
2025/04/14 16:09:40 [GET] ::1 /v1/admin/checkauth 200 4.082091ms
2025/04/14 16:09:40 [GET] ::1 /v1/config 200 3.024605ms
2025/04/14 16:09:40 [GET] ::1 /v1/admin/checkauth 200 4.694869ms
2025/04/14 16:09:40 [GET] ::1 /v1/component 200 2.318265ms
2025/04/14 16:09:40 [GET] ::1 /v1/admin/checkauth 200 2.742442ms
2025/04/14 16:09:40 [GET] ::1 /v1/component 200 1.567541ms
2025/04/14 16:09:40 [GET] ::1 /v1/admin/checkauth 200 2.749793ms
2025/04/14 16:09:40 [GET] ::1 /v1/admin/checkauth 200 2.259702ms
2025/04/14 16:09:41 [GET] ::1 /v1/admin/checkauth 200 2.035413ms
2025/04/14 16:09:41 [GET] ::1 /v1/component 200 2.533367ms
2025/04/14 16:09:41 [GET] ::1 /v1/admin/checkauth 200 2.108459ms
2025/04/14 16:09:41 [GET] ::1 /v1/component 200 2.530034ms
2025/04/14 16:12:03 [GET] ::1 /v1/admin/checkauth 200 4.644783ms
2025/04/14 16:12:03 [GET] ::1 /v1/checkstatus 200 35.105µs
2025/04/14 16:12:04 [GET] ::1 /v1/admin/checkauth 200 2.646001ms
2025/04/14 16:12:04 [GET] ::1 /v1/admin/checkauth 200 2.328933ms
2025/04/14 16:12:04 [GET] ::1 /v1/admin/checkauth 200 2.576616ms
2025/04/14 16:12:04 [GET] ::1 /v1/config 200 2.33682ms
2025/04/14 16:12:05 [GET] ::1 /v1/admin/checkauth 200 6.528157ms
2025/04/14 16:12:05 [GET] ::1 /v1/component 200 2.574314ms
2025/04/14 16:12:05 [GET] ::1 /v1/admin/checkauth 200 2.560847ms
2025/04/14 16:12:05 [GET] ::1 /v1/component 200 4.943459ms
2025/04/14 16:12:05 [GET] ::1 /v1/admin/checkauth 200 4.845292ms
2025/04/14 16:12:05 [GET] ::1 /v1/admin/checkauth 200 2.754704ms
2025/04/14 16:12:05 [GET] ::1 /v1/admin/checkauth 200 3.346052ms
2025/04/14 16:12:05 [GET] ::1 /v1/component 200 1.527524ms
2025/04/14 16:12:06 [GET] ::1 /v1/admin/checkauth 200 2.990592ms
2025/04/14 16:12:06 [GET] ::1 /v1/component 200 1.787984ms
2025/04/14 16:14:06 [GET] ::1 /v1/admin/checkauth 200 4.207275ms
2025/04/14 16:14:06 [GET] ::1 /v1/checkstatus 200 32.295µs
2025/04/14 16:14:07 [GET] ::1 /v1/admin/checkauth 200 2.301161ms
2025/04/14 16:14:07 [GET] ::1 /v1/admin/checkauth 200 9.081136ms
2025/04/14 16:14:07 [GET] ::1 /v1/admin/checkauth 200 2.40662ms
2025/04/14 16:14:07 [GET] ::1 /v1/config 200 2.208817ms
2025/04/14 16:14:08 [GET] ::1 /v1/admin/checkauth 200 6.34462ms
2025/04/14 16:14:08 [GET] ::1 /v1/component 200 2.459174ms
2025/04/14 16:14:08 [GET] ::1 /v1/admin/checkauth 200 4.561577ms
2025/04/14 16:14:08 [GET] ::1 /v1/component 200 2.349508ms
2025/04/14 16:14:08 [GET] ::1 /v1/admin/checkauth 200 1.878409ms
2025/04/14 16:14:08 [GET] ::1 /v1/admin/checkauth 200 2.625681ms
2025/04/14 16:14:09 [GET] ::1 /v1/admin/checkauth 200 2.830683ms
2025/04/14 16:14:09 [GET] ::1 /v1/component 200 2.085322ms
2025/04/14 16:14:09 [GET] ::1 /v1/admin/checkauth 200 4.21711ms
2025/04/14 16:14:09 [GET] ::1 /v1/component 200 1.632891ms
2025/04/14 16:15:44 [GET] ::1 /v1/admin/checkauth 200 6.355162ms
2025/04/14 16:15:45 [GET] ::1 /v1/checkstatus 200 17.052µs
2025/04/14 16:15:46 [GET] ::1 /v1/admin/checkauth 200 2.384474ms
2025/04/14 16:15:46 [GET] ::1 /v1/admin/checkauth 200 6.002438ms
2025/04/14 16:15:46 [GET] ::1 /v1/admin/checkauth 200 2.2046ms
2025/04/14 16:15:46 [GET] ::1 /v1/config 200 4.436869ms
2025/04/14 16:15:46 [GET] ::1 /v1/admin/checkauth 200 2.100247ms
2025/04/14 16:15:46 [GET] ::1 /v1/component 200 2.305689ms
2025/04/14 16:15:46 [GET] ::1 /v1/admin/checkauth 200 2.191523ms
2025/04/14 16:15:47 [GET] ::1 /v1/component 200 1.743442ms
2025/04/14 16:15:47 [GET] ::1 /v1/admin/checkauth 200 2.837023ms
2025/04/14 16:15:47 [GET] ::1 /v1/admin/checkauth 200 3.206793ms
2025/04/14 16:15:47 [GET] ::1 /v1/admin/checkauth 200 1.952784ms
2025/04/14 16:15:47 [GET] ::1 /v1/component 200 1.730295ms
2025/04/14 16:15:47 [GET] ::1 /v1/admin/checkauth 200 3.514686ms
2025/04/14 16:15:47 [GET] ::1 /v1/component 200 1.664565ms
2025/04/14 16:19:14 [GET] ::1 /v1/admin/checkauth 200 7.644883ms
2025/04/14 16:19:14 [GET] ::1 /v1/checkstatus 200 16.584µs
2025/04/14 16:19:16 [GET] ::1 /v1/admin/checkauth 200 2.414407ms
2025/04/14 16:19:16 [GET] ::1 /v1/admin/checkauth 200 2.107094ms
2025/04/14 16:19:16 [GET] ::1 /v1/admin/checkauth 200 3.636947ms
2025/04/14 16:19:16 [GET] ::1 /v1/config 200 1.521537ms
2025/04/14 16:19:16 [GET] ::1 /v1/admin/checkauth 200 2.313818ms
2025/04/14 16:19:16 [GET] ::1 /v1/component 200 2.747986ms
2025/04/14 16:19:16 [GET] ::1 /v1/admin/checkauth 200 4.169626ms
2025/04/14 16:19:16 [GET] ::1 /v1/component 200 1.828055ms
2025/04/14 16:19:16 [GET] ::1 /v1/admin/checkauth 200 2.054848ms
2025/04/14 16:19:17 [GET] ::1 /v1/admin/checkauth 200 8.609219ms
2025/04/14 16:19:17 [GET] ::1 /v1/admin/checkauth 200 2.610666ms
2025/04/14 16:19:17 [GET] ::1 /v1/component 200 1.711691ms
2025/04/14 16:19:17 [GET] ::1 /v1/admin/checkauth 200 3.858217ms
2025/04/14 16:19:17 [GET] ::1 /v1/component 200 3.070503ms
2025/04/14 16:22:08 [GET] ::1 /v1/admin/checkauth 200 5.429803ms
2025/04/14 16:22:08 [GET] ::1 /v1/checkstatus 200 20.764µs
2025/04/14 16:22:09 [GET] ::1 /v1/admin/checkauth 200 1.734802ms
2025/04/14 16:22:10 [GET] ::1 /v1/admin/checkauth 200 2.874724ms
2025/04/14 16:22:10 [GET] ::1 /v1/admin/checkauth 200 1.974133ms
2025/04/14 16:22:10 [GET] ::1 /v1/config 200 5.111475ms
2025/04/14 16:22:10 [GET] ::1 /v1/admin/checkauth 200 1.976272ms
2025/04/14 16:22:10 [GET] ::1 /v1/component 200 1.568919ms
2025/04/14 16:22:10 [GET] ::1 /v1/admin/checkauth 200 3.210162ms
2025/04/14 16:22:10 [GET] ::1 /v1/component 200 2.437196ms
2025/04/14 16:22:10 [GET] ::1 /v1/admin/checkauth 200 3.965904ms
2025/04/14 16:22:10 [GET] ::1 /v1/admin/checkauth 200 8.659284ms
2025/04/14 16:22:11 [GET] ::1 /v1/admin/checkauth 200 1.90456ms
2025/04/14 16:22:11 [GET] ::1 /v1/component 200 1.411294ms
2025/04/14 16:22:11 [GET] ::1 /v1/admin/checkauth 200 2.785355ms
2025/04/14 16:22:11 [GET] ::1 /v1/component 200 3.218766ms
2025/04/14 16:24:11 [GET] ::1 /v1/admin/checkauth 200 7.659704ms
2025/04/14 16:37:40 [GET] ::1 /v1/admin/checkauth 200 6.986993ms
2025/04/14 16:37:40 [GET] ::1 /v1/admin/checkauth 200 12.852265ms
2025/04/14 16:37:41 [GET] ::1 /v1/checkstatus 200 26.591µs
2025/04/14 16:37:43 [GET] ::1 /v1/admin/checkauth 200 3.102597ms
2025/04/14 16:37:43 [GET] ::1 /v1/admin/checkauth 200 2.105165ms
2025/04/14 16:37:43 [GET] ::1 /v1/admin/checkauth 200 2.126628ms
2025/04/14 16:37:43 [GET] ::1 /v1/config 200 4.152547ms
2025/04/14 16:37:43 [GET] ::1 /v1/admin/checkauth 200 2.349772ms
2025/04/14 16:37:43 [GET] ::1 /v1/component 200 2.298233ms
2025/04/14 16:37:43 [GET] ::1 /v1/admin/checkauth 200 2.615272ms
2025/04/14 16:37:43 [GET] ::1 /v1/component 200 3.371864ms
2025/04/14 16:37:44 [GET] ::1 /v1/admin/checkauth 200 5.449239ms
2025/04/14 16:37:44 [GET] ::1 /v1/admin/checkauth 200 2.026998ms
2025/04/14 16:37:44 [GET] ::1 /v1/admin/checkauth 200 2.29169ms
2025/04/14 16:37:44 [GET] ::1 /v1/component 200 2.713945ms
2025/04/14 16:37:44 [GET] ::1 /v1/admin/checkauth 200 5.050895ms
2025/04/14 16:37:44 [GET] ::1 /v1/component 200 2.990142ms
2025/04/14 16:39:30 [GET] ::1 /v1/admin/checkauth 200 5.075325ms
2025/04/14 16:42:05 [GET] ::1 /v1/admin/checkauth 200 12.470823ms
2025/04/14 16:42:05 [GET] ::1 /v1/admin/checkauth 200 14.559281ms
2025/04/14 16:42:05 [GET] ::1 /v1/checkstatus 200 20.164µs
2025/04/14 16:42:07 [GET] ::1 /v1/admin/checkauth 200 3.735108ms
2025/04/14 16:42:07 [GET] ::1 /v1/admin/checkauth 200 2.956193ms
2025/04/14 16:42:07 [GET] ::1 /v1/admin/checkauth 200 2.541591ms
2025/04/14 16:42:07 [GET] ::1 /v1/config 200 2.283603ms
2025/04/14 16:42:08 [GET] ::1 /v1/admin/checkauth 200 4.771934ms
2025/04/14 16:42:08 [GET] ::1 /v1/component 200 1.495789ms
2025/04/14 16:42:08 [GET] ::1 /v1/admin/checkauth 200 2.882007ms
2025/04/14 16:42:08 [GET] ::1 /v1/component 200 2.674658ms
2025/04/14 16:42:08 [GET] ::1 /v1/admin/checkauth 200 6.704844ms
2025/04/14 16:42:08 [GET] ::1 /v1/admin/checkauth 200 5.243353ms
2025/04/14 16:42:09 [GET] ::1 /v1/admin/checkauth 200 2.651559ms
2025/04/14 16:42:09 [GET] ::1 /v1/component 200 3.242531ms
2025/04/14 16:42:09 [GET] ::1 /v1/admin/checkauth 200 4.11211ms
2025/04/14 16:42:09 [GET] ::1 /v1/component 200 1.951025ms
2025/04/14 16:44:48 [GET] ::1 /v1/admin/checkauth 200 4.015928ms
2025/04/14 16:44:48 [GET] ::1 /v1/checkstatus 200 17.174µs
2025/04/14 16:44:49 [GET] ::1 /v1/admin/checkauth 200 3.440454ms
2025/04/14 16:44:50 [GET] ::1 /v1/admin/checkauth 200 2.734863ms
2025/04/14 16:44:50 [GET] ::1 /v1/admin/checkauth 200 2.054693ms
2025/04/14 16:44:50 [GET] ::1 /v1/config 200 1.703716ms
2025/04/14 16:44:50 [GET] ::1 /v1/admin/checkauth 200 2.025857ms
2025/04/14 16:44:50 [GET] ::1 /v1/component 200 1.965673ms
2025/04/14 16:44:50 [GET] ::1 /v1/admin/checkauth 200 4.460885ms
2025/04/14 16:44:50 [GET] ::1 /v1/component 200 2.913628ms
2025/04/14 16:44:50 [GET] ::1 /v1/admin/checkauth 200 2.951817ms
2025/04/14 16:44:51 [GET] ::1 /v1/admin/checkauth 200 1.912778ms
2025/04/14 16:44:51 [GET] ::1 /v1/admin/checkauth 200 2.584477ms
2025/04/14 16:44:51 [GET] ::1 /v1/component 200 1.531116ms
2025/04/14 16:44:51 [GET] ::1 /v1/admin/checkauth 200 2.16013ms
2025/04/14 16:44:51 [GET] ::1 /v1/component 200 1.7512ms
2025/04/14 16:46:32 [GET] ::1 /v1/admin/checkauth 200 5.025546ms
2025/04/14 16:46:32 [GET] ::1 /v1/checkstatus 200 15.649µs
2025/04/14 16:46:34 [GET] ::1 /v1/admin/checkauth 200 4.286919ms
2025/04/14 16:46:34 [GET] ::1 /v1/admin/checkauth 200 2.15563ms
2025/04/14 16:46:34 [GET] ::1 /v1/admin/checkauth 200 4.853611ms
2025/04/14 16:46:34 [GET] ::1 /v1/config 200 1.952375ms
2025/04/14 16:46:34 [GET] ::1 /v1/admin/checkauth 200 2.359904ms
2025/04/14 16:46:34 [GET] ::1 /v1/component 200 1.663032ms
2025/04/14 16:46:34 [GET] ::1 /v1/admin/checkauth 200 5.371662ms
2025/04/14 16:46:34 [GET] ::1 /v1/component 200 1.372431ms
2025/04/14 16:46:35 [GET] ::1 /v1/admin/checkauth 200 2.257297ms
2025/04/14 16:46:35 [GET] ::1 /v1/admin/checkauth 200 2.294069ms
2025/04/14 16:46:35 [GET] ::1 /v1/admin/checkauth 200 4.886777ms
2025/04/14 16:46:35 [GET] ::1 /v1/component 200 1.486588ms
2025/04/14 16:46:35 [GET] ::1 /v1/admin/checkauth 200 6.514534ms
2025/04/14 16:46:35 [GET] ::1 /v1/component 200 3.639712ms
2025/04/14 17:06:50 [GET] ::1 /v1/admin/checkauth 200 3.705104ms
2025/04/14 17:06:57 [GET] ::1 /v1/admin/checkauth 200 2.146475ms
2025/04/14 17:07:51 [GET] ::1 /v1/admin/checkauth 200 4.109009ms
2025/04/14 17:07:51 [PUT] ::1 /v1/admin/configs/6 200 56.083922ms
2025/04/14 17:07:55 [GET] ::1 /v1/admin/checkauth 200 3.886471ms
2025/04/14 17:08:03 [GET] ::1 /v1/admin/checkauth 200 3.81061ms
2025/04/14 17:08:06 [GET] ::1 /v1/admin/checkauth 200 5.646546ms
2025/04/14 17:08:17 [GET] ::1 /v1/admin/checkauth 200 2.423198ms
2025/04/14 17:08:17 [PUT] ::1 /v1/admin/configs/5 200 16.256611ms
2025/04/14 17:08:17 [GET] ::1 /v1/admin/checkauth 200 1.860546ms
2025/04/14 17:08:17 [PUT] ::1 /v1/admin/configs/7 200 9.905601ms
2025/04/14 17:09:20 [GET] ::1 /v1/admin/checkauth 200 3.300417ms
2025/04/14 17:09:27 [GET] ::1 /v1/admin/checkauth 200 2.902933ms
2025/04/14 17:16:45 [GET] ::1 /v1/admin/checkauth 200 3.992984ms
2025/04/14 17:16:45 [GET] ::1 /v1/checkstatus 200 19.164µs
2025/04/14 17:16:47 [GET] ::1 /v1/admin/checkauth 200 3.606665ms
2025/04/14 17:16:47 [GET] ::1 /v1/admin/checkauth 200 2.747202ms
2025/04/14 17:16:48 [GET] ::1 /v1/admin/checkauth 200 16.5811ms
2025/04/14 17:16:48 [GET] ::1 /v1/config 200 2.434435ms
2025/04/14 17:16:48 [GET] ::1 /v1/admin/checkauth 200 3.894904ms
2025/04/14 17:16:48 [GET] ::1 /v1/component 200 1.902107ms
2025/04/14 17:16:48 [GET] ::1 /v1/admin/checkauth 200 2.590417ms
2025/04/14 17:16:48 [GET] ::1 /v1/component 200 3.312ms
2025/04/14 17:16:48 [GET] ::1 /v1/admin/checkauth 200 2.465475ms
2025/04/14 17:16:48 [GET] ::1 /v1/admin/checkauth 200 2.707127ms
2025/04/14 17:16:49 [GET] ::1 /v1/admin/checkauth 200 4.315313ms
2025/04/14 17:16:49 [GET] ::1 /v1/component 200 1.590048ms
2025/04/14 17:16:49 [GET] ::1 /v1/admin/checkauth 200 2.751693ms
2025/04/14 17:16:49 [GET] ::1 /v1/component 200 3.131745ms
2025/04/14 17:21:31 [GET] ::1 /v1/admin/checkauth 200 6.533207ms
2025/04/14 17:21:31 [GET] ::1 /v1/checkstatus 200 15.581µs
2025/04/14 17:21:33 [GET] ::1 /v1/admin/checkauth 200 2.759605ms
2025/04/14 17:21:33 [GET] ::1 /v1/admin/checkauth 200 4.126438ms
2025/04/14 17:21:33 [GET] ::1 /v1/admin/checkauth 200 3.068375ms
2025/04/14 17:21:34 [GET] ::1 /v1/config 200 2.942738ms
2025/04/14 17:21:34 [GET] ::1 /v1/admin/checkauth 200 2.760369ms
2025/04/14 17:21:34 [GET] ::1 /v1/component 200 2.606935ms
2025/04/14 17:21:34 [GET] ::1 /v1/admin/checkauth 200 2.870756ms
2025/04/14 17:21:35 [GET] ::1 /v1/component 200 2.418986ms
2025/04/14 17:21:35 [GET] ::1 /v1/admin/checkauth 200 2.701042ms
2025/04/14 17:21:35 [GET] ::1 /v1/admin/checkauth 200 3.920452ms
2025/04/14 17:21:35 [GET] ::1 /v1/admin/checkauth 200 4.663008ms
2025/04/14 17:21:35 [GET] ::1 /v1/component 200 1.613596ms
2025/04/14 17:21:35 [GET] ::1 /v1/admin/checkauth 200 4.576066ms
2025/04/14 17:21:35 [GET] ::1 /v1/component 200 3.427591ms
2025/04/14 17:21:37 [GET] ::1 /v1/admin/checkauth 200 2.47683ms
2025/04/14 17:21:38 [GET] ::1 /v1/admin/checkauth 200 6.06175ms
2025/04/14 17:21:38 [GET] ::1 /v1/component 200 1.949913ms
2025/04/14 17:21:39 [GET] ::1 /v1/admin/checkauth 200 2.0263ms
2025/04/14 17:21:39 [GET] ::1 /v1/component 200 1.497453ms
2025/04/14 17:21:41 [GET] ::1 /v1/admin/checkauth 200 2.242086ms
2025/04/14 17:21:42 [GET] ::1 /v1/admin/checkauth 200 3.10959ms
2025/04/14 17:21:42 [GET] ::1 /v1/component 200 2.127569ms
2025/04/14 17:21:42 [GET] ::1 /v1/admin/checkauth 200 2.313763ms
2025/04/14 17:21:42 [GET] ::1 /v1/component 200 2.260915ms
2025/04/14 17:21:46 [GET] ::1 /v1/admin/checkauth 200 5.112102ms
2025/04/14 17:21:49 [GET] ::1 /v1/admin/checkauth 200 4.697106ms
2025/04/14 17:22:07 [GET] ::1 /v1/admin/checkauth 200 2.660628ms
2025/04/14 17:22:07 [GET] ::1 /v1/admin/checkauth 200 3.821235ms
2025/04/14 17:22:07 [GET] ::1 /v1/admin/checkauth 200 7.00684ms
2025/04/14 17:22:07 [GET] ::1 /v1/admin/checkauth 200 3.183077ms
2025/04/14 17:22:07 [GET] ::1 /v1/admin/checkauth 200 2.762363ms
2025/04/14 17:22:07 [GET] ::1 /v1/admin/checkauth 200 2.358563ms
2025/04/14 17:22:08 [GET] ::1 /v1/admin/checkauth 200 3.871901ms
2025/04/14 17:22:08 [GET] ::1 /v1/admin/checkauth 200 2.414299ms
2025/04/14 17:22:08 [GET] ::1 /v1/admin/checkauth 200 4.368153ms
2025/04/14 17:22:09 [GET] ::1 /v1/checkstatus 200 35.855µs
2025/04/14 17:22:09 [GET] ::1 /v1/checkstatus 200 61.553µs
2025/04/14 17:22:09 [GET] ::1 /v1/checkstatus 200 67.541µs
2025/04/14 17:22:09 [GET] ::1 /v1/checkstatus 200 32.488µs
2025/04/14 17:22:10 [GET] ::1 /v1/checkstatus 200 16.907µs
2025/04/14 17:22:10 [GET] ::1 /v1/config/key/layout 200 5.12417ms
2025/04/14 17:22:10 [GET] ::1 /v1/config/key/style_typography 200 2.11727ms
2025/04/14 17:22:10 [GET] ::1 /v1/config/key/style_color 200 3.649286ms
2025/04/14 17:22:10 [GET] ::1 /v1/config/key/style_drawer 200 7.422619ms
2025/04/14 17:22:10 [GET] ::1 /v1/component 200 3.098616ms
2025/04/14 17:22:10 [GET] ::1 /v1/config/key/homepage 200 3.855253ms
2025/04/14 17:22:10 [GET] ::1 /v1/config/key/header_topbar 200 2.408292ms
2025/04/14 17:22:10 [GET] ::1 /v1/page/1 200 15.979871ms
2025/04/14 17:22:10 [GET] ::1 /v1/config/key/header_siteidentify 200 5.514642ms
2025/04/14 17:22:10 [GET] ::1 /v1/menu_location/1 200 8.375152ms
2025/04/14 17:22:10 [GET] ::1 /v1/image/23 200 1.931597ms
2025/04/14 17:22:11 [GET] ::1 /v1/menu/1 200 4.113724ms
2025/04/14 17:22:12 [GET] ::1 /v1/admin/checkauth 200 6.051014ms
2025/04/14 17:22:12 [GET] ::1 /v1/checkstatus 200 23.488µs
2025/04/14 17:22:12 [GET] ::1 /v1/config/key/layout 200 3.169716ms
2025/04/14 17:22:12 [GET] ::1 /v1/config/key/style_typography 200 3.176264ms
2025/04/14 17:22:12 [GET] ::1 /v1/config/key/style_color 200 2.655953ms
2025/04/14 17:22:12 [GET] ::1 /v1/config/key/style_drawer 200 1.977057ms
2025/04/14 17:22:12 [GET] ::1 /v1/config/key/homepage 200 3.432673ms
2025/04/14 17:22:12 [GET] ::1 /v1/component 200 3.77244ms
2025/04/14 17:22:12 [GET] ::1 /v1/page/1 200 3.243125ms
2025/04/14 17:22:12 [GET] ::1 /v1/config/key/header_topbar 200 4.637056ms
2025/04/14 17:22:12 [GET] ::1 /v1/menu_location/1 200 5.276187ms
2025/04/14 17:22:12 [GET] ::1 /v1/config/key/header_siteidentify 200 5.989034ms
2025/04/14 17:22:12 [GET] ::1 /v1/menu/1 200 2.934696ms
2025/04/14 17:22:12 [GET] ::1 /v1/image/23 200 2.188888ms
2025/04/14 17:22:13 [GET] ::1 /v1/admin/checkauth 200 2.942696ms
2025/04/14 17:22:13 [GET] ::1 /v1/admin/checkauth 200 2.326829ms
2025/04/14 17:22:14 [GET] ::1 /v1/config 200 1.669666ms
2025/04/14 17:22:14 [GET] ::1 /v1/checkstatus 200 49.857µs
2025/04/14 17:22:14 [GET] ::1 /v1/config/key/layout 200 2.08185ms
2025/04/14 17:22:14 [GET] ::1 /v1/config/key/style_typography 200 3.391335ms
2025/04/14 17:22:14 [GET] ::1 /v1/config/key/style_color 200 4.467585ms
2025/04/14 17:22:14 [GET] ::1 /v1/config/key/style_drawer 200 9.869519ms
2025/04/14 17:22:14 [GET] ::1 /v1/component 200 2.413995ms
2025/04/14 17:22:14 [GET] ::1 /v1/config/key/homepage 200 2.714528ms
2025/04/14 17:22:14 [GET] ::1 /v1/config/key/header_topbar 200 4.302443ms
2025/04/14 17:22:14 [GET] ::1 /v1/page/1 200 2.062075ms
2025/04/14 17:22:14 [GET] ::1 /v1/config/key/header_siteidentify 200 6.39588ms
2025/04/14 17:22:14 [GET] ::1 /v1/menu_location/1 200 4.958657ms
2025/04/14 17:22:14 [GET] ::1 /v1/image/23 200 3.29374ms
2025/04/14 17:22:14 [GET] ::1 /v1/menu/1 200 5.443491ms
2025/04/14 17:22:14 [GET] ::1 /v1/admin/checkauth 200 7.56301ms
2025/04/14 17:22:15 [GET] ::1 /v1/admin/checkauth 200 3.127508ms
2025/04/14 17:22:16 [GET] ::1 /v1/config 200 1.859761ms
2025/04/14 17:22:19 [GET] ::1 /v1/admin/checkauth 200 2.514432ms
2025/04/14 17:22:20 [GET] ::1 /v1/checkstatus 200 16.481µs
2025/04/14 17:22:20 [GET] ::1 /v1/config/key/layout 200 2.8355ms
2025/04/14 17:22:20 [GET] ::1 /v1/config/key/style_typography 200 4.377978ms
2025/04/14 17:22:20 [GET] ::1 /v1/config/key/style_color 200 4.748179ms
2025/04/14 17:22:20 [GET] ::1 /v1/config/key/style_drawer 200 3.211696ms
2025/04/14 17:22:20 [GET] ::1 /v1/config/key/homepage 200 7.573576ms
2025/04/14 17:22:20 [GET] ::1 /v1/component 200 8.098933ms
2025/04/14 17:22:20 [GET] ::1 /v1/page/1 200 2.698862ms
2025/04/14 17:22:20 [GET] ::1 /v1/config/key/header_topbar 200 4.016318ms
2025/04/14 17:22:20 [GET] ::1 /v1/config/key/header_siteidentify 200 3.619827ms
2025/04/14 17:22:20 [GET] ::1 /v1/menu_location/1 200 4.880008ms
2025/04/14 17:22:20 [GET] ::1 /v1/image/23 200 5.235491ms
2025/04/14 17:22:20 [GET] ::1 /v1/menu/1 200 3.079466ms
2025/04/14 17:22:20 [GET] ::1 /v1/admin/checkauth 200 2.899671ms
2025/04/14 17:22:21 [GET] ::1 /v1/component 200 1.872012ms
2025/04/14 17:22:21 [GET] ::1 /v1/admin/checkauth 200 2.705751ms
2025/04/14 17:22:22 [GET] ::1 /v1/component 200 1.806035ms
2025/04/14 17:22:22 [GET] ::1 /v1/config 200 1.928889ms
2025/04/14 17:26:08 [GET] ::1 /v1/admin/checkauth 200 8.500344ms
2025/04/14 17:30:21 [GET] ::1 /v1/admin/checkauth 200 5.21324ms
2025/04/14 17:30:21 [GET] ::1 /v1/admin/checkauth 200 4.533079ms
2025/04/14 17:30:21 [GET] ::1 /v1/admin/checkauth 200 3.543183ms
2025/04/14 17:30:21 [GET] ::1 /v1/admin/checkauth 200 2.670801ms
2025/04/14 17:30:21 [GET] ::1 /v1/admin/checkauth 200 3.534603ms
2025/04/14 17:30:21 [GET] ::1 /v1/admin/checkauth 200 4.087501ms
2025/04/14 17:30:22 [GET] ::1 /v1/admin/checkauth 200 3.155846ms
2025/04/14 17:30:23 [GET] ::1 /v1/checkstatus 200 34.088µs
2025/04/14 17:30:23 [GET] ::1 /v1/checkstatus 200 19.734µs
2025/04/14 17:30:24 [GET] ::1 /v1/admin/checkauth 200 6.681985ms
2025/04/14 17:30:24 [GET] ::1 /v1/admin/checkauth 200 10.954478ms
2025/04/14 17:30:24 [GET] ::1 /v1/checkstatus 200 18.734µs
2025/04/14 17:30:24 [GET] ::1 /v1/config/key/layout 200 7.769993ms
2025/04/14 17:30:25 [GET] ::1 /v1/config/key/style_typography 200 9.814901ms
2025/04/14 17:30:25 [GET] ::1 /v1/config/key/style_color 200 3.66335ms
2025/04/14 17:30:25 [GET] ::1 /v1/config/key/style_drawer 200 3.670121ms
2025/04/14 17:30:25 [GET] ::1 /v1/config/key/homepage 200 6.074788ms
2025/04/14 17:30:25 [GET] ::1 /v1/component 200 14.985055ms
2025/04/14 17:30:25 [GET] ::1 /v1/config/key/header_topbar 200 3.731354ms
2025/04/14 17:30:25 [GET] ::1 /v1/page/1 200 5.061596ms
2025/04/14 17:30:25 [GET] ::1 /v1/menu_location/1 200 4.504629ms
2025/04/14 17:30:25 [GET] ::1 /v1/config/key/header_siteidentify 200 8.496557ms
2025/04/14 17:30:25 [GET] ::1 /v1/menu/1 200 9.495312ms
2025/04/14 17:30:25 [GET] ::1 /v1/image/23 200 3.70488ms
2025/04/14 17:30:27 [GET] ::1 /v1/checkstatus 200 30.654µs
2025/04/14 17:30:27 [GET] ::1 /v1/config/key/layout 200 2.550026ms
2025/04/14 17:30:27 [GET] ::1 /v1/config/key/style_typography 200 2.992993ms
2025/04/14 17:30:27 [GET] ::1 /v1/config/key/style_color 200 3.485802ms
2025/04/14 17:30:27 [GET] ::1 /v1/config/key/style_drawer 200 3.722641ms
2025/04/14 17:30:27 [GET] ::1 /v1/component 200 1.901028ms
2025/04/14 17:30:27 [GET] ::1 /v1/config/key/homepage 200 2.048669ms
2025/04/14 17:30:27 [GET] ::1 /v1/page/1 200 3.874092ms
2025/04/14 17:30:27 [GET] ::1 /v1/config/key/header_topbar 200 2.233347ms
2025/04/14 17:30:27 [GET] ::1 /v1/menu_location/1 200 3.599371ms
2025/04/14 17:30:27 [GET] ::1 /v1/config/key/header_siteidentify 200 4.883596ms
2025/04/14 17:30:27 [GET] ::1 /v1/menu/1 200 2.355301ms
2025/04/14 17:30:27 [GET] ::1 /v1/image/23 200 3.971831ms
2025/04/14 17:30:28 [GET] ::1 /v1/admin/checkauth 200 13.404162ms
2025/04/14 17:30:28 [GET] ::1 /v1/admin/checkauth 200 3.158462ms
2025/04/14 17:30:28 [GET] ::1 /v1/admin/checkauth 200 3.196775ms
2025/04/14 17:30:28 [GET] ::1 /v1/config 200 1.626896ms
2025/04/14 17:30:29 [GET] ::1 /v1/admin/checkauth 200 2.170622ms
2025/04/14 17:30:29 [GET] ::1 /v1/component 200 3.241268ms
2025/04/14 17:30:29 [GET] ::1 /v1/admin/checkauth 200 2.426624ms
2025/04/14 17:30:29 [GET] ::1 /v1/component 200 2.915152ms
2025/04/14 17:30:29 [GET] ::1 /v1/admin/checkauth 200 1.753659ms
2025/04/14 17:30:30 [GET] ::1 /v1/admin/checkauth 200 5.095962ms
2025/04/14 17:30:30 [GET] ::1 /v1/admin/checkauth 200 2.696743ms
2025/04/14 17:30:30 [GET] ::1 /v1/component 200 1.622146ms
2025/04/14 17:30:30 [GET] ::1 /v1/admin/checkauth 200 5.032533ms
2025/04/14 17:30:30 [GET] ::1 /v1/component 200 2.545548ms
2025/04/14 17:31:19 [GET] ::1 /v1/admin/checkauth 200 6.788062ms
2025/04/14 17:31:19 [GET] ::1 /v1/checkstatus 200 19.428µs
2025/04/14 17:31:22 [GET] ::1 /v1/checkstatus 200 15.714µs
2025/04/14 17:31:22 [GET] ::1 /v1/config/key/layout 200 9.666779ms
2025/04/14 17:31:22 [GET] ::1 /v1/config/key/style_typography 200 6.860759ms
2025/04/14 17:31:22 [GET] ::1 /v1/config/key/style_color 200 3.552679ms
2025/04/14 17:31:22 [GET] ::1 /v1/admin/checkauth 200 2.250321ms
2025/04/14 17:31:22 [GET] ::1 /v1/config/key/style_drawer 200 3.184729ms
2025/04/14 17:31:22 [GET] ::1 /v1/component 200 9.446246ms
2025/04/14 17:31:22 [GET] ::1 /v1/config/key/homepage 200 8.94783ms
2025/04/14 17:31:22 [GET] ::1 /v1/config/key/header_topbar 200 3.738275ms
2025/04/14 17:31:22 [GET] ::1 /v1/menu_location/1 200 4.571492ms
2025/04/14 17:31:22 [GET] ::1 /v1/config/key/header_siteidentify 200 16.527089ms
2025/04/14 17:31:22 [GET] ::1 /v1/page/1 200 12.295577ms
2025/04/14 17:31:22 [GET] ::1 /v1/menu/1 200 5.342256ms
2025/04/14 17:31:22 [GET] ::1 /v1/image/23 200 2.590914ms
2025/04/14 17:31:23 [GET] ::1 /v1/admin/checkauth 200 4.288181ms
2025/04/14 17:31:23 [GET] ::1 /v1/admin/checkauth 200 7.527761ms
2025/04/14 17:31:23 [GET] ::1 /v1/config 200 3.859478ms
2025/04/14 17:31:23 [GET] ::1 /v1/admin/checkauth 200 2.992374ms
2025/04/14 17:31:24 [GET] ::1 /v1/component 200 2.331573ms
2025/04/14 17:31:24 [GET] ::1 /v1/admin/checkauth 200 6.300716ms
2025/04/14 17:31:24 [GET] ::1 /v1/component 200 5.886691ms
2025/04/14 17:31:24 [GET] ::1 /v1/admin/checkauth 200 2.679394ms
2025/04/14 17:31:24 [GET] ::1 /v1/admin/checkauth 200 8.387324ms
2025/04/14 17:31:25 [GET] ::1 /v1/admin/checkauth 200 3.635553ms
2025/04/14 17:31:25 [GET] ::1 /v1/component 200 1.536817ms
2025/04/14 17:31:25 [GET] ::1 /v1/admin/checkauth 200 3.561816ms
2025/04/14 17:31:25 [GET] ::1 /v1/component 200 1.611958ms
2025/04/14 17:32:20 [GET] ::1 /v1/checkstatus 200 830.501µs
2025/04/14 17:32:20 [GET] ::1 /v1/config/key/layout 200 2.074144ms
2025/04/14 17:32:20 [GET] ::1 /v1/config/key/style_typography 200 2.599975ms
2025/04/14 17:32:20 [GET] ::1 /v1/config/key/style_color 200 2.423685ms
2025/04/14 17:32:20 [GET] ::1 /v1/config/key/style_drawer 200 1.249572ms
2025/04/14 17:32:20 [GET] ::1 /v1/component 200 4.595429ms
2025/04/14 17:32:20 [GET] ::1 /v1/config/key/homepage 200 7.25831ms
2025/04/14 17:32:20 [GET] ::1 /v1/config/key/header_topbar 200 2.667571ms
2025/04/14 17:32:20 [GET] ::1 /v1/page/1 200 7.022445ms
2025/04/14 17:32:21 [GET] ::1 /v1/menu_location/1 200 2.656588ms
2025/04/14 17:32:21 [GET] ::1 /v1/config/key/header_siteidentify 200 4.336686ms
2025/04/14 17:32:21 [GET] ::1 /v1/menu/1 200 2.042091ms
2025/04/14 17:32:21 [GET] ::1 /v1/image/23 200 1.615753ms
2025/04/14 17:32:23 [GET] ::1 /v1/config 200 1.656104ms
2025/04/14 17:32:27 [GET] ::1 /v1/admin/checkauth 200 3.002662ms
2025/04/14 17:32:27 [GET] ::1 /v1/checkstatus 200 15.314µs
2025/04/14 17:32:29 [GET] ::1 /v1/checkstatus 200 23.566µs
2025/04/14 17:32:29 [GET] ::1 /v1/config/key/layout 200 6.11093ms
2025/04/14 17:32:29 [GET] ::1 /v1/config/key/style_typography 200 2.734641ms
2025/04/14 17:32:29 [GET] ::1 /v1/config/key/style_color 200 3.413074ms
2025/04/14 17:32:29 [GET] ::1 /v1/config/key/style_drawer 200 5.250067ms
2025/04/14 17:32:29 [GET] ::1 /v1/admin/checkauth 200 6.86143ms
2025/04/14 17:32:30 [GET] ::1 /v1/component 200 3.32978ms
2025/04/14 17:32:30 [GET] ::1 /v1/config/key/header_topbar 200 2.344297ms
2025/04/14 17:32:30 [GET] ::1 /v1/config/key/homepage 200 1.951502ms
2025/04/14 17:32:30 [GET] ::1 /v1/config/key/header_siteidentify 200 3.385482ms
2025/04/14 17:32:30 [GET] ::1 /v1/menu_location/1 200 7.421859ms
2025/04/14 17:32:30 [GET] ::1 /v1/menu/1 200 5.755569ms
2025/04/14 17:32:30 [GET] ::1 /v1/page/1 200 2.682856ms
2025/04/14 17:32:30 [GET] ::1 /v1/image/23 200 1.912277ms
2025/04/14 17:32:32 [GET] ::1 /v1/admin/checkauth 200 4.058382ms
2025/04/14 17:32:33 [GET] ::1 /v1/admin/checkauth 200 3.605483ms
2025/04/14 17:32:33 [GET] ::1 /v1/config 200 1.812514ms
2025/04/14 17:32:33 [GET] ::1 /v1/checkstatus 200 15.169µs
2025/04/14 17:32:33 [GET] ::1 /v1/config/key/layout 200 7.408959ms
2025/04/14 17:32:33 [GET] ::1 /v1/config/key/style_typography 200 2.569396ms
2025/04/14 17:32:33 [GET] ::1 /v1/config/key/style_color 200 4.789008ms
2025/04/14 17:32:33 [GET] ::1 /v1/config/key/style_drawer 200 6.340008ms
2025/04/14 17:32:33 [GET] ::1 /v1/component 200 3.328119ms
2025/04/14 17:32:33 [GET] ::1 /v1/config/key/homepage 200 2.634167ms
2025/04/14 17:32:33 [GET] ::1 /v1/config/key/header_topbar 200 2.33879ms
2025/04/14 17:32:33 [GET] ::1 /v1/page/1 200 4.713861ms
2025/04/14 17:32:33 [GET] ::1 /v1/config/key/header_siteidentify 200 7.582605ms
2025/04/14 17:32:33 [GET] ::1 /v1/menu_location/1 200 6.91512ms
2025/04/14 17:32:33 [GET] ::1 /v1/image/23 200 1.98247ms
2025/04/14 17:32:33 [GET] ::1 /v1/menu/1 200 2.546019ms
2025/04/14 17:32:34 [GET] ::1 /v1/admin/checkauth 200 2.975355ms
2025/04/14 17:32:34 [GET] ::1 /v1/component 200 2.156623ms
2025/04/14 17:32:35 [GET] ::1 /v1/admin/checkauth 200 3.309186ms
2025/04/14 17:32:36 [GET] ::1 /v1/component 200 4.679128ms
2025/04/14 17:32:36 [GET] ::1 /v1/config 200 1.479666ms
2025/04/14 17:32:36 [GET] ::1 /v1/admin/checkauth 200 5.264886ms
2025/04/14 17:32:36 [GET] ::1 /v1/admin/checkauth 200 2.26548ms
2025/04/14 17:32:37 [GET] ::1 /v1/admin/checkauth 200 2.27772ms
2025/04/14 17:32:37 [GET] ::1 /v1/component 200 1.541454ms
2025/04/14 17:32:37 [GET] ::1 /v1/admin/checkauth 200 4.129113ms
2025/04/14 17:32:37 [GET] ::1 /v1/component 200 1.508141ms
2025/04/14 17:38:17 [GET] ::1 /v1/admin/checkauth 200 4.471124ms
2025/04/14 17:38:17 [GET] ::1 /v1/checkstatus 200 15.921µs
2025/04/14 17:38:17 [GET] ::1 /v1/config/key/layout 200 5.541619ms
2025/04/14 17:38:17 [GET] ::1 /v1/config/key/style_typography 200 6.783041ms
2025/04/14 17:38:17 [GET] ::1 /v1/config/key/style_color 200 1.976705ms
2025/04/14 17:38:17 [GET] ::1 /v1/config/key/style_drawer 200 2.196843ms
2025/04/14 17:38:17 [GET] ::1 /v1/component 200 3.609167ms
2025/04/14 17:38:17 [GET] ::1 /v1/config/key/homepage 200 3.397252ms
2025/04/14 17:38:17 [GET] ::1 /v1/page/1 200 8.914025ms
2025/04/14 17:38:17 [GET] ::1 /v1/config/key/header_topbar 200 9.877673ms
2025/04/14 17:38:17 [GET] ::1 /v1/config/key/header_siteidentify 200 6.144341ms
2025/04/14 17:38:17 [GET] ::1 /v1/menu_location/1 200 3.51154ms
2025/04/14 17:38:17 [GET] ::1 /v1/image/23 200 3.104099ms
2025/04/14 17:38:18 [GET] ::1 /v1/menu/1 200 2.381413ms
2025/04/14 17:38:19 [GET] ::1 /v1/component 200 3.994953ms
2025/04/14 17:38:19 [GET] ::1 /v1/admin/checkauth 200 8.201076ms
2025/04/14 17:38:20 [GET] ::1 /v1/component 200 3.849689ms
2025/04/14 17:38:20 [GET] ::1 /v1/admin/checkauth 200 9.293752ms
2025/04/14 17:38:21 [GET] ::1 /v1/config 200 2.955956ms
2025/04/14 17:38:21 [GET] ::1 /v1/component 200 3.452592ms
2025/04/14 17:38:22 [GET] ::1 /v1/admin/checkauth 200 5.680425ms
2025/04/14 17:38:22 [GET] ::1 /v1/component 200 2.645755ms
2025/04/14 17:38:50 [GET] ::1 /v1/checkstatus 200 85.358µs
2025/04/14 17:38:50 [GET] ::1 /v1/config/key/layout 200 4.061307ms
2025/04/14 17:38:50 [GET] ::1 /v1/config/key/style_typography 200 4.47428ms
2025/04/14 17:38:50 [GET] ::1 /v1/config/key/style_color 200 3.409159ms
2025/04/14 17:38:50 [GET] ::1 /v1/config/key/style_drawer 200 2.016334ms
2025/04/14 17:38:50 [GET] ::1 /v1/admin/checkauth 200 2.811076ms
2025/04/14 17:38:50 [GET] ::1 /v1/component 200 1.911317ms
2025/04/14 17:38:50 [GET] ::1 /v1/config/key/homepage 200 2.858455ms
2025/04/14 17:38:50 [GET] ::1 /v1/page/1 200 2.75237ms
2025/04/14 17:38:50 [GET] ::1 /v1/config/key/header_topbar 200 3.616648ms
2025/04/14 17:38:50 [GET] ::1 /v1/config/key/header_siteidentify 200 3.693151ms
2025/04/14 17:38:50 [GET] ::1 /v1/menu_location/1 200 3.43309ms
2025/04/14 17:38:50 [GET] ::1 /v1/image/23 200 2.454428ms
2025/04/14 17:38:50 [GET] ::1 /v1/menu/1 200 4.567343ms
2025/04/14 17:38:52 [GET] ::1 /v1/component 200 3.53532ms
2025/04/14 17:38:52 [GET] ::1 /v1/admin/checkauth 200 3.132465ms
2025/04/14 17:38:53 [GET] ::1 /v1/config 200 5.862304ms
2025/04/14 17:38:53 [GET] ::1 /v1/component 200 2.324359ms
2025/04/14 17:38:54 [GET] ::1 /v1/admin/checkauth 200 3.16809ms
2025/04/14 17:38:54 [GET] ::1 /v1/component 200 1.485345ms
2025/04/14 17:38:54 [GET] ::1 /v1/admin/checkauth 200 2.53107ms
2025/04/14 17:38:54 [GET] ::1 /v1/component 200 2.415525ms
2025/04/14 17:39:14 [GET] ::1 /v1/admin/checkauth 200 2.97832ms
2025/04/14 17:39:14 [GET] ::1 /v1/checkstatus 200 23.106µs
2025/04/14 17:39:16 [GET] ::1 /v1/checkstatus 200 24.347µs
2025/04/14 17:39:16 [GET] ::1 /v1/config/key/layout 200 2.539364ms
2025/04/14 17:39:16 [GET] ::1 /v1/config/key/style_typography 200 3.478764ms
2025/04/14 17:39:16 [GET] ::1 /v1/config/key/style_color 200 2.29327ms
2025/04/14 17:39:16 [GET] ::1 /v1/config/key/style_drawer 200 2.667372ms
2025/04/14 17:39:16 [GET] ::1 /v1/component 200 2.009863ms
2025/04/14 17:39:16 [GET] ::1 /v1/config/key/homepage 200 3.520906ms
2025/04/14 17:39:16 [GET] ::1 /v1/page/1 200 5.97006ms
2025/04/14 17:39:16 [GET] ::1 /v1/config/key/header_topbar 200 6.760491ms
2025/04/14 17:39:16 [GET] ::1 /v1/menu_location/1 200 3.988345ms
2025/04/14 17:39:16 [GET] ::1 /v1/config/key/header_siteidentify 200 4.883517ms
2025/04/14 17:39:17 [GET] ::1 /v1/menu/1 200 2.48453ms
2025/04/14 17:39:17 [GET] ::1 /v1/image/23 200 1.618187ms
2025/04/14 17:39:17 [GET] ::1 /v1/admin/checkauth 200 3.606905ms
2025/04/14 17:39:19 [GET] ::1 /v1/admin/checkauth 200 4.99482ms
2025/04/14 17:39:19 [GET] ::1 /v1/config 200 1.953546ms
2025/04/14 17:39:19 [GET] ::1 /v1/admin/checkauth 200 3.263525ms
2025/04/14 17:39:20 [GET] ::1 /v1/config 200 1.784546ms
2025/04/14 17:39:20 [GET] ::1 /v1/checkstatus 200 16.33µs
2025/04/14 17:39:20 [GET] ::1 /v1/config/key/layout 200 2.210677ms
2025/04/14 17:39:20 [GET] ::1 /v1/config/key/style_typography 200 6.940147ms
2025/04/14 17:39:20 [GET] ::1 /v1/config/key/style_color 200 4.986107ms
2025/04/14 17:39:20 [GET] ::1 /v1/config/key/style_drawer 200 2.649879ms
2025/04/14 17:39:20 [GET] ::1 /v1/component 200 1.82856ms
2025/04/14 17:39:20 [GET] ::1 /v1/config/key/homepage 200 1.907573ms
2025/04/14 17:39:20 [GET] ::1 /v1/page/1 200 2.367097ms
2025/04/14 17:39:20 [GET] ::1 /v1/config/key/header_topbar 200 3.498708ms
2025/04/14 17:39:20 [GET] ::1 /v1/config/key/header_siteidentify 200 4.078216ms
2025/04/14 17:39:20 [GET] ::1 /v1/menu_location/1 200 3.251253ms
2025/04/14 17:39:20 [GET] ::1 /v1/image/23 200 3.601745ms
2025/04/14 17:39:20 [GET] ::1 /v1/menu/1 200 6.420948ms
2025/04/14 17:39:21 [GET] ::1 /v1/admin/checkauth 200 4.328474ms
2025/04/14 17:39:21 [GET] ::1 /v1/component 200 2.178942ms
2025/04/14 17:39:21 [GET] ::1 /v1/admin/checkauth 200 2.764391ms
2025/04/14 17:39:22 [GET] ::1 /v1/component 200 5.069426ms
2025/04/14 17:39:23 [GET] ::1 /v1/config 200 2.997618ms
2025/04/14 17:39:23 [GET] ::1 /v1/admin/checkauth 200 2.473756ms
2025/04/14 17:39:23 [GET] ::1 /v1/component 200 3.086737ms
2025/04/14 17:39:23 [GET] ::1 /v1/admin/checkauth 200 3.123036ms
2025/04/14 17:39:23 [GET] ::1 /v1/component 200 1.753427ms
2025/04/14 17:39:24 [GET] ::1 /v1/admin/checkauth 200 2.21357ms
2025/04/14 17:39:24 [GET] ::1 /v1/admin/checkauth 200 3.445417ms
2025/04/14 17:39:24 [GET] ::1 /v1/admin/checkauth 200 3.337969ms
2025/04/14 17:39:24 [GET] ::1 /v1/component 200 1.647436ms
2025/04/14 17:39:24 [GET] ::1 /v1/admin/checkauth 200 2.326292ms
2025/04/14 17:39:25 [GET] ::1 /v1/component 200 1.842988ms
2025/04/14 17:39:25 [GET] ::1 /v1/admin/checkauth 200 4.637489ms
2025/04/14 17:39:25 [GET] ::1 /v1/component 200 1.853626ms
2025/04/14 17:39:25 [GET] ::1 /v1/admin/checkauth 200 2.236646ms
2025/04/14 17:39:25 [GET] ::1 /v1/component 200 2.448384ms
2025/04/14 17:41:00 [GET] ::1 /v1/admin/checkauth 200 9.126145ms
2025/04/14 17:41:00 [GET] ::1 /v1/admin/checkauth 200 7.078615ms
2025/04/14 17:41:01 [GET] ::1 /v1/checkstatus 200 29.459µs
2025/04/14 17:41:01 [GET] ::1 /v1/config/key/layout 200 7.041581ms
2025/04/14 17:41:01 [GET] ::1 /v1/config/key/style_typography 200 2.703789ms
2025/04/14 17:41:01 [GET] ::1 /v1/config/key/style_color 200 2.331669ms
2025/04/14 17:41:01 [GET] ::1 /v1/config/key/style_drawer 200 3.982173ms
2025/04/14 17:41:01 [GET] ::1 /v1/checkstatus 200 16.634µs
2025/04/14 17:41:01 [GET] ::1 /v1/component 200 4.252168ms
2025/04/14 17:41:01 [GET] ::1 /v1/config/key/homepage 200 5.491437ms
2025/04/14 17:41:02 [GET] ::1 /v1/config/key/header_topbar 200 1.470514ms
2025/04/14 17:41:02 [GET] ::1 /v1/page/1 200 5.249825ms
2025/04/14 17:41:02 [GET] ::1 /v1/menu_location/1 200 4.820924ms
2025/04/14 17:41:02 [GET] ::1 /v1/config/key/header_siteidentify 200 6.966347ms
2025/04/14 17:41:02 [GET] ::1 /v1/menu/1 200 3.400135ms
2025/04/14 17:41:02 [GET] ::1 /v1/image/23 200 5.40395ms
2025/04/14 17:41:05 [GET] ::1 /v1/checkstatus 200 23.866µs
2025/04/14 17:41:05 [GET] ::1 /v1/config/key/layout 200 2.489285ms
2025/04/14 17:41:05 [GET] ::1 /v1/config/key/style_typography 200 2.533339ms
2025/04/14 17:41:05 [GET] ::1 /v1/config/key/style_color 200 2.33808ms
2025/04/14 17:41:06 [GET] ::1 /v1/config/key/style_drawer 200 2.346413ms
2025/04/14 17:41:06 [GET] ::1 /v1/component 200 3.242673ms
2025/04/14 17:41:06 [GET] ::1 /v1/config/key/homepage 200 8.27669ms
2025/04/14 17:41:06 [GET] ::1 /v1/config/key/header_topbar 200 2.542686ms
2025/04/14 17:41:06 [GET] ::1 /v1/page/1 200 4.09459ms
2025/04/14 17:41:06 [GET] ::1 /v1/config/key/header_siteidentify 200 2.703073ms
2025/04/14 17:41:06 [GET] ::1 /v1/menu_location/1 200 2.076139ms
2025/04/14 17:41:06 [GET] ::1 /v1/image/23 200 2.439469ms
2025/04/14 17:41:06 [GET] ::1 /v1/menu/1 200 2.567645ms
2025/04/14 17:41:07 [GET] ::1 /v1/admin/checkauth 200 9.037174ms
2025/04/14 17:41:09 [GET] ::1 /v1/admin/checkauth 200 4.972912ms
2025/04/14 17:41:09 [GET] ::1 /v1/admin/checkauth 200 5.125965ms
2025/04/14 17:41:10 [GET] ::1 /v1/config 200 6.786438ms
2025/04/14 17:41:10 [GET] ::1 /v1/checkstatus 200 16.863µs
2025/04/14 17:41:10 [GET] ::1 /v1/config/key/layout 200 5.677962ms
2025/04/14 17:41:10 [GET] ::1 /v1/config/key/style_typography 200 2.743186ms
2025/04/14 17:41:10 [GET] ::1 /v1/config/key/style_color 200 1.695332ms
2025/04/14 17:41:10 [GET] ::1 /v1/config/key/style_drawer 200 2.776258ms
2025/04/14 17:41:10 [GET] ::1 /v1/config/key/homepage 200 2.891028ms
2025/04/14 17:41:10 [GET] ::1 /v1/component 200 6.010534ms
2025/04/14 17:41:10 [GET] ::1 /v1/page/1 200 2.448811ms
2025/04/14 17:41:10 [GET] ::1 /v1/config/key/header_topbar 200 1.974127ms
2025/04/14 17:41:10 [GET] ::1 /v1/menu_location/1 200 4.010008ms
2025/04/14 17:41:10 [GET] ::1 /v1/config/key/header_siteidentify 200 6.831043ms
2025/04/14 17:41:10 [GET] ::1 /v1/menu/1 200 4.079529ms
2025/04/14 17:41:10 [GET] ::1 /v1/image/23 200 1.700392ms
2025/04/14 17:41:11 [GET] ::1 /v1/admin/checkauth 200 6.147228ms
2025/04/14 17:41:12 [GET] ::1 /v1/component 200 1.696276ms
2025/04/14 17:41:12 [GET] ::1 /v1/admin/checkauth 200 14.855115ms
2025/04/14 17:41:15 [GET] ::1 /v1/component 200 1.893852ms
2025/04/14 17:41:15 [GET] ::1 /v1/config 200 3.337254ms
2025/04/14 17:41:16 [GET] ::1 /v1/admin/checkauth 200 4.968059ms
2025/04/14 17:41:16 [GET] ::1 /v1/component 200 3.341733ms
2025/04/14 17:41:16 [GET] ::1 /v1/config 200 1.937513ms
2025/04/14 17:41:16 [GET] ::1 /v1/admin/checkauth 200 3.286027ms
2025/04/14 17:41:16 [GET] ::1 /v1/component 200 1.265826ms
2025/04/14 17:41:16 [GET] ::1 /v1/admin/checkauth 200 11.059548ms
2025/04/14 17:41:17 [GET] ::1 /v1/admin/checkauth 200 2.302949ms
2025/04/14 17:41:17 [GET] ::1 /v1/admin/checkauth 200 4.245031ms
2025/04/14 17:41:17 [GET] ::1 /v1/component 200 6.933132ms
2025/04/14 17:41:18 [GET] ::1 /v1/admin/checkauth 200 3.539757ms
2025/04/14 17:41:18 [GET] ::1 /v1/component 200 3.567645ms
2025/04/14 17:41:18 [GET] ::1 /v1/admin/checkauth 200 3.007089ms
2025/04/14 17:41:18 [GET] ::1 /v1/component 200 1.658067ms
2025/04/14 17:41:18 [GET] ::1 /v1/admin/checkauth 200 5.603757ms
2025/04/14 17:41:18 [GET] ::1 /v1/component 200 2.246248ms
2025/04/14 17:42:01 [GET] ::1 /v1/admin/checkauth 200 2.024348ms
2025/04/14 17:42:02 [GET] ::1 /v1/admin/checkauth 200 11.763725ms
2025/04/14 17:42:02 [GET] ::1 /v1/checkstatus 200 17.418µs
2025/04/14 17:42:02 [GET] ::1 /v1/config/key/layout 200 2.679704ms
2025/04/14 17:42:02 [GET] ::1 /v1/config/key/style_typography 200 3.248738ms
2025/04/14 17:42:02 [GET] ::1 /v1/config/key/style_color 200 3.360083ms
2025/04/14 17:42:02 [GET] ::1 /v1/config/key/style_drawer 200 3.99397ms
2025/04/14 17:42:02 [GET] ::1 /v1/component 200 5.889305ms
2025/04/14 17:42:02 [GET] ::1 /v1/config/key/homepage 200 6.08627ms
2025/04/14 17:42:02 [GET] ::1 /v1/page/1 200 6.450351ms
2025/04/14 17:42:02 [GET] ::1 /v1/config/key/header_topbar 200 7.234353ms
2025/04/14 17:42:03 [GET] ::1 /v1/menu_location/1 200 5.996965ms
2025/04/14 17:42:03 [GET] ::1 /v1/config/key/header_siteidentify 200 12.949646ms
2025/04/14 17:42:03 [GET] ::1 /v1/menu/1 200 11.086596ms
2025/04/14 17:42:03 [GET] ::1 /v1/image/23 200 3.55113ms
2025/04/14 17:42:04 [GET] ::1 /v1/component 200 3.337852ms
2025/04/14 17:42:04 [GET] ::1 /v1/admin/checkauth 200 4.452657ms
2025/04/14 17:42:05 [GET] ::1 /v1/component 200 2.393809ms
2025/04/14 17:42:05 [GET] ::1 /v1/admin/checkauth 200 4.360553ms
2025/04/14 17:42:06 [GET] ::1 /v1/component 200 1.29851ms
2025/04/14 17:42:06 [GET] ::1 /v1/admin/checkauth 200 2.267734ms
2025/04/14 17:42:06 [GET] ::1 /v1/component 200 2.006988ms
2025/04/14 17:42:08 [GET] ::1 /v1/config 200 1.880047ms
2025/04/14 17:42:09 [GET] ::1 /v1/config 200 1.650074ms
2025/04/14 17:42:20 [GET] ::1 /v1/admin/checkauth 200 2.384268ms
2025/04/14 17:42:20 [GET] ::1 /v1/checkstatus 200 19.656µs
2025/04/14 17:42:22 [GET] ::1 /v1/admin/checkauth 200 7.884814ms
2025/04/14 17:42:23 [GET] ::1 /v1/checkstatus 200 20.507µs
2025/04/14 17:42:23 [GET] ::1 /v1/config/key/layout 200 4.88514ms
2025/04/14 17:42:23 [GET] ::1 /v1/config/key/style_typography 200 3.420596ms
2025/04/14 17:42:23 [GET] ::1 /v1/config/key/style_color 200 9.348682ms
2025/04/14 17:42:23 [GET] ::1 /v1/config/key/style_drawer 200 6.866417ms
2025/04/14 17:42:23 [GET] ::1 /v1/component 200 3.168155ms
2025/04/14 17:42:23 [GET] ::1 /v1/config/key/homepage 200 4.409407ms
2025/04/14 17:42:23 [GET] ::1 /v1/config/key/header_topbar 200 8.909272ms
2025/04/14 17:42:23 [GET] ::1 /v1/page/1 200 9.002162ms
2025/04/14 17:42:23 [GET] ::1 /v1/config/key/header_siteidentify 200 2.196465ms
2025/04/14 17:42:23 [GET] ::1 /v1/menu_location/1 200 2.460557ms
2025/04/14 17:42:23 [GET] ::1 /v1/image/23 200 3.174436ms
2025/04/14 17:42:23 [GET] ::1 /v1/menu/1 200 3.252744ms
2025/04/14 17:42:24 [GET] ::1 /v1/admin/checkauth 200 3.573052ms
2025/04/14 17:42:25 [GET] ::1 /v1/admin/checkauth 200 2.775698ms
2025/04/14 17:42:25 [GET] ::1 /v1/config 200 3.629587ms
2025/04/14 17:42:25 [GET] ::1 /v1/checkstatus 200 24.827µs
2025/04/14 17:42:25 [GET] ::1 /v1/config/key/layout 200 14.294291ms
2025/04/14 17:42:25 [GET] ::1 /v1/config/key/style_typography 200 5.458016ms
2025/04/14 17:42:25 [GET] ::1 /v1/config/key/style_color 200 3.656929ms
2025/04/14 17:42:25 [GET] ::1 /v1/config/key/style_drawer 200 9.040399ms
2025/04/14 17:42:25 [GET] ::1 /v1/config/key/homepage 200 7.171186ms
2025/04/14 17:42:25 [GET] ::1 /v1/component 200 8.036522ms
2025/04/14 17:42:25 [GET] ::1 /v1/page/1 200 3.179411ms
2025/04/14 17:42:25 [GET] ::1 /v1/config/key/header_topbar 200 4.115661ms
2025/04/14 17:42:25 [GET] ::1 /v1/menu_location/1 200 4.142154ms
2025/04/14 17:42:25 [GET] ::1 /v1/config/key/header_siteidentify 200 5.464521ms
2025/04/14 17:42:25 [GET] ::1 /v1/menu/1 200 3.781469ms
2025/04/14 17:42:25 [GET] ::1 /v1/image/23 200 2.240492ms
2025/04/14 17:42:26 [GET] ::1 /v1/admin/checkauth 200 2.524167ms
2025/04/14 17:42:26 [GET] ::1 /v1/admin/checkauth 200 3.85168ms
2025/04/14 17:42:27 [GET] ::1 /v1/admin/checkauth 200 3.272309ms
2025/04/14 17:42:29 [GET] ::1 /v1/config 200 3.183301ms
2025/04/14 17:42:29 [GET] ::1 /v1/config 200 1.881862ms
2025/04/14 17:42:29 [GET] ::1 /v1/admin/checkauth 200 9.860326ms
2025/04/14 17:42:30 [GET] ::1 /v1/component 200 2.260999ms
2025/04/14 17:42:30 [GET] ::1 /v1/config 200 1.476862ms
2025/04/14 17:42:30 [GET] ::1 /v1/admin/checkauth 200 4.649032ms
2025/04/14 17:42:30 [GET] ::1 /v1/component 200 1.516685ms
2025/04/14 17:42:30 [GET] ::1 /v1/admin/checkauth 200 3.840847ms
2025/04/14 17:42:30 [GET] ::1 /v1/component 200 2.346748ms
2025/04/14 17:42:31 [GET] ::1 /v1/admin/checkauth 200 2.995089ms
2025/04/14 17:42:31 [GET] ::1 /v1/component 200 2.204718ms
2025/04/14 17:42:31 [GET] ::1 /v1/admin/checkauth 200 4.284664ms
2025/04/14 17:42:31 [GET] ::1 /v1/admin/checkauth 200 2.982926ms
2025/04/14 17:42:31 [GET] ::1 /v1/admin/checkauth 200 2.349471ms
2025/04/14 17:42:32 [GET] ::1 /v1/component 200 1.664925ms
2025/04/14 17:42:32 [GET] ::1 /v1/admin/checkauth 200 2.279989ms
2025/04/14 17:42:32 [GET] ::1 /v1/component 200 3.042227ms
2025/04/14 17:42:32 [GET] ::1 /v1/admin/checkauth 200 2.237604ms
2025/04/14 17:42:32 [GET] ::1 /v1/component 200 2.165328ms
2025/04/14 17:42:33 [GET] ::1 /v1/admin/checkauth 200 2.14764ms
2025/04/14 17:42:33 [GET] ::1 /v1/component 200 1.754164ms
2025/04/14 17:44:16 [GET] ::1 /v1/admin/checkauth 200 6.617975ms
2025/04/14 17:44:17 [GET] ::1 /v1/checkstatus 200 16.99µs
2025/04/14 17:44:19 [GET] ::1 /v1/checkstatus 200 18.412µs
2025/04/14 17:44:19 [GET] ::1 /v1/config/key/layout 200 2.034076ms
2025/04/14 17:44:19 [GET] ::1 /v1/config/key/style_typography 200 2.117415ms
2025/04/14 17:44:19 [GET] ::1 /v1/config/key/style_color 200 3.843924ms
2025/04/14 17:44:19 [GET] ::1 /v1/config/key/style_drawer 200 2.395534ms
2025/04/14 17:44:19 [GET] ::1 /v1/component 200 2.933953ms
2025/04/14 17:44:19 [GET] ::1 /v1/config/key/homepage 200 5.697598ms
2025/04/14 17:44:19 [GET] ::1 /v1/page/1 200 8.811671ms
2025/04/14 17:44:19 [GET] ::1 /v1/config/key/header_topbar 200 9.386998ms
2025/04/14 17:44:19 [GET] ::1 /v1/menu_location/1 200 4.838928ms
2025/04/14 17:44:19 [GET] ::1 /v1/config/key/header_siteidentify 200 10.527731ms
2025/04/14 17:44:19 [GET] ::1 /v1/menu/1 200 2.09856ms
2025/04/14 17:44:19 [GET] ::1 /v1/image/23 200 2.708935ms
2025/04/14 17:44:20 [GET] ::1 /v1/admin/checkauth 200 6.992834ms
2025/04/14 17:44:23 [GET] ::1 /v1/admin/checkauth 200 6.746236ms
2025/04/14 17:44:23 [GET] ::1 /v1/config 200 2.441133ms
2025/04/14 17:44:24 [GET] ::1 /v1/admin/checkauth 200 2.360803ms
2025/04/14 17:44:24 [GET] ::1 /v1/config 200 1.942295ms
2025/04/14 17:44:24 [GET] ::1 /v1/checkstatus 200 13.907µs
2025/04/14 17:44:24 [GET] ::1 /v1/config/key/layout 200 1.866196ms
2025/04/14 17:44:24 [GET] ::1 /v1/config/key/style_typography 200 3.278563ms
2025/04/14 17:44:24 [GET] ::1 /v1/config/key/style_color 200 7.790444ms
2025/04/14 17:44:24 [GET] ::1 /v1/config/key/style_drawer 200 2.301847ms
2025/04/14 17:44:24 [GET] ::1 /v1/component 200 4.510151ms
2025/04/14 17:44:24 [GET] ::1 /v1/config/key/homepage 200 5.132659ms
2025/04/14 17:44:24 [GET] ::1 /v1/config/key/header_topbar 200 1.717902ms
2025/04/14 17:44:24 [GET] ::1 /v1/page/1 200 3.049427ms
2025/04/14 17:44:24 [GET] ::1 /v1/config/key/header_siteidentify 200 2.462387ms
2025/04/14 17:44:24 [GET] ::1 /v1/menu_location/1 200 5.604585ms
2025/04/14 17:44:24 [GET] ::1 /v1/image/23 200 3.156415ms
2025/04/14 17:44:24 [GET] ::1 /v1/menu/1 200 5.26827ms
2025/04/14 17:44:25 [GET] ::1 /v1/admin/checkauth 200 3.172081ms
2025/04/14 17:44:26 [GET] ::1 /v1/component 200 1.823638ms
2025/04/14 17:44:26 [GET] ::1 /v1/admin/checkauth 200 3.49274ms
2025/04/14 17:44:28 [GET] ::1 /v1/component 200 1.967655ms
2025/04/14 17:44:28 [GET] ::1 /v1/config 200 2.332344ms
2025/04/14 17:44:29 [GET] ::1 /v1/admin/checkauth 200 5.20247ms
2025/04/14 17:44:29 [GET] ::1 /v1/component 200 2.745262ms
2025/04/14 17:44:29 [GET] ::1 /v1/config 200 2.645123ms
2025/04/14 17:44:29 [GET] ::1 /v1/admin/checkauth 200 4.691615ms
2025/04/14 17:44:29 [GET] ::1 /v1/component 200 2.032404ms
2025/04/14 17:44:30 [GET] ::1 /v1/admin/checkauth 200 2.264719ms
2025/04/14 17:44:30 [GET] ::1 /v1/admin/checkauth 200 2.870582ms
2025/04/14 17:44:30 [GET] ::1 /v1/admin/checkauth 200 4.648877ms
2025/04/14 17:44:30 [GET] ::1 /v1/component 200 1.42922ms
2025/04/14 17:44:31 [GET] ::1 /v1/admin/checkauth 200 1.807748ms
2025/04/14 17:44:31 [GET] ::1 /v1/component 200 1.686937ms
2025/04/14 17:44:31 [GET] ::1 /v1/admin/checkauth 200 8.708912ms
2025/04/14 17:44:31 [GET] ::1 /v1/component 200 1.661292ms
2025/04/14 17:44:31 [GET] ::1 /v1/admin/checkauth 200 7.158182ms
2025/04/14 17:44:32 [GET] ::1 /v1/component 200 2.391355ms
2025/04/14 17:45:22 [GET] ::1 /v1/admin/checkauth 200 7.354976ms
2025/04/14 17:45:25 [GET] ::1 /v1/admin/checkauth 200 5.412966ms
2025/04/14 17:45:27 [GET] ::1 /v1/checkstatus 200 18.953µs
2025/04/14 17:45:27 [GET] ::1 /v1/config/key/layout 200 4.911879ms
2025/04/14 17:45:27 [GET] ::1 /v1/config/key/style_typography 200 2.259649ms
2025/04/14 17:45:27 [GET] ::1 /v1/config/key/style_color 200 5.643246ms
2025/04/14 17:45:27 [GET] ::1 /v1/config/key/style_drawer 200 1.529893ms
2025/04/14 17:45:27 [GET] ::1 /v1/component 200 5.587552ms
2025/04/14 17:45:27 [GET] ::1 /v1/config/key/homepage 200 3.284556ms
2025/04/14 17:45:27 [GET] ::1 /v1/page/1 200 6.576725ms
2025/04/14 17:45:27 [GET] ::1 /v1/config/key/header_topbar 200 6.664873ms
2025/04/14 17:45:27 [GET] ::1 /v1/config/key/header_siteidentify 200 5.185481ms
2025/04/14 17:45:27 [GET] ::1 /v1/menu_location/1 200 5.467613ms
2025/04/14 17:45:27 [GET] ::1 /v1/image/23 200 1.468134ms
2025/04/14 17:45:27 [GET] ::1 /v1/menu/1 200 8.537195ms
2025/04/14 17:45:29 [GET] ::1 /v1/config 200 2.001571ms
2025/04/14 17:45:29 [GET] ::1 /v1/config 200 2.194058ms
2025/04/14 17:45:53 [GET] ::1 /v1/admin/checkauth 200 4.94395ms
2025/04/14 17:45:54 [GET] ::1 /v1/checkstatus 200 14.97µs
2025/04/14 17:45:54 [GET] ::1 /v1/config/key/layout 200 2.617981ms
2025/04/14 17:45:54 [GET] ::1 /v1/config/key/style_typography 200 2.950027ms
2025/04/14 17:45:54 [GET] ::1 /v1/config/key/style_color 200 2.048511ms
2025/04/14 17:45:54 [GET] ::1 /v1/config/key/style_drawer 200 2.893876ms
2025/04/14 17:45:54 [GET] ::1 /v1/component 200 4.324236ms
2025/04/14 17:45:54 [GET] ::1 /v1/config/key/homepage 200 3.709318ms
2025/04/14 17:45:54 [GET] ::1 /v1/page/1 200 3.624669ms
2025/04/14 17:45:54 [GET] ::1 /v1/admin/checkauth 200 2.941706ms
2025/04/14 17:45:54 [GET] ::1 /v1/config/key/header_topbar 200 3.686347ms
2025/04/14 17:45:54 [GET] ::1 /v1/config/key/header_siteidentify 200 2.778691ms
2025/04/14 17:45:54 [GET] ::1 /v1/menu_location/1 200 5.008393ms
2025/04/14 17:45:54 [GET] ::1 /v1/image/23 200 2.103611ms
2025/04/14 17:45:54 [GET] ::1 /v1/menu/1 200 4.16373ms
2025/04/14 17:45:55 [GET] ::1 /v1/component 200 2.284854ms
2025/04/14 17:45:55 [GET] ::1 /v1/admin/checkauth 200 3.191526ms
2025/04/14 17:45:56 [GET] ::1 /v1/component 200 6.469598ms
2025/04/14 17:45:56 [GET] ::1 /v1/admin/checkauth 200 6.428852ms
2025/04/14 17:45:56 [GET] ::1 /v1/component 200 2.45606ms
2025/04/14 17:45:56 [GET] ::1 /v1/admin/checkauth 200 9.708982ms
2025/04/14 17:45:58 [GET] ::1 /v1/component 200 2.496566ms
2025/04/14 17:45:58 [GET] ::1 /v1/config 200 4.279851ms
2025/04/14 17:45:59 [GET] ::1 /v1/config 200 1.634926ms
2025/04/14 17:46:14 [GET] ::1 /v1/checkstatus 200 37.192µs
2025/04/14 17:46:14 [GET] ::1 /v1/config/key/layout 200 8.202286ms
2025/04/14 17:46:14 [GET] ::1 /v1/config/key/style_typography 200 1.735985ms
2025/04/14 17:46:14 [GET] ::1 /v1/config/key/style_color 200 3.313995ms
2025/04/14 17:46:14 [GET] ::1 /v1/config/key/style_drawer 200 2.323654ms
2025/04/14 17:46:14 [GET] ::1 /v1/component 200 5.324555ms
2025/04/14 17:46:14 [GET] ::1 /v1/config/key/homepage 200 12.893582ms
2025/04/14 17:46:14 [GET] ::1 /v1/page/1 200 3.324074ms
2025/04/14 17:46:14 [GET] ::1 /v1/config/key/header_topbar 200 4.62104ms
2025/04/14 17:46:14 [GET] ::1 /v1/menu_location/1 200 5.535066ms
2025/04/14 17:46:14 [GET] ::1 /v1/config/key/header_siteidentify 200 11.251864ms
2025/04/14 17:46:14 [GET] ::1 /v1/menu/1 200 5.754998ms
2025/04/14 17:46:14 [GET] ::1 /v1/image/23 200 9.258686ms
2025/04/14 17:46:17 [GET] ::1 /v1/config 200 2.445913ms
2025/04/14 17:46:17 [GET] ::1 /v1/config 200 4.791416ms
