2025/04/08 08:25:02 [GET] ::1 /v1/checkstatus 200 45.899µs
2025/04/08 08:25:03 [GET] ::1 /v1/config 200 34.751877ms
2025/04/08 08:25:15 [GET] ::1 /v1/checkstatus 200 32.993µs
2025/04/08 08:25:15 [GET] ::1 /v1/config 200 1.962176ms
2025/04/08 08:25:54 [POST] ::1 /v1/admin/token/refresh 200 26.060844ms
2025/04/08 08:25:56 [GET] ::1 /v1/checkstatus 200 15.617µs
2025/04/08 08:25:57 [GET] ::1 /v1/admin/checkauth 200 10.735287ms
2025/04/08 08:25:58 [GET] ::1 /v1/admin/checkauth 200 2.91857ms
2025/04/08 08:25:58 [GET] ::1 /v1/admin/checkauth 200 3.667462ms
2025/04/08 08:25:58 [GET] ::1 /v1/config 200 1.739126ms
2025/04/08 08:25:58 [GET] ::1 /v1/admin/checkauth 200 2.367462ms
2025/04/08 08:25:58 [GET] ::1 /v1/admin/checkauth 200 5.54733ms
2025/04/08 08:45:09 [GET] ::1 /v1/admin/checkauth 200 30.679809ms
2025/04/08 08:45:09 [GET] ::1 /v1/admin/checkauth 200 2.031458ms
2025/04/08 08:47:37 [GET] ::1 /v1/admin/checkauth 200 5.442021ms
2025/04/08 08:54:55 [GET] ::1 /v1/admin/checkauth 200 11.432422ms
2025/04/08 08:54:57 [GET] ::1 /v1/admin/checkauth 200 2.026994ms
2025/04/08 08:54:59 [GET] ::1 /v1/admin/checkauth 200 2.997591ms
2025/04/08 08:55:02 [GET] ::1 /v1/admin/checkauth 200 10.401436ms
2025/04/08 08:55:02 [GET] ::1 /v1/admin/pages/type/4 200 63.752865ms
2025/04/08 08:55:02 [GET] ::1 /v1/admin/checkauth 200 11.688663ms
2025/04/08 08:55:02 [GET] ::1 /v1/admin/pages/type/4 200 8.971529ms
2025/04/08 08:56:07 [GET] ::1 /v1/admin/checkauth 200 2.50003ms
2025/04/08 08:56:08 [GET] ::1 /v1/admin/checkauth 200 1.680216ms
2025/04/08 08:56:08 [GET] ::1 /v1/admin/pages/type/2 200 2.907533ms
2025/04/08 08:56:08 [GET] ::1 /v1/admin/checkauth 200 1.931463ms
2025/04/08 08:56:08 [GET] ::1 /v1/admin/pages/type/2 200 4.999669ms
2025/04/08 08:57:25 [GET] ::1 /v1/admin/checkauth 200 2.895911ms
2025/04/08 08:57:25 [GET] ::1 /v1/admin/checkauth 200 2.448514ms
2025/04/08 08:57:25 [GET] ::1 /v1/admin/pages/type/4 200 4.956471ms
2025/04/08 08:57:25 [GET] ::1 /v1/admin/checkauth 200 3.567792ms
2025/04/08 08:57:25 [GET] ::1 /v1/admin/pages/type/4 200 7.236195ms
2025/04/08 08:57:44 [GET] ::1 /v1/admin/checkauth 200 2.973405ms
2025/04/08 08:57:45 [GET] ::1 /v1/admin/checkauth 200 3.460152ms
2025/04/08 08:57:45 [GET] ::1 /v1/admin/pages/type/1 200 4.718892ms
2025/04/08 08:57:45 [GET] ::1 /v1/admin/checkauth 200 3.512317ms
2025/04/08 08:57:45 [GET] ::1 /v1/admin/pages/type/1 200 6.252161ms
2025/04/08 08:57:45 [GET] ::1 /v1/admin/checkauth 200 3.416783ms
2025/04/08 08:57:45 [GET] ::1 /v1/admin/pages/typenstatus/ 200 6.249789ms
2025/04/08 08:57:45 [GET] ::1 /v1/admin/checkauth 200 3.542304ms
2025/04/08 08:57:45 [GET] ::1 /v1/admin/users/1 200 10.848546ms
2025/04/08 08:57:46 [GET] ::1 /v1/admin/checkauth 200 4.120903ms
2025/04/08 08:57:46 [GET] ::1 /v1/admin/users/1 200 12.39081ms
2025/04/08 08:57:46 [GET] ::1 /v1/admin/checkauth 200 5.681104ms
2025/04/08 08:57:46 [GET] ::1 /v1/admin/users/1 200 8.612766ms
2025/04/08 08:57:46 [GET] ::1 /v1/admin/checkauth 200 3.329345ms
2025/04/08 08:57:46 [GET] ::1 /v1/admin/users/1 200 3.600029ms
2025/04/08 08:57:46 [GET] ::1 /v1/admin/checkauth 200 2.562273ms
2025/04/08 08:57:46 [GET] ::1 /v1/admin/users/1 200 5.534202ms
2025/04/08 08:57:46 [GET] ::1 /v1/admin/checkauth 200 1.914835ms
2025/04/08 08:57:46 [GET] ::1 /v1/admin/users/1 200 8.735684ms
2025/04/08 08:57:46 [GET] ::1 /v1/admin/checkauth 200 3.332528ms
2025/04/08 08:57:46 [GET] ::1 /v1/admin/pages/typenstatus/ 200 4.973828ms
2025/04/08 08:57:47 [GET] ::1 /v1/admin/checkauth 200 4.823949ms
2025/04/08 08:57:47 [GET] ::1 /v1/admin/pages/typenstatus/ 200 3.66203ms
2025/04/08 08:57:47 [GET] ::1 /v1/admin/checkauth 200 2.760676ms
2025/04/08 08:57:47 [GET] ::1 /v1/admin/pages/typenstatus/ 200 4.323475ms
2025/04/08 08:57:47 [GET] ::1 /v1/admin/checkauth 200 2.750154ms
2025/04/08 08:57:47 [GET] ::1 /v1/admin/pages/typenstatus/ 200 7.332809ms
2025/04/08 08:57:47 [GET] ::1 /v1/admin/checkauth 200 5.467427ms
2025/04/08 08:57:47 [GET] ::1 /v1/admin/pages/typenstatus/ 200 5.06165ms
2025/04/08 08:57:47 [GET] ::1 /v1/admin/checkauth 200 3.10425ms
2025/04/08 08:57:47 [GET] ::1 /v1/admin/pages/typenstatus/ 200 8.097644ms
2025/04/08 08:57:48 [GET] ::1 /v1/admin/checkauth 200 2.949432ms
2025/04/08 08:57:48 [GET] ::1 /v1/admin/pages/typenstatus/ 200 4.972078ms
2025/04/08 08:57:48 [GET] ::1 /v1/admin/checkauth 200 2.666004ms
2025/04/08 08:57:48 [GET] ::1 /v1/admin/pages/count/type/1 200 12.868899ms
2025/04/08 08:57:48 [GET] ::1 /v1/admin/checkauth 200 1.914669ms
2025/04/08 08:57:48 [GET] ::1 /v1/admin/pages/count/type/1 200 3.964738ms
2025/04/08 08:57:48 [GET] ::1 /v1/admin/checkauth 200 1.977274ms
2025/04/08 08:57:48 [GET] ::1 /v1/admin/pages/count/typenstatus/ 200 6.880392ms
2025/04/08 08:57:48 [GET] ::1 /v1/admin/checkauth 200 4.42243ms
2025/04/08 08:57:48 [GET] ::1 /v1/admin/pages/count/typenstatus/ 200 3.241026ms
2025/04/08 08:57:49 [GET] ::1 /v1/admin/checkauth 200 1.851313ms
2025/04/08 08:57:49 [GET] ::1 /v1/admin/pages/count/typenstatus/ 200 4.847834ms
2025/04/08 08:57:49 [GET] ::1 /v1/admin/checkauth 200 3.123648ms
2025/04/08 08:57:49 [GET] ::1 /v1/admin/pages/count/typenstatus/ 200 10.57062ms
2025/04/08 08:57:49 [GET] ::1 /v1/admin/checkauth 200 2.218434ms
2025/04/08 08:57:49 [GET] ::1 /v1/admin/pages/count/typenstatus/ 200 3.697623ms
2025/04/08 08:57:49 [GET] ::1 /v1/admin/checkauth 200 2.559426ms
2025/04/08 08:57:49 [GET] ::1 /v1/admin/pages/count/typenstatus/ 200 4.164742ms
2025/04/08 08:57:49 [GET] ::1 /v1/admin/checkauth 200 2.472563ms
2025/04/08 08:57:49 [GET] ::1 /v1/admin/pages/count/typenstatus/ 200 9.117321ms
2025/04/08 08:57:49 [GET] ::1 /v1/admin/checkauth 200 2.259004ms
2025/04/08 08:57:50 [GET] ::1 /v1/admin/pages/count/typenstatus/ 200 3.601789ms
2025/04/08 08:58:12 [GET] ::1 /v1/admin/checkauth 200 3.69608ms
2025/04/08 09:00:13 [GET] ::1 /v1/admin/checkauth 200 5.028655ms
2025/04/08 09:03:08 [GET] ::1 /v1/admin/checkauth 200 3.384272ms
2025/04/08 09:05:55 [GET] ::1 /v1/admin/checkauth 200 2.85622ms
2025/04/08 09:08:38 [GET] ::1 /v1/admin/checkauth 200 4.388228ms
2025/04/08 09:10:55 [GET] ::1 /v1/admin/checkauth 200 5.236031ms
2025/04/08 09:11:54 [GET] ::1 /v1/admin/checkauth 200 3.053522ms
2025/04/08 09:12:04 [GET] ::1 /v1/admin/checkauth 200 8.505698ms
2025/04/08 09:12:39 [GET] ::1 /v1/admin/checkauth 200 3.79895ms
2025/04/08 09:13:51 [GET] ::1 /v1/admin/checkauth 200 4.432364ms
2025/04/08 09:14:14 [GET] ::1 /v1/admin/checkauth 200 2.173249ms
2025/04/08 09:15:44 [GET] ::1 /v1/admin/checkauth 200 5.430279ms
2025/04/08 09:20:32 [GET] ::1 /v1/admin/checkauth 200 8.089641ms
2025/04/08 09:20:32 [GET] ::1 /v1/admin/checkauth 200 3.482972ms
2025/04/08 09:20:32 [GET] ::1 /v1/checkstatus 200 3.879608ms
2025/04/08 09:22:13 [GET] ::1 /v1/admin/checkauth 200 7.245956ms
2025/04/08 09:22:13 [GET] ::1 /v1/checkstatus 200 17.115µs
2025/04/08 09:22:36 [GET] ::1 /v1/admin/checkauth 200 3.164069ms
2025/04/08 09:22:36 [GET] ::1 /v1/admin/checkauth 200 5.292802ms
2025/04/08 09:22:37 [GET] ::1 /v1/checkstatus 200 15.33µs
2025/04/08 09:22:38 [GET] ::1 /v1/admin/checkauth 200 6.575459ms
2025/04/08 09:22:39 [GET] ::1 /v1/admin/checkauth 200 3.82241ms
2025/04/08 09:22:39 [GET] ::1 /v1/admin/checkauth 200 3.472587ms
2025/04/08 09:22:39 [GET] ::1 /v1/config 200 19.8977ms
2025/04/08 09:22:40 [GET] ::1 /v1/admin/checkauth 200 2.557873ms
2025/04/08 09:22:40 [GET] ::1 /v1/admin/checkauth 200 4.429615ms
2025/04/08 09:33:12 [GET] ::1 /v1/admin/checkauth 200 7.800643ms
2025/04/08 09:33:12 [GET] ::1 /v1/admin/checkauth 200 3.719662ms
2025/04/08 09:33:12 [GET] ::1 /v1/admin/checkauth 200 9.475078ms
2025/04/08 09:33:13 [GET] ::1 /v1/checkstatus 200 17.808µs
2025/04/08 09:33:16 [GET] ::1 /v1/admin/checkauth 200 3.314426ms
2025/04/08 09:33:16 [GET] ::1 /v1/admin/checkauth 200 2.767882ms
2025/04/08 09:33:16 [GET] ::1 /v1/admin/checkauth 200 3.780867ms
2025/04/08 09:33:16 [GET] ::1 /v1/config 200 2.39492ms
2025/04/08 09:33:17 [GET] ::1 /v1/admin/checkauth 200 2.529449ms
2025/04/08 09:33:17 [GET] ::1 /v1/admin/checkauth 200 3.790224ms
2025/04/08 09:34:27 [GET] ::1 /v1/admin/checkauth 200 10.497617ms
2025/04/08 09:34:27 [GET] ::1 /v1/admin/checkauth 200 7.044393ms
2025/04/08 09:34:27 [GET] ::1 /v1/checkstatus 200 31.905µs
2025/04/08 09:34:29 [GET] ::1 /v1/admin/checkauth 200 4.135178ms
2025/04/08 09:34:29 [GET] ::1 /v1/admin/checkauth 200 2.380295ms
2025/04/08 09:34:29 [GET] ::1 /v1/admin/checkauth 200 2.113188ms
2025/04/08 09:34:29 [GET] ::1 /v1/config 200 2.552967ms
2025/04/08 09:34:30 [GET] ::1 /v1/admin/checkauth 200 4.084148ms
2025/04/08 09:34:30 [GET] ::1 /v1/admin/categories/type/2 200 32.678435ms
2025/04/08 09:34:30 [GET] ::1 /v1/admin/checkauth 200 4.366854ms
2025/04/08 09:34:30 [GET] ::1 /v1/admin/categories/type/2 200 5.380814ms
2025/04/08 09:34:30 [GET] ::1 /v1/admin/checkauth 200 3.688014ms
2025/04/08 09:34:30 [GET] ::1 /v1/admin/checkauth 200 3.185626ms
2025/04/08 09:34:30 [GET] ::1 /v1/admin/checkauth 200 2.766373ms
2025/04/08 09:34:31 [GET] ::1 /v1/admin/categories/type/2 200 3.882411ms
2025/04/08 09:34:31 [GET] ::1 /v1/admin/checkauth 200 7.764881ms
2025/04/08 09:34:31 [GET] ::1 /v1/admin/categories/type/2 200 6.438667ms
2025/04/08 10:10:08 [GET] ::1 /v1/admin/checkauth 200 5.031233ms
2025/04/08 10:10:09 [POST] ::1 /v1/admin/categories 200 4.692009ms
2025/04/08 10:11:34 [GET] ::1 /v1/admin/checkauth 200 4.643543ms
2025/04/08 10:11:42 [GET] ::1 /v1/admin/checkauth 200 3.433794ms
2025/04/08 10:11:42 [POST] ::1 /v1/admin/categories 200 3.204331ms
2025/04/08 10:12:14 [GET] ::1 /v1/admin/checkauth 200 2.460556ms
2025/04/08 10:14:22 [GET] ::1 /v1/admin/checkauth 200 9.711157ms
2025/04/08 10:14:24 [GET] ::1 /v1/admin/checkauth 200 3.422182ms
2025/04/08 10:14:25 [POST] ::1 /v1/admin/categories 200 5.155589ms
2025/04/08 10:15:51 [GET] ::1 /v1/admin/checkauth 200 7.748171ms
2025/04/08 10:15:52 [POST] ::1 /v1/admin/categories 200 3.885569ms
2025/04/08 10:19:12 [GET] ::1 /v1/admin/checkauth 200 6.097509ms
2025/04/08 10:19:12 [POST] ::1 /v1/admin/categories 200 3.016558ms
2025/04/08 10:20:03 [GET] ::1 /v1/admin/checkauth 200 7.215044ms
2025/04/08 10:20:04 [POST] ::1 /v1/admin/categories 200 2.764452ms
2025/04/08 10:22:23 [GET] ::1 /v1/admin/checkauth 200 6.114454ms
2025/04/08 10:22:23 [POST] ::1 /v1/admin/categories 200 4.404928ms
2025/04/08 10:25:45 [GET] ::1 /v1/admin/checkauth 200 5.426014ms
2025/04/08 10:25:45 [GET] ::1 /v1/admin/checkauth 200 3.55693ms
2025/04/08 10:25:46 [GET] ::1 /v1/checkstatus 200 31.101µs
2025/04/08 10:25:48 [GET] ::1 /v1/admin/checkauth 200 3.78085ms
2025/04/08 10:25:48 [GET] ::1 /v1/admin/checkauth 200 5.096138ms
2025/04/08 10:25:48 [GET] ::1 /v1/admin/checkauth 200 3.443878ms
2025/04/08 10:25:49 [GET] ::1 /v1/config 200 9.197382ms
2025/04/08 10:25:49 [GET] ::1 /v1/admin/checkauth 200 3.712801ms
2025/04/08 10:25:49 [GET] ::1 /v1/admin/categories/type/2 200 9.545273ms
2025/04/08 10:25:49 [GET] ::1 /v1/admin/checkauth 200 7.113823ms
2025/04/08 10:25:49 [GET] ::1 /v1/admin/categories/type/2 200 6.960737ms
2025/04/08 10:25:49 [GET] ::1 /v1/admin/checkauth 200 2.477949ms
2025/04/08 10:25:50 [GET] ::1 /v1/admin/checkauth 200 3.198829ms
2025/04/08 10:25:50 [GET] ::1 /v1/admin/checkauth 200 4.578309ms
2025/04/08 10:25:50 [GET] ::1 /v1/admin/categories/type/2 200 17.15795ms
2025/04/08 10:25:50 [GET] ::1 /v1/admin/checkauth 200 6.209487ms
2025/04/08 10:25:50 [GET] ::1 /v1/admin/categories/type/2 200 9.851214ms
2025/04/08 10:26:13 [GET] ::1 /v1/admin/checkauth 200 2.431839ms
2025/04/08 10:26:14 [POST] ::1 /v1/admin/categories 200 5.938747ms
2025/04/08 10:27:50 [GET] ::1 /v1/admin/checkauth 200 4.188467ms
2025/04/08 10:27:51 [POST] ::1 /v1/admin/categories 200 6.95784ms
2025/04/08 10:31:26 [GET] ::1 /v1/admin/checkauth 200 5.048824ms
2025/04/08 10:31:26 [POST] ::1 /v1/admin/categories 200 6.057188ms
2025/04/08 10:35:09 [GET] ::1 /v1/admin/checkauth 200 6.574939ms
2025/04/08 10:35:10 [POST] ::1 /v1/admin/categories 200 3.236886ms
2025/04/08 10:36:14 [GET] ::1 /v1/admin/checkauth 200 3.83843ms
2025/04/08 10:36:39 [GET] ::1 /v1/admin/checkauth 200 2.359844ms
2025/04/08 10:36:39 [POST] ::1 /v1/admin/categories 200 6.037148ms
2025/04/08 10:37:15 [GET] ::1 /v1/admin/checkauth 200 6.189524ms
2025/04/08 10:37:15 [POST] ::1 /v1/admin/categories 200 3.04648ms
2025/04/08 10:48:30 [GET] ::1 /v1/admin/checkauth 200 4.778346ms
2025/04/08 10:48:31 [POST] ::1 /v1/admin/categories 200 60.568542ms
2025/04/08 10:48:45 [GET] ::1 /v1/admin/checkauth 200 1.530338ms
2025/04/08 10:48:45 [GET] ::1 /v1/checkstatus 200 20.802µs
2025/04/08 10:48:47 [GET] ::1 /v1/admin/checkauth 200 3.809625ms
2025/04/08 10:48:47 [GET] ::1 /v1/admin/checkauth 200 2.79384ms
2025/04/08 10:48:48 [GET] ::1 /v1/admin/checkauth 200 2.406234ms
2025/04/08 10:48:48 [GET] ::1 /v1/config 200 3.205929ms
2025/04/08 10:48:48 [GET] ::1 /v1/admin/checkauth 200 2.457935ms
2025/04/08 10:48:48 [GET] ::1 /v1/admin/categories/type/2 200 6.010429ms
2025/04/08 10:48:48 [GET] ::1 /v1/admin/checkauth 200 2.94242ms
2025/04/08 10:48:48 [GET] ::1 /v1/admin/categories/type/2 200 4.562853ms
2025/04/08 10:48:48 [GET] ::1 /v1/admin/checkauth 200 3.25055ms
2025/04/08 10:48:49 [GET] ::1 /v1/admin/checkauth 200 2.89245ms
2025/04/08 10:48:49 [GET] ::1 /v1/admin/checkauth 200 2.558209ms
2025/04/08 10:48:49 [GET] ::1 /v1/admin/categories/type/2 200 6.167127ms
2025/04/08 10:48:49 [GET] ::1 /v1/admin/checkauth 200 3.572751ms
2025/04/08 10:48:49 [GET] ::1 /v1/admin/categories/type/2 200 5.315596ms
2025/04/08 10:49:31 [GET] ::1 /v1/admin/checkauth 200 6.374547ms
2025/04/08 10:49:31 [GET] ::1 /v1/admin/categories/type/2 200 8.739811ms
2025/04/08 10:51:37 [GET] ::1 /v1/admin/checkauth 200 4.228221ms
2025/04/08 10:51:38 [POST] ::1 /v1/admin/categories 200 11.211333ms
2025/04/08 10:51:48 [GET] ::1 /v1/admin/checkauth 200 2.084279ms
2025/04/08 10:51:48 [GET] ::1 /v1/checkstatus 200 23.771µs
2025/04/08 10:51:50 [GET] ::1 /v1/admin/checkauth 200 5.565594ms
2025/04/08 10:51:50 [GET] ::1 /v1/admin/checkauth 200 2.450587ms
2025/04/08 10:51:50 [GET] ::1 /v1/admin/checkauth 200 2.987879ms
2025/04/08 10:51:51 [GET] ::1 /v1/config 200 2.815715ms
2025/04/08 10:51:51 [GET] ::1 /v1/admin/checkauth 200 4.471596ms
2025/04/08 10:51:51 [GET] ::1 /v1/admin/categories/type/2 200 4.546329ms
2025/04/08 10:51:51 [GET] ::1 /v1/admin/checkauth 200 7.251062ms
2025/04/08 10:51:51 [GET] ::1 /v1/admin/categories/type/2 200 7.450153ms
2025/04/08 10:51:51 [GET] ::1 /v1/admin/checkauth 200 1.631568ms
2025/04/08 10:51:52 [GET] ::1 /v1/admin/checkauth 200 2.911217ms
2025/04/08 10:51:52 [GET] ::1 /v1/admin/checkauth 200 4.661514ms
2025/04/08 10:51:52 [GET] ::1 /v1/admin/categories/type/2 200 5.385166ms
2025/04/08 10:51:52 [GET] ::1 /v1/admin/checkauth 200 5.044707ms
2025/04/08 10:51:52 [GET] ::1 /v1/admin/categories/type/2 200 6.011845ms
2025/04/08 10:51:59 [GET] ::1 /v1/admin/checkauth 200 1.541878ms
2025/04/08 10:51:59 [GET] ::1 /v1/checkstatus 200 17.694µs
2025/04/08 10:52:01 [GET] ::1 /v1/admin/checkauth 200 2.912146ms
2025/04/08 10:52:01 [GET] ::1 /v1/admin/checkauth 200 3.484867ms
2025/04/08 10:52:01 [GET] ::1 /v1/admin/checkauth 200 6.380511ms
2025/04/08 10:52:01 [GET] ::1 /v1/config 200 2.114874ms
2025/04/08 10:52:02 [GET] ::1 /v1/admin/checkauth 200 4.780907ms
2025/04/08 10:52:02 [GET] ::1 /v1/admin/categories/type/2 200 4.170349ms
2025/04/08 10:52:02 [GET] ::1 /v1/admin/checkauth 200 3.240837ms
2025/04/08 10:52:02 [GET] ::1 /v1/admin/categories/type/2 200 4.788851ms
2025/04/08 10:52:02 [GET] ::1 /v1/admin/checkauth 200 4.527027ms
2025/04/08 10:52:02 [GET] ::1 /v1/admin/checkauth 200 7.505897ms
2025/04/08 10:52:02 [GET] ::1 /v1/admin/checkauth 200 2.687559ms
2025/04/08 10:52:03 [GET] ::1 /v1/admin/categories/type/2 200 6.24773ms
2025/04/08 10:52:03 [GET] ::1 /v1/admin/checkauth 200 3.983978ms
2025/04/08 10:52:03 [GET] ::1 /v1/admin/categories/type/2 200 5.49046ms
2025/04/08 11:01:33 [GET] ::1 /v1/admin/checkauth 200 4.827408ms
2025/04/08 11:01:34 [GET] ::1 /v1/admin/categories/type/2 200 4.297423ms
2025/04/08 11:02:01 [GET] ::1 /v1/admin/checkauth 200 1.635871ms
2025/04/08 11:02:01 [GET] ::1 /v1/checkstatus 200 15.894µs
2025/04/08 11:02:03 [GET] ::1 /v1/admin/checkauth 200 2.432375ms
2025/04/08 11:02:04 [GET] ::1 /v1/admin/checkauth 200 2.436798ms
2025/04/08 11:02:04 [GET] ::1 /v1/admin/checkauth 200 3.939174ms
2025/04/08 11:02:04 [GET] ::1 /v1/config 200 2.177854ms
2025/04/08 11:02:04 [GET] ::1 /v1/admin/checkauth 200 4.214267ms
2025/04/08 11:02:05 [GET] ::1 /v1/admin/categories/type/2 200 5.669609ms
2025/04/08 11:02:05 [GET] ::1 /v1/admin/checkauth 200 4.693641ms
2025/04/08 11:02:05 [GET] ::1 /v1/admin/categories/type/2 200 4.078465ms
2025/04/08 11:02:05 [GET] ::1 /v1/admin/checkauth 200 7.072462ms
2025/04/08 11:02:05 [GET] ::1 /v1/admin/checkauth 200 4.129144ms
2025/04/08 11:02:05 [GET] ::1 /v1/admin/checkauth 200 2.473977ms
2025/04/08 11:02:05 [GET] ::1 /v1/admin/categories/type/2 200 5.919685ms
2025/04/08 11:02:06 [GET] ::1 /v1/admin/checkauth 200 6.055927ms
2025/04/08 11:02:06 [GET] ::1 /v1/admin/categories/type/2 200 4.215281ms
2025/04/08 11:02:16 [GET] ::1 /v1/admin/checkauth 200 1.870936ms
2025/04/08 11:02:16 [POST] ::1 /v1/admin/categories 200 12.490876ms
2025/04/08 11:02:17 [GET] ::1 /v1/admin/checkauth 200 2.656079ms
2025/04/08 11:02:17 [GET] ::1 /v1/admin/categories/type/2 200 7.247587ms
2025/04/08 11:05:09 [GET] ::1 /v1/admin/checkauth 200 8.059009ms
2025/04/08 11:05:10 [GET] ::1 /v1/admin/checkauth 200 10.145766ms
2025/04/08 11:05:10 [GET] ::1 /v1/checkstatus 200 26.271µs
2025/04/08 11:05:12 [GET] ::1 /v1/admin/checkauth 200 7.406083ms
2025/04/08 11:05:12 [GET] ::1 /v1/admin/checkauth 200 4.567172ms
2025/04/08 11:05:13 [GET] ::1 /v1/admin/checkauth 200 2.670986ms
2025/04/08 11:05:13 [GET] ::1 /v1/config 200 4.19587ms
2025/04/08 11:05:13 [GET] ::1 /v1/admin/checkauth 200 2.174457ms
2025/04/08 11:05:13 [GET] ::1 /v1/admin/categories/type/2 200 5.34886ms
2025/04/08 11:05:13 [GET] ::1 /v1/admin/checkauth 200 6.029982ms
2025/04/08 11:05:13 [GET] ::1 /v1/admin/categories/type/2 200 9.380661ms
2025/04/08 11:05:14 [GET] ::1 /v1/admin/checkauth 200 4.298514ms
2025/04/08 11:05:14 [GET] ::1 /v1/admin/checkauth 200 4.285432ms
2025/04/08 11:05:14 [GET] ::1 /v1/admin/checkauth 200 3.296366ms
2025/04/08 11:05:14 [GET] ::1 /v1/admin/categories/type/2 200 9.325214ms
2025/04/08 11:05:14 [GET] ::1 /v1/admin/checkauth 200 3.483295ms
2025/04/08 11:05:14 [GET] ::1 /v1/admin/categories/type/2 200 7.218048ms
2025/04/08 11:06:24 [GET] ::1 /v1/admin/checkauth 200 5.657184ms
2025/04/08 11:06:24 [GET] ::1 /v1/admin/checkauth 200 4.006566ms
2025/04/08 11:06:25 [GET] ::1 /v1/checkstatus 200 15.773µs
2025/04/08 11:06:28 [GET] ::1 /v1/admin/checkauth 200 2.622863ms
2025/04/08 11:06:28 [GET] ::1 /v1/admin/checkauth 200 2.431714ms
2025/04/08 11:06:28 [GET] ::1 /v1/admin/checkauth 200 3.820744ms
2025/04/08 11:06:29 [GET] ::1 /v1/config 200 2.566495ms
2025/04/08 11:08:45 [GET] ::1 /v1/admin/checkauth 200 7.750685ms
2025/04/08 11:08:46 [GET] ::1 /v1/checkstatus 200 45.053µs
2025/04/08 11:08:49 [GET] ::1 /v1/admin/checkauth 200 10.090068ms
2025/04/08 11:08:49 [GET] ::1 /v1/admin/checkauth 200 2.819167ms
2025/04/08 11:08:50 [GET] ::1 /v1/admin/checkauth 200 3.011224ms
2025/04/08 11:08:50 [GET] ::1 /v1/config 200 4.884067ms
2025/04/08 11:09:49 [GET] ::1 /v1/admin/checkauth 200 5.251649ms
2025/04/08 11:09:50 [GET] ::1 /v1/checkstatus 200 30.8µs
2025/04/08 11:09:52 [GET] ::1 /v1/admin/checkauth 200 2.616603ms
2025/04/08 11:09:52 [GET] ::1 /v1/admin/checkauth 200 2.643393ms
2025/04/08 11:09:52 [GET] ::1 /v1/admin/checkauth 200 3.602458ms
2025/04/08 11:09:52 [GET] ::1 /v1/config 200 2.450253ms
2025/04/08 11:09:52 [GET] ::1 /v1/admin/checkauth 200 4.118573ms
2025/04/08 11:09:53 [GET] ::1 /v1/admin/checkauth 200 2.737507ms
2025/04/08 11:12:39 [GET] ::1 /v1/admin/checkauth 200 4.684279ms
2025/04/08 11:12:39 [GET] ::1 /v1/checkstatus 200 16.775µs
2025/04/08 11:12:41 [GET] ::1 /v1/admin/checkauth 200 3.889011ms
2025/04/08 11:12:41 [GET] ::1 /v1/admin/checkauth 200 2.729215ms
2025/04/08 11:12:42 [GET] ::1 /v1/admin/checkauth 200 3.062766ms
2025/04/08 11:12:42 [GET] ::1 /v1/config 200 4.277403ms
2025/04/08 11:12:42 [GET] ::1 /v1/admin/checkauth 200 8.219105ms
2025/04/08 11:12:42 [GET] ::1 /v1/admin/categories/type/2 200 9.059267ms
2025/04/08 11:12:42 [GET] ::1 /v1/admin/checkauth 200 2.707738ms
2025/04/08 11:12:42 [GET] ::1 /v1/admin/categories/type/2 200 4.387777ms
2025/04/08 11:12:42 [GET] ::1 /v1/admin/checkauth 200 2.710831ms
2025/04/08 11:12:43 [GET] ::1 /v1/admin/checkauth 200 3.319042ms
2025/04/08 11:12:43 [GET] ::1 /v1/admin/checkauth 200 5.558888ms
2025/04/08 11:12:43 [GET] ::1 /v1/admin/categories/type/2 200 6.454432ms
2025/04/08 11:12:43 [GET] ::1 /v1/admin/checkauth 200 2.078263ms
2025/04/08 11:12:43 [GET] ::1 /v1/admin/categories/type/2 200 3.377639ms
2025/04/08 11:21:39 [GET] ::1 /v1/admin/checkauth 200 14.943038ms
2025/04/08 11:21:39 [GET] ::1 /v1/admin/checkauth 200 2.927191ms
2025/04/08 11:21:39 [GET] ::1 /v1/checkstatus 200 15.714µs
2025/04/08 11:21:41 [GET] ::1 /v1/admin/checkauth 200 6.804571ms
2025/04/08 11:21:42 [GET] ::1 /v1/admin/checkauth 200 3.137688ms
2025/04/08 11:21:42 [GET] ::1 /v1/admin/checkauth 200 4.195588ms
2025/04/08 11:21:42 [GET] ::1 /v1/config 200 4.424993ms
2025/04/08 11:21:42 [GET] ::1 /v1/admin/checkauth 200 3.172568ms
2025/04/08 11:21:43 [GET] ::1 /v1/admin/checkauth 200 3.080032ms
2025/04/08 11:22:13 [GET] ::1 /v1/admin/checkauth 200 4.18441ms
2025/04/08 11:22:13 [GET] ::1 /v1/checkstatus 200 50.244µs
2025/04/08 11:22:15 [GET] ::1 /v1/admin/checkauth 200 11.397696ms
2025/04/08 11:22:16 [GET] ::1 /v1/admin/checkauth 200 3.758252ms
2025/04/08 11:22:16 [GET] ::1 /v1/admin/checkauth 200 2.690178ms
2025/04/08 11:22:16 [GET] ::1 /v1/config 200 3.326103ms
2025/04/08 11:22:16 [GET] ::1 /v1/admin/checkauth 200 3.732235ms
2025/04/08 11:22:16 [GET] ::1 /v1/admin/checkauth 200 3.14467ms
2025/04/08 11:22:33 [GET] ::1 /v1/admin/checkauth 200 3.756721ms
2025/04/08 11:22:33 [GET] ::1 /v1/admin/checkauth 200 2.13561ms
2025/04/08 11:22:34 [GET] ::1 /v1/checkstatus 200 17.56µs
2025/04/08 11:22:36 [GET] ::1 /v1/admin/checkauth 200 2.841643ms
2025/04/08 11:22:36 [GET] ::1 /v1/admin/checkauth 200 2.966999ms
2025/04/08 11:22:37 [GET] ::1 /v1/admin/checkauth 200 4.121199ms
2025/04/08 11:22:37 [GET] ::1 /v1/config 200 2.479334ms
2025/04/08 11:22:37 [GET] ::1 /v1/admin/checkauth 200 3.209963ms
2025/04/08 11:22:37 [GET] ::1 /v1/admin/checkauth 200 2.536579ms
2025/04/08 11:23:01 [GET] ::1 /v1/admin/checkauth 200 7.107186ms
2025/04/08 11:23:01 [GET] ::1 /v1/admin/checkauth 200 15.240907ms
2025/04/08 11:23:01 [GET] ::1 /v1/checkstatus 200 15.971µs
2025/04/08 11:23:03 [GET] ::1 /v1/admin/checkauth 200 4.02136ms
2025/04/08 11:23:04 [GET] ::1 /v1/admin/checkauth 200 3.953186ms
2025/04/08 11:23:04 [GET] ::1 /v1/admin/checkauth 200 2.470406ms
2025/04/08 11:23:05 [GET] ::1 /v1/config 200 2.46458ms
2025/04/08 11:23:05 [GET] ::1 /v1/admin/checkauth 200 2.307738ms
2025/04/08 11:23:05 [GET] ::1 /v1/admin/checkauth 200 4.157348ms
2025/04/08 11:23:34 [GET] ::1 /v1/admin/checkauth 200 4.152114ms
2025/04/08 11:23:34 [GET] ::1 /v1/admin/checkauth 200 2.844219ms
2025/04/08 11:23:34 [GET] ::1 /v1/checkstatus 200 18.149µs
2025/04/08 11:23:36 [GET] ::1 /v1/admin/checkauth 200 4.677718ms
2025/04/08 11:23:37 [GET] ::1 /v1/admin/checkauth 200 3.410516ms
2025/04/08 11:23:37 [GET] ::1 /v1/admin/checkauth 200 4.214293ms
2025/04/08 11:23:37 [GET] ::1 /v1/config 200 6.387066ms
2025/04/08 11:23:37 [GET] ::1 /v1/admin/checkauth 200 3.102207ms
2025/04/08 11:23:38 [GET] ::1 /v1/admin/checkauth 200 3.924111ms
2025/04/08 11:24:23 [GET] ::1 /v1/admin/checkauth 200 7.595884ms
2025/04/08 11:24:23 [GET] ::1 /v1/admin/checkauth 200 3.006339ms
2025/04/08 11:24:24 [GET] ::1 /v1/checkstatus 200 19.505µs
2025/04/08 11:24:26 [GET] ::1 /v1/admin/checkauth 200 4.986107ms
2025/04/08 11:24:26 [GET] ::1 /v1/admin/checkauth 200 2.843705ms
2025/04/08 11:24:26 [GET] ::1 /v1/admin/checkauth 200 4.886443ms
2025/04/08 11:24:26 [GET] ::1 /v1/config 200 1.917273ms
2025/04/08 11:24:27 [GET] ::1 /v1/admin/checkauth 200 4.938887ms
2025/04/08 11:24:27 [GET] ::1 /v1/admin/categories/type/2 200 7.893513ms
2025/04/08 11:24:27 [GET] ::1 /v1/admin/checkauth 200 3.585262ms
2025/04/08 11:24:27 [GET] ::1 /v1/admin/checkauth 200 6.73524ms
2025/04/08 11:24:28 [GET] ::1 /v1/admin/checkauth 200 2.946629ms
2025/04/08 11:24:28 [GET] ::1 /v1/admin/categories/type/2 200 5.889138ms
2025/04/08 11:24:28 [GET] ::1 /v1/admin/checkauth 200 4.883306ms
2025/04/08 11:24:28 [GET] ::1 /v1/admin/categories/type/2 200 5.796427ms
2025/04/08 11:24:33 [GET] ::1 /v1/admin/checkauth 200 3.353035ms
2025/04/08 11:24:33 [GET] ::1 /v1/admin/checkauth 200 4.543921ms
2025/04/08 11:24:34 [GET] ::1 /v1/checkstatus 200 36.017µs
2025/04/08 11:24:35 [GET] ::1 /v1/admin/checkauth 200 2.93307ms
2025/04/08 11:24:36 [GET] ::1 /v1/admin/checkauth 200 3.213176ms
2025/04/08 11:24:36 [GET] ::1 /v1/admin/checkauth 200 3.480349ms
2025/04/08 11:24:36 [GET] ::1 /v1/config 200 2.114029ms
2025/04/08 11:24:36 [GET] ::1 /v1/admin/checkauth 200 3.065764ms
2025/04/08 11:24:36 [GET] ::1 /v1/admin/categories/type/2 200 4.851744ms
2025/04/08 11:24:37 [GET] ::1 /v1/admin/checkauth 200 2.384795ms
2025/04/08 11:24:37 [GET] ::1 /v1/admin/checkauth 200 3.565054ms
2025/04/08 11:24:37 [GET] ::1 /v1/admin/checkauth 200 3.343609ms
2025/04/08 11:24:37 [GET] ::1 /v1/admin/categories/type/2 200 7.643041ms
2025/04/08 11:24:37 [GET] ::1 /v1/admin/checkauth 200 2.843569ms
2025/04/08 11:24:38 [GET] ::1 /v1/admin/categories/type/2 200 5.1436ms
2025/04/08 11:34:42 [GET] ::1 /v1/admin/checkauth 200 138.008031ms
2025/04/08 11:34:42 [GET] ::1 /v1/checkstatus 200 26.089µs
2025/04/08 11:34:44 [GET] ::1 /v1/admin/checkauth 200 2.592919ms
2025/04/08 11:34:44 [GET] ::1 /v1/admin/checkauth 200 2.446492ms
2025/04/08 11:34:45 [GET] ::1 /v1/admin/checkauth 200 2.147743ms
2025/04/08 11:34:45 [GET] ::1 /v1/config 200 6.101393ms
2025/04/08 11:34:45 [GET] ::1 /v1/admin/checkauth 200 3.753118ms
2025/04/08 11:34:45 [GET] ::1 /v1/admin/categories/type/2 200 9.983126ms
2025/04/08 11:34:45 [GET] ::1 /v1/admin/checkauth 200 3.174368ms
2025/04/08 11:34:46 [GET] ::1 /v1/admin/checkauth 200 2.401401ms
2025/04/08 11:34:46 [GET] ::1 /v1/admin/checkauth 200 4.101802ms
2025/04/08 11:34:46 [GET] ::1 /v1/admin/categories/type/2 200 4.610215ms
2025/04/08 11:34:46 [GET] ::1 /v1/admin/checkauth 200 5.458666ms
2025/04/08 11:34:46 [GET] ::1 /v1/admin/categories/type/2 200 11.809427ms
2025/04/08 11:35:43 [GET] ::1 /v1/admin/checkauth 200 8.077342ms
2025/04/08 11:35:43 [GET] ::1 /v1/admin/checkauth 200 3.285254ms
2025/04/08 11:35:44 [GET] ::1 /v1/checkstatus 200 29.414µs
2025/04/08 11:35:46 [GET] ::1 /v1/admin/checkauth 200 5.673617ms
2025/04/08 11:35:47 [GET] ::1 /v1/admin/checkauth 200 2.660815ms
2025/04/08 11:35:47 [GET] ::1 /v1/admin/checkauth 200 4.883857ms
2025/04/08 11:35:47 [GET] ::1 /v1/config 200 2.650147ms
2025/04/08 11:35:48 [GET] ::1 /v1/admin/checkauth 200 3.128018ms
2025/04/08 11:35:48 [GET] ::1 /v1/admin/categories/type/2 200 6.266861ms
2025/04/08 11:35:48 [GET] ::1 /v1/admin/checkauth 200 3.866209ms
2025/04/08 11:35:48 [GET] ::1 /v1/admin/checkauth 200 3.717432ms
2025/04/08 11:35:49 [GET] ::1 /v1/admin/checkauth 200 3.331008ms
2025/04/08 11:35:49 [GET] ::1 /v1/admin/categories/type/2 200 4.441849ms
2025/04/08 11:35:49 [GET] ::1 /v1/admin/checkauth 200 3.693638ms
2025/04/08 11:35:50 [GET] ::1 /v1/admin/categories/type/2 200 6.144134ms
2025/04/08 14:33:49 [GET] ::1 /v1/admin/checkauth 200 25.754296ms
2025/04/08 14:33:50 [GET] ::1 /v1/checkstatus 200 16.08µs
2025/04/08 14:33:52 [GET] ::1 /v1/admin/checkauth 200 2.437799ms
2025/04/08 14:33:52 [GET] ::1 /v1/admin/checkauth 200 2.939457ms
2025/04/08 14:33:52 [GET] ::1 /v1/admin/checkauth 200 2.145038ms
2025/04/08 14:33:52 [GET] ::1 /v1/config 200 2.948713ms
2025/04/08 14:33:52 [GET] ::1 /v1/admin/checkauth 200 2.562575ms
2025/04/08 14:33:52 [GET] ::1 /v1/admin/categories/type/2 200 3.589894ms
2025/04/08 14:33:53 [GET] ::1 /v1/admin/checkauth 200 2.45813ms
2025/04/08 14:33:53 [GET] ::1 /v1/admin/checkauth 200 2.626196ms
2025/04/08 14:33:53 [GET] ::1 /v1/admin/checkauth 200 3.100804ms
2025/04/08 14:33:53 [GET] ::1 /v1/admin/categories/type/2 200 7.876383ms
2025/04/08 14:33:53 [GET] ::1 /v1/admin/checkauth 200 8.45056ms
2025/04/08 14:33:54 [GET] ::1 /v1/admin/categories/type/2 200 10.662185ms
2025/04/08 14:37:32 [GET] ::1 /v1/admin/checkauth 200 5.239241ms
2025/04/08 14:37:33 [GET] ::1 /v1/checkstatus 200 15.665µs
2025/04/08 14:37:35 [GET] ::1 /v1/admin/checkauth 200 3.033301ms
2025/04/08 14:37:35 [GET] ::1 /v1/admin/checkauth 200 2.72212ms
2025/04/08 14:37:35 [GET] ::1 /v1/admin/checkauth 200 2.42133ms
2025/04/08 14:37:35 [GET] ::1 /v1/config 200 2.928496ms
2025/04/08 14:37:35 [GET] ::1 /v1/admin/checkauth 200 2.857367ms
2025/04/08 14:37:36 [GET] ::1 /v1/admin/categories/type/2 200 4.492575ms
2025/04/08 14:37:36 [GET] ::1 /v1/admin/checkauth 200 2.350889ms
2025/04/08 14:37:36 [GET] ::1 /v1/admin/checkauth 200 4.603866ms
2025/04/08 14:37:37 [GET] ::1 /v1/admin/checkauth 200 3.490348ms
2025/04/08 14:37:37 [GET] ::1 /v1/admin/categories/type/2 200 4.565695ms
2025/04/08 14:37:37 [GET] ::1 /v1/admin/checkauth 200 3.110057ms
2025/04/08 14:37:38 [GET] ::1 /v1/admin/categories/type/2 200 5.439828ms
2025/04/08 14:38:40 [GET] ::1 /v1/admin/checkauth 200 23.148463ms
2025/04/08 14:38:40 [GET] ::1 /v1/checkstatus 200 21.632µs
2025/04/08 14:38:42 [GET] ::1 /v1/admin/checkauth 200 2.363361ms
2025/04/08 14:38:43 [GET] ::1 /v1/admin/checkauth 200 2.697295ms
2025/04/08 14:38:43 [GET] ::1 /v1/admin/checkauth 200 2.313775ms
2025/04/08 14:38:43 [GET] ::1 /v1/config 200 2.321693ms
2025/04/08 14:38:43 [GET] ::1 /v1/admin/checkauth 200 3.893056ms
2025/04/08 14:38:44 [GET] ::1 /v1/admin/categories/type/2 200 8.001757ms
2025/04/08 14:38:44 [GET] ::1 /v1/admin/checkauth 200 3.33642ms
2025/04/08 14:38:44 [GET] ::1 /v1/admin/checkauth 200 4.438185ms
2025/04/08 14:38:44 [GET] ::1 /v1/admin/checkauth 200 2.300657ms
2025/04/08 14:38:44 [GET] ::1 /v1/admin/categories/type/2 200 4.537785ms
2025/04/08 14:38:44 [GET] ::1 /v1/admin/checkauth 200 2.610829ms
2025/04/08 14:38:45 [GET] ::1 /v1/admin/categories/type/2 200 4.765036ms
2025/04/08 14:40:08 [GET] ::1 /v1/admin/checkauth 200 8.522549ms
2025/04/08 14:40:09 [GET] ::1 /v1/checkstatus 200 15.366µs
2025/04/08 14:40:10 [GET] ::1 /v1/admin/checkauth 200 2.807412ms
2025/04/08 14:40:10 [GET] ::1 /v1/admin/checkauth 200 2.721135ms
2025/04/08 14:40:11 [GET] ::1 /v1/admin/checkauth 200 2.695001ms
2025/04/08 14:40:12 [GET] ::1 /v1/config 200 4.249544ms
2025/04/08 14:40:12 [GET] ::1 /v1/admin/checkauth 200 2.243705ms
2025/04/08 14:40:12 [GET] ::1 /v1/admin/categories/type/2 200 10.7204ms
2025/04/08 14:40:12 [GET] ::1 /v1/admin/checkauth 200 3.807558ms
2025/04/08 14:40:12 [GET] ::1 /v1/admin/checkauth 200 2.54906ms
2025/04/08 14:40:13 [GET] ::1 /v1/admin/checkauth 200 4.316209ms
2025/04/08 14:40:13 [GET] ::1 /v1/admin/categories/type/2 200 8.309996ms
2025/04/08 14:40:13 [GET] ::1 /v1/admin/checkauth 200 6.291278ms
2025/04/08 14:40:13 [GET] ::1 /v1/admin/categories/type/2 200 4.600542ms
2025/04/08 14:45:36 [GET] ::1 /v1/admin/checkauth 200 6.022072ms
2025/04/08 14:45:36 [POST] ::1 /v1/admin/categories 200 61.614816ms
2025/04/08 14:45:36 [GET] ::1 /v1/admin/checkauth 200 3.385253ms
2025/04/08 14:45:36 [GET] ::1 /v1/admin/categories/type/2 200 7.553623ms
2025/04/08 14:49:25 [GET] ::1 /v1/admin/checkauth 200 6.502797ms
2025/04/08 14:49:25 [GET] ::1 /v1/checkstatus 200 17.27µs
2025/04/08 14:49:27 [GET] ::1 /v1/admin/checkauth 200 3.403727ms
2025/04/08 14:49:27 [GET] ::1 /v1/admin/checkauth 200 2.348016ms
2025/04/08 14:49:27 [GET] ::1 /v1/admin/checkauth 200 3.111443ms
2025/04/08 14:49:27 [GET] ::1 /v1/config 200 2.907606ms
2025/04/08 14:49:28 [GET] ::1 /v1/admin/checkauth 200 4.113023ms
2025/04/08 14:49:29 [GET] ::1 /v1/admin/categories/type/2 200 6.526926ms
2025/04/08 14:49:29 [GET] ::1 /v1/admin/checkauth 200 2.886316ms
2025/04/08 14:49:29 [GET] ::1 /v1/admin/checkauth 200 4.601751ms
2025/04/08 14:49:29 [GET] ::1 /v1/admin/checkauth 200 3.85266ms
2025/04/08 14:49:30 [GET] ::1 /v1/admin/categories/type/2 200 4.965285ms
2025/04/08 14:49:30 [GET] ::1 /v1/admin/checkauth 200 3.085555ms
2025/04/08 14:49:30 [GET] ::1 /v1/admin/categories/type/2 200 6.439931ms
2025/04/08 14:50:54 [GET] ::1 /v1/admin/checkauth 200 27.444659ms
2025/04/08 14:50:55 [GET] ::1 /v1/checkstatus 200 28.755µs
2025/04/08 14:50:56 [GET] ::1 /v1/admin/checkauth 200 2.417264ms
2025/04/08 14:50:57 [GET] ::1 /v1/admin/checkauth 200 2.815622ms
2025/04/08 14:50:57 [GET] ::1 /v1/admin/checkauth 200 5.547689ms
2025/04/08 14:50:57 [GET] ::1 /v1/config 200 5.055564ms
2025/04/08 14:50:57 [GET] ::1 /v1/admin/checkauth 200 6.273905ms
2025/04/08 14:50:57 [GET] ::1 /v1/admin/categories/type/2 200 23.666962ms
2025/04/08 14:50:58 [GET] ::1 /v1/admin/checkauth 200 2.575461ms
2025/04/08 14:50:58 [GET] ::1 /v1/admin/checkauth 200 2.531246ms
2025/04/08 14:50:59 [GET] ::1 /v1/admin/checkauth 200 2.71573ms
2025/04/08 14:50:59 [GET] ::1 /v1/admin/categories/type/2 200 6.032474ms
2025/04/08 14:50:59 [GET] ::1 /v1/admin/checkauth 200 2.937667ms
2025/04/08 14:50:59 [GET] ::1 /v1/admin/categories/type/2 200 4.260511ms
2025/04/08 15:16:41 [GET] ::1 /v1/admin/checkauth 200 6.458248ms
2025/04/08 15:16:41 [GET] ::1 /v1/checkstatus 200 51.034µs
2025/04/08 15:16:44 [GET] ::1 /v1/admin/checkauth 200 3.274835ms
2025/04/08 15:16:44 [GET] ::1 /v1/admin/checkauth 200 3.246744ms
2025/04/08 15:16:44 [GET] ::1 /v1/admin/checkauth 200 2.882338ms
2025/04/08 15:16:45 [GET] ::1 /v1/config 200 2.113481ms
2025/04/08 15:16:45 [GET] ::1 /v1/admin/checkauth 200 2.185321ms
2025/04/08 15:16:45 [GET] ::1 /v1/admin/categories/type/2 200 7.090008ms
2025/04/08 15:16:45 [GET] ::1 /v1/admin/checkauth 200 2.76604ms
2025/04/08 15:16:45 [GET] ::1 /v1/admin/checkauth 200 3.243925ms
2025/04/08 15:16:45 [GET] ::1 /v1/admin/checkauth 200 3.549655ms
2025/04/08 15:16:46 [GET] ::1 /v1/admin/categories/type/2 200 7.965268ms
2025/04/08 15:16:46 [GET] ::1 /v1/admin/checkauth 200 3.548891ms
2025/04/08 15:16:46 [GET] ::1 /v1/admin/categories/type/2 200 9.960196ms
2025/04/08 15:17:49 [GET] ::1 /v1/admin/checkauth 200 7.723897ms
2025/04/08 15:17:49 [GET] ::1 /v1/admin/checkauth 200 5.363475ms
2025/04/08 15:17:50 [GET] ::1 /v1/checkstatus 200 22.374µs
2025/04/08 15:17:51 [GET] ::1 /v1/admin/checkauth 200 2.417151ms
2025/04/08 15:17:52 [GET] ::1 /v1/checkstatus 200 30.984µs
2025/04/08 15:17:52 [GET] ::1 /v1/admin/checkauth 200 3.236759ms
2025/04/08 15:17:52 [GET] ::1 /v1/admin/checkauth 200 2.244434ms
2025/04/08 15:17:54 [GET] ::1 /v1/admin/checkauth 200 3.284355ms
2025/04/08 15:17:56 [GET] ::1 /v1/admin/checkauth 200 2.592396ms
2025/04/08 15:17:56 [GET] ::1 /v1/admin/checkauth 200 2.673622ms
2025/04/08 15:17:57 [GET] ::1 /v1/config 200 4.069743ms
2025/04/08 15:17:57 [GET] ::1 /v1/admin/checkauth 200 2.972885ms
2025/04/08 15:17:57 [GET] ::1 /v1/admin/categories/type/2 200 5.676286ms
2025/04/08 15:17:57 [GET] ::1 /v1/admin/checkauth 200 2.9826ms
2025/04/08 15:17:57 [GET] ::1 /v1/admin/checkauth 200 2.531091ms
2025/04/08 15:17:58 [GET] ::1 /v1/admin/checkauth 200 2.928175ms
2025/04/08 15:17:58 [GET] ::1 /v1/admin/categories/type/2 200 17.88815ms
2025/04/08 15:17:59 [GET] ::1 /v1/admin/checkauth 200 2.690536ms
2025/04/08 15:17:59 [GET] ::1 /v1/admin/categories/type/2 200 5.647661ms
2025/04/08 15:21:11 [GET] ::1 /v1/admin/checkauth 200 7.937912ms
2025/04/08 15:21:12 [GET] ::1 /v1/checkstatus 200 16.966µs
2025/04/08 15:21:14 [GET] ::1 /v1/admin/checkauth 200 2.424547ms
2025/04/08 15:21:14 [GET] ::1 /v1/admin/checkauth 200 6.259923ms
2025/04/08 15:21:14 [GET] ::1 /v1/admin/checkauth 200 3.756188ms
2025/04/08 15:21:14 [GET] ::1 /v1/config 200 2.347406ms
2025/04/08 15:21:14 [GET] ::1 /v1/admin/checkauth 200 2.473532ms
2025/04/08 15:21:15 [GET] ::1 /v1/admin/categories/type/2 200 6.182797ms
2025/04/08 15:21:15 [GET] ::1 /v1/admin/checkauth 200 5.543451ms
2025/04/08 15:21:15 [GET] ::1 /v1/admin/checkauth 200 7.96038ms
2025/04/08 15:21:15 [GET] ::1 /v1/admin/checkauth 200 3.087202ms
2025/04/08 15:21:16 [GET] ::1 /v1/admin/categories/type/2 200 6.892292ms
2025/04/08 15:21:16 [GET] ::1 /v1/admin/checkauth 200 3.423203ms
2025/04/08 15:21:16 [GET] ::1 /v1/admin/categories/type/2 200 5.703212ms
2025/04/08 15:28:43 [GET] ::1 /v1/admin/checkauth 200 9.182532ms
2025/04/08 15:28:45 [GET] ::1 /v1/checkstatus 200 16.519µs
2025/04/08 15:28:47 [GET] ::1 /v1/admin/checkauth 200 3.449183ms
2025/04/08 15:28:48 [GET] ::1 /v1/admin/checkauth 200 3.488792ms
2025/04/08 15:28:48 [GET] ::1 /v1/admin/checkauth 200 4.920166ms
2025/04/08 15:28:48 [GET] ::1 /v1/config 200 4.382734ms
2025/04/08 15:28:49 [GET] ::1 /v1/admin/checkauth 200 2.4231ms
2025/04/08 15:28:49 [GET] ::1 /v1/admin/categories/type/2 200 5.733116ms
2025/04/08 15:28:49 [GET] ::1 /v1/admin/checkauth 200 2.223991ms
2025/04/08 15:28:49 [GET] ::1 /v1/admin/checkauth 200 3.666067ms
2025/04/08 15:28:50 [GET] ::1 /v1/admin/checkauth 200 3.966936ms
2025/04/08 15:28:50 [GET] ::1 /v1/admin/categories/type/2 200 6.565996ms
2025/04/08 15:28:50 [GET] ::1 /v1/admin/checkauth 200 4.665587ms
2025/04/08 15:28:50 [GET] ::1 /v1/admin/categories/type/2 200 4.73427ms
2025/04/08 15:34:28 [GET] ::1 /v1/admin/checkauth 200 8.768765ms
2025/04/08 15:34:28 [GET] ::1 /v1/admin/checkauth 200 5.205241ms
2025/04/08 15:34:29 [GET] ::1 /v1/checkstatus 200 18.704µs
2025/04/08 15:34:31 [GET] ::1 /v1/admin/checkauth 200 2.576971ms
2025/04/08 15:34:31 [GET] ::1 /v1/admin/checkauth 200 4.890301ms
2025/04/08 15:34:32 [GET] ::1 /v1/admin/checkauth 200 2.851954ms
2025/04/08 15:34:32 [GET] ::1 /v1/config 200 2.684938ms
2025/04/08 15:34:32 [GET] ::1 /v1/admin/checkauth 200 5.82398ms
2025/04/08 15:34:33 [GET] ::1 /v1/admin/categories/type/2 200 6.214045ms
2025/04/08 15:34:33 [GET] ::1 /v1/admin/checkauth 200 4.741151ms
2025/04/08 15:34:33 [GET] ::1 /v1/admin/checkauth 200 4.128385ms
2025/04/08 15:34:34 [GET] ::1 /v1/admin/checkauth 200 2.656665ms
2025/04/08 15:34:35 [GET] ::1 /v1/admin/categories/type/2 200 6.854978ms
2025/04/08 15:34:35 [GET] ::1 /v1/admin/checkauth 200 4.671801ms
2025/04/08 15:34:35 [GET] ::1 /v1/admin/categories/type/2 200 5.004283ms
2025/04/08 15:36:24 [GET] ::1 /v1/admin/checkauth 200 4.516819ms
2025/04/08 15:36:24 [GET] ::1 /v1/checkstatus 200 16.19µs
2025/04/08 15:36:26 [GET] ::1 /v1/admin/checkauth 200 2.428775ms
2025/04/08 15:36:27 [GET] ::1 /v1/admin/checkauth 200 2.336269ms
2025/04/08 15:36:27 [GET] ::1 /v1/admin/checkauth 200 1.979119ms
2025/04/08 15:36:27 [GET] ::1 /v1/config 200 2.447717ms
2025/04/08 15:36:27 [GET] ::1 /v1/admin/checkauth 200 12.093038ms
2025/04/08 15:36:28 [GET] ::1 /v1/admin/categories/type/2 200 7.756338ms
2025/04/08 15:36:28 [GET] ::1 /v1/admin/checkauth 200 3.434604ms
2025/04/08 15:36:28 [GET] ::1 /v1/admin/checkauth 200 3.253096ms
2025/04/08 15:36:28 [GET] ::1 /v1/admin/checkauth 200 3.019106ms
2025/04/08 15:36:28 [GET] ::1 /v1/admin/categories/type/2 200 3.97356ms
2025/04/08 15:36:28 [GET] ::1 /v1/admin/checkauth 200 3.789667ms
2025/04/08 15:36:29 [GET] ::1 /v1/admin/categories/type/2 200 3.987633ms
2025/04/08 15:40:13 [GET] ::1 /v1/admin/checkauth 200 4.109745ms
2025/04/08 15:40:14 [GET] ::1 /v1/checkstatus 200 17.699µs
2025/04/08 15:40:16 [GET] ::1 /v1/admin/checkauth 200 2.442738ms
2025/04/08 15:40:16 [GET] ::1 /v1/admin/checkauth 200 4.665987ms
2025/04/08 15:40:16 [GET] ::1 /v1/admin/checkauth 200 8.408362ms
2025/04/08 15:40:16 [GET] ::1 /v1/config 200 5.25087ms
2025/04/08 15:40:17 [GET] ::1 /v1/admin/checkauth 200 1.924685ms
2025/04/08 15:40:17 [GET] ::1 /v1/admin/categories/type/2 200 6.034344ms
2025/04/08 15:40:17 [GET] ::1 /v1/admin/checkauth 200 3.517231ms
2025/04/08 15:40:17 [GET] ::1 /v1/admin/checkauth 200 3.783222ms
2025/04/08 15:40:17 [GET] ::1 /v1/admin/checkauth 200 3.599236ms
2025/04/08 15:40:18 [GET] ::1 /v1/admin/categories/type/2 200 3.501969ms
2025/04/08 15:40:18 [GET] ::1 /v1/admin/checkauth 200 2.359858ms
2025/04/08 15:40:18 [GET] ::1 /v1/admin/categories/type/2 200 5.145743ms
2025/04/08 15:41:53 [GET] ::1 /v1/admin/checkauth 200 5.77572ms
2025/04/08 15:41:53 [GET] ::1 /v1/checkstatus 200 24.355µs
2025/04/08 15:41:56 [GET] ::1 /v1/admin/checkauth 200 5.421139ms
2025/04/08 15:41:56 [GET] ::1 /v1/admin/checkauth 200 3.484657ms
2025/04/08 15:41:56 [GET] ::1 /v1/admin/checkauth 200 5.561714ms
2025/04/08 15:41:56 [GET] ::1 /v1/config 200 2.360626ms
2025/04/08 15:41:56 [GET] ::1 /v1/admin/checkauth 200 2.828054ms
2025/04/08 15:41:57 [GET] ::1 /v1/admin/categories/type/2 200 5.406474ms
2025/04/08 15:41:57 [GET] ::1 /v1/admin/checkauth 200 3.175482ms
2025/04/08 15:41:57 [GET] ::1 /v1/admin/checkauth 200 2.573183ms
2025/04/08 15:41:57 [GET] ::1 /v1/admin/checkauth 200 4.557393ms
2025/04/08 15:41:58 [GET] ::1 /v1/admin/categories/type/2 200 4.877277ms
2025/04/08 15:41:58 [GET] ::1 /v1/admin/checkauth 200 3.487965ms
2025/04/08 15:41:58 [GET] ::1 /v1/admin/categories/type/2 200 5.517344ms
2025/04/08 15:43:48 [GET] ::1 /v1/admin/checkauth 200 4.781452ms
2025/04/08 15:43:48 [GET] ::1 /v1/checkstatus 200 16.852µs
2025/04/08 15:43:50 [GET] ::1 /v1/admin/checkauth 200 2.760702ms
2025/04/08 15:43:51 [GET] ::1 /v1/admin/checkauth 200 5.634226ms
2025/04/08 15:43:51 [GET] ::1 /v1/admin/checkauth 200 3.993215ms
2025/04/08 15:43:51 [GET] ::1 /v1/config 200 2.427744ms
2025/04/08 15:43:51 [GET] ::1 /v1/admin/checkauth 200 4.564329ms
2025/04/08 15:43:52 [GET] ::1 /v1/admin/categories/type/2 200 6.961863ms
2025/04/08 15:43:52 [GET] ::1 /v1/admin/checkauth 200 3.293458ms
2025/04/08 15:43:52 [GET] ::1 /v1/admin/checkauth 200 2.173109ms
2025/04/08 15:43:53 [GET] ::1 /v1/admin/checkauth 200 5.191636ms
2025/04/08 15:43:53 [GET] ::1 /v1/admin/categories/type/2 200 6.972671ms
2025/04/08 15:43:53 [GET] ::1 /v1/admin/checkauth 200 2.803291ms
2025/04/08 15:43:54 [GET] ::1 /v1/admin/categories/type/2 200 6.202605ms
2025/04/08 15:46:23 [GET] ::1 /v1/admin/checkauth 200 4.328168ms
2025/04/08 15:46:23 [GET] ::1 /v1/checkstatus 200 18.676µs
2025/04/08 15:46:25 [GET] ::1 /v1/admin/checkauth 200 2.504314ms
2025/04/08 15:46:26 [GET] ::1 /v1/admin/checkauth 200 2.550271ms
2025/04/08 15:46:26 [GET] ::1 /v1/admin/checkauth 200 3.991241ms
2025/04/08 15:46:27 [GET] ::1 /v1/config 200 2.578141ms
2025/04/08 15:46:27 [GET] ::1 /v1/admin/checkauth 200 7.913197ms
2025/04/08 15:46:27 [GET] ::1 /v1/admin/categories/type/2 200 4.15856ms
2025/04/08 15:46:27 [GET] ::1 /v1/admin/checkauth 200 2.940315ms
2025/04/08 15:46:28 [GET] ::1 /v1/admin/checkauth 200 6.264903ms
2025/04/08 15:46:28 [GET] ::1 /v1/admin/checkauth 200 2.042474ms
2025/04/08 15:46:28 [GET] ::1 /v1/admin/categories/type/2 200 5.791893ms
2025/04/08 15:46:28 [GET] ::1 /v1/admin/checkauth 200 2.992056ms
2025/04/08 15:46:29 [GET] ::1 /v1/admin/categories/type/2 200 4.937009ms
2025/04/08 15:54:57 [GET] ::1 /v1/admin/checkauth 200 5.600864ms
2025/04/08 15:55:00 [GET] ::1 /v1/admin/checkauth 200 3.434766ms
2025/04/08 15:55:00 [GET] ::1 /v1/checkstatus 200 14.208µs
2025/04/08 15:55:02 [GET] ::1 /v1/admin/checkauth 200 7.492179ms
2025/04/08 15:55:03 [GET] ::1 /v1/config 200 2.516268ms
2025/04/08 15:55:47 [GET] ::1 /v1/admin/checkauth 200 6.331255ms
2025/04/08 15:55:57 [GET] ::1 /v1/admin/checkauth 200 4.875422ms
2025/04/08 15:55:58 [GET] ::1 /v1/admin/checkauth 200 8.663821ms
2025/04/08 15:56:17 [GET] ::1 /v1/admin/checkauth 200 5.307108ms
2025/04/08 15:56:17 [GET] ::1 /v1/checkstatus 200 27.75µs
2025/04/08 15:56:20 [GET] ::1 /v1/admin/checkauth 200 3.091107ms
2025/04/08 15:56:21 [GET] ::1 /v1/admin/checkauth 200 2.899845ms
2025/04/08 15:56:21 [GET] ::1 /v1/admin/checkauth 200 2.449515ms
2025/04/08 15:56:22 [GET] ::1 /v1/config 200 5.741936ms
2025/04/08 15:56:22 [GET] ::1 /v1/admin/checkauth 200 3.210623ms
2025/04/08 15:56:22 [GET] ::1 /v1/admin/checkauth 200 4.883845ms
2025/04/08 15:57:41 [GET] ::1 /v1/admin/checkauth 200 3.213862ms
2025/04/08 16:00:17 [GET] ::1 /v1/admin/checkauth 200 6.441102ms
2025/04/08 16:00:18 [GET] ::1 /v1/checkstatus 200 15.969µs
2025/04/08 16:00:25 [GET] ::1 /v1/admin/checkauth 200 4.985566ms
2025/04/08 16:00:25 [GET] ::1 /v1/admin/checkauth 200 5.394126ms
2025/04/08 16:00:26 [GET] ::1 /v1/checkstatus 200 17.004µs
2025/04/08 16:00:28 [GET] ::1 /v1/admin/checkauth 200 2.304905ms
2025/04/08 16:00:29 [GET] ::1 /v1/admin/checkauth 200 2.254194ms
2025/04/08 16:00:29 [GET] ::1 /v1/admin/checkauth 200 3.326564ms
2025/04/08 16:00:30 [GET] ::1 /v1/config 200 3.836397ms
2025/04/08 16:00:30 [GET] ::1 /v1/admin/checkauth 200 2.157413ms
2025/04/08 16:00:31 [GET] ::1 /v1/admin/checkauth 200 4.214693ms
2025/04/08 16:00:54 [GET] ::1 /v1/admin/checkauth 200 4.593456ms
2025/04/08 16:00:54 [GET] ::1 /v1/admin/checkauth 200 2.362265ms
2025/04/08 16:00:54 [GET] ::1 /v1/checkstatus 200 37.336µs
2025/04/08 16:00:56 [GET] ::1 /v1/admin/checkauth 200 3.807954ms
2025/04/08 16:00:57 [GET] ::1 /v1/admin/checkauth 200 4.806357ms
2025/04/08 16:00:57 [GET] ::1 /v1/admin/checkauth 200 3.095482ms
2025/04/08 16:00:58 [GET] ::1 /v1/config 200 2.608069ms
2025/04/08 16:00:58 [GET] ::1 /v1/admin/checkauth 200 2.990946ms
2025/04/08 16:00:59 [GET] ::1 /v1/admin/checkauth 200 2.697701ms
2025/04/08 16:01:36 [GET] ::1 /v1/admin/checkauth 200 74.816522ms
2025/04/08 16:01:36 [GET] ::1 /v1/admin/checkauth 200 74.844044ms
2025/04/08 16:01:36 [GET] ::1 /v1/checkstatus 200 18.471µs
2025/04/08 16:01:39 [GET] ::1 /v1/admin/checkauth 200 3.9564ms
2025/04/08 16:01:40 [GET] ::1 /v1/admin/checkauth 200 2.715223ms
2025/04/08 16:01:40 [GET] ::1 /v1/admin/checkauth 200 3.361966ms
2025/04/08 16:01:40 [GET] ::1 /v1/config 200 3.200953ms
2025/04/08 16:01:41 [GET] ::1 /v1/admin/checkauth 200 3.837868ms
2025/04/08 16:01:41 [GET] ::1 /v1/admin/checkauth 200 7.503757ms
2025/04/08 16:02:42 [GET] ::1 /v1/admin/checkauth 200 6.7356ms
2025/04/08 16:02:42 [GET] ::1 /v1/admin/checkauth 200 8.713767ms
2025/04/08 16:02:42 [GET] ::1 /v1/checkstatus 200 16.498µs
2025/04/08 16:02:45 [GET] ::1 /v1/admin/checkauth 200 3.54426ms
2025/04/08 16:02:45 [GET] ::1 /v1/admin/checkauth 200 2.791403ms
2025/04/08 16:02:46 [GET] ::1 /v1/admin/checkauth 200 2.610891ms
2025/04/08 16:02:46 [GET] ::1 /v1/config 200 2.516282ms
2025/04/08 16:02:46 [GET] ::1 /v1/admin/checkauth 200 4.329863ms
2025/04/08 16:02:47 [GET] ::1 /v1/admin/checkauth 200 6.330064ms
2025/04/08 16:02:50 [GET] ::1 /v1/admin/checkauth 200 7.9361ms
2025/04/08 16:02:50 [GET] ::1 /v1/admin/checkauth 200 2.058587ms
2025/04/08 16:02:50 [GET] ::1 /v1/admin/checkauth 200 4.583245ms
2025/04/08 16:02:51 [GET] ::1 /v1/checkstatus 200 16.49µs
2025/04/08 16:02:53 [GET] ::1 /v1/admin/checkauth 200 5.622799ms
2025/04/08 16:02:54 [GET] ::1 /v1/admin/checkauth 200 3.220197ms
2025/04/08 16:02:54 [GET] ::1 /v1/admin/checkauth 200 2.894446ms
2025/04/08 16:02:54 [GET] ::1 /v1/config 200 3.179235ms
2025/04/08 16:02:55 [GET] ::1 /v1/admin/checkauth 200 5.998573ms
2025/04/08 16:02:55 [GET] ::1 /v1/admin/checkauth 200 4.584972ms
2025/04/08 16:03:06 [GET] ::1 /v1/admin/checkauth 200 4.260402ms
2025/04/08 16:03:06 [GET] ::1 /v1/admin/checkauth 200 4.479606ms
2025/04/08 16:03:06 [GET] ::1 /v1/checkstatus 200 15.806µs
2025/04/08 16:03:09 [GET] ::1 /v1/admin/checkauth 200 3.460557ms
2025/04/08 16:03:09 [GET] ::1 /v1/admin/checkauth 200 8.230419ms
2025/04/08 16:03:09 [GET] ::1 /v1/admin/checkauth 200 3.76223ms
2025/04/08 16:03:10 [GET] ::1 /v1/config 200 3.538941ms
2025/04/08 16:03:10 [GET] ::1 /v1/admin/checkauth 200 2.895374ms
2025/04/08 16:03:10 [GET] ::1 /v1/admin/checkauth 200 5.14416ms
2025/04/08 16:03:14 [GET] ::1 /v1/admin/checkauth 200 5.855994ms
2025/04/08 16:03:14 [GET] ::1 /v1/admin/checkauth 200 3.885627ms
2025/04/08 16:03:14 [GET] ::1 /v1/checkstatus 200 15.344µs
2025/04/08 16:03:17 [GET] ::1 /v1/admin/checkauth 200 3.037169ms
2025/04/08 16:03:18 [GET] ::1 /v1/admin/checkauth 200 6.152993ms
2025/04/08 16:03:18 [GET] ::1 /v1/admin/checkauth 200 3.538698ms
2025/04/08 16:03:18 [GET] ::1 /v1/config 200 1.942162ms
2025/04/08 16:03:19 [GET] ::1 /v1/admin/checkauth 200 4.408331ms
2025/04/08 16:03:20 [GET] ::1 /v1/admin/checkauth 200 4.724637ms
2025/04/08 16:03:52 [GET] ::1 /v1/admin/checkauth 200 6.628409ms
2025/04/08 16:03:52 [GET] ::1 /v1/admin/checkauth 200 9.471623ms
2025/04/08 16:03:53 [GET] ::1 /v1/checkstatus 200 18.707µs
2025/04/08 16:03:55 [GET] ::1 /v1/admin/checkauth 200 6.835873ms
2025/04/08 16:03:56 [GET] ::1 /v1/admin/checkauth 200 5.194818ms
2025/04/08 16:03:56 [GET] ::1 /v1/admin/checkauth 200 3.603616ms
2025/04/08 16:03:57 [GET] ::1 /v1/config 200 3.250691ms
2025/04/08 16:03:57 [GET] ::1 /v1/admin/checkauth 200 6.350129ms
2025/04/08 16:03:58 [GET] ::1 /v1/admin/checkauth 200 5.58569ms
2025/04/08 16:04:04 [GET] ::1 /v1/admin/checkauth 200 5.767208ms
2025/04/08 16:04:04 [GET] ::1 /v1/admin/checkauth 200 3.787682ms
2025/04/08 16:04:04 [GET] ::1 /v1/checkstatus 200 22.14µs
2025/04/08 16:04:06 [GET] ::1 /v1/admin/checkauth 200 3.00119ms
2025/04/08 16:04:07 [GET] ::1 /v1/admin/checkauth 200 3.667253ms
2025/04/08 16:04:07 [GET] ::1 /v1/admin/checkauth 200 3.324301ms
2025/04/08 16:04:08 [GET] ::1 /v1/config 200 2.618276ms
2025/04/08 16:04:08 [GET] ::1 /v1/admin/checkauth 200 2.890366ms
2025/04/08 16:04:09 [GET] ::1 /v1/admin/checkauth 200 10.885125ms
2025/04/08 16:04:20 [GET] ::1 /v1/admin/checkauth 200 4.474448ms
2025/04/08 16:04:20 [GET] ::1 /v1/admin/checkauth 200 3.759566ms
2025/04/08 16:04:20 [GET] ::1 /v1/checkstatus 200 14.993µs
2025/04/08 16:04:24 [GET] ::1 /v1/admin/checkauth 200 3.907371ms
2025/04/08 16:04:25 [GET] ::1 /v1/admin/checkauth 200 3.919188ms
2025/04/08 16:04:25 [GET] ::1 /v1/admin/checkauth 200 5.039083ms
2025/04/08 16:04:26 [GET] ::1 /v1/config 200 5.300898ms
2025/04/08 16:04:27 [GET] ::1 /v1/admin/checkauth 200 13.688092ms
2025/04/08 16:04:27 [GET] ::1 /v1/admin/checkauth 200 4.146828ms
2025/04/08 16:04:45 [GET] ::1 /v1/admin/checkauth 200 3.30717ms
2025/04/08 16:04:45 [GET] ::1 /v1/admin/checkauth 200 8.502361ms
2025/04/08 16:04:45 [GET] ::1 /v1/checkstatus 200 31.383µs
2025/04/08 16:04:48 [GET] ::1 /v1/admin/checkauth 200 2.807576ms
2025/04/08 16:04:49 [GET] ::1 /v1/admin/checkauth 200 2.385001ms
2025/04/08 16:04:49 [GET] ::1 /v1/admin/checkauth 200 2.383502ms
2025/04/08 16:04:49 [GET] ::1 /v1/config 200 2.162871ms
2025/04/08 16:04:49 [GET] ::1 /v1/admin/checkauth 200 2.695999ms
2025/04/08 16:04:50 [GET] ::1 /v1/admin/checkauth 200 3.439342ms
2025/04/08 16:05:14 [GET] ::1 /v1/admin/checkauth 200 11.449675ms
2025/04/08 16:05:14 [GET] ::1 /v1/admin/checkauth 200 11.018731ms
2025/04/08 16:05:15 [GET] ::1 /v1/checkstatus 200 15.819µs
2025/04/08 16:05:17 [GET] ::1 /v1/admin/checkauth 200 6.042004ms
2025/04/08 16:05:18 [GET] ::1 /v1/admin/checkauth 200 2.797298ms
2025/04/08 16:05:18 [GET] ::1 /v1/admin/checkauth 200 6.138474ms
2025/04/08 16:05:19 [GET] ::1 /v1/config 200 2.444436ms
2025/04/08 16:05:19 [GET] ::1 /v1/admin/checkauth 200 2.537081ms
2025/04/08 16:05:20 [GET] ::1 /v1/admin/checkauth 200 3.784545ms
2025/04/08 16:05:52 [GET] ::1 /v1/admin/checkauth 200 2.881893ms
2025/04/08 16:05:52 [GET] ::1 /v1/admin/checkauth 200 6.063368ms
2025/04/08 16:05:53 [GET] ::1 /v1/checkstatus 200 19.452µs
2025/04/08 16:05:55 [GET] ::1 /v1/admin/checkauth 200 3.689242ms
2025/04/08 16:05:56 [GET] ::1 /v1/admin/checkauth 200 4.187237ms
2025/04/08 16:05:56 [GET] ::1 /v1/admin/checkauth 200 4.660747ms
2025/04/08 16:05:57 [GET] ::1 /v1/config 200 2.361358ms
2025/04/08 16:05:58 [GET] ::1 /v1/admin/checkauth 200 3.056896ms
2025/04/08 16:05:58 [GET] ::1 /v1/admin/checkauth 200 4.805405ms
2025/04/08 16:06:02 [GET] ::1 /v1/admin/checkauth 200 3.878097ms
2025/04/08 16:06:02 [GET] ::1 /v1/admin/checkauth 200 2.252209ms
2025/04/08 16:06:03 [GET] ::1 /v1/checkstatus 200 18.846µs
2025/04/08 16:06:05 [GET] ::1 /v1/admin/checkauth 200 3.130653ms
2025/04/08 16:06:06 [GET] ::1 /v1/admin/checkauth 200 3.659436ms
2025/04/08 16:06:06 [GET] ::1 /v1/admin/checkauth 200 4.963007ms
2025/04/08 16:06:07 [GET] ::1 /v1/config 200 3.895145ms
2025/04/08 16:06:07 [GET] ::1 /v1/admin/checkauth 200 2.859543ms
2025/04/08 16:06:08 [GET] ::1 /v1/admin/checkauth 200 2.65309ms
2025/04/08 16:06:32 [GET] ::1 /v1/admin/checkauth 200 9.090358ms
2025/04/08 16:06:32 [GET] ::1 /v1/admin/checkauth 200 11.072152ms
2025/04/08 16:06:33 [GET] ::1 /v1/checkstatus 200 16.432µs
2025/04/08 16:06:36 [GET] ::1 /v1/admin/checkauth 200 3.883404ms
2025/04/08 16:06:37 [GET] ::1 /v1/admin/checkauth 200 3.366676ms
2025/04/08 16:06:37 [GET] ::1 /v1/admin/checkauth 200 4.001113ms
2025/04/08 16:06:37 [GET] ::1 /v1/config 200 3.256798ms
2025/04/08 16:06:38 [GET] ::1 /v1/admin/checkauth 200 2.465691ms
2025/04/08 16:06:38 [GET] ::1 /v1/admin/checkauth 200 3.393693ms
2025/04/08 16:06:44 [GET] ::1 /v1/admin/checkauth 200 2.58646ms
2025/04/08 16:06:44 [GET] ::1 /v1/admin/checkauth 200 2.751075ms
2025/04/08 16:06:44 [GET] ::1 /v1/checkstatus 200 15.401µs
2025/04/08 16:06:47 [GET] ::1 /v1/admin/checkauth 200 2.553875ms
2025/04/08 16:06:47 [GET] ::1 /v1/admin/checkauth 200 2.711704ms
2025/04/08 16:06:47 [GET] ::1 /v1/admin/checkauth 200 2.079215ms
2025/04/08 16:06:48 [GET] ::1 /v1/config 200 2.048077ms
2025/04/08 16:06:48 [GET] ::1 /v1/admin/checkauth 200 2.805222ms
2025/04/08 16:06:49 [GET] ::1 /v1/admin/checkauth 200 3.414526ms
2025/04/08 16:06:57 [GET] ::1 /v1/admin/checkauth 200 2.939267ms
2025/04/08 16:06:57 [GET] ::1 /v1/admin/checkauth 200 4.140287ms
2025/04/08 16:06:57 [GET] ::1 /v1/checkstatus 200 15.622µs
2025/04/08 16:07:00 [GET] ::1 /v1/admin/checkauth 200 2.901104ms
2025/04/08 16:07:01 [GET] ::1 /v1/admin/checkauth 200 3.075506ms
2025/04/08 16:07:01 [GET] ::1 /v1/admin/checkauth 200 3.77715ms
2025/04/08 16:07:02 [GET] ::1 /v1/config 200 2.629417ms
2025/04/08 16:07:02 [GET] ::1 /v1/admin/checkauth 200 2.907341ms
2025/04/08 16:07:03 [GET] ::1 /v1/admin/checkauth 200 10.817811ms
2025/04/08 16:07:05 [GET] ::1 /v1/admin/checkauth 200 3.012744ms
2025/04/08 16:07:05 [GET] ::1 /v1/admin/checkauth 200 2.10568ms
2025/04/08 16:07:05 [GET] ::1 /v1/checkstatus 200 20.26µs
2025/04/08 16:07:08 [GET] ::1 /v1/admin/checkauth 200 2.929757ms
2025/04/08 16:07:09 [GET] ::1 /v1/admin/checkauth 200 3.50267ms
2025/04/08 16:07:09 [GET] ::1 /v1/admin/checkauth 200 3.32389ms
2025/04/08 16:07:10 [GET] ::1 /v1/config 200 2.595972ms
2025/04/08 16:07:10 [GET] ::1 /v1/admin/checkauth 200 4.532018ms
2025/04/08 16:07:10 [GET] ::1 /v1/admin/checkauth 200 3.78806ms
2025/04/08 16:07:48 [GET] ::1 /v1/admin/checkauth 200 6.250652ms
2025/04/08 16:07:48 [GET] ::1 /v1/admin/checkauth 200 3.785035ms
2025/04/08 16:07:48 [GET] ::1 /v1/admin/checkauth 200 3.112917ms
2025/04/08 16:07:48 [GET] ::1 /v1/checkstatus 200 21.921µs
2025/04/08 16:07:51 [GET] ::1 /v1/admin/checkauth 200 3.74872ms
2025/04/08 16:07:52 [GET] ::1 /v1/admin/checkauth 200 2.932678ms
2025/04/08 16:07:52 [GET] ::1 /v1/admin/checkauth 200 7.333095ms
2025/04/08 16:07:52 [GET] ::1 /v1/config 200 3.774948ms
2025/04/08 16:07:53 [GET] ::1 /v1/admin/checkauth 200 11.385689ms
2025/04/08 16:07:53 [GET] ::1 /v1/admin/checkauth 200 7.948446ms
2025/04/08 16:08:09 [GET] ::1 /v1/admin/checkauth 200 2.725992ms
2025/04/08 16:08:09 [GET] ::1 /v1/admin/checkauth 200 9.034185ms
2025/04/08 16:08:09 [GET] ::1 /v1/checkstatus 200 35.691µs
2025/04/08 16:08:12 [GET] ::1 /v1/admin/checkauth 200 2.510494ms
2025/04/08 16:08:13 [GET] ::1 /v1/admin/checkauth 200 3.054806ms
2025/04/08 16:08:13 [GET] ::1 /v1/admin/checkauth 200 6.987644ms
2025/04/08 16:08:14 [GET] ::1 /v1/config 200 2.273332ms
2025/04/08 16:08:14 [GET] ::1 /v1/admin/checkauth 200 4.719771ms
2025/04/08 16:08:15 [GET] ::1 /v1/admin/checkauth 200 3.563377ms
2025/04/08 20:08:33 [GET] ::1 /v1/admin/checkauth 200 55.640958ms
2025/04/08 20:08:33 [GET] ::1 /v1/admin/checkauth 200 55.71932ms
2025/04/08 20:08:33 [GET] ::1 /v1/checkstatus 200 20.267µs
2025/04/08 20:08:36 [GET] ::1 /v1/admin/checkauth 200 7.737969ms
2025/04/08 20:08:37 [GET] ::1 /v1/admin/checkauth 200 4.526821ms
2025/04/08 20:08:37 [GET] ::1 /v1/admin/checkauth 200 3.653311ms
2025/04/08 20:08:38 [GET] ::1 /v1/config 200 3.668338ms
2025/04/08 20:08:38 [GET] ::1 /v1/admin/checkauth 200 2.867778ms
2025/04/08 20:08:38 [GET] ::1 /v1/admin/checkauth 200 7.216534ms
2025/04/08 20:09:06 [GET] ::1 /v1/admin/checkauth 200 3.045817ms
2025/04/08 20:09:06 [GET] ::1 /v1/admin/checkauth 200 3.908329ms
2025/04/08 20:09:06 [GET] ::1 /v1/checkstatus 200 18.198µs
2025/04/08 20:09:09 [GET] ::1 /v1/admin/checkauth 200 11.355771ms
2025/04/08 20:09:10 [GET] ::1 /v1/admin/checkauth 200 3.061023ms
2025/04/08 20:09:11 [GET] ::1 /v1/admin/checkauth 200 3.501751ms
2025/04/08 20:09:11 [GET] ::1 /v1/config 200 11.269737ms
2025/04/08 20:09:11 [GET] ::1 /v1/admin/checkauth 200 4.521069ms
2025/04/08 20:09:12 [GET] ::1 /v1/admin/checkauth 200 7.052726ms
2025/04/08 20:09:44 [GET] ::1 /v1/admin/checkauth 200 8.38538ms
2025/04/08 20:09:44 [GET] ::1 /v1/admin/checkauth 200 4.199522ms
2025/04/08 20:09:45 [GET] ::1 /v1/checkstatus 200 45.592µs
2025/04/08 20:09:48 [GET] ::1 /v1/admin/checkauth 200 3.701876ms
2025/04/08 20:09:48 [GET] ::1 /v1/admin/checkauth 200 2.507892ms
2025/04/08 20:09:48 [GET] ::1 /v1/admin/checkauth 200 3.427943ms
2025/04/08 20:09:49 [GET] ::1 /v1/config 200 8.452335ms
2025/04/08 20:09:49 [GET] ::1 /v1/admin/checkauth 200 5.616677ms
2025/04/08 20:09:50 [GET] ::1 /v1/admin/checkauth 200 2.890618ms
2025/04/08 20:11:09 [GET] ::1 /v1/admin/checkauth 200 9.804452ms
2025/04/08 20:11:09 [GET] ::1 /v1/admin/checkauth 200 9.58713ms
2025/04/08 20:11:10 [GET] ::1 /v1/checkstatus 200 18.897µs
2025/04/08 20:11:13 [GET] ::1 /v1/admin/checkauth 200 2.374877ms
2025/04/08 20:11:14 [GET] ::1 /v1/admin/checkauth 200 3.609804ms
2025/04/08 20:11:14 [GET] ::1 /v1/admin/checkauth 200 2.370403ms
2025/04/08 20:11:15 [GET] ::1 /v1/config 200 2.331791ms
2025/04/08 20:11:15 [GET] ::1 /v1/admin/checkauth 200 4.058912ms
2025/04/08 20:11:16 [GET] ::1 /v1/admin/checkauth 200 3.277916ms
2025/04/08 20:11:47 [GET] ::1 /v1/admin/checkauth 200 2.769624ms
2025/04/08 20:11:47 [GET] ::1 /v1/admin/checkauth 200 7.114913ms
2025/04/08 20:11:48 [GET] ::1 /v1/checkstatus 200 17.581µs
2025/04/08 20:11:50 [GET] ::1 /v1/admin/checkauth 200 6.180594ms
2025/04/08 20:11:51 [GET] ::1 /v1/admin/checkauth 200 2.414346ms
2025/04/08 20:11:51 [GET] ::1 /v1/admin/checkauth 200 4.702969ms
2025/04/08 20:11:52 [GET] ::1 /v1/config 200 1.784799ms
2025/04/08 20:11:52 [GET] ::1 /v1/admin/checkauth 200 4.875865ms
2025/04/08 20:11:53 [GET] ::1 /v1/admin/checkauth 200 6.463112ms
2025/04/08 20:13:02 [GET] ::1 /v1/admin/checkauth 200 6.625418ms
2025/04/08 20:13:02 [GET] ::1 /v1/admin/checkauth 200 5.38293ms
2025/04/08 20:13:02 [GET] ::1 /v1/checkstatus 200 17.553µs
2025/04/08 20:13:05 [GET] ::1 /v1/admin/checkauth 200 2.352867ms
2025/04/08 20:13:07 [GET] ::1 /v1/admin/checkauth 200 4.211984ms
2025/04/08 20:13:07 [GET] ::1 /v1/admin/checkauth 200 4.092764ms
2025/04/08 20:13:07 [GET] ::1 /v1/config 200 3.522742ms
2025/04/08 20:13:07 [GET] ::1 /v1/admin/checkauth 200 14.196608ms
2025/04/08 20:13:08 [GET] ::1 /v1/admin/checkauth 200 4.807659ms
2025/04/08 20:19:59 [GET] ::1 /v1/admin/checkauth 200 4.484499ms
2025/04/08 20:19:59 [GET] ::1 /v1/admin/checkauth 200 2.685923ms
2025/04/08 20:19:59 [GET] ::1 /v1/admin/checkauth 200 4.910177ms
2025/04/08 20:20:01 [GET] ::1 /v1/checkstatus 200 19.258µs
2025/04/08 20:20:04 [GET] ::1 /v1/admin/checkauth 200 3.491606ms
2025/04/08 20:20:05 [GET] ::1 /v1/admin/checkauth 200 3.472331ms
2025/04/08 20:20:05 [GET] ::1 /v1/admin/checkauth 200 2.847173ms
2025/04/08 20:20:06 [GET] ::1 /v1/config 200 3.435172ms
2025/04/08 20:20:06 [GET] ::1 /v1/admin/checkauth 200 3.363457ms
2025/04/08 20:20:06 [GET] ::1 /v1/admin/categories/7 404 2.685µs
2025/04/08 20:20:08 [GET] ::1 /v1/admin/checkauth 200 2.408087ms
2025/04/08 20:20:08 [GET] ::1 /v1/admin/checkauth 200 2.900017ms
2025/04/08 20:20:08 [GET] ::1 /v1/admin/checkauth 200 3.650138ms
2025/04/08 20:20:09 [GET] ::1 /v1/admin/categories/7 404 2.906µs
2025/04/08 20:20:09 [GET] ::1 /v1/admin/checkauth 200 3.083059ms
2025/04/08 20:20:09 [GET] ::1 /v1/admin/categories/7 404 3.124µs
2025/04/08 20:21:55 [GET] ::1 /v1/admin/checkauth 200 7.925608ms
2025/04/08 20:21:55 [GET] ::1 /v1/admin/checkauth 200 3.558757ms
2025/04/08 20:21:55 [GET] ::1 /v1/checkstatus 200 15.79µs
2025/04/08 20:21:58 [GET] ::1 /v1/admin/checkauth 200 2.417637ms
2025/04/08 20:22:00 [GET] ::1 /v1/admin/checkauth 200 3.972572ms
2025/04/08 20:22:00 [GET] ::1 /v1/admin/checkauth 200 4.176869ms
2025/04/08 20:22:01 [GET] ::1 /v1/config 200 3.56811ms
2025/04/08 20:22:01 [GET] ::1 /v1/admin/checkauth 200 3.290526ms
2025/04/08 20:22:02 [GET] ::1 /v1/admin/categories/7 404 2.958µs
2025/04/08 20:22:03 [GET] ::1 /v1/admin/checkauth 200 2.681214ms
2025/04/08 20:22:03 [GET] ::1 /v1/admin/checkauth 200 1.979668ms
2025/04/08 20:22:03 [GET] ::1 /v1/admin/checkauth 200 2.201466ms
2025/04/08 20:22:04 [GET] ::1 /v1/admin/categories/7 404 2.628µs
2025/04/08 20:22:04 [GET] ::1 /v1/admin/checkauth 200 4.115313ms
2025/04/08 20:22:05 [GET] ::1 /v1/admin/categories/7 404 32.501µs
2025/04/08 20:22:45 [GET] ::1 /v1/admin/checkauth 200 8.666778ms
2025/04/08 20:22:45 [GET] ::1 /v1/admin/checkauth 200 9.831037ms
2025/04/08 20:22:45 [GET] ::1 /v1/checkstatus 200 18.991µs
2025/04/08 20:22:48 [GET] ::1 /v1/admin/checkauth 200 2.647065ms
2025/04/08 20:22:49 [GET] ::1 /v1/admin/checkauth 200 2.804059ms
2025/04/08 20:22:49 [GET] ::1 /v1/admin/checkauth 200 3.088778ms
2025/04/08 20:22:49 [GET] ::1 /v1/config 200 4.072273ms
2025/04/08 20:22:50 [GET] ::1 /v1/admin/checkauth 200 2.629832ms
2025/04/08 20:22:50 [GET] ::1 /v1/admin/categories/7 404 4.13µs
2025/04/08 20:22:51 [GET] ::1 /v1/admin/checkauth 200 3.784938ms
2025/04/08 20:22:52 [GET] ::1 /v1/admin/checkauth 200 2.57122ms
2025/04/08 20:22:52 [GET] ::1 /v1/admin/checkauth 200 11.79429ms
2025/04/08 20:22:52 [GET] ::1 /v1/admin/categories/7 404 2.919µs
2025/04/08 20:22:53 [GET] ::1 /v1/admin/checkauth 200 1.674416ms
2025/04/08 20:22:53 [GET] ::1 /v1/admin/categories/7 404 2.585µs
2025/04/08 20:23:19 [GET] ::1 /v1/admin/checkauth 200 3.032882ms
2025/04/08 20:23:19 [GET] ::1 /v1/admin/checkauth 200 4.946664ms
2025/04/08 20:23:19 [GET] ::1 /v1/checkstatus 200 17.337µs
2025/04/08 20:23:22 [GET] ::1 /v1/admin/checkauth 200 3.267969ms
2025/04/08 20:23:23 [GET] ::1 /v1/admin/checkauth 200 3.67424ms
2025/04/08 20:23:23 [GET] ::1 /v1/admin/checkauth 200 4.259056ms
2025/04/08 20:23:24 [GET] ::1 /v1/config 200 6.239621ms
2025/04/08 20:23:24 [GET] ::1 /v1/admin/checkauth 200 3.010719ms
2025/04/08 20:23:24 [GET] ::1 /v1/admin/categories/7 404 2.599µs
2025/04/08 20:23:25 [GET] ::1 /v1/admin/checkauth 200 2.584342ms
2025/04/08 20:23:26 [GET] ::1 /v1/admin/checkauth 200 2.226407ms
2025/04/08 20:23:26 [GET] ::1 /v1/admin/checkauth 200 4.018719ms
2025/04/08 20:23:26 [GET] ::1 /v1/admin/categories/7 404 2.61µs
2025/04/08 20:23:27 [GET] ::1 /v1/admin/checkauth 200 2.522693ms
2025/04/08 20:23:27 [GET] ::1 /v1/admin/categories/7 404 2.797µs
2025/04/08 20:23:51 [GET] ::1 /v1/admin/checkauth 200 3.879389ms
2025/04/08 20:23:52 [GET] ::1 /v1/admin/checkauth 200 2.944228ms
2025/04/08 20:23:53 [GET] ::1 /v1/admin/categories/type/2 200 17.014817ms
2025/04/08 20:23:53 [GET] ::1 /v1/admin/checkauth 200 3.348929ms
2025/04/08 20:23:53 [GET] ::1 /v1/admin/categories/type/2 200 7.958237ms
2025/04/08 20:24:50 [GET] ::1 /v1/admin/checkauth 200 3.152657ms
2025/04/08 20:24:50 [GET] ::1 /v1/admin/checkauth 200 3.509954ms
2025/04/08 20:24:50 [GET] ::1 /v1/checkstatus 200 20.231µs
2025/04/08 20:24:53 [GET] ::1 /v1/admin/checkauth 200 5.100988ms
2025/04/08 20:24:53 [GET] ::1 /v1/admin/checkauth 200 2.286363ms
2025/04/08 20:24:54 [GET] ::1 /v1/admin/checkauth 200 2.514671ms
2025/04/08 20:24:54 [GET] ::1 /v1/config 200 3.29432ms
2025/04/08 20:24:54 [GET] ::1 /v1/admin/checkauth 200 3.232944ms
2025/04/08 20:24:55 [GET] ::1 /v1/admin/categories/type/2 200 12.139675ms
2025/04/08 20:24:55 [GET] ::1 /v1/admin/checkauth 200 5.066011ms
2025/04/08 20:24:55 [GET] ::1 /v1/admin/checkauth 200 3.930852ms
2025/04/08 20:24:56 [GET] ::1 /v1/admin/checkauth 200 2.915191ms
2025/04/08 20:24:56 [GET] ::1 /v1/admin/categories/type/2 200 6.386599ms
2025/04/08 20:24:56 [GET] ::1 /v1/admin/checkauth 200 2.338756ms
2025/04/08 20:24:56 [GET] ::1 /v1/admin/categories/type/2 200 8.872745ms
2025/04/08 20:24:59 [GET] ::1 /v1/admin/checkauth 200 3.489412ms
2025/04/08 20:25:01 [GET] ::1 /v1/admin/checkauth 200 2.540223ms
2025/04/08 20:25:01 [GET] ::1 /v1/admin/categories/7 404 3.125µs
2025/04/08 20:25:02 [GET] ::1 /v1/admin/checkauth 200 5.517182ms
2025/04/08 20:25:02 [GET] ::1 /v1/admin/categories/7 404 2.87µs
2025/04/08 20:28:35 [GET] ::1 /v1/admin/checkauth 200 4.930069ms
2025/04/08 20:28:36 [GET] ::1 /v1/admin/checkauth 200 5.37633ms
2025/04/08 20:28:43 [GET] ::1 /v1/admin/checkauth 200 2.742748ms
2025/04/08 20:28:43 [GET] ::1 /v1/checkstatus 200 31.111µs
2025/04/08 20:28:45 [GET] ::1 /v1/admin/checkauth 200 16.690989ms
2025/04/08 20:28:46 [GET] ::1 /v1/admin/checkauth 200 2.029401ms
2025/04/08 20:28:46 [GET] ::1 /v1/admin/checkauth 200 2.687015ms
2025/04/08 20:28:46 [GET] ::1 /v1/config 200 2.214495ms
2025/04/08 20:28:47 [GET] ::1 /v1/admin/checkauth 200 2.296207ms
2025/04/08 20:28:47 [GET] ::1 /v1/admin/categories/id/7 200 5.170032ms
2025/04/08 20:28:47 [GET] ::1 /v1/admin/checkauth 200 3.070613ms
2025/04/08 20:28:47 [GET] ::1 /v1/admin/checkauth 200 4.222773ms
2025/04/08 20:28:48 [GET] ::1 /v1/admin/checkauth 200 3.642398ms
2025/04/08 20:28:48 [GET] ::1 /v1/admin/categories/id/7 200 5.186815ms
2025/04/08 20:28:48 [GET] ::1 /v1/admin/checkauth 200 4.955348ms
2025/04/08 20:28:49 [GET] ::1 /v1/admin/categories/id/7 200 5.732468ms
2025/04/08 20:28:49 [GET] ::1 /v1/admin/checkauth 200 3.473895ms
2025/04/08 20:28:49 [GET] ::1 /v1/admin/categories/type/2 200 4.071539ms
2025/04/08 20:28:49 [GET] ::1 /v1/admin/checkauth 200 3.540106ms
2025/04/08 20:28:49 [GET] ::1 /v1/admin/categories/type/2 200 4.864496ms
2025/04/08 20:28:49 [GET] ::1 /v1/admin/checkauth 200 4.840839ms
2025/04/08 20:28:50 [GET] ::1 /v1/admin/categories/type/2 200 11.660623ms
2025/04/08 20:29:14 [GET] ::1 /v1/admin/checkauth 200 2.503645ms
2025/04/08 20:29:15 [GET] ::1 /v1/admin/checkauth 200 4.517659ms
2025/04/08 20:29:16 [GET] ::1 /v1/admin/categories/type/2 200 5.191905ms
2025/04/08 20:29:16 [GET] ::1 /v1/admin/checkauth 200 2.553137ms
2025/04/08 20:29:16 [GET] ::1 /v1/admin/categories/type/2 200 4.847116ms
2025/04/08 20:29:34 [GET] ::1 /v1/admin/checkauth 200 1.721726ms
2025/04/08 20:29:34 [GET] ::1 /v1/admin/checkauth 200 2.449335ms
2025/04/08 20:29:35 [GET] ::1 /v1/admin/categories/id/7 200 5.069853ms
2025/04/08 20:29:35 [GET] ::1 /v1/admin/checkauth 200 2.837034ms
2025/04/08 20:29:36 [GET] ::1 /v1/admin/categories/id/7 200 8.413423ms
2025/04/08 20:29:36 [GET] ::1 /v1/admin/checkauth 200 4.568737ms
2025/04/08 20:29:36 [GET] ::1 /v1/admin/categories/type/2 200 6.887945ms
2025/04/08 20:29:36 [GET] ::1 /v1/admin/checkauth 200 2.565967ms
2025/04/08 20:29:37 [GET] ::1 /v1/admin/categories/type/2 200 7.615982ms
2025/04/08 20:35:17 [GET] ::1 /v1/admin/checkauth 200 7.291873ms
2025/04/08 20:35:17 [GET] ::1 /v1/admin/checkauth 200 10.739434ms
2025/04/08 20:35:17 [GET] ::1 /v1/admin/checkauth 200 19.010512ms
2025/04/08 20:35:19 [GET] ::1 /v1/checkstatus 200 21.771µs
2025/04/08 20:35:19 [GET] ::1 /v1/admin/checkauth 200 6.159008ms
2025/04/08 20:35:22 [GET] ::1 /v1/admin/checkauth 200 3.024774ms
2025/04/08 20:35:24 [GET] ::1 /v1/admin/checkauth 200 2.429147ms
2025/04/08 20:35:24 [GET] ::1 /v1/admin/checkauth 200 3.029638ms
2025/04/08 20:35:26 [GET] ::1 /v1/config 200 7.857084ms
2025/04/08 20:35:26 [GET] ::1 /v1/admin/checkauth 200 2.749688ms
2025/04/08 20:35:26 [GET] ::1 /v1/admin/categories/id/7 200 4.758775ms
2025/04/08 20:35:26 [GET] ::1 /v1/admin/checkauth 200 2.842492ms
2025/04/08 20:35:27 [GET] ::1 /v1/admin/checkauth 200 2.566787ms
2025/04/08 20:35:28 [GET] ::1 /v1/admin/checkauth 200 12.360871ms
2025/04/08 20:35:28 [GET] ::1 /v1/admin/categories/id/7 200 5.766807ms
2025/04/08 20:35:28 [GET] ::1 /v1/admin/checkauth 200 5.191904ms
2025/04/08 20:35:29 [GET] ::1 /v1/admin/categories/id/7 200 6.108974ms
2025/04/08 20:35:29 [GET] ::1 /v1/admin/checkauth 200 3.502767ms
2025/04/08 20:35:29 [GET] ::1 /v1/admin/categories/type/2 200 7.757952ms
2025/04/08 20:35:30 [GET] ::1 /v1/admin/checkauth 200 4.638171ms
2025/04/08 20:35:30 [GET] ::1 /v1/admin/categories/type/2 200 5.295361ms
2025/04/08 20:35:30 [GET] ::1 /v1/admin/checkauth 200 9.569589ms
2025/04/08 20:35:30 [GET] ::1 /v1/admin/categories/type/2 200 6.952171ms
2025/04/08 20:36:23 [GET] ::1 /v1/admin/checkauth 200 8.941664ms
2025/04/08 20:36:23 [GET] ::1 /v1/admin/checkauth 200 20.561476ms
2025/04/08 20:36:24 [GET] ::1 /v1/checkstatus 200 16.987µs
2025/04/08 20:36:26 [GET] ::1 /v1/admin/checkauth 200 2.81379ms
2025/04/08 20:36:27 [GET] ::1 /v1/admin/checkauth 200 4.336103ms
2025/04/08 20:36:28 [GET] ::1 /v1/admin/checkauth 200 2.875211ms
2025/04/08 20:36:28 [GET] ::1 /v1/config 200 2.965023ms
2025/04/08 20:36:28 [GET] ::1 /v1/admin/checkauth 200 2.304414ms
2025/04/08 20:36:29 [GET] ::1 /v1/admin/categories/id/7 200 6.560053ms
2025/04/08 20:36:29 [GET] ::1 /v1/admin/checkauth 200 2.795673ms
2025/04/08 20:36:29 [GET] ::1 /v1/admin/checkauth 200 3.631642ms
2025/04/08 20:36:30 [GET] ::1 /v1/admin/checkauth 200 5.177509ms
2025/04/08 20:36:30 [GET] ::1 /v1/admin/categories/id/7 200 6.727413ms
2025/04/08 20:36:30 [GET] ::1 /v1/admin/checkauth 200 2.758695ms
2025/04/08 20:36:30 [GET] ::1 /v1/admin/categories/id/7 200 6.7622ms
2025/04/08 20:36:31 [GET] ::1 /v1/admin/checkauth 200 2.248138ms
2025/04/08 20:36:31 [GET] ::1 /v1/admin/categories/type/2 200 8.498564ms
2025/04/08 20:36:31 [GET] ::1 /v1/admin/checkauth 200 6.201262ms
2025/04/08 20:36:31 [GET] ::1 /v1/admin/categories/type/2 200 4.242969ms
2025/04/08 20:36:31 [GET] ::1 /v1/admin/checkauth 200 3.127609ms
2025/04/08 20:36:32 [GET] ::1 /v1/admin/categories/type/2 200 10.404245ms
2025/04/08 20:36:41 [GET] ::1 /v1/admin/checkauth 200 2.037314ms
2025/04/08 20:36:41 [DELETE] ::1 /v1/admin/categories/7 200 57.828335ms
2025/04/08 20:37:47 [GET] ::1 /v1/admin/checkauth 200 13.380539ms
2025/04/08 20:37:47 [GET] ::1 /v1/admin/checkauth 200 12.769714ms
2025/04/08 20:37:47 [GET] ::1 /v1/checkstatus 200 31.566µs
2025/04/08 20:37:50 [GET] ::1 /v1/admin/checkauth 200 2.711321ms
2025/04/08 20:37:51 [GET] ::1 /v1/admin/checkauth 200 2.74298ms
2025/04/08 20:37:51 [GET] ::1 /v1/admin/checkauth 200 2.27888ms
2025/04/08 20:37:51 [GET] ::1 /v1/config 200 3.174778ms
2025/04/08 20:37:52 [GET] ::1 /v1/admin/checkauth 200 3.550314ms
2025/04/08 20:37:52 [GET] ::1 /v1/admin/categories/id/7 200 24.68506ms
2025/04/08 20:37:52 [GET] ::1 /v1/admin/checkauth 200 5.391825ms
2025/04/08 20:37:52 [GET] ::1 /v1/admin/checkauth 200 2.449674ms
2025/04/08 20:37:53 [GET] ::1 /v1/admin/checkauth 200 2.999577ms
2025/04/08 20:37:53 [GET] ::1 /v1/admin/categories/id/7 200 4.273223ms
2025/04/08 20:37:54 [GET] ::1 /v1/admin/checkauth 200 2.624887ms
2025/04/08 20:37:54 [GET] ::1 /v1/admin/categories/id/7 200 7.4669ms
2025/04/08 20:38:00 [GET] ::1 /v1/admin/checkauth 200 3.822754ms
2025/04/08 20:38:01 [GET] ::1 /v1/admin/checkauth 200 3.632479ms
2025/04/08 20:38:02 [GET] ::1 /v1/admin/categories/type/2 200 5.39352ms
2025/04/08 20:38:02 [GET] ::1 /v1/admin/checkauth 200 2.718423ms
2025/04/08 20:38:02 [GET] ::1 /v1/admin/categories/type/2 200 4.792954ms
2025/04/08 20:38:06 [GET] ::1 /v1/admin/checkauth 200 1.875331ms
2025/04/08 20:38:07 [GET] ::1 /v1/admin/checkauth 200 5.122984ms
2025/04/08 20:38:07 [GET] ::1 /v1/admin/categories/id/9 200 8.471094ms
2025/04/08 20:38:07 [GET] ::1 /v1/admin/checkauth 200 1.518837ms
2025/04/08 20:38:08 [GET] ::1 /v1/admin/categories/id/9 200 5.372926ms
2025/04/08 20:38:08 [GET] ::1 /v1/admin/checkauth 200 3.720648ms
2025/04/08 20:38:08 [GET] ::1 /v1/admin/categories/type/2 200 4.555986ms
2025/04/08 20:38:09 [GET] ::1 /v1/admin/checkauth 200 2.650654ms
2025/04/08 20:38:09 [GET] ::1 /v1/admin/categories/type/2 200 4.2361ms
2025/04/08 20:38:11 [GET] ::1 /v1/admin/checkauth 200 1.7391ms
2025/04/08 20:38:11 [GET] ::1 /v1/admin/checkauth 200 2.713661ms
2025/04/08 20:38:11 [DELETE] ::1 /v1/admin/categories/9 200 13.371412ms
2025/04/08 20:38:12 [GET] ::1 /v1/checkstatus 200 111.064µs
2025/04/08 20:38:12 [GET] ::1 /v1/admin/checkauth 200 2.252343ms
2025/04/08 20:38:12 [GET] ::1 /v1/admin/categories/type/2 200 6.564107ms
2025/04/08 20:38:12 [GET] ::1 /v1/admin/checkauth 200 7.650703ms
2025/04/08 20:38:13 [GET] ::1 /v1/admin/categories/type/2 200 4.944627ms
2025/04/08 20:38:19 [GET] ::1 /v1/admin/checkauth 200 1.93096ms
2025/04/08 20:38:19 [GET] ::1 /v1/admin/checkauth 200 3.472017ms
2025/04/08 20:38:20 [GET] ::1 /v1/admin/categories/id/8 200 6.232809ms
2025/04/08 20:38:20 [GET] ::1 /v1/admin/checkauth 200 3.481976ms
2025/04/08 20:38:20 [GET] ::1 /v1/admin/categories/id/8 200 5.585079ms
2025/04/08 20:38:20 [GET] ::1 /v1/admin/checkauth 200 2.22164ms
2025/04/08 20:38:20 [GET] ::1 /v1/admin/categories/type/2 200 7.589885ms
2025/04/08 20:38:20 [GET] ::1 /v1/admin/checkauth 200 2.287167ms
2025/04/08 20:38:21 [GET] ::1 /v1/admin/categories/type/2 200 5.695253ms
2025/04/08 20:44:07 [GET] ::1 /v1/admin/checkauth 200 5.48097ms
2025/04/08 20:44:07 [GET] ::1 /v1/admin/checkauth 200 5.554808ms
2025/04/08 20:44:07 [GET] ::1 /v1/admin/checkauth 200 7.166023ms
2025/04/08 20:44:08 [GET] ::1 /v1/checkstatus 200 29.235µs
2025/04/08 20:44:09 [GET] ::1 /v1/admin/checkauth 200 3.077167ms
2025/04/08 20:44:12 [GET] ::1 /v1/admin/checkauth 200 17.915917ms
2025/04/08 20:44:15 [GET] ::1 /v1/admin/checkauth 200 2.947859ms
2025/04/08 20:44:15 [GET] ::1 /v1/admin/checkauth 200 4.410938ms
2025/04/08 20:44:15 [GET] ::1 /v1/config 200 7.052855ms
2025/04/08 20:44:15 [GET] ::1 /v1/admin/checkauth 200 3.264457ms
2025/04/08 20:44:16 [GET] ::1 /v1/admin/categories/id/8 200 10.589497ms
2025/04/08 20:44:16 [GET] ::1 /v1/admin/checkauth 200 4.382034ms
2025/04/08 20:44:17 [GET] ::1 /v1/admin/checkauth 200 4.694143ms
2025/04/08 20:44:17 [GET] ::1 /v1/admin/checkauth 200 2.989538ms
2025/04/08 20:44:18 [GET] ::1 /v1/admin/categories/id/8 200 9.429742ms
2025/04/08 20:44:18 [GET] ::1 /v1/admin/checkauth 200 2.905788ms
2025/04/08 20:44:18 [GET] ::1 /v1/admin/categories/id/8 200 19.313939ms
2025/04/08 20:44:18 [GET] ::1 /v1/admin/checkauth 200 3.827926ms
2025/04/08 20:44:18 [GET] ::1 /v1/admin/categories/type/2 200 9.361549ms
2025/04/08 20:44:18 [GET] ::1 /v1/admin/checkauth 200 2.624817ms
2025/04/08 20:44:19 [GET] ::1 /v1/admin/categories/type/2 200 5.495007ms
2025/04/08 20:44:19 [GET] ::1 /v1/admin/checkauth 200 2.889774ms
2025/04/08 20:44:20 [GET] ::1 /v1/admin/categories/type/2 200 6.506795ms
2025/04/08 20:44:36 [GET] ::1 /v1/admin/checkauth 200 4.550279ms
2025/04/08 20:44:36 [GET] ::1 /v1/admin/checkauth 200 6.238455ms
2025/04/08 20:44:37 [GET] ::1 /v1/checkstatus 200 23.208µs
2025/04/08 20:44:41 [GET] ::1 /v1/admin/checkauth 200 2.771159ms
2025/04/08 20:44:42 [GET] ::1 /v1/admin/checkauth 200 3.700291ms
2025/04/08 20:44:42 [GET] ::1 /v1/admin/checkauth 200 2.426684ms
2025/04/08 20:44:42 [GET] ::1 /v1/config 200 2.363638ms
2025/04/08 20:44:42 [GET] ::1 /v1/admin/checkauth 200 3.160257ms
2025/04/08 20:44:43 [GET] ::1 /v1/admin/categories/id/8 200 3.886548ms
2025/04/08 20:44:43 [GET] ::1 /v1/admin/checkauth 200 3.78183ms
2025/04/08 20:44:43 [GET] ::1 /v1/admin/checkauth 200 2.419901ms
2025/04/08 20:44:44 [GET] ::1 /v1/admin/checkauth 200 2.276137ms
2025/04/08 20:44:44 [GET] ::1 /v1/admin/categories/id/8 200 14.001077ms
2025/04/08 20:44:44 [GET] ::1 /v1/admin/checkauth 200 6.957113ms
2025/04/08 20:44:44 [GET] ::1 /v1/admin/categories/id/8 200 13.142968ms
2025/04/08 20:44:45 [GET] ::1 /v1/admin/checkauth 200 3.646042ms
2025/04/08 20:44:45 [GET] ::1 /v1/admin/categories/type/2 200 13.385323ms
2025/04/08 20:44:45 [GET] ::1 /v1/admin/checkauth 200 4.656394ms
2025/04/08 20:44:45 [GET] ::1 /v1/admin/categories/type/2 200 4.107481ms
2025/04/08 20:44:45 [GET] ::1 /v1/admin/checkauth 200 4.272069ms
2025/04/08 20:44:46 [GET] ::1 /v1/admin/categories/type/2 200 6.726034ms
2025/04/08 20:44:55 [GET] ::1 /v1/admin/checkauth 200 5.55585ms
2025/04/08 20:44:55 [PUT] ::1 /v1/admin/categories/8 200 24.122336ms
2025/04/08 20:44:55 [GET] ::1 /v1/admin/checkauth 200 2.676165ms
2025/04/08 20:44:57 [GET] ::1 /v1/admin/checkauth 200 5.516572ms
2025/04/08 20:44:57 [GET] ::1 /v1/admin/categories/type/2 200 5.313549ms
2025/04/08 20:44:57 [GET] ::1 /v1/admin/checkauth 200 4.904633ms
2025/04/08 20:44:58 [GET] ::1 /v1/admin/categories/type/2 200 4.821161ms
2025/04/08 20:45:40 [GET] ::1 /v1/admin/checkauth 200 11.346959ms
2025/04/08 20:45:40 [GET] ::1 /v1/admin/checkauth 200 2.571448ms
2025/04/08 20:45:41 [GET] ::1 /v1/admin/categories/id/8 200 6.043674ms
2025/04/08 20:45:41 [GET] ::1 /v1/admin/checkauth 200 5.136834ms
2025/04/08 20:45:41 [GET] ::1 /v1/admin/categories/id/8 200 6.047916ms
2025/04/08 20:45:41 [GET] ::1 /v1/admin/checkauth 200 2.587229ms
2025/04/08 20:45:42 [GET] ::1 /v1/admin/categories/type/2 200 7.032186ms
2025/04/08 20:45:42 [GET] ::1 /v1/admin/checkauth 200 2.491542ms
2025/04/08 20:45:42 [GET] ::1 /v1/admin/categories/type/2 200 3.625684ms
2025/04/08 20:45:56 [GET] ::1 /v1/admin/checkauth 200 2.769947ms
2025/04/08 20:45:56 [PUT] ::1 /v1/admin/categories/8 200 9.393316ms
2025/04/08 20:45:57 [GET] ::1 /v1/admin/checkauth 200 2.489872ms
2025/04/08 20:45:57 [GET] ::1 /v1/admin/categories/type/2 200 8.527264ms
2025/04/08 20:45:57 [GET] ::1 /v1/admin/checkauth 200 2.52617ms
2025/04/08 20:45:57 [GET] ::1 /v1/admin/categories/type/2 200 5.062702ms
2025/04/08 20:46:01 [GET] ::1 /v1/admin/checkauth 200 2.432551ms
2025/04/08 20:46:01 [GET] ::1 /v1/admin/checkauth 200 5.899242ms
2025/04/08 20:46:01 [GET] ::1 /v1/checkstatus 200 16.599µs
2025/04/08 20:46:04 [GET] ::1 /v1/admin/checkauth 200 7.589467ms
2025/04/08 20:46:05 [GET] ::1 /v1/admin/checkauth 200 4.363496ms
2025/04/08 20:46:05 [GET] ::1 /v1/admin/checkauth 200 3.778306ms
2025/04/08 20:46:06 [GET] ::1 /v1/config 200 2.861517ms
2025/04/08 20:46:06 [GET] ::1 /v1/admin/checkauth 200 7.305327ms
2025/04/08 20:46:06 [GET] ::1 /v1/admin/categories/type/2 200 3.848146ms
2025/04/08 20:46:06 [GET] ::1 /v1/admin/checkauth 200 1.99639ms
2025/04/08 20:46:07 [GET] ::1 /v1/admin/checkauth 200 3.284042ms
2025/04/08 20:46:07 [GET] ::1 /v1/admin/checkauth 200 11.186156ms
2025/04/08 20:46:08 [GET] ::1 /v1/admin/categories/type/2 200 5.754197ms
2025/04/08 20:46:08 [GET] ::1 /v1/admin/checkauth 200 4.310306ms
2025/04/08 20:46:08 [GET] ::1 /v1/admin/categories/type/2 200 16.682427ms
