2025/04/09 08:26:57 [POST] ::1 /v1/admin/token/refresh 200 220.739288ms
2025/04/09 08:26:59 [GET] ::1 /v1/admin/checkauth 200 3.728911ms
2025/04/09 08:27:03 [GET] ::1 /v1/admin/checkauth 200 7.426459ms
2025/04/09 08:27:07 [GET] ::1 /v1/admin/checkauth 200 2.268841ms
2025/04/09 08:27:08 [GET] ::1 /v1/admin/categories/id/6 200 8.522424ms
2025/04/09 08:27:08 [GET] ::1 /v1/admin/checkauth 200 2.315082ms
2025/04/09 08:27:08 [GET] ::1 /v1/admin/categories/id/6 200 18.627511ms
2025/04/09 08:27:08 [GET] ::1 /v1/admin/checkauth 200 16.370114ms
2025/04/09 08:27:08 [GET] ::1 /v1/admin/categories/type/2 200 14.310095ms
2025/04/09 08:27:09 [GET] ::1 /v1/admin/checkauth 200 3.605745ms
2025/04/09 08:27:09 [GET] ::1 /v1/admin/categories/type/2 200 7.759217ms
2025/04/09 08:27:24 [GET] ::1 /v1/admin/checkauth 200 2.03715ms
2025/04/09 08:27:24 [PUT] ::1 /v1/admin/categories/6 200 10.904339ms
2025/04/09 08:27:58 [GET] ::1 /v1/admin/checkauth 200 13.728496ms
2025/04/09 08:27:59 [GET] ::1 /v1/admin/checkauth 200 3.710497ms
2025/04/09 08:28:18 [GET] ::1 /v1/admin/checkauth 200 10.369814ms
2025/04/09 08:28:18 [GET] ::1 /v1/admin/checkauth 200 5.372915ms
2025/04/09 08:28:19 [GET] ::1 /v1/checkstatus 200 27.681µs
2025/04/09 08:28:22 [GET] ::1 /v1/admin/checkauth 200 5.917614ms
2025/04/09 08:28:23 [GET] ::1 /v1/admin/checkauth 200 6.324909ms
2025/04/09 08:28:24 [GET] ::1 /v1/admin/checkauth 200 2.963803ms
2025/04/09 08:28:24 [GET] ::1 /v1/config 200 5.861774ms
2025/04/09 08:28:24 [GET] ::1 /v1/admin/checkauth 200 2.710773ms
2025/04/09 08:28:25 [GET] ::1 /v1/admin/categories/id/6 200 9.793323ms
2025/04/09 08:28:25 [GET] ::1 /v1/admin/checkauth 200 15.561229ms
2025/04/09 08:28:25 [GET] ::1 /v1/admin/checkauth 200 18.481977ms
2025/04/09 08:28:26 [GET] ::1 /v1/admin/checkauth 200 4.054596ms
2025/04/09 08:28:26 [GET] ::1 /v1/admin/categories/id/6 200 8.018787ms
2025/04/09 08:28:26 [GET] ::1 /v1/admin/checkauth 200 5.653689ms
2025/04/09 08:28:27 [GET] ::1 /v1/admin/categories/id/6 200 10.368995ms
2025/04/09 08:28:27 [GET] ::1 /v1/admin/checkauth 200 2.876569ms
2025/04/09 08:28:27 [GET] ::1 /v1/admin/categories/type/2 200 32.636162ms
2025/04/09 08:28:27 [GET] ::1 /v1/admin/checkauth 200 1.839411ms
2025/04/09 08:28:28 [GET] ::1 /v1/admin/categories/type/2 200 13.274801ms
2025/04/09 08:28:28 [GET] ::1 /v1/admin/checkauth 200 4.985445ms
2025/04/09 08:28:28 [GET] ::1 /v1/admin/categories/type/2 200 4.505932ms
2025/04/09 08:28:33 [GET] ::1 /v1/admin/checkauth 200 2.471412ms
2025/04/09 08:28:33 [PUT] ::1 /v1/admin/categories/6 200 11.328962ms
2025/04/09 08:29:05 [GET] ::1 /v1/admin/checkauth 200 19.037151ms
2025/04/09 08:29:06 [GET] ::1 /v1/admin/checkauth 200 4.250527ms
2025/04/09 08:29:12 [GET] ::1 /v1/admin/checkauth 200 2.415809ms
2025/04/09 08:29:13 [PUT] ::1 /v1/admin/categories/6 200 11.057645ms
2025/04/09 08:29:30 [GET] ::1 /v1/admin/checkauth 200 1.671623ms
2025/04/09 08:29:31 [GET] ::1 /v1/admin/checkauth 200 3.999228ms
2025/04/09 08:29:31 [GET] ::1 /v1/admin/categories/type/2 200 4.449456ms
2025/04/09 08:29:31 [GET] ::1 /v1/admin/checkauth 200 4.247928ms
2025/04/09 08:29:32 [GET] ::1 /v1/admin/categories/type/2 200 8.590752ms
2025/04/09 08:30:11 [GET] ::1 /v1/admin/checkauth 200 7.415702ms
2025/04/09 08:30:11 [GET] ::1 /v1/checkstatus 200 17.933µs
2025/04/09 08:30:14 [GET] ::1 /v1/admin/checkauth 200 4.762829ms
2025/04/09 08:30:14 [GET] ::1 /v1/admin/checkauth 200 3.463536ms
2025/04/09 08:30:14 [GET] ::1 /v1/admin/checkauth 200 2.27605ms
2025/04/09 08:30:15 [GET] ::1 /v1/config 200 4.136771ms
2025/04/09 08:30:15 [GET] ::1 /v1/admin/checkauth 200 4.166764ms
2025/04/09 08:30:15 [GET] ::1 /v1/admin/categories/id/7 200 9.673893ms
2025/04/09 08:30:15 [GET] ::1 /v1/admin/checkauth 200 2.918005ms
2025/04/09 08:30:16 [GET] ::1 /v1/admin/checkauth 200 5.501086ms
2025/04/09 08:30:16 [GET] ::1 /v1/admin/checkauth 200 10.749478ms
2025/04/09 08:30:17 [GET] ::1 /v1/admin/categories/id/7 200 4.533618ms
2025/04/09 08:30:17 [GET] ::1 /v1/admin/checkauth 200 4.047653ms
2025/04/09 08:30:17 [GET] ::1 /v1/admin/categories/id/7 200 3.874583ms
2025/04/09 08:30:21 [GET] ::1 /v1/admin/checkauth 200 2.169368ms
2025/04/09 08:30:21 [GET] ::1 /v1/checkstatus 200 43.885µs
2025/04/09 08:30:23 [GET] ::1 /v1/admin/checkauth 200 4.594675ms
2025/04/09 08:30:24 [GET] ::1 /v1/admin/checkauth 200 1.936154ms
2025/04/09 08:30:24 [GET] ::1 /v1/admin/checkauth 200 2.997811ms
2025/04/09 08:30:24 [GET] ::1 /v1/config 200 3.926901ms
2025/04/09 08:30:24 [GET] ::1 /v1/admin/checkauth 200 4.517694ms
2025/04/09 08:30:25 [GET] ::1 /v1/admin/categories/id/5 200 12.550761ms
2025/04/09 08:30:25 [GET] ::1 /v1/admin/checkauth 200 4.055293ms
2025/04/09 08:30:25 [GET] ::1 /v1/admin/checkauth 200 3.251781ms
2025/04/09 08:30:26 [GET] ::1 /v1/admin/checkauth 200 2.335776ms
2025/04/09 08:30:26 [GET] ::1 /v1/admin/categories/id/5 200 9.367774ms
2025/04/09 08:30:26 [GET] ::1 /v1/admin/checkauth 200 3.78375ms
2025/04/09 08:30:27 [GET] ::1 /v1/admin/categories/id/5 200 6.09404ms
2025/04/09 08:30:27 [GET] ::1 /v1/admin/checkauth 200 2.066408ms
2025/04/09 08:30:27 [GET] ::1 /v1/admin/categories/type/1 200 8.379955ms
2025/04/09 08:30:27 [GET] ::1 /v1/admin/checkauth 200 1.738976ms
2025/04/09 08:30:27 [GET] ::1 /v1/admin/categories/type/1 200 6.193835ms
2025/04/09 08:30:28 [GET] ::1 /v1/admin/checkauth 200 3.730458ms
2025/04/09 08:30:28 [GET] ::1 /v1/admin/categories/type/1 200 4.746625ms
2025/04/09 08:30:35 [GET] ::1 /v1/admin/checkauth 200 2.633812ms
2025/04/09 08:30:35 [GET] ::1 /v1/checkstatus 200 24.198µs
2025/04/09 08:30:37 [GET] ::1 /v1/admin/checkauth 200 2.978079ms
2025/04/09 08:30:39 [GET] ::1 /v1/admin/checkauth 200 3.005306ms
2025/04/09 08:30:39 [GET] ::1 /v1/admin/checkauth 200 3.107097ms
2025/04/09 08:30:39 [GET] ::1 /v1/config 200 1.778185ms
2025/04/09 08:30:39 [GET] ::1 /v1/admin/checkauth 200 4.210469ms
2025/04/09 08:30:40 [GET] ::1 /v1/admin/categories/id/9 200 7.570464ms
2025/04/09 08:30:40 [GET] ::1 /v1/admin/checkauth 200 9.141908ms
2025/04/09 08:30:41 [GET] ::1 /v1/admin/checkauth 200 7.146439ms
2025/04/09 08:30:41 [GET] ::1 /v1/admin/checkauth 200 4.430734ms
2025/04/09 08:30:41 [GET] ::1 /v1/admin/categories/id/9 200 14.506112ms
2025/04/09 08:30:41 [GET] ::1 /v1/admin/checkauth 200 8.070682ms
2025/04/09 08:30:42 [GET] ::1 /v1/admin/categories/id/9 200 9.577524ms
2025/04/09 08:30:43 [GET] ::1 /v1/admin/checkauth 200 2.402464ms
2025/04/09 08:30:43 [GET] ::1 /v1/checkstatus 200 16.764µs
2025/04/09 08:30:45 [GET] ::1 /v1/admin/checkauth 200 4.354268ms
2025/04/09 08:30:46 [GET] ::1 /v1/admin/checkauth 200 2.434476ms
2025/04/09 08:30:46 [GET] ::1 /v1/admin/checkauth 200 2.249432ms
2025/04/09 08:30:46 [GET] ::1 /v1/config 200 2.334588ms
2025/04/09 08:30:47 [GET] ::1 /v1/admin/checkauth 200 2.811053ms
2025/04/09 08:30:47 [GET] ::1 /v1/admin/categories/id/6 200 6.338355ms
2025/04/09 08:30:47 [GET] ::1 /v1/admin/checkauth 200 2.455376ms
2025/04/09 08:30:48 [GET] ::1 /v1/admin/checkauth 200 2.078657ms
2025/04/09 08:30:48 [GET] ::1 /v1/admin/checkauth 200 2.774681ms
2025/04/09 08:30:48 [GET] ::1 /v1/admin/categories/id/6 200 4.572261ms
2025/04/09 08:30:48 [GET] ::1 /v1/admin/checkauth 200 6.172219ms
2025/04/09 08:30:49 [GET] ::1 /v1/admin/categories/id/6 200 5.049483ms
2025/04/09 08:30:49 [GET] ::1 /v1/admin/checkauth 200 2.152956ms
2025/04/09 08:30:49 [GET] ::1 /v1/admin/categories/type/2 200 7.62058ms
2025/04/09 08:30:49 [GET] ::1 /v1/admin/checkauth 200 3.136826ms
2025/04/09 08:30:50 [GET] ::1 /v1/admin/categories/type/2 200 4.195934ms
2025/04/09 08:30:50 [GET] ::1 /v1/admin/checkauth 200 4.71068ms
2025/04/09 08:30:50 [GET] ::1 /v1/admin/categories/type/2 200 5.870373ms
2025/04/09 08:31:02 [GET] ::1 /v1/admin/checkauth 200 1.888984ms
2025/04/09 08:31:02 [PUT] ::1 /v1/admin/categories/6 200 11.958484ms
2025/04/09 08:31:30 [GET] ::1 /v1/admin/checkauth 200 12.517912ms
2025/04/09 08:31:30 [GET] ::1 /v1/admin/checkauth 200 17.470163ms
2025/04/09 08:31:30 [GET] ::1 /v1/checkstatus 200 27.442µs
2025/04/09 08:31:33 [GET] ::1 /v1/admin/checkauth 200 3.122393ms
2025/04/09 08:31:35 [GET] ::1 /v1/admin/checkauth 200 3.984278ms
2025/04/09 08:31:35 [GET] ::1 /v1/admin/checkauth 200 2.997155ms
2025/04/09 08:31:36 [GET] ::1 /v1/config 200 3.674052ms
2025/04/09 08:31:36 [GET] ::1 /v1/admin/checkauth 200 3.200712ms
2025/04/09 08:31:36 [GET] ::1 /v1/admin/categories/id/6 200 5.710424ms
2025/04/09 08:31:36 [GET] ::1 /v1/admin/checkauth 200 4.128156ms
2025/04/09 08:31:37 [GET] ::1 /v1/admin/checkauth 200 2.691094ms
2025/04/09 08:31:38 [GET] ::1 /v1/admin/checkauth 200 4.466358ms
2025/04/09 08:31:38 [GET] ::1 /v1/admin/categories/id/6 200 8.42326ms
2025/04/09 08:31:38 [GET] ::1 /v1/admin/checkauth 200 2.11507ms
2025/04/09 08:31:39 [GET] ::1 /v1/admin/categories/id/6 200 7.041881ms
2025/04/09 08:31:39 [GET] ::1 /v1/admin/checkauth 200 2.736979ms
2025/04/09 08:31:39 [GET] ::1 /v1/admin/categories/type/2 200 9.128851ms
2025/04/09 08:31:39 [GET] ::1 /v1/admin/checkauth 200 7.656324ms
2025/04/09 08:31:39 [GET] ::1 /v1/admin/categories/type/2 200 3.941325ms
2025/04/09 08:31:40 [GET] ::1 /v1/admin/checkauth 200 3.473091ms
2025/04/09 08:31:40 [GET] ::1 /v1/admin/categories/type/2 200 5.376974ms
2025/04/09 08:31:44 [GET] ::1 /v1/admin/checkauth 200 1.944901ms
2025/04/09 08:31:44 [PUT] ::1 /v1/admin/categories/6 200 8.506829ms
2025/04/09 08:31:44 [GET] ::1 /v1/admin/checkauth 200 3.732867ms
2025/04/09 08:31:45 [GET] ::1 /v1/checkstatus 200 26.518µs
2025/04/09 08:31:47 [GET] ::1 /v1/admin/checkauth 200 3.43775ms
2025/04/09 08:31:48 [GET] ::1 /v1/admin/checkauth 200 2.677438ms
2025/04/09 08:31:48 [GET] ::1 /v1/admin/checkauth 200 7.678752ms
2025/04/09 08:31:49 [GET] ::1 /v1/config 200 2.936977ms
2025/04/09 08:31:49 [GET] ::1 /v1/admin/checkauth 200 5.345944ms
2025/04/09 08:31:49 [GET] ::1 /v1/admin/categories/id/9 200 4.673953ms
2025/04/09 08:31:49 [GET] ::1 /v1/admin/checkauth 200 3.534237ms
2025/04/09 08:31:50 [GET] ::1 /v1/admin/checkauth 200 7.591916ms
2025/04/09 08:31:51 [GET] ::1 /v1/admin/checkauth 200 7.112275ms
2025/04/09 08:31:51 [GET] ::1 /v1/admin/categories/id/9 200 5.551121ms
2025/04/09 08:31:51 [GET] ::1 /v1/admin/checkauth 200 2.216239ms
2025/04/09 08:31:52 [GET] ::1 /v1/admin/categories/id/9 200 13.988306ms
2025/04/09 08:31:53 [GET] ::1 /v1/admin/checkauth 200 2.379117ms
2025/04/09 08:31:54 [GET] ::1 /v1/admin/checkauth 200 5.555702ms
2025/04/09 08:31:55 [GET] ::1 /v1/admin/categories/type/2 200 11.112331ms
2025/04/09 08:31:55 [GET] ::1 /v1/admin/checkauth 200 4.942031ms
2025/04/09 08:31:55 [GET] ::1 /v1/admin/categories/type/2 200 5.252079ms
2025/04/09 08:32:55 [GET] ::1 /v1/admin/checkauth 200 12.368973ms
2025/04/09 08:32:55 [GET] ::1 /v1/admin/checkauth 200 8.318516ms
2025/04/09 08:32:56 [GET] ::1 /v1/checkstatus 200 19.115µs
2025/04/09 08:32:59 [GET] ::1 /v1/admin/checkauth 200 7.316025ms
2025/04/09 08:33:01 [GET] ::1 /v1/admin/checkauth 200 2.691469ms
2025/04/09 08:33:01 [GET] ::1 /v1/admin/checkauth 200 4.296521ms
2025/04/09 08:33:02 [GET] ::1 /v1/config 200 3.422839ms
2025/04/09 08:33:02 [GET] ::1 /v1/admin/checkauth 200 10.530042ms
2025/04/09 08:33:02 [GET] ::1 /v1/admin/categories/type/2 200 8.580572ms
2025/04/09 08:33:03 [GET] ::1 /v1/admin/checkauth 200 7.11529ms
2025/04/09 08:33:03 [GET] ::1 /v1/admin/checkauth 200 3.296888ms
2025/04/09 08:33:03 [GET] ::1 /v1/admin/checkauth 200 2.577479ms
2025/04/09 08:33:04 [GET] ::1 /v1/admin/categories/type/2 200 13.568692ms
2025/04/09 08:33:04 [GET] ::1 /v1/admin/checkauth 200 2.848506ms
2025/04/09 08:33:04 [GET] ::1 /v1/admin/categories/type/2 200 7.946943ms
2025/04/09 08:34:42 [GET] ::1 /v1/admin/checkauth 200 6.380321ms
2025/04/09 08:34:43 [GET] ::1 /v1/admin/checkauth 200 3.332467ms
2025/04/09 08:34:43 [GET] ::1 /v1/admin/categories/id/6 200 7.068614ms
2025/04/09 08:34:44 [GET] ::1 /v1/admin/checkauth 200 4.725134ms
2025/04/09 08:34:44 [GET] ::1 /v1/admin/categories/id/6 200 17.364809ms
2025/04/09 08:34:44 [GET] ::1 /v1/admin/checkauth 200 2.508761ms
2025/04/09 08:34:45 [GET] ::1 /v1/admin/categories/type/2 200 4.705879ms
2025/04/09 08:34:45 [GET] ::1 /v1/admin/checkauth 200 4.994659ms
2025/04/09 08:34:45 [GET] ::1 /v1/admin/categories/type/2 200 8.64572ms
2025/04/09 08:35:36 [GET] ::1 /v1/admin/checkauth 200 14.616734ms
2025/04/09 08:35:36 [GET] ::1 /v1/admin/checkauth 200 14.074425ms
2025/04/09 08:35:36 [GET] ::1 /v1/checkstatus 200 25.019µs
2025/04/09 08:35:41 [GET] ::1 /v1/admin/checkauth 200 5.419439ms
2025/04/09 08:35:42 [GET] ::1 /v1/admin/checkauth 200 3.556802ms
2025/04/09 08:35:42 [GET] ::1 /v1/admin/checkauth 200 2.628755ms
2025/04/09 08:35:43 [GET] ::1 /v1/config 200 3.317359ms
2025/04/09 08:35:43 [GET] ::1 /v1/admin/checkauth 200 4.347312ms
2025/04/09 08:35:43 [GET] ::1 /v1/admin/categories/id/6 200 9.99861ms
2025/04/09 08:35:43 [GET] ::1 /v1/admin/checkauth 200 8.187323ms
2025/04/09 08:35:44 [GET] ::1 /v1/admin/checkauth 200 6.08547ms
2025/04/09 08:35:44 [GET] ::1 /v1/admin/checkauth 200 3.484563ms
2025/04/09 08:35:45 [GET] ::1 /v1/admin/categories/id/6 200 5.19206ms
2025/04/09 08:35:45 [GET] ::1 /v1/admin/checkauth 200 2.568571ms
2025/04/09 08:35:45 [GET] ::1 /v1/admin/categories/id/6 200 5.094275ms
2025/04/09 08:35:45 [GET] ::1 /v1/admin/checkauth 200 5.851477ms
2025/04/09 08:35:45 [GET] ::1 /v1/admin/categories/type/2 200 5.744427ms
2025/04/09 08:35:46 [GET] ::1 /v1/admin/checkauth 200 4.391395ms
2025/04/09 08:35:46 [GET] ::1 /v1/admin/categories/type/2 200 9.617784ms
2025/04/09 08:35:46 [GET] ::1 /v1/admin/checkauth 200 3.339443ms
2025/04/09 08:35:47 [GET] ::1 /v1/admin/categories/type/2 200 8.559488ms
2025/04/09 08:39:03 [GET] ::1 /v1/admin/checkauth 200 2.595298ms
2025/04/09 08:39:04 [GET] ::1 /v1/checkstatus 200 38.059µs
2025/04/09 08:39:06 [GET] ::1 /v1/admin/checkauth 200 3.393837ms
2025/04/09 08:39:07 [GET] ::1 /v1/admin/checkauth 200 3.93445ms
2025/04/09 08:39:07 [GET] ::1 /v1/admin/checkauth 200 2.996096ms
2025/04/09 08:39:07 [GET] ::1 /v1/config 200 7.47119ms
2025/04/09 08:39:08 [GET] ::1 /v1/admin/checkauth 200 5.696285ms
2025/04/09 08:39:08 [GET] ::1 /v1/admin/categories/id/6 200 6.632753ms
2025/04/09 08:39:08 [GET] ::1 /v1/admin/checkauth 200 7.751008ms
2025/04/09 08:39:08 [GET] ::1 /v1/admin/checkauth 200 2.662628ms
2025/04/09 08:39:09 [GET] ::1 /v1/admin/checkauth 200 3.275108ms
2025/04/09 08:39:10 [GET] ::1 /v1/admin/categories/id/6 200 5.169473ms
2025/04/09 08:39:10 [GET] ::1 /v1/admin/checkauth 200 2.51309ms
2025/04/09 08:39:10 [GET] ::1 /v1/admin/categories/id/6 200 10.748093ms
2025/04/09 08:39:10 [GET] ::1 /v1/admin/checkauth 200 2.711592ms
2025/04/09 08:39:11 [GET] ::1 /v1/admin/categories/type/2 200 11.930237ms
2025/04/09 08:39:11 [GET] ::1 /v1/admin/checkauth 200 5.671134ms
2025/04/09 08:39:11 [GET] ::1 /v1/admin/categories/type/2 200 15.1961ms
2025/04/09 08:39:11 [GET] ::1 /v1/admin/checkauth 200 2.267181ms
2025/04/09 08:39:11 [GET] ::1 /v1/admin/categories/type/2 200 4.391913ms
2025/04/09 08:39:18 [GET] ::1 /v1/admin/checkauth 200 2.113121ms
2025/04/09 08:39:19 [GET] ::1 /v1/admin/checkauth 200 6.186373ms
2025/04/09 08:39:19 [GET] ::1 /v1/admin/categories/type/2 200 7.598732ms
2025/04/09 08:39:20 [GET] ::1 /v1/admin/checkauth 200 2.884237ms
2025/04/09 08:39:20 [GET] ::1 /v1/admin/categories/type/2 200 3.893267ms
2025/04/09 08:39:29 [GET] ::1 /v1/admin/checkauth 200 1.789436ms
2025/04/09 08:39:30 [GET] ::1 /v1/admin/checkauth 200 3.290355ms
2025/04/09 08:39:30 [GET] ::1 /v1/admin/categories/id/6 200 5.980131ms
2025/04/09 08:39:30 [GET] ::1 /v1/admin/checkauth 200 3.394661ms
2025/04/09 08:39:31 [GET] ::1 /v1/admin/categories/id/6 200 6.934117ms
2025/04/09 08:39:31 [GET] ::1 /v1/admin/checkauth 200 4.146408ms
2025/04/09 08:39:31 [GET] ::1 /v1/admin/categories/type/2 200 5.021356ms
2025/04/09 08:39:31 [GET] ::1 /v1/admin/checkauth 200 5.120115ms
2025/04/09 08:39:32 [GET] ::1 /v1/admin/categories/type/2 200 3.998074ms
2025/04/09 08:40:32 [GET] ::1 /v1/admin/checkauth 200 11.273079ms
2025/04/09 08:40:32 [GET] ::1 /v1/admin/checkauth 200 7.558ms
2025/04/09 08:40:33 [GET] ::1 /v1/checkstatus 200 14.905µs
2025/04/09 08:40:35 [GET] ::1 /v1/admin/checkauth 200 3.860441ms
2025/04/09 08:40:37 [GET] ::1 /v1/admin/checkauth 200 3.000108ms
2025/04/09 08:40:38 [GET] ::1 /v1/admin/checkauth 200 5.287909ms
2025/04/09 08:40:38 [GET] ::1 /v1/config 200 2.902625ms
2025/04/09 08:40:38 [GET] ::1 /v1/admin/checkauth 200 3.459778ms
2025/04/09 08:40:39 [GET] ::1 /v1/admin/categories/id/6 200 9.576214ms
2025/04/09 08:40:39 [GET] ::1 /v1/admin/checkauth 200 3.858683ms
2025/04/09 08:40:39 [GET] ::1 /v1/admin/checkauth 200 3.369856ms
2025/04/09 08:40:40 [GET] ::1 /v1/admin/checkauth 200 6.097212ms
2025/04/09 08:40:40 [GET] ::1 /v1/admin/categories/id/6 200 5.72476ms
2025/04/09 08:40:41 [GET] ::1 /v1/admin/checkauth 200 2.502293ms
2025/04/09 08:40:41 [GET] ::1 /v1/admin/categories/id/6 200 8.153762ms
2025/04/09 08:40:41 [GET] ::1 /v1/admin/checkauth 200 6.671864ms
2025/04/09 08:40:41 [GET] ::1 /v1/admin/categories/type/2 200 4.153003ms
2025/04/09 08:40:41 [GET] ::1 /v1/admin/checkauth 200 2.999336ms
2025/04/09 08:40:42 [GET] ::1 /v1/admin/categories/type/2 200 6.720387ms
2025/04/09 08:40:42 [GET] ::1 /v1/admin/checkauth 200 2.946558ms
2025/04/09 08:40:42 [GET] ::1 /v1/admin/categories/type/2 200 5.926541ms
2025/04/09 08:57:23 [GET] ::1 /v1/admin/checkauth 200 9.900118ms
2025/04/09 08:57:23 [GET] ::1 /v1/admin/checkauth 200 20.302989ms
2025/04/09 08:57:23 [GET] ::1 /v1/checkstatus 200 37.1µs
2025/04/09 08:57:26 [GET] ::1 /v1/admin/checkauth 200 2.612777ms
2025/04/09 08:57:27 [GET] ::1 /v1/admin/checkauth 200 3.240739ms
2025/04/09 08:57:27 [GET] ::1 /v1/admin/checkauth 200 2.368407ms
2025/04/09 08:57:28 [GET] ::1 /v1/config 200 3.312756ms
2025/04/09 08:57:28 [GET] ::1 /v1/admin/checkauth 200 3.050642ms
2025/04/09 08:57:29 [GET] ::1 /v1/admin/categories/id/6 200 5.130117ms
2025/04/09 08:57:29 [GET] ::1 /v1/admin/checkauth 200 5.115553ms
2025/04/09 08:57:29 [GET] ::1 /v1/admin/checkauth 200 2.834306ms
2025/04/09 08:57:30 [GET] ::1 /v1/admin/checkauth 200 3.585705ms
2025/04/09 08:57:30 [GET] ::1 /v1/admin/categories/id/6 200 5.46341ms
2025/04/09 08:57:30 [GET] ::1 /v1/admin/checkauth 200 2.287658ms
2025/04/09 08:57:30 [GET] ::1 /v1/admin/categories/id/6 200 6.055138ms
2025/04/09 08:57:31 [GET] ::1 /v1/admin/checkauth 200 5.411696ms
2025/04/09 08:57:31 [GET] ::1 /v1/admin/categories/type/2 200 8.35361ms
2025/04/09 08:57:31 [GET] ::1 /v1/admin/checkauth 200 2.330321ms
2025/04/09 08:57:32 [GET] ::1 /v1/admin/categories/type/2 200 8.388689ms
2025/04/09 08:57:32 [GET] ::1 /v1/admin/checkauth 200 2.965691ms
2025/04/09 08:57:33 [GET] ::1 /v1/admin/categories/type/2 200 9.756269ms
2025/04/09 08:58:16 [GET] ::1 /v1/admin/checkauth 200 2.733616ms
2025/04/09 08:58:17 [GET] ::1 /v1/checkstatus 200 17.839µs
2025/04/09 08:58:19 [GET] ::1 /v1/admin/checkauth 200 2.87205ms
2025/04/09 08:58:19 [GET] ::1 /v1/admin/checkauth 200 1.99693ms
2025/04/09 08:58:20 [GET] ::1 /v1/admin/checkauth 200 11.876265ms
2025/04/09 08:58:20 [GET] ::1 /v1/config 200 2.923462ms
2025/04/09 08:58:20 [GET] ::1 /v1/admin/checkauth 200 5.626888ms
2025/04/09 08:58:21 [GET] ::1 /v1/admin/categories/id/6 200 5.273255ms
2025/04/09 08:58:21 [GET] ::1 /v1/admin/checkauth 200 2.304143ms
2025/04/09 08:58:22 [GET] ::1 /v1/admin/checkauth 200 2.994238ms
2025/04/09 08:58:22 [GET] ::1 /v1/admin/checkauth 200 2.621802ms
2025/04/09 08:58:23 [GET] ::1 /v1/admin/categories/id/6 200 6.949059ms
2025/04/09 08:58:23 [GET] ::1 /v1/admin/checkauth 200 2.679302ms
2025/04/09 08:58:23 [GET] ::1 /v1/admin/categories/id/6 200 11.759466ms
2025/04/09 08:58:23 [GET] ::1 /v1/admin/checkauth 200 2.664018ms
2025/04/09 08:58:23 [GET] ::1 /v1/admin/categories/type/2 200 7.681294ms
2025/04/09 08:58:24 [GET] ::1 /v1/admin/checkauth 200 2.867467ms
2025/04/09 08:58:24 [GET] ::1 /v1/admin/categories/type/2 200 4.484032ms
2025/04/09 08:58:24 [GET] ::1 /v1/admin/checkauth 200 2.403817ms
2025/04/09 08:58:25 [GET] ::1 /v1/admin/categories/type/2 200 5.362559ms
2025/04/09 08:59:10 [GET] ::1 /v1/admin/checkauth 200 2.706839ms
2025/04/09 08:59:10 [GET] ::1 /v1/admin/checkauth 200 4.544196ms
2025/04/09 08:59:10 [GET] ::1 /v1/checkstatus 200 15.196µs
2025/04/09 08:59:13 [GET] ::1 /v1/admin/checkauth 200 3.509334ms
2025/04/09 08:59:14 [GET] ::1 /v1/admin/checkauth 200 3.540888ms
2025/04/09 08:59:14 [GET] ::1 /v1/admin/checkauth 200 3.264833ms
2025/04/09 08:59:14 [GET] ::1 /v1/config 200 5.391582ms
2025/04/09 08:59:15 [GET] ::1 /v1/admin/checkauth 200 5.17302ms
2025/04/09 08:59:15 [GET] ::1 /v1/admin/categories/id/6 200 10.828606ms
2025/04/09 08:59:15 [GET] ::1 /v1/admin/checkauth 200 1.891982ms
2025/04/09 08:59:16 [GET] ::1 /v1/admin/checkauth 200 3.965279ms
2025/04/09 08:59:16 [GET] ::1 /v1/admin/checkauth 200 7.846304ms
2025/04/09 08:59:16 [GET] ::1 /v1/admin/categories/id/6 200 5.414387ms
2025/04/09 08:59:16 [GET] ::1 /v1/admin/checkauth 200 3.735062ms
2025/04/09 08:59:17 [GET] ::1 /v1/admin/categories/id/6 200 4.342718ms
2025/04/09 08:59:17 [GET] ::1 /v1/admin/checkauth 200 3.544746ms
2025/04/09 08:59:17 [GET] ::1 /v1/admin/categories/type/2 200 5.651744ms
2025/04/09 08:59:17 [GET] ::1 /v1/admin/checkauth 200 4.718265ms
2025/04/09 08:59:18 [GET] ::1 /v1/admin/categories/type/2 200 3.514961ms
2025/04/09 08:59:18 [GET] ::1 /v1/admin/checkauth 200 2.765895ms
2025/04/09 08:59:18 [GET] ::1 /v1/admin/categories/type/2 200 5.804968ms
2025/04/09 09:00:30 [GET] ::1 /v1/admin/checkauth 200 8.56821ms
2025/04/09 09:00:30 [GET] ::1 /v1/admin/checkauth 200 3.199686ms
2025/04/09 09:00:31 [GET] ::1 /v1/checkstatus 200 16.841µs
2025/04/09 09:00:34 [GET] ::1 /v1/admin/checkauth 200 3.062706ms
2025/04/09 09:00:35 [GET] ::1 /v1/admin/checkauth 200 2.409177ms
2025/04/09 09:00:36 [GET] ::1 /v1/admin/checkauth 200 4.155008ms
2025/04/09 09:00:36 [GET] ::1 /v1/config 200 4.37667ms
2025/04/09 09:00:36 [GET] ::1 /v1/admin/checkauth 200 1.852125ms
2025/04/09 09:00:37 [GET] ::1 /v1/admin/categories/id/6 200 12.73589ms
2025/04/09 09:00:37 [GET] ::1 /v1/admin/checkauth 200 2.563006ms
2025/04/09 09:00:37 [GET] ::1 /v1/admin/checkauth 200 3.916152ms
2025/04/09 09:00:38 [GET] ::1 /v1/admin/checkauth 200 2.640269ms
2025/04/09 09:00:38 [GET] ::1 /v1/admin/categories/id/6 200 6.531989ms
2025/04/09 09:00:38 [GET] ::1 /v1/admin/checkauth 200 4.429408ms
2025/04/09 09:00:38 [GET] ::1 /v1/admin/categories/id/6 200 6.247591ms
2025/04/09 09:00:38 [GET] ::1 /v1/admin/checkauth 200 4.735572ms
2025/04/09 09:00:39 [GET] ::1 /v1/admin/categories/type/2 200 7.232631ms
2025/04/09 09:00:39 [GET] ::1 /v1/admin/checkauth 200 13.265365ms
2025/04/09 09:00:40 [GET] ::1 /v1/admin/categories/type/2 200 6.130333ms
2025/04/09 09:00:40 [GET] ::1 /v1/admin/checkauth 200 2.806064ms
2025/04/09 09:00:40 [GET] ::1 /v1/admin/categories/type/2 200 6.32985ms
2025/04/09 09:09:02 [GET] ::1 /v1/admin/checkauth 200 7.463983ms
2025/04/09 09:09:02 [GET] ::1 /v1/admin/checkauth 200 9.453506ms
2025/04/09 09:09:02 [GET] ::1 /v1/checkstatus 200 35.449µs
2025/04/09 09:09:06 [GET] ::1 /v1/admin/checkauth 200 2.407918ms
2025/04/09 09:09:08 [GET] ::1 /v1/admin/checkauth 200 2.718893ms
2025/04/09 09:09:08 [GET] ::1 /v1/admin/checkauth 200 2.364211ms
2025/04/09 09:09:09 [GET] ::1 /v1/config 200 4.388871ms
2025/04/09 09:09:09 [GET] ::1 /v1/admin/checkauth 200 4.283075ms
2025/04/09 09:09:09 [GET] ::1 /v1/admin/categories/id/6 200 4.105111ms
2025/04/09 09:09:10 [GET] ::1 /v1/admin/checkauth 200 2.638668ms
2025/04/09 09:09:10 [GET] ::1 /v1/admin/checkauth 200 3.71082ms
2025/04/09 09:09:11 [GET] ::1 /v1/admin/checkauth 200 4.310739ms
2025/04/09 09:09:11 [GET] ::1 /v1/admin/categories/id/6 200 11.090985ms
2025/04/09 09:09:11 [GET] ::1 /v1/admin/checkauth 200 9.436126ms
2025/04/09 09:09:12 [GET] ::1 /v1/admin/categories/id/6 200 15.096898ms
2025/04/09 09:09:12 [GET] ::1 /v1/admin/checkauth 200 6.058141ms
2025/04/09 09:09:13 [GET] ::1 /v1/admin/categories/type/2 200 9.729355ms
2025/04/09 09:09:13 [GET] ::1 /v1/admin/checkauth 200 3.555901ms
2025/04/09 09:09:13 [GET] ::1 /v1/admin/categories/type/2 200 5.599817ms
2025/04/09 09:09:13 [GET] ::1 /v1/admin/checkauth 200 5.096346ms
2025/04/09 09:09:14 [GET] ::1 /v1/admin/categories/type/2 200 6.664304ms
2025/04/09 09:09:45 [GET] ::1 /v1/admin/checkauth 200 3.58278ms
2025/04/09 09:09:45 [GET] ::1 /v1/admin/checkauth 200 2.165977ms
2025/04/09 09:09:46 [GET] ::1 /v1/checkstatus 200 20.218µs
2025/04/09 09:09:50 [GET] ::1 /v1/admin/checkauth 200 9.390922ms
2025/04/09 09:09:51 [GET] ::1 /v1/admin/checkauth 200 4.281105ms
2025/04/09 09:09:51 [GET] ::1 /v1/admin/checkauth 200 2.472525ms
2025/04/09 09:09:53 [GET] ::1 /v1/config 200 2.459751ms
2025/04/09 09:09:53 [GET] ::1 /v1/admin/checkauth 200 3.104023ms
2025/04/09 09:09:54 [GET] ::1 /v1/admin/categories/id/6 200 9.309229ms
2025/04/09 09:09:54 [GET] ::1 /v1/admin/checkauth 200 3.456705ms
2025/04/09 09:09:54 [GET] ::1 /v1/admin/checkauth 200 2.432426ms
2025/04/09 09:09:55 [GET] ::1 /v1/admin/checkauth 200 4.08242ms
2025/04/09 09:09:55 [GET] ::1 /v1/admin/categories/id/6 200 7.859019ms
2025/04/09 09:09:55 [GET] ::1 /v1/admin/checkauth 200 4.925238ms
2025/04/09 09:09:56 [GET] ::1 /v1/admin/categories/id/6 200 5.964769ms
2025/04/09 09:09:56 [GET] ::1 /v1/admin/checkauth 200 3.160818ms
2025/04/09 09:09:56 [GET] ::1 /v1/admin/categories/type/2 200 5.869478ms
2025/04/09 09:09:56 [GET] ::1 /v1/admin/checkauth 200 2.923889ms
2025/04/09 09:09:57 [GET] ::1 /v1/admin/categories/type/2 200 6.479334ms
2025/04/09 09:09:57 [GET] ::1 /v1/admin/checkauth 200 4.148216ms
2025/04/09 09:09:57 [GET] ::1 /v1/admin/categories/type/2 200 5.951222ms
2025/04/09 09:10:22 [GET] ::1 /v1/admin/checkauth 200 5.472951ms
2025/04/09 09:10:22 [GET] ::1 /v1/admin/checkauth 200 3.828848ms
2025/04/09 09:10:23 [GET] ::1 /v1/checkstatus 200 18.528µs
2025/04/09 09:10:26 [GET] ::1 /v1/admin/checkauth 200 4.003714ms
2025/04/09 09:10:28 [GET] ::1 /v1/admin/checkauth 200 3.533857ms
2025/04/09 09:10:28 [GET] ::1 /v1/admin/checkauth 200 2.461567ms
2025/04/09 09:10:29 [GET] ::1 /v1/config 200 3.741362ms
2025/04/09 09:10:29 [GET] ::1 /v1/admin/checkauth 200 2.538473ms
2025/04/09 09:10:30 [GET] ::1 /v1/admin/categories/id/6 200 11.481822ms
2025/04/09 09:10:30 [GET] ::1 /v1/admin/checkauth 200 2.41877ms
2025/04/09 09:10:30 [GET] ::1 /v1/admin/checkauth 200 3.296965ms
2025/04/09 09:10:31 [GET] ::1 /v1/admin/checkauth 200 5.242704ms
2025/04/09 09:10:31 [GET] ::1 /v1/admin/categories/id/6 200 4.065291ms
2025/04/09 09:10:31 [GET] ::1 /v1/admin/checkauth 200 2.368493ms
2025/04/09 09:10:32 [GET] ::1 /v1/admin/categories/id/6 200 8.126585ms
2025/04/09 09:10:32 [GET] ::1 /v1/admin/checkauth 200 4.645624ms
2025/04/09 09:10:32 [GET] ::1 /v1/admin/categories/type/2 200 5.992942ms
2025/04/09 09:10:32 [GET] ::1 /v1/admin/checkauth 200 2.313106ms
2025/04/09 09:10:33 [GET] ::1 /v1/admin/categories/type/2 200 7.488731ms
2025/04/09 09:10:33 [GET] ::1 /v1/admin/checkauth 200 8.066477ms
2025/04/09 09:10:33 [GET] ::1 /v1/admin/categories/type/2 200 9.682736ms
2025/04/09 09:11:38 [GET] ::1 /v1/admin/checkauth 200 8.912851ms
2025/04/09 09:11:38 [GET] ::1 /v1/admin/checkauth 200 13.863674ms
2025/04/09 09:11:39 [GET] ::1 /v1/checkstatus 200 17.232µs
2025/04/09 09:11:42 [GET] ::1 /v1/admin/checkauth 200 2.95081ms
2025/04/09 09:11:44 [GET] ::1 /v1/admin/checkauth 200 3.076556ms
2025/04/09 09:11:44 [GET] ::1 /v1/admin/checkauth 200 2.988641ms
2025/04/09 09:11:45 [GET] ::1 /v1/config 200 11.706336ms
2025/04/09 09:11:45 [GET] ::1 /v1/admin/checkauth 200 3.254205ms
2025/04/09 09:11:45 [GET] ::1 /v1/admin/categories/id/6 200 6.111623ms
2025/04/09 09:11:46 [GET] ::1 /v1/admin/checkauth 200 2.934537ms
2025/04/09 09:11:46 [GET] ::1 /v1/admin/checkauth 200 7.411601ms
2025/04/09 09:11:47 [GET] ::1 /v1/admin/checkauth 200 5.081459ms
2025/04/09 09:11:47 [GET] ::1 /v1/admin/categories/id/6 200 6.548667ms
2025/04/09 09:11:47 [GET] ::1 /v1/admin/checkauth 200 3.862462ms
2025/04/09 09:11:48 [GET] ::1 /v1/admin/categories/id/6 200 8.580771ms
2025/04/09 09:11:48 [GET] ::1 /v1/admin/checkauth 200 2.686402ms
2025/04/09 09:11:49 [GET] ::1 /v1/admin/categories/type/2 200 8.466638ms
2025/04/09 09:11:49 [GET] ::1 /v1/admin/checkauth 200 2.175764ms
2025/04/09 09:11:49 [GET] ::1 /v1/admin/categories/type/2 200 3.989828ms
2025/04/09 09:11:49 [GET] ::1 /v1/admin/checkauth 200 3.385515ms
2025/04/09 09:11:50 [GET] ::1 /v1/admin/categories/type/2 200 5.915905ms
2025/04/09 09:14:24 [GET] ::1 /v1/admin/checkauth 200 10.941039ms
2025/04/09 09:14:24 [GET] ::1 /v1/admin/checkauth 200 8.319724ms
2025/04/09 09:14:24 [GET] ::1 /v1/checkstatus 200 25.873µs
2025/04/09 09:14:27 [GET] ::1 /v1/admin/checkauth 200 9.352999ms
2025/04/09 09:14:30 [GET] ::1 /v1/admin/checkauth 200 2.861505ms
2025/04/09 09:14:30 [GET] ::1 /v1/admin/checkauth 200 2.85648ms
2025/04/09 09:14:31 [GET] ::1 /v1/config 200 3.690818ms
2025/04/09 09:14:31 [GET] ::1 /v1/admin/checkauth 200 1.77068ms
2025/04/09 09:14:31 [GET] ::1 /v1/admin/categories/id/6 200 6.037606ms
2025/04/09 09:14:31 [GET] ::1 /v1/admin/checkauth 200 3.661275ms
2025/04/09 09:14:32 [GET] ::1 /v1/admin/checkauth 200 2.83775ms
2025/04/09 09:14:32 [GET] ::1 /v1/admin/checkauth 200 8.712032ms
2025/04/09 09:14:33 [GET] ::1 /v1/admin/categories/id/6 200 6.990278ms
2025/04/09 09:14:33 [GET] ::1 /v1/admin/checkauth 200 5.480591ms
2025/04/09 09:14:33 [GET] ::1 /v1/admin/categories/id/6 200 7.022999ms
2025/04/09 09:14:34 [GET] ::1 /v1/admin/checkauth 200 3.648336ms
2025/04/09 09:14:34 [GET] ::1 /v1/admin/categories/type/2 200 11.440523ms
2025/04/09 09:14:34 [GET] ::1 /v1/admin/checkauth 200 4.89046ms
2025/04/09 09:14:34 [GET] ::1 /v1/admin/categories/type/2 200 8.376246ms
2025/04/09 09:14:35 [GET] ::1 /v1/admin/checkauth 200 5.861787ms
2025/04/09 09:14:35 [GET] ::1 /v1/admin/categories/type/2 200 5.476906ms
2025/04/09 10:52:26 [GET] ::1 /v1/admin/checkauth 200 21.935662ms
2025/04/09 10:52:27 [GET] ::1 /v1/admin/checkauth 200 5.699706ms
2025/04/09 10:52:28 [GET] ::1 /v1/admin/categories/type/2 200 4.926485ms
2025/04/09 10:52:28 [GET] ::1 /v1/admin/checkauth 200 2.230322ms
2025/04/09 10:52:28 [GET] ::1 /v1/admin/categories/type/2 200 4.731998ms
2025/04/09 10:55:12 [GET] ::1 /v1/admin/checkauth 200 7.22908ms
2025/04/09 10:55:12 [POST] ::1 /v1/admin/categories 200 73.126513ms
2025/04/09 10:55:13 [GET] ::1 /v1/admin/checkauth 200 2.025325ms
2025/04/09 10:55:13 [GET] ::1 /v1/admin/categories/type/2 200 7.20722ms
2025/04/09 10:58:23 [GET] ::1 /v1/admin/checkauth 200 4.167302ms
2025/04/09 10:58:24 [GET] ::1 /v1/checkstatus 200 8.160109ms
2025/04/09 10:58:27 [GET] ::1 /v1/admin/checkauth 200 3.398285ms
2025/04/09 10:58:28 [GET] ::1 /v1/admin/checkauth 200 2.069074ms
2025/04/09 10:58:29 [GET] ::1 /v1/admin/checkauth 200 3.004465ms
2025/04/09 10:58:29 [GET] ::1 /v1/config 200 4.437528ms
2025/04/09 10:58:29 [GET] ::1 /v1/admin/checkauth 200 3.653162ms
2025/04/09 10:58:30 [GET] ::1 /v1/admin/categories/type/2 200 8.74218ms
2025/04/09 10:58:30 [GET] ::1 /v1/admin/checkauth 200 2.305687ms
2025/04/09 10:58:30 [GET] ::1 /v1/admin/checkauth 200 4.387596ms
2025/04/09 10:58:31 [GET] ::1 /v1/admin/checkauth 200 4.688799ms
2025/04/09 10:58:31 [GET] ::1 /v1/admin/categories/type/2 200 4.830511ms
2025/04/09 10:58:31 [GET] ::1 /v1/admin/checkauth 200 3.432541ms
2025/04/09 10:58:32 [GET] ::1 /v1/admin/categories/type/2 200 6.467969ms
2025/04/09 10:58:38 [GET] ::1 /v1/admin/checkauth 200 1.659857ms
2025/04/09 10:58:47 [GET] ::1 /v1/admin/checkauth 200 16.730921ms
2025/04/09 10:58:47 [GET] ::1 /v1/admin/categories/id/6 200 17.744989ms
2025/04/09 10:58:47 [GET] ::1 /v1/admin/checkauth 200 2.076537ms
2025/04/09 10:58:47 [GET] ::1 /v1/admin/categories/id/6 200 12.857326ms
2025/04/09 10:58:48 [GET] ::1 /v1/admin/checkauth 200 4.794343ms
2025/04/09 10:58:48 [GET] ::1 /v1/admin/categories/type/2 200 5.332504ms
2025/04/09 10:58:48 [GET] ::1 /v1/admin/checkauth 200 3.139035ms
2025/04/09 10:58:49 [GET] ::1 /v1/admin/categories/type/2 200 5.802377ms
2025/04/09 10:59:14 [GET] ::1 /v1/admin/checkauth 200 9.9758ms
2025/04/09 10:59:15 [GET] ::1 /v1/admin/checkauth 200 5.141124ms
2025/04/09 10:59:15 [GET] ::1 /v1/admin/categories/type/2 200 7.502919ms
2025/04/09 10:59:16 [GET] ::1 /v1/admin/checkauth 200 2.960898ms
2025/04/09 10:59:16 [GET] ::1 /v1/admin/categories/type/2 200 5.44308ms
2025/04/09 11:02:03 [GET] ::1 /v1/admin/checkauth 200 39.43511ms
2025/04/09 11:02:05 [GET] ::1 /v1/admin/checkauth 200 5.244316ms
2025/04/09 11:02:05 [GET] ::1 /v1/admin/pagecategories/category/6 200 37.304561ms
2025/04/09 11:02:05 [GET] ::1 /v1/admin/checkauth 200 2.627821ms
2025/04/09 11:02:06 [GET] ::1 /v1/admin/pagecategories/category/8 200 10.000425ms
2025/04/09 11:02:06 [GET] ::1 /v1/admin/checkauth 200 1.97134ms
2025/04/09 11:02:06 [GET] ::1 /v1/admin/pagecategories/category/10 200 4.709678ms
2025/04/09 11:02:06 [GET] ::1 /v1/admin/checkauth 200 5.453219ms
2025/04/09 11:02:07 [GET] ::1 /v1/admin/pagecategories/category/6 200 3.540629ms
2025/04/09 11:02:07 [GET] ::1 /v1/admin/checkauth 200 6.387858ms
2025/04/09 11:02:07 [GET] ::1 /v1/admin/pagecategories/category/8 200 4.020105ms
2025/04/09 11:02:07 [GET] ::1 /v1/admin/checkauth 200 3.03911ms
2025/04/09 11:02:08 [GET] ::1 /v1/admin/pagecategories/category/10 200 6.103861ms
2025/04/09 11:02:08 [GET] ::1 /v1/admin/checkauth 200 3.837572ms
2025/04/09 11:02:08 [GET] ::1 /v1/admin/pagecategories/category/6 200 12.320469ms
2025/04/09 11:02:09 [GET] ::1 /v1/admin/checkauth 200 3.178581ms
2025/04/09 11:02:09 [GET] ::1 /v1/admin/pagecategories/category/8 200 6.465544ms
2025/04/09 11:02:09 [GET] ::1 /v1/admin/checkauth 200 4.993287ms
2025/04/09 11:02:10 [GET] ::1 /v1/admin/pagecategories/category/10 200 20.096745ms
2025/04/09 11:02:10 [GET] ::1 /v1/admin/checkauth 200 2.234752ms
2025/04/09 11:02:10 [GET] ::1 /v1/admin/pagecategories/category/6 200 5.891385ms
2025/04/09 11:02:10 [GET] ::1 /v1/admin/checkauth 200 6.606504ms
2025/04/09 11:02:11 [GET] ::1 /v1/admin/pagecategories/category/8 200 20.982171ms
2025/04/09 11:02:11 [GET] ::1 /v1/admin/checkauth 200 8.403368ms
2025/04/09 11:02:11 [GET] ::1 /v1/admin/pagecategories/category/10 200 10.051367ms
2025/04/09 11:02:12 [GET] ::1 /v1/admin/checkauth 200 4.375876ms
2025/04/09 11:02:12 [GET] ::1 /v1/admin/pagecategories/category/6 200 9.829662ms
2025/04/09 11:02:12 [GET] ::1 /v1/admin/checkauth 200 5.911951ms
2025/04/09 11:02:13 [GET] ::1 /v1/admin/pagecategories/category/8 200 9.998501ms
2025/04/09 11:02:13 [GET] ::1 /v1/admin/checkauth 200 3.276136ms
2025/04/09 11:02:13 [GET] ::1 /v1/admin/pagecategories/category/10 200 5.112108ms
2025/04/09 11:02:13 [GET] ::1 /v1/admin/checkauth 200 7.900475ms
2025/04/09 11:02:13 [GET] ::1 /v1/admin/pagecategories/category/6 200 11.894786ms
2025/04/09 11:02:14 [GET] ::1 /v1/admin/checkauth 200 13.873459ms
2025/04/09 11:02:14 [GET] ::1 /v1/admin/pagecategories/category/8 200 4.451848ms
2025/04/09 11:02:14 [GET] ::1 /v1/admin/checkauth 200 2.220167ms
2025/04/09 11:02:15 [GET] ::1 /v1/admin/pagecategories/category/10 200 4.886725ms
2025/04/09 11:02:15 [GET] ::1 /v1/admin/checkauth 200 3.065702ms
2025/04/09 11:02:16 [GET] ::1 /v1/admin/pagecategories/category/6 200 11.450158ms
2025/04/09 11:02:16 [GET] ::1 /v1/admin/checkauth 200 2.432314ms
2025/04/09 11:02:16 [GET] ::1 /v1/admin/pagecategories/category/8 200 6.757292ms
2025/04/09 11:02:16 [GET] ::1 /v1/admin/checkauth 200 7.021326ms
2025/04/09 11:02:18 [GET] ::1 /v1/admin/pagecategories/category/10 200 2.974202ms
2025/04/09 11:02:18 [GET] ::1 /v1/admin/checkauth 200 11.975962ms
2025/04/09 11:02:18 [GET] ::1 /v1/admin/pagecategories/category/6 200 7.184388ms
2025/04/09 11:02:18 [GET] ::1 /v1/admin/checkauth 200 4.15018ms
2025/04/09 11:02:19 [GET] ::1 /v1/admin/pagecategories/category/8 200 11.711892ms
2025/04/09 11:02:19 [GET] ::1 /v1/admin/checkauth 200 3.218804ms
2025/04/09 11:02:19 [GET] ::1 /v1/admin/pagecategories/category/10 200 11.577882ms
2025/04/09 11:02:19 [GET] ::1 /v1/admin/checkauth 200 2.914417ms
2025/04/09 11:02:20 [GET] ::1 /v1/admin/pagecategories/category/6 200 4.000683ms
2025/04/09 11:02:20 [GET] ::1 /v1/admin/checkauth 200 5.584752ms
2025/04/09 11:02:20 [GET] ::1 /v1/admin/pagecategories/category/8 200 5.923072ms
2025/04/09 11:02:20 [GET] ::1 /v1/admin/checkauth 200 4.722884ms
2025/04/09 11:02:21 [GET] ::1 /v1/admin/pagecategories/category/10 200 8.031592ms
2025/04/09 11:02:21 [GET] ::1 /v1/admin/checkauth 200 4.831557ms
2025/04/09 11:02:22 [GET] ::1 /v1/admin/pagecategories/category/6 200 6.000931ms
2025/04/09 11:02:22 [GET] ::1 /v1/admin/checkauth 200 2.486917ms
2025/04/09 11:02:22 [GET] ::1 /v1/admin/pagecategories/category/8 200 8.885974ms
2025/04/09 11:02:22 [GET] ::1 /v1/admin/checkauth 200 3.418553ms
2025/04/09 11:02:23 [GET] ::1 /v1/admin/pagecategories/category/10 200 12.603273ms
2025/04/09 11:02:23 [GET] ::1 /v1/admin/checkauth 200 4.476086ms
2025/04/09 11:02:23 [GET] ::1 /v1/admin/pagecategories/category/6 200 8.624283ms
2025/04/09 11:02:23 [GET] ::1 /v1/admin/checkauth 200 5.953842ms
2025/04/09 11:02:24 [GET] ::1 /v1/admin/pagecategories/category/8 200 13.408438ms
2025/04/09 11:02:24 [GET] ::1 /v1/admin/checkauth 200 5.680861ms
2025/04/09 11:02:25 [GET] ::1 /v1/admin/pagecategories/category/10 200 11.405577ms
2025/04/09 11:02:25 [GET] ::1 /v1/admin/checkauth 200 2.510948ms
2025/04/09 11:02:25 [GET] ::1 /v1/admin/pagecategories/category/6 200 5.64424ms
2025/04/09 11:02:25 [GET] ::1 /v1/admin/checkauth 200 2.461314ms
2025/04/09 11:02:26 [GET] ::1 /v1/admin/pagecategories/category/8 200 12.896892ms
2025/04/09 11:02:26 [GET] ::1 /v1/admin/checkauth 200 4.920873ms
2025/04/09 11:02:26 [GET] ::1 /v1/admin/pagecategories/category/10 200 6.687999ms
2025/04/09 11:02:26 [GET] ::1 /v1/admin/checkauth 200 4.136608ms
2025/04/09 11:02:27 [GET] ::1 /v1/admin/pagecategories/category/6 200 11.61429ms
2025/04/09 11:02:27 [GET] ::1 /v1/admin/checkauth 200 2.340542ms
2025/04/09 11:02:27 [GET] ::1 /v1/admin/pagecategories/category/8 200 4.305458ms
2025/04/09 11:02:27 [GET] ::1 /v1/admin/checkauth 200 2.394089ms
2025/04/09 11:02:28 [GET] ::1 /v1/admin/pagecategories/category/10 200 2.876941ms
2025/04/09 11:02:28 [GET] ::1 /v1/admin/checkauth 200 2.984533ms
2025/04/09 11:02:28 [GET] ::1 /v1/admin/pagecategories/category/6 200 8.478ms
2025/04/09 11:02:28 [GET] ::1 /v1/admin/checkauth 200 3.19689ms
2025/04/09 11:02:29 [GET] ::1 /v1/admin/pagecategories/category/8 200 7.473852ms
2025/04/09 11:02:29 [GET] ::1 /v1/admin/checkauth 200 2.905764ms
2025/04/09 11:02:29 [GET] ::1 /v1/admin/pagecategories/category/10 200 3.785799ms
2025/04/09 11:10:22 [GET] ::1 /v1/admin/checkauth 200 11.666111ms
2025/04/09 11:10:22 [GET] ::1 /v1/checkstatus 200 19.753µs
2025/04/09 11:10:26 [GET] ::1 /v1/admin/checkauth 200 6.081151ms
2025/04/09 11:10:27 [GET] ::1 /v1/admin/checkauth 200 3.315355ms
2025/04/09 11:10:27 [GET] ::1 /v1/admin/checkauth 200 8.297452ms
2025/04/09 11:10:27 [GET] ::1 /v1/config 200 14.515195ms
2025/04/09 11:10:27 [GET] ::1 /v1/admin/checkauth 200 3.227722ms
2025/04/09 11:10:28 [GET] ::1 /v1/admin/categories/type/2 200 14.279249ms
2025/04/09 11:10:28 [GET] ::1 /v1/admin/checkauth 200 2.804302ms
2025/04/09 11:10:29 [GET] ::1 /v1/admin/checkauth 200 9.477161ms
2025/04/09 11:10:30 [GET] ::1 /v1/admin/checkauth 200 3.69767ms
2025/04/09 11:10:30 [GET] ::1 /v1/admin/categories/type/2 200 6.248182ms
2025/04/09 11:10:30 [GET] ::1 /v1/admin/checkauth 200 5.709036ms
2025/04/09 11:10:31 [GET] ::1 /v1/admin/categories/type/2 200 9.119321ms
2025/04/09 11:10:31 [GET] ::1 /v1/admin/checkauth 200 4.766211ms
2025/04/09 11:10:31 [GET] ::1 /v1/admin/pagecategories/category/6 200 9.400704ms
2025/04/09 11:10:31 [GET] ::1 /v1/admin/checkauth 200 2.483799ms
2025/04/09 11:10:32 [GET] ::1 /v1/admin/pagecategories/category/8 200 6.113004ms
2025/04/09 11:10:32 [GET] ::1 /v1/admin/checkauth 200 4.609443ms
2025/04/09 11:10:32 [GET] ::1 /v1/admin/pagecategories/category/10 200 3.305701ms
2025/04/09 11:10:32 [GET] ::1 /v1/admin/checkauth 200 3.975034ms
2025/04/09 11:10:33 [GET] ::1 /v1/admin/pagecategories/category/6 200 12.992066ms
2025/04/09 11:10:33 [GET] ::1 /v1/admin/checkauth 200 2.621916ms
2025/04/09 11:10:34 [GET] ::1 /v1/admin/pagecategories/category/8 200 5.563536ms
2025/04/09 11:10:34 [GET] ::1 /v1/admin/checkauth 200 3.697282ms
2025/04/09 11:10:34 [GET] ::1 /v1/admin/pagecategories/category/10 200 8.439253ms
2025/04/09 11:10:34 [GET] ::1 /v1/admin/checkauth 200 3.604347ms
2025/04/09 11:10:35 [GET] ::1 /v1/admin/pagecategories/category/6 200 6.549492ms
2025/04/09 11:10:35 [GET] ::1 /v1/admin/checkauth 200 2.124376ms
2025/04/09 11:10:35 [GET] ::1 /v1/admin/pagecategories/category/8 200 8.653031ms
2025/04/09 11:10:36 [GET] ::1 /v1/admin/checkauth 200 4.104328ms
2025/04/09 11:10:36 [GET] ::1 /v1/admin/pagecategories/category/10 200 6.198204ms
2025/04/09 11:10:36 [GET] ::1 /v1/admin/checkauth 200 2.985926ms
2025/04/09 11:10:37 [GET] ::1 /v1/admin/pagecategories/category/6 200 4.586627ms
2025/04/09 11:10:37 [GET] ::1 /v1/admin/checkauth 200 3.327822ms
2025/04/09 11:10:37 [GET] ::1 /v1/admin/pagecategories/category/8 200 3.475019ms
2025/04/09 11:10:37 [GET] ::1 /v1/admin/checkauth 200 18.140575ms
2025/04/09 11:10:38 [GET] ::1 /v1/admin/pagecategories/category/10 200 4.844861ms
2025/04/09 11:19:54 [GET] ::1 /v1/admin/checkauth 200 8.012363ms
2025/04/09 11:19:54 [GET] ::1 /v1/admin/pagecategories/category/6 200 6.390349ms
2025/04/09 11:19:54 [GET] ::1 /v1/admin/checkauth 200 2.400483ms
2025/04/09 11:19:56 [GET] ::1 /v1/admin/pagecategories/category/8 200 11.047739ms
2025/04/09 11:19:56 [GET] ::1 /v1/admin/checkauth 200 4.671567ms
2025/04/09 11:19:56 [GET] ::1 /v1/admin/pagecategories/category/10 200 3.718406ms
2025/04/09 11:19:57 [GET] ::1 /v1/admin/checkauth 200 1.759616ms
2025/04/09 11:19:57 [GET] ::1 /v1/checkstatus 200 15.086µs
2025/04/09 11:20:01 [GET] ::1 /v1/admin/checkauth 200 3.376366ms
2025/04/09 11:20:02 [GET] ::1 /v1/admin/checkauth 200 3.145541ms
2025/04/09 11:20:03 [GET] ::1 /v1/admin/checkauth 200 14.948446ms
2025/04/09 11:20:03 [GET] ::1 /v1/config 200 3.642887ms
2025/04/09 11:20:03 [GET] ::1 /v1/admin/checkauth 200 3.946836ms
2025/04/09 11:20:03 [GET] ::1 /v1/admin/categories/type/2 200 13.083651ms
2025/04/09 11:20:04 [GET] ::1 /v1/admin/checkauth 200 3.227922ms
2025/04/09 11:20:04 [GET] ::1 /v1/admin/checkauth 200 2.858563ms
2025/04/09 11:20:05 [GET] ::1 /v1/admin/checkauth 200 3.117733ms
2025/04/09 11:20:05 [GET] ::1 /v1/admin/categories/type/2 200 5.412613ms
2025/04/09 11:20:05 [GET] ::1 /v1/admin/checkauth 200 2.571009ms
2025/04/09 11:20:06 [GET] ::1 /v1/admin/categories/type/2 200 4.480168ms
2025/04/09 11:20:06 [GET] ::1 /v1/admin/checkauth 200 3.568961ms
2025/04/09 11:20:06 [GET] ::1 /v1/admin/pagecategories/category/6 200 5.399276ms
2025/04/09 11:20:06 [GET] ::1 /v1/admin/checkauth 200 3.141045ms
2025/04/09 11:20:07 [GET] ::1 /v1/admin/pagecategories/category/8 200 6.581939ms
2025/04/09 11:20:07 [GET] ::1 /v1/admin/checkauth 200 3.160019ms
2025/04/09 11:20:07 [GET] ::1 /v1/admin/pagecategories/category/10 200 9.170567ms
2025/04/09 11:26:23 [GET] ::1 /v1/admin/checkauth 200 125.608461ms
2025/04/09 11:26:24 [GET] ::1 /v1/admin/checkauth 200 2.247656ms
2025/04/09 11:26:25 [GET] ::1 /v1/admin/categories/type/5 200 5.91969ms
2025/04/09 11:26:25 [GET] ::1 /v1/admin/checkauth 200 7.511529ms
2025/04/09 11:26:25 [GET] ::1 /v1/admin/categories/type/5 200 5.928534ms
2025/04/09 11:26:36 [GET] ::1 /v1/admin/checkauth 200 1.81501ms
2025/04/09 11:26:37 [GET] ::1 /v1/admin/checkauth 200 3.069935ms
2025/04/09 11:26:38 [GET] ::1 /v1/admin/categories/type/3 200 5.483623ms
2025/04/09 11:26:38 [GET] ::1 /v1/admin/checkauth 200 2.998774ms
2025/04/09 11:26:38 [GET] ::1 /v1/admin/categories/type/3 200 6.428126ms
2025/04/09 11:26:44 [GET] ::1 /v1/admin/checkauth 200 1.933318ms
2025/04/09 11:26:45 [GET] ::1 /v1/admin/checkauth 200 2.805598ms
2025/04/09 11:26:45 [GET] ::1 /v1/admin/categories/type/4 200 4.622428ms
2025/04/09 11:26:45 [GET] ::1 /v1/admin/checkauth 200 3.044771ms
2025/04/09 11:26:46 [GET] ::1 /v1/admin/categories/type/4 200 7.70567ms
2025/04/09 11:30:02 [GET] ::1 /v1/admin/checkauth 200 8.637741ms
2025/04/09 11:30:03 [GET] ::1 /v1/checkstatus 200 17.586µs
2025/04/09 11:30:07 [GET] ::1 /v1/admin/checkauth 200 5.12843ms
2025/04/09 11:30:08 [GET] ::1 /v1/admin/checkauth 200 2.687585ms
2025/04/09 11:30:08 [GET] ::1 /v1/admin/checkauth 200 2.486081ms
2025/04/09 11:30:08 [GET] ::1 /v1/config 200 12.053192ms
2025/04/09 11:30:08 [GET] ::1 /v1/admin/checkauth 200 3.414239ms
2025/04/09 11:30:09 [GET] ::1 /v1/admin/categories/type/4 200 7.223218ms
2025/04/09 11:30:09 [GET] ::1 /v1/admin/checkauth 200 3.261137ms
2025/04/09 11:30:09 [GET] ::1 /v1/admin/checkauth 200 7.59245ms
2025/04/09 11:30:10 [GET] ::1 /v1/admin/checkauth 200 2.067959ms
2025/04/09 11:30:10 [GET] ::1 /v1/admin/categories/type/4 200 19.962038ms
2025/04/09 11:30:11 [GET] ::1 /v1/admin/checkauth 200 3.942409ms
2025/04/09 11:30:11 [GET] ::1 /v1/admin/categories/type/4 200 6.67803ms
2025/04/09 11:30:34 [GET] ::1 /v1/admin/checkauth 200 1.857255ms
2025/04/09 11:30:34 [POST] ::1 /v1/admin/categories 200 51.390664ms
2025/04/09 11:30:35 [GET] ::1 /v1/admin/checkauth 200 5.102434ms
2025/04/09 11:30:35 [GET] ::1 /v1/admin/categories/type/4 200 3.926097ms
2025/04/09 11:30:35 [GET] ::1 /v1/admin/checkauth 200 3.356622ms
2025/04/09 11:30:36 [GET] ::1 /v1/admin/pagecategories/category/11 200 12.886702ms
2025/04/09 11:30:45 [GET] ::1 /v1/admin/checkauth 200 1.770108ms
2025/04/09 11:30:46 [GET] ::1 /v1/admin/checkauth 200 3.284069ms
2025/04/09 11:30:47 [GET] ::1 /v1/admin/categories/id/11 200 5.006037ms
2025/04/09 11:30:47 [GET] ::1 /v1/admin/checkauth 200 3.473485ms
2025/04/09 11:30:47 [GET] ::1 /v1/admin/categories/id/11 200 4.656161ms
2025/04/09 11:30:48 [GET] ::1 /v1/admin/checkauth 200 2.957041ms
2025/04/09 11:30:48 [GET] ::1 /v1/admin/categories/type/4 200 18.092604ms
2025/04/09 11:30:48 [GET] ::1 /v1/admin/checkauth 200 2.931ms
2025/04/09 11:30:49 [GET] ::1 /v1/admin/categories/type/4 200 7.404781ms
2025/04/09 14:24:42 [GET] ::1 /v1/config 200 18.230961ms
2025/04/09 14:24:53 [GET] ::1 /v1/admin/checkauth 200 3.546521ms
2025/04/09 14:24:54 [GET] ::1 /v1/admin/checkauth 200 2.895725ms
2025/04/09 14:24:54 [GET] ::1 /v1/admin/checkauth 200 2.806698ms
2025/04/09 14:24:54 [GET] ::1 /v1/admin/checkauth 200 5.819353ms
2025/04/09 14:24:54 [GET] ::1 /v1/config 200 4.240925ms
2025/04/09 14:24:54 [GET] ::1 /v1/admin/checkauth 200 4.07357ms
2025/04/09 14:24:54 [GET] ::1 /v1/admin/checkauth 200 2.81157ms
2025/04/09 14:24:54 [GET] ::1 /v1/admin/checkauth 200 2.288626ms
2025/04/09 14:24:54 [GET] ::1 /v1/admin/checkauth 200 3.464432ms
2025/04/09 14:24:54 [GET] ::1 /v1/admin/checkauth 200 2.009615ms
2025/04/09 14:24:54 [GET] ::1 /v1/admin/checkauth 200 2.825682ms
2025/04/09 14:24:54 [GET] ::1 /v1/admin/checkauth 200 3.673969ms
2025/04/09 14:24:54 [GET] ::1 /v1/admin/checkauth 200 5.874243ms
2025/04/09 14:24:54 [GET] ::1 /v1/admin/checkauth 200 4.339921ms
2025/04/09 14:24:54 [GET] ::1 /v1/admin/checkauth 200 3.472336ms
2025/04/09 14:24:54 [GET] ::1 /v1/admin/checkauth 200 4.995922ms
2025/04/09 14:24:54 [GET] ::1 /v1/admin/checkauth 200 11.063719ms
2025/04/09 14:24:54 [GET] ::1 /v1/admin/checkauth 200 5.825319ms
2025/04/09 14:24:54 [GET] ::1 /v1/admin/checkauth 200 3.037611ms
2025/04/09 14:24:54 [GET] ::1 /v1/admin/checkauth 200 3.342071ms
2025/04/09 14:24:54 [GET] ::1 /v1/admin/checkauth 200 3.8277ms
2025/04/09 14:24:54 [GET] ::1 /v1/admin/checkauth 200 3.482789ms
2025/04/09 14:24:54 [GET] ::1 /v1/admin/checkauth 200 3.808633ms
2025/04/09 14:24:54 [GET] ::1 /v1/admin/checkauth 200 2.893095ms
2025/04/09 14:24:54 [GET] ::1 /v1/admin/checkauth 200 2.266182ms
2025/04/09 14:25:33 [GET] ::1 /v1/admin/checkauth 200 5.826744ms
2025/04/09 14:25:34 [GET] ::1 /v1/admin/checkauth 200 1.521575ms
2025/04/09 14:25:34 [GET] ::1 /v1/admin/checkauth 200 2.443049ms
2025/04/09 14:25:34 [GET] ::1 /v1/image/23 200 25.877755ms
2025/04/09 14:25:34 [GET] ::1 /v1/admin/checkauth 200 3.263031ms
2025/04/09 14:25:34 [GET] ::1 /v1/image/23 200 1.767587ms
2025/04/09 14:25:44 [GET] ::1 /v1/admin/checkauth 200 4.969687ms
2025/04/09 14:25:52 [GET] ::1 /v1/admin/checkauth 200 6.308247ms
2025/04/09 14:25:57 [GET] ::1 /v1/admin/checkauth 200 6.530768ms
2025/04/09 14:25:57 [GET] ::1 /v1/admin/checkauth 200 2.728244ms
2025/04/09 14:25:57 [GET] ::1 /v1/admin/checkauth 200 7.347746ms
2025/04/09 14:25:57 [GET] ::1 /v1/component 200 10.181983ms
2025/04/09 14:26:08 [GET] ::1 /v1/admin/checkauth 200 4.950843ms
2025/04/09 14:26:09 [GET] ::1 /v1/admin/checkauth 200 6.430597ms
2025/04/09 14:26:09 [GET] ::1 /v1/image/22 200 5.929084ms
2025/04/09 14:26:13 [GET] ::1 /v1/admin/checkauth 200 4.561806ms
2025/04/09 14:26:14 [GET] ::1 /v1/admin/checkauth 200 6.94374ms
2025/04/09 14:26:14 [GET] ::1 /v1/admin/pages/typenstatus/ 200 13.875311ms
2025/04/09 14:26:19 [GET] ::1 /v1/admin/checkauth 200 5.208841ms
2025/04/09 14:26:19 [GET] ::1 /v1/admin/checkauth 200 5.240203ms
2025/04/09 14:26:19 [GET] ::1 /v1/admin/pages/typenstatus/ 200 5.836329ms
2025/04/09 14:26:30 [GET] ::1 /v1/admin/checkauth 200 5.273445ms
2025/04/09 14:26:36 [GET] ::1 /v1/admin/checkauth 200 2.198345ms
2025/04/09 14:26:36 [GET] ::1 /v1/admin/pages/type/1 200 6.363901ms
2025/04/09 14:26:36 [GET] ::1 /v1/admin/checkauth 200 5.016874ms
2025/04/09 14:26:36 [GET] ::1 /v1/admin/checkauth 200 3.049557ms
2025/04/09 14:26:36 [GET] ::1 /v1/admin/checkauth 200 3.08896ms
2025/04/09 14:26:36 [GET] ::1 /v1/admin/checkauth 200 5.214079ms
2025/04/09 14:26:36 [GET] ::1 /v1/admin/pages/typenstatus/ 200 5.939837ms
2025/04/09 14:26:36 [GET] ::1 /v1/admin/checkauth 200 4.43278ms
2025/04/09 14:26:36 [GET] ::1 /v1/admin/users/1 200 7.70214ms
2025/04/09 14:26:36 [GET] ::1 /v1/admin/checkauth 200 3.071977ms
2025/04/09 14:26:36 [GET] ::1 /v1/admin/users/1 200 3.791862ms
2025/04/09 14:26:36 [GET] ::1 /v1/admin/checkauth 200 3.158528ms
2025/04/09 14:26:36 [GET] ::1 /v1/admin/users/1 200 4.189156ms
2025/04/09 14:26:36 [GET] ::1 /v1/admin/checkauth 200 1.596425ms
2025/04/09 14:26:36 [GET] ::1 /v1/admin/pages/typenstatus/ 200 4.667043ms
2025/04/09 14:26:36 [GET] ::1 /v1/admin/checkauth 200 7.275598ms
2025/04/09 14:26:36 [GET] ::1 /v1/admin/pages/typenstatus/ 200 4.357923ms
2025/04/09 14:26:36 [GET] ::1 /v1/admin/checkauth 200 3.134144ms
2025/04/09 14:26:36 [GET] ::1 /v1/admin/pages/typenstatus/ 200 3.289671ms
2025/04/09 14:26:36 [GET] ::1 /v1/admin/checkauth 200 1.627252ms
2025/04/09 14:26:36 [GET] ::1 /v1/admin/pages/count/type/1 200 7.660159ms
2025/04/09 14:26:36 [GET] ::1 /v1/admin/checkauth 200 2.031298ms
2025/04/09 14:26:36 [GET] ::1 /v1/admin/pages/count/typenstatus/ 200 3.37919ms
2025/04/09 14:26:36 [GET] ::1 /v1/admin/checkauth 200 2.130997ms
2025/04/09 14:26:36 [GET] ::1 /v1/admin/pages/count/typenstatus/ 200 2.504959ms
2025/04/09 14:26:36 [GET] ::1 /v1/admin/checkauth 200 1.458005ms
2025/04/09 14:26:36 [GET] ::1 /v1/admin/pages/count/typenstatus/ 200 2.825469ms
2025/04/09 14:26:36 [GET] ::1 /v1/admin/checkauth 200 1.579373ms
2025/04/09 14:26:36 [GET] ::1 /v1/admin/pages/count/typenstatus/ 200 2.633345ms
2025/04/09 14:26:39 [GET] ::1 /v1/admin/checkauth 200 5.249331ms
2025/04/09 14:26:39 [GET] ::1 /v1/admin/users/1 200 10.350031ms
2025/04/09 14:26:39 [GET] ::1 /v1/admin/checkauth 200 2.604203ms
2025/04/09 14:26:39 [GET] ::1 /v1/admin/users/1 200 4.25563ms
2025/04/09 14:26:41 [GET] ::1 /v1/admin/checkauth 200 4.950727ms
2025/04/09 14:26:41 [GET] ::1 /v1/admin/pages/id/1 200 6.042058ms
2025/04/09 14:26:42 [GET] ::1 /v1/admin/checkauth 200 2.704733ms
2025/04/09 14:26:42 [GET] ::1 /v1/admin/pagecategories/page/1 200 7.111239ms
2025/04/09 14:26:42 [GET] ::1 /v1/admin/checkauth 200 3.29779ms
2025/04/09 14:26:42 [GET] ::1 /v1/admin/pagetags/page/1 200 8.863268ms
2025/04/09 14:26:42 [GET] ::1 /v1/admin/checkauth 200 2.324634ms
2025/04/09 14:27:22 [GET] ::1 /v1/admin/checkauth 200 6.921158ms
2025/04/09 14:27:22 [GET] ::1 /v1/admin/checkauth 200 2.565651ms
2025/04/09 14:27:22 [GET] ::1 /v1/admin/categories/type/2 200 11.322567ms
2025/04/09 14:27:22 [GET] ::1 /v1/admin/checkauth 200 3.41811ms
2025/04/09 14:27:22 [GET] ::1 /v1/admin/pagecategories/category/6 200 5.189317ms
2025/04/09 14:27:22 [GET] ::1 /v1/admin/checkauth 200 2.989157ms
2025/04/09 14:27:22 [GET] ::1 /v1/admin/pagecategories/category/8 200 6.24705ms
2025/04/09 14:27:22 [GET] ::1 /v1/admin/checkauth 200 2.387663ms
2025/04/09 14:27:22 [GET] ::1 /v1/admin/pagecategories/category/10 200 6.030375ms
2025/04/09 14:27:22 [GET] ::1 /v1/admin/checkauth 200 7.868716ms
2025/04/09 14:27:22 [GET] ::1 /v1/admin/checkauth 200 2.556155ms
2025/04/09 14:27:22 [GET] ::1 /v1/admin/checkauth 200 2.456719ms
2025/04/09 14:27:25 [GET] ::1 /v1/admin/checkauth 200 1.591718ms
2025/04/09 14:27:25 [GET] ::1 /v1/admin/checkauth 200 1.756519ms
2025/04/09 14:27:25 [GET] ::1 /v1/admin/categories/id/8 200 3.574743ms
2025/04/09 14:27:25 [GET] ::1 /v1/admin/checkauth 200 3.82043ms
2025/04/09 14:27:25 [GET] ::1 /v1/admin/categories/type/2 200 4.06062ms
2025/04/09 14:27:28 [GET] ::1 /v1/admin/checkauth 200 4.104755ms
2025/04/09 14:27:28 [GET] ::1 /v1/admin/categories/type/2 200 9.785297ms
2025/04/09 14:27:28 [GET] ::1 /v1/admin/checkauth 200 3.697694ms
2025/04/09 14:27:28 [GET] ::1 /v1/admin/pagecategories/category/6 200 4.234154ms
2025/04/09 14:27:28 [GET] ::1 /v1/admin/checkauth 200 4.340738ms
2025/04/09 14:27:28 [GET] ::1 /v1/admin/pagecategories/category/8 200 3.430327ms
2025/04/09 14:27:28 [GET] ::1 /v1/admin/checkauth 200 1.902643ms
2025/04/09 14:27:28 [GET] ::1 /v1/admin/pagecategories/category/10 200 5.204236ms
2025/04/09 14:27:49 [GET] ::1 /v1/admin/checkauth 200 1.980636ms
2025/04/09 14:27:49 [GET] ::1 /v1/admin/checkauth 200 5.164607ms
2025/04/09 14:27:49 [GET] ::1 /v1/admin/checkauth 200 3.641304ms
2025/04/09 14:27:49 [GET] ::1 /v1/component 200 3.932352ms
2025/04/09 14:27:49 [GET] ::1 /v1/admin/checkauth 200 2.86109ms
2025/04/09 14:27:50 [GET] ::1 /v1/admin/checkauth 200 2.976434ms
2025/04/09 14:27:50 [GET] ::1 /v1/admin/checkauth 200 2.772237ms
2025/04/09 14:27:50 [GET] ::1 /v1/config 200 2.374379ms
2025/04/09 14:27:50 [GET] ::1 /v1/admin/checkauth 200 3.688402ms
2025/04/09 14:27:50 [GET] ::1 /v1/admin/checkauth 200 4.677638ms
2025/04/09 14:27:50 [GET] ::1 /v1/admin/checkauth 200 7.661979ms
2025/04/09 14:27:50 [GET] ::1 /v1/admin/checkauth 200 5.967011ms
2025/04/09 14:27:50 [GET] ::1 /v1/admin/checkauth 200 3.811362ms
2025/04/09 14:27:50 [GET] ::1 /v1/admin/checkauth 200 5.508176ms
2025/04/09 14:27:50 [GET] ::1 /v1/admin/checkauth 200 6.953671ms
2025/04/09 14:27:50 [GET] ::1 /v1/admin/checkauth 200 3.835556ms
2025/04/09 14:27:50 [GET] ::1 /v1/admin/checkauth 200 2.663808ms
2025/04/09 14:27:50 [GET] ::1 /v1/admin/checkauth 200 3.226948ms
2025/04/09 14:27:50 [GET] ::1 /v1/admin/checkauth 200 8.212198ms
2025/04/09 14:27:50 [GET] ::1 /v1/admin/checkauth 200 2.807511ms
2025/04/09 14:27:50 [GET] ::1 /v1/admin/checkauth 200 2.291253ms
2025/04/09 14:27:50 [GET] ::1 /v1/component 200 3.115957ms
2025/04/09 14:27:50 [GET] ::1 /v1/admin/checkauth 200 2.674656ms
2025/04/09 14:27:50 [GET] ::1 /v1/admin/checkauth 200 3.311271ms
2025/04/09 14:27:50 [GET] ::1 /v1/admin/checkauth 200 2.114199ms
2025/04/09 14:27:50 [GET] ::1 /v1/admin/checkauth 200 2.650025ms
2025/04/09 14:27:50 [GET] ::1 /v1/admin/checkauth 200 2.490561ms
2025/04/09 14:27:50 [GET] ::1 /v1/admin/checkauth 200 2.113765ms
2025/04/09 14:27:50 [GET] ::1 /v1/admin/checkauth 200 2.373732ms
2025/04/09 14:27:50 [GET] ::1 /v1/admin/checkauth 200 4.778224ms
2025/04/09 14:28:03 [GET] ::1 /v1/admin/checkauth 200 3.63819ms
2025/04/09 14:28:03 [GET] ::1 /v1/admin/checkauth 200 1.740195ms
2025/04/09 14:28:03 [GET] ::1 /v1/admin/categories/type/3 200 5.901006ms
2025/04/09 14:28:12 [GET] ::1 /v1/admin/checkauth 200 5.223353ms
2025/04/09 14:28:13 [GET] ::1 /v1/admin/checkauth 200 4.483153ms
2025/04/09 14:28:13 [GET] ::1 /v1/admin/categories/type/2 200 7.104079ms
2025/04/09 14:28:13 [GET] ::1 /v1/admin/checkauth 200 2.428533ms
2025/04/09 14:28:13 [GET] ::1 /v1/admin/pagecategories/category/6 200 5.541871ms
2025/04/09 14:28:13 [GET] ::1 /v1/admin/checkauth 200 2.188736ms
2025/04/09 14:28:13 [GET] ::1 /v1/admin/pagecategories/category/8 200 3.490144ms
2025/04/09 14:28:13 [GET] ::1 /v1/admin/checkauth 200 2.00379ms
2025/04/09 14:28:13 [GET] ::1 /v1/admin/pagecategories/category/10 200 4.517106ms
2025/04/09 14:28:13 [GET] ::1 /v1/admin/checkauth 200 2.833063ms
2025/04/09 14:28:13 [GET] ::1 /v1/admin/checkauth 200 2.261516ms
2025/04/09 14:28:13 [GET] ::1 /v1/admin/checkauth 200 2.341747ms
2025/04/09 15:12:48 [GET] ::1 /v1/admin/checkauth 200 5.223577ms
2025/04/09 15:12:48 [GET] ::1 /v1/admin/checkauth 200 4.051468ms
2025/04/09 15:12:53 [GET] ::1 /v1/admin/checkauth 200 6.222295ms
2025/04/09 15:12:53 [GET] ::1 /v1/checkstatus 200 220.079µs
2025/04/09 15:12:55 [GET] ::1 /v1/admin/checkauth 200 4.496084ms
2025/04/09 15:12:55 [GET] ::1 /v1/admin/checkauth 200 3.485803ms
2025/04/09 15:12:55 [GET] ::1 /v1/admin/checkauth 200 7.503227ms
2025/04/09 15:12:55 [GET] ::1 /v1/config 200 3.961607ms
2025/04/09 15:12:55 [GET] ::1 /v1/admin/checkauth 200 2.597442ms
2025/04/09 15:12:56 [GET] ::1 /v1/admin/categories/id/6 200 7.5139ms
2025/04/09 15:12:56 [GET] ::1 /v1/admin/checkauth 200 3.430042ms
2025/04/09 15:12:56 [GET] ::1 /v1/admin/checkauth 200 4.801957ms
2025/04/09 15:12:56 [GET] ::1 /v1/admin/checkauth 200 4.449223ms
2025/04/09 15:12:56 [GET] ::1 /v1/admin/categories/id/6 200 7.293139ms
2025/04/09 15:12:56 [GET] ::1 /v1/admin/checkauth 200 3.620962ms
2025/04/09 15:12:56 [GET] ::1 /v1/admin/categories/id/6 200 5.196798ms
2025/04/09 15:12:57 [GET] ::1 /v1/admin/checkauth 200 6.519987ms
2025/04/09 15:12:57 [GET] ::1 /v1/admin/categories/type/2 200 6.642607ms
2025/04/09 15:12:57 [GET] ::1 /v1/admin/checkauth 200 3.966728ms
2025/04/09 15:12:57 [GET] ::1 /v1/admin/categories/type/2 200 5.250535ms
2025/04/09 15:12:57 [GET] ::1 /v1/admin/checkauth 200 5.000461ms
2025/04/09 15:12:57 [GET] ::1 /v1/admin/categories/type/2 200 8.263116ms
2025/04/09 15:15:54 [GET] ::1 /v1/admin/checkauth 200 6.725099ms
2025/04/09 15:15:54 [GET] ::1 /v1/admin/checkauth 200 5.578383ms
2025/04/09 15:15:55 [GET] ::1 /v1/admin/checkauth 200 3.748871ms
2025/04/09 15:16:09 [GET] ::1 /v1/admin/checkauth 200 2.299484ms
2025/04/09 15:16:09 [GET] ::1 /v1/admin/checkauth 200 4.625666ms
2025/04/09 15:16:10 [GET] ::1 /v1/admin/checkauth 200 2.695162ms
2025/04/09 15:16:10 [GET] ::1 /v1/admin/checkauth 200 2.791875ms
2025/04/09 15:16:10 [GET] ::1 /v1/admin/checkauth 200 2.777254ms
2025/04/09 15:16:24 [GET] ::1 /v1/admin/checkauth 200 2.914352ms
2025/04/09 15:16:25 [GET] ::1 /v1/admin/checkauth 200 3.316083ms
2025/04/09 15:16:42 [GET] ::1 /v1/admin/checkauth 200 1.759663ms
2025/04/09 15:16:44 [GET] ::1 /v1/admin/checkauth 200 4.53246ms
2025/04/09 15:16:44 [GET] ::1 /v1/admin/categories/type/2 200 8.367463ms
2025/04/09 15:16:44 [GET] ::1 /v1/admin/checkauth 200 2.986594ms
2025/04/09 15:16:45 [GET] ::1 /v1/admin/categories/type/2 200 7.346801ms
2025/04/09 15:16:45 [GET] ::1 /v1/admin/checkauth 200 3.110449ms
2025/04/09 15:16:45 [GET] ::1 /v1/admin/pagecategories/category/6 200 5.984002ms
2025/04/09 15:16:45 [GET] ::1 /v1/admin/checkauth 200 2.604881ms
2025/04/09 15:16:45 [GET] ::1 /v1/admin/pagecategories/category/8 200 9.335793ms
2025/04/09 15:16:45 [GET] ::1 /v1/admin/checkauth 200 4.726655ms
2025/04/09 15:16:45 [GET] ::1 /v1/admin/pagecategories/category/10 200 9.984392ms
2025/04/09 15:19:15 [GET] ::1 /v1/admin/checkauth 200 11.843776ms
2025/04/09 15:19:15 [GET] ::1 /v1/admin/checkauth 200 3.892164ms
2025/04/09 15:19:16 [GET] ::1 /v1/checkstatus 200 14.984µs
2025/04/09 15:19:18 [GET] ::1 /v1/admin/checkauth 200 2.807052ms
2025/04/09 15:19:19 [GET] ::1 /v1/admin/checkauth 200 3.48826ms
2025/04/09 15:19:19 [GET] ::1 /v1/admin/checkauth 200 2.609053ms
2025/04/09 15:19:19 [GET] ::1 /v1/config 200 4.451949ms
2025/04/09 15:19:19 [GET] ::1 /v1/admin/checkauth 200 5.659031ms
2025/04/09 15:19:20 [GET] ::1 /v1/admin/categories/type/2 200 7.053714ms
2025/04/09 15:19:20 [GET] ::1 /v1/admin/checkauth 200 2.848897ms
2025/04/09 15:19:20 [GET] ::1 /v1/admin/checkauth 200 3.722321ms
2025/04/09 15:19:20 [GET] ::1 /v1/admin/checkauth 200 3.297515ms
2025/04/09 15:19:20 [GET] ::1 /v1/admin/categories/type/2 200 6.217245ms
2025/04/09 15:19:21 [GET] ::1 /v1/admin/checkauth 200 3.542388ms
2025/04/09 15:19:21 [GET] ::1 /v1/admin/categories/type/2 200 5.930871ms
2025/04/09 15:19:42 [GET] ::1 /v1/admin/checkauth 200 5.801791ms
2025/04/09 15:19:43 [GET] ::1 /v1/checkstatus 200 16.554µs
2025/04/09 15:19:45 [GET] ::1 /v1/admin/checkauth 200 4.580295ms
2025/04/09 15:19:45 [GET] ::1 /v1/admin/checkauth 200 3.00179ms
2025/04/09 15:19:46 [GET] ::1 /v1/admin/checkauth 200 3.26086ms
2025/04/09 15:19:46 [GET] ::1 /v1/config 200 2.416528ms
2025/04/09 15:19:46 [GET] ::1 /v1/admin/checkauth 200 3.612769ms
2025/04/09 15:19:46 [GET] ::1 /v1/admin/categories/type/2 200 6.606834ms
2025/04/09 15:19:46 [GET] ::1 /v1/admin/checkauth 200 4.424664ms
2025/04/09 15:19:47 [GET] ::1 /v1/admin/checkauth 200 2.924798ms
2025/04/09 15:19:47 [GET] ::1 /v1/admin/checkauth 200 3.378712ms
2025/04/09 15:19:47 [GET] ::1 /v1/admin/categories/type/2 200 6.690001ms
2025/04/09 15:19:47 [GET] ::1 /v1/admin/checkauth 200 4.352276ms
2025/04/09 15:19:47 [GET] ::1 /v1/admin/categories/type/2 200 6.325675ms
2025/04/09 15:20:10 [GET] ::1 /v1/admin/checkauth 200 3.09687ms
2025/04/09 15:20:11 [GET] ::1 /v1/checkstatus 200 40.506µs
2025/04/09 15:20:12 [GET] ::1 /v1/admin/checkauth 200 2.803574ms
2025/04/09 15:20:13 [GET] ::1 /v1/admin/checkauth 200 5.484357ms
2025/04/09 15:20:13 [GET] ::1 /v1/admin/checkauth 200 3.020226ms
2025/04/09 15:20:13 [GET] ::1 /v1/config 200 1.687784ms
2025/04/09 15:20:13 [GET] ::1 /v1/admin/checkauth 200 5.872638ms
2025/04/09 15:20:13 [GET] ::1 /v1/admin/categories/type/2 200 9.361779ms
2025/04/09 15:20:13 [GET] ::1 /v1/admin/checkauth 200 5.150795ms
2025/04/09 15:20:14 [GET] ::1 /v1/admin/checkauth 200 13.238754ms
2025/04/09 15:20:14 [GET] ::1 /v1/admin/checkauth 200 3.962554ms
2025/04/09 15:20:14 [GET] ::1 /v1/admin/categories/type/2 200 5.428798ms
2025/04/09 15:20:14 [GET] ::1 /v1/admin/checkauth 200 3.825425ms
2025/04/09 15:20:14 [GET] ::1 /v1/admin/categories/type/2 200 6.295447ms
2025/04/09 15:20:14 [GET] ::1 /v1/admin/checkauth 200 3.588428ms
2025/04/09 15:20:14 [GET] ::1 /v1/admin/pagecategories/category/6 200 7.449101ms
2025/04/09 15:20:15 [GET] ::1 /v1/admin/checkauth 200 5.315076ms
2025/04/09 15:20:15 [GET] ::1 /v1/admin/pagecategories/category/8 200 5.906072ms
2025/04/09 15:20:15 [GET] ::1 /v1/admin/checkauth 200 3.656237ms
2025/04/09 15:20:15 [GET] ::1 /v1/admin/pagecategories/category/10 200 25.149352ms
2025/04/09 15:25:33 [GET] ::1 /v1/admin/checkauth 200 5.744509ms
2025/04/09 15:26:04 [GET] ::1 /v1/admin/checkauth 200 4.452961ms
2025/04/09 15:26:04 [GET] ::1 /v1/admin/checkauth 200 6.401218ms
2025/04/09 15:26:04 [GET] ::1 /v1/checkstatus 200 16.12µs
2025/04/09 15:26:07 [GET] ::1 /v1/admin/checkauth 200 4.249791ms
2025/04/09 15:26:07 [GET] ::1 /v1/admin/checkauth 200 2.305222ms
2025/04/09 15:26:07 [GET] ::1 /v1/admin/checkauth 200 3.421556ms
2025/04/09 15:26:08 [GET] ::1 /v1/config 200 3.676291ms
2025/04/09 15:26:08 [GET] ::1 /v1/admin/checkauth 200 4.652847ms
2025/04/09 15:26:08 [GET] ::1 /v1/admin/categories/type/2 200 8.453048ms
2025/04/09 15:26:08 [GET] ::1 /v1/admin/checkauth 200 12.077595ms
2025/04/09 15:26:08 [GET] ::1 /v1/admin/checkauth 200 3.340284ms
2025/04/09 15:26:09 [GET] ::1 /v1/admin/checkauth 200 1.864537ms
2025/04/09 15:26:09 [GET] ::1 /v1/admin/categories/type/2 200 7.992498ms
2025/04/09 15:26:09 [GET] ::1 /v1/admin/checkauth 200 2.140638ms
2025/04/09 15:26:09 [GET] ::1 /v1/admin/categories/type/2 200 6.246831ms
2025/04/09 15:26:09 [GET] ::1 /v1/admin/checkauth 200 2.333108ms
2025/04/09 15:26:09 [GET] ::1 /v1/admin/pagecategories/category/6 200 5.136632ms
2025/04/09 15:26:09 [GET] ::1 /v1/admin/checkauth 200 3.510312ms
2025/04/09 15:26:09 [GET] ::1 /v1/admin/pagecategories/category/8 200 5.355395ms
2025/04/09 15:26:09 [GET] ::1 /v1/admin/checkauth 200 3.21001ms
2025/04/09 15:26:09 [GET] ::1 /v1/admin/pagecategories/category/10 200 7.845242ms
2025/04/09 15:28:52 [GET] ::1 /v1/admin/checkauth 200 8.829752ms
2025/04/09 15:28:52 [GET] ::1 /v1/admin/checkauth 200 7.36922ms
2025/04/09 15:28:52 [GET] ::1 /v1/admin/checkauth 200 2.155413ms
2025/04/09 15:28:52 [GET] ::1 /v1/admin/checkauth 200 10.205316ms
2025/04/09 15:28:52 [GET] ::1 /v1/admin/checkauth 200 3.109481ms
2025/04/09 15:28:53 [GET] ::1 /v1/checkstatus 200 38.232µs
2025/04/09 15:28:53 [GET] ::1 /v1/checkstatus 200 18.334µs
2025/04/09 15:28:55 [GET] ::1 /v1/admin/checkauth 200 3.797082ms
2025/04/09 15:28:55 [GET] ::1 /v1/admin/checkauth 200 2.583079ms
2025/04/09 15:28:55 [GET] ::1 /v1/admin/checkauth 200 3.826558ms
2025/04/09 15:28:55 [GET] ::1 /v1/config 200 3.159041ms
2025/04/09 15:28:56 [GET] ::1 /v1/admin/checkauth 200 6.440309ms
2025/04/09 15:28:56 [GET] ::1 /v1/admin/tags/type/2 200 8.665258ms
2025/04/09 15:28:56 [GET] ::1 /v1/admin/checkauth 200 3.705416ms
2025/04/09 15:28:56 [GET] ::1 /v1/admin/checkauth 200 3.428321ms
2025/04/09 15:28:56 [GET] ::1 /v1/admin/checkauth 200 2.808674ms
2025/04/09 15:28:56 [GET] ::1 /v1/admin/tags/type/2 200 5.813649ms
2025/04/09 15:28:56 [GET] ::1 /v1/admin/checkauth 200 3.977055ms
2025/04/09 15:28:57 [GET] ::1 /v1/admin/tags/type/2 200 4.270857ms
2025/04/09 15:29:11 [GET] ::1 /v1/admin/checkauth 200 2.516283ms
2025/04/09 15:29:11 [POST] ::1 /v1/admin/tags 200 41.515797ms
2025/04/09 15:29:11 [GET] ::1 /v1/admin/checkauth 200 3.059745ms
2025/04/09 15:29:12 [GET] ::1 /v1/admin/tags/type/2 200 3.827779ms
2025/04/09 15:43:15 [GET] ::1 /v1/admin/checkauth 200 9.773111ms
2025/04/09 15:43:15 [GET] ::1 /v1/checkstatus 200 20.442µs
2025/04/09 15:43:18 [GET] ::1 /v1/admin/checkauth 200 3.506047ms
2025/04/09 15:43:18 [GET] ::1 /v1/admin/checkauth 200 2.38458ms
2025/04/09 15:43:18 [GET] ::1 /v1/admin/checkauth 200 2.643609ms
2025/04/09 15:43:18 [GET] ::1 /v1/config 200 10.992755ms
2025/04/09 15:43:19 [GET] ::1 /v1/admin/checkauth 200 7.946754ms
2025/04/09 15:43:19 [GET] ::1 /v1/admin/tags/type/2 200 11.829222ms
2025/04/09 15:43:19 [GET] ::1 /v1/admin/checkauth 200 4.903522ms
2025/04/09 15:43:19 [GET] ::1 /v1/admin/checkauth 200 3.11887ms
2025/04/09 15:43:19 [GET] ::1 /v1/admin/checkauth 200 2.595121ms
2025/04/09 15:43:20 [GET] ::1 /v1/admin/tags/type/2 200 7.169613ms
2025/04/09 15:43:20 [GET] ::1 /v1/admin/checkauth 200 4.164619ms
2025/04/09 15:43:20 [GET] ::1 /v1/admin/tags/type/2 200 7.113592ms
2025/04/09 15:43:20 [GET] ::1 /v1/admin/checkauth 200 10.037835ms
2025/04/09 15:43:20 [GET] ::1 /v1/admin/pagetags/tags/38 404 3.521µs
2025/04/09 15:43:22 [GET] ::1 /v1/admin/checkauth 200 2.616019ms
2025/04/09 15:43:22 [GET] ::1 /v1/admin/pagetags/tags/38 404 4.455µs
2025/04/09 15:43:23 [GET] ::1 /v1/admin/checkauth 200 2.586667ms
2025/04/09 15:43:23 [GET] ::1 /v1/admin/pagetags/tags/38 404 2.578µs
2025/04/09 15:43:47 [GET] ::1 /v1/admin/checkauth 200 7.934187ms
2025/04/09 15:43:47 [GET] ::1 /v1/admin/checkauth 200 3.335509ms
2025/04/09 15:43:47 [GET] ::1 /v1/checkstatus 200 35.841µs
2025/04/09 15:43:49 [GET] ::1 /v1/admin/checkauth 200 5.568259ms
2025/04/09 15:43:50 [GET] ::1 /v1/admin/checkauth 200 3.811088ms
2025/04/09 15:43:50 [GET] ::1 /v1/admin/checkauth 200 2.723557ms
2025/04/09 15:43:50 [GET] ::1 /v1/config 200 2.301923ms
2025/04/09 15:43:51 [GET] ::1 /v1/admin/checkauth 200 2.770216ms
2025/04/09 15:43:51 [GET] ::1 /v1/admin/tags/type/2 200 3.581222ms
2025/04/09 15:43:51 [GET] ::1 /v1/admin/checkauth 200 3.139422ms
2025/04/09 15:43:51 [GET] ::1 /v1/admin/checkauth 200 4.525854ms
2025/04/09 15:43:51 [GET] ::1 /v1/admin/checkauth 200 2.462127ms
2025/04/09 15:43:52 [GET] ::1 /v1/admin/tags/type/2 200 6.881959ms
2025/04/09 15:43:52 [GET] ::1 /v1/admin/checkauth 200 4.95481ms
2025/04/09 15:43:52 [GET] ::1 /v1/admin/tags/type/2 200 8.154478ms
2025/04/09 15:43:52 [GET] ::1 /v1/admin/checkauth 200 3.870965ms
2025/04/09 15:43:52 [GET] ::1 /v1/admin/pagetags/tags/38 404 4.278µs
2025/04/09 15:43:53 [GET] ::1 /v1/admin/checkauth 200 7.295076ms
2025/04/09 15:43:53 [GET] ::1 /v1/admin/pagetags/tags/38 404 2.842µs
2025/04/09 15:43:54 [GET] ::1 /v1/admin/checkauth 200 2.872555ms
2025/04/09 15:43:54 [GET] ::1 /v1/admin/pagetags/tags/38 404 2.755µs
2025/04/09 15:43:59 [GET] ::1 /v1/admin/checkauth 200 4.743218ms
2025/04/09 15:44:00 [GET] ::1 /v1/admin/checkauth 200 3.140864ms
2025/04/09 15:44:00 [GET] ::1 /v1/checkstatus 200 16.142µs
2025/04/09 15:44:01 [GET] ::1 /v1/admin/checkauth 200 3.734208ms
2025/04/09 15:44:01 [GET] ::1 /v1/config 200 2.054914ms
2025/04/09 15:45:16 [GET] ::1 /v1/admin/checkauth 200 5.976737ms
2025/04/09 15:45:16 [GET] ::1 /v1/checkstatus 200 18.561µs
2025/04/09 15:45:17 [GET] ::1 /v1/admin/checkauth 200 2.704652ms
2025/04/09 15:45:17 [GET] ::1 /v1/config 200 8.431301ms
2025/04/09 15:45:39 [GET] ::1 /v1/admin/checkauth 200 2.905156ms
2025/04/09 15:45:39 [GET] ::1 /v1/checkstatus 200 19.172µs
2025/04/09 15:45:41 [GET] ::1 /v1/admin/checkauth 200 2.702082ms
2025/04/09 15:45:41 [GET] ::1 /v1/admin/checkauth 200 2.341362ms
2025/04/09 15:45:42 [GET] ::1 /v1/admin/checkauth 200 2.42185ms
2025/04/09 15:45:42 [GET] ::1 /v1/config 200 4.026461ms
2025/04/09 15:45:43 [GET] ::1 /v1/admin/checkauth 200 3.177884ms
2025/04/09 15:45:43 [GET] ::1 /v1/admin/tags/type/2 200 12.997072ms
2025/04/09 15:45:43 [GET] ::1 /v1/admin/checkauth 200 2.707894ms
2025/04/09 15:45:43 [GET] ::1 /v1/admin/checkauth 200 5.706752ms
2025/04/09 15:45:44 [GET] ::1 /v1/admin/checkauth 200 3.532771ms
2025/04/09 15:45:44 [GET] ::1 /v1/admin/tags/type/2 200 5.438097ms
2025/04/09 15:45:44 [GET] ::1 /v1/admin/checkauth 200 3.937211ms
2025/04/09 15:45:44 [GET] ::1 /v1/admin/tags/type/2 200 6.595014ms
2025/04/09 15:45:44 [GET] ::1 /v1/admin/checkauth 200 4.367958ms
2025/04/09 15:45:44 [GET] ::1 /v1/admin/pagetags/tags/38 404 3.206µs
2025/04/09 15:45:46 [GET] ::1 /v1/admin/checkauth 200 3.186435ms
2025/04/09 15:45:46 [GET] ::1 /v1/admin/pagetags/tags/38 404 2.712µs
2025/04/09 15:45:47 [GET] ::1 /v1/admin/checkauth 200 5.478853ms
2025/04/09 15:45:47 [GET] ::1 /v1/admin/pagetags/tags/38 404 2.637µs
2025/04/09 15:45:53 [GET] ::1 /v1/admin/checkauth 200 2.941141ms
2025/04/09 15:45:56 [GET] ::1 /v1/admin/checkauth 200 2.404891ms
2025/04/09 15:45:57 [GET] ::1 /v1/admin/categories/id/38 200 20.598348ms
2025/04/09 15:45:57 [GET] ::1 /v1/admin/checkauth 200 2.245311ms
2025/04/09 15:45:57 [GET] ::1 /v1/admin/categories/id/38 200 4.211131ms
2025/04/09 15:53:02 [GET] ::1 /v1/admin/checkauth 200 9.119911ms
2025/04/09 15:53:02 [GET] ::1 /v1/admin/checkauth 200 4.783548ms
2025/04/09 15:53:02 [GET] ::1 /v1/admin/checkauth 200 6.215188ms
2025/04/09 15:53:03 [GET] ::1 /v1/checkstatus 200 15.772µs
2025/04/09 15:53:06 [GET] ::1 /v1/admin/checkauth 200 2.414793ms
2025/04/09 15:53:06 [GET] ::1 /v1/admin/checkauth 200 7.512141ms
2025/04/09 15:53:06 [GET] ::1 /v1/admin/checkauth 200 3.06041ms
2025/04/09 15:53:06 [GET] ::1 /v1/config 200 3.924113ms
2025/04/09 15:53:07 [GET] ::1 /v1/admin/checkauth 200 4.027199ms
2025/04/09 15:53:07 [GET] ::1 /v1/admin/categories/id/38 200 4.614249ms
2025/04/09 15:53:07 [GET] ::1 /v1/admin/checkauth 200 2.677895ms
2025/04/09 15:53:07 [GET] ::1 /v1/admin/checkauth 200 2.584697ms
2025/04/09 15:53:08 [GET] ::1 /v1/admin/checkauth 200 3.835759ms
2025/04/09 15:53:08 [GET] ::1 /v1/admin/categories/id/38 200 5.682522ms
2025/04/09 15:53:08 [GET] ::1 /v1/admin/checkauth 200 5.110454ms
2025/04/09 15:53:09 [GET] ::1 /v1/admin/categories/id/38 200 4.708388ms
2025/04/09 15:58:07 [GET] ::1 /v1/admin/checkauth 200 8.250841ms
2025/04/09 16:01:15 [GET] ::1 /v1/admin/checkauth 200 7.978852ms
2025/04/09 16:01:35 [GET] ::1 /v1/admin/checkauth 200 2.582603ms
2025/04/09 16:01:36 [GET] ::1 /v1/admin/checkauth 200 6.390673ms
2025/04/09 16:01:36 [GET] ::1 /v1/admin/checkauth 200 3.927979ms
2025/04/09 16:01:37 [GET] ::1 /v1/checkstatus 200 15.239µs
2025/04/09 16:01:39 [GET] ::1 /v1/admin/checkauth 200 3.516508ms
2025/04/09 16:01:40 [GET] ::1 /v1/admin/checkauth 200 2.549375ms
2025/04/09 16:01:40 [GET] ::1 /v1/admin/checkauth 200 3.88006ms
2025/04/09 16:01:40 [GET] ::1 /v1/config 200 2.79801ms
2025/04/09 16:01:40 [GET] ::1 /v1/admin/checkauth 200 3.567548ms
2025/04/09 16:01:40 [GET] ::1 /v1/admin/tags/id/38 200 8.350155ms
2025/04/09 16:01:41 [GET] ::1 /v1/admin/checkauth 200 3.199202ms
2025/04/09 16:01:41 [GET] ::1 /v1/admin/checkauth 200 3.865533ms
2025/04/09 16:01:41 [GET] ::1 /v1/admin/checkauth 200 3.808293ms
2025/04/09 16:01:41 [GET] ::1 /v1/admin/tags/id/38 200 4.990651ms
2025/04/09 16:01:41 [GET] ::1 /v1/admin/checkauth 200 3.138329ms
2025/04/09 16:01:41 [GET] ::1 /v1/admin/tags/id/38 200 6.025968ms
2025/04/09 16:01:43 [GET] ::1 /v1/admin/checkauth 200 2.294156ms
2025/04/09 16:01:43 [GET] ::1 /v1/checkstatus 200 17.005µs
2025/04/09 16:01:44 [GET] ::1 /v1/admin/checkauth 200 6.446005ms
2025/04/09 16:01:45 [GET] ::1 /v1/admin/checkauth 200 2.962098ms
2025/04/09 16:01:45 [GET] ::1 /v1/admin/checkauth 200 3.557347ms
2025/04/09 16:01:45 [GET] ::1 /v1/config 200 1.814771ms
2025/04/09 16:01:45 [GET] ::1 /v1/admin/checkauth 200 6.645513ms
2025/04/09 16:01:45 [GET] ::1 /v1/admin/tags/id/38 200 4.858871ms
2025/04/09 16:01:45 [GET] ::1 /v1/admin/checkauth 200 2.431313ms
2025/04/09 16:01:45 [GET] ::1 /v1/admin/checkauth 200 5.889671ms
2025/04/09 16:01:46 [GET] ::1 /v1/admin/checkauth 200 3.73601ms
2025/04/09 16:01:46 [GET] ::1 /v1/admin/tags/id/38 200 4.372044ms
2025/04/09 16:01:46 [GET] ::1 /v1/admin/checkauth 200 3.909673ms
2025/04/09 16:01:46 [GET] ::1 /v1/admin/tags/id/38 200 6.710088ms
2025/04/09 16:02:47 [GET] ::1 /v1/admin/checkauth 200 8.097012ms
2025/04/09 16:02:47 [GET] ::1 /v1/checkstatus 200 16.743µs
2025/04/09 16:02:48 [GET] ::1 /v1/admin/checkauth 200 3.340337ms
2025/04/09 16:02:49 [GET] ::1 /v1/admin/checkauth 200 2.24092ms
2025/04/09 16:02:49 [GET] ::1 /v1/admin/checkauth 200 2.495429ms
2025/04/09 16:02:49 [GET] ::1 /v1/config 200 3.268989ms
2025/04/09 16:02:49 [GET] ::1 /v1/admin/checkauth 200 4.171875ms
2025/04/09 16:02:49 [GET] ::1 /v1/admin/tags/id/38 200 5.053606ms
2025/04/09 16:02:49 [GET] ::1 /v1/admin/checkauth 200 2.040664ms
2025/04/09 16:02:50 [GET] ::1 /v1/admin/checkauth 200 3.850145ms
2025/04/09 16:02:50 [GET] ::1 /v1/admin/checkauth 200 4.684202ms
2025/04/09 16:02:50 [GET] ::1 /v1/admin/tags/id/38 200 4.183789ms
2025/04/09 16:02:50 [GET] ::1 /v1/admin/checkauth 200 2.01732ms
2025/04/09 16:02:50 [GET] ::1 /v1/admin/tags/id/38 200 6.361352ms
2025/04/09 16:04:03 [GET] ::1 /v1/admin/checkauth 200 5.993666ms
2025/04/09 16:04:03 [GET] ::1 /v1/admin/checkauth 200 2.768165ms
2025/04/09 16:04:03 [GET] ::1 /v1/checkstatus 200 15.367µs
2025/04/09 16:04:05 [GET] ::1 /v1/admin/checkauth 200 2.799455ms
2025/04/09 16:04:06 [GET] ::1 /v1/admin/checkauth 200 2.39964ms
2025/04/09 16:04:06 [GET] ::1 /v1/admin/checkauth 200 3.119122ms
2025/04/09 16:04:06 [GET] ::1 /v1/config 200 3.495211ms
2025/04/09 16:04:06 [GET] ::1 /v1/admin/checkauth 200 4.916513ms
2025/04/09 16:04:07 [GET] ::1 /v1/admin/tags/id/38 200 6.04899ms
2025/04/09 16:04:07 [GET] ::1 /v1/admin/checkauth 200 8.15806ms
2025/04/09 16:04:07 [GET] ::1 /v1/admin/checkauth 200 3.126523ms
2025/04/09 16:04:07 [GET] ::1 /v1/admin/checkauth 200 3.111801ms
2025/04/09 16:04:08 [GET] ::1 /v1/admin/tags/id/38 200 6.186028ms
2025/04/09 16:04:08 [GET] ::1 /v1/admin/checkauth 200 4.21655ms
2025/04/09 16:04:08 [GET] ::1 /v1/admin/tags/id/38 200 6.706368ms
2025/04/09 16:06:10 [GET] ::1 /v1/admin/checkauth 200 6.101991ms
2025/04/09 16:06:10 [GET] ::1 /v1/admin/checkauth 200 3.704068ms
2025/04/09 16:06:11 [GET] ::1 /v1/checkstatus 200 16.302µs
2025/04/09 16:06:13 [GET] ::1 /v1/admin/checkauth 200 4.652319ms
2025/04/09 16:06:13 [GET] ::1 /v1/admin/checkauth 200 3.876955ms
2025/04/09 16:06:14 [GET] ::1 /v1/admin/checkauth 200 9.743146ms
2025/04/09 16:06:14 [GET] ::1 /v1/config 200 6.541002ms
2025/04/09 16:06:14 [GET] ::1 /v1/admin/checkauth 200 9.543809ms
2025/04/09 16:06:14 [GET] ::1 /v1/admin/tags/id/38 200 8.814056ms
2025/04/09 16:06:14 [GET] ::1 /v1/admin/checkauth 200 9.439518ms
2025/04/09 16:06:15 [GET] ::1 /v1/admin/checkauth 200 3.435741ms
2025/04/09 16:06:15 [GET] ::1 /v1/admin/checkauth 200 2.544038ms
2025/04/09 16:06:15 [GET] ::1 /v1/admin/tags/id/38 200 4.372518ms
2025/04/09 16:06:15 [GET] ::1 /v1/admin/checkauth 200 4.207693ms
2025/04/09 16:06:16 [GET] ::1 /v1/admin/tags/id/38 200 6.158552ms
2025/04/09 16:07:03 [GET] ::1 /v1/admin/checkauth 200 12.512959ms
2025/04/09 16:07:03 [GET] ::1 /v1/admin/checkauth 200 10.920532ms
2025/04/09 16:07:03 [GET] ::1 /v1/checkstatus 200 70.708µs
2025/04/09 16:07:05 [GET] ::1 /v1/admin/checkauth 200 5.259868ms
2025/04/09 16:07:06 [GET] ::1 /v1/admin/checkauth 200 2.582002ms
2025/04/09 16:07:06 [GET] ::1 /v1/admin/checkauth 200 6.249605ms
2025/04/09 16:07:06 [GET] ::1 /v1/config 200 3.121197ms
2025/04/09 16:07:06 [GET] ::1 /v1/admin/checkauth 200 8.619451ms
2025/04/09 16:07:07 [GET] ::1 /v1/admin/tags/id/38 200 6.291434ms
2025/04/09 16:07:07 [GET] ::1 /v1/admin/checkauth 200 4.807261ms
2025/04/09 16:07:07 [GET] ::1 /v1/admin/checkauth 200 6.440954ms
2025/04/09 16:07:07 [GET] ::1 /v1/admin/checkauth 200 6.299432ms
2025/04/09 16:07:08 [GET] ::1 /v1/admin/tags/id/38 200 7.106704ms
2025/04/09 16:07:08 [GET] ::1 /v1/admin/checkauth 200 6.658038ms
2025/04/09 16:07:08 [GET] ::1 /v1/admin/tags/id/38 200 6.031942ms
2025/04/09 16:07:11 [GET] ::1 /v1/admin/checkauth 200 5.866823ms
2025/04/09 16:07:11 [PUT] ::1 /v1/admin/tags/38 200 3.854756ms
2025/04/09 16:07:12 [GET] ::1 /v1/admin/checkauth 200 2.805331ms
2025/04/09 16:07:13 [GET] ::1 /v1/admin/checkauth 200 3.026745ms
2025/04/09 16:07:14 [GET] ::1 /v1/admin/tags/type/2 200 12.070519ms
2025/04/09 16:07:14 [GET] ::1 /v1/admin/checkauth 200 2.460805ms
2025/04/09 16:07:14 [GET] ::1 /v1/admin/tags/type/2 200 4.589158ms
2025/04/09 16:07:14 [GET] ::1 /v1/admin/checkauth 200 3.094536ms
2025/04/09 16:07:14 [GET] ::1 /v1/admin/pagetags/tags/38 404 3.033µs
2025/04/09 16:07:15 [GET] ::1 /v1/admin/checkauth 200 2.699572ms
2025/04/09 16:07:15 [GET] ::1 /v1/admin/pagetags/tags/38 404 2.68µs
2025/04/09 16:07:16 [GET] ::1 /v1/admin/checkauth 200 6.432077ms
2025/04/09 16:07:16 [GET] ::1 /v1/admin/pagetags/tags/38 404 2.751µs
2025/04/09 16:10:35 [GET] ::1 /v1/admin/checkauth 200 7.744904ms
2025/04/09 16:10:40 [GET] ::1 /v1/checkstatus 200 56.265µs
2025/04/09 16:10:42 [GET] ::1 /v1/admin/checkauth 200 4.292912ms
2025/04/09 16:10:42 [GET] ::1 /v1/admin/checkauth 200 2.529263ms
2025/04/09 16:10:42 [GET] ::1 /v1/admin/checkauth 200 2.567027ms
2025/04/09 16:10:43 [GET] ::1 /v1/config 200 4.240513ms
2025/04/09 16:10:43 [GET] ::1 /v1/admin/checkauth 200 2.378991ms
2025/04/09 16:10:43 [GET] ::1 /v1/admin/tags/type/2 200 7.351887ms
2025/04/09 16:10:43 [GET] ::1 /v1/admin/checkauth 200 2.716691ms
2025/04/09 16:10:44 [GET] ::1 /v1/admin/checkauth 200 4.831007ms
2025/04/09 16:10:44 [GET] ::1 /v1/admin/checkauth 200 5.389892ms
2025/04/09 16:10:44 [GET] ::1 /v1/admin/tags/type/2 200 5.614712ms
2025/04/09 16:10:44 [GET] ::1 /v1/admin/checkauth 200 4.996149ms
2025/04/09 16:10:44 [GET] ::1 /v1/admin/tags/type/2 200 5.79866ms
2025/04/09 16:10:44 [GET] ::1 /v1/admin/checkauth 200 4.215579ms
2025/04/09 16:10:45 [GET] ::1 /v1/admin/pagetags/tag/38 200 14.394597ms
2025/04/09 16:10:45 [GET] ::1 /v1/admin/checkauth 200 3.804787ms
2025/04/09 16:10:45 [GET] ::1 /v1/admin/pagetags/tag/38 200 10.654989ms
2025/04/09 16:10:45 [GET] ::1 /v1/admin/checkauth 200 4.692636ms
2025/04/09 16:10:45 [GET] ::1 /v1/admin/pagetags/tag/38 200 5.339647ms
2025/04/09 16:10:47 [GET] ::1 /v1/admin/checkauth 200 4.553961ms
2025/04/09 16:10:50 [GET] ::1 /v1/admin/checkauth 200 5.263557ms
2025/04/09 16:10:50 [GET] ::1 /v1/admin/tags/id/38 200 6.066507ms
2025/04/09 16:10:50 [GET] ::1 /v1/admin/checkauth 200 2.230616ms
2025/04/09 16:10:50 [GET] ::1 /v1/admin/tags/id/38 200 4.362747ms
2025/04/09 16:10:57 [GET] ::1 /v1/admin/checkauth 200 2.415196ms
2025/04/09 16:10:58 [PUT] ::1 /v1/admin/tags/38 200 3.171899ms
2025/04/09 16:12:03 [GET] ::1 /v1/admin/checkauth 200 4.952015ms
2025/04/09 16:12:04 [GET] ::1 /v1/admin/checkauth 200 5.056507ms
2025/04/09 16:12:10 [GET] ::1 /v1/admin/checkauth 200 2.634636ms
2025/04/09 16:12:10 [PUT] ::1 /v1/admin/tags/38 200 7.067522ms
2025/04/09 16:19:15 [GET] ::1 /v1/admin/checkauth 200 6.381036ms
2025/04/09 16:19:15 [PUT] ::1 /v1/admin/tags/38 200 4.185033ms
2025/04/09 16:20:16 [GET] ::1 /v1/admin/checkauth 200 6.755959ms
2025/04/09 16:20:16 [PUT] ::1 /v1/admin/tags/38 200 57.264182ms
2025/04/09 16:20:16 [GET] ::1 /v1/admin/checkauth 200 2.860113ms
2025/04/09 16:20:17 [GET] ::1 /v1/admin/tags/type/2 200 6.778581ms
2025/04/09 16:20:17 [GET] ::1 /v1/admin/checkauth 200 15.160638ms
2025/04/09 16:20:17 [GET] ::1 /v1/admin/tags/type/2 200 6.330672ms
2025/04/09 16:23:30 [GET] ::1 /v1/admin/checkauth 200 10.341108ms
2025/04/09 16:23:30 [GET] ::1 /v1/admin/checkauth 200 14.255863ms
2025/04/09 16:23:30 [GET] ::1 /v1/checkstatus 200 73.129µs
2025/04/09 16:23:33 [GET] ::1 /v1/admin/checkauth 200 3.372906ms
2025/04/09 16:23:34 [GET] ::1 /v1/admin/checkauth 200 3.513285ms
2025/04/09 16:23:34 [GET] ::1 /v1/admin/checkauth 200 10.893808ms
2025/04/09 16:23:34 [GET] ::1 /v1/config 200 2.983727ms
2025/04/09 16:23:34 [GET] ::1 /v1/admin/checkauth 200 2.265771ms
2025/04/09 16:23:35 [GET] ::1 /v1/admin/tags/type/2 200 12.145639ms
2025/04/09 16:23:35 [GET] ::1 /v1/admin/checkauth 200 3.899332ms
2025/04/09 16:23:35 [GET] ::1 /v1/admin/checkauth 200 2.857916ms
2025/04/09 16:23:35 [GET] ::1 /v1/admin/checkauth 200 2.722274ms
2025/04/09 16:23:35 [GET] ::1 /v1/admin/tags/type/2 200 5.596747ms
2025/04/09 16:23:35 [GET] ::1 /v1/admin/checkauth 200 3.45249ms
2025/04/09 16:23:36 [GET] ::1 /v1/admin/tags/type/2 200 19.368815ms
2025/04/09 16:24:55 [GET] ::1 /v1/admin/checkauth 200 5.001253ms
2025/04/09 16:24:56 [GET] ::1 /v1/checkstatus 200 41.654µs
2025/04/09 16:24:58 [GET] ::1 /v1/admin/checkauth 200 4.106089ms
2025/04/09 16:24:58 [GET] ::1 /v1/admin/checkauth 200 2.403671ms
2025/04/09 16:24:58 [GET] ::1 /v1/admin/checkauth 200 2.535269ms
2025/04/09 16:24:58 [GET] ::1 /v1/config 200 7.469778ms
2025/04/09 16:24:59 [GET] ::1 /v1/admin/checkauth 200 3.235898ms
2025/04/09 16:24:59 [GET] ::1 /v1/admin/tags/type/2 200 12.416395ms
2025/04/09 16:24:59 [GET] ::1 /v1/admin/checkauth 200 6.801727ms
2025/04/09 16:24:59 [GET] ::1 /v1/admin/checkauth 200 3.181152ms
2025/04/09 16:24:59 [GET] ::1 /v1/admin/checkauth 200 2.989732ms
2025/04/09 16:24:59 [GET] ::1 /v1/admin/tags/type/2 200 9.234887ms
2025/04/09 16:25:00 [GET] ::1 /v1/admin/checkauth 200 4.91392ms
2025/04/09 16:25:00 [GET] ::1 /v1/admin/tags/type/2 200 4.667919ms
2025/04/09 16:25:00 [GET] ::1 /v1/admin/checkauth 200 4.324588ms
2025/04/09 16:25:00 [GET] ::1 /v1/admin/pagetags/tag/38 200 5.587862ms
2025/04/09 16:25:00 [GET] ::1 /v1/admin/checkauth 200 2.846999ms
2025/04/09 16:25:00 [GET] ::1 /v1/admin/pagetags/tag/38 200 4.861091ms
2025/04/09 16:25:00 [GET] ::1 /v1/admin/checkauth 200 2.715386ms
2025/04/09 16:25:01 [GET] ::1 /v1/admin/pagetags/tag/38 200 4.743029ms
2025/04/09 16:25:03 [GET] ::1 /v1/admin/checkauth 200 5.157809ms
2025/04/09 16:25:04 [GET] ::1 /v1/admin/checkauth 200 5.234327ms
2025/04/09 16:25:04 [GET] ::1 /v1/admin/tags/id/38 200 12.991542ms
2025/04/09 16:25:05 [GET] ::1 /v1/admin/checkauth 200 4.658303ms
2025/04/09 16:25:05 [GET] ::1 /v1/admin/tags/id/38 200 9.102014ms
2025/04/09 16:25:10 [GET] ::1 /v1/admin/checkauth 200 2.700856ms
2025/04/09 16:25:10 [PUT] ::1 /v1/admin/tags/38 200 21.139942ms
2025/04/09 16:25:10 [GET] ::1 /v1/admin/checkauth 200 3.00492ms
2025/04/09 16:25:10 [GET] ::1 /v1/admin/tags/type/2 200 7.47793ms
2025/04/09 16:25:10 [GET] ::1 /v1/admin/checkauth 200 3.988513ms
2025/04/09 16:25:11 [GET] ::1 /v1/admin/tags/type/2 200 5.384269ms
2025/04/09 16:25:11 [GET] ::1 /v1/admin/checkauth 200 2.668246ms
2025/04/09 16:25:11 [GET] ::1 /v1/admin/pagetags/tag/38 200 11.984362ms
2025/04/09 16:25:11 [GET] ::1 /v1/admin/checkauth 200 8.284469ms
2025/04/09 16:25:11 [GET] ::1 /v1/admin/pagetags/tag/38 200 6.26459ms
2025/04/09 16:25:12 [GET] ::1 /v1/admin/checkauth 200 5.867253ms
2025/04/09 16:25:12 [GET] ::1 /v1/admin/pagetags/tag/38 200 8.83853ms
2025/04/09 16:25:36 [GET] ::1 /v1/admin/checkauth 200 2.68728ms
2025/04/09 16:25:36 [POST] ::1 /v1/admin/tags 200 24.605126ms
2025/04/09 16:27:19 [GET] ::1 /v1/admin/checkauth 200 9.823728ms
2025/04/09 16:27:19 [GET] ::1 /v1/checkstatus 200 16.934µs
2025/04/09 16:27:21 [GET] ::1 /v1/admin/checkauth 200 2.505189ms
2025/04/09 16:27:21 [GET] ::1 /v1/admin/checkauth 200 4.610977ms
2025/04/09 16:27:21 [GET] ::1 /v1/admin/checkauth 200 2.96501ms
2025/04/09 16:27:21 [GET] ::1 /v1/config 200 3.120402ms
2025/04/09 16:27:22 [GET] ::1 /v1/admin/checkauth 200 2.723396ms
2025/04/09 16:27:22 [GET] ::1 /v1/admin/tags/type/2 200 5.968626ms
2025/04/09 16:27:22 [GET] ::1 /v1/admin/checkauth 200 3.060791ms
2025/04/09 16:27:22 [GET] ::1 /v1/admin/checkauth 200 3.008598ms
2025/04/09 16:27:22 [GET] ::1 /v1/admin/checkauth 200 4.596285ms
2025/04/09 16:27:22 [GET] ::1 /v1/admin/tags/type/2 200 9.200471ms
2025/04/09 16:27:23 [GET] ::1 /v1/admin/checkauth 200 6.471997ms
2025/04/09 16:27:23 [GET] ::1 /v1/admin/tags/type/2 200 32.557329ms
2025/04/09 16:27:23 [GET] ::1 /v1/admin/checkauth 200 4.595865ms
2025/04/09 16:27:23 [GET] ::1 /v1/admin/pagetags/tag/38 200 18.227048ms
2025/04/09 16:27:23 [GET] ::1 /v1/admin/checkauth 200 6.435713ms
2025/04/09 16:27:23 [GET] ::1 /v1/admin/pagetags/tag/38 200 7.011319ms
2025/04/09 16:27:23 [GET] ::1 /v1/admin/checkauth 200 2.653295ms
2025/04/09 16:27:24 [GET] ::1 /v1/admin/pagetags/tag/38 200 8.174271ms
2025/04/09 16:28:59 [GET] ::1 /v1/admin/checkauth 200 7.307911ms
2025/04/09 16:28:59 [GET] ::1 /v1/admin/checkauth 200 3.189353ms
2025/04/09 16:29:07 [GET] ::1 /v1/admin/checkauth 200 2.308627ms
2025/04/09 16:29:07 [POST] ::1 /v1/admin/tags 200 27.449708ms
2025/04/09 16:29:07 [GET] ::1 /v1/admin/checkauth 200 2.690956ms
2025/04/09 16:29:07 [GET] ::1 /v1/admin/tags/type/2 200 6.641008ms
2025/04/09 16:29:08 [GET] ::1 /v1/admin/checkauth 200 4.016491ms
2025/04/09 16:29:08 [GET] ::1 /v1/admin/pagetags/tag/38 200 6.385923ms
2025/04/09 16:29:08 [GET] ::1 /v1/admin/checkauth 200 7.069196ms
2025/04/09 16:29:08 [GET] ::1 /v1/admin/pagetags/tag/40 200 5.396911ms
2025/04/09 16:29:08 [GET] ::1 /v1/admin/checkauth 200 2.02496ms
2025/04/09 16:29:08 [GET] ::1 /v1/admin/pagetags/tag/38 200 6.253261ms
2025/04/09 16:29:08 [GET] ::1 /v1/admin/checkauth 200 2.934726ms
2025/04/09 16:29:09 [GET] ::1 /v1/admin/pagetags/tag/40 200 7.254491ms
2025/04/09 16:29:30 [GET] ::1 /v1/admin/checkauth 200 2.470028ms
2025/04/09 16:29:31 [POST] ::1 /v1/admin/tags 200 15.120742ms
2025/04/09 16:29:31 [GET] ::1 /v1/admin/checkauth 200 3.00196ms
2025/04/09 16:29:31 [GET] ::1 /v1/admin/tags/type/2 200 6.121644ms
2025/04/09 16:29:31 [GET] ::1 /v1/admin/checkauth 200 3.112395ms
2025/04/09 16:29:31 [GET] ::1 /v1/admin/pagetags/tag/38 200 7.024222ms
2025/04/09 16:29:31 [GET] ::1 /v1/admin/checkauth 200 2.993493ms
2025/04/09 16:29:31 [GET] ::1 /v1/admin/pagetags/tag/40 200 7.396477ms
2025/04/09 16:29:32 [GET] ::1 /v1/admin/checkauth 200 3.991732ms
2025/04/09 16:29:32 [GET] ::1 /v1/admin/pagetags/tag/41 200 5.709228ms
2025/04/09 16:29:32 [GET] ::1 /v1/admin/checkauth 200 5.409334ms
2025/04/09 16:29:32 [GET] ::1 /v1/admin/pagetags/tag/38 200 4.505797ms
2025/04/09 16:29:32 [GET] ::1 /v1/admin/checkauth 200 9.722091ms
2025/04/09 16:29:33 [GET] ::1 /v1/admin/pagetags/tag/40 200 9.588859ms
2025/04/09 16:29:33 [GET] ::1 /v1/admin/checkauth 200 3.355155ms
2025/04/09 16:29:33 [GET] ::1 /v1/admin/pagetags/tag/41 200 4.567422ms
2025/04/09 16:29:45 [GET] ::1 /v1/admin/checkauth 200 2.594694ms
2025/04/09 16:29:46 [GET] ::1 /v1/admin/checkauth 200 3.060609ms
2025/04/09 16:29:46 [GET] ::1 /v1/admin/tags/id/41 200 5.139283ms
2025/04/09 16:29:46 [GET] ::1 /v1/admin/checkauth 200 3.134651ms
2025/04/09 16:29:46 [GET] ::1 /v1/admin/tags/id/41 200 3.385824ms
2025/04/09 16:29:48 [GET] ::1 /v1/admin/checkauth 200 2.423891ms
2025/04/09 16:29:48 [GET] ::1 /v1/admin/checkauth 200 2.665616ms
2025/04/09 16:29:48 [DELETE] ::1 /v1/admin/tags/41 200 24.78858ms
2025/04/09 16:29:49 [GET] ::1 /v1/checkstatus 200 34.856µs
2025/04/09 16:29:49 [GET] ::1 /v1/admin/checkauth 200 3.32369ms
2025/04/09 16:29:49 [GET] ::1 /v1/admin/tags/type/2 200 5.234491ms
2025/04/09 16:29:50 [GET] ::1 /v1/admin/checkauth 200 7.841872ms
2025/04/09 16:29:50 [GET] ::1 /v1/admin/tags/type/2 200 6.888717ms
2025/04/09 16:29:50 [GET] ::1 /v1/admin/checkauth 200 2.610627ms
2025/04/09 16:29:50 [GET] ::1 /v1/admin/pagetags/tag/38 200 6.61853ms
2025/04/09 16:29:50 [GET] ::1 /v1/admin/checkauth 200 4.634258ms
2025/04/09 16:29:50 [GET] ::1 /v1/admin/pagetags/tag/40 200 4.116213ms
2025/04/09 16:29:50 [GET] ::1 /v1/admin/checkauth 200 3.122645ms
2025/04/09 16:29:51 [GET] ::1 /v1/admin/pagetags/tag/38 200 7.41135ms
2025/04/09 16:29:51 [GET] ::1 /v1/admin/checkauth 200 3.242277ms
2025/04/09 16:29:51 [GET] ::1 /v1/admin/pagetags/tag/40 200 11.322014ms
2025/04/09 16:29:51 [GET] ::1 /v1/admin/checkauth 200 3.611197ms
2025/04/09 16:29:51 [GET] ::1 /v1/admin/pagetags/tag/38 200 5.830196ms
2025/04/09 16:29:52 [GET] ::1 /v1/admin/checkauth 200 2.633399ms
2025/04/09 16:29:52 [GET] ::1 /v1/admin/pagetags/tag/40 200 5.10504ms
2025/04/09 16:29:53 [GET] ::1 /v1/admin/checkauth 200 1.664591ms
2025/04/09 16:29:54 [GET] ::1 /v1/admin/checkauth 200 2.671492ms
2025/04/09 16:29:54 [GET] ::1 /v1/admin/tags/id/40 200 5.006809ms
2025/04/09 16:29:54 [GET] ::1 /v1/admin/checkauth 200 2.745508ms
2025/04/09 16:29:54 [GET] ::1 /v1/admin/tags/id/40 200 10.379854ms
2025/04/09 16:30:02 [GET] ::1 /v1/admin/checkauth 200 4.432419ms
2025/04/09 16:30:03 [PUT] ::1 /v1/admin/tags/40 200 12.662453ms
2025/04/09 16:30:03 [GET] ::1 /v1/admin/checkauth 200 4.032558ms
2025/04/09 16:30:03 [GET] ::1 /v1/admin/tags/type/2 200 6.305217ms
2025/04/09 16:30:03 [GET] ::1 /v1/admin/checkauth 200 3.148743ms
2025/04/09 16:30:03 [GET] ::1 /v1/admin/tags/type/2 200 4.863562ms
2025/04/09 16:30:04 [GET] ::1 /v1/admin/checkauth 200 4.27226ms
2025/04/09 16:30:04 [GET] ::1 /v1/admin/pagetags/tag/38 200 5.750481ms
2025/04/09 16:30:04 [GET] ::1 /v1/admin/checkauth 200 4.36645ms
2025/04/09 16:30:04 [GET] ::1 /v1/admin/pagetags/tag/40 200 4.59057ms
2025/04/09 16:30:04 [GET] ::1 /v1/admin/checkauth 200 3.182976ms
2025/04/09 16:30:04 [GET] ::1 /v1/admin/pagetags/tag/38 200 13.017598ms
2025/04/09 16:30:05 [GET] ::1 /v1/admin/checkauth 200 8.584684ms
2025/04/09 16:30:05 [GET] ::1 /v1/admin/pagetags/tag/40 200 5.187457ms
2025/04/09 16:30:05 [GET] ::1 /v1/admin/checkauth 200 2.27638ms
2025/04/09 16:30:05 [GET] ::1 /v1/admin/pagetags/tag/38 200 4.275958ms
2025/04/09 16:30:05 [GET] ::1 /v1/admin/checkauth 200 3.035688ms
2025/04/09 16:30:05 [GET] ::1 /v1/admin/pagetags/tag/40 200 3.602536ms
2025/04/09 16:30:16 [GET] ::1 /v1/admin/checkauth 200 6.874282ms
2025/04/09 16:30:16 [GET] ::1 /v1/admin/checkauth 200 4.004731ms
2025/04/09 16:34:10 [GET] ::1 /v1/admin/checkauth 200 7.721649ms
2025/04/09 16:34:11 [GET] ::1 /v1/admin/checkauth 200 4.592048ms
2025/04/09 16:34:11 [GET] ::1 /v1/admin/tags/type/5 200 11.994685ms
2025/04/09 16:34:11 [GET] ::1 /v1/admin/checkauth 200 4.237763ms
2025/04/09 16:34:11 [GET] ::1 /v1/admin/tags/type/5 200 9.615539ms
2025/04/09 16:34:15 [GET] ::1 /v1/admin/checkauth 200 1.52478ms
2025/04/09 16:34:16 [GET] ::1 /v1/admin/checkauth 200 3.090347ms
2025/04/09 16:34:16 [GET] ::1 /v1/admin/tags/type/4 200 5.928506ms
2025/04/09 16:34:16 [GET] ::1 /v1/admin/checkauth 200 3.481557ms
2025/04/09 16:34:16 [GET] ::1 /v1/admin/tags/type/4 200 5.028198ms
2025/04/09 16:34:26 [GET] ::1 /v1/admin/checkauth 200 5.445672ms
2025/04/09 16:34:27 [GET] ::1 /v1/admin/checkauth 200 3.639108ms
2025/04/09 16:34:27 [GET] ::1 /v1/admin/tags/type/2 200 4.120789ms
2025/04/09 16:34:27 [GET] ::1 /v1/admin/checkauth 200 3.109944ms
2025/04/09 16:34:27 [GET] ::1 /v1/admin/tags/type/2 200 8.424589ms
2025/04/09 16:34:27 [GET] ::1 /v1/admin/checkauth 200 3.663154ms
2025/04/09 16:34:27 [GET] ::1 /v1/admin/pagetags/tag/38 200 5.270318ms
2025/04/09 16:34:27 [GET] ::1 /v1/admin/checkauth 200 2.612095ms
2025/04/09 16:34:27 [GET] ::1 /v1/admin/pagetags/tag/40 200 5.555683ms
2025/04/09 16:34:28 [GET] ::1 /v1/admin/checkauth 200 3.204513ms
2025/04/09 16:34:28 [GET] ::1 /v1/admin/pagetags/tag/38 200 4.346233ms
2025/04/09 16:34:28 [GET] ::1 /v1/admin/checkauth 200 8.186278ms
2025/04/09 16:34:28 [GET] ::1 /v1/admin/pagetags/tag/40 200 9.887256ms
2025/04/09 16:34:28 [GET] ::1 /v1/admin/checkauth 200 5.173779ms
2025/04/09 16:34:28 [GET] ::1 /v1/admin/pagetags/tag/38 200 9.017061ms
2025/04/09 16:34:29 [GET] ::1 /v1/admin/checkauth 200 3.767862ms
2025/04/09 16:34:29 [GET] ::1 /v1/admin/pagetags/tag/40 200 11.170219ms
2025/04/09 16:34:59 [GET] ::1 /v1/admin/checkauth 200 1.996543ms
2025/04/09 16:34:59 [GET] ::1 /v1/admin/checkauth 200 3.627341ms
2025/04/09 16:34:59 [GET] ::1 /v1/admin/tags/type/4 200 4.039078ms
2025/04/09 16:34:59 [GET] ::1 /v1/admin/checkauth 200 3.085898ms
2025/04/09 16:34:59 [GET] ::1 /v1/admin/tags/type/4 200 4.067699ms
2025/04/09 16:34:59 [GET] ::1 /v1/admin/checkauth 200 2.919788ms
2025/04/09 16:35:00 [GET] ::1 /v1/admin/pagetags/tag/37 200 5.507073ms
2025/04/09 16:35:00 [GET] ::1 /v1/admin/checkauth 200 5.521458ms
2025/04/09 16:35:00 [GET] ::1 /v1/admin/pagetags/tag/37 200 5.363319ms
2025/04/09 16:35:00 [GET] ::1 /v1/admin/checkauth 200 3.541783ms
2025/04/09 16:35:00 [GET] ::1 /v1/admin/pagetags/tag/37 200 5.077209ms
2025/04/09 16:35:37 [GET] ::1 /v1/admin/checkauth 200 10.13473ms
