2025/04/10 09:24:58 [GET] ::1 /v1/checkstatus 200 8.498298ms
2025/04/10 09:25:01 [GET] ::1 /v1/config 200 195.70514ms
2025/04/10 09:29:08 [POST] ::1 /v1/admin/token/refresh 200 60.227268ms
2025/04/10 09:29:09 [GET] ::1 /v1/admin/checkauth 200 10.64587ms
2025/04/10 09:29:10 [GET] ::1 /v1/admin/checkauth 200 3.614488ms
2025/04/10 09:29:11 [GET] ::1 /v1/admin/checkauth 200 7.668325ms
2025/04/10 09:32:32 [GET] ::1 /v1/admin/checkauth 200 13.572203ms
2025/04/10 09:32:33 [GET] ::1 /v1/admin/checkauth 200 7.282054ms
2025/04/10 09:32:34 [GET] ::1 /v1/admin/checkauth 200 8.669293ms
2025/04/10 09:32:35 [GET] ::1 /v1/admin/checkauth 200 5.487935ms
2025/04/10 09:32:36 [GET] ::1 /v1/checkstatus 200 37.49µs
2025/04/10 09:32:36 [GET] ::1 /v1/admin/checkauth 200 20.915792ms
2025/04/10 09:32:37 [GET] ::1 /v1/admin/checkauth 200 9.561319ms
2025/04/10 09:32:37 [GET] ::1 /v1/admin/checkauth 200 6.711811ms
2025/04/10 09:32:37 [GET] ::1 /v1/admin/checkauth 200 5.259521ms
2025/04/10 09:32:38 [GET] ::1 /v1/checkstatus 200 24.564µs
2025/04/10 09:32:38 [GET] ::1 /v1/admin/checkauth 200 5.465363ms
2025/04/10 09:32:39 [GET] ::1 /v1/admin/checkauth 200 18.92977ms
2025/04/10 09:32:40 [GET] ::1 /v1/config 200 13.369687ms
2025/04/10 09:34:47 [GET] ::1 /v1/admin/checkauth 200 11.446916ms
2025/04/10 09:34:59 [GET] ::1 /v1/admin/checkauth 200 3.346291ms
2025/04/10 09:35:00 [GET] ::1 /v1/admin/checkauth 200 7.786614ms
2025/04/10 09:35:01 [GET] ::1 /v1/admin/checkauth 200 4.115875ms
2025/04/10 09:35:02 [GET] ::1 /v1/admin/checkauth 200 5.494128ms
2025/04/10 09:35:04 [GET] ::1 /v1/admin/checkauth 200 4.505516ms
2025/04/10 09:35:04 [GET] ::1 /v1/checkstatus 200 54.943µs
2025/04/10 09:35:04 [GET] ::1 /v1/admin/checkauth 200 6.032647ms
2025/04/10 09:35:04 [GET] ::1 /v1/admin/checkauth 200 7.998508ms
2025/04/10 09:35:05 [GET] ::1 /v1/admin/checkauth 200 5.43918ms
2025/04/10 09:35:05 [GET] ::1 /v1/checkstatus 200 18.724µs
2025/04/10 09:35:06 [GET] ::1 /v1/admin/checkauth 200 5.998867ms
2025/04/10 09:35:07 [GET] ::1 /v1/admin/checkauth 200 3.175244ms
2025/04/10 09:35:07 [GET] ::1 /v1/config 200 3.672919ms
2025/04/10 09:36:29 [GET] ::1 /v1/admin/checkauth 200 9.173121ms
2025/04/10 09:36:29 [GET] ::1 /v1/checkstatus 200 25.286µs
2025/04/10 09:36:32 [GET] ::1 /v1/checkstatus 200 17.943µs
2025/04/10 09:36:32 [GET] ::1 /v1/admin/checkauth 200 4.577116ms
2025/04/10 09:36:33 [GET] ::1 /v1/admin/checkauth 200 2.742194ms
2025/04/10 09:36:33 [GET] ::1 /v1/admin/checkauth 200 4.169116ms
2025/04/10 09:36:34 [GET] ::1 /v1/config 200 12.631573ms
2025/04/10 09:36:34 [GET] ::1 /v1/checkstatus 200 18.942µs
2025/04/10 09:36:35 [GET] ::1 /v1/admin/checkauth 200 2.779135ms
2025/04/10 09:36:36 [GET] ::1 /v1/admin/checkauth 200 5.362703ms
2025/04/10 09:36:37 [GET] ::1 /v1/config 200 3.798315ms
2025/04/10 09:36:40 [GET] ::1 /v1/checkstatus 200 22.262µs
2025/04/10 09:36:41 [GET] ::1 /v1/config 200 1.963637ms
2025/04/10 09:37:02 [GET] ::1 /v1/checkstatus 200 64.004µs
2025/04/10 09:37:03 [GET] ::1 /v1/config 200 16.673576ms
2025/04/10 09:37:14 [GET] ::1 /v1/checkstatus 200 75.054µs
2025/04/10 09:37:15 [GET] ::1 /v1/config 200 4.366345ms
2025/04/10 09:37:18 [GET] ::1 /v1/checkstatus 200 17.148µs
2025/04/10 09:37:19 [GET] ::1 /v1/config 200 4.080853ms
2025/04/10 09:37:42 [GET] ::1 /v1/checkstatus 200 111.829µs
2025/04/10 09:37:43 [GET] ::1 /v1/config 200 12.967365ms
2025/04/10 09:37:53 [GET] ::1 /v1/admin/checkauth 200 7.475183ms
2025/04/10 09:37:57 [GET] ::1 /v1/checkstatus 200 49.836µs
2025/04/10 09:37:59 [GET] ::1 /v1/checkstatus 200 23.926µs
2025/04/10 09:37:59 [GET] ::1 /v1/admin/checkauth 200 3.886604ms
2025/04/10 09:38:00 [GET] ::1 /v1/admin/checkauth 200 4.334224ms
2025/04/10 09:38:01 [GET] ::1 /v1/admin/checkauth 200 8.416623ms
2025/04/10 09:38:01 [GET] ::1 /v1/config 200 5.03608ms
2025/04/10 09:38:02 [GET] ::1 /v1/checkstatus 200 28.187µs
2025/04/10 09:38:02 [GET] ::1 /v1/admin/checkauth 200 7.813032ms
2025/04/10 09:38:03 [GET] ::1 /v1/admin/checkauth 200 6.331342ms
2025/04/10 09:38:04 [GET] ::1 /v1/config 200 7.896505ms
2025/04/10 09:38:51 [GET] ::1 /v1/admin/checkauth 200 8.225242ms
2025/04/10 09:39:27 [GET] ::1 /v1/admin/checkauth 200 6.765971ms
2025/04/10 09:41:36 [GET] ::1 /v1/admin/checkauth 200 8.875541ms
2025/04/10 09:41:37 [GET] ::1 /v1/config/key/homepage 200 23.961278ms
2025/04/10 09:42:12 [GET] ::1 /v1/admin/checkauth 200 2.608343ms
2025/04/10 09:45:13 [GET] ::1 /v1/admin/checkauth 200 7.809838ms
2025/04/10 09:50:09 [GET] ::1 /v1/admin/checkauth 200 8.20664ms
2025/04/10 09:50:10 [GET] ::1 /v1/admin/pages/id/3 200 35.63518ms
2025/04/10 09:52:50 [GET] ::1 /v1/admin/checkauth 200 9.873481ms
2025/04/10 09:54:40 [GET] ::1 /v1/admin/checkauth 200 10.68028ms
2025/04/10 09:55:23 [GET] ::1 /v1/admin/checkauth 200 3.323471ms
2025/04/10 09:55:24 [GET] ::1 /v1/checkstatus 200 20.568µs
2025/04/10 09:55:24 [GET] ::1 /v1/checkstatus 200 2.829009ms
2025/04/10 09:55:24 [GET] ::1 /v1/config/key/homepage 200 10.247135ms
2025/04/10 09:55:24 [GET] ::1 /v1/config/key/homepage 200 15.825657ms
2025/04/10 09:55:24 [GET] ::1 /v1/admin/pages/id/3 200 21.322834ms
2025/04/10 09:55:24 [GET] ::1 /v1/admin/pages/id/3 200 17.236021ms
2025/04/10 09:55:29 [GET] ::1 /v1/config 200 7.56256ms
2025/04/10 09:55:29 [GET] ::1 /v1/config 200 4.059899ms
2025/04/10 09:56:16 [GET] ::1 /v1/admin/checkauth 200 4.415473ms
2025/04/10 09:57:09 [GET] ::1 /v1/admin/checkauth 200 9.951647ms
2025/04/10 09:57:53 [GET] ::1 /v1/admin/checkauth 200 4.958035ms
2025/04/10 09:57:58 [GET] ::1 /v1/admin/checkauth 200 10.562251ms
2025/04/10 09:57:58 [GET] ::1 /v1/checkstatus 200 18.804µs
2025/04/10 09:57:58 [GET] ::1 /v1/config/key/homepage 200 5.034807ms
2025/04/10 09:57:58 [GET] ::1 /v1/admin/pages/id/3 200 7.600472ms
2025/04/10 09:57:58 [GET] ::1 /v1/admin/pages/typenstatus/ 200 32.8769ms
2025/04/10 09:57:59 [GET] ::1 /v1/admin/checkauth 200 4.7902ms
2025/04/10 09:58:01 [GET] ::1 /v1/admin/pages/typenstatus/ 200 6.116122ms
2025/04/10 09:58:01 [GET] ::1 /v1/config 200 3.833472ms
2025/04/10 09:58:14 [GET] ::1 /v1/admin/checkauth 200 9.508916ms
2025/04/10 09:58:15 [PUT] ::1 /v1/admin/configs/23 200 64.640229ms
2025/04/10 09:58:24 [GET] ::1 /v1/checkstatus 200 99.787µs
2025/04/10 09:58:24 [GET] ::1 /v1/config/key/homepage 200 3.612382ms
2025/04/10 09:58:25 [GET] ::1 /v1/config 200 3.297805ms
2025/04/10 09:59:31 [GET] ::1 /v1/admin/checkauth 200 9.549704ms
2025/04/10 09:59:33 [GET] ::1 /v1/admin/pages/id/1 200 7.972969ms
2025/04/10 10:20:41 [GET] ::1 /v1/admin/checkauth 200 25.67573ms
2025/04/10 10:20:41 [GET] ::1 /v1/admin/checkauth 200 4.602634ms
2025/04/10 10:20:42 [GET] ::1 /v1/admin/checkauth 200 4.275944ms
2025/04/10 10:20:44 [GET] ::1 /v1/admin/checkauth 200 4.903758ms
2025/04/10 10:20:44 [GET] ::1 /v1/checkstatus 200 28.069µs
2025/04/10 10:20:48 [GET] ::1 /v1/checkstatus 200 26.882µs
2025/04/10 10:20:48 [GET] ::1 /v1/config/key/homepage 200 7.312528ms
2025/04/10 10:20:48 [GET] ::1 /v1/admin/pages/id/1 200 12.999381ms
2025/04/10 10:20:50 [GET] ::1 /v1/admin/checkauth 200 3.655814ms
2025/04/10 10:20:51 [GET] ::1 /v1/admin/pages/typenstatus/ 200 19.094416ms
2025/04/10 10:20:52 [GET] ::1 /v1/admin/checkauth 200 8.868876ms
2025/04/10 10:20:52 [GET] ::1 /v1/admin/checkauth 200 5.085096ms
2025/04/10 10:20:53 [GET] ::1 /v1/admin/checkauth 200 8.569672ms
2025/04/10 10:20:54 [GET] ::1 /v1/config 200 12.229922ms
2025/04/10 10:20:54 [GET] ::1 /v1/checkstatus 200 31.474µs
2025/04/10 10:20:54 [GET] ::1 /v1/config/key/homepage 200 2.868208ms
2025/04/10 10:20:54 [GET] ::1 /v1/admin/pages/id/1 200 8.364223ms
2025/04/10 10:20:54 [GET] ::1 /v1/admin/checkauth 200 9.804253ms
2025/04/10 10:20:55 [GET] ::1 /v1/admin/checkauth 200 5.253802ms
2025/04/10 10:20:55 [GET] ::1 /v1/admin/pages/typenstatus/ 200 7.77292ms
2025/04/10 10:20:56 [GET] ::1 /v1/admin/checkauth 200 4.041106ms
2025/04/10 10:20:57 [GET] ::1 /v1/admin/checkauth 200 6.403217ms
2025/04/10 10:20:57 [GET] ::1 /v1/config 200 3.6241ms
2025/04/10 10:20:57 [GET] ::1 /v1/admin/pages/typenstatus/ 200 11.650163ms
2025/04/10 10:31:23 [GET] ::1 /v1/admin/checkauth 200 19.323263ms
2025/04/10 10:31:31 [GET] ::1 /v1/admin/checkauth 200 3.73777ms
2025/04/10 10:31:31 [PUT] ::1 /v1/admin/configs/23 200 63.071248ms
2025/04/10 10:31:37 [GET] ::1 /v1/checkstatus 200 59.36µs
2025/04/10 10:31:37 [GET] ::1 /v1/config/key/homepage 200 12.098703ms
2025/04/10 10:31:37 [GET] ::1 /v1/admin/pages/desc/ 200 21.448523ms
2025/04/10 10:31:39 [GET] ::1 /v1/config 200 3.833048ms
2025/04/10 10:32:51 [GET] ::1 /v1/admin/checkauth 200 7.173951ms
2025/04/10 10:33:07 [GET] ::1 /v1/admin/checkauth 200 4.846235ms
2025/04/10 10:33:53 [GET] ::1 /v1/admin/checkauth 200 16.623337ms
2025/04/10 10:33:54 [GET] ::1 /v1/checkstatus 200 43.237µs
2025/04/10 10:33:54 [GET] ::1 /v1/config/key/homepage 200 5.862497ms
2025/04/10 10:33:54 [GET] ::1 /v1/checkstatus 200 51.39µs
2025/04/10 10:33:55 [GET] ::1 /v1/admin/pages/desc/ 200 18.738625ms
2025/04/10 10:33:58 [GET] ::1 /v1/checkstatus 200 15.885µs
2025/04/10 10:33:58 [GET] ::1 /v1/config/key/homepage 200 5.021177ms
2025/04/10 10:33:58 [GET] ::1 /v1/admin/pages/desc/ 200 7.946896ms
2025/04/10 10:33:59 [GET] ::1 /v1/admin/checkauth 200 2.591803ms
2025/04/10 10:34:01 [GET] ::1 /v1/admin/pages/typenstatus/ 200 14.166939ms
2025/04/10 10:34:01 [GET] ::1 /v1/config 200 3.090607ms
2025/04/10 10:34:01 [GET] ::1 /v1/admin/checkauth 200 4.686767ms
2025/04/10 10:34:03 [GET] ::1 /v1/admin/checkauth 200 2.892118ms
2025/04/10 10:34:04 [GET] ::1 /v1/config 200 2.773044ms
2025/04/10 10:34:04 [GET] ::1 /v1/admin/checkauth 200 3.10675ms
2025/04/10 10:34:05 [GET] ::1 /v1/config 200 9.00334ms
2025/04/10 10:34:05 [GET] ::1 /v1/checkstatus 200 18.934µs
2025/04/10 10:34:05 [GET] ::1 /v1/config/key/homepage 200 4.936899ms
2025/04/10 10:34:05 [GET] ::1 /v1/admin/pages/desc/ 200 19.024624ms
2025/04/10 10:34:05 [GET] ::1 /v1/admin/checkauth 200 3.922427ms
2025/04/10 10:34:07 [GET] ::1 /v1/admin/checkauth 200 3.854679ms
2025/04/10 10:34:08 [GET] ::1 /v1/config 200 3.509167ms
2025/04/10 10:34:08 [GET] ::1 /v1/admin/pages/typenstatus/ 200 6.392432ms
2025/04/10 10:34:09 [GET] ::1 /v1/admin/checkauth 200 17.62394ms
2025/04/10 10:34:09 [GET] ::1 /v1/admin/checkauth 200 5.566881ms
2025/04/10 10:34:09 [GET] ::1 /v1/admin/pages/typenstatus/ 200 8.066847ms
2025/04/10 10:38:08 [GET] ::1 /v1/checkstatus 200 71.193µs
2025/04/10 10:38:08 [GET] ::1 /v1/config/key/homepage 200 6.917529ms
2025/04/10 10:38:08 [GET] ::1 /v1/admin/pages/desc/ 200 11.668039ms
2025/04/10 10:38:11 [GET] ::1 /v1/config 200 3.4764ms
2025/04/10 10:38:28 [GET] ::1 /v1/admin/checkauth 200 3.655138ms
2025/04/10 10:38:36 [GET] ::1 /v1/admin/checkauth 200 7.197483ms
2025/04/10 10:38:36 [GET] ::1 /v1/admin/pages/type/1 200 12.231435ms
2025/04/10 10:38:37 [GET] ::1 /v1/admin/checkauth 200 2.421247ms
2025/04/10 10:38:37 [GET] ::1 /v1/admin/pages/type/1 200 6.822146ms
2025/04/10 10:38:37 [GET] ::1 /v1/admin/checkauth 200 4.421549ms
2025/04/10 10:38:38 [GET] ::1 /v1/admin/pages/typenstatus/ 200 16.24009ms
2025/04/10 10:38:38 [GET] ::1 /v1/admin/checkauth 200 6.247609ms
2025/04/10 10:38:38 [GET] ::1 /v1/admin/users/1 200 12.329171ms
2025/04/10 10:38:38 [GET] ::1 /v1/admin/checkauth 200 5.323844ms
2025/04/10 10:38:38 [GET] ::1 /v1/admin/users/1 200 7.962409ms
2025/04/10 10:38:39 [GET] ::1 /v1/admin/checkauth 200 3.517155ms
2025/04/10 10:38:39 [GET] ::1 /v1/admin/users/1 200 6.539914ms
2025/04/10 10:38:39 [GET] ::1 /v1/admin/checkauth 200 8.39164ms
2025/04/10 10:38:39 [GET] ::1 /v1/admin/users/1 200 5.23214ms
2025/04/10 10:38:39 [GET] ::1 /v1/admin/checkauth 200 4.872756ms
2025/04/10 10:38:39 [GET] ::1 /v1/admin/users/1 200 12.406572ms
2025/04/10 10:38:39 [GET] ::1 /v1/admin/checkauth 200 8.221508ms
2025/04/10 10:38:39 [GET] ::1 /v1/admin/users/1 200 7.473483ms
2025/04/10 10:38:40 [GET] ::1 /v1/admin/checkauth 200 4.207448ms
2025/04/10 10:38:40 [GET] ::1 /v1/admin/pages/typenstatus/ 200 13.609778ms
2025/04/10 10:38:40 [GET] ::1 /v1/admin/checkauth 200 4.868736ms
2025/04/10 10:38:40 [GET] ::1 /v1/admin/pages/typenstatus/ 200 7.19004ms
2025/04/10 10:38:40 [GET] ::1 /v1/admin/checkauth 200 5.572193ms
2025/04/10 10:38:41 [GET] ::1 /v1/admin/pages/typenstatus/ 200 14.140483ms
2025/04/10 10:38:41 [GET] ::1 /v1/admin/checkauth 200 3.931756ms
2025/04/10 10:38:41 [GET] ::1 /v1/admin/pages/typenstatus/ 200 5.029743ms
2025/04/10 10:38:41 [GET] ::1 /v1/admin/checkauth 200 3.727222ms
2025/04/10 10:38:41 [GET] ::1 /v1/admin/pages/typenstatus/ 200 7.029783ms
2025/04/10 10:38:41 [GET] ::1 /v1/admin/checkauth 200 15.863585ms
2025/04/10 10:38:41 [GET] ::1 /v1/admin/pages/typenstatus/ 200 10.026651ms
2025/04/10 10:38:42 [GET] ::1 /v1/admin/checkauth 200 5.424911ms
2025/04/10 10:38:42 [GET] ::1 /v1/admin/pages/typenstatus/ 200 4.49024ms
2025/04/10 10:38:42 [GET] ::1 /v1/admin/checkauth 200 5.306721ms
2025/04/10 10:38:42 [GET] ::1 /v1/admin/pages/count/type/1 200 16.35608ms
2025/04/10 10:38:42 [GET] ::1 /v1/admin/checkauth 200 4.062455ms
2025/04/10 10:38:42 [GET] ::1 /v1/admin/pages/count/type/1 200 8.441868ms
2025/04/10 10:38:43 [GET] ::1 /v1/admin/checkauth 200 2.62436ms
2025/04/10 10:38:43 [GET] ::1 /v1/admin/pages/count/typenstatus/ 200 5.138043ms
2025/04/10 10:38:43 [GET] ::1 /v1/admin/checkauth 200 4.076535ms
2025/04/10 10:38:43 [GET] ::1 /v1/admin/pages/count/typenstatus/ 200 6.714213ms
2025/04/10 10:38:43 [GET] ::1 /v1/admin/checkauth 200 4.092808ms
2025/04/10 10:38:43 [GET] ::1 /v1/admin/pages/count/typenstatus/ 200 5.742612ms
2025/04/10 10:38:44 [GET] ::1 /v1/admin/checkauth 200 3.058733ms
2025/04/10 10:38:44 [GET] ::1 /v1/admin/pages/count/typenstatus/ 200 7.260395ms
2025/04/10 10:38:44 [GET] ::1 /v1/admin/checkauth 200 2.889802ms
2025/04/10 10:38:44 [GET] ::1 /v1/admin/pages/count/typenstatus/ 200 6.00431ms
2025/04/10 10:38:44 [GET] ::1 /v1/admin/checkauth 200 3.884541ms
2025/04/10 10:38:44 [GET] ::1 /v1/admin/pages/count/typenstatus/ 200 8.76022ms
2025/04/10 10:38:44 [GET] ::1 /v1/admin/checkauth 200 5.58011ms
2025/04/10 10:38:45 [GET] ::1 /v1/admin/pages/count/typenstatus/ 200 6.038277ms
2025/04/10 10:38:45 [GET] ::1 /v1/admin/checkauth 200 6.476888ms
2025/04/10 10:38:45 [GET] ::1 /v1/admin/pages/count/typenstatus/ 200 6.984096ms
2025/04/10 10:40:04 [GET] ::1 /v1/checkstatus 200 5.000585ms
2025/04/10 10:40:04 [GET] ::1 /v1/config/key/homepage 200 10.325056ms
2025/04/10 10:40:04 [GET] ::1 /v1/admin/pages/desc/ 200 25.265869ms
2025/04/10 10:40:06 [GET] ::1 /v1/config 200 6.272364ms
2025/04/10 10:40:16 [GET] ::1 /v1/admin/checkauth 200 3.325315ms
2025/04/10 10:40:17 [GET] ::1 /v1/checkstatus 200 20.241µs
2025/04/10 10:40:17 [GET] ::1 /v1/config/key/homepage 200 2.155911ms
2025/04/10 10:40:17 [GET] ::1 /v1/admin/pages/desc/ 200 8.694607ms
2025/04/10 10:40:20 [GET] ::1 /v1/config 200 3.077497ms
2025/04/10 10:45:31 [GET] ::1 /v1/admin/checkauth 200 12.11923ms
2025/04/10 10:45:33 [GET] ::1 /v1/admin/checkauth 200 3.480707ms
2025/04/10 15:55:32 [GET] ::1 /v1/admin/checkauth 200 359.777823ms
2025/04/10 15:55:37 [GET] ::1 /v1/component 200 59.476132ms
2025/04/10 15:55:37 [GET] ::1 /v1/component 200 9.321013ms
2025/04/10 16:00:32 [GET] ::1 /v1/checkstatus 200 696.648µs
2025/04/10 16:00:33 [GET] ::1 /v1/config/key/homepage 200 34.289487ms
2025/04/10 16:00:33 [GET] ::1 /v1/admin/pages/desc/ 200 29.551766ms
2025/04/10 16:00:35 [GET] ::1 /v1/component 200 5.059104ms
2025/04/10 16:00:35 [GET] ::1 /v1/config 200 9.414987ms
2025/04/10 16:00:36 [GET] ::1 /v1/image/23 200 13.65828ms
2025/04/10 16:00:36 [GET] ::1 /v1/image/23 200 4.176875ms
2025/04/10 16:01:12 [GET] ::1 /v1/image/23 200 5.734509ms
2025/04/10 16:01:12 [GET] ::1 /v1/image/23 200 4.210813ms
2025/04/10 16:01:20 [GET] ::1 /v1/admin/checkauth 200 9.885599ms
2025/04/10 16:01:20 [GET] ::1 /v1/checkstatus 200 16.662µs
2025/04/10 16:01:23 [GET] ::1 /v1/checkstatus 200 35.385µs
2025/04/10 16:01:23 [GET] ::1 /v1/config/key/homepage 200 4.994436ms
2025/04/10 16:01:23 [GET] ::1 /v1/admin/pages/desc/ 200 19.002477ms
2025/04/10 16:01:23 [GET] ::1 /v1/admin/checkauth 200 6.719386ms
2025/04/10 16:01:24 [GET] ::1 /v1/admin/checkauth 200 3.08902ms
2025/04/10 16:01:25 [GET] ::1 /v1/admin/checkauth 200 3.670101ms
2025/04/10 16:01:25 [GET] ::1 /v1/config 200 6.68092ms
2025/04/10 16:01:25 [GET] ::1 /v1/checkstatus 200 18.241µs
2025/04/10 16:01:25 [GET] ::1 /v1/config/key/homepage 200 5.357045ms
2025/04/10 16:01:26 [GET] ::1 /v1/admin/pages/desc/ 200 8.610714ms
2025/04/10 16:01:26 [GET] ::1 /v1/admin/checkauth 200 12.483067ms
2025/04/10 16:01:28 [GET] ::1 /v1/component 200 3.969959ms
2025/04/10 16:01:28 [GET] ::1 /v1/admin/checkauth 200 3.666249ms
2025/04/10 16:01:28 [GET] ::1 /v1/config 200 9.601449ms
2025/04/10 16:01:29 [GET] ::1 /v1/image/23 200 2.500431ms
2025/04/10 16:01:30 [GET] ::1 /v1/image/23 200 2.589098ms
2025/04/10 16:08:26 [GET] ::1 /v1/admin/checkauth 200 19.891154ms
2025/04/10 16:08:28 [GET] ::1 /v1/admin/checkauth 200 3.227884ms
2025/04/10 16:08:28 [GET] ::1 /v1/checkstatus 200 30.598µs
2025/04/10 16:08:28 [GET] ::1 /v1/config/key/homepage 200 8.497297ms
2025/04/10 16:08:28 [GET] ::1 /v1/admin/pages/desc/ 200 21.915754ms
2025/04/10 16:08:28 [GET] ::1 /v1/admin/pages/typenstatus/ 200 26.268053ms
2025/04/10 16:08:28 [GET] ::1 /v1/admin/checkauth 200 3.767335ms
2025/04/10 16:08:29 [GET] ::1 /v1/admin/pages/typenstatus/ 200 8.606374ms
2025/04/10 16:08:30 [GET] ::1 /v1/component 200 4.316725ms
2025/04/10 16:08:31 [GET] ::1 /v1/config 200 3.886639ms
2025/04/10 16:08:32 [GET] ::1 /v1/image/23 200 9.695043ms
2025/04/10 16:08:32 [GET] ::1 /v1/image/23 200 6.447374ms
2025/04/10 16:08:32 [GET] ::1 /v1/admin/checkauth 200 4.890495ms
2025/04/10 16:08:33 [PUT] ::1 /v1/admin/configs/23 200 67.082286ms
2025/04/10 16:08:37 [GET] ::1 /v1/admin/checkauth 200 4.707466ms
2025/04/10 16:08:38 [GET] ::1 /v1/checkstatus 200 36.411µs
2025/04/10 16:08:38 [GET] ::1 /v1/config/key/homepage 200 4.335401ms
2025/04/10 16:08:38 [GET] ::1 /v1/admin/pages/id/1 200 9.64262ms
2025/04/10 16:08:40 [GET] ::1 /v1/component 200 2.187505ms
2025/04/10 16:08:40 [GET] ::1 /v1/config 200 3.30224ms
2025/04/10 16:08:41 [GET] ::1 /v1/image/23 200 3.252178ms
2025/04/10 16:08:41 [GET] ::1 /v1/image/23 200 4.01996ms
2025/04/10 16:09:33 [GET] ::1 /v1/admin/checkauth 200 13.693098ms
2025/04/10 16:09:34 [GET] ::1 /v1/checkstatus 200 18.825µs
2025/04/10 16:09:36 [GET] ::1 /v1/checkstatus 200 19.046µs
2025/04/10 16:09:36 [GET] ::1 /v1/config/key/homepage 200 7.351433ms
2025/04/10 16:09:36 [GET] ::1 /v1/admin/pages/id/1 200 11.285304ms
2025/04/10 16:09:37 [GET] ::1 /v1/admin/checkauth 200 10.242338ms
2025/04/10 16:09:38 [GET] ::1 /v1/admin/checkauth 200 7.040023ms
2025/04/10 16:09:38 [GET] ::1 /v1/admin/checkauth 200 3.264825ms
2025/04/10 16:09:38 [GET] ::1 /v1/config 200 2.415519ms
2025/04/10 16:09:38 [GET] ::1 /v1/checkstatus 200 20.877µs
2025/04/10 16:09:38 [GET] ::1 /v1/config/key/homepage 200 2.048394ms
2025/04/10 16:09:38 [GET] ::1 /v1/admin/pages/id/1 200 11.040545ms
2025/04/10 16:09:39 [GET] ::1 /v1/admin/checkauth 200 4.987613ms
2025/04/10 16:09:40 [GET] ::1 /v1/admin/checkauth 200 6.313364ms
2025/04/10 16:09:41 [GET] ::1 /v1/component 200 7.136343ms
2025/04/10 16:09:42 [GET] ::1 /v1/config 200 2.518653ms
2025/04/10 16:09:42 [GET] ::1 /v1/image/23 200 3.450943ms
2025/04/10 16:09:43 [GET] ::1 /v1/image/23 200 3.620035ms
2025/04/10 20:10:19 [GET] ::1 /v1/checkstatus 200 3.157782ms
2025/04/10 20:10:19 [GET] ::1 /v1/config/key/homepage 200 48.460853ms
2025/04/10 20:10:19 [GET] ::1 /v1/admin/pages/id/1 200 7.76211ms
2025/04/10 20:10:20 [GET] ::1 /v1/component 200 3.569736ms
2025/04/10 20:10:21 [GET] ::1 /v1/config 200 2.246376ms
2025/04/10 20:10:21 [GET] ::1 /v1/image/23 200 3.552173ms
2025/04/10 20:10:21 [GET] ::1 /v1/image/23 200 3.130856ms
2025/04/10 20:14:09 [GET] ::1 /v1/component 200 8.765725ms
2025/04/10 20:14:09 [GET] ::1 /v1/component 200 3.076161ms
2025/04/10 20:14:10 [GET] ::1 /v1/component 200 2.009108ms
2025/04/10 20:14:10 [GET] ::1 /v1/component 200 6.673167ms
2025/04/10 20:14:19 [GET] ::1 /v1/checkstatus 200 29.977µs
2025/04/10 20:14:19 [GET] ::1 /v1/config/key/homepage 200 5.843321ms
2025/04/10 20:14:19 [GET] ::1 /v1/admin/pages/id/1 200 9.077619ms
2025/04/10 20:14:20 [GET] ::1 /v1/config 200 2.068739ms
2025/04/10 20:14:20 [GET] ::1 /v1/component 200 3.593222ms
2025/04/10 20:14:21 [GET] ::1 /v1/component 200 2.263844ms
2025/04/10 20:15:26 [GET] ::1 /v1/image/23 200 8.865729ms
2025/04/10 20:15:26 [GET] ::1 /v1/image/23 200 2.704627ms
2025/04/10 20:15:27 [GET] ::1 /v1/image/23 200 1.755433ms
2025/04/10 20:15:27 [GET] ::1 /v1/image/23 200 3.867395ms
2025/04/10 20:15:30 [GET] ::1 /v1/checkstatus 200 15.893µs
2025/04/10 20:15:30 [GET] ::1 /v1/config/key/homepage 200 3.198704ms
2025/04/10 20:15:30 [GET] ::1 /v1/admin/pages/id/1 200 8.176935ms
2025/04/10 20:15:32 [GET] ::1 /v1/config 200 3.890872ms
2025/04/10 20:15:33 [GET] ::1 /v1/component 200 2.095481ms
2025/04/10 20:15:33 [GET] ::1 /v1/component 200 4.357377ms
2025/04/10 20:17:32 [GET] ::1 /v1/component 200 5.651774ms
2025/04/10 20:17:32 [GET] ::1 /v1/component 200 2.919432ms
2025/04/10 20:17:33 [GET] ::1 /v1/image/23 200 8.165742ms
2025/04/10 20:17:33 [GET] ::1 /v1/image/23 200 2.092631ms
2025/04/10 20:17:33 [GET] ::1 /v1/image/23 200 2.234301ms
2025/04/10 20:17:33 [GET] ::1 /v1/image/23 200 3.776497ms
2025/04/10 20:17:35 [GET] ::1 /v1/checkstatus 200 18.263µs
2025/04/10 20:17:35 [GET] ::1 /v1/config/key/homepage 200 4.519144ms
2025/04/10 20:17:35 [GET] ::1 /v1/admin/pages/id/1 200 9.397832ms
2025/04/10 20:17:37 [GET] ::1 /v1/config 200 2.128675ms
2025/04/10 20:17:37 [GET] ::1 /v1/component 200 2.289859ms
2025/04/10 20:17:38 [GET] ::1 /v1/component 200 1.978486ms
2025/04/10 20:17:38 [GET] ::1 /v1/image/23 200 1.878214ms
2025/04/10 20:17:38 [GET] ::1 /v1/image/23 200 2.024228ms
2025/04/10 20:19:02 [GET] ::1 /v1/component 200 7.108437ms
2025/04/10 20:19:02 [GET] ::1 /v1/component 200 5.218345ms
2025/04/10 20:19:08 [GET] ::1 /v1/checkstatus 200 32.21µs
2025/04/10 20:19:08 [GET] ::1 /v1/config/key/homepage 200 4.186859ms
2025/04/10 20:19:08 [GET] ::1 /v1/admin/pages/id/1 200 10.743208ms
2025/04/10 20:19:10 [GET] ::1 /v1/config 200 1.870877ms
2025/04/10 20:19:10 [GET] ::1 /v1/component 200 2.009922ms
2025/04/10 20:19:10 [GET] ::1 /v1/component 200 2.377517ms
2025/04/10 20:19:27 [GET] ::1 /v1/component 200 3.727773ms
2025/04/10 20:19:27 [GET] ::1 /v1/component 200 3.169545ms
2025/04/10 20:19:28 [GET] ::1 /v1/image/23 200 3.823208ms
2025/04/10 20:19:28 [GET] ::1 /v1/image/23 200 3.122277ms
2025/04/10 20:19:28 [GET] ::1 /v1/image/23 200 3.046428ms
2025/04/10 20:19:28 [GET] ::1 /v1/image/23 200 3.180064ms
2025/04/10 20:19:39 [GET] ::1 /v1/checkstatus 200 35.251µs
2025/04/10 20:19:39 [GET] ::1 /v1/config/key/homepage 200 3.017763ms
2025/04/10 20:19:39 [GET] ::1 /v1/admin/pages/id/1 200 8.877891ms
2025/04/10 20:19:41 [GET] ::1 /v1/component 200 3.545356ms
2025/04/10 20:19:41 [GET] ::1 /v1/config 200 2.038201ms
2025/04/10 20:19:41 [GET] ::1 /v1/image/23 200 2.17911ms
2025/04/10 20:20:14 [GET] ::1 /v1/component 200 6.616789ms
2025/04/10 20:20:14 [GET] ::1 /v1/component 200 2.705696ms
2025/04/10 20:20:14 [GET] ::1 /v1/image/23 200 3.521842ms
2025/04/10 20:20:14 [GET] ::1 /v1/image/23 200 4.499021ms
2025/04/10 20:20:15 [GET] ::1 /v1/image/23 200 1.938973ms
2025/04/10 20:20:15 [GET] ::1 /v1/image/23 200 1.702056ms
2025/04/10 20:20:18 [GET] ::1 /v1/checkstatus 200 18.048µs
2025/04/10 20:20:18 [GET] ::1 /v1/config/key/homepage 200 3.430396ms
2025/04/10 20:20:18 [GET] ::1 /v1/admin/pages/id/1 200 12.128179ms
2025/04/10 20:20:20 [GET] ::1 /v1/component 200 1.755652ms
2025/04/10 20:20:20 [GET] ::1 /v1/config 200 2.657644ms
2025/04/10 20:20:20 [GET] ::1 /v1/image/23 200 3.012852ms
2025/04/10 20:20:50 [GET] ::1 /v1/checkstatus 200 33.309µs
2025/04/10 20:20:50 [GET] ::1 /v1/config/key/homepage 200 2.00602ms
2025/04/10 20:20:50 [GET] ::1 /v1/admin/pages/id/1 200 5.414728ms
2025/04/10 20:20:52 [GET] ::1 /v1/component 200 2.472086ms
2025/04/10 20:20:52 [GET] ::1 /v1/config 200 6.560651ms
2025/04/10 20:20:53 [GET] ::1 /v1/image/23 200 1.961721ms
2025/04/10 20:22:04 [GET] ::1 /v1/component 200 10.911956ms
2025/04/10 20:22:04 [GET] ::1 /v1/component 200 5.069975ms
2025/04/10 20:22:22 [GET] ::1 /v1/checkstatus 200 48.961µs
2025/04/10 20:22:22 [GET] ::1 /v1/config/key/homepage 200 4.756656ms
2025/04/10 20:22:22 [GET] ::1 /v1/admin/pages/id/1 200 5.13257ms
2025/04/10 20:22:23 [GET] ::1 /v1/component 200 2.193321ms
2025/04/10 20:22:23 [GET] ::1 /v1/config 200 1.633687ms
2025/04/10 20:22:24 [GET] ::1 /v1/image/23 200 2.196542ms
2025/04/10 20:22:24 [GET] ::1 /v1/image/23 200 1.529638ms
2025/04/10 20:22:29 [GET] ::1 /v1/checkstatus 200 29.668µs
2025/04/10 20:22:29 [GET] ::1 /v1/config/key/homepage 200 3.904455ms
2025/04/10 20:22:29 [GET] ::1 /v1/admin/pages/id/1 200 7.686531ms
2025/04/10 20:22:30 [GET] ::1 /v1/component 200 2.255409ms
2025/04/10 20:22:30 [GET] ::1 /v1/config 200 1.985059ms
2025/04/10 20:22:31 [GET] ::1 /v1/image/23 200 1.602374ms
2025/04/10 20:22:31 [GET] ::1 /v1/image/23 200 3.490724ms
