2025/03/19 07:51:35 [GET] ::1 /v1/admin/checkauth 200 293.97649ms
2025/03/19 07:51:37 [GET] ::1 /v1/config/key/header_siteidentify 200 9.828087ms
2025/03/19 07:51:37 [GET] ::1 /v1/checkstatus 200 75.421µs
2025/03/19 07:51:37 [GET] ::1 /v1/image/23 200 9.094079ms
2025/03/19 07:51:38 [GET] ::1 /v1/admin/checkauth 200 4.416204ms
2025/03/19 07:51:39 [GET] ::1 /v1/admin/menu_locations 200 10.147347ms
2025/03/19 07:51:39 [GET] ::1 /v1/admin/checkauth 200 5.050837ms
2025/03/19 07:51:39 [GET] ::1 /v1/admin/menus 200 9.233988ms
2025/03/19 07:51:39 [GET] ::1 /v1/admin/checkauth 200 2.740858ms
2025/03/19 07:51:39 [GET] ::1 /v1/admin/images 200 4.972944ms
2025/03/19 07:51:39 [GET] ::1 /v1/admin/checkauth 200 3.034104ms
2025/03/19 07:51:39 [GET] ::1 /v1/component 200 5.728293ms
2025/03/19 07:51:39 [GET] ::1 /v1/admin/checkauth 200 3.820796ms
2025/03/19 07:51:39 [GET] ::1 /v1/config 200 2.189571ms
2025/03/19 07:51:39 [GET] ::1 /v1/admin/checkauth 200 1.726212ms
2025/03/19 07:51:39 [GET] ::1 /v1/admin/pages/typenstatus/ 200 14.0579ms
2025/03/19 07:51:39 [GET] ::1 /v1/admin/checkauth 200 3.610841ms
2025/03/19 07:51:39 [GET] ::1 /v1/admin/pages/typenstatus/ 200 6.318629ms
2025/03/19 07:51:39 [GET] ::1 /v1/admin/checkauth 200 3.003304ms
2025/03/19 07:51:39 [GET] ::1 /v1/admin/categories/type/1 200 7.75287ms
2025/03/19 07:51:39 [GET] ::1 /v1/admin/checkauth 200 1.953647ms
2025/03/19 07:51:39 [GET] ::1 /v1/admin/pages/typenstatus/ 200 4.835022ms
2025/03/19 07:51:39 [GET] ::1 /v1/admin/checkauth 200 2.108761ms
2025/03/19 07:51:39 [GET] ::1 /v1/admin/pages/typenstatus/ 200 7.250623ms
2025/03/19 07:51:39 [GET] ::1 /v1/admin/checkauth 200 3.67709ms
2025/03/19 07:51:39 [GET] ::1 /v1/admin/pages/typenstatus/ 200 5.664174ms
2025/03/19 07:51:39 [GET] ::1 /v1/admin/checkauth 200 2.161018ms
2025/03/19 07:51:39 [GET] ::1 /v1/admin/pages/typenstatus/ 200 4.494347ms
2025/03/19 07:51:39 [GET] ::1 /v1/admin/checkauth 200 1.915774ms
2025/03/19 07:51:40 [GET] ::1 /v1/admin/categories/type/1 200 4.822268ms
2025/03/19 07:51:40 [GET] ::1 /v1/admin/checkauth 200 3.867834ms
2025/03/19 07:51:40 [GET] ::1 /v1/admin/pages/typenstatus/ 200 5.926463ms
2025/03/19 07:51:40 [GET] ::1 /v1/admin/checkauth 200 2.056406ms
2025/03/19 07:51:40 [GET] ::1 /v1/admin/pages/typenstatus/ 200 4.86214ms
2025/03/19 07:51:40 [GET] ::1 /v1/admin/checkauth 200 2.361709ms
2025/03/19 07:51:40 [GET] ::1 /v1/admin/pagecategories 200 6.429854ms
2025/03/19 07:51:40 [GET] ::1 /v1/admin/checkauth 200 3.50554ms
2025/03/19 07:51:40 [GET] ::1 /v1/admin/pagecategories 200 7.789352ms
2025/03/19 08:07:45 [GET] ::1 /v1/admin/checkauth 200 24.313652ms
2025/03/19 08:07:45 [GET] ::1 /v1/admin/checkauth 200 5.036291ms
2025/03/19 08:07:45 [GET] ::1 /v1/config/key/header_siteidentify 200 2.464532ms
2025/03/19 08:07:45 [GET] ::1 /v1/checkstatus 200 35.349µs
2025/03/19 08:07:45 [GET] ::1 /v1/image/23 200 3.756684ms
2025/03/19 08:07:46 [GET] ::1 /v1/admin/checkauth 200 5.99036ms
2025/03/19 08:07:47 [GET] ::1 /v1/admin/menu_locations 200 6.40347ms
2025/03/19 08:07:47 [GET] ::1 /v1/admin/checkauth 200 2.813126ms
2025/03/19 08:07:47 [GET] ::1 /v1/admin/menus 200 5.733464ms
2025/03/19 08:07:47 [GET] ::1 /v1/admin/checkauth 200 3.032435ms
2025/03/19 08:07:47 [GET] ::1 /v1/admin/images 200 6.101769ms
2025/03/19 08:07:47 [GET] ::1 /v1/admin/checkauth 200 5.565544ms
2025/03/19 08:07:47 [GET] ::1 /v1/component 200 1.819301ms
2025/03/19 08:07:47 [GET] ::1 /v1/admin/checkauth 200 2.697581ms
2025/03/19 08:07:47 [GET] ::1 /v1/config 200 2.140398ms
2025/03/19 08:07:47 [GET] ::1 /v1/admin/checkauth 200 5.507752ms
2025/03/19 08:07:47 [GET] ::1 /v1/admin/pages/typenstatus/ 200 5.399108ms
2025/03/19 08:07:47 [GET] ::1 /v1/admin/checkauth 200 2.501478ms
2025/03/19 08:07:47 [GET] ::1 /v1/admin/pages/typenstatus/ 200 3.774701ms
2025/03/19 08:07:47 [GET] ::1 /v1/admin/checkauth 200 2.251231ms
2025/03/19 08:07:47 [GET] ::1 /v1/admin/categories/type/1 200 4.979991ms
2025/03/19 08:07:47 [GET] ::1 /v1/admin/checkauth 200 3.331319ms
2025/03/19 08:07:47 [GET] ::1 /v1/admin/pages/typenstatus/ 200 6.505829ms
2025/03/19 08:07:47 [GET] ::1 /v1/admin/checkauth 200 2.006202ms
2025/03/19 08:07:47 [GET] ::1 /v1/admin/pages/typenstatus/ 200 3.852109ms
2025/03/19 08:07:47 [GET] ::1 /v1/admin/checkauth 200 1.60142ms
2025/03/19 08:07:47 [GET] ::1 /v1/admin/pages/typenstatus/ 200 4.993663ms
2025/03/19 08:07:47 [GET] ::1 /v1/admin/checkauth 200 4.842909ms
2025/03/19 08:07:48 [GET] ::1 /v1/admin/pages/typenstatus/ 200 5.455091ms
2025/03/19 08:07:48 [GET] ::1 /v1/admin/checkauth 200 2.956745ms
2025/03/19 08:07:48 [GET] ::1 /v1/admin/categories/type/1 200 4.1303ms
2025/03/19 08:07:48 [GET] ::1 /v1/admin/checkauth 200 1.742527ms
2025/03/19 08:07:48 [GET] ::1 /v1/admin/pages/typenstatus/ 200 5.709352ms
2025/03/19 08:07:48 [GET] ::1 /v1/admin/checkauth 200 4.19288ms
2025/03/19 08:07:48 [GET] ::1 /v1/admin/pages/typenstatus/ 200 5.800964ms
2025/03/19 08:07:48 [GET] ::1 /v1/admin/checkauth 200 4.247628ms
2025/03/19 08:07:48 [GET] ::1 /v1/admin/pagecategories 200 5.121753ms
2025/03/19 08:07:48 [GET] ::1 /v1/admin/checkauth 200 1.818257ms
2025/03/19 08:07:48 [GET] ::1 /v1/admin/pagecategories 200 4.14563ms
2025/03/19 08:07:54 [GET] ::1 /v1/admin/checkauth 200 4.215293ms
2025/03/19 08:07:54 [GET] ::1 /v1/checkstatus 200 16.117µs
2025/03/19 08:07:55 [GET] ::1 /v1/admin/checkauth 200 2.745244ms
2025/03/19 08:07:55 [GET] ::1 /v1/admin/menu_locations 200 4.124642ms
2025/03/19 08:07:55 [GET] ::1 /v1/admin/checkauth 200 3.434627ms
2025/03/19 08:07:56 [GET] ::1 /v1/admin/menus 200 5.701685ms
2025/03/19 08:07:56 [GET] ::1 /v1/admin/checkauth 200 5.075566ms
2025/03/19 08:07:56 [GET] ::1 /v1/admin/images 200 6.52506ms
2025/03/19 08:07:56 [GET] ::1 /v1/admin/checkauth 200 2.635511ms
2025/03/19 08:07:56 [GET] ::1 /v1/component 200 1.699453ms
2025/03/19 08:07:56 [GET] ::1 /v1/admin/checkauth 200 1.762283ms
2025/03/19 08:07:56 [GET] ::1 /v1/config 200 2.545829ms
2025/03/19 08:07:56 [GET] ::1 /v1/admin/checkauth 200 3.444227ms
2025/03/19 08:07:56 [GET] ::1 /v1/admin/pages/typenstatus/ 200 6.465509ms
2025/03/19 08:07:56 [GET] ::1 /v1/admin/checkauth 200 2.72904ms
2025/03/19 08:07:56 [GET] ::1 /v1/admin/pages/typenstatus/ 200 4.607684ms
2025/03/19 08:07:56 [GET] ::1 /v1/admin/checkauth 200 2.385346ms
2025/03/19 08:07:56 [GET] ::1 /v1/admin/categories/type/1 200 6.721699ms
2025/03/19 08:07:56 [GET] ::1 /v1/admin/checkauth 200 1.977608ms
2025/03/19 08:07:56 [GET] ::1 /v1/admin/pages/typenstatus/ 200 6.135735ms
2025/03/19 08:07:56 [GET] ::1 /v1/admin/checkauth 200 2.661789ms
2025/03/19 08:07:56 [GET] ::1 /v1/admin/pages/typenstatus/ 200 4.582053ms
2025/03/19 08:07:56 [GET] ::1 /v1/admin/checkauth 200 2.280125ms
2025/03/19 08:07:56 [GET] ::1 /v1/admin/pages/typenstatus/ 200 4.590909ms
2025/03/19 08:07:56 [GET] ::1 /v1/admin/checkauth 200 3.024126ms
2025/03/19 08:07:56 [GET] ::1 /v1/admin/pages/typenstatus/ 200 3.825052ms
2025/03/19 08:07:56 [GET] ::1 /v1/admin/checkauth 200 2.782538ms
2025/03/19 08:07:56 [GET] ::1 /v1/admin/categories/type/1 200 4.266996ms
2025/03/19 08:07:56 [GET] ::1 /v1/admin/checkauth 200 1.795868ms
2025/03/19 08:07:56 [GET] ::1 /v1/admin/pages/typenstatus/ 200 4.447343ms
2025/03/19 08:07:56 [GET] ::1 /v1/admin/checkauth 200 2.50026ms
2025/03/19 08:07:56 [GET] ::1 /v1/admin/pages/typenstatus/ 200 3.872839ms
2025/03/19 08:07:56 [GET] ::1 /v1/admin/checkauth 200 2.896399ms
2025/03/19 08:07:56 [GET] ::1 /v1/admin/pagecategories 200 4.646081ms
2025/03/19 08:07:57 [GET] ::1 /v1/admin/checkauth 200 3.25954ms
2025/03/19 08:07:57 [GET] ::1 /v1/admin/pagecategories 200 7.068424ms
2025/03/19 08:18:01 [GET] ::1 /v1/admin/checkauth 200 6.166886ms
2025/03/19 08:18:01 [GET] ::1 /v1/config/key/header_siteidentify 200 2.071907ms
2025/03/19 08:18:01 [GET] ::1 /v1/checkstatus 200 52.208µs
2025/03/19 08:18:01 [GET] ::1 /v1/image/23 200 3.145255ms
2025/03/19 08:18:02 [GET] ::1 /v1/admin/checkauth 200 2.687453ms
2025/03/19 08:18:02 [GET] ::1 /v1/admin/menu_locations 200 6.579988ms
2025/03/19 08:18:02 [GET] ::1 /v1/admin/checkauth 200 2.855166ms
2025/03/19 08:18:02 [GET] ::1 /v1/admin/menus 200 6.816414ms
2025/03/19 08:18:02 [GET] ::1 /v1/admin/checkauth 200 2.282333ms
2025/03/19 08:18:03 [GET] ::1 /v1/admin/images 200 4.600524ms
2025/03/19 08:18:03 [GET] ::1 /v1/admin/checkauth 200 2.002201ms
2025/03/19 08:18:03 [GET] ::1 /v1/component 200 2.106649ms
2025/03/19 08:18:03 [GET] ::1 /v1/admin/checkauth 200 3.306386ms
2025/03/19 08:18:03 [GET] ::1 /v1/config 200 3.769603ms
2025/03/19 08:18:03 [GET] ::1 /v1/admin/checkauth 200 3.219796ms
2025/03/19 08:18:03 [GET] ::1 /v1/admin/pages/typenstatus/ 200 5.923978ms
2025/03/19 08:18:03 [GET] ::1 /v1/admin/checkauth 200 2.015822ms
2025/03/19 08:18:03 [GET] ::1 /v1/admin/pages/typenstatus/ 200 4.349988ms
2025/03/19 08:18:03 [GET] ::1 /v1/admin/checkauth 200 2.334991ms
2025/03/19 08:18:03 [GET] ::1 /v1/admin/categories/type/1 200 5.05734ms
2025/03/19 08:18:03 [GET] ::1 /v1/admin/checkauth 200 2.166201ms
2025/03/19 08:18:03 [GET] ::1 /v1/admin/pages/typenstatus/ 200 6.21307ms
2025/03/19 08:18:03 [GET] ::1 /v1/admin/checkauth 200 2.471499ms
2025/03/19 08:18:03 [GET] ::1 /v1/admin/pages/typenstatus/ 200 7.618202ms
2025/03/19 08:18:03 [GET] ::1 /v1/admin/checkauth 200 2.437111ms
2025/03/19 08:18:03 [GET] ::1 /v1/admin/pages/typenstatus/ 200 4.76493ms
2025/03/19 08:18:03 [GET] ::1 /v1/admin/checkauth 200 2.112924ms
2025/03/19 08:18:03 [GET] ::1 /v1/admin/pages/typenstatus/ 200 4.14575ms
2025/03/19 08:18:03 [GET] ::1 /v1/admin/checkauth 200 1.906021ms
2025/03/19 08:18:03 [GET] ::1 /v1/admin/categories/type/1 200 4.163824ms
2025/03/19 08:18:03 [GET] ::1 /v1/admin/checkauth 200 3.259285ms
2025/03/19 08:18:03 [GET] ::1 /v1/admin/pages/typenstatus/ 200 4.179315ms
2025/03/19 08:18:03 [GET] ::1 /v1/admin/checkauth 200 8.657554ms
2025/03/19 08:18:03 [GET] ::1 /v1/admin/pages/typenstatus/ 200 5.133708ms
2025/03/19 08:18:03 [GET] ::1 /v1/admin/checkauth 200 2.11043ms
2025/03/19 08:18:03 [GET] ::1 /v1/admin/pagecategories 200 4.96749ms
2025/03/19 08:18:03 [GET] ::1 /v1/admin/checkauth 200 1.876402ms
2025/03/19 08:18:04 [GET] ::1 /v1/admin/pagecategories 200 4.336201ms
2025/03/19 08:18:08 [GET] ::1 /v1/admin/checkauth 200 2.913072ms
2025/03/19 08:18:08 [GET] ::1 /v1/checkstatus 200 16.803µs
2025/03/19 08:22:03 [GET] ::1 /v1/admin/checkauth 200 6.218398ms
2025/03/19 08:22:07 [GET] ::1 /v1/config/key/header_siteidentify 200 2.298891ms
2025/03/19 08:22:07 [GET] ::1 /v1/checkstatus 200 32.184µs
2025/03/19 08:22:07 [GET] ::1 /v1/image/23 200 2.06648ms
2025/03/19 08:22:08 [GET] ::1 /v1/admin/checkauth 200 4.383532ms
2025/03/19 08:22:08 [GET] ::1 /v1/admin/images 200 5.173456ms
2025/03/19 08:22:08 [GET] ::1 /v1/admin/checkauth 200 1.674598ms
2025/03/19 08:22:08 [GET] ::1 /v1/component 200 1.311142ms
2025/03/19 08:22:08 [GET] ::1 /v1/admin/checkauth 200 3.537555ms
2025/03/19 08:22:08 [GET] ::1 /v1/config 200 1.743318ms
2025/03/19 08:22:14 [GET] ::1 /v1/admin/checkauth 200 5.642085ms
2025/03/19 08:22:15 [GET] ::1 /v1/admin/checkauth 200 9.337539ms
2025/03/19 08:22:15 [GET] ::1 /v1/admin/menu_locations 200 3.223578ms
2025/03/19 08:22:15 [GET] ::1 /v1/admin/checkauth 200 2.446163ms
2025/03/19 08:22:15 [GET] ::1 /v1/admin/menus 200 4.475769ms
2025/03/19 08:22:15 [GET] ::1 /v1/admin/checkauth 200 2.641344ms
2025/03/19 08:22:15 [GET] ::1 /v1/admin/menu_locations 200 3.328871ms
2025/03/19 08:22:15 [GET] ::1 /v1/admin/checkauth 200 2.133365ms
2025/03/19 08:22:15 [GET] ::1 /v1/admin/menus 200 3.075251ms
2025/03/19 08:22:15 [GET] ::1 /v1/admin/checkauth 200 2.224942ms
2025/03/19 08:22:15 [GET] ::1 /v1/admin/pages/typenstatus/ 200 4.106884ms
2025/03/19 08:22:15 [GET] ::1 /v1/admin/checkauth 200 3.213251ms
2025/03/19 08:22:15 [GET] ::1 /v1/admin/pages/typenstatus/ 200 3.915324ms
2025/03/19 08:22:15 [GET] ::1 /v1/admin/checkauth 200 2.129316ms
2025/03/19 08:22:15 [GET] ::1 /v1/admin/categories/type/1 200 3.433215ms
2025/03/19 08:22:15 [GET] ::1 /v1/admin/checkauth 200 1.683111ms
2025/03/19 08:22:15 [GET] ::1 /v1/admin/pages/typenstatus/ 200 4.179687ms
2025/03/19 08:22:15 [GET] ::1 /v1/admin/checkauth 200 2.648644ms
2025/03/19 08:22:15 [GET] ::1 /v1/admin/pages/typenstatus/ 200 5.730718ms
2025/03/19 08:22:15 [GET] ::1 /v1/admin/checkauth 200 3.206752ms
2025/03/19 08:22:15 [GET] ::1 /v1/admin/pages/typenstatus/ 200 3.702328ms
2025/03/19 08:22:15 [GET] ::1 /v1/admin/checkauth 200 2.929527ms
2025/03/19 08:22:15 [GET] ::1 /v1/admin/pages/typenstatus/ 200 4.09342ms
2025/03/19 08:22:15 [GET] ::1 /v1/admin/checkauth 200 3.193974ms
2025/03/19 08:22:15 [GET] ::1 /v1/admin/categories/type/1 200 3.299067ms
2025/03/19 08:22:15 [GET] ::1 /v1/admin/checkauth 200 2.413294ms
2025/03/19 08:22:15 [GET] ::1 /v1/admin/pages/typenstatus/ 200 4.040539ms
2025/03/19 08:22:15 [GET] ::1 /v1/admin/checkauth 200 3.311058ms
2025/03/19 08:22:16 [GET] ::1 /v1/admin/pages/typenstatus/ 200 3.553544ms
2025/03/19 08:22:16 [GET] ::1 /v1/admin/checkauth 200 2.278643ms
2025/03/19 08:22:16 [GET] ::1 /v1/admin/pagecategories 200 8.321974ms
2025/03/19 08:22:16 [GET] ::1 /v1/admin/checkauth 200 3.247105ms
2025/03/19 08:22:16 [GET] ::1 /v1/admin/pagecategories 200 3.63922ms
2025/03/19 08:23:29 [GET] ::1 /v1/admin/checkauth 200 7.646418ms
2025/03/19 08:23:29 [GET] ::1 /v1/checkstatus 200 37.633µs
2025/03/19 08:23:30 [GET] ::1 /v1/admin/checkauth 200 10.231546ms
2025/03/19 08:23:30 [GET] ::1 /v1/admin/menu_locations 200 4.571377ms
2025/03/19 08:23:30 [GET] ::1 /v1/admin/checkauth 200 4.540882ms
2025/03/19 08:23:30 [GET] ::1 /v1/admin/menus 200 7.152226ms
2025/03/19 08:23:30 [GET] ::1 /v1/admin/checkauth 200 5.011898ms
2025/03/19 08:23:30 [GET] ::1 /v1/admin/images 200 5.197174ms
2025/03/19 08:23:30 [GET] ::1 /v1/admin/checkauth 200 3.040176ms
2025/03/19 08:23:30 [GET] ::1 /v1/component 200 2.599522ms
2025/03/19 08:23:30 [GET] ::1 /v1/admin/checkauth 200 2.310322ms
2025/03/19 08:23:30 [GET] ::1 /v1/config 200 1.935081ms
2025/03/19 08:23:30 [GET] ::1 /v1/admin/checkauth 200 2.442241ms
2025/03/19 08:23:30 [GET] ::1 /v1/admin/pages/typenstatus/ 200 4.034334ms
2025/03/19 08:23:30 [GET] ::1 /v1/admin/checkauth 200 1.916983ms
2025/03/19 08:23:30 [GET] ::1 /v1/admin/pages/typenstatus/ 200 4.357953ms
2025/03/19 08:23:30 [GET] ::1 /v1/admin/checkauth 200 2.728962ms
2025/03/19 08:23:30 [GET] ::1 /v1/admin/categories/type/1 200 5.384153ms
2025/03/19 08:23:30 [GET] ::1 /v1/admin/checkauth 200 2.345954ms
2025/03/19 08:23:30 [GET] ::1 /v1/admin/pages/typenstatus/ 200 3.778436ms
2025/03/19 08:23:30 [GET] ::1 /v1/admin/checkauth 200 2.879094ms
2025/03/19 08:23:30 [GET] ::1 /v1/admin/pages/typenstatus/ 200 6.462542ms
2025/03/19 08:23:30 [GET] ::1 /v1/admin/checkauth 200 2.158962ms
2025/03/19 08:23:30 [GET] ::1 /v1/admin/pages/typenstatus/ 200 4.093778ms
2025/03/19 08:23:30 [GET] ::1 /v1/admin/checkauth 200 3.209311ms
2025/03/19 08:23:30 [GET] ::1 /v1/admin/pages/typenstatus/ 200 4.888104ms
2025/03/19 08:23:30 [GET] ::1 /v1/admin/checkauth 200 1.900432ms
2025/03/19 08:23:30 [GET] ::1 /v1/admin/categories/type/1 200 3.664188ms
2025/03/19 08:23:30 [GET] ::1 /v1/admin/checkauth 200 3.682531ms
2025/03/19 08:23:31 [GET] ::1 /v1/admin/pages/typenstatus/ 200 3.639098ms
2025/03/19 08:23:31 [GET] ::1 /v1/admin/checkauth 200 2.423706ms
2025/03/19 08:23:31 [GET] ::1 /v1/admin/pages/typenstatus/ 200 4.56904ms
2025/03/19 08:23:31 [GET] ::1 /v1/admin/checkauth 200 2.535866ms
2025/03/19 08:23:31 [GET] ::1 /v1/admin/pagecategories 200 3.558051ms
2025/03/19 08:23:31 [GET] ::1 /v1/admin/checkauth 200 2.039859ms
2025/03/19 08:23:31 [GET] ::1 /v1/admin/pagecategories 200 3.115531ms
2025/03/19 08:24:44 [GET] ::1 /v1/admin/checkauth 200 4.545992ms
2025/03/19 08:24:44 [GET] ::1 /v1/config/key/header_siteidentify 200 2.22592ms
2025/03/19 08:24:44 [GET] ::1 /v1/image/23 200 4.33536ms
2025/03/19 08:25:42 [GET] ::1 /v1/admin/checkauth 200 2.684912ms
2025/03/19 08:25:42 [GET] ::1 /v1/config/key/header_siteidentify 200 2.343732ms
2025/03/19 08:25:42 [GET] ::1 /v1/checkstatus 200 33.865µs
2025/03/19 08:25:42 [GET] ::1 /v1/image/23 200 2.047226ms
2025/03/19 08:25:49 [GET] ::1 /v1/admin/checkauth 200 6.689835ms
2025/03/19 08:25:49 [GET] ::1 /v1/checkstatus 200 33.187µs
2025/03/19 08:26:41 [GET] ::1 /v1/admin/checkauth 200 2.737378ms
2025/03/19 08:26:41 [GET] ::1 /v1/config/key/header_siteidentify 200 2.317384ms
2025/03/19 08:26:41 [GET] ::1 /v1/checkstatus 200 67.99µs
2025/03/19 08:26:41 [GET] ::1 /v1/image/23 200 1.880923ms
2025/03/19 08:26:42 [GET] ::1 /v1/admin/checkauth 200 3.067895ms
2025/03/19 08:26:42 [GET] ::1 /v1/admin/menu_locations 200 4.35628ms
2025/03/19 08:26:42 [GET] ::1 /v1/admin/checkauth 200 2.920095ms
2025/03/19 08:26:42 [GET] ::1 /v1/admin/menus 200 3.99124ms
2025/03/19 08:26:42 [GET] ::1 /v1/admin/checkauth 200 3.199983ms
2025/03/19 08:26:42 [GET] ::1 /v1/admin/images 200 3.820552ms
2025/03/19 08:26:42 [GET] ::1 /v1/admin/checkauth 200 1.540962ms
2025/03/19 08:26:42 [GET] ::1 /v1/component 200 2.382144ms
2025/03/19 08:26:42 [GET] ::1 /v1/admin/checkauth 200 2.380796ms
2025/03/19 08:26:42 [GET] ::1 /v1/config 200 2.048873ms
2025/03/19 08:26:42 [GET] ::1 /v1/admin/checkauth 200 3.865552ms
2025/03/19 08:26:42 [GET] ::1 /v1/admin/pages/typenstatus/ 200 6.810634ms
2025/03/19 08:26:42 [GET] ::1 /v1/admin/checkauth 200 2.649757ms
2025/03/19 08:26:42 [GET] ::1 /v1/admin/pages/typenstatus/ 200 3.8251ms
2025/03/19 08:26:42 [GET] ::1 /v1/admin/checkauth 200 5.569056ms
2025/03/19 08:26:42 [GET] ::1 /v1/admin/categories/type/1 200 5.50511ms
2025/03/19 08:26:42 [GET] ::1 /v1/admin/checkauth 200 2.698794ms
2025/03/19 08:26:42 [GET] ::1 /v1/admin/pages/typenstatus/ 200 4.701429ms
2025/03/19 08:26:42 [GET] ::1 /v1/admin/checkauth 200 2.40222ms
2025/03/19 08:26:42 [GET] ::1 /v1/admin/pages/typenstatus/ 200 4.150187ms
2025/03/19 08:26:42 [GET] ::1 /v1/admin/checkauth 200 2.48142ms
2025/03/19 08:26:42 [GET] ::1 /v1/admin/pages/typenstatus/ 200 5.538642ms
2025/03/19 08:26:42 [GET] ::1 /v1/admin/checkauth 200 2.113936ms
2025/03/19 08:26:43 [GET] ::1 /v1/admin/pages/typenstatus/ 200 4.232929ms
2025/03/19 08:26:43 [GET] ::1 /v1/admin/checkauth 200 2.665714ms
2025/03/19 08:26:43 [GET] ::1 /v1/admin/categories/type/1 200 4.445413ms
2025/03/19 08:26:43 [GET] ::1 /v1/admin/checkauth 200 2.937777ms
2025/03/19 08:26:43 [GET] ::1 /v1/admin/pages/typenstatus/ 200 5.472055ms
2025/03/19 08:26:43 [GET] ::1 /v1/admin/checkauth 200 2.92432ms
2025/03/19 08:26:43 [GET] ::1 /v1/admin/pages/typenstatus/ 200 3.851205ms
2025/03/19 08:26:43 [GET] ::1 /v1/admin/checkauth 200 2.282439ms
2025/03/19 08:26:43 [GET] ::1 /v1/admin/pagecategories 200 3.720834ms
2025/03/19 08:26:43 [GET] ::1 /v1/admin/checkauth 200 2.331547ms
2025/03/19 08:26:43 [GET] ::1 /v1/admin/pagecategories 200 9.29834ms
2025/03/19 08:32:30 [GET] ::1 /v1/admin/checkauth 200 5.076682ms
2025/03/19 08:32:30 [GET] ::1 /v1/config/key/header_siteidentify 200 2.603682ms
2025/03/19 08:32:30 [GET] ::1 /v1/checkstatus 200 32.031µs
2025/03/19 08:32:30 [GET] ::1 /v1/image/23 200 2.904761ms
2025/03/19 08:33:26 [GET] ::1 /v1/admin/checkauth 200 9.126954ms
2025/03/19 08:33:27 [GET] ::1 /v1/config/key/header_siteidentify 200 1.572182ms
2025/03/19 08:33:27 [GET] ::1 /v1/checkstatus 200 41.148µs
2025/03/19 08:33:27 [GET] ::1 /v1/image/23 200 2.049984ms
2025/03/19 08:39:47 [GET] ::1 /v1/admin/checkauth 200 8.167161ms
2025/03/19 08:39:47 [GET] ::1 /v1/checkstatus 200 14.976µs
2025/03/19 08:39:47 [GET] ::1 /v1/admin/checkauth 200 2.469585ms
2025/03/19 08:39:47 [GET] ::1 /v1/admin/images 200 6.296328ms
2025/03/19 08:39:47 [GET] ::1 /v1/admin/checkauth 200 1.539487ms
2025/03/19 08:39:47 [GET] ::1 /v1/component 200 2.20245ms
2025/03/19 08:39:47 [GET] ::1 /v1/admin/checkauth 200 2.605642ms
2025/03/19 08:39:47 [GET] ::1 /v1/config 200 2.236233ms
2025/03/19 08:39:52 [GET] ::1 /v1/admin/checkauth 200 5.799276ms
2025/03/19 08:39:52 [GET] ::1 /v1/config/key/header_siteidentify 200 1.436653ms
2025/03/19 08:39:52 [GET] ::1 /v1/image/23 200 1.631681ms
2025/03/19 08:39:52 [GET] ::1 /v1/admin/checkauth 200 4.662737ms
2025/03/19 08:39:52 [GET] ::1 /v1/admin/menu_locations 200 4.520254ms
2025/03/19 08:39:52 [GET] ::1 /v1/admin/checkauth 200 2.872068ms
2025/03/19 08:39:52 [GET] ::1 /v1/admin/menus 200 3.79362ms
2025/03/19 08:39:52 [GET] ::1 /v1/admin/checkauth 200 4.718324ms
2025/03/19 08:39:52 [GET] ::1 /v1/admin/menu_locations 200 3.236608ms
2025/03/19 08:39:52 [GET] ::1 /v1/admin/checkauth 200 4.431666ms
2025/03/19 08:39:52 [GET] ::1 /v1/admin/menus 200 4.009775ms
2025/03/19 08:39:52 [GET] ::1 /v1/admin/checkauth 200 4.970038ms
2025/03/19 08:39:52 [GET] ::1 /v1/admin/pages/typenstatus/ 200 6.28658ms
2025/03/19 08:39:52 [GET] ::1 /v1/admin/checkauth 200 3.786352ms
2025/03/19 08:39:52 [GET] ::1 /v1/admin/pages/typenstatus/ 200 5.597286ms
2025/03/19 08:39:52 [GET] ::1 /v1/admin/checkauth 200 4.013309ms
2025/03/19 08:39:52 [GET] ::1 /v1/admin/categories/type/1 200 3.803552ms
2025/03/19 08:39:52 [GET] ::1 /v1/admin/checkauth 200 2.596396ms
2025/03/19 08:39:52 [GET] ::1 /v1/admin/pages/typenstatus/ 200 5.087017ms
2025/03/19 08:39:52 [GET] ::1 /v1/admin/checkauth 200 1.969071ms
2025/03/19 08:39:52 [GET] ::1 /v1/admin/pages/typenstatus/ 200 5.457197ms
2025/03/19 08:39:52 [GET] ::1 /v1/admin/checkauth 200 1.907037ms
2025/03/19 08:39:52 [GET] ::1 /v1/admin/pages/typenstatus/ 200 6.657749ms
2025/03/19 08:39:52 [GET] ::1 /v1/admin/checkauth 200 3.182035ms
2025/03/19 08:39:53 [GET] ::1 /v1/admin/pages/typenstatus/ 200 5.036679ms
2025/03/19 08:39:53 [GET] ::1 /v1/admin/checkauth 200 3.438238ms
2025/03/19 08:39:53 [GET] ::1 /v1/admin/categories/type/1 200 3.632867ms
2025/03/19 08:39:53 [GET] ::1 /v1/admin/checkauth 200 2.358678ms
2025/03/19 08:39:53 [GET] ::1 /v1/admin/pages/typenstatus/ 200 7.12085ms
2025/03/19 08:39:53 [GET] ::1 /v1/admin/checkauth 200 4.3603ms
2025/03/19 08:39:53 [GET] ::1 /v1/admin/pages/typenstatus/ 200 4.234469ms
2025/03/19 08:39:53 [GET] ::1 /v1/admin/checkauth 200 1.78241ms
2025/03/19 08:39:53 [GET] ::1 /v1/admin/pagecategories 200 4.281499ms
2025/03/19 08:39:53 [GET] ::1 /v1/admin/checkauth 200 2.492321ms
2025/03/19 08:39:53 [GET] ::1 /v1/admin/pagecategories 200 3.570665ms
2025/03/19 08:49:07 [GET] ::1 /v1/admin/checkauth 200 98.989408ms
2025/03/19 08:49:07 [GET] ::1 /v1/config/key/header_siteidentify 200 3.050584ms
2025/03/19 08:49:07 [GET] ::1 /v1/image/23 200 3.719812ms
2025/03/19 09:04:11 [GET] ::1 /v1/admin/checkauth 200 6.72947ms
2025/03/19 09:04:11 [GET] ::1 /v1/config/key/header_siteidentify 200 4.032632ms
2025/03/19 09:04:11 [GET] ::1 /v1/checkstatus 200 41.038µs
2025/03/19 09:04:11 [GET] ::1 /v1/image/23 200 7.631806ms
2025/03/19 09:04:12 [GET] ::1 /v1/admin/checkauth 200 2.968461ms
2025/03/19 09:04:12 [GET] ::1 /v1/admin/menu_locations 200 6.587809ms
2025/03/19 09:04:12 [GET] ::1 /v1/admin/checkauth 200 2.973361ms
2025/03/19 09:04:12 [GET] ::1 /v1/admin/menus 200 9.045652ms
2025/03/19 09:04:12 [GET] ::1 /v1/admin/checkauth 200 2.414957ms
2025/03/19 09:04:12 [GET] ::1 /v1/admin/images 200 8.120263ms
2025/03/19 09:04:12 [GET] ::1 /v1/admin/checkauth 200 1.616994ms
2025/03/19 09:04:12 [GET] ::1 /v1/component 200 2.110181ms
2025/03/19 09:04:12 [GET] ::1 /v1/admin/checkauth 200 1.628028ms
2025/03/19 09:04:13 [GET] ::1 /v1/config 200 1.322528ms
2025/03/19 09:04:13 [GET] ::1 /v1/admin/checkauth 200 1.665649ms
2025/03/19 09:04:13 [GET] ::1 /v1/admin/pages/typenstatus/ 200 9.671982ms
2025/03/19 09:04:13 [GET] ::1 /v1/admin/checkauth 200 3.252556ms
2025/03/19 09:04:13 [GET] ::1 /v1/admin/pages/typenstatus/ 200 5.289631ms
2025/03/19 09:04:13 [GET] ::1 /v1/admin/checkauth 200 2.620499ms
2025/03/19 09:04:13 [GET] ::1 /v1/admin/categories/type/1 200 4.09501ms
2025/03/19 09:04:13 [GET] ::1 /v1/admin/checkauth 200 2.887787ms
2025/03/19 09:04:13 [GET] ::1 /v1/admin/pages/typenstatus/ 200 5.435942ms
2025/03/19 09:04:13 [GET] ::1 /v1/admin/checkauth 200 2.163324ms
2025/03/19 09:04:13 [GET] ::1 /v1/admin/pages/typenstatus/ 200 3.942079ms
2025/03/19 09:04:13 [GET] ::1 /v1/admin/checkauth 200 3.630852ms
2025/03/19 09:04:13 [GET] ::1 /v1/admin/pages/typenstatus/ 200 4.349572ms
2025/03/19 09:04:13 [GET] ::1 /v1/admin/checkauth 200 2.400084ms
2025/03/19 09:04:13 [GET] ::1 /v1/admin/pages/typenstatus/ 200 4.846517ms
2025/03/19 09:04:13 [GET] ::1 /v1/admin/checkauth 200 1.757296ms
2025/03/19 09:04:13 [GET] ::1 /v1/admin/categories/type/1 200 3.945674ms
2025/03/19 09:04:13 [GET] ::1 /v1/admin/checkauth 200 2.456217ms
2025/03/19 09:04:13 [GET] ::1 /v1/admin/pages/typenstatus/ 200 5.437733ms
2025/03/19 09:04:13 [GET] ::1 /v1/admin/checkauth 200 3.371114ms
2025/03/19 09:04:13 [GET] ::1 /v1/admin/pages/typenstatus/ 200 3.992931ms
2025/03/19 09:04:13 [GET] ::1 /v1/admin/checkauth 200 2.247936ms
2025/03/19 09:04:13 [GET] ::1 /v1/admin/pagecategories 200 3.493338ms
2025/03/19 09:04:13 [GET] ::1 /v1/admin/checkauth 200 2.373841ms
2025/03/19 09:04:13 [GET] ::1 /v1/admin/pagecategories 200 2.973225ms
2025/03/19 09:09:41 [GET] ::1 /v1/admin/checkauth 200 7.235549ms
2025/03/19 09:09:41 [GET] ::1 /v1/config/key/header_siteidentify 200 3.010882ms
2025/03/19 09:09:41 [GET] ::1 /v1/checkstatus 200 36.848µs
2025/03/19 09:09:41 [GET] ::1 /v1/image/23 200 2.651414ms
2025/03/19 09:09:42 [GET] ::1 /v1/admin/checkauth 200 2.439978ms
2025/03/19 09:09:43 [GET] ::1 /v1/admin/menu_locations 200 6.720194ms
2025/03/19 09:09:43 [GET] ::1 /v1/admin/checkauth 200 2.296244ms
2025/03/19 09:09:43 [GET] ::1 /v1/admin/menus 200 4.56843ms
2025/03/19 09:09:43 [GET] ::1 /v1/admin/checkauth 200 1.745926ms
2025/03/19 09:09:43 [GET] ::1 /v1/admin/images 200 4.020682ms
2025/03/19 09:09:43 [GET] ::1 /v1/admin/checkauth 200 4.188141ms
2025/03/19 09:09:43 [GET] ::1 /v1/component 200 1.958981ms
2025/03/19 09:09:43 [GET] ::1 /v1/admin/checkauth 200 2.639062ms
2025/03/19 09:09:43 [GET] ::1 /v1/config 200 1.731688ms
2025/03/19 09:09:43 [GET] ::1 /v1/admin/checkauth 200 2.275913ms
2025/03/19 09:09:43 [GET] ::1 /v1/admin/pages/typenstatus/ 200 7.627312ms
2025/03/19 09:09:43 [GET] ::1 /v1/admin/checkauth 200 3.13835ms
2025/03/19 09:09:43 [GET] ::1 /v1/admin/pages/typenstatus/ 200 3.978347ms
2025/03/19 09:09:43 [GET] ::1 /v1/admin/checkauth 200 7.455508ms
2025/03/19 09:09:43 [GET] ::1 /v1/admin/categories/type/1 200 4.964975ms
2025/03/19 09:09:43 [GET] ::1 /v1/admin/checkauth 200 2.369185ms
2025/03/19 09:09:43 [GET] ::1 /v1/admin/pages/typenstatus/ 200 6.190806ms
2025/03/19 09:09:43 [GET] ::1 /v1/admin/checkauth 200 6.510535ms
2025/03/19 09:09:43 [GET] ::1 /v1/admin/pages/typenstatus/ 200 6.228953ms
2025/03/19 09:09:43 [GET] ::1 /v1/admin/checkauth 200 1.677472ms
2025/03/19 09:09:43 [GET] ::1 /v1/admin/pages/typenstatus/ 200 4.973144ms
2025/03/19 09:09:44 [GET] ::1 /v1/admin/checkauth 200 4.152136ms
2025/03/19 09:09:44 [GET] ::1 /v1/admin/pages/typenstatus/ 200 4.510123ms
2025/03/19 09:09:44 [GET] ::1 /v1/admin/checkauth 200 2.709699ms
2025/03/19 09:09:44 [GET] ::1 /v1/admin/categories/type/1 200 5.768635ms
2025/03/19 09:09:44 [GET] ::1 /v1/admin/checkauth 200 3.06694ms
2025/03/19 09:09:44 [GET] ::1 /v1/admin/pages/typenstatus/ 200 3.812842ms
2025/03/19 09:09:44 [GET] ::1 /v1/admin/checkauth 200 2.080674ms
2025/03/19 09:09:44 [GET] ::1 /v1/admin/pages/typenstatus/ 200 4.732625ms
2025/03/19 09:09:44 [GET] ::1 /v1/admin/checkauth 200 2.358404ms
2025/03/19 09:09:44 [GET] ::1 /v1/admin/pagecategories 200 4.273427ms
2025/03/19 09:09:44 [GET] ::1 /v1/admin/checkauth 200 2.665669ms
2025/03/19 09:09:44 [GET] ::1 /v1/admin/pagecategories 200 4.21173ms
2025/03/19 09:18:33 [GET] ::1 /v1/admin/checkauth 200 6.101007ms
2025/03/19 09:18:34 [GET] ::1 /v1/config/key/header_siteidentify 200 2.452422ms
2025/03/19 09:18:34 [GET] ::1 /v1/image/23 200 2.787982ms
2025/03/19 09:18:34 [GET] ::1 /v1/admin/checkauth 200 2.5305ms
2025/03/19 09:18:37 [GET] ::1 /v1/admin/checkauth 200 2.432376ms
2025/03/19 09:18:37 [GET] ::1 /v1/checkstatus 200 43.152µs
2025/03/19 09:18:38 [GET] ::1 /v1/admin/checkauth 200 3.762085ms
2025/03/19 09:18:38 [GET] ::1 /v1/admin/menu_locations 200 5.282106ms
2025/03/19 09:18:38 [GET] ::1 /v1/admin/checkauth 200 7.450937ms
2025/03/19 09:18:38 [GET] ::1 /v1/admin/menus 200 8.29759ms
2025/03/19 09:18:38 [GET] ::1 /v1/admin/checkauth 200 2.410844ms
2025/03/19 09:18:38 [GET] ::1 /v1/admin/images 200 4.171679ms
2025/03/19 09:18:38 [GET] ::1 /v1/admin/checkauth 200 1.455826ms
2025/03/19 09:18:39 [GET] ::1 /v1/component 200 1.846887ms
2025/03/19 09:18:39 [GET] ::1 /v1/admin/checkauth 200 2.859903ms
2025/03/19 09:18:39 [GET] ::1 /v1/config 200 2.896412ms
2025/03/19 09:18:39 [GET] ::1 /v1/admin/checkauth 200 3.871656ms
2025/03/19 09:18:39 [GET] ::1 /v1/admin/pages/typenstatus/ 200 6.569358ms
2025/03/19 09:18:39 [GET] ::1 /v1/admin/checkauth 200 2.762004ms
2025/03/19 09:18:39 [GET] ::1 /v1/admin/pages/typenstatus/ 200 5.119974ms
2025/03/19 09:18:39 [GET] ::1 /v1/admin/checkauth 200 7.746344ms
2025/03/19 09:18:39 [GET] ::1 /v1/admin/categories/type/1 200 4.803138ms
2025/03/19 09:18:39 [GET] ::1 /v1/admin/checkauth 200 1.780585ms
2025/03/19 09:18:39 [GET] ::1 /v1/admin/pages/typenstatus/ 200 5.635759ms
2025/03/19 09:18:39 [GET] ::1 /v1/admin/checkauth 200 2.472449ms
2025/03/19 09:18:39 [GET] ::1 /v1/admin/pages/typenstatus/ 200 6.86571ms
2025/03/19 09:18:39 [GET] ::1 /v1/admin/checkauth 200 1.918422ms
2025/03/19 09:18:39 [GET] ::1 /v1/admin/pages/typenstatus/ 200 6.515464ms
2025/03/19 09:18:39 [GET] ::1 /v1/admin/checkauth 200 2.985634ms
2025/03/19 09:18:39 [GET] ::1 /v1/admin/pages/typenstatus/ 200 5.685939ms
2025/03/19 09:18:39 [GET] ::1 /v1/admin/checkauth 200 2.582129ms
2025/03/19 09:18:39 [GET] ::1 /v1/admin/categories/type/1 200 11.496459ms
2025/03/19 09:18:39 [GET] ::1 /v1/admin/checkauth 200 3.291111ms
2025/03/19 09:18:39 [GET] ::1 /v1/admin/pages/typenstatus/ 200 6.577425ms
2025/03/19 09:18:40 [GET] ::1 /v1/admin/checkauth 200 2.318642ms
2025/03/19 09:18:40 [GET] ::1 /v1/admin/pages/typenstatus/ 200 5.656755ms
2025/03/19 09:18:40 [GET] ::1 /v1/admin/checkauth 200 3.265353ms
2025/03/19 09:18:40 [GET] ::1 /v1/admin/pagecategories 200 10.758462ms
2025/03/19 09:18:40 [GET] ::1 /v1/admin/checkauth 200 2.173883ms
2025/03/19 09:18:40 [GET] ::1 /v1/admin/pagecategories 200 6.560988ms
2025/03/19 09:19:32 [GET] ::1 /v1/admin/checkauth 200 6.168829ms
2025/03/19 09:19:33 [GET] ::1 /v1/config/key/header_siteidentify 200 1.797541ms
2025/03/19 09:19:33 [GET] ::1 /v1/checkstatus 200 33.545µs
2025/03/19 09:19:33 [GET] ::1 /v1/image/23 200 1.967087ms
2025/03/19 09:19:33 [GET] ::1 /v1/admin/checkauth 200 7.77515ms
2025/03/19 09:19:34 [GET] ::1 /v1/admin/menu_locations 200 5.778344ms
2025/03/19 09:19:34 [GET] ::1 /v1/admin/checkauth 200 2.515301ms
2025/03/19 09:19:34 [GET] ::1 /v1/admin/menus 200 5.495786ms
2025/03/19 09:19:34 [GET] ::1 /v1/admin/checkauth 200 3.996224ms
2025/03/19 09:19:34 [GET] ::1 /v1/admin/images 200 6.342057ms
2025/03/19 09:19:34 [GET] ::1 /v1/admin/checkauth 200 2.314721ms
2025/03/19 09:19:34 [GET] ::1 /v1/component 200 1.408729ms
2025/03/19 09:19:34 [GET] ::1 /v1/admin/checkauth 200 3.791761ms
2025/03/19 09:19:34 [GET] ::1 /v1/config 200 2.724603ms
2025/03/19 09:19:34 [GET] ::1 /v1/admin/checkauth 200 2.112231ms
2025/03/19 09:19:34 [GET] ::1 /v1/admin/pages/typenstatus/ 200 4.323498ms
2025/03/19 09:19:34 [GET] ::1 /v1/admin/checkauth 200 1.809421ms
2025/03/19 09:19:34 [GET] ::1 /v1/admin/pages/typenstatus/ 200 2.762384ms
2025/03/19 09:19:34 [GET] ::1 /v1/admin/checkauth 200 3.096613ms
2025/03/19 09:19:34 [GET] ::1 /v1/admin/categories/type/1 200 4.873202ms
2025/03/19 09:19:34 [GET] ::1 /v1/admin/checkauth 200 2.218977ms
2025/03/19 09:19:34 [GET] ::1 /v1/admin/pages/typenstatus/ 200 6.744686ms
2025/03/19 09:19:34 [GET] ::1 /v1/admin/checkauth 200 1.657398ms
2025/03/19 09:19:35 [GET] ::1 /v1/admin/pages/typenstatus/ 200 4.688157ms
2025/03/19 09:19:35 [GET] ::1 /v1/admin/checkauth 200 2.57707ms
2025/03/19 09:19:35 [GET] ::1 /v1/admin/pages/typenstatus/ 200 7.358059ms
2025/03/19 09:19:35 [GET] ::1 /v1/admin/checkauth 200 2.399342ms
2025/03/19 09:19:35 [GET] ::1 /v1/admin/pages/typenstatus/ 200 3.562862ms
2025/03/19 09:19:35 [GET] ::1 /v1/admin/checkauth 200 2.373029ms
2025/03/19 09:19:35 [GET] ::1 /v1/admin/categories/type/1 200 4.762509ms
2025/03/19 09:19:35 [GET] ::1 /v1/admin/checkauth 200 3.417032ms
2025/03/19 09:19:35 [GET] ::1 /v1/admin/pages/typenstatus/ 200 4.190479ms
2025/03/19 09:19:35 [GET] ::1 /v1/admin/checkauth 200 2.431245ms
2025/03/19 09:19:35 [GET] ::1 /v1/admin/pages/typenstatus/ 200 4.172187ms
2025/03/19 09:19:35 [GET] ::1 /v1/admin/checkauth 200 2.733452ms
2025/03/19 09:19:35 [GET] ::1 /v1/admin/pagecategories 200 5.456876ms
2025/03/19 09:19:35 [GET] ::1 /v1/admin/checkauth 200 2.607934ms
2025/03/19 09:19:35 [GET] ::1 /v1/admin/pagecategories 200 3.456519ms
2025/03/19 09:25:26 [GET] ::1 /v1/admin/checkauth 200 11.564905ms
2025/03/19 09:25:27 [GET] ::1 /v1/config/key/header_siteidentify 200 1.883178ms
2025/03/19 09:25:27 [GET] ::1 /v1/checkstatus 200 53.691µs
2025/03/19 09:25:27 [GET] ::1 /v1/image/23 200 2.73101ms
2025/03/19 09:25:28 [GET] ::1 /v1/admin/checkauth 200 2.920957ms
2025/03/19 09:25:28 [GET] ::1 /v1/admin/menu_locations 200 5.28437ms
2025/03/19 09:25:28 [GET] ::1 /v1/admin/checkauth 200 3.868374ms
2025/03/19 09:25:28 [GET] ::1 /v1/admin/menus 200 6.153105ms
2025/03/19 09:25:28 [GET] ::1 /v1/admin/checkauth 200 3.523409ms
2025/03/19 09:25:28 [GET] ::1 /v1/admin/images 200 5.690595ms
2025/03/19 09:25:28 [GET] ::1 /v1/admin/checkauth 200 1.817523ms
2025/03/19 09:25:28 [GET] ::1 /v1/component 200 2.188754ms
2025/03/19 09:25:28 [GET] ::1 /v1/admin/checkauth 200 3.132594ms
2025/03/19 09:25:29 [GET] ::1 /v1/config 200 3.136132ms
2025/03/19 09:25:29 [GET] ::1 /v1/admin/checkauth 200 3.774273ms
2025/03/19 09:25:29 [GET] ::1 /v1/admin/pages/typenstatus/ 200 11.61245ms
2025/03/19 09:25:29 [GET] ::1 /v1/admin/checkauth 200 4.039433ms
2025/03/19 09:25:29 [GET] ::1 /v1/admin/pages/typenstatus/ 200 3.768056ms
2025/03/19 09:25:29 [GET] ::1 /v1/admin/checkauth 200 3.519064ms
2025/03/19 09:25:29 [GET] ::1 /v1/admin/categories/type/1 200 4.868929ms
2025/03/19 09:25:29 [GET] ::1 /v1/admin/checkauth 200 2.583749ms
2025/03/19 09:25:29 [GET] ::1 /v1/admin/pages/typenstatus/ 200 5.545892ms
2025/03/19 09:25:29 [GET] ::1 /v1/admin/checkauth 200 2.528353ms
2025/03/19 09:25:29 [GET] ::1 /v1/admin/pages/typenstatus/ 200 11.753559ms
2025/03/19 09:25:29 [GET] ::1 /v1/admin/checkauth 200 3.749759ms
2025/03/19 09:25:29 [GET] ::1 /v1/admin/pages/typenstatus/ 200 11.936527ms
2025/03/19 09:25:30 [GET] ::1 /v1/admin/checkauth 200 5.58357ms
2025/03/19 09:25:30 [GET] ::1 /v1/admin/pages/typenstatus/ 200 10.2493ms
2025/03/19 09:25:30 [GET] ::1 /v1/admin/checkauth 200 3.978365ms
2025/03/19 09:25:30 [GET] ::1 /v1/admin/categories/type/1 200 15.172825ms
2025/03/19 09:25:30 [GET] ::1 /v1/admin/checkauth 200 4.720677ms
2025/03/19 09:25:30 [GET] ::1 /v1/admin/pages/typenstatus/ 200 9.130723ms
2025/03/19 09:25:30 [GET] ::1 /v1/admin/checkauth 200 4.125906ms
2025/03/19 09:25:30 [GET] ::1 /v1/admin/pages/typenstatus/ 200 9.100225ms
2025/03/19 09:25:30 [GET] ::1 /v1/admin/checkauth 200 4.01761ms
2025/03/19 09:25:30 [GET] ::1 /v1/admin/pagecategories 200 9.888102ms
2025/03/19 09:25:30 [GET] ::1 /v1/admin/checkauth 200 4.467298ms
2025/03/19 09:25:31 [GET] ::1 /v1/admin/pagecategories 200 12.118944ms
2025/03/19 09:27:19 [GET] ::1 /v1/admin/checkauth 200 22.097782ms
2025/03/19 09:27:19 [GET] ::1 /v1/config/key/header_siteidentify 200 2.348842ms
2025/03/19 09:27:19 [GET] ::1 /v1/image/23 200 2.571038ms
2025/03/19 09:27:19 [GET] ::1 /v1/admin/checkauth 200 2.882083ms
2025/03/19 16:11:26 [GET] ::1 /v1/checkstatus 200 41.219µs
2025/03/19 16:11:26 [GET] ::1 /v1/config/key/header_siteidentify 200 272.075583ms
2025/03/19 16:11:26 [GET] ::1 /v1/image/23 200 12.060254ms
2025/03/19 16:11:27 [GET] ::1 /v1/component 200 46.9521ms
2025/03/19 16:11:27 [GET] ::1 /v1/config 200 1.571896ms
2025/03/19 16:11:34 [POST] ::1 /v1/admin/token/refresh 200 61.205278ms
2025/03/19 16:11:35 [GET] ::1 /v1/checkstatus 200 25.72µs
2025/03/19 16:11:36 [GET] ::1 /v1/admin/checkauth 200 8.313858ms
2025/03/19 16:11:36 [GET] ::1 /v1/admin/images 200 5.100364ms
2025/03/19 16:11:36 [GET] ::1 /v1/admin/checkauth 200 4.34919ms
2025/03/19 16:11:36 [GET] ::1 /v1/component 200 2.69003ms
2025/03/19 16:11:36 [GET] ::1 /v1/admin/checkauth 200 2.06246ms
2025/03/19 16:11:36 [GET] ::1 /v1/config 200 1.985786ms
2025/03/19 16:11:43 [GET] ::1 /v1/admin/checkauth 200 12.025729ms
2025/03/19 16:11:44 [GET] ::1 /v1/admin/checkauth 200 2.349176ms
2025/03/19 16:11:44 [GET] ::1 /v1/admin/menu_locations 200 10.37082ms
2025/03/19 16:11:44 [GET] ::1 /v1/admin/checkauth 200 5.651155ms
2025/03/19 16:11:44 [GET] ::1 /v1/admin/menus 200 7.286603ms
2025/03/19 16:11:44 [GET] ::1 /v1/admin/checkauth 200 3.175628ms
2025/03/19 16:11:44 [GET] ::1 /v1/admin/menu_locations 200 3.62945ms
2025/03/19 16:11:44 [GET] ::1 /v1/admin/checkauth 200 3.65864ms
2025/03/19 16:11:44 [GET] ::1 /v1/admin/menus 200 6.10512ms
2025/03/19 16:11:44 [GET] ::1 /v1/admin/checkauth 200 2.282571ms
2025/03/19 16:11:44 [GET] ::1 /v1/admin/pages/typenstatus/ 200 15.710908ms
2025/03/19 16:11:44 [GET] ::1 /v1/admin/checkauth 200 3.885102ms
2025/03/19 16:11:44 [GET] ::1 /v1/admin/pages/typenstatus/ 200 3.64999ms
2025/03/19 16:11:44 [GET] ::1 /v1/admin/checkauth 200 3.741142ms
2025/03/19 16:11:44 [GET] ::1 /v1/admin/categories/type/1 200 8.586103ms
2025/03/19 16:11:44 [GET] ::1 /v1/admin/checkauth 200 2.730089ms
2025/03/19 16:11:44 [GET] ::1 /v1/admin/pages/typenstatus/ 200 4.385009ms
2025/03/19 16:11:44 [GET] ::1 /v1/admin/checkauth 200 2.12808ms
2025/03/19 16:11:44 [GET] ::1 /v1/admin/pages/typenstatus/ 200 4.680586ms
2025/03/19 16:11:44 [GET] ::1 /v1/admin/checkauth 200 2.362145ms
2025/03/19 16:11:45 [GET] ::1 /v1/admin/pages/typenstatus/ 200 4.254379ms
2025/03/19 16:11:45 [GET] ::1 /v1/admin/checkauth 200 3.041039ms
2025/03/19 16:11:45 [GET] ::1 /v1/admin/pages/typenstatus/ 200 4.612397ms
2025/03/19 16:11:45 [GET] ::1 /v1/admin/checkauth 200 1.869853ms
2025/03/19 16:11:45 [GET] ::1 /v1/admin/categories/type/1 200 3.832617ms
2025/03/19 16:11:45 [GET] ::1 /v1/admin/checkauth 200 1.708821ms
2025/03/19 16:11:45 [GET] ::1 /v1/admin/pages/typenstatus/ 200 4.948467ms
2025/03/19 16:11:45 [GET] ::1 /v1/admin/checkauth 200 2.320009ms
2025/03/19 16:11:45 [GET] ::1 /v1/admin/pages/typenstatus/ 200 3.429169ms
2025/03/19 16:11:45 [GET] ::1 /v1/admin/checkauth 200 2.376208ms
2025/03/19 16:11:45 [GET] ::1 /v1/admin/pagecategories 200 56.420788ms
2025/03/19 16:11:45 [GET] ::1 /v1/admin/checkauth 200 5.261714ms
2025/03/19 16:11:45 [GET] ::1 /v1/admin/pagecategories 200 9.244414ms
2025/03/19 16:16:20 [GET] ::1 /v1/admin/checkauth 200 10.229417ms
2025/03/19 16:16:20 [GET] ::1 /v1/config/key/header_siteidentify 200 1.818959ms
2025/03/19 16:16:20 [GET] ::1 /v1/checkstatus 200 49.921µs
2025/03/19 16:16:20 [GET] ::1 /v1/image/23 200 1.495499ms
2025/03/19 16:16:21 [GET] ::1 /v1/admin/checkauth 200 2.521637ms
2025/03/19 16:16:22 [GET] ::1 /v1/admin/menu_locations 200 5.234571ms
2025/03/19 16:16:22 [GET] ::1 /v1/admin/checkauth 200 5.306333ms
2025/03/19 16:16:22 [GET] ::1 /v1/admin/menus 200 3.56169ms
2025/03/19 16:16:22 [GET] ::1 /v1/admin/checkauth 200 2.187465ms
2025/03/19 16:16:22 [GET] ::1 /v1/admin/images 200 3.857463ms
2025/03/19 16:16:22 [GET] ::1 /v1/admin/checkauth 200 1.813992ms
2025/03/19 16:16:22 [GET] ::1 /v1/component 200 1.730182ms
2025/03/19 16:16:22 [GET] ::1 /v1/admin/checkauth 200 2.378985ms
2025/03/19 16:16:22 [GET] ::1 /v1/config 200 1.832142ms
2025/03/19 16:16:22 [GET] ::1 /v1/admin/checkauth 200 1.999472ms
2025/03/19 16:16:22 [GET] ::1 /v1/admin/pages/typenstatus/ 200 6.009791ms
2025/03/19 16:16:22 [GET] ::1 /v1/admin/checkauth 200 2.681022ms
2025/03/19 16:16:22 [GET] ::1 /v1/admin/pages/typenstatus/ 200 3.805594ms
2025/03/19 16:16:22 [GET] ::1 /v1/admin/checkauth 200 2.155685ms
2025/03/19 16:16:22 [GET] ::1 /v1/admin/categories/type/1 200 6.496215ms
2025/03/19 16:16:22 [GET] ::1 /v1/admin/checkauth 200 2.259064ms
2025/03/19 16:16:22 [GET] ::1 /v1/admin/pages/typenstatus/ 200 3.729189ms
2025/03/19 16:16:22 [GET] ::1 /v1/admin/checkauth 200 1.827622ms
2025/03/19 16:16:22 [GET] ::1 /v1/admin/pages/typenstatus/ 200 4.423014ms
2025/03/19 16:16:22 [GET] ::1 /v1/admin/checkauth 200 2.917209ms
2025/03/19 16:16:22 [GET] ::1 /v1/admin/pages/typenstatus/ 200 5.20654ms
2025/03/19 16:16:22 [GET] ::1 /v1/admin/checkauth 200 2.693642ms
2025/03/19 16:16:22 [GET] ::1 /v1/admin/pages/typenstatus/ 200 4.441317ms
2025/03/19 16:16:22 [GET] ::1 /v1/admin/checkauth 200 1.716965ms
2025/03/19 16:16:22 [GET] ::1 /v1/admin/categories/type/1 200 4.105361ms
2025/03/19 16:16:22 [GET] ::1 /v1/admin/checkauth 200 2.74253ms
2025/03/19 16:16:22 [GET] ::1 /v1/admin/pages/typenstatus/ 200 3.481313ms
2025/03/19 16:16:22 [GET] ::1 /v1/admin/checkauth 200 1.574438ms
2025/03/19 16:16:22 [GET] ::1 /v1/admin/pages/typenstatus/ 200 3.754263ms
2025/03/19 16:16:22 [GET] ::1 /v1/admin/checkauth 200 1.46637ms
2025/03/19 16:16:22 [GET] ::1 /v1/admin/pagecategories 200 4.337856ms
2025/03/19 16:16:22 [GET] ::1 /v1/admin/checkauth 200 1.57104ms
2025/03/19 16:16:22 [GET] ::1 /v1/admin/pagecategories 200 4.196568ms
2025/03/19 16:16:59 [GET] ::1 /v1/admin/checkauth 200 1.940215ms
2025/03/19 16:16:59 [GET] ::1 /v1/config/key/header_siteidentify 200 3.828073ms
2025/03/19 16:16:59 [GET] ::1 /v1/checkstatus 200 60.457µs
2025/03/19 16:16:59 [GET] ::1 /v1/image/23 200 2.077792ms
2025/03/19 16:17:00 [GET] ::1 /v1/admin/checkauth 200 2.924311ms
2025/03/19 16:17:00 [GET] ::1 /v1/admin/menu_locations 200 5.174978ms
2025/03/19 16:17:00 [GET] ::1 /v1/admin/checkauth 200 2.997128ms
2025/03/19 16:17:00 [GET] ::1 /v1/admin/menus 200 3.668841ms
2025/03/19 16:17:00 [GET] ::1 /v1/admin/checkauth 200 2.498519ms
2025/03/19 16:17:00 [GET] ::1 /v1/admin/images 200 7.321446ms
2025/03/19 16:17:00 [GET] ::1 /v1/admin/checkauth 200 1.988913ms
2025/03/19 16:17:00 [GET] ::1 /v1/component 200 1.71868ms
2025/03/19 16:17:00 [GET] ::1 /v1/admin/checkauth 200 1.676582ms
2025/03/19 16:17:00 [GET] ::1 /v1/config 200 1.724588ms
2025/03/19 16:17:00 [GET] ::1 /v1/admin/checkauth 200 2.769898ms
2025/03/19 16:17:00 [GET] ::1 /v1/admin/pages/typenstatus/ 200 6.388696ms
2025/03/19 16:17:00 [GET] ::1 /v1/admin/checkauth 200 2.054431ms
2025/03/19 16:17:01 [GET] ::1 /v1/admin/pages/typenstatus/ 200 4.0508ms
2025/03/19 16:17:01 [GET] ::1 /v1/admin/checkauth 200 2.021955ms
2025/03/19 16:17:01 [GET] ::1 /v1/admin/categories/type/1 200 4.861312ms
2025/03/19 16:17:01 [GET] ::1 /v1/admin/checkauth 200 2.824153ms
2025/03/19 16:17:01 [GET] ::1 /v1/admin/pages/typenstatus/ 200 5.745255ms
2025/03/19 16:17:01 [GET] ::1 /v1/admin/checkauth 200 1.949647ms
2025/03/19 16:17:01 [GET] ::1 /v1/admin/pages/typenstatus/ 200 5.58537ms
2025/03/19 16:17:01 [GET] ::1 /v1/admin/checkauth 200 2.400572ms
2025/03/19 16:17:01 [GET] ::1 /v1/admin/pages/typenstatus/ 200 4.432795ms
2025/03/19 16:17:01 [GET] ::1 /v1/admin/checkauth 200 1.806789ms
2025/03/19 16:17:01 [GET] ::1 /v1/admin/pages/typenstatus/ 200 5.854268ms
2025/03/19 16:17:01 [GET] ::1 /v1/admin/checkauth 200 2.440791ms
2025/03/19 16:17:01 [GET] ::1 /v1/admin/categories/type/1 200 3.614171ms
2025/03/19 16:17:01 [GET] ::1 /v1/admin/checkauth 200 1.920217ms
2025/03/19 16:17:01 [GET] ::1 /v1/admin/pages/typenstatus/ 200 3.768307ms
2025/03/19 16:17:01 [GET] ::1 /v1/admin/checkauth 200 1.580168ms
2025/03/19 16:17:01 [GET] ::1 /v1/admin/pages/typenstatus/ 200 4.032257ms
2025/03/19 16:17:01 [GET] ::1 /v1/admin/checkauth 200 2.110163ms
2025/03/19 16:17:01 [GET] ::1 /v1/admin/pagecategories 200 5.07123ms
2025/03/19 16:17:01 [GET] ::1 /v1/admin/checkauth 200 1.927591ms
2025/03/19 16:17:01 [GET] ::1 /v1/admin/pagecategories 200 4.862449ms
2025/03/19 16:21:37 [GET] ::1 /v1/admin/checkauth 200 12.802171ms
2025/03/19 16:21:37 [GET] ::1 /v1/config/key/header_siteidentify 200 2.129053ms
2025/03/19 16:21:37 [GET] ::1 /v1/checkstatus 200 36.585µs
2025/03/19 16:21:37 [GET] ::1 /v1/image/23 200 2.906939ms
2025/03/19 16:21:38 [GET] ::1 /v1/admin/checkauth 200 3.347055ms
2025/03/19 16:21:38 [GET] ::1 /v1/admin/menu_locations 200 6.663965ms
2025/03/19 16:21:38 [GET] ::1 /v1/admin/checkauth 200 3.593126ms
2025/03/19 16:21:38 [GET] ::1 /v1/admin/menus 200 4.529836ms
2025/03/19 16:21:38 [GET] ::1 /v1/admin/checkauth 200 3.607055ms
2025/03/19 16:21:38 [GET] ::1 /v1/admin/images 200 4.703078ms
2025/03/19 16:21:38 [GET] ::1 /v1/admin/checkauth 200 4.393596ms
2025/03/19 16:21:38 [GET] ::1 /v1/component 200 2.326083ms
2025/03/19 16:21:38 [GET] ::1 /v1/admin/checkauth 200 1.587797ms
2025/03/19 16:21:39 [GET] ::1 /v1/config 200 1.674625ms
2025/03/19 16:21:39 [GET] ::1 /v1/admin/checkauth 200 2.756578ms
2025/03/19 16:21:39 [GET] ::1 /v1/admin/pages/typenstatus/ 200 6.244803ms
2025/03/19 16:21:39 [GET] ::1 /v1/admin/checkauth 200 2.605154ms
2025/03/19 16:21:39 [GET] ::1 /v1/admin/pages/typenstatus/ 200 3.785307ms
2025/03/19 16:21:39 [GET] ::1 /v1/admin/checkauth 200 2.456136ms
2025/03/19 16:21:39 [GET] ::1 /v1/admin/categories/type/1 200 4.271976ms
2025/03/19 16:21:39 [GET] ::1 /v1/admin/checkauth 200 3.270866ms
2025/03/19 16:21:39 [GET] ::1 /v1/admin/pages/typenstatus/ 200 5.50575ms
2025/03/19 16:21:39 [GET] ::1 /v1/admin/checkauth 200 2.232299ms
2025/03/19 16:21:39 [GET] ::1 /v1/admin/pages/typenstatus/ 200 6.483858ms
2025/03/19 16:21:39 [GET] ::1 /v1/admin/checkauth 200 4.2751ms
2025/03/19 16:21:39 [GET] ::1 /v1/admin/pages/typenstatus/ 200 5.976141ms
2025/03/19 16:21:39 [GET] ::1 /v1/admin/checkauth 200 1.654629ms
2025/03/19 16:21:39 [GET] ::1 /v1/admin/pages/typenstatus/ 200 4.872875ms
2025/03/19 16:21:39 [GET] ::1 /v1/admin/checkauth 200 3.036812ms
2025/03/19 16:21:39 [GET] ::1 /v1/admin/categories/type/1 200 4.18589ms
2025/03/19 16:21:39 [GET] ::1 /v1/admin/checkauth 200 4.384501ms
2025/03/19 16:21:39 [GET] ::1 /v1/admin/pages/typenstatus/ 200 8.358071ms
2025/03/19 16:21:39 [GET] ::1 /v1/admin/checkauth 200 1.912851ms
2025/03/19 16:21:39 [GET] ::1 /v1/admin/pages/typenstatus/ 200 4.640548ms
2025/03/19 16:21:39 [GET] ::1 /v1/admin/checkauth 200 3.889006ms
2025/03/19 16:21:39 [GET] ::1 /v1/admin/pagecategories 200 3.772871ms
2025/03/19 16:21:39 [GET] ::1 /v1/admin/checkauth 200 3.392043ms
2025/03/19 16:21:39 [GET] ::1 /v1/admin/pagecategories 200 4.082179ms
2025/03/19 16:24:19 [GET] ::1 /v1/admin/checkauth 200 13.184846ms
2025/03/19 16:24:20 [GET] ::1 /v1/config/key/header_siteidentify 200 2.466411ms
2025/03/19 16:24:20 [GET] ::1 /v1/image/23 200 2.0289ms
2025/03/19 16:24:20 [GET] ::1 /v1/admin/checkauth 200 3.542144ms
2025/03/19 16:24:25 [GET] ::1 /v1/admin/checkauth 200 6.825455ms
2025/03/19 16:24:25 [GET] ::1 /v1/checkstatus 200 15.688µs
2025/03/19 16:24:26 [GET] ::1 /v1/admin/checkauth 200 3.15096ms
2025/03/19 16:24:26 [GET] ::1 /v1/admin/menu_locations 200 4.757119ms
2025/03/19 16:24:26 [GET] ::1 /v1/admin/checkauth 200 3.758693ms
2025/03/19 16:24:27 [GET] ::1 /v1/admin/menus 200 12.1414ms
2025/03/19 16:24:27 [GET] ::1 /v1/admin/checkauth 200 3.337958ms
2025/03/19 16:24:27 [GET] ::1 /v1/admin/images 200 5.022842ms
2025/03/19 16:24:27 [GET] ::1 /v1/admin/checkauth 200 3.475515ms
2025/03/19 16:24:27 [GET] ::1 /v1/component 200 2.079168ms
2025/03/19 16:24:27 [GET] ::1 /v1/admin/checkauth 200 2.439174ms
2025/03/19 16:24:27 [GET] ::1 /v1/config 200 2.346224ms
2025/03/19 16:24:27 [GET] ::1 /v1/admin/checkauth 200 1.593983ms
2025/03/19 16:24:27 [GET] ::1 /v1/admin/pages/typenstatus/ 200 4.749473ms
2025/03/19 16:24:27 [GET] ::1 /v1/admin/checkauth 200 1.652275ms
2025/03/19 16:24:27 [GET] ::1 /v1/admin/pages/typenstatus/ 200 5.659061ms
2025/03/19 16:24:27 [GET] ::1 /v1/admin/checkauth 200 2.73768ms
2025/03/19 16:24:27 [GET] ::1 /v1/admin/categories/type/1 200 7.269895ms
2025/03/19 16:24:27 [GET] ::1 /v1/admin/checkauth 200 3.512102ms
2025/03/19 16:24:27 [GET] ::1 /v1/admin/pages/typenstatus/ 200 4.500776ms
2025/03/19 16:24:27 [GET] ::1 /v1/admin/checkauth 200 5.073902ms
2025/03/19 16:24:27 [GET] ::1 /v1/admin/pages/typenstatus/ 200 4.752256ms
2025/03/19 16:24:27 [GET] ::1 /v1/admin/checkauth 200 2.182848ms
2025/03/19 16:24:27 [GET] ::1 /v1/admin/pages/typenstatus/ 200 4.60408ms
2025/03/19 16:24:27 [GET] ::1 /v1/admin/checkauth 200 2.101993ms
2025/03/19 16:24:27 [GET] ::1 /v1/admin/pages/typenstatus/ 200 4.785765ms
2025/03/19 16:24:27 [GET] ::1 /v1/admin/checkauth 200 3.192ms
2025/03/19 16:24:27 [GET] ::1 /v1/admin/categories/type/1 200 4.990962ms
2025/03/19 16:24:28 [GET] ::1 /v1/admin/checkauth 200 3.258005ms
2025/03/19 16:24:28 [GET] ::1 /v1/admin/pages/typenstatus/ 200 3.995972ms
2025/03/19 16:24:28 [GET] ::1 /v1/admin/checkauth 200 1.920096ms
2025/03/19 16:24:28 [GET] ::1 /v1/admin/pages/typenstatus/ 200 5.380155ms
2025/03/19 16:24:28 [GET] ::1 /v1/admin/checkauth 200 1.5791ms
2025/03/19 16:24:28 [GET] ::1 /v1/admin/pagecategories 200 4.158155ms
2025/03/19 16:24:28 [GET] ::1 /v1/admin/checkauth 200 1.793439ms
2025/03/19 16:24:28 [GET] ::1 /v1/admin/pagecategories 200 3.989227ms
2025/03/19 16:24:59 [GET] ::1 /v1/admin/checkauth 200 2.54371ms
2025/03/19 16:24:59 [GET] ::1 /v1/config/key/header_siteidentify 200 1.655872ms
2025/03/19 16:25:00 [GET] ::1 /v1/checkstatus 200 37.741µs
2025/03/19 16:25:00 [GET] ::1 /v1/image/23 200 3.325971ms
2025/03/19 16:25:00 [GET] ::1 /v1/admin/checkauth 200 5.432168ms
2025/03/19 16:25:01 [GET] ::1 /v1/admin/menu_locations 200 3.680759ms
2025/03/19 16:25:01 [GET] ::1 /v1/admin/checkauth 200 2.552916ms
2025/03/19 16:25:01 [GET] ::1 /v1/admin/menus 200 5.456113ms
2025/03/19 16:25:01 [GET] ::1 /v1/admin/checkauth 200 2.384509ms
2025/03/19 16:25:01 [GET] ::1 /v1/admin/images 200 5.494959ms
2025/03/19 16:25:01 [GET] ::1 /v1/admin/checkauth 200 1.868508ms
2025/03/19 16:25:01 [GET] ::1 /v1/component 200 1.789104ms
2025/03/19 16:25:01 [GET] ::1 /v1/admin/checkauth 200 3.19758ms
2025/03/19 16:25:01 [GET] ::1 /v1/config 200 1.914443ms
2025/03/19 16:25:01 [GET] ::1 /v1/admin/checkauth 200 2.795833ms
2025/03/19 16:25:01 [GET] ::1 /v1/admin/pages/typenstatus/ 200 7.081741ms
2025/03/19 16:25:01 [GET] ::1 /v1/admin/checkauth 200 7.938945ms
2025/03/19 16:25:01 [GET] ::1 /v1/admin/pages/typenstatus/ 200 5.760517ms
2025/03/19 16:25:01 [GET] ::1 /v1/admin/checkauth 200 3.064037ms
2025/03/19 16:25:01 [GET] ::1 /v1/admin/categories/type/1 200 3.896701ms
2025/03/19 16:25:01 [GET] ::1 /v1/admin/checkauth 200 3.410446ms
2025/03/19 16:25:01 [GET] ::1 /v1/admin/pages/typenstatus/ 200 4.073113ms
2025/03/19 16:25:01 [GET] ::1 /v1/admin/checkauth 200 2.064447ms
2025/03/19 16:25:02 [GET] ::1 /v1/admin/pages/typenstatus/ 200 4.280083ms
2025/03/19 16:25:02 [GET] ::1 /v1/admin/checkauth 200 3.046346ms
2025/03/19 16:25:02 [GET] ::1 /v1/admin/pages/typenstatus/ 200 5.330939ms
2025/03/19 16:25:02 [GET] ::1 /v1/admin/checkauth 200 1.611717ms
2025/03/19 16:25:02 [GET] ::1 /v1/admin/pages/typenstatus/ 200 5.542849ms
2025/03/19 16:25:02 [GET] ::1 /v1/admin/checkauth 200 3.09213ms
2025/03/19 16:25:02 [GET] ::1 /v1/admin/categories/type/1 200 3.838845ms
2025/03/19 16:25:02 [GET] ::1 /v1/admin/checkauth 200 2.24371ms
2025/03/19 16:25:02 [GET] ::1 /v1/admin/pages/typenstatus/ 200 4.22769ms
2025/03/19 16:25:02 [GET] ::1 /v1/admin/checkauth 200 2.441774ms
2025/03/19 16:25:02 [GET] ::1 /v1/admin/pages/typenstatus/ 200 6.658972ms
2025/03/19 16:25:02 [GET] ::1 /v1/admin/checkauth 200 1.625803ms
2025/03/19 16:25:02 [GET] ::1 /v1/admin/pagecategories 200 3.420306ms
2025/03/19 16:25:02 [GET] ::1 /v1/admin/checkauth 200 1.691818ms
2025/03/19 16:25:02 [GET] ::1 /v1/admin/pagecategories 200 4.586566ms
