2025/03/31 09:16:03 [GET] ::1 /v1/admin/checkauth 200 311.313313ms
2025/03/31 09:16:03 [GET] ::1 /v1/admin/checkauth 200 314.223802ms
2025/03/31 09:16:05 [GET] ::1 /v1/checkstatus 200 18.323µs
2025/03/31 09:16:16 [GET] ::1 /v1/admin/checkauth 200 123.241082ms
2025/03/31 09:16:17 [GET] ::1 /v1/admin/checkauth 200 10.543467ms
2025/03/31 09:16:17 [GET] ::1 /v1/admin/checkauth 200 3.85538ms
2025/03/31 09:16:18 [GET] ::1 /v1/config 200 14.790882ms
2025/03/31 09:16:18 [GET] ::1 /v1/admin/checkauth 200 4.106433ms
2025/03/31 09:16:18 [GET] ::1 /v1/admin/checkauth 200 4.598491ms
2025/03/31 09:16:46 [GET] ::1 /v1/admin/checkauth 200 4.123644ms
2025/03/31 09:16:46 [GET] ::1 /v1/admin/checkauth 200 5.491589ms
2025/03/31 09:16:47 [GET] ::1 /v1/checkstatus 200 22.3µs
2025/03/31 09:16:51 [GET] ::1 /v1/admin/checkauth 200 8.198185ms
2025/03/31 09:16:53 [GET] ::1 /v1/admin/checkauth 200 5.944245ms
2025/03/31 09:16:53 [GET] ::1 /v1/admin/checkauth 200 4.014127ms
2025/03/31 09:16:54 [GET] ::1 /v1/config 200 4.663864ms
2025/03/31 09:16:54 [GET] ::1 /v1/admin/checkauth 200 22.427023ms
2025/03/31 09:16:55 [GET] ::1 /v1/admin/checkauth 200 3.037922ms
2025/03/31 09:20:39 [GET] ::1 /v1/admin/checkauth 200 54.341512ms
2025/03/31 09:20:39 [GET] ::1 /v1/admin/checkauth 200 56.373616ms
2025/03/31 09:20:40 [GET] ::1 /v1/checkstatus 200 18.972µs
2025/03/31 09:20:45 [GET] ::1 /v1/admin/checkauth 200 6.879346ms
2025/03/31 09:20:46 [GET] ::1 /v1/admin/checkauth 200 10.366597ms
2025/03/31 09:20:46 [GET] ::1 /v1/admin/checkauth 200 6.076142ms
2025/03/31 09:20:47 [GET] ::1 /v1/config 200 13.142862ms
2025/03/31 09:20:47 [GET] ::1 /v1/admin/checkauth 200 10.075545ms
2025/03/31 09:20:48 [GET] ::1 /v1/admin/checkauth 200 6.014229ms
2025/03/31 09:23:47 [GET] ::1 /v1/admin/checkauth 200 18.696279ms
2025/03/31 09:23:47 [GET] ::1 /v1/admin/checkauth 200 27.64921ms
2025/03/31 09:23:47 [GET] ::1 /v1/checkstatus 200 21.769µs
2025/03/31 09:23:54 [GET] ::1 /v1/admin/checkauth 200 5.3185ms
2025/03/31 09:23:57 [GET] ::1 /v1/admin/checkauth 200 4.786357ms
2025/03/31 09:23:57 [GET] ::1 /v1/admin/checkauth 200 3.192469ms
2025/03/31 09:23:58 [GET] ::1 /v1/config 200 5.907207ms
2025/03/31 09:23:59 [GET] ::1 /v1/admin/checkauth 200 3.374489ms
2025/03/31 09:23:59 [GET] ::1 /v1/admin/checkauth 200 4.316105ms
2025/03/31 09:24:43 [GET] ::1 /v1/admin/checkauth 200 4.144077ms
2025/03/31 09:24:43 [GET] ::1 /v1/admin/checkauth 200 5.552175ms
2025/03/31 09:24:43 [GET] ::1 /v1/checkstatus 200 32.146µs
2025/03/31 09:24:49 [GET] ::1 /v1/admin/checkauth 200 9.320427ms
2025/03/31 09:24:50 [GET] ::1 /v1/admin/checkauth 200 3.165764ms
2025/03/31 09:24:51 [GET] ::1 /v1/admin/checkauth 200 3.551537ms
2025/03/31 09:24:51 [GET] ::1 /v1/config 200 8.31305ms
2025/03/31 09:24:51 [GET] ::1 /v1/admin/checkauth 200 3.744346ms
2025/03/31 09:24:52 [GET] ::1 /v1/admin/checkauth 200 11.572679ms
2025/03/31 09:35:04 [GET] ::1 /v1/admin/checkauth 200 8.75336ms
2025/03/31 09:35:04 [GET] ::1 /v1/admin/checkauth 200 16.850185ms
2025/03/31 09:35:05 [GET] ::1 /v1/checkstatus 200 18.175µs
2025/03/31 09:35:10 [GET] ::1 /v1/admin/checkauth 200 9.015909ms
2025/03/31 09:35:11 [GET] ::1 /v1/admin/checkauth 200 2.474732ms
2025/03/31 09:35:11 [GET] ::1 /v1/admin/checkauth 200 3.045147ms
2025/03/31 09:35:12 [GET] ::1 /v1/config 200 10.781624ms
2025/03/31 09:35:12 [GET] ::1 /v1/admin/checkauth 200 7.986524ms
2025/03/31 09:35:13 [GET] ::1 /v1/admin/checkauth 200 6.454207ms
2025/03/31 09:36:03 [GET] ::1 /v1/admin/checkauth 200 7.742415ms
2025/03/31 09:36:03 [GET] ::1 /v1/admin/checkauth 200 3.872403ms
2025/03/31 09:36:03 [GET] ::1 /v1/checkstatus 200 35.242µs
2025/03/31 09:36:07 [GET] ::1 /v1/admin/checkauth 200 9.566755ms
2025/03/31 09:36:10 [GET] ::1 /v1/admin/checkauth 200 2.58919ms
2025/03/31 09:36:10 [GET] ::1 /v1/admin/checkauth 200 2.302276ms
2025/03/31 09:36:10 [GET] ::1 /v1/config 200 2.860443ms
2025/03/31 09:36:10 [GET] ::1 /v1/admin/checkauth 200 4.505722ms
2025/03/31 09:36:11 [GET] ::1 /v1/admin/checkauth 200 3.802028ms
2025/03/31 09:36:15 [GET] ::1 /v1/admin/checkauth 200 2.655858ms
2025/03/31 09:36:15 [GET] ::1 /v1/admin/checkauth 200 4.157829ms
2025/03/31 09:36:15 [GET] ::1 /v1/checkstatus 200 34.942µs
2025/03/31 09:36:19 [GET] ::1 /v1/admin/checkauth 200 3.262878ms
2025/03/31 09:36:21 [GET] ::1 /v1/admin/checkauth 200 3.700676ms
2025/03/31 09:36:21 [GET] ::1 /v1/admin/checkauth 200 3.17575ms
2025/03/31 09:36:21 [GET] ::1 /v1/config 200 4.084766ms
2025/03/31 09:36:21 [GET] ::1 /v1/admin/checkauth 200 6.083405ms
2025/03/31 09:36:22 [GET] ::1 /v1/admin/checkauth 200 11.699176ms
2025/03/31 09:36:59 [GET] ::1 /v1/admin/checkauth 200 3.405037ms
2025/03/31 09:37:03 [GET] ::1 /v1/admin/checkauth 200 5.216928ms
2025/03/31 09:37:09 [GET] ::1 /v1/admin/checkauth 200 14.936656ms
2025/03/31 09:37:10 [GET] ::1 /v1/admin/checkauth 200 2.610517ms
2025/03/31 09:38:49 [GET] ::1 /v1/admin/checkauth 200 8.998483ms
2025/03/31 09:38:49 [GET] ::1 /v1/admin/checkauth 200 12.757612ms
2025/03/31 09:38:49 [GET] ::1 /v1/checkstatus 200 16.117µs
2025/03/31 09:38:54 [GET] ::1 /v1/admin/checkauth 200 11.526418ms
2025/03/31 09:38:55 [GET] ::1 /v1/admin/checkauth 200 3.027006ms
2025/03/31 09:38:56 [GET] ::1 /v1/admin/checkauth 200 3.548291ms
2025/03/31 09:38:57 [GET] ::1 /v1/config 200 8.633861ms
2025/03/31 09:38:57 [GET] ::1 /v1/admin/checkauth 200 4.502398ms
2025/03/31 09:38:58 [GET] ::1 /v1/admin/checkauth 200 13.839856ms
2025/03/31 09:39:08 [GET] ::1 /v1/admin/checkauth 200 2.146475ms
2025/03/31 09:39:11 [GET] ::1 /v1/admin/checkauth 200 5.342588ms
2025/03/31 09:39:51 [GET] ::1 /v1/admin/checkauth 200 8.703342ms
2025/03/31 09:39:51 [GET] ::1 /v1/admin/checkauth 200 10.439031ms
2025/03/31 09:39:52 [GET] ::1 /v1/checkstatus 200 44.578µs
2025/03/31 09:39:57 [GET] ::1 /v1/admin/checkauth 200 5.702668ms
2025/03/31 09:39:58 [GET] ::1 /v1/admin/checkauth 200 3.340205ms
2025/03/31 09:39:58 [GET] ::1 /v1/admin/checkauth 200 2.685695ms
2025/03/31 09:39:59 [GET] ::1 /v1/config 200 11.132116ms
2025/03/31 09:39:59 [GET] ::1 /v1/admin/checkauth 200 9.212402ms
2025/03/31 09:40:00 [GET] ::1 /v1/admin/checkauth 200 11.291277ms
2025/03/31 09:41:41 [GET] ::1 /v1/admin/checkauth 200 8.265685ms
2025/03/31 09:41:41 [GET] ::1 /v1/admin/checkauth 200 8.874515ms
2025/03/31 09:41:42 [GET] ::1 /v1/checkstatus 200 17.926µs
2025/03/31 09:41:47 [GET] ::1 /v1/admin/checkauth 200 3.592109ms
2025/03/31 09:41:49 [GET] ::1 /v1/admin/checkauth 200 2.980599ms
2025/03/31 09:41:49 [GET] ::1 /v1/admin/checkauth 200 4.439736ms
2025/03/31 09:41:49 [GET] ::1 /v1/config 200 4.70357ms
2025/03/31 09:41:49 [GET] ::1 /v1/admin/checkauth 200 7.878907ms
2025/03/31 09:41:50 [GET] ::1 /v1/admin/checkauth 200 4.516998ms
2025/03/31 09:43:15 [GET] ::1 /v1/admin/checkauth 200 7.790154ms
2025/03/31 09:43:15 [GET] ::1 /v1/admin/checkauth 200 10.510783ms
2025/03/31 09:43:15 [GET] ::1 /v1/admin/checkauth 200 2.446239ms
2025/03/31 09:43:16 [GET] ::1 /v1/checkstatus 200 17.822µs
2025/03/31 09:43:16 [GET] ::1 /v1/checkstatus 200 16.221µs
2025/03/31 09:43:22 [GET] ::1 /v1/admin/checkauth 200 9.94915ms
2025/03/31 09:43:23 [GET] ::1 /v1/admin/checkauth 200 9.923455ms
2025/03/31 09:43:23 [GET] ::1 /v1/admin/checkauth 200 3.936074ms
2025/03/31 09:43:24 [GET] ::1 /v1/config 200 4.22187ms
2025/03/31 09:43:24 [GET] ::1 /v1/admin/checkauth 200 7.288085ms
2025/03/31 09:43:24 [GET] ::1 /v1/admin/checkauth 200 2.758337ms
2025/03/31 09:47:06 [GET] ::1 /v1/admin/checkauth 200 11.341817ms
2025/03/31 09:47:06 [GET] ::1 /v1/admin/checkauth 200 8.51242ms
2025/03/31 09:47:07 [GET] ::1 /v1/checkstatus 200 18.053µs
2025/03/31 09:47:12 [GET] ::1 /v1/admin/checkauth 200 3.880643ms
2025/03/31 09:47:13 [GET] ::1 /v1/admin/checkauth 200 3.908384ms
2025/03/31 09:47:13 [GET] ::1 /v1/admin/checkauth 200 3.231359ms
2025/03/31 09:47:13 [GET] ::1 /v1/config 200 3.508433ms
2025/03/31 09:47:13 [GET] ::1 /v1/admin/checkauth 200 2.625296ms
2025/03/31 09:47:14 [GET] ::1 /v1/admin/checkauth 200 3.672662ms
2025/03/31 09:57:24 [GET] ::1 /v1/admin/checkauth 200 10.629965ms
2025/03/31 09:57:24 [GET] ::1 /v1/component 200 85.969065ms
2025/03/31 09:59:53 [GET] ::1 /v1/admin/checkauth 200 11.060387ms
2025/03/31 09:59:57 [GET] ::1 /v1/admin/checkauth 200 5.667058ms
2025/03/31 09:59:57 [GET] ::1 /v1/checkstatus 200 36.291µs
2025/03/31 10:00:02 [GET] ::1 /v1/admin/checkauth 200 4.178831ms
2025/03/31 10:00:03 [GET] ::1 /v1/component 200 13.566162ms
2025/03/31 10:00:04 [GET] ::1 /v1/admin/checkauth 200 5.874784ms
2025/03/31 10:00:04 [GET] ::1 /v1/admin/checkauth 200 3.253086ms
2025/03/31 10:00:04 [GET] ::1 /v1/admin/checkauth 200 2.718333ms
2025/03/31 10:00:05 [GET] ::1 /v1/config 200 8.390246ms
2025/03/31 10:00:05 [GET] ::1 /v1/admin/checkauth 200 5.142452ms
2025/03/31 10:00:06 [GET] ::1 /v1/admin/checkauth 200 4.694254ms
2025/03/31 10:00:06 [GET] ::1 /v1/component 200 3.149107ms
2025/03/31 10:00:06 [GET] ::1 /v1/admin/checkauth 200 2.940069ms
2025/03/31 10:00:07 [GET] ::1 /v1/admin/checkauth 200 5.553063ms
2025/03/31 10:00:07 [GET] ::1 /v1/component 200 7.292085ms
2025/03/31 10:00:23 [GET] ::1 /v1/admin/checkauth 200 2.111552ms
2025/03/31 10:00:24 [GET] ::1 /v1/checkstatus 200 38.908µs
2025/03/31 10:00:28 [GET] ::1 /v1/admin/checkauth 200 7.833071ms
2025/03/31 10:00:29 [GET] ::1 /v1/component 200 4.603268ms
2025/03/31 10:00:29 [GET] ::1 /v1/admin/checkauth 200 4.11786ms
2025/03/31 10:00:29 [GET] ::1 /v1/admin/checkauth 200 3.125941ms
2025/03/31 10:00:29 [GET] ::1 /v1/admin/checkauth 200 2.296914ms
2025/03/31 10:00:30 [GET] ::1 /v1/config 200 3.661035ms
2025/03/31 10:00:30 [GET] ::1 /v1/admin/checkauth 200 2.989344ms
2025/03/31 10:00:31 [GET] ::1 /v1/admin/checkauth 200 4.28806ms
2025/03/31 10:00:31 [GET] ::1 /v1/component 200 2.501757ms
2025/03/31 10:00:32 [GET] ::1 /v1/admin/checkauth 200 3.931137ms
2025/03/31 10:00:32 [GET] ::1 /v1/admin/checkauth 200 2.609527ms
2025/03/31 10:00:32 [GET] ::1 /v1/component 200 2.799076ms
2025/03/31 10:03:21 [GET] ::1 /v1/admin/checkauth 200 15.38399ms
2025/03/31 10:03:21 [GET] ::1 /v1/admin/checkauth 200 4.036565ms
2025/03/31 10:03:21 [GET] ::1 /v1/checkstatus 200 35.401µs
2025/03/31 10:03:28 [GET] ::1 /v1/admin/checkauth 200 4.466072ms
2025/03/31 10:03:32 [GET] ::1 /v1/component 200 3.069318ms
2025/03/31 10:03:32 [GET] ::1 /v1/admin/checkauth 200 3.232908ms
2025/03/31 10:03:33 [GET] ::1 /v1/admin/checkauth 200 4.638619ms
2025/03/31 10:03:33 [GET] ::1 /v1/admin/checkauth 200 4.298867ms
2025/03/31 10:03:34 [GET] ::1 /v1/config 200 2.972388ms
2025/03/31 10:03:34 [GET] ::1 /v1/admin/checkauth 200 7.924567ms
2025/03/31 10:03:35 [GET] ::1 /v1/admin/checkauth 200 3.461416ms
2025/03/31 10:03:35 [GET] ::1 /v1/component 200 2.08976ms
2025/03/31 10:03:36 [GET] ::1 /v1/admin/checkauth 200 2.811478ms
2025/03/31 10:03:36 [GET] ::1 /v1/admin/checkauth 200 3.706514ms
2025/03/31 10:03:37 [GET] ::1 /v1/component 200 4.767477ms
2025/03/31 10:04:36 [GET] ::1 /v1/admin/checkauth 200 10.688139ms
2025/03/31 10:04:36 [GET] ::1 /v1/admin/checkauth 200 7.065497ms
2025/03/31 10:04:37 [GET] ::1 /v1/checkstatus 200 19.117µs
2025/03/31 10:04:41 [GET] ::1 /v1/admin/checkauth 200 12.20174ms
2025/03/31 10:04:43 [GET] ::1 /v1/component 200 4.950053ms
2025/03/31 10:04:43 [GET] ::1 /v1/admin/checkauth 200 3.758057ms
2025/03/31 10:04:43 [GET] ::1 /v1/admin/checkauth 200 5.49344ms
2025/03/31 10:04:44 [GET] ::1 /v1/admin/checkauth 200 8.21644ms
2025/03/31 10:04:44 [GET] ::1 /v1/config 200 2.743188ms
2025/03/31 10:04:45 [GET] ::1 /v1/admin/checkauth 200 6.890908ms
2025/03/31 10:04:45 [GET] ::1 /v1/admin/checkauth 200 3.590712ms
2025/03/31 10:04:46 [GET] ::1 /v1/component 200 5.814813ms
2025/03/31 10:04:46 [GET] ::1 /v1/admin/checkauth 200 3.212767ms
2025/03/31 10:04:46 [GET] ::1 /v1/admin/checkauth 200 5.13082ms
2025/03/31 10:04:47 [GET] ::1 /v1/component 200 3.240544ms
2025/03/31 10:45:06 [GET] ::1 /v1/admin/checkauth 200 335.722222ms
2025/03/31 10:45:09 [GET] ::1 /v1/checkstatus 200 30.719µs
2025/03/31 10:45:21 [GET] ::1 /v1/admin/checkauth 200 113.203441ms
2025/03/31 10:45:22 [GET] ::1 /v1/component 200 30.361301ms
2025/03/31 10:45:22 [GET] ::1 /v1/admin/checkauth 200 5.53692ms
2025/03/31 10:45:23 [GET] ::1 /v1/admin/checkauth 200 3.986038ms
2025/03/31 10:45:23 [GET] ::1 /v1/admin/checkauth 200 3.159092ms
2025/03/31 10:45:23 [GET] ::1 /v1/config 200 16.010429ms
2025/03/31 10:45:24 [GET] ::1 /v1/admin/checkauth 200 17.073976ms
2025/03/31 10:45:24 [GET] ::1 /v1/admin/checkauth 200 2.567596ms
2025/03/31 10:45:25 [GET] ::1 /v1/component 200 4.616194ms
2025/03/31 10:45:25 [GET] ::1 /v1/admin/checkauth 200 2.848793ms
2025/03/31 10:45:25 [GET] ::1 /v1/admin/checkauth 200 5.711681ms
2025/03/31 10:45:26 [GET] ::1 /v1/component 200 2.62195ms
2025/03/31 10:50:18 [GET] ::1 /v1/admin/checkauth 200 174.990524ms
2025/03/31 10:50:19 [GET] ::1 /v1/checkstatus 200 24.984µs
2025/03/31 10:50:24 [GET] ::1 /v1/admin/checkauth 200 6.890488ms
2025/03/31 10:50:26 [GET] ::1 /v1/component 200 11.342229ms
2025/03/31 10:50:26 [GET] ::1 /v1/admin/checkauth 200 5.115418ms
2025/03/31 10:50:26 [GET] ::1 /v1/admin/checkauth 200 4.011447ms
2025/03/31 10:50:26 [GET] ::1 /v1/admin/checkauth 200 2.845887ms
2025/03/31 10:50:27 [GET] ::1 /v1/config 200 4.537621ms
2025/03/31 10:50:27 [GET] ::1 /v1/admin/checkauth 200 7.758371ms
2025/03/31 10:50:27 [GET] ::1 /v1/admin/checkauth 200 3.420294ms
2025/03/31 10:50:28 [GET] ::1 /v1/component 200 4.321781ms
2025/03/31 10:50:28 [GET] ::1 /v1/admin/checkauth 200 6.066925ms
2025/03/31 10:50:29 [GET] ::1 /v1/admin/checkauth 200 4.652567ms
2025/03/31 10:50:29 [GET] ::1 /v1/component 200 3.306637ms
2025/03/31 10:54:15 [GET] ::1 /v1/admin/checkauth 200 29.330324ms
2025/03/31 11:43:03 [GET] ::1 /v1/admin/checkauth 200 388.12055ms
2025/03/31 11:43:05 [GET] ::1 /v1/component 200 31.744701ms
2025/03/31 11:56:28 [GET] ::1 /v1/admin/checkauth 200 235.884932ms
2025/03/31 11:56:28 [GET] ::1 /v1/admin/checkauth 200 397.137749ms
2025/03/31 11:56:31 [GET] ::1 /v1/component 200 48.155029ms
2025/03/31 11:56:32 [GET] ::1 /v1/checkstatus 200 24.033µs
2025/03/31 11:56:33 [GET] ::1 /v1/admin/checkauth 200 4.794522ms
2025/03/31 11:56:34 [GET] ::1 /v1/admin/checkauth 200 5.563556ms
2025/03/31 11:56:48 [GET] ::1 /v1/admin/checkauth 200 167.195585ms
2025/03/31 11:56:49 [GET] ::1 /v1/component 200 55.737036ms
2025/03/31 11:56:49 [GET] ::1 /v1/admin/checkauth 200 4.603484ms
2025/03/31 11:56:49 [GET] ::1 /v1/admin/checkauth 200 2.926917ms
2025/03/31 11:56:50 [GET] ::1 /v1/admin/checkauth 200 5.225939ms
2025/03/31 11:56:50 [GET] ::1 /v1/config 200 14.79074ms
2025/03/31 11:56:50 [GET] ::1 /v1/admin/checkauth 200 5.407088ms
2025/03/31 11:56:51 [GET] ::1 /v1/admin/checkauth 200 11.816344ms
2025/03/31 11:56:52 [GET] ::1 /v1/component 200 4.614494ms
2025/03/31 11:56:52 [GET] ::1 /v1/admin/checkauth 200 3.884066ms
2025/03/31 11:56:52 [GET] ::1 /v1/admin/checkauth 200 4.159201ms
2025/03/31 11:56:53 [GET] ::1 /v1/component 200 2.599225ms
2025/03/31 15:05:00 [GET] ::1 /v1/admin/checkauth 200 421.764989ms
2025/03/31 15:05:02 [GET] ::1 /v1/component 200 34.297542ms
2025/03/31 15:06:12 [GET] ::1 /v1/admin/checkauth 200 40.882668ms
2025/03/31 15:06:12 [GET] ::1 /v1/checkstatus 200 25.118µs
2025/03/31 15:06:25 [GET] ::1 /v1/admin/checkauth 200 98.629616ms
2025/03/31 15:06:25 [GET] ::1 /v1/component 200 22.447904ms
2025/03/31 15:06:26 [GET] ::1 /v1/admin/checkauth 200 6.299963ms
2025/03/31 15:06:26 [GET] ::1 /v1/admin/checkauth 200 4.116752ms
2025/03/31 15:06:26 [GET] ::1 /v1/admin/checkauth 200 2.922684ms
2025/03/31 15:06:26 [GET] ::1 /v1/config 200 13.724329ms
2025/03/31 15:06:27 [GET] ::1 /v1/admin/checkauth 200 5.1816ms
2025/03/31 15:06:27 [GET] ::1 /v1/admin/checkauth 200 6.773137ms
2025/03/31 15:06:28 [GET] ::1 /v1/component 200 3.602194ms
2025/03/31 15:06:28 [GET] ::1 /v1/admin/checkauth 200 3.113025ms
2025/03/31 15:06:28 [GET] ::1 /v1/admin/checkauth 200 2.939322ms
2025/03/31 15:06:29 [GET] ::1 /v1/component 200 2.376985ms
2025/03/31 15:14:03 [GET] ::1 /v1/admin/checkauth 200 323.46113ms
2025/03/31 15:14:04 [GET] ::1 /v1/checkstatus 200 42.082µs
2025/03/31 15:14:07 [GET] ::1 /v1/admin/checkauth 200 8.513133ms
2025/03/31 15:14:08 [GET] ::1 /v1/component 200 25.582308ms
2025/03/31 15:14:08 [GET] ::1 /v1/admin/checkauth 200 12.56595ms
2025/03/31 15:14:14 [GET] ::1 /v1/admin/checkauth 200 8.877351ms
2025/03/31 15:14:14 [GET] ::1 /v1/admin/checkauth 200 10.739206ms
2025/03/31 15:14:14 [GET] ::1 /v1/config 200 10.790568ms
2025/03/31 15:14:14 [GET] ::1 /v1/admin/checkauth 200 3.850586ms
2025/03/31 15:14:15 [GET] ::1 /v1/admin/checkauth 200 3.867644ms
2025/03/31 15:14:15 [GET] ::1 /v1/component 200 4.630184ms
2025/03/31 15:14:15 [GET] ::1 /v1/admin/checkauth 200 2.322712ms
2025/03/31 15:14:16 [GET] ::1 /v1/admin/checkauth 200 2.553463ms
2025/03/31 15:14:16 [GET] ::1 /v1/component 200 2.781476ms
2025/03/31 15:21:51 [GET] ::1 /v1/admin/checkauth 200 149.845211ms
2025/03/31 15:21:52 [GET] ::1 /v1/checkstatus 200 18.671µs
2025/03/31 15:21:56 [GET] ::1 /v1/admin/checkauth 200 10.851716ms
2025/03/31 15:21:57 [GET] ::1 /v1/component 200 23.221074ms
2025/03/31 15:21:57 [GET] ::1 /v1/admin/checkauth 200 2.445093ms
2025/03/31 15:21:57 [GET] ::1 /v1/admin/checkauth 200 4.412696ms
2025/03/31 15:21:57 [GET] ::1 /v1/admin/checkauth 200 2.983597ms
2025/03/31 15:21:58 [GET] ::1 /v1/config 200 5.957669ms
2025/03/31 15:21:58 [GET] ::1 /v1/admin/checkauth 200 16.640973ms
2025/03/31 15:21:58 [GET] ::1 /v1/admin/checkauth 200 5.047455ms
2025/03/31 15:21:59 [GET] ::1 /v1/component 200 2.525902ms
2025/03/31 15:21:59 [GET] ::1 /v1/admin/checkauth 200 4.538123ms
2025/03/31 15:21:59 [GET] ::1 /v1/admin/checkauth 200 3.208816ms
2025/03/31 15:22:00 [GET] ::1 /v1/component 200 4.575499ms
2025/03/31 15:24:45 [GET] ::1 /v1/admin/checkauth 200 28.957925ms
2025/03/31 15:24:45 [GET] ::1 /v1/checkstatus 200 19.567µs
2025/03/31 15:24:49 [GET] ::1 /v1/admin/checkauth 200 3.517591ms
2025/03/31 15:24:49 [GET] ::1 /v1/component 200 12.120668ms
2025/03/31 15:24:49 [GET] ::1 /v1/admin/checkauth 200 4.955627ms
2025/03/31 15:24:51 [GET] ::1 /v1/admin/checkauth 200 3.249446ms
2025/03/31 15:24:51 [GET] ::1 /v1/admin/checkauth 200 2.04346ms
2025/03/31 15:24:51 [GET] ::1 /v1/config 200 4.569675ms
2025/03/31 15:24:51 [GET] ::1 /v1/admin/checkauth 200 4.144079ms
2025/03/31 15:24:52 [GET] ::1 /v1/admin/checkauth 200 3.002314ms
2025/03/31 15:24:52 [GET] ::1 /v1/component 200 3.036447ms
2025/03/31 15:24:52 [GET] ::1 /v1/admin/checkauth 200 2.629728ms
2025/03/31 15:24:53 [GET] ::1 /v1/admin/checkauth 200 5.740164ms
2025/03/31 15:24:53 [GET] ::1 /v1/component 200 3.007221ms
2025/03/31 15:50:18 [POST] ::1 /v1/admin/token/refresh 200 148.273303ms
2025/03/31 15:50:19 [GET] ::1 /v1/checkstatus 200 20.237µs
2025/03/31 15:50:22 [GET] ::1 /v1/admin/checkauth 200 17.070469ms
2025/03/31 15:50:24 [GET] ::1 /v1/component 200 10.191721ms
2025/03/31 15:50:24 [GET] ::1 /v1/admin/checkauth 200 3.46563ms
2025/03/31 15:50:25 [GET] ::1 /v1/admin/checkauth 200 7.071151ms
2025/03/31 15:50:25 [GET] ::1 /v1/admin/checkauth 200 2.727676ms
2025/03/31 15:50:25 [GET] ::1 /v1/config 200 4.082482ms
2025/03/31 15:50:25 [GET] ::1 /v1/admin/checkauth 200 3.447757ms
2025/03/31 15:50:26 [GET] ::1 /v1/admin/checkauth 200 2.902962ms
2025/03/31 15:50:26 [GET] ::1 /v1/component 200 1.940519ms
2025/03/31 15:50:26 [GET] ::1 /v1/admin/checkauth 200 7.157167ms
2025/03/31 15:50:27 [GET] ::1 /v1/admin/checkauth 200 3.254138ms
2025/03/31 15:50:27 [GET] ::1 /v1/component 200 3.346617ms
2025/03/31 15:57:00 [GET] ::1 /v1/admin/checkauth 200 23.304566ms
2025/03/31 15:57:00 [GET] ::1 /v1/checkstatus 200 20.147µs
2025/03/31 15:57:04 [GET] ::1 /v1/admin/checkauth 200 13.608283ms
2025/03/31 15:57:05 [GET] ::1 /v1/component 200 13.889918ms
2025/03/31 15:57:05 [GET] ::1 /v1/admin/checkauth 200 2.745794ms
2025/03/31 15:57:06 [GET] ::1 /v1/admin/checkauth 200 4.557707ms
2025/03/31 15:57:06 [GET] ::1 /v1/admin/checkauth 200 7.301115ms
2025/03/31 15:57:07 [GET] ::1 /v1/config 200 5.891669ms
2025/03/31 15:57:07 [GET] ::1 /v1/admin/checkauth 200 2.952347ms
2025/03/31 15:57:07 [GET] ::1 /v1/admin/checkauth 200 1.748384ms
2025/03/31 15:57:08 [GET] ::1 /v1/component 200 3.171825ms
2025/03/31 15:57:08 [GET] ::1 /v1/admin/checkauth 200 4.441054ms
2025/03/31 15:57:08 [GET] ::1 /v1/admin/checkauth 200 4.602874ms
2025/03/31 15:57:09 [GET] ::1 /v1/component 200 3.776824ms
2025/03/31 16:04:31 [GET] ::1 /v1/admin/checkauth 200 70.118965ms
2025/03/31 16:04:31 [GET] ::1 /v1/admin/checkauth 200 90.300927ms
2025/03/31 16:04:32 [GET] ::1 /v1/checkstatus 200 1.003168ms
2025/03/31 16:04:36 [GET] ::1 /v1/admin/checkauth 200 8.711868ms
2025/03/31 16:04:38 [GET] ::1 /v1/component 200 34.725071ms
2025/03/31 16:04:38 [GET] ::1 /v1/admin/checkauth 200 4.257855ms
2025/03/31 16:04:38 [GET] ::1 /v1/admin/checkauth 200 4.395426ms
2025/03/31 16:04:38 [GET] ::1 /v1/admin/checkauth 200 6.928811ms
2025/03/31 16:04:39 [GET] ::1 /v1/config 200 4.201629ms
2025/03/31 16:04:39 [GET] ::1 /v1/admin/checkauth 200 3.316964ms
2025/03/31 16:04:39 [GET] ::1 /v1/admin/checkauth 200 1.903679ms
2025/03/31 16:04:40 [GET] ::1 /v1/component 200 2.930642ms
2025/03/31 16:04:40 [GET] ::1 /v1/admin/checkauth 200 3.784236ms
2025/03/31 16:04:40 [GET] ::1 /v1/admin/checkauth 200 10.83964ms
2025/03/31 16:04:41 [GET] ::1 /v1/component 200 2.469426ms
2025/03/31 19:32:05 [GET] ::1 /v1/admin/checkauth 200 249.763807ms
2025/03/31 19:32:05 [GET] ::1 /v1/admin/checkauth 200 253.013414ms
2025/03/31 19:32:07 [GET] ::1 /v1/checkstatus 200 20.645µs
2025/03/31 19:32:12 [GET] ::1 /v1/admin/checkauth 200 4.657626ms
2025/03/31 19:32:19 [GET] ::1 /v1/component 200 42.816986ms
2025/03/31 19:32:19 [GET] ::1 /v1/admin/checkauth 200 5.181734ms
2025/03/31 19:32:19 [GET] ::1 /v1/admin/checkauth 200 3.853744ms
2025/03/31 19:32:19 [GET] ::1 /v1/admin/checkauth 200 4.867295ms
2025/03/31 19:32:20 [GET] ::1 /v1/config 200 16.85144ms
2025/03/31 19:32:20 [GET] ::1 /v1/admin/checkauth 200 2.702775ms
2025/03/31 19:32:20 [GET] ::1 /v1/admin/checkauth 200 1.967381ms
2025/03/31 19:32:20 [GET] ::1 /v1/component 200 2.04023ms
2025/03/31 19:32:21 [GET] ::1 /v1/admin/checkauth 200 9.993208ms
2025/03/31 19:32:21 [GET] ::1 /v1/admin/checkauth 200 3.613734ms
2025/03/31 19:32:21 [GET] ::1 /v1/component 200 1.856648ms
2025/03/31 20:31:55 [GET] ::1 /v1/admin/checkauth 200 336.581077ms
2025/03/31 20:31:56 [GET] ::1 /v1/component 200 12.294842ms
2025/03/31 20:34:01 [GET] ::1 /v1/admin/checkauth 200 19.785843ms
2025/03/31 20:34:02 [GET] ::1 /v1/checkstatus 200 20.179µs
2025/03/31 20:34:12 [GET] ::1 /v1/admin/checkauth 200 67.360049ms
2025/03/31 20:34:14 [GET] ::1 /v1/component 200 31.254302ms
2025/03/31 20:34:14 [GET] ::1 /v1/admin/checkauth 200 4.28578ms
2025/03/31 20:34:14 [GET] ::1 /v1/admin/checkauth 200 3.5623ms
2025/03/31 20:34:15 [GET] ::1 /v1/admin/checkauth 200 13.726229ms
2025/03/31 20:34:15 [GET] ::1 /v1/config 200 12.304551ms
2025/03/31 20:34:15 [GET] ::1 /v1/admin/checkauth 200 4.336783ms
2025/03/31 20:34:16 [GET] ::1 /v1/admin/checkauth 200 2.507917ms
2025/03/31 20:34:16 [GET] ::1 /v1/component 200 4.734994ms
2025/03/31 20:34:16 [GET] ::1 /v1/admin/checkauth 200 4.423689ms
2025/03/31 20:34:16 [GET] ::1 /v1/admin/checkauth 200 2.567253ms
2025/03/31 20:34:17 [GET] ::1 /v1/component 200 2.023382ms
2025/03/31 20:37:04 [GET] ::1 /v1/admin/checkauth 200 98.41975ms
2025/03/31 20:37:04 [GET] ::1 /v1/checkstatus 200 3.180437ms
2025/03/31 20:37:09 [GET] ::1 /v1/admin/checkauth 200 5.100144ms
2025/03/31 20:37:09 [GET] ::1 /v1/component 200 10.308613ms
2025/03/31 20:37:09 [GET] ::1 /v1/admin/checkauth 200 2.604637ms
2025/03/31 20:37:10 [GET] ::1 /v1/admin/checkauth 200 3.521957ms
2025/03/31 20:37:10 [GET] ::1 /v1/admin/checkauth 200 3.712856ms
2025/03/31 20:37:10 [GET] ::1 /v1/config 200 5.108899ms
2025/03/31 20:37:10 [GET] ::1 /v1/admin/checkauth 200 4.337827ms
2025/03/31 20:37:11 [GET] ::1 /v1/admin/checkauth 200 2.550734ms
2025/03/31 20:37:11 [GET] ::1 /v1/component 200 2.920647ms
2025/03/31 20:37:11 [GET] ::1 /v1/admin/checkauth 200 2.903929ms
2025/03/31 20:37:12 [GET] ::1 /v1/admin/checkauth 200 6.133674ms
2025/03/31 20:37:12 [GET] ::1 /v1/component 200 7.06373ms
2025/03/31 20:38:11 [GET] ::1 /v1/admin/checkauth 200 16.844524ms
2025/03/31 20:38:11 [GET] ::1 /v1/checkstatus 200 33.277µs
2025/03/31 20:38:14 [GET] ::1 /v1/admin/checkauth 200 4.258662ms
2025/03/31 20:38:16 [GET] ::1 /v1/component 200 4.881436ms
2025/03/31 20:38:16 [GET] ::1 /v1/admin/checkauth 200 5.588674ms
2025/03/31 20:38:16 [GET] ::1 /v1/admin/checkauth 200 11.791879ms
2025/03/31 20:38:16 [GET] ::1 /v1/admin/checkauth 200 3.774145ms
2025/03/31 20:38:17 [GET] ::1 /v1/config 200 3.28634ms
2025/03/31 20:38:17 [GET] ::1 /v1/admin/checkauth 200 2.553763ms
2025/03/31 20:38:17 [GET] ::1 /v1/admin/checkauth 200 2.132346ms
2025/03/31 20:38:18 [GET] ::1 /v1/component 200 2.072378ms
2025/03/31 20:38:18 [GET] ::1 /v1/admin/checkauth 200 3.461727ms
2025/03/31 20:38:18 [GET] ::1 /v1/admin/checkauth 200 2.41339ms
2025/03/31 20:38:19 [GET] ::1 /v1/component 200 2.961149ms
2025/03/31 20:39:23 [GET] ::1 /v1/admin/checkauth 200 8.742155ms
2025/03/31 20:39:23 [GET] ::1 /v1/admin/checkauth 200 13.790363ms
2025/03/31 20:39:23 [GET] ::1 /v1/checkstatus 200 17.146µs
2025/03/31 20:39:27 [GET] ::1 /v1/admin/checkauth 200 2.698662ms
2025/03/31 20:39:29 [GET] ::1 /v1/component 200 3.797384ms
2025/03/31 20:39:29 [GET] ::1 /v1/admin/checkauth 200 4.001646ms
2025/03/31 20:39:30 [GET] ::1 /v1/admin/checkauth 200 3.171987ms
2025/03/31 20:39:30 [GET] ::1 /v1/admin/checkauth 200 3.639712ms
2025/03/31 20:39:30 [GET] ::1 /v1/config 200 8.318545ms
2025/03/31 20:39:30 [GET] ::1 /v1/admin/checkauth 200 3.114248ms
2025/03/31 20:39:31 [GET] ::1 /v1/admin/checkauth 200 2.682974ms
2025/03/31 20:39:31 [GET] ::1 /v1/component 200 4.777801ms
2025/03/31 20:39:31 [GET] ::1 /v1/admin/checkauth 200 3.314723ms
2025/03/31 20:39:32 [GET] ::1 /v1/admin/checkauth 200 2.016668ms
2025/03/31 20:39:32 [GET] ::1 /v1/component 200 2.820156ms
2025/03/31 20:39:46 [GET] ::1 /v1/admin/checkauth 200 3.70768ms
2025/03/31 20:39:46 [GET] ::1 /v1/admin/checkauth 200 7.840265ms
2025/03/31 20:39:47 [GET] ::1 /v1/checkstatus 200 20.188µs
2025/03/31 20:39:50 [GET] ::1 /v1/admin/checkauth 200 3.612786ms
2025/03/31 20:39:51 [GET] ::1 /v1/component 200 1.987051ms
2025/03/31 20:39:52 [GET] ::1 /v1/admin/checkauth 200 3.01948ms
2025/03/31 20:39:52 [GET] ::1 /v1/admin/checkauth 200 3.610695ms
2025/03/31 20:39:52 [GET] ::1 /v1/admin/checkauth 200 3.358695ms
2025/03/31 20:39:53 [GET] ::1 /v1/config 200 1.77058ms
2025/03/31 20:39:53 [GET] ::1 /v1/admin/checkauth 200 3.444646ms
2025/03/31 20:39:53 [GET] ::1 /v1/admin/checkauth 200 2.933809ms
2025/03/31 20:39:53 [GET] ::1 /v1/component 200 2.196365ms
2025/03/31 20:39:54 [GET] ::1 /v1/admin/checkauth 200 2.417931ms
2025/03/31 20:39:54 [GET] ::1 /v1/admin/checkauth 200 2.791525ms
2025/03/31 20:39:54 [GET] ::1 /v1/component 200 2.135412ms
2025/03/31 20:40:15 [GET] ::1 /v1/admin/checkauth 200 1.539262ms
2025/03/31 20:40:16 [GET] ::1 /v1/checkstatus 200 15.552µs
2025/03/31 20:40:19 [GET] ::1 /v1/admin/checkauth 200 5.392414ms
2025/03/31 20:40:20 [GET] ::1 /v1/component 200 5.822832ms
2025/03/31 20:40:20 [GET] ::1 /v1/admin/checkauth 200 2.247024ms
2025/03/31 20:40:20 [GET] ::1 /v1/admin/checkauth 200 5.185026ms
2025/03/31 20:40:20 [GET] ::1 /v1/admin/checkauth 200 2.683863ms
2025/03/31 20:40:21 [GET] ::1 /v1/config 200 5.166257ms
2025/03/31 20:40:21 [GET] ::1 /v1/admin/checkauth 200 1.833862ms
2025/03/31 20:40:21 [GET] ::1 /v1/admin/checkauth 200 2.562751ms
2025/03/31 20:40:22 [GET] ::1 /v1/component 200 1.85209ms
2025/03/31 20:40:23 [GET] ::1 /v1/admin/checkauth 200 7.692082ms
2025/03/31 20:40:23 [GET] ::1 /v1/admin/checkauth 200 13.910944ms
2025/03/31 20:40:23 [GET] ::1 /v1/component 200 3.472432ms
2025/03/31 20:44:07 [GET] ::1 /v1/admin/checkauth 200 181.721988ms
2025/03/31 20:44:08 [GET] ::1 /v1/checkstatus 200 17.999µs
2025/03/31 20:44:12 [GET] ::1 /v1/admin/checkauth 200 10.942942ms
2025/03/31 20:44:13 [GET] ::1 /v1/component 200 40.778335ms
2025/03/31 20:44:13 [GET] ::1 /v1/admin/checkauth 200 4.363378ms
2025/03/31 20:44:14 [GET] ::1 /v1/admin/checkauth 200 4.633576ms
2025/03/31 20:44:14 [GET] ::1 /v1/admin/checkauth 200 6.960724ms
2025/03/31 20:44:14 [GET] ::1 /v1/config 200 10.838277ms
2025/03/31 20:44:14 [GET] ::1 /v1/admin/checkauth 200 6.634549ms
2025/03/31 20:44:15 [GET] ::1 /v1/admin/checkauth 200 3.175631ms
2025/03/31 20:44:20 [GET] ::1 /v1/component 200 6.866643ms
2025/03/31 20:44:21 [GET] ::1 /v1/admin/checkauth 200 5.153759ms
2025/03/31 20:44:21 [GET] ::1 /v1/admin/checkauth 200 5.558289ms
2025/03/31 20:44:21 [GET] ::1 /v1/component 200 3.778947ms
2025/03/31 20:46:39 [GET] ::1 /v1/admin/checkauth 200 26.451527ms
2025/03/31 20:46:40 [GET] ::1 /v1/checkstatus 200 16.956µs
2025/03/31 20:46:43 [GET] ::1 /v1/admin/checkauth 200 3.784049ms
2025/03/31 20:46:45 [GET] ::1 /v1/component 200 4.507423ms
2025/03/31 20:46:45 [GET] ::1 /v1/admin/checkauth 200 1.855035ms
2025/03/31 20:46:45 [GET] ::1 /v1/admin/checkauth 200 2.828295ms
2025/03/31 20:46:45 [GET] ::1 /v1/admin/checkauth 200 2.322947ms
2025/03/31 20:46:45 [GET] ::1 /v1/config 200 5.792421ms
2025/03/31 20:46:46 [GET] ::1 /v1/admin/checkauth 200 2.588534ms
2025/03/31 20:46:46 [GET] ::1 /v1/admin/checkauth 200 2.984398ms
2025/03/31 20:46:46 [GET] ::1 /v1/component 200 4.327899ms
2025/03/31 20:46:47 [GET] ::1 /v1/admin/checkauth 200 2.435696ms
2025/03/31 20:46:47 [GET] ::1 /v1/admin/checkauth 200 2.069651ms
2025/03/31 20:46:47 [GET] ::1 /v1/component 200 1.79146ms
2025/03/31 20:50:21 [GET] ::1 /v1/admin/checkauth 200 10.29377ms
2025/03/31 20:50:21 [GET] ::1 /v1/admin/checkauth 200 20.890286ms
2025/03/31 20:50:21 [GET] ::1 /v1/checkstatus 200 18.107µs
2025/03/31 20:50:25 [GET] ::1 /v1/admin/checkauth 200 3.266675ms
2025/03/31 20:50:26 [GET] ::1 /v1/component 200 6.065014ms
2025/03/31 20:50:26 [GET] ::1 /v1/admin/checkauth 200 2.877346ms
2025/03/31 20:50:28 [GET] ::1 /v1/admin/checkauth 200 3.146343ms
2025/03/31 20:50:28 [GET] ::1 /v1/admin/checkauth 200 4.040683ms
2025/03/31 20:50:28 [GET] ::1 /v1/config 200 8.15527ms
2025/03/31 20:50:28 [GET] ::1 /v1/admin/checkauth 200 2.49591ms
2025/03/31 20:50:29 [GET] ::1 /v1/admin/checkauth 200 2.61315ms
2025/03/31 20:50:29 [GET] ::1 /v1/component 200 3.210788ms
2025/03/31 20:50:30 [GET] ::1 /v1/admin/checkauth 200 5.632873ms
2025/03/31 20:50:30 [GET] ::1 /v1/admin/checkauth 200 2.464588ms
2025/03/31 20:50:30 [GET] ::1 /v1/component 200 2.376498ms
2025/03/31 20:50:34 [GET] ::1 /v1/admin/checkauth 200 2.627362ms
2025/03/31 20:50:35 [GET] ::1 /v1/component 200 3.206394ms
2025/03/31 20:50:35 [GET] ::1 /v1/admin/checkauth 200 4.007928ms
2025/03/31 20:50:35 [GET] ::1 /v1/component 200 9.51914ms
2025/03/31 20:50:44 [GET] ::1 /v1/admin/checkauth 200 2.141946ms
2025/03/31 20:50:45 [GET] ::1 /v1/component 200 2.329422ms
2025/03/31 20:50:45 [GET] ::1 /v1/admin/checkauth 200 3.302555ms
2025/03/31 20:50:46 [GET] ::1 /v1/component 200 2.794839ms
2025/03/31 20:52:39 [GET] ::1 /v1/admin/checkauth 200 7.697454ms
2025/03/31 20:52:39 [GET] ::1 /v1/checkstatus 200 17.75µs
2025/03/31 20:52:42 [GET] ::1 /v1/admin/checkauth 200 3.101559ms
2025/03/31 20:52:43 [GET] ::1 /v1/component 200 3.236634ms
2025/03/31 20:52:43 [GET] ::1 /v1/admin/checkauth 200 4.276677ms
2025/03/31 20:52:44 [GET] ::1 /v1/admin/checkauth 200 2.705434ms
2025/03/31 20:52:44 [GET] ::1 /v1/admin/checkauth 200 3.233825ms
2025/03/31 20:52:44 [GET] ::1 /v1/config 200 4.489915ms
2025/03/31 20:52:44 [GET] ::1 /v1/admin/checkauth 200 2.119103ms
2025/03/31 20:52:45 [GET] ::1 /v1/admin/checkauth 200 2.651213ms
2025/03/31 20:52:45 [GET] ::1 /v1/component 200 3.577256ms
2025/03/31 20:52:45 [GET] ::1 /v1/admin/checkauth 200 6.116004ms
2025/03/31 20:52:47 [GET] ::1 /v1/admin/checkauth 200 2.555835ms
2025/03/31 20:52:47 [GET] ::1 /v1/component 200 2.563348ms
2025/03/31 20:55:28 [GET] ::1 /v1/admin/checkauth 200 13.987021ms
2025/03/31 20:55:28 [GET] ::1 /v1/checkstatus 200 18.806µs
2025/03/31 20:55:31 [GET] ::1 /v1/admin/checkauth 200 2.978337ms
2025/03/31 20:55:33 [GET] ::1 /v1/component 200 6.459305ms
2025/03/31 20:55:33 [GET] ::1 /v1/admin/checkauth 200 2.62183ms
2025/03/31 20:55:33 [GET] ::1 /v1/admin/checkauth 200 3.53966ms
2025/03/31 20:55:33 [GET] ::1 /v1/admin/checkauth 200 3.806762ms
2025/03/31 20:55:34 [GET] ::1 /v1/config 200 1.912945ms
2025/03/31 20:55:34 [GET] ::1 /v1/admin/checkauth 200 2.359033ms
2025/03/31 20:55:35 [GET] ::1 /v1/admin/checkauth 200 1.720761ms
2025/03/31 20:55:35 [GET] ::1 /v1/component 200 1.978791ms
2025/03/31 20:55:35 [GET] ::1 /v1/admin/checkauth 200 2.300635ms
2025/03/31 20:55:36 [GET] ::1 /v1/admin/checkauth 200 1.933493ms
2025/03/31 20:55:36 [GET] ::1 /v1/component 200 1.733464ms
2025/03/31 20:56:36 [GET] ::1 /v1/admin/checkauth 200 5.521183ms
2025/03/31 20:56:36 [GET] ::1 /v1/checkstatus 200 15.19µs
2025/03/31 20:56:39 [GET] ::1 /v1/admin/checkauth 200 4.564648ms
2025/03/31 20:56:40 [GET] ::1 /v1/component 200 2.2384ms
2025/03/31 20:56:40 [GET] ::1 /v1/admin/checkauth 200 7.97651ms
2025/03/31 20:56:41 [GET] ::1 /v1/admin/checkauth 200 2.042349ms
2025/03/31 20:56:41 [GET] ::1 /v1/admin/checkauth 200 2.675907ms
2025/03/31 20:56:41 [GET] ::1 /v1/config 200 2.449743ms
2025/03/31 20:56:41 [GET] ::1 /v1/admin/checkauth 200 17.467197ms
2025/03/31 20:56:42 [GET] ::1 /v1/admin/checkauth 200 3.727967ms
2025/03/31 20:56:43 [GET] ::1 /v1/component 200 1.922238ms
2025/03/31 20:56:43 [GET] ::1 /v1/admin/checkauth 200 2.023573ms
2025/03/31 20:56:43 [GET] ::1 /v1/admin/checkauth 200 2.994509ms
2025/03/31 20:56:44 [GET] ::1 /v1/component 200 6.653016ms
2025/03/31 20:59:22 [GET] ::1 /v1/admin/checkauth 200 11.86161ms
2025/03/31 20:59:22 [GET] ::1 /v1/admin/checkauth 200 6.809557ms
2025/03/31 20:59:23 [GET] ::1 /v1/checkstatus 200 22.615µs
2025/03/31 20:59:27 [GET] ::1 /v1/admin/checkauth 200 3.12495ms
2025/03/31 20:59:28 [GET] ::1 /v1/component 200 2.878314ms
2025/03/31 20:59:28 [GET] ::1 /v1/admin/checkauth 200 3.081815ms
2025/03/31 20:59:30 [GET] ::1 /v1/admin/checkauth 200 2.787048ms
2025/03/31 20:59:30 [GET] ::1 /v1/admin/checkauth 200 2.813908ms
2025/03/31 20:59:30 [GET] ::1 /v1/admin/checkauth 200 4.333936ms
2025/03/31 20:59:31 [GET] ::1 /v1/checkstatus 200 20.319µs
2025/03/31 20:59:32 [GET] ::1 /v1/config 200 4.999651ms
2025/03/31 20:59:35 [GET] ::1 /v1/admin/checkauth 200 3.869402ms
2025/03/31 20:59:36 [GET] ::1 /v1/component 200 4.469516ms
2025/03/31 20:59:36 [GET] ::1 /v1/admin/checkauth 200 2.462807ms
2025/03/31 20:59:37 [GET] ::1 /v1/admin/checkauth 200 3.312192ms
2025/03/31 20:59:37 [GET] ::1 /v1/admin/checkauth 200 3.865768ms
2025/03/31 20:59:37 [GET] ::1 /v1/config 200 6.020672ms
2025/03/31 21:01:08 [GET] ::1 /v1/admin/checkauth 200 12.051224ms
2025/03/31 21:01:09 [GET] ::1 /v1/checkstatus 200 19.824µs
2025/03/31 21:01:12 [GET] ::1 /v1/admin/checkauth 200 4.200685ms
2025/03/31 21:01:13 [GET] ::1 /v1/component 200 2.152832ms
2025/03/31 21:01:13 [GET] ::1 /v1/admin/checkauth 200 2.48426ms
2025/03/31 21:01:14 [GET] ::1 /v1/admin/checkauth 200 2.326588ms
2025/03/31 21:01:14 [GET] ::1 /v1/admin/checkauth 200 3.865195ms
2025/03/31 21:01:14 [GET] ::1 /v1/config 200 1.943939ms
2025/03/31 21:02:06 [GET] ::1 /v1/admin/checkauth 200 6.339945ms
2025/03/31 21:02:07 [GET] ::1 /v1/checkstatus 200 18.548µs
2025/03/31 21:02:11 [GET] ::1 /v1/admin/checkauth 200 28.834884ms
2025/03/31 21:02:12 [GET] ::1 /v1/component 200 3.268298ms
2025/03/31 21:02:12 [GET] ::1 /v1/admin/checkauth 200 8.576027ms
2025/03/31 21:02:13 [GET] ::1 /v1/admin/checkauth 200 1.95299ms
2025/03/31 21:02:13 [GET] ::1 /v1/admin/checkauth 200 3.978821ms
2025/03/31 21:02:13 [GET] ::1 /v1/config 200 4.618555ms
2025/03/31 21:03:05 [GET] ::1 /v1/admin/checkauth 200 4.296421ms
2025/03/31 21:03:06 [GET] ::1 /v1/checkstatus 200 19.797µs
2025/03/31 21:03:09 [GET] ::1 /v1/admin/checkauth 200 2.150154ms
2025/03/31 21:03:11 [GET] ::1 /v1/component 200 1.374174ms
2025/03/31 21:03:11 [GET] ::1 /v1/admin/checkauth 200 3.10917ms
2025/03/31 21:03:11 [GET] ::1 /v1/admin/checkauth 200 9.038807ms
2025/03/31 21:03:12 [GET] ::1 /v1/admin/checkauth 200 4.345541ms
2025/03/31 21:03:12 [GET] ::1 /v1/config 200 3.085341ms
2025/03/31 21:03:18 [GET] ::1 /v1/admin/checkauth 200 1.892608ms
2025/03/31 21:03:20 [GET] ::1 /v1/checkstatus 200 17.965µs
2025/03/31 21:03:23 [GET] ::1 /v1/admin/checkauth 200 6.423894ms
2025/03/31 21:03:24 [GET] ::1 /v1/component 200 2.274532ms
2025/03/31 21:03:24 [GET] ::1 /v1/admin/checkauth 200 2.83883ms
2025/03/31 21:03:24 [GET] ::1 /v1/admin/checkauth 200 2.868094ms
2025/03/31 21:03:24 [GET] ::1 /v1/admin/checkauth 200 1.843121ms
2025/03/31 21:03:25 [GET] ::1 /v1/config 200 1.698988ms
2025/03/31 21:07:50 [GET] ::1 /v1/admin/checkauth 200 12.874854ms
2025/03/31 21:07:50 [GET] ::1 /v1/checkstatus 200 21.561µs
2025/03/31 21:07:54 [GET] ::1 /v1/admin/checkauth 200 3.270476ms
2025/03/31 21:07:56 [GET] ::1 /v1/component 200 7.305199ms
2025/03/31 21:07:56 [GET] ::1 /v1/admin/checkauth 200 3.577043ms
2025/03/31 21:07:56 [GET] ::1 /v1/admin/checkauth 200 3.673618ms
2025/03/31 21:07:56 [GET] ::1 /v1/admin/checkauth 200 2.801963ms
2025/03/31 21:07:57 [GET] ::1 /v1/config 200 5.057505ms
2025/03/31 21:08:45 [GET] ::1 /v1/admin/checkauth 200 14.858002ms
2025/03/31 21:08:47 [GET] ::1 /v1/checkstatus 200 19.415µs
2025/03/31 21:08:50 [GET] ::1 /v1/admin/checkauth 200 15.532895ms
2025/03/31 21:08:52 [GET] ::1 /v1/component 200 30.191562ms
2025/03/31 21:08:52 [GET] ::1 /v1/admin/checkauth 200 2.080021ms
2025/03/31 21:08:52 [GET] ::1 /v1/admin/checkauth 200 4.504726ms
2025/03/31 21:08:52 [GET] ::1 /v1/admin/checkauth 200 5.047978ms
2025/03/31 21:08:53 [GET] ::1 /v1/config 200 10.033479ms
2025/03/31 21:09:18 [GET] ::1 /v1/admin/checkauth 200 4.814008ms
2025/03/31 21:09:19 [GET] ::1 /v1/checkstatus 200 437.208µs
2025/03/31 21:09:23 [GET] ::1 /v1/admin/checkauth 200 4.841839ms
2025/03/31 21:09:24 [GET] ::1 /v1/component 200 5.930197ms
2025/03/31 21:09:24 [GET] ::1 /v1/admin/checkauth 200 2.220463ms
2025/03/31 21:09:25 [GET] ::1 /v1/admin/checkauth 200 2.085804ms
2025/03/31 21:09:25 [GET] ::1 /v1/admin/checkauth 200 2.598549ms
2025/03/31 21:09:25 [GET] ::1 /v1/config 200 2.746829ms
2025/03/31 21:09:27 [GET] ::1 /v1/admin/checkauth 200 3.494548ms
2025/03/31 21:09:28 [GET] ::1 /v1/checkstatus 200 20.507µs
2025/03/31 21:09:31 [GET] ::1 /v1/admin/checkauth 200 2.257558ms
2025/03/31 21:09:32 [GET] ::1 /v1/component 200 2.725071ms
2025/03/31 21:09:32 [GET] ::1 /v1/admin/checkauth 200 8.379621ms
2025/03/31 21:09:32 [GET] ::1 /v1/admin/checkauth 200 3.130633ms
2025/03/31 21:09:33 [GET] ::1 /v1/admin/checkauth 200 3.44225ms
2025/03/31 21:09:33 [GET] ::1 /v1/config 200 2.742993ms
2025/03/31 21:15:56 [GET] ::1 /v1/admin/checkauth 200 235.650661ms
2025/03/31 21:15:58 [GET] ::1 /v1/checkstatus 200 40.578µs
2025/03/31 21:16:02 [GET] ::1 /v1/admin/checkauth 200 5.10042ms
2025/03/31 21:16:03 [GET] ::1 /v1/component 200 27.428972ms
2025/03/31 21:16:03 [GET] ::1 /v1/admin/checkauth 200 10.473876ms
2025/03/31 21:16:04 [GET] ::1 /v1/admin/checkauth 200 3.413375ms
2025/03/31 21:16:04 [GET] ::1 /v1/admin/checkauth 200 9.059202ms
2025/03/31 21:16:05 [GET] ::1 /v1/config 200 6.398312ms
2025/03/31 21:16:05 [GET] ::1 /v1/admin/checkauth 200 2.414394ms
2025/03/31 21:16:05 [GET] ::1 /v1/admin/checkauth 200 3.565575ms
2025/03/31 21:16:10 [GET] ::1 /v1/component 200 6.931602ms
2025/03/31 21:16:10 [GET] ::1 /v1/admin/checkauth 200 4.467045ms
2025/03/31 21:16:11 [GET] ::1 /v1/admin/checkauth 200 3.070685ms
2025/03/31 21:16:11 [GET] ::1 /v1/component 200 3.670753ms
2025/03/31 21:19:07 [GET] ::1 /v1/admin/checkauth 200 83.946542ms
2025/03/31 21:19:08 [GET] ::1 /v1/checkstatus 200 977.836µs
2025/03/31 21:19:12 [GET] ::1 /v1/admin/checkauth 200 2.747596ms
2025/03/31 21:19:13 [GET] ::1 /v1/component 200 15.743305ms
2025/03/31 21:19:13 [GET] ::1 /v1/admin/checkauth 200 3.977181ms
2025/03/31 21:19:13 [GET] ::1 /v1/admin/checkauth 200 2.179984ms
2025/03/31 21:19:13 [GET] ::1 /v1/admin/checkauth 200 2.72765ms
2025/03/31 21:19:14 [GET] ::1 /v1/config 200 4.044551ms
2025/03/31 21:19:14 [GET] ::1 /v1/admin/checkauth 200 3.811025ms
2025/03/31 21:19:14 [GET] ::1 /v1/admin/checkauth 200 2.310613ms
2025/03/31 21:19:15 [GET] ::1 /v1/component 200 4.941035ms
2025/03/31 21:19:15 [GET] ::1 /v1/admin/checkauth 200 3.438511ms
2025/03/31 21:19:15 [GET] ::1 /v1/admin/checkauth 200 2.094838ms
2025/03/31 21:19:16 [GET] ::1 /v1/component 200 2.09613ms
2025/03/31 21:21:25 [GET] ::1 /v1/admin/checkauth 200 18.542122ms
2025/03/31 21:21:25 [GET] ::1 /v1/checkstatus 200 18.773µs
2025/03/31 21:21:29 [GET] ::1 /v1/admin/checkauth 200 2.949097ms
2025/03/31 21:21:30 [GET] ::1 /v1/component 200 4.550427ms
2025/03/31 21:21:30 [GET] ::1 /v1/admin/checkauth 200 1.828595ms
2025/03/31 21:21:30 [GET] ::1 /v1/admin/checkauth 200 2.202481ms
2025/03/31 21:21:30 [GET] ::1 /v1/admin/checkauth 200 2.186879ms
2025/03/31 21:21:30 [GET] ::1 /v1/config 200 3.456189ms
2025/03/31 21:21:31 [GET] ::1 /v1/admin/checkauth 200 4.079662ms
2025/03/31 21:21:31 [GET] ::1 /v1/admin/checkauth 200 1.94355ms
2025/03/31 21:21:33 [GET] ::1 /v1/component 200 1.794663ms
2025/03/31 21:21:33 [GET] ::1 /v1/admin/checkauth 200 3.004488ms
2025/03/31 21:21:33 [GET] ::1 /v1/admin/checkauth 200 2.79936ms
2025/03/31 21:21:34 [GET] ::1 /v1/component 200 1.967057ms
2025/03/31 21:23:49 [GET] ::1 /v1/admin/checkauth 200 8.243405ms
2025/03/31 21:23:50 [GET] ::1 /v1/checkstatus 200 16.725µs
2025/03/31 21:23:53 [GET] ::1 /v1/admin/checkauth 200 2.379814ms
2025/03/31 21:23:54 [GET] ::1 /v1/component 200 7.02404ms
2025/03/31 21:23:54 [GET] ::1 /v1/admin/checkauth 200 2.725001ms
2025/03/31 21:23:55 [GET] ::1 /v1/admin/checkauth 200 3.198466ms
2025/03/31 21:23:55 [GET] ::1 /v1/admin/checkauth 200 2.323417ms
2025/03/31 21:23:55 [GET] ::1 /v1/config 200 4.240616ms
2025/03/31 21:23:55 [GET] ::1 /v1/admin/checkauth 200 3.10063ms
2025/03/31 21:23:56 [GET] ::1 /v1/admin/checkauth 200 1.82765ms
2025/03/31 21:23:56 [GET] ::1 /v1/component 200 2.265677ms
2025/03/31 21:23:56 [GET] ::1 /v1/admin/checkauth 200 6.584142ms
2025/03/31 21:23:57 [GET] ::1 /v1/admin/checkauth 200 2.188135ms
2025/03/31 21:23:58 [GET] ::1 /v1/component 200 1.848791ms
2025/03/31 21:24:58 [GET] ::1 /v1/admin/checkauth 200 9.597819ms
2025/03/31 21:24:59 [GET] ::1 /v1/checkstatus 200 16.887µs
2025/03/31 21:25:02 [GET] ::1 /v1/admin/checkauth 200 2.59755ms
2025/03/31 21:25:03 [GET] ::1 /v1/component 200 4.341019ms
2025/03/31 21:25:03 [GET] ::1 /v1/admin/checkauth 200 2.724813ms
2025/03/31 21:25:04 [GET] ::1 /v1/admin/checkauth 200 2.918671ms
2025/03/31 21:25:04 [GET] ::1 /v1/admin/checkauth 200 6.500151ms
2025/03/31 21:25:04 [GET] ::1 /v1/config 200 3.546993ms
2025/03/31 21:25:04 [GET] ::1 /v1/admin/checkauth 200 2.348573ms
2025/03/31 21:25:05 [GET] ::1 /v1/admin/checkauth 200 2.239683ms
2025/03/31 21:25:05 [GET] ::1 /v1/component 200 1.763232ms
2025/03/31 21:25:05 [GET] ::1 /v1/admin/checkauth 200 4.649044ms
2025/03/31 21:25:06 [GET] ::1 /v1/admin/checkauth 200 4.32768ms
2025/03/31 21:25:07 [GET] ::1 /v1/component 200 2.262533ms
2025/03/31 21:33:12 [GET] ::1 /v1/admin/checkauth 200 175.585987ms
2025/03/31 21:33:14 [GET] ::1 /v1/checkstatus 200 25.624µs
2025/03/31 21:33:18 [GET] ::1 /v1/admin/checkauth 200 5.747092ms
2025/03/31 21:33:20 [GET] ::1 /v1/component 200 17.635325ms
2025/03/31 21:33:20 [GET] ::1 /v1/admin/checkauth 200 10.030647ms
2025/03/31 21:33:20 [GET] ::1 /v1/admin/checkauth 200 4.519146ms
2025/03/31 21:33:21 [GET] ::1 /v1/admin/checkauth 200 4.366614ms
2025/03/31 21:33:21 [GET] ::1 /v1/config 200 7.093808ms
2025/03/31 21:33:21 [GET] ::1 /v1/admin/checkauth 200 1.951345ms
2025/03/31 21:33:22 [GET] ::1 /v1/admin/checkauth 200 4.903612ms
2025/03/31 21:33:22 [GET] ::1 /v1/component 200 2.987776ms
2025/03/31 21:33:23 [GET] ::1 /v1/admin/checkauth 200 3.572548ms
2025/03/31 21:33:23 [GET] ::1 /v1/admin/checkauth 200 4.135753ms
2025/03/31 21:33:24 [GET] ::1 /v1/component 200 3.009006ms
