2025/04/12 10:00:01 [GET] ::1 /v1/checkstatus 200 43.579µs
2025/04/12 10:00:01 [GET] ::1 /v1/component 200 15.665392ms
2025/04/12 10:00:01 [GET] ::1 /v1/config/key/homepage 200 18.498056ms
2025/04/12 10:00:01 [GET] ::1 /v1/config/key/header_topbar 200 2.251358ms
2025/04/12 10:00:01 [GET] ::1 /v1/admin/pages/id/1 200 2.068027ms
2025/04/12 10:00:01 [GET] ::1 /v1/config/key/layout 200 5.270837ms
2025/04/12 10:00:01 [GET] ::1 /v1/config/key/header_siteidentify 200 5.830168ms
2025/04/12 10:00:01 [GET] ::1 /v1/image/22 200 4.856844ms
2025/04/12 10:00:01 [GET] ::1 /v1/image/23 200 4.28923ms
2025/04/12 10:00:01 [GET] ::1 /v1/config/key/style_typography 200 9.992271ms
2025/04/12 10:00:01 [GET] ::1 /v1/config/key/style_color 200 4.861047ms
2025/04/12 10:00:01 [GET] ::1 /v1/config/key/style_drawer 200 2.258519ms
2025/04/12 10:01:39 [GET] ::1 /v1/checkstatus 200 57.354µs
2025/04/12 10:01:39 [GET] ::1 /v1/config/key/homepage 200 4.026824ms
2025/04/12 10:01:39 [GET] ::1 /v1/component 200 5.127189ms
2025/04/12 10:01:39 [GET] ::1 /v1/admin/pages/id/1 200 1.46009ms
2025/04/12 10:01:39 [GET] ::1 /v1/config/key/layout 200 6.448393ms
2025/04/12 10:01:39 [GET] ::1 /v1/config/key/header_topbar 200 22.263966ms
2025/04/12 10:01:39 [GET] ::1 /v1/config/key/header_siteidentify 200 3.084202ms
2025/04/12 10:01:39 [GET] ::1 /v1/image/22 200 13.797514ms
2025/04/12 10:01:39 [GET] ::1 /v1/image/23 200 20.087677ms
2025/04/12 10:01:39 [GET] ::1 /v1/config/key/style_typography 200 14.478167ms
2025/04/12 10:01:39 [GET] ::1 /v1/config/key/style_color 200 2.165544ms
2025/04/12 10:01:39 [GET] ::1 /v1/config/key/style_drawer 200 3.069607ms
2025/04/12 10:55:42 [GET] ::1 /v1/checkstatus 200 52.76µs
2025/04/12 10:55:42 [GET] ::1 /v1/component 200 5.480195ms
2025/04/12 10:55:42 [GET] ::1 /v1/config/key/homepage 200 5.19467ms
2025/04/12 10:55:42 [GET] ::1 /v1/checkstatus 200 14.513µs
2025/04/12 10:55:42 [GET] ::1 /v1/admin/pages/id/1 200 2.02984ms
2025/04/12 10:55:43 [GET] ::1 /v1/component 200 2.247878ms
2025/04/12 10:55:43 [GET] ::1 /v1/config/key/homepage 200 2.752724ms
2025/04/12 10:55:43 [GET] ::1 /v1/config/key/header_topbar 200 2.95775ms
2025/04/12 10:55:43 [GET] ::1 /v1/checkstatus 200 33.901µs
2025/04/12 10:55:43 [GET] ::1 /v1/component 200 2.531617ms
2025/04/12 10:55:43 [GET] ::1 /v1/config/key/homepage 200 2.012985ms
2025/04/12 10:55:43 [GET] ::1 /v1/admin/pages/id/1 200 3.46961ms
2025/04/12 10:55:43 [GET] ::1 /v1/config/key/header_siteidentify 200 2.137972ms
2025/04/12 10:55:43 [GET] ::1 /v1/image/23 200 9.116021ms
2025/04/12 10:55:43 [GET] ::1 /v1/admin/pages/id/1 200 11.911654ms
2025/04/12 10:55:43 [GET] ::1 /v1/checkstatus 200 17.912µs
2025/04/12 10:55:43 [GET] ::1 /v1/config/key/homepage 200 2.753353ms
2025/04/12 10:55:43 [GET] ::1 /v1/component 200 2.710023ms
2025/04/12 10:55:43 [GET] ::1 /v1/config/key/header_topbar 200 1.776036ms
2025/04/12 10:55:43 [GET] ::1 /v1/config/key/header_topbar 200 1.842377ms
2025/04/12 10:55:43 [GET] ::1 /v1/config/key/header_topbar 200 2.379648ms
2025/04/12 10:55:43 [GET] ::1 /v1/config/key/header_siteidentify 200 1.863624ms
2025/04/12 10:55:43 [GET] ::1 /v1/admin/pages/id/1 200 4.570591ms
2025/04/12 10:55:43 [GET] ::1 /v1/image/23 200 5.895274ms
2025/04/12 10:55:43 [GET] ::1 /v1/config/key/header_siteidentify 200 3.998744ms
2025/04/12 10:55:43 [GET] ::1 /v1/config/key/header_siteidentify 200 2.02194ms
2025/04/12 10:55:43 [GET] ::1 /v1/image/23 200 1.932446ms
2025/04/12 10:55:43 [GET] ::1 /v1/image/23 200 5.760123ms
2025/04/12 11:03:33 [GET] ::1 /v1/checkstatus 200 62.352µs
2025/04/12 11:03:33 [GET] ::1 /v1/config/key/layout 200 3.810659ms
2025/04/12 11:04:22 [GET] ::1 /v1/checkstatus 200 39.857µs
2025/04/12 11:04:22 [GET] ::1 /v1/config/key/layout 200 10.449782ms
2025/04/12 11:04:22 [GET] ::1 /v1/image/22 200 3.451067ms
2025/04/12 11:04:22 [GET] ::1 /v1/config/key/style_typography 200 2.105239ms
2025/04/12 11:04:22 [GET] ::1 /v1/config/key/style_color 200 4.19216ms
2025/04/12 11:04:22 [GET] ::1 /v1/config/key/style_drawer 200 1.898728ms
2025/04/12 11:04:22 [GET] ::1 /v1/component 200 7.239382ms
2025/04/12 11:04:22 [GET] ::1 /v1/config/key/homepage 200 9.438922ms
2025/04/12 11:04:22 [GET] ::1 /v1/admin/pages/id/1 200 2.840995ms
2025/04/12 11:04:22 [GET] ::1 /v1/config/key/header_topbar 200 6.167932ms
2025/04/12 11:04:22 [GET] ::1 /v1/config/key/header_siteidentify 200 7.552317ms
2025/04/12 11:04:22 [GET] ::1 /v1/image/23 200 5.2449ms
2025/04/12 11:04:34 [GET] ::1 /v1/checkstatus 200 37.931µs
2025/04/12 11:04:34 [GET] ::1 /v1/config/key/layout 200 12.814684ms
2025/04/12 11:04:34 [GET] ::1 /v1/image/22 200 3.056272ms
2025/04/12 11:04:34 [GET] ::1 /v1/config/key/style_typography 200 2.838703ms
2025/04/12 11:04:34 [GET] ::1 /v1/config/key/style_color 200 3.590891ms
2025/04/12 11:04:34 [GET] ::1 /v1/config/key/style_drawer 200 5.274147ms
2025/04/12 11:04:34 [GET] ::1 /v1/component 200 3.710839ms
2025/04/12 11:04:34 [GET] ::1 /v1/config/key/homepage 200 2.911317ms
2025/04/12 11:04:34 [GET] ::1 /v1/config/key/header_topbar 200 6.816237ms
2025/04/12 11:04:34 [GET] ::1 /v1/admin/pages/id/1 200 1.751932ms
2025/04/12 11:04:34 [GET] ::1 /v1/config/key/header_siteidentify 200 2.20853ms
2025/04/12 11:04:34 [GET] ::1 /v1/image/23 200 4.604264ms
2025/04/12 11:04:44 [GET] ::1 /v1/checkstatus 200 66.996µs
2025/04/12 11:04:44 [GET] ::1 /v1/config/key/layout 200 5.208496ms
2025/04/12 11:04:44 [GET] ::1 /v1/image/22 200 4.582939ms
2025/04/12 11:04:44 [GET] ::1 /v1/config/key/style_typography 200 3.208903ms
2025/04/12 11:04:44 [GET] ::1 /v1/config/key/style_color 200 3.153051ms
2025/04/12 11:04:44 [GET] ::1 /v1/config/key/style_drawer 200 3.354043ms
2025/04/12 11:04:44 [GET] ::1 /v1/component 200 2.882933ms
2025/04/12 11:04:44 [GET] ::1 /v1/config/key/homepage 200 3.49202ms
2025/04/12 11:04:44 [GET] ::1 /v1/admin/pages/id/1 200 2.279087ms
2025/04/12 11:04:44 [GET] ::1 /v1/config/key/header_topbar 200 9.25052ms
2025/04/12 11:04:44 [GET] ::1 /v1/config/key/header_siteidentify 200 2.509194ms
2025/04/12 11:04:44 [GET] ::1 /v1/image/23 200 3.311012ms
2025/04/12 11:08:35 [GET] ::1 /v1/checkstatus 200 25.594µs
2025/04/12 11:08:36 [GET] ::1 /v1/config/key/layout 200 17.740397ms
2025/04/12 11:08:36 [GET] ::1 /v1/image/22 200 17.098949ms
2025/04/12 11:08:36 [GET] ::1 /v1/config/key/style_typography 200 1.693319ms
2025/04/12 11:08:36 [GET] ::1 /v1/config/key/style_color 200 2.299204ms
2025/04/12 11:08:36 [GET] ::1 /v1/config/key/style_drawer 200 4.452823ms
2025/04/12 11:08:36 [GET] ::1 /v1/component 200 9.420938ms
2025/04/12 11:08:36 [GET] ::1 /v1/config/key/header_topbar 200 6.128589ms
2025/04/12 11:08:36 [GET] ::1 /v1/config/key/header_siteidentify 200 8.005124ms
2025/04/12 11:08:36 [GET] ::1 /v1/config/key/homepage 200 38.532243ms
2025/04/12 11:08:36 [GET] ::1 /v1/image/23 200 4.554749ms
2025/04/12 11:08:36 [GET] ::1 /v1/page/1 200 50.318049ms
2025/04/12 11:08:38 [GET] ::1 /v1/config 200 3.413866ms
2025/04/12 11:11:08 [GET] ::1 /v1/checkstatus 200 2.367411ms
2025/04/12 11:11:08 [GET] ::1 /v1/config/key/layout 200 29.426265ms
2025/04/12 11:11:08 [GET] ::1 /v1/image/22 200 4.130251ms
2025/04/12 11:11:08 [GET] ::1 /v1/config/key/style_typography 200 2.435756ms
2025/04/12 11:11:08 [GET] ::1 /v1/config/key/style_color 200 1.862671ms
2025/04/12 11:11:08 [GET] ::1 /v1/config/key/style_drawer 200 1.788947ms
2025/04/12 11:11:08 [GET] ::1 /v1/config/key/homepage 200 1.46446ms
2025/04/12 11:11:08 [GET] ::1 /v1/component 200 5.500349ms
2025/04/12 11:11:08 [GET] ::1 /v1/config/key/header_topbar 200 3.850598ms
2025/04/12 11:11:08 [GET] ::1 /v1/page/1 200 2.606176ms
2025/04/12 11:11:08 [GET] ::1 /v1/config/key/header_siteidentify 200 4.910237ms
2025/04/12 11:11:08 [GET] ::1 /v1/image/23 200 2.981973ms
2025/04/12 11:11:09 [GET] ::1 /v1/config 200 4.894002ms
2025/04/12 11:11:14 [POST] ::1 /v1/admin/token/refresh 200 48.713697ms
2025/04/12 11:11:17 [GET] ::1 /v1/checkstatus 200 29.556µs
2025/04/12 11:11:18 [GET] ::1 /v1/admin/checkauth 200 14.625939ms
2025/04/12 11:11:18 [GET] ::1 /v1/admin/checkauth 200 2.16209ms
2025/04/12 11:11:18 [GET] ::1 /v1/admin/checkauth 200 3.496348ms
2025/04/12 11:11:18 [GET] ::1 /v1/config 200 2.28353ms
2025/04/12 11:11:18 [GET] ::1 /v1/admin/checkauth 200 2.797892ms
2025/04/12 11:11:18 [GET] ::1 /v1/admin/checkauth 200 2.055004ms
2025/04/12 11:11:26 [GET] ::1 /v1/admin/checkauth 200 5.864417ms
2025/04/12 11:11:28 [GET] ::1 /v1/admin/checkauth 200 2.109917ms
2025/04/12 11:11:28 [GET] ::1 /v1/admin/images 200 12.095416ms
2025/04/12 11:11:28 [GET] ::1 /v1/admin/checkauth 200 3.08656ms
2025/04/12 11:11:29 [GET] ::1 /v1/admin/images 200 5.257617ms
2025/04/12 11:11:34 [GET] ::1 /v1/admin/checkauth 200 7.718736ms
2025/04/12 11:11:49 [GET] ::1 /v1/admin/checkauth 200 1.704842ms
2025/04/12 11:11:50 [GET] ::1 /v1/checkstatus 200 23.302µs
2025/04/12 11:11:50 [GET] ::1 /v1/config/key/layout 200 2.158807ms
2025/04/12 11:11:50 [GET] ::1 /v1/image/22 200 1.586584ms
2025/04/12 11:11:50 [GET] ::1 /v1/config/key/style_typography 200 1.396471ms
2025/04/12 11:11:50 [GET] ::1 /v1/config/key/style_color 200 1.837412ms
2025/04/12 11:11:50 [GET] ::1 /v1/config/key/style_drawer 200 4.597086ms
2025/04/12 11:11:50 [GET] ::1 /v1/config/key/homepage 200 5.604427ms
2025/04/12 11:11:50 [GET] ::1 /v1/component 200 10.738168ms
2025/04/12 11:11:50 [GET] ::1 /v1/page/1 200 2.237697ms
2025/04/12 11:11:50 [GET] ::1 /v1/config/key/header_topbar 200 2.384345ms
2025/04/12 11:11:50 [GET] ::1 /v1/config/key/header_siteidentify 200 1.838296ms
2025/04/12 11:11:50 [GET] ::1 /v1/image/23 200 1.732037ms
2025/04/12 11:11:51 [GET] ::1 /v1/config 200 6.135054ms
2025/04/12 11:11:59 [GET] ::1 /v1/admin/checkauth 200 6.374271ms
2025/04/12 11:12:01 [GET] ::1 /v1/admin/checkauth 200 2.610839ms
2025/04/12 11:12:01 [GET] ::1 /v1/admin/pagecategories 200 7.803171ms
2025/04/12 11:12:01 [GET] ::1 /v1/admin/checkauth 200 1.755103ms
2025/04/12 11:12:02 [GET] ::1 /v1/admin/pages 200 15.471018ms
2025/04/12 11:12:02 [GET] ::1 /v1/admin/checkauth 200 5.436812ms
2025/04/12 11:12:02 [GET] ::1 /v1/admin/menu_locations 200 9.643736ms
2025/04/12 11:12:02 [GET] ::1 /v1/admin/checkauth 200 1.783832ms
2025/04/12 11:12:02 [GET] ::1 /v1/admin/menus 200 5.334982ms
2025/04/12 11:12:02 [GET] ::1 /v1/admin/checkauth 200 1.930223ms
2025/04/12 11:12:02 [GET] ::1 /v1/admin/pagecategories 200 4.837929ms
2025/04/12 11:12:02 [GET] ::1 /v1/admin/checkauth 200 4.679919ms
2025/04/12 11:12:02 [GET] ::1 /v1/admin/pages 200 4.658913ms
2025/04/12 11:12:02 [GET] ::1 /v1/admin/checkauth 200 4.106792ms
2025/04/12 11:12:02 [GET] ::1 /v1/admin/menu_locations 200 4.483081ms
2025/04/12 11:12:02 [GET] ::1 /v1/admin/checkauth 200 3.970226ms
2025/04/12 11:12:03 [GET] ::1 /v1/admin/menus 200 3.8525ms
2025/04/12 11:12:03 [GET] ::1 /v1/admin/checkauth 200 3.857489ms
2025/04/12 11:12:03 [GET] ::1 /v1/admin/categories 200 7.893395ms
2025/04/12 11:12:03 [GET] ::1 /v1/admin/checkauth 200 3.647385ms
2025/04/12 11:12:03 [GET] ::1 /v1/admin/menu_locations 200 4.204278ms
2025/04/12 11:12:03 [GET] ::1 /v1/admin/checkauth 200 3.277317ms
2025/04/12 11:12:03 [GET] ::1 /v1/page/1 200 2.832177ms
2025/04/12 11:12:03 [GET] ::1 /v1/admin/checkauth 200 8.767118ms
2025/04/12 11:12:03 [GET] ::1 /v1/page/3 200 1.977386ms
2025/04/12 11:12:03 [GET] ::1 /v1/admin/checkauth 200 1.773466ms
2025/04/12 11:12:03 [GET] ::1 /v1/page/1 200 2.07528ms
2025/04/12 11:12:03 [GET] ::1 /v1/admin/checkauth 200 1.436354ms
2025/04/12 11:12:03 [GET] ::1 /v1/page/1 200 5.314916ms
2025/04/12 11:12:04 [GET] ::1 /v1/admin/checkauth 200 4.128934ms
2025/04/12 11:12:04 [GET] ::1 /v1/page/3 200 2.246299ms
2025/04/12 11:12:04 [GET] ::1 /v1/admin/checkauth 200 6.301992ms
2025/04/12 11:12:04 [GET] ::1 /v1/page/1 200 3.971489ms
2025/04/12 11:12:04 [GET] ::1 /v1/admin/checkauth 200 2.365958ms
2025/04/12 11:12:04 [GET] ::1 /v1/admin/categories 200 3.47896ms
2025/04/12 11:12:04 [GET] ::1 /v1/admin/checkauth 200 2.330194ms
2025/04/12 11:12:04 [GET] ::1 /v1/admin/menu_locations 200 3.202332ms
2025/04/12 11:12:04 [GET] ::1 /v1/admin/checkauth 200 7.877032ms
2025/04/12 11:12:04 [GET] ::1 /v1/page/1 200 2.726032ms
2025/04/12 11:12:04 [GET] ::1 /v1/admin/checkauth 200 2.937853ms
2025/04/12 11:12:04 [GET] ::1 /v1/page/3 200 1.91554ms
2025/04/12 11:12:04 [GET] ::1 /v1/admin/checkauth 200 2.647672ms
2025/04/12 11:12:05 [GET] ::1 /v1/page/1 200 1.685625ms
2025/04/12 11:12:05 [GET] ::1 /v1/admin/checkauth 200 2.682272ms
2025/04/12 11:12:05 [GET] ::1 /v1/page/1 200 2.215573ms
2025/04/12 11:12:05 [GET] ::1 /v1/admin/checkauth 200 4.684893ms
2025/04/12 11:12:05 [GET] ::1 /v1/page/3 200 2.788672ms
2025/04/12 11:12:05 [GET] ::1 /v1/admin/checkauth 200 3.699721ms
2025/04/12 11:12:05 [GET] ::1 /v1/page/1 200 2.116813ms
2025/04/12 11:12:59 [GET] ::1 /v1/admin/checkauth 200 4.523422ms
2025/04/12 11:13:23 [GET] ::1 /v1/admin/checkauth 200 3.277123ms
2025/04/12 11:13:25 [GET] ::1 /v1/admin/checkauth 200 2.599424ms
2025/04/12 11:13:25 [GET] ::1 /v1/admin/pages/type/1 200 13.997574ms
2025/04/12 11:13:26 [GET] ::1 /v1/admin/checkauth 200 2.25573ms
2025/04/12 11:13:26 [GET] ::1 /v1/admin/pages/type/1 200 5.649646ms
2025/04/12 11:13:26 [GET] ::1 /v1/admin/checkauth 200 10.01521ms
2025/04/12 11:13:26 [GET] ::1 /v1/admin/pages/typenstatus/ 200 7.335276ms
2025/04/12 11:13:26 [GET] ::1 /v1/admin/checkauth 200 2.386003ms
2025/04/12 11:13:26 [GET] ::1 /v1/admin/users/1 200 14.302539ms
2025/04/12 11:13:27 [GET] ::1 /v1/admin/checkauth 200 3.386638ms
2025/04/12 11:13:27 [GET] ::1 /v1/admin/users/1 200 5.812534ms
2025/04/12 11:13:27 [GET] ::1 /v1/admin/checkauth 200 4.614869ms
2025/04/12 11:13:27 [GET] ::1 /v1/admin/users/1 200 4.547712ms
2025/04/12 11:13:27 [GET] ::1 /v1/admin/checkauth 200 2.00741ms
2025/04/12 11:13:27 [GET] ::1 /v1/admin/users/1 200 8.651564ms
2025/04/12 11:13:27 [GET] ::1 /v1/admin/checkauth 200 2.60914ms
2025/04/12 11:13:27 [GET] ::1 /v1/admin/users/1 200 8.038597ms
2025/04/12 11:13:27 [GET] ::1 /v1/admin/checkauth 200 2.984893ms
2025/04/12 11:13:27 [GET] ::1 /v1/admin/users/1 200 6.915711ms
2025/04/12 11:13:27 [GET] ::1 /v1/admin/checkauth 200 3.737923ms
2025/04/12 11:13:28 [GET] ::1 /v1/admin/pages/typenstatus/ 200 4.638508ms
2025/04/12 11:13:28 [GET] ::1 /v1/admin/checkauth 200 3.203878ms
2025/04/12 11:13:28 [GET] ::1 /v1/admin/pages/typenstatus/ 200 5.365763ms
2025/04/12 11:13:28 [GET] ::1 /v1/admin/checkauth 200 2.575145ms
2025/04/12 11:13:28 [GET] ::1 /v1/admin/pages/typenstatus/ 200 5.539553ms
2025/04/12 11:13:28 [GET] ::1 /v1/admin/checkauth 200 3.212054ms
2025/04/12 11:13:28 [GET] ::1 /v1/admin/pages/typenstatus/ 200 4.403887ms
2025/04/12 11:13:28 [GET] ::1 /v1/admin/checkauth 200 1.87542ms
2025/04/12 11:13:28 [GET] ::1 /v1/admin/pages/typenstatus/ 200 6.670256ms
2025/04/12 11:13:29 [GET] ::1 /v1/admin/checkauth 200 3.511974ms
2025/04/12 11:13:29 [GET] ::1 /v1/admin/pages/typenstatus/ 200 6.695811ms
2025/04/12 11:13:29 [GET] ::1 /v1/admin/checkauth 200 1.75695ms
2025/04/12 11:13:29 [GET] ::1 /v1/admin/checkauth 200 5.969969ms
2025/04/12 11:13:29 [GET] ::1 /v1/admin/pages/typenstatus/ 200 4.159817ms
2025/04/12 11:13:32 [GET] ::1 /v1/admin/checkauth 200 3.473846ms
2025/04/12 11:13:32 [GET] ::1 /v1/admin/pages/count/type/1 200 16.427863ms
2025/04/12 11:13:32 [GET] ::1 /v1/admin/checkauth 200 2.667406ms
2025/04/12 11:13:32 [GET] ::1 /v1/admin/pages/count/type/1 200 5.302563ms
2025/04/12 11:13:33 [GET] ::1 /v1/admin/checkauth 200 1.859784ms
2025/04/12 11:13:33 [GET] ::1 /v1/admin/pages/count/typenstatus/ 200 6.262943ms
2025/04/12 11:13:33 [GET] ::1 /v1/admin/checkauth 200 2.438291ms
2025/04/12 11:13:33 [GET] ::1 /v1/admin/pages/count/typenstatus/ 200 6.051516ms
2025/04/12 11:13:33 [GET] ::1 /v1/admin/checkauth 200 2.325192ms
2025/04/12 11:13:33 [GET] ::1 /v1/admin/pages/count/typenstatus/ 200 4.869666ms
2025/04/12 11:13:33 [GET] ::1 /v1/admin/checkauth 200 1.93323ms
2025/04/12 11:13:33 [GET] ::1 /v1/admin/pages/count/typenstatus/ 200 4.087222ms
2025/04/12 11:13:33 [GET] ::1 /v1/admin/checkauth 200 2.194537ms
2025/04/12 11:13:34 [GET] ::1 /v1/admin/pages/count/typenstatus/ 200 4.832067ms
2025/04/12 11:13:34 [GET] ::1 /v1/admin/checkauth 200 2.588687ms
2025/04/12 11:13:34 [GET] ::1 /v1/admin/pages/count/typenstatus/ 200 3.715593ms
2025/04/12 11:13:34 [GET] ::1 /v1/admin/checkauth 200 1.844706ms
2025/04/12 11:13:34 [GET] ::1 /v1/admin/pages/count/typenstatus/ 200 14.016632ms
2025/04/12 11:13:34 [GET] ::1 /v1/admin/checkauth 200 2.940091ms
2025/04/12 11:13:34 [GET] ::1 /v1/admin/pages/count/typenstatus/ 200 6.517927ms
2025/04/12 11:13:34 [GET] ::1 /v1/admin/checkauth 200 3.978771ms
2025/04/12 11:13:34 [GET] ::1 /v1/checkstatus 200 18.273µs
2025/04/12 11:13:35 [GET] ::1 /v1/admin/checkauth 200 2.760515ms
2025/04/12 11:13:35 [GET] ::1 /v1/admin/categories/type/4 200 9.971833ms
2025/04/12 11:13:35 [GET] ::1 /v1/admin/checkauth 200 2.351084ms
2025/04/12 11:13:35 [GET] ::1 /v1/admin/categories/type/4 200 4.379977ms
2025/04/12 11:13:36 [GET] ::1 /v1/admin/checkauth 200 2.269387ms
2025/04/12 11:13:36 [GET] ::1 /v1/admin/pagecategories/category/11 200 6.068967ms
2025/04/12 11:13:53 [GET] ::1 /v1/admin/checkauth 200 4.866549ms
2025/04/12 11:13:54 [GET] ::1 /v1/checkstatus 200 16.594µs
2025/04/12 11:13:54 [GET] ::1 /v1/config/key/layout 200 2.186243ms
2025/04/12 11:13:54 [GET] ::1 /v1/image/22 200 3.652435ms
2025/04/12 11:13:54 [GET] ::1 /v1/config/key/style_typography 200 4.370247ms
2025/04/12 11:13:54 [GET] ::1 /v1/config/key/style_color 200 1.788855ms
2025/04/12 11:13:54 [GET] ::1 /v1/config/key/style_drawer 200 1.969036ms
2025/04/12 11:13:54 [GET] ::1 /v1/component 200 2.705054ms
2025/04/12 11:13:54 [GET] ::1 /v1/config/key/homepage 200 4.759389ms
2025/04/12 11:13:54 [GET] ::1 /v1/config/key/header_topbar 200 7.722508ms
2025/04/12 11:13:54 [GET] ::1 /v1/page/1 200 12.900209ms
2025/04/12 11:13:54 [GET] ::1 /v1/config/key/header_siteidentify 200 3.773386ms
2025/04/12 11:13:54 [GET] ::1 /v1/image/23 200 4.136346ms
2025/04/12 11:13:56 [GET] ::1 /v1/config 200 2.342984ms
2025/04/12 11:14:20 [GET] ::1 /v1/admin/checkauth 200 12.025237ms
2025/04/12 11:14:20 [GET] ::1 /v1/admin/checkauth 200 7.166971ms
2025/04/12 11:14:20 [GET] ::1 /v1/checkstatus 200 20.084µs
2025/04/12 11:14:22 [GET] ::1 /v1/checkstatus 200 29.954µs
2025/04/12 11:14:22 [GET] ::1 /v1/config/key/layout 200 2.558734ms
2025/04/12 11:14:22 [GET] ::1 /v1/image/22 200 3.410299ms
2025/04/12 11:14:22 [GET] ::1 /v1/config/key/style_typography 200 11.687326ms
2025/04/12 11:14:22 [GET] ::1 /v1/config/key/style_color 200 14.583096ms
2025/04/12 11:14:22 [GET] ::1 /v1/admin/checkauth 200 13.440252ms
2025/04/12 11:14:22 [GET] ::1 /v1/config/key/style_drawer 200 3.081472ms
2025/04/12 11:14:22 [GET] ::1 /v1/component 200 3.367054ms
2025/04/12 11:14:22 [GET] ::1 /v1/config/key/homepage 200 4.045327ms
2025/04/12 11:14:22 [GET] ::1 /v1/config/key/header_topbar 200 1.938616ms
2025/04/12 11:14:22 [GET] ::1 /v1/page/1 200 2.521613ms
2025/04/12 11:14:22 [GET] ::1 /v1/config/key/header_siteidentify 200 1.957407ms
2025/04/12 11:14:22 [GET] ::1 /v1/image/23 200 2.808559ms
2025/04/12 11:14:23 [GET] ::1 /v1/admin/checkauth 200 3.004703ms
2025/04/12 11:14:24 [GET] ::1 /v1/admin/checkauth 200 3.458928ms
2025/04/12 11:14:25 [GET] ::1 /v1/config 200 2.669279ms
2025/04/12 11:14:25 [GET] ::1 /v1/checkstatus 200 30.256µs
2025/04/12 11:14:25 [GET] ::1 /v1/config/key/layout 200 2.287316ms
2025/04/12 11:14:25 [GET] ::1 /v1/image/22 200 10.369307ms
2025/04/12 11:14:25 [GET] ::1 /v1/config/key/style_typography 200 5.854862ms
2025/04/12 11:14:25 [GET] ::1 /v1/admin/checkauth 200 3.46495ms
2025/04/12 11:14:25 [GET] ::1 /v1/config/key/style_color 200 4.363225ms
2025/04/12 11:14:25 [GET] ::1 /v1/config/key/style_drawer 200 3.777774ms
2025/04/12 11:14:25 [GET] ::1 /v1/config/key/homepage 200 5.247372ms
2025/04/12 11:14:25 [GET] ::1 /v1/component 200 5.512743ms
2025/04/12 11:14:25 [GET] ::1 /v1/page/1 200 2.422468ms
2025/04/12 11:14:25 [GET] ::1 /v1/config/key/header_topbar 200 1.973653ms
2025/04/12 11:14:25 [GET] ::1 /v1/config/key/header_siteidentify 200 2.111251ms
2025/04/12 11:14:25 [GET] ::1 /v1/image/23 200 2.287016ms
2025/04/12 11:14:27 [GET] ::1 /v1/admin/checkauth 200 2.478957ms
2025/04/12 11:14:27 [GET] ::1 /v1/config 200 2.224702ms
2025/04/12 11:14:57 [GET] ::1 /v1/admin/checkauth 200 1.987048ms
2025/04/12 11:15:00 [GET] ::1 /v1/admin/checkauth 200 2.476129ms
2025/04/12 11:15:01 [GET] ::1 /v1/checkstatus 200 22.167µs
2025/04/12 11:15:01 [GET] ::1 /v1/config/key/layout 200 2.243114ms
2025/04/12 11:15:01 [GET] ::1 /v1/image/22 200 4.226691ms
2025/04/12 11:15:01 [GET] ::1 /v1/config/key/style_typography 200 11.659443ms
2025/04/12 11:15:01 [GET] ::1 /v1/config/key/style_color 200 3.67201ms
2025/04/12 11:15:01 [GET] ::1 /v1/image/22 200 9.945068ms
2025/04/12 11:15:01 [GET] ::1 /v1/config/key/style_drawer 200 10.450759ms
2025/04/12 11:15:01 [GET] ::1 /v1/config/key/homepage 200 2.201789ms
2025/04/12 11:15:01 [GET] ::1 /v1/component 200 6.433794ms
2025/04/12 11:15:01 [GET] ::1 /v1/page/1 200 4.234571ms
2025/04/12 11:15:01 [GET] ::1 /v1/config/key/header_topbar 200 4.137175ms
2025/04/12 11:15:01 [GET] ::1 /v1/config/key/header_siteidentify 200 2.842888ms
2025/04/12 11:15:01 [GET] ::1 /v1/image/23 200 2.777628ms
2025/04/12 11:15:02 [GET] ::1 /v1/admin/checkauth 200 1.64103ms
2025/04/12 11:15:03 [GET] ::1 /v1/image/22 200 1.831461ms
2025/04/12 11:15:04 [GET] ::1 /v1/config 200 1.855536ms
2025/04/12 11:15:05 [GET] ::1 /v1/config 200 1.755537ms
2025/04/12 11:15:41 [GET] ::1 /v1/admin/checkauth 200 8.194387ms
2025/04/12 11:15:41 [PUT] ::1 /v1/admin/configs/12 200 69.446438ms
2025/04/12 11:15:46 [GET] ::1 /v1/admin/checkauth 200 3.628847ms
2025/04/12 11:15:46 [GET] ::1 /v1/checkstatus 200 29.631µs
2025/04/12 11:15:48 [GET] ::1 /v1/checkstatus 200 21.384µs
2025/04/12 11:15:48 [GET] ::1 /v1/config/key/layout 200 2.520978ms
2025/04/12 11:15:48 [GET] ::1 /v1/image/22 200 2.125597ms
2025/04/12 11:15:48 [GET] ::1 /v1/config/key/style_typography 200 4.261974ms
2025/04/12 11:15:48 [GET] ::1 /v1/config/key/style_color 200 2.083536ms
2025/04/12 11:15:48 [GET] ::1 /v1/config/key/style_drawer 200 7.568647ms
2025/04/12 11:15:48 [GET] ::1 /v1/component 200 2.461959ms
2025/04/12 11:15:48 [GET] ::1 /v1/config/key/homepage 200 2.093843ms
2025/04/12 11:15:48 [GET] ::1 /v1/config/key/header_topbar 200 7.385269ms
2025/04/12 11:15:48 [GET] ::1 /v1/page/1 200 12.357383ms
2025/04/12 11:15:48 [GET] ::1 /v1/config/key/header_siteidentify 200 1.755104ms
2025/04/12 11:15:48 [GET] ::1 /v1/image/23 200 1.912369ms
2025/04/12 11:15:48 [GET] ::1 /v1/admin/checkauth 200 9.188064ms
2025/04/12 11:15:49 [GET] ::1 /v1/admin/checkauth 200 2.830962ms
2025/04/12 11:15:50 [GET] ::1 /v1/admin/checkauth 200 2.276283ms
2025/04/12 11:15:51 [GET] ::1 /v1/config 200 6.505226ms
2025/04/12 11:15:51 [GET] ::1 /v1/checkstatus 200 16.117µs
2025/04/12 11:15:51 [GET] ::1 /v1/config/key/layout 200 7.833502ms
2025/04/12 11:15:51 [GET] ::1 /v1/image/22 200 2.719588ms
2025/04/12 11:15:51 [GET] ::1 /v1/config/key/style_typography 200 14.428113ms
2025/04/12 11:15:51 [GET] ::1 /v1/config/key/style_color 200 9.95437ms
2025/04/12 11:15:51 [GET] ::1 /v1/config/key/style_drawer 200 3.462167ms
2025/04/12 11:15:51 [GET] ::1 /v1/component 200 3.707341ms
2025/04/12 11:15:51 [GET] ::1 /v1/config/key/homepage 200 9.853817ms
2025/04/12 11:15:51 [GET] ::1 /v1/config/key/header_topbar 200 3.138176ms
2025/04/12 11:15:51 [GET] ::1 /v1/page/1 200 3.7924ms
2025/04/12 11:15:51 [GET] ::1 /v1/config/key/header_siteidentify 200 16.328358ms
2025/04/12 11:15:51 [GET] ::1 /v1/image/23 200 5.787042ms
2025/04/12 11:15:52 [GET] ::1 /v1/admin/checkauth 200 2.098121ms
2025/04/12 11:15:53 [GET] ::1 /v1/config 200 1.894249ms
2025/04/12 11:15:54 [GET] ::1 /v1/admin/checkauth 200 2.601447ms
2025/04/12 11:15:54 [GET] ::1 /v1/admin/checkauth 200 2.553028ms
2025/04/12 11:15:54 [GET] ::1 /v1/image/22 200 3.379255ms
2025/04/12 11:15:54 [GET] ::1 /v1/admin/checkauth 200 1.912131ms
2025/04/12 11:15:54 [GET] ::1 /v1/image/22 200 2.524893ms
2025/04/12 11:18:09 [GET] ::1 /v1/admin/checkauth 200 17.339697ms
2025/04/12 11:19:01 [GET] ::1 /v1/checkstatus 200 37.133µs
2025/04/12 11:19:01 [GET] ::1 /v1/config/key/layout 200 2.274467ms
2025/04/12 11:19:01 [GET] ::1 /v1/image/22 200 3.203009ms
2025/04/12 11:19:01 [GET] ::1 /v1/config/key/style_typography 200 4.973718ms
2025/04/12 11:19:01 [GET] ::1 /v1/config/key/style_color 200 3.620287ms
2025/04/12 11:19:01 [GET] ::1 /v1/config/key/style_drawer 200 2.505968ms
2025/04/12 11:19:01 [GET] ::1 /v1/component 200 3.12461ms
2025/04/12 11:19:01 [GET] ::1 /v1/config/key/header_topbar 200 10.594789ms
2025/04/12 11:19:01 [GET] ::1 /v1/config/key/homepage 200 16.671421ms
2025/04/12 11:19:01 [GET] ::1 /v1/config/key/header_siteidentify 200 3.037524ms
2025/04/12 11:19:01 [GET] ::1 /v1/page/1 200 6.642595ms
2025/04/12 11:19:01 [GET] ::1 /v1/image/23 200 3.423771ms
2025/04/12 11:19:04 [GET] ::1 /v1/config 200 2.213929ms
2025/04/12 11:19:50 [GET] ::1 /v1/admin/checkauth 200 6.194672ms
2025/04/12 11:20:14 [GET] ::1 /v1/admin/checkauth 200 5.220807ms
2025/04/12 11:21:34 [GET] ::1 /v1/admin/checkauth 200 6.449855ms
2025/04/12 11:21:39 [GET] ::1 /v1/admin/checkauth 200 2.671776ms
2025/04/12 11:25:37 [GET] ::1 /v1/admin/checkauth 200 35.842877ms
2025/04/12 11:25:40 [GET] ::1 /v1/checkstatus 200 16.048µs
2025/04/12 11:25:40 [GET] ::1 /v1/config/key/layout 200 6.524954ms
2025/04/12 11:25:40 [GET] ::1 /v1/image/22 200 4.530526ms
2025/04/12 11:25:40 [GET] ::1 /v1/config/key/style_typography 200 2.301206ms
2025/04/12 11:25:40 [GET] ::1 /v1/config/key/style_color 200 4.073194ms
2025/04/12 11:25:40 [GET] ::1 /v1/config/key/style_drawer 200 2.409271ms
2025/04/12 11:25:40 [GET] ::1 /v1/component 200 6.463683ms
2025/04/12 11:25:40 [GET] ::1 /v1/config/key/homepage 200 5.380811ms
2025/04/12 11:25:40 [GET] ::1 /v1/page/1 200 4.323517ms
2025/04/12 11:25:40 [GET] ::1 /v1/config/key/header_topbar 200 2.221764ms
2025/04/12 11:25:40 [GET] ::1 /v1/config/key/header_siteidentify 200 5.335535ms
2025/04/12 11:25:40 [GET] ::1 /v1/image/23 200 3.667749ms
2025/04/12 11:25:43 [GET] ::1 /v1/config 200 2.327516ms
2025/04/12 11:26:04 [GET] ::1 /v1/admin/checkauth 200 1.813839ms
2025/04/12 11:26:04 [PUT] ::1 /v1/admin/configs/12 200 25.60587ms
2025/04/12 11:26:09 [GET] ::1 /v1/admin/checkauth 200 4.803039ms
2025/04/12 11:26:09 [GET] ::1 /v1/checkstatus 200 15.952µs
2025/04/12 11:26:11 [GET] ::1 /v1/admin/checkauth 200 4.75845ms
2025/04/12 11:26:11 [GET] ::1 /v1/checkstatus 200 47.571µs
2025/04/12 11:26:11 [GET] ::1 /v1/config/key/layout 200 2.875866ms
2025/04/12 11:26:11 [GET] ::1 /v1/image/22 200 2.414834ms
2025/04/12 11:26:11 [GET] ::1 /v1/config/key/style_typography 200 2.271162ms
2025/04/12 11:26:11 [GET] ::1 /v1/config/key/style_color 200 3.01827ms
2025/04/12 11:26:11 [GET] ::1 /v1/config/key/style_drawer 200 8.38115ms
2025/04/12 11:26:11 [GET] ::1 /v1/component 200 3.669182ms
2025/04/12 11:26:11 [GET] ::1 /v1/config/key/homepage 200 5.079767ms
2025/04/12 11:26:11 [GET] ::1 /v1/config/key/header_topbar 200 2.269018ms
2025/04/12 11:26:11 [GET] ::1 /v1/page/1 200 2.612271ms
2025/04/12 11:26:11 [GET] ::1 /v1/config/key/header_siteidentify 200 2.473198ms
2025/04/12 11:26:11 [GET] ::1 /v1/image/23 200 6.049486ms
2025/04/12 11:26:12 [GET] ::1 /v1/admin/checkauth 200 3.672516ms
2025/04/12 11:26:13 [GET] ::1 /v1/admin/checkauth 200 3.354264ms
2025/04/12 11:26:14 [GET] ::1 /v1/config 200 2.424961ms
2025/04/12 11:26:14 [GET] ::1 /v1/checkstatus 200 21.26µs
2025/04/12 11:26:14 [GET] ::1 /v1/config/key/layout 200 2.156087ms
2025/04/12 11:26:14 [GET] ::1 /v1/image/22 200 2.640784ms
2025/04/12 11:26:14 [GET] ::1 /v1/config/key/style_typography 200 3.269241ms
2025/04/12 11:26:14 [GET] ::1 /v1/config/key/style_color 200 2.639358ms
2025/04/12 11:26:14 [GET] ::1 /v1/config/key/style_drawer 200 5.869882ms
2025/04/12 11:26:14 [GET] ::1 /v1/config/key/homepage 200 3.182864ms
2025/04/12 11:26:14 [GET] ::1 /v1/component 200 4.238922ms
2025/04/12 11:26:14 [GET] ::1 /v1/page/1 200 2.086824ms
2025/04/12 11:26:14 [GET] ::1 /v1/config/key/header_topbar 200 1.662611ms
2025/04/12 11:26:14 [GET] ::1 /v1/config/key/header_siteidentify 200 6.948137ms
2025/04/12 11:26:14 [GET] ::1 /v1/admin/checkauth 200 3.618097ms
2025/04/12 11:26:14 [GET] ::1 /v1/image/23 200 4.36943ms
2025/04/12 11:26:16 [GET] ::1 /v1/config 200 2.359262ms
2025/04/12 11:26:16 [GET] ::1 /v1/admin/checkauth 200 2.276083ms
2025/04/12 11:26:17 [GET] ::1 /v1/admin/checkauth 200 2.203166ms
2025/04/12 11:26:17 [GET] ::1 /v1/image/22 200 1.727149ms
2025/04/12 11:26:17 [GET] ::1 /v1/admin/checkauth 200 2.331575ms
2025/04/12 11:26:18 [GET] ::1 /v1/image/22 200 2.123839ms
2025/04/12 11:27:51 [GET] ::1 /v1/admin/checkauth 200 4.311075ms
2025/04/12 11:28:36 [GET] ::1 /v1/admin/checkauth 200 2.672794ms
2025/04/12 11:28:36 [PUT] ::1 /v1/admin/configs/12 200 11.393808ms
2025/04/12 11:28:39 [GET] ::1 /v1/checkstatus 200 15.938µs
2025/04/12 11:28:39 [GET] ::1 /v1/config/key/layout 200 2.204979ms
2025/04/12 11:28:39 [GET] ::1 /v1/image/22 200 3.826941ms
2025/04/12 11:28:39 [GET] ::1 /v1/config/key/style_typography 200 1.928691ms
2025/04/12 11:28:39 [GET] ::1 /v1/config/key/style_color 200 4.372442ms
2025/04/12 11:28:39 [GET] ::1 /v1/config/key/style_drawer 200 5.676135ms
2025/04/12 11:28:39 [GET] ::1 /v1/component 200 2.370081ms
2025/04/12 11:28:39 [GET] ::1 /v1/config/key/homepage 200 3.750797ms
2025/04/12 11:28:39 [GET] ::1 /v1/page/1 200 2.284484ms
2025/04/12 11:28:39 [GET] ::1 /v1/config/key/header_topbar 200 2.238177ms
2025/04/12 11:28:39 [GET] ::1 /v1/config/key/header_siteidentify 200 3.344852ms
2025/04/12 11:28:39 [GET] ::1 /v1/image/23 200 1.500095ms
2025/04/12 11:28:41 [GET] ::1 /v1/config 200 1.71567ms
2025/04/12 11:29:39 [GET] ::1 /v1/admin/checkauth 200 4.529221ms
2025/04/12 11:29:39 [PUT] ::1 /v1/admin/configs/12 200 11.546042ms
2025/04/12 11:29:43 [GET] ::1 /v1/checkstatus 200 15.288µs
2025/04/12 11:29:43 [GET] ::1 /v1/config/key/layout 200 2.299078ms
2025/04/12 11:29:43 [GET] ::1 /v1/config/key/style_typography 200 4.191453ms
2025/04/12 11:29:43 [GET] ::1 /v1/config/key/style_color 200 3.259124ms
2025/04/12 11:29:43 [GET] ::1 /v1/config/key/style_drawer 200 3.167507ms
2025/04/12 11:29:43 [GET] ::1 /v1/component 200 3.197202ms
2025/04/12 11:29:43 [GET] ::1 /v1/config/key/homepage 200 6.220836ms
2025/04/12 11:29:43 [GET] ::1 /v1/config/key/header_topbar 200 2.461796ms
2025/04/12 11:29:43 [GET] ::1 /v1/page/1 200 4.312528ms
2025/04/12 11:29:43 [GET] ::1 /v1/config/key/header_siteidentify 200 2.60949ms
2025/04/12 11:29:43 [GET] ::1 /v1/image/23 200 3.709594ms
2025/04/12 11:29:45 [GET] ::1 /v1/config 200 4.498573ms
2025/04/12 11:30:46 [GET] ::1 /v1/admin/checkauth 200 4.327844ms
2025/04/12 11:30:46 [PUT] ::1 /v1/admin/configs/12 200 7.914649ms
2025/04/12 11:30:50 [GET] ::1 /v1/checkstatus 200 939.11µs
2025/04/12 11:30:50 [GET] ::1 /v1/config/key/layout 200 1.918728ms
2025/04/12 11:30:50 [GET] ::1 /v1/config/key/style_typography 200 3.119768ms
2025/04/12 11:30:50 [GET] ::1 /v1/config/key/style_color 200 1.670672ms
2025/04/12 11:30:50 [GET] ::1 /v1/config/key/style_drawer 200 1.439359ms
2025/04/12 11:30:50 [GET] ::1 /v1/component 200 4.904091ms
2025/04/12 11:30:50 [GET] ::1 /v1/config/key/homepage 200 9.667338ms
2025/04/12 11:30:50 [GET] ::1 /v1/config/key/header_topbar 200 3.841103ms
2025/04/12 11:30:50 [GET] ::1 /v1/page/1 200 3.803583ms
2025/04/12 11:30:51 [GET] ::1 /v1/config/key/header_siteidentify 200 2.083877ms
2025/04/12 11:30:51 [GET] ::1 /v1/image/23 200 2.652439ms
2025/04/12 11:30:53 [GET] ::1 /v1/config 200 2.508124ms
2025/04/12 11:31:13 [GET] ::1 /v1/admin/checkauth 200 2.083654ms
2025/04/12 11:31:13 [PUT] ::1 /v1/admin/configs/12 200 8.863695ms
2025/04/12 11:31:16 [GET] ::1 /v1/checkstatus 200 15.83µs
2025/04/12 11:31:16 [GET] ::1 /v1/config/key/layout 200 9.010655ms
2025/04/12 11:31:17 [GET] ::1 /v1/config/key/style_typography 200 2.961692ms
2025/04/12 11:31:17 [GET] ::1 /v1/config/key/style_color 200 4.454582ms
2025/04/12 11:31:17 [GET] ::1 /v1/config/key/style_drawer 200 1.921959ms
2025/04/12 11:31:17 [GET] ::1 /v1/component 200 12.130757ms
2025/04/12 11:31:17 [GET] ::1 /v1/config/key/homepage 200 10.030849ms
2025/04/12 11:31:17 [GET] ::1 /v1/config/key/header_topbar 200 1.961339ms
2025/04/12 11:31:17 [GET] ::1 /v1/page/1 200 2.504123ms
2025/04/12 11:31:17 [GET] ::1 /v1/config/key/header_siteidentify 200 1.8205ms
2025/04/12 11:31:17 [GET] ::1 /v1/image/23 200 2.840439ms
2025/04/12 11:31:18 [GET] ::1 /v1/config 200 1.801309ms
2025/04/12 11:31:57 [GET] ::1 /v1/admin/checkauth 200 4.490987ms
2025/04/12 11:31:57 [PUT] ::1 /v1/admin/configs/12 200 9.181036ms
2025/04/12 11:32:01 [GET] ::1 /v1/checkstatus 200 15.501µs
2025/04/12 11:32:01 [GET] ::1 /v1/config/key/layout 200 3.193833ms
2025/04/12 11:32:01 [GET] ::1 /v1/config/key/style_typography 200 4.501556ms
2025/04/12 11:32:01 [GET] ::1 /v1/config/key/style_color 200 2.797596ms
2025/04/12 11:32:01 [GET] ::1 /v1/config/key/style_drawer 200 2.153388ms
2025/04/12 11:32:01 [GET] ::1 /v1/config/key/homepage 200 7.361372ms
2025/04/12 11:32:01 [GET] ::1 /v1/component 200 8.170201ms
2025/04/12 11:32:01 [GET] ::1 /v1/page/1 200 4.558854ms
2025/04/12 11:32:01 [GET] ::1 /v1/config/key/header_topbar 200 8.63829ms
2025/04/12 11:32:01 [GET] ::1 /v1/config/key/header_siteidentify 200 2.247395ms
2025/04/12 11:32:01 [GET] ::1 /v1/image/23 200 2.16629ms
2025/04/12 11:32:03 [GET] ::1 /v1/config 200 1.993194ms
2025/04/12 11:37:54 [GET] ::1 /v1/admin/checkauth 200 68.311036ms
2025/04/12 11:39:54 [GET] ::1 /v1/admin/checkauth 200 13.718127ms
2025/04/12 11:39:55 [GET] ::1 /v1/checkstatus 200 32.781µs
2025/04/12 11:39:56 [GET] ::1 /v1/config/key/layout 200 8.149311ms
2025/04/12 11:39:56 [GET] ::1 /v1/config/key/style_typography 200 2.593087ms
2025/04/12 11:39:56 [GET] ::1 /v1/config/key/style_color 200 2.908145ms
2025/04/12 11:39:56 [GET] ::1 /v1/config/key/style_drawer 200 2.952028ms
2025/04/12 11:39:56 [GET] ::1 /v1/component 200 3.738015ms
2025/04/12 11:39:56 [GET] ::1 /v1/config/key/homepage 200 3.921473ms
2025/04/12 11:39:56 [GET] ::1 /v1/config/key/header_topbar 200 3.368123ms
2025/04/12 11:39:56 [GET] ::1 /v1/page/1 200 4.145409ms
2025/04/12 11:39:56 [GET] ::1 /v1/config/key/header_siteidentify 200 1.981382ms
2025/04/12 11:39:56 [GET] ::1 /v1/image/23 200 7.157772ms
2025/04/12 11:39:57 [GET] ::1 /v1/admin/checkauth 200 2.417732ms
2025/04/12 11:39:58 [GET] ::1 /v1/config 200 2.433909ms
2025/04/12 11:40:05 [GET] ::1 /v1/checkstatus 200 149.731µs
2025/04/12 11:40:05 [GET] ::1 /v1/config/key/layout 200 2.782202ms
2025/04/12 11:40:05 [GET] ::1 /v1/config/key/style_typography 200 4.806054ms
2025/04/12 11:40:05 [GET] ::1 /v1/config/key/style_color 200 3.230256ms
2025/04/12 11:40:05 [GET] ::1 /v1/config/key/style_drawer 200 5.537655ms
2025/04/12 11:40:05 [GET] ::1 /v1/config/key/homepage 200 9.021467ms
2025/04/12 11:40:05 [GET] ::1 /v1/component 200 14.115055ms
2025/04/12 11:40:05 [GET] ::1 /v1/config/key/header_topbar 200 6.156129ms
2025/04/12 11:40:05 [GET] ::1 /v1/config/key/header_siteidentify 200 5.520451ms
2025/04/12 11:40:05 [GET] ::1 /v1/page/1 200 21.080217ms
2025/04/12 11:40:05 [GET] ::1 /v1/image/23 200 10.620336ms
2025/04/12 11:40:07 [GET] ::1 /v1/admin/checkauth 200 6.796979ms
2025/04/12 11:40:07 [GET] ::1 /v1/config 200 4.023989ms
2025/04/12 11:40:38 [GET] ::1 /v1/admin/checkauth 200 2.201907ms
2025/04/12 11:40:38 [PUT] ::1 /v1/admin/configs/9 200 48.173452ms
2025/04/12 11:40:44 [GET] ::1 /v1/checkstatus 200 41.377µs
2025/04/12 11:40:44 [GET] ::1 /v1/config/key/layout 200 4.117417ms
2025/04/12 11:40:44 [GET] ::1 /v1/config/key/style_typography 200 3.054493ms
2025/04/12 11:40:44 [GET] ::1 /v1/config/key/style_color 200 2.242636ms
2025/04/12 11:40:44 [GET] ::1 /v1/config/key/style_drawer 200 3.800958ms
2025/04/12 11:40:44 [GET] ::1 /v1/component 200 2.045813ms
2025/04/12 11:40:44 [GET] ::1 /v1/config/key/homepage 200 2.882515ms
2025/04/12 11:40:44 [GET] ::1 /v1/page/1 200 4.929164ms
2025/04/12 11:40:44 [GET] ::1 /v1/config/key/header_topbar 200 3.116782ms
2025/04/12 11:40:44 [GET] ::1 /v1/config/key/header_siteidentify 200 2.083084ms
2025/04/12 11:40:44 [GET] ::1 /v1/image/23 200 1.361614ms
2025/04/12 11:40:46 [GET] ::1 /v1/config 200 3.090691ms
2025/04/12 11:43:56 [GET] ::1 /v1/admin/checkauth 200 5.828775ms
2025/04/12 11:44:29 [GET] ::1 /v1/admin/checkauth 200 476.586632ms
2025/04/12 11:44:30 [GET] ::1 /v1/admin/checkauth 200 10.360898ms
2025/04/12 11:47:27 [GET] ::1 /v1/checkstatus 200 7.781544ms
2025/04/12 11:47:27 [GET] ::1 /v1/config/key/layout 200 144.533785ms
2025/04/12 11:47:27 [GET] ::1 /v1/config/key/style_typography 200 10.4596ms
2025/04/12 11:47:27 [GET] ::1 /v1/config/key/style_color 200 6.386831ms
2025/04/12 11:47:27 [GET] ::1 /v1/config/key/style_drawer 200 15.247889ms
2025/04/12 11:47:27 [GET] ::1 /v1/component 200 19.328837ms
2025/04/12 11:47:27 [GET] ::1 /v1/config/key/homepage 200 29.391846ms
2025/04/12 11:47:27 [GET] ::1 /v1/config/key/header_topbar 200 6.746706ms
2025/04/12 11:47:27 [GET] ::1 /v1/page/1 200 23.658655ms
2025/04/12 11:47:27 [GET] ::1 /v1/config/key/header_siteidentify 200 1.449164ms
2025/04/12 11:47:27 [GET] ::1 /v1/image/23 200 4.583323ms
2025/04/12 11:47:29 [GET] ::1 /v1/config 200 8.524976ms
2025/04/12 11:47:46 [GET] ::1 /v1/admin/checkauth 200 6.982251ms
2025/04/12 11:47:47 [GET] ::1 /v1/admin/checkauth 200 5.143324ms
2025/04/12 11:47:47 [GET] ::1 /v1/admin/pages/type/1 200 11.42359ms
2025/04/12 11:47:47 [GET] ::1 /v1/admin/checkauth 200 3.433238ms
2025/04/12 11:47:47 [GET] ::1 /v1/admin/pages/type/1 200 5.309076ms
2025/04/12 11:47:48 [GET] ::1 /v1/admin/checkauth 200 2.512984ms
2025/04/12 11:47:48 [GET] ::1 /v1/admin/pages/typenstatus/ 200 8.977004ms
2025/04/12 11:47:48 [GET] ::1 /v1/admin/checkauth 200 1.846312ms
2025/04/12 11:47:48 [GET] ::1 /v1/admin/users/1 200 7.183637ms
2025/04/12 11:47:48 [GET] ::1 /v1/admin/checkauth 200 2.057264ms
2025/04/12 11:47:48 [GET] ::1 /v1/admin/users/1 200 7.724062ms
2025/04/12 11:47:48 [GET] ::1 /v1/admin/checkauth 200 5.439606ms
2025/04/12 11:47:48 [GET] ::1 /v1/admin/users/1 200 9.017683ms
2025/04/12 11:47:48 [GET] ::1 /v1/admin/checkauth 200 1.678863ms
2025/04/12 11:47:49 [GET] ::1 /v1/admin/users/1 200 4.462026ms
2025/04/12 11:47:49 [GET] ::1 /v1/admin/checkauth 200 1.936798ms
2025/04/12 11:47:49 [GET] ::1 /v1/admin/users/1 200 3.406961ms
2025/04/12 11:47:49 [GET] ::1 /v1/admin/checkauth 200 2.493648ms
2025/04/12 11:47:49 [GET] ::1 /v1/admin/users/1 200 10.393243ms
2025/04/12 11:47:49 [GET] ::1 /v1/admin/checkauth 200 2.32788ms
2025/04/12 11:47:49 [GET] ::1 /v1/admin/pages/typenstatus/ 200 4.222882ms
2025/04/12 11:47:49 [GET] ::1 /v1/admin/checkauth 200 3.25862ms
2025/04/12 11:48:03 [GET] ::1 /v1/page/1 200 15.357632ms
2025/04/12 11:48:03 [GET] ::1 /v1/admin/checkauth 200 12.714082ms
2025/04/12 11:48:03 [GET] ::1 /v1/admin/pages/typenstatus/ 200 21.315964ms
2025/04/12 11:48:04 [GET] ::1 /v1/admin/checkauth 200 3.744436ms
2025/04/12 11:48:04 [GET] ::1 /v1/admin/pages/typenstatus/ 200 3.811414ms
2025/04/12 11:48:05 [GET] ::1 /v1/admin/checkauth 200 2.653957ms
2025/04/12 11:48:06 [GET] ::1 /v1/admin/pages/typenstatus/ 200 7.108531ms
2025/04/12 11:48:06 [GET] ::1 /v1/admin/checkauth 200 2.058896ms
2025/04/12 11:48:06 [GET] ::1 /v1/admin/pages/typenstatus/ 200 8.263192ms
2025/04/12 11:48:06 [GET] ::1 /v1/admin/checkauth 200 2.798601ms
2025/04/12 11:48:07 [GET] ::1 /v1/admin/pages/typenstatus/ 200 19.837307ms
2025/04/12 11:48:07 [GET] ::1 /v1/admin/checkauth 200 2.047832ms
2025/04/12 11:48:07 [GET] ::1 /v1/admin/pages/typenstatus/ 200 5.906919ms
2025/04/12 11:48:07 [GET] ::1 /v1/admin/checkauth 200 2.422726ms
2025/04/12 11:48:07 [GET] ::1 /v1/admin/pages/count/type/1 200 13.883906ms
2025/04/12 11:48:07 [GET] ::1 /v1/admin/checkauth 200 2.549601ms
2025/04/12 11:48:07 [GET] ::1 /v1/admin/pages/count/type/1 200 4.915079ms
2025/04/12 11:48:07 [GET] ::1 /v1/admin/checkauth 200 2.23847ms
2025/04/12 11:48:07 [GET] ::1 /v1/admin/pages/count/typenstatus/ 200 3.82339ms
2025/04/12 11:48:07 [GET] ::1 /v1/admin/checkauth 200 2.390133ms
2025/04/12 11:48:08 [GET] ::1 /v1/admin/pages/count/typenstatus/ 200 6.412644ms
2025/04/12 11:48:08 [GET] ::1 /v1/admin/checkauth 200 2.081393ms
2025/04/12 11:48:08 [GET] ::1 /v1/admin/pages/count/typenstatus/ 200 10.978114ms
2025/04/12 11:48:08 [GET] ::1 /v1/admin/checkauth 200 1.930303ms
2025/04/12 11:48:08 [GET] ::1 /v1/admin/pages/count/typenstatus/ 200 6.463534ms
2025/04/12 11:48:08 [GET] ::1 /v1/admin/checkauth 200 1.912817ms
2025/04/12 11:48:08 [GET] ::1 /v1/admin/pages/count/typenstatus/ 200 4.513449ms
2025/04/12 11:48:08 [GET] ::1 /v1/admin/checkauth 200 2.477692ms
2025/04/12 11:48:08 [GET] ::1 /v1/admin/pages/count/typenstatus/ 200 4.22867ms
2025/04/12 11:48:08 [GET] ::1 /v1/admin/checkauth 200 6.906762ms
2025/04/12 11:48:09 [GET] ::1 /v1/admin/pages/count/typenstatus/ 200 10.240058ms
2025/04/12 11:48:09 [GET] ::1 /v1/admin/checkauth 200 2.120284ms
2025/04/12 11:48:09 [GET] ::1 /v1/admin/pages/count/typenstatus/ 200 3.390485ms
2025/04/12 11:48:09 [GET] ::1 /v1/admin/checkauth 200 2.065728ms
2025/04/12 11:48:09 [GET] ::1 /v1/checkstatus 200 15.871µs
2025/04/12 11:48:09 [GET] ::1 /v1/page/1 200 8.768187ms
2025/04/12 11:48:15 [GET] ::1 /v1/admin/checkauth 200 1.675132ms
2025/04/12 11:48:16 [GET] ::1 /v1/admin/pagecategories/page/1 200 58.979488ms
2025/04/12 11:48:18 [GET] ::1 /v1/admin/checkauth 200 8.188612ms
2025/04/12 11:48:18 [GET] ::1 /v1/admin/pagecategories/page/1 200 11.280322ms
2025/04/12 11:48:19 [GET] ::1 /v1/admin/checkauth 200 2.851788ms
2025/04/12 11:48:20 [GET] ::1 /v1/admin/pagetags/page/1 200 75.827166ms
2025/04/12 11:48:21 [GET] ::1 /v1/admin/checkauth 200 2.899691ms
2025/04/12 11:48:21 [GET] ::1 /v1/admin/pagetags/page/1 200 8.326882ms
2025/04/12 11:48:23 [GET] ::1 /v1/admin/checkauth 200 2.289279ms
2025/04/12 11:48:24 [GET] ::1 /v1/admin/checkauth 200 5.058855ms
2025/04/12 11:49:01 [GET] ::1 /v1/admin/checkauth 200 79.363727ms
2025/04/12 11:49:01 [GET] ::1 /v1/admin/checkauth 200 70.542373ms
2025/04/12 11:49:01 [GET] ::1 /v1/admin/checkauth 200 6.349568ms
2025/04/12 11:49:01 [GET] ::1 /v1/admin/checkauth 200 3.175398ms
2025/04/12 11:49:01 [GET] ::1 /v1/admin/checkauth 200 3.215746ms
2025/04/12 11:49:08 [GET] ::1 /v1/checkstatus 200 1.406294ms
2025/04/12 11:49:08 [GET] ::1 /v1/config/key/layout 200 8.917693ms
2025/04/12 11:49:08 [GET] ::1 /v1/config/key/style_typography 200 2.002568ms
2025/04/12 11:49:08 [GET] ::1 /v1/config/key/style_color 200 4.807171ms
2025/04/12 11:49:08 [GET] ::1 /v1/config/key/style_drawer 200 6.623773ms
2025/04/12 11:49:08 [GET] ::1 /v1/component 200 4.377953ms
2025/04/12 11:49:08 [GET] ::1 /v1/config/key/homepage 200 4.753712ms
2025/04/12 11:49:08 [GET] ::1 /v1/config/key/header_topbar 200 3.421447ms
2025/04/12 11:49:08 [GET] ::1 /v1/page/1 200 5.798877ms
2025/04/12 11:49:08 [GET] ::1 /v1/config/key/header_siteidentify 200 8.832344ms
2025/04/12 11:49:08 [GET] ::1 /v1/image/23 200 3.030017ms
2025/04/12 11:49:10 [GET] ::1 /v1/checkstatus 200 31.748µs
2025/04/12 11:49:10 [GET] ::1 /v1/page/1 200 2.174256ms
2025/04/12 11:49:15 [GET] ::1 /v1/config 200 26.861178ms
2025/04/12 11:49:25 [GET] ::1 /v1/admin/checkauth 200 7.10731ms
2025/04/12 11:49:26 [GET] ::1 /v1/admin/pagecategories/page/1 200 7.84204ms
2025/04/12 11:49:27 [GET] ::1 /v1/admin/checkauth 200 2.050331ms
2025/04/12 11:49:28 [GET] ::1 /v1/admin/checkauth 200 3.119203ms
2025/04/12 11:49:28 [GET] ::1 /v1/admin/checkauth 200 4.909089ms
2025/04/12 11:49:28 [GET] ::1 /v1/config 200 2.183996ms
2025/04/12 11:49:33 [GET] ::1 /v1/admin/checkauth 200 2.250429ms
2025/04/12 11:49:34 [GET] ::1 /v1/checkstatus 200 16.254µs
2025/04/12 11:49:34 [GET] ::1 /v1/page/1 200 2.612721ms
2025/04/12 11:49:36 [GET] ::1 /v1/admin/checkauth 200 2.925247ms
2025/04/12 11:49:46 [GET] ::1 /v1/admin/checkauth 200 3.00291ms
2025/04/12 11:49:47 [GET] ::1 /v1/admin/pagecategories/page/1 200 30.053705ms
2025/04/12 11:49:48 [GET] ::1 /v1/admin/checkauth 200 2.685698ms
2025/04/12 11:49:49 [GET] ::1 /v1/admin/checkauth 200 6.835433ms
2025/04/12 11:49:49 [GET] ::1 /v1/admin/checkauth 200 3.061883ms
2025/04/12 11:49:49 [GET] ::1 /v1/config 200 1.937463ms
2025/04/12 11:49:55 [GET] ::1 /v1/admin/checkauth 200 2.297099ms
2025/04/12 11:49:55 [GET] ::1 /v1/admin/pagetags/page/1 200 24.442372ms
2025/04/12 11:49:56 [GET] ::1 /v1/admin/checkauth 200 5.444049ms
2025/04/12 11:49:56 [GET] ::1 /v1/admin/checkauth 200 5.131385ms
2025/04/12 11:49:56 [GET] ::1 /v1/admin/pagecategories/page/1 200 27.822138ms
2025/04/12 11:49:58 [GET] ::1 /v1/admin/checkauth 200 2.768545ms
2025/04/12 11:49:58 [GET] ::1 /v1/admin/checkauth 200 2.899893ms
2025/04/12 11:49:58 [GET] ::1 /v1/admin/pagecategories/page/1 200 4.567284ms
2025/04/12 11:49:59 [GET] ::1 /v1/admin/checkauth 200 5.521816ms
2025/04/12 11:50:00 [GET] ::1 /v1/admin/checkauth 200 3.613015ms
2025/04/12 11:50:00 [GET] ::1 /v1/admin/pagetags/page/1 200 5.1892ms
2025/04/12 11:50:01 [GET] ::1 /v1/admin/checkauth 200 2.621798ms
2025/04/12 11:50:02 [GET] ::1 /v1/admin/pagetags/page/1 200 42.999077ms
2025/04/12 11:50:03 [GET] ::1 /v1/admin/checkauth 200 4.96565ms
2025/04/12 11:50:03 [GET] ::1 /v1/admin/checkauth 200 3.435722ms
2025/04/12 11:50:06 [GET] ::1 /v1/admin/checkauth 200 2.478525ms
2025/04/12 11:50:07 [GET] ::1 /v1/checkstatus 200 20.839µs
2025/04/12 11:50:07 [GET] ::1 /v1/config/key/layout 200 5.380442ms
2025/04/12 11:50:07 [GET] ::1 /v1/config/key/style_typography 200 2.877559ms
2025/04/12 11:50:07 [GET] ::1 /v1/config/key/style_color 200 4.043368ms
2025/04/12 11:50:07 [GET] ::1 /v1/config/key/style_drawer 200 22.025448ms
2025/04/12 11:50:07 [GET] ::1 /v1/admin/checkauth 200 32.647726ms
2025/04/12 11:50:07 [GET] ::1 /v1/component 200 7.747467ms
2025/04/12 11:50:07 [GET] ::1 /v1/config/key/homepage 200 8.631115ms
2025/04/12 11:50:07 [GET] ::1 /v1/config/key/header_topbar 200 2.330496ms
2025/04/12 11:50:07 [GET] ::1 /v1/page/1 200 4.593497ms
2025/04/12 11:50:07 [GET] ::1 /v1/config/key/header_siteidentify 200 3.568451ms
2025/04/12 11:50:07 [GET] ::1 /v1/image/23 200 5.112155ms
2025/04/12 11:50:08 [GET] ::1 /v1/checkstatus 200 26.112µs
2025/04/12 11:50:09 [GET] ::1 /v1/config 200 3.928805ms
2025/04/12 11:50:17 [GET] ::1 /v1/admin/checkauth 200 3.656053ms
2025/04/12 11:50:23 [GET] ::1 /v1/admin/checkauth 200 3.079864ms
2025/04/12 11:50:24 [GET] ::1 /v1/checkstatus 200 17.668µs
2025/04/12 11:50:24 [GET] ::1 /v1/config/key/layout 200 2.409417ms
2025/04/12 11:50:24 [GET] ::1 /v1/config/key/style_typography 200 1.866903ms
2025/04/12 11:50:24 [GET] ::1 /v1/config/key/style_color 200 1.786497ms
2025/04/12 11:50:24 [GET] ::1 /v1/config/key/style_drawer 200 3.384122ms
2025/04/12 11:50:24 [GET] ::1 /v1/config/key/homepage 200 3.447444ms
2025/04/12 11:50:24 [GET] ::1 /v1/component 200 4.94011ms
2025/04/12 11:50:24 [GET] ::1 /v1/page/1 200 4.505634ms
2025/04/12 11:50:24 [GET] ::1 /v1/config/key/header_topbar 200 5.217076ms
2025/04/12 11:50:24 [GET] ::1 /v1/admin/pages/typenstatus/ 200 18.364321ms
2025/04/12 11:50:24 [GET] ::1 /v1/config/key/header_siteidentify 200 2.738736ms
2025/04/12 11:50:24 [GET] ::1 /v1/image/23 200 2.229956ms
2025/04/12 11:50:26 [GET] ::1 /v1/admin/checkauth 200 2.645821ms
2025/04/12 11:50:26 [GET] ::1 /v1/admin/pages/typenstatus/ 200 5.687571ms
2025/04/12 11:50:55 [GET] ::1 /v1/admin/checkauth 200 1.758144ms
2025/04/12 11:50:56 [GET] ::1 /v1/checkstatus 200 16.952µs
2025/04/12 11:50:57 [GET] ::1 /v1/admin/checkauth 200 3.079455ms
2025/04/12 11:50:57 [GET] ::1 /v1/config/key/layout 200 7.636682ms
2025/04/12 11:50:57 [GET] ::1 /v1/checkstatus 200 2.102405ms
2025/04/12 11:50:58 [GET] ::1 /v1/config/key/style_typography 200 2.239504ms
2025/04/12 11:50:58 [GET] ::1 /v1/config/key/style_color 200 13.121265ms
2025/04/12 11:50:58 [GET] ::1 /v1/config/key/style_drawer 200 4.767986ms
2025/04/12 11:50:58 [GET] ::1 /v1/component 200 8.637422ms
2025/04/12 11:50:58 [GET] ::1 /v1/config/key/homepage 200 13.759802ms
2025/04/12 11:50:58 [GET] ::1 /v1/config/key/header_topbar 200 13.634681ms
2025/04/12 11:50:58 [GET] ::1 /v1/page/1 200 3.775107ms
2025/04/12 11:50:58 [GET] ::1 /v1/config/key/header_siteidentify 200 2.03157ms
2025/04/12 11:50:58 [GET] ::1 /v1/image/23 200 3.714969ms
2025/04/12 11:50:59 [GET] ::1 /v1/admin/pages/typenstatus/ 200 21.615804ms
2025/04/12 11:51:00 [GET] ::1 /v1/admin/checkauth 200 2.941939ms
2025/04/12 11:51:01 [GET] ::1 /v1/config 200 7.184247ms
2025/04/12 11:51:01 [GET] ::1 /v1/admin/checkauth 200 2.616223ms
2025/04/12 11:51:02 [GET] ::1 /v1/admin/checkauth 200 1.799665ms
2025/04/12 11:51:02 [GET] ::1 /v1/config 200 1.6573ms
2025/04/12 11:51:02 [GET] ::1 /v1/checkstatus 200 22.759µs
2025/04/12 11:51:02 [GET] ::1 /v1/config/key/layout 200 3.716131ms
2025/04/12 11:51:02 [GET] ::1 /v1/config/key/style_typography 200 3.135554ms
2025/04/12 11:51:02 [GET] ::1 /v1/config/key/style_color 200 4.02406ms
2025/04/12 11:51:02 [GET] ::1 /v1/config/key/style_drawer 200 3.683933ms
2025/04/12 11:51:02 [GET] ::1 /v1/config/key/homepage 200 3.35099ms
2025/04/12 11:51:02 [GET] ::1 /v1/component 200 7.487524ms
2025/04/12 11:51:02 [GET] ::1 /v1/page/1 200 7.265999ms
2025/04/12 11:51:02 [GET] ::1 /v1/config/key/header_topbar 200 10.699112ms
2025/04/12 11:51:02 [GET] ::1 /v1/config/key/header_siteidentify 200 1.938794ms
2025/04/12 11:51:02 [GET] ::1 /v1/image/23 200 2.780377ms
2025/04/12 11:51:02 [GET] ::1 /v1/admin/checkauth 200 3.412656ms
2025/04/12 11:51:05 [GET] ::1 /v1/config 200 3.387868ms
2025/04/12 11:51:05 [GET] ::1 /v1/admin/checkauth 200 8.252929ms
2025/04/12 11:51:05 [GET] ::1 /v1/admin/pages/typenstatus/ 200 7.336261ms
2025/04/12 11:51:05 [GET] ::1 /v1/admin/checkauth 200 2.473257ms
2025/04/12 11:51:06 [GET] ::1 /v1/admin/checkauth 200 2.11825ms
2025/04/12 11:51:06 [GET] ::1 /v1/admin/pages/typenstatus/ 200 6.103856ms
2025/04/12 11:53:44 [GET] ::1 /v1/admin/checkauth 200 39.888274ms
2025/04/12 11:53:46 [GET] ::1 /v1/checkstatus 200 23.59µs
2025/04/12 11:53:46 [GET] ::1 /v1/checkstatus 200 16.839µs
2025/04/12 11:53:46 [GET] ::1 /v1/config/key/layout 200 8.819043ms
2025/04/12 11:53:46 [GET] ::1 /v1/checkstatus 200 700.109µs
2025/04/12 11:53:46 [GET] ::1 /v1/config/key/layout 200 2.000472ms
2025/04/12 11:53:46 [GET] ::1 /v1/config/key/style_typography 200 2.405064ms
2025/04/12 11:53:46 [GET] ::1 /v1/config/key/layout 200 1.366445ms
2025/04/12 11:53:46 [GET] ::1 /v1/config/key/style_typography 200 1.496665ms
2025/04/12 11:53:46 [GET] ::1 /v1/config/key/style_color 200 1.739347ms
2025/04/12 11:53:46 [GET] ::1 /v1/config/key/style_color 200 2.164032ms
2025/04/12 11:53:46 [GET] ::1 /v1/config/key/style_typography 200 5.082455ms
2025/04/12 11:53:46 [GET] ::1 /v1/config/key/style_drawer 200 1.858922ms
2025/04/12 11:53:46 [GET] ::1 /v1/config/key/style_drawer 200 9.104692ms
2025/04/12 11:53:47 [GET] ::1 /v1/config/key/style_color 200 1.767386ms
2025/04/12 11:53:47 [GET] ::1 /v1/config/key/homepage 200 16.192311ms
2025/04/12 11:53:47 [GET] ::1 /v1/config/key/homepage 200 12.274033ms
2025/04/12 11:53:47 [GET] ::1 /v1/component 200 15.990388ms
2025/04/12 11:53:47 [GET] ::1 /v1/page/1 200 20.762375ms
2025/04/12 11:53:47 [GET] ::1 /v1/component 200 45.674947ms
2025/04/12 11:53:47 [GET] ::1 /v1/config/key/header_topbar 200 10.450313ms
2025/04/12 11:53:47 [GET] ::1 /v1/page/1 200 8.448642ms
2025/04/12 11:53:47 [GET] ::1 /v1/config/key/style_drawer 200 32.924496ms
2025/04/12 11:53:47 [GET] ::1 /v1/config/key/header_topbar 200 2.275145ms
2025/04/12 11:53:47 [GET] ::1 /v1/config/key/header_siteidentify 200 2.086598ms
2025/04/12 11:53:47 [GET] ::1 /v1/config/key/homepage 200 2.749132ms
2025/04/12 11:53:47 [GET] ::1 /v1/component 200 4.363108ms
2025/04/12 11:53:47 [GET] ::1 /v1/image/23 200 19.1231ms
2025/04/12 11:53:47 [GET] ::1 /v1/config/key/header_topbar 200 16.490719ms
2025/04/12 11:53:47 [GET] ::1 /v1/config/key/header_siteidentify 200 4.147589ms
2025/04/12 11:53:47 [GET] ::1 /v1/page/1 200 22.404026ms
2025/04/12 11:53:47 [GET] ::1 /v1/image/23 200 8.308313ms
2025/04/12 11:53:47 [GET] ::1 /v1/config/key/header_siteidentify 200 3.198533ms
2025/04/12 11:53:47 [GET] ::1 /v1/image/23 200 2.010287ms
2025/04/12 11:53:50 [GET] ::1 /v1/config 200 2.587734ms
2025/04/12 11:53:51 [GET] ::1 /v1/config 200 2.13458ms
2025/04/12 11:54:55 [GET] ::1 /v1/admin/checkauth 200 8.508922ms
2025/04/12 12:05:13 [GET] ::1 /v1/admin/checkauth 200 23.630491ms
2025/04/12 12:11:30 [GET] ::1 /v1/admin/checkauth 200 9.703765ms
2025/04/12 12:16:39 [GET] ::1 /v1/admin/checkauth 200 11.86455ms
2025/04/12 12:16:40 [GET] ::1 /v1/menu_location/1 404 5.16µs
2025/04/12 12:16:41 [GET] ::1 /v1/menu_location/1 404 3.057µs
2025/04/12 12:17:04 [GET] ::1 /v1/admin/checkauth 200 67.293891ms
2025/04/12 12:17:05 [GET] ::1 /v1/menu_location/1 404 2.673µs
2025/04/12 12:17:06 [GET] ::1 /v1/menu_location/1 404 2.824µs
2025/04/12 12:19:21 [GET] ::1 /v1/checkstatus 200 50.245µs
2025/04/12 12:19:21 [GET] ::1 /v1/config/key/layout 200 32.111119ms
2025/04/12 12:19:21 [GET] ::1 /v1/config/key/style_typography 200 2.149424ms
2025/04/12 12:19:21 [GET] ::1 /v1/config/key/style_color 200 2.773933ms
2025/04/12 12:19:21 [GET] ::1 /v1/config/key/style_drawer 200 3.045875ms
2025/04/12 12:19:21 [GET] ::1 /v1/config/key/homepage 200 2.610257ms
2025/04/12 12:19:21 [GET] ::1 /v1/page/1 200 9.858117ms
2025/04/12 12:19:21 [GET] ::1 /v1/component 200 22.234446ms
2025/04/12 12:19:21 [GET] ::1 /v1/config/key/header_topbar 200 3.422216ms
2025/04/12 12:19:21 [GET] ::1 /v1/config/key/header_siteidentify 200 2.868256ms
2025/04/12 12:19:21 [GET] ::1 /v1/image/23 200 5.28064ms
2025/04/12 12:19:21 [GET] ::1 /v1/menu_location/1 200 24.937804ms
2025/04/12 12:19:21 [GET] ::1 /v1/menu/1 200 3.019513ms
2025/04/12 12:19:24 [GET] ::1 /v1/config 200 5.436361ms
2025/04/12 15:07:38 [GET] ::1 /v1/admin/checkauth 200 190.39559ms
2025/04/12 15:12:45 [GET] ::1 /v1/admin/checkauth 200 16.591358ms
2025/04/12 15:12:46 [GET] ::1 /v1/checkstatus 200 19.43µs
2025/04/12 15:12:46 [GET] ::1 /v1/config/key/layout 200 7.490483ms
2025/04/12 15:12:46 [GET] ::1 /v1/config/key/style_typography 200 3.617558ms
2025/04/12 15:12:46 [GET] ::1 /v1/config/key/style_color 200 3.6116ms
2025/04/12 15:12:46 [GET] ::1 /v1/config/key/style_drawer 200 1.54869ms
2025/04/12 15:12:46 [GET] ::1 /v1/config/key/homepage 200 7.731763ms
2025/04/12 15:12:46 [GET] ::1 /v1/component 200 16.587525ms
2025/04/12 15:12:46 [GET] ::1 /v1/config/key/header_topbar 200 7.107222ms
2025/04/12 15:12:46 [GET] ::1 /v1/page/1 200 12.223941ms
2025/04/12 15:12:46 [GET] ::1 /v1/config/key/header_siteidentify 200 3.751089ms
2025/04/12 15:12:46 [GET] ::1 /v1/menu_location/1 200 8.845331ms
2025/04/12 15:12:46 [GET] ::1 /v1/image/23 200 4.215202ms
2025/04/12 15:12:46 [GET] ::1 /v1/menu/1 200 5.322206ms
2025/04/12 15:12:48 [GET] ::1 /v1/admin/checkauth 200 2.918509ms
2025/04/12 15:12:50 [GET] ::1 /v1/config 200 2.90491ms
2025/04/12 15:13:07 [GET] ::1 /v1/checkstatus 200 844.916µs
2025/04/12 15:13:07 [GET] ::1 /v1/config/key/layout 200 10.846392ms
2025/04/12 15:13:07 [GET] ::1 /v1/config/key/style_typography 200 4.274544ms
2025/04/12 15:13:07 [GET] ::1 /v1/config/key/style_color 200 3.298409ms
2025/04/12 15:13:07 [GET] ::1 /v1/config/key/style_drawer 200 8.681735ms
2025/04/12 15:13:07 [GET] ::1 /v1/config/key/homepage 200 3.980333ms
2025/04/12 15:13:07 [GET] ::1 /v1/component 200 6.58948ms
2025/04/12 15:13:07 [GET] ::1 /v1/page/1 200 3.102048ms
2025/04/12 15:13:07 [GET] ::1 /v1/config/key/header_topbar 200 2.66423ms
2025/04/12 15:13:07 [GET] ::1 /v1/config/key/header_siteidentify 200 2.278165ms
2025/04/12 15:13:07 [GET] ::1 /v1/menu_location/1 200 3.086208ms
2025/04/12 15:13:07 [GET] ::1 /v1/image/23 200 3.063559ms
2025/04/12 15:13:07 [GET] ::1 /v1/menu/1 200 6.119883ms
2025/04/12 15:13:09 [GET] ::1 /v1/config 200 34.239967ms
2025/04/12 15:16:49 [GET] ::1 /v1/admin/checkauth 200 17.728339ms
2025/04/12 15:16:50 [GET] ::1 /v1/checkstatus 200 15.948µs
2025/04/12 15:16:52 [GET] ::1 /v1/admin/checkauth 200 10.135156ms
2025/04/12 15:16:53 [GET] ::1 /v1/checkstatus 200 28.604µs
2025/04/12 15:16:53 [GET] ::1 /v1/config/key/layout 200 3.345181ms
2025/04/12 15:16:53 [GET] ::1 /v1/config/key/style_typography 200 2.314307ms
2025/04/12 15:16:53 [GET] ::1 /v1/config/key/style_color 200 3.721763ms
2025/04/12 15:16:53 [GET] ::1 /v1/config/key/style_drawer 200 8.8649ms
2025/04/12 15:16:53 [GET] ::1 /v1/config/key/homepage 200 2.923656ms
2025/04/12 15:16:53 [GET] ::1 /v1/component 200 10.872399ms
2025/04/12 15:16:53 [GET] ::1 /v1/page/1 200 6.654259ms
2025/04/12 15:16:53 [GET] ::1 /v1/config/key/header_topbar 200 3.147142ms
2025/04/12 15:16:53 [GET] ::1 /v1/menu_location/1 200 12.320251ms
2025/04/12 15:16:53 [GET] ::1 /v1/config/key/header_siteidentify 200 12.529266ms
2025/04/12 15:16:53 [GET] ::1 /v1/menu/1 200 3.701147ms
2025/04/12 15:16:53 [GET] ::1 /v1/image/23 200 6.376478ms
2025/04/12 15:16:53 [GET] ::1 /v1/admin/checkauth 200 6.955666ms
2025/04/12 15:16:55 [GET] ::1 /v1/admin/checkauth 200 4.548304ms
2025/04/12 15:16:55 [GET] ::1 /v1/config 200 3.963697ms
2025/04/12 15:16:55 [GET] ::1 /v1/checkstatus 200 19.151µs
2025/04/12 15:16:55 [GET] ::1 /v1/config/key/layout 200 22.562121ms
2025/04/12 15:16:55 [GET] ::1 /v1/config/key/style_typography 200 2.997149ms
2025/04/12 15:16:55 [GET] ::1 /v1/config/key/style_color 200 4.69324ms
2025/04/12 15:16:55 [GET] ::1 /v1/config/key/style_drawer 200 2.399211ms
2025/04/12 15:16:55 [GET] ::1 /v1/component 200 5.903841ms
2025/04/12 15:16:55 [GET] ::1 /v1/config/key/homepage 200 4.802087ms
2025/04/12 15:16:55 [GET] ::1 /v1/config/key/header_topbar 200 2.268171ms
2025/04/12 15:16:55 [GET] ::1 /v1/page/1 200 3.608555ms
2025/04/12 15:16:55 [GET] ::1 /v1/menu_location/1 200 2.927925ms
2025/04/12 15:16:55 [GET] ::1 /v1/config/key/header_siteidentify 200 10.938565ms
2025/04/12 15:16:55 [GET] ::1 /v1/menu/1 200 6.274667ms
2025/04/12 15:16:55 [GET] ::1 /v1/image/23 200 3.499427ms
2025/04/12 15:16:55 [GET] ::1 /v1/admin/checkauth 200 3.661162ms
2025/04/12 15:16:57 [GET] ::1 /v1/admin/checkauth 200 6.591077ms
2025/04/12 15:16:58 [GET] ::1 /v1/admin/checkauth 200 2.986042ms
2025/04/12 15:16:59 [GET] ::1 /v1/config 200 14.272217ms
2025/04/12 15:16:59 [GET] ::1 /v1/config 200 2.300657ms
2025/04/12 15:16:59 [GET] ::1 /v1/admin/checkauth 200 4.360392ms
2025/04/12 15:17:00 [GET] ::1 /v1/admin/checkauth 200 4.571814ms
2025/04/12 15:26:25 [GET] ::1 /v1/admin/checkauth 200 91.502407ms
2025/04/12 15:26:25 [GET] ::1 /v1/admin/checkauth 200 88.622019ms
2025/04/12 15:26:26 [GET] ::1 /v1/admin/checkauth 200 4.516832ms
2025/04/12 15:26:26 [GET] ::1 /v1/admin/checkauth 200 8.985492ms
2025/04/12 15:32:22 [GET] ::1 /v1/admin/checkauth 200 8.334229ms
2025/04/12 15:32:22 [GET] ::1 /v1/admin/checkauth 200 3.402956ms
2025/04/12 15:32:22 [GET] ::1 /v1/admin/checkauth 200 3.68228ms
2025/04/12 15:32:22 [GET] ::1 /v1/admin/checkauth 200 12.529828ms
2025/04/12 15:32:22 [GET] ::1 /v1/admin/checkauth 200 4.869224ms
2025/04/12 15:32:22 [GET] ::1 /v1/admin/checkauth 200 4.347717ms
2025/04/12 15:32:22 [GET] ::1 /v1/checkstatus 200 33.142µs
2025/04/12 15:32:25 [GET] ::1 /v1/admin/checkauth 200 2.812913ms
2025/04/12 15:32:28 [GET] ::1 /v1/checkstatus 200 27.199µs
2025/04/12 15:32:28 [GET] ::1 /v1/config/key/layout 200 11.403602ms
2025/04/12 15:32:28 [GET] ::1 /v1/config/key/style_typography 200 3.575657ms
2025/04/12 15:32:28 [GET] ::1 /v1/config/key/style_color 200 3.008124ms
2025/04/12 15:32:28 [GET] ::1 /v1/config/key/style_drawer 200 4.747456ms
2025/04/12 15:32:28 [GET] ::1 /v1/admin/checkauth 200 18.199153ms
2025/04/12 15:32:28 [GET] ::1 /v1/config/key/homepage 200 20.943243ms
2025/04/12 15:32:28 [GET] ::1 /v1/component 200 23.276995ms
2025/04/12 15:32:28 [GET] ::1 /v1/config/key/header_topbar 200 6.33473ms
2025/04/12 15:32:28 [GET] ::1 /v1/page/1 200 11.32077ms
2025/04/12 15:32:28 [GET] ::1 /v1/config/key/header_siteidentify 200 4.974382ms
2025/04/12 15:32:28 [GET] ::1 /v1/menu_location/1 200 18.581063ms
2025/04/12 15:32:28 [GET] ::1 /v1/image/23 200 4.198405ms
2025/04/12 15:32:28 [GET] ::1 /v1/menu/1 200 2.784305ms
2025/04/12 15:32:30 [GET] ::1 /v1/admin/checkauth 200 3.529003ms
2025/04/12 15:32:31 [GET] ::1 /v1/config 200 3.190827ms
2025/04/12 15:32:31 [GET] ::1 /v1/checkstatus 200 35.131µs
2025/04/12 15:32:31 [GET] ::1 /v1/config/key/layout 200 2.919059ms
2025/04/12 15:32:31 [GET] ::1 /v1/config/key/style_typography 200 2.855469ms
2025/04/12 15:32:31 [GET] ::1 /v1/config/key/style_color 200 2.142828ms
2025/04/12 15:32:31 [GET] ::1 /v1/config/key/style_drawer 200 1.96148ms
2025/04/12 15:32:31 [GET] ::1 /v1/config/key/homepage 200 3.319273ms
2025/04/12 15:32:31 [GET] ::1 /v1/component 200 6.988795ms
2025/04/12 15:32:31 [GET] ::1 /v1/page/1 200 5.997026ms
2025/04/12 15:32:31 [GET] ::1 /v1/config/key/header_topbar 200 2.669279ms
2025/04/12 15:32:31 [GET] ::1 /v1/menu_location/1 200 3.688087ms
2025/04/12 15:32:31 [GET] ::1 /v1/config/key/header_siteidentify 200 4.304454ms
2025/04/12 15:32:31 [GET] ::1 /v1/menu/1 200 2.564835ms
2025/04/12 15:32:31 [GET] ::1 /v1/admin/checkauth 200 8.133599ms
2025/04/12 15:32:31 [GET] ::1 /v1/image/23 200 6.848389ms
2025/04/12 15:32:33 [GET] ::1 /v1/admin/checkauth 200 3.842044ms
2025/04/12 15:32:34 [GET] ::1 /v1/admin/checkauth 200 3.24623ms
2025/04/12 15:32:35 [GET] ::1 /v1/config 200 2.354578ms
2025/04/12 15:32:35 [GET] ::1 /v1/config 200 8.703822ms
2025/04/12 15:32:36 [GET] ::1 /v1/admin/checkauth 200 2.373092ms
2025/04/12 15:32:36 [GET] ::1 /v1/admin/checkauth 200 2.186841ms
2025/04/12 15:36:31 [GET] ::1 /v1/checkstatus 200 850.246µs
2025/04/12 15:36:31 [GET] ::1 /v1/config/key/layout 200 6.685695ms
2025/04/12 15:36:31 [GET] ::1 /v1/config/key/style_typography 200 2.694069ms
2025/04/12 15:36:31 [GET] ::1 /v1/config/key/style_color 200 2.678869ms
2025/04/12 15:36:31 [GET] ::1 /v1/config/key/style_drawer 200 2.782341ms
2025/04/12 15:36:31 [GET] ::1 /v1/config/key/homepage 200 2.007072ms
2025/04/12 15:36:31 [GET] ::1 /v1/component 200 4.135556ms
2025/04/12 15:36:31 [GET] ::1 /v1/config/key/header_topbar 200 3.518453ms
2025/04/12 15:36:31 [GET] ::1 /v1/page/1 200 3.921799ms
2025/04/12 15:36:31 [GET] ::1 /v1/config/key/header_siteidentify 200 2.19317ms
2025/04/12 15:36:31 [GET] ::1 /v1/menu_location/1 200 5.069917ms
2025/04/12 15:36:31 [GET] ::1 /v1/menu/1 200 3.25964ms
2025/04/12 15:36:31 [GET] ::1 /v1/image/23 200 3.057516ms
2025/04/12 15:36:33 [GET] ::1 /v1/config 200 4.111608ms
2025/04/12 15:37:46 [GET] ::1 /v1/admin/checkauth 200 7.629721ms
2025/04/12 15:37:46 [GET] ::1 /v1/checkstatus 200 36.366µs
2025/04/12 15:37:48 [GET] ::1 /v1/checkstatus 200 20.133µs
2025/04/12 15:37:48 [GET] ::1 /v1/config/key/layout 200 11.401101ms
2025/04/12 15:37:48 [GET] ::1 /v1/config/key/style_typography 200 4.860505ms
2025/04/12 15:37:48 [GET] ::1 /v1/admin/checkauth 200 6.120888ms
2025/04/12 15:37:48 [GET] ::1 /v1/config/key/style_color 200 4.393162ms
2025/04/12 15:37:48 [GET] ::1 /v1/config/key/style_drawer 200 3.21502ms
2025/04/12 15:37:48 [GET] ::1 /v1/component 200 4.154559ms
2025/04/12 15:37:48 [GET] ::1 /v1/config/key/homepage 200 4.246212ms
2025/04/12 15:37:48 [GET] ::1 /v1/config/key/header_topbar 200 3.095776ms
2025/04/12 15:37:49 [GET] ::1 /v1/page/1 200 4.295463ms
2025/04/12 15:37:49 [GET] ::1 /v1/config/key/header_siteidentify 200 3.275712ms
2025/04/12 15:37:49 [GET] ::1 /v1/menu_location/1 200 2.662888ms
2025/04/12 15:37:49 [GET] ::1 /v1/menu/1 200 4.287023ms
2025/04/12 15:37:49 [GET] ::1 /v1/image/23 200 9.158013ms
2025/04/12 15:37:51 [GET] ::1 /v1/admin/checkauth 200 6.390949ms
2025/04/12 15:37:51 [GET] ::1 /v1/admin/checkauth 200 2.498088ms
2025/04/12 15:37:52 [GET] ::1 /v1/config 200 3.101645ms
2025/04/12 15:37:52 [GET] ::1 /v1/checkstatus 200 37.743µs
2025/04/12 15:37:52 [GET] ::1 /v1/config/key/layout 200 2.138575ms
2025/04/12 15:37:53 [GET] ::1 /v1/config/key/style_typography 200 2.49924ms
2025/04/12 15:37:53 [GET] ::1 /v1/config/key/style_color 200 1.864053ms
2025/04/12 15:37:53 [GET] ::1 /v1/config/key/style_drawer 200 1.973636ms
2025/04/12 15:37:53 [GET] ::1 /v1/config/key/homepage 200 2.28763ms
2025/04/12 15:37:53 [GET] ::1 /v1/component 200 12.895679ms
2025/04/12 15:37:53 [GET] ::1 /v1/page/1 200 2.364742ms
2025/04/12 15:37:53 [GET] ::1 /v1/config/key/header_topbar 200 1.970626ms
2025/04/12 15:37:53 [GET] ::1 /v1/menu_location/1 200 5.574605ms
2025/04/12 15:37:53 [GET] ::1 /v1/config/key/header_siteidentify 200 19.06325ms
2025/04/12 15:37:53 [GET] ::1 /v1/menu/1 200 6.268205ms
2025/04/12 15:37:53 [GET] ::1 /v1/image/23 200 2.429108ms
2025/04/12 15:37:53 [GET] ::1 /v1/admin/checkauth 200 3.835641ms
2025/04/12 15:37:55 [GET] ::1 /v1/admin/checkauth 200 3.876151ms
2025/04/12 15:37:56 [GET] ::1 /v1/config 200 3.988177ms
2025/04/12 15:38:24 [GET] ::1 /v1/admin/checkauth 200 5.12395ms
2025/04/12 15:38:37 [GET] ::1 /v1/admin/checkauth 200 3.317496ms
2025/04/12 15:38:46 [GET] ::1 /v1/admin/checkauth 200 4.091001ms
2025/04/12 15:38:47 [GET] ::1 /v1/checkstatus 200 16.282µs
2025/04/12 15:38:47 [GET] ::1 /v1/config/key/layout 200 2.044856ms
2025/04/12 15:38:47 [GET] ::1 /v1/config/key/style_typography 200 3.346111ms
2025/04/12 15:38:47 [GET] ::1 /v1/config/key/style_color 200 1.825049ms
2025/04/12 15:38:47 [GET] ::1 /v1/config/key/style_drawer 200 3.732776ms
2025/04/12 15:38:47 [GET] ::1 /v1/component 200 2.75886ms
2025/04/12 15:38:47 [GET] ::1 /v1/config/key/homepage 200 3.890696ms
2025/04/12 15:38:47 [GET] ::1 /v1/page/1 200 3.724031ms
2025/04/12 15:38:47 [GET] ::1 /v1/config/key/header_topbar 200 7.233177ms
2025/04/12 15:38:47 [GET] ::1 /v1/config/key/header_siteidentify 200 2.042471ms
2025/04/12 15:38:47 [GET] ::1 /v1/menu_location/1 200 5.315667ms
2025/04/12 15:38:47 [GET] ::1 /v1/image/23 200 4.489911ms
2025/04/12 15:38:47 [GET] ::1 /v1/menu/1 200 2.659952ms
2025/04/12 15:38:49 [GET] ::1 /v1/config 200 11.448274ms
2025/04/12 15:38:51 [GET] ::1 /v1/admin/checkauth 200 7.350389ms
2025/04/12 15:38:51 [GET] ::1 /v1/checkstatus 200 18.031µs
2025/04/12 15:38:52 [GET] ::1 /v1/config/key/layout 200 4.132077ms
2025/04/12 15:38:52 [GET] ::1 /v1/config/key/style_typography 200 2.061963ms
2025/04/12 15:38:52 [GET] ::1 /v1/config/key/style_color 200 4.012227ms
2025/04/12 15:38:52 [GET] ::1 /v1/config/key/style_drawer 200 12.524847ms
2025/04/12 15:38:52 [GET] ::1 /v1/config/key/homepage 200 4.548882ms
2025/04/12 15:38:52 [GET] ::1 /v1/component 200 6.086868ms
2025/04/12 15:38:52 [GET] ::1 /v1/page/1 200 11.383313ms
2025/04/12 15:38:52 [GET] ::1 /v1/config/key/header_topbar 200 11.555927ms
2025/04/12 15:38:52 [GET] ::1 /v1/config/key/header_siteidentify 200 3.255274ms
2025/04/12 15:38:52 [GET] ::1 /v1/menu_location/1 200 3.545376ms
2025/04/12 15:38:52 [GET] ::1 /v1/menu/1 200 6.402332ms
2025/04/12 15:38:52 [GET] ::1 /v1/image/23 200 6.968815ms
2025/04/12 15:38:54 [GET] ::1 /v1/config 200 2.578434ms
2025/04/12 15:42:19 [GET] ::1 /v1/admin/checkauth 200 8.678714ms
2025/04/12 15:42:19 [GET] ::1 /v1/admin/checkauth 200 2.911448ms
2025/04/12 15:42:19 [GET] ::1 /v1/admin/checkauth 200 8.08552ms
2025/04/12 15:42:20 [GET] ::1 /v1/admin/checkauth 200 2.315468ms
2025/04/12 15:42:21 [GET] ::1 /v1/admin/checkauth 200 2.792315ms
2025/04/12 15:42:21 [GET] ::1 /v1/admin/checkauth 200 11.091281ms
2025/04/12 15:42:21 [GET] ::1 /v1/admin/checkauth 200 6.554357ms
2025/04/12 15:42:22 [GET] ::1 /v1/admin/checkauth 200 2.262373ms
2025/04/12 15:42:24 [GET] ::1 /v1/checkstatus 200 38.718µs
2025/04/12 15:42:24 [GET] ::1 /v1/checkstatus 200 13.641µs
2025/04/12 15:42:24 [GET] ::1 /v1/checkstatus 200 1.012127ms
2025/04/12 15:42:25 [GET] ::1 /v1/checkstatus 200 26.388µs
2025/04/12 15:42:25 [GET] ::1 /v1/config/key/layout 200 2.185556ms
2025/04/12 15:42:25 [GET] ::1 /v1/config/key/style_typography 200 2.830597ms
2025/04/12 15:42:25 [GET] ::1 /v1/config/key/style_color 200 13.1951ms
2025/04/12 15:42:25 [GET] ::1 /v1/admin/checkauth 200 32.062867ms
2025/04/12 15:42:25 [GET] ::1 /v1/config/key/style_drawer 200 2.37729ms
2025/04/12 15:42:25 [GET] ::1 /v1/component 200 13.013433ms
2025/04/12 15:42:25 [GET] ::1 /v1/config/key/homepage 200 12.76749ms
2025/04/12 15:42:25 [GET] ::1 /v1/config/key/header_topbar 200 2.973375ms
2025/04/12 15:42:25 [GET] ::1 /v1/config/key/header_siteidentify 200 9.983918ms
2025/04/12 15:42:25 [GET] ::1 /v1/menu_location/1 200 9.50233ms
2025/04/12 15:42:25 [GET] ::1 /v1/page/1 200 8.24095ms
2025/04/12 15:42:25 [GET] ::1 /v1/image/23 200 5.452134ms
2025/04/12 15:42:25 [GET] ::1 /v1/menu/1 200 8.079621ms
2025/04/12 15:42:27 [GET] ::1 /v1/checkstatus 200 24.837µs
2025/04/12 15:42:27 [GET] ::1 /v1/config/key/layout 200 1.748504ms
2025/04/12 15:42:27 [GET] ::1 /v1/config/key/style_typography 200 1.946041ms
2025/04/12 15:42:27 [GET] ::1 /v1/config/key/style_color 200 2.354814ms
2025/04/12 15:42:27 [GET] ::1 /v1/config/key/style_drawer 200 2.825456ms
2025/04/12 15:42:27 [GET] ::1 /v1/component 200 8.290543ms
2025/04/12 15:42:27 [GET] ::1 /v1/config/key/homepage 200 4.142016ms
2025/04/12 15:42:27 [GET] ::1 /v1/config/key/header_topbar 200 7.945666ms
2025/04/12 15:42:27 [GET] ::1 /v1/page/1 200 18.363455ms
2025/04/12 15:42:27 [GET] ::1 /v1/config/key/header_siteidentify 200 2.689321ms
2025/04/12 15:42:27 [GET] ::1 /v1/menu_location/1 200 9.657088ms
2025/04/12 15:42:27 [GET] ::1 /v1/image/23 200 2.711224ms
2025/04/12 15:42:27 [GET] ::1 /v1/menu/1 200 2.354667ms
2025/04/12 15:42:28 [GET] ::1 /v1/admin/checkauth 200 3.965263ms
2025/04/12 15:42:28 [GET] ::1 /v1/checkstatus 200 20.684µs
2025/04/12 15:42:28 [GET] ::1 /v1/config/key/layout 200 3.226538ms
2025/04/12 15:42:28 [GET] ::1 /v1/config/key/style_typography 200 2.586004ms
2025/04/12 15:42:28 [GET] ::1 /v1/config/key/style_color 200 4.457849ms
2025/04/12 15:42:28 [GET] ::1 /v1/config/key/style_drawer 200 4.399574ms
2025/04/12 15:42:28 [GET] ::1 /v1/config/key/homepage 200 4.197807ms
2025/04/12 15:42:28 [GET] ::1 /v1/component 200 5.941082ms
2025/04/12 15:42:28 [GET] ::1 /v1/page/1 200 3.549803ms
2025/04/12 15:42:28 [GET] ::1 /v1/config/key/header_topbar 200 1.474844ms
2025/04/12 15:42:28 [GET] ::1 /v1/config/key/header_siteidentify 200 2.941719ms
2025/04/12 15:42:28 [GET] ::1 /v1/menu_location/1 200 3.927127ms
2025/04/12 15:42:28 [GET] ::1 /v1/image/23 200 3.189528ms
2025/04/12 15:42:28 [GET] ::1 /v1/menu/1 200 11.425546ms
2025/04/12 15:42:30 [GET] ::1 /v1/admin/checkauth 200 3.321978ms
2025/04/12 15:42:30 [GET] ::1 /v1/checkstatus 200 31.884µs
2025/04/12 15:42:30 [GET] ::1 /v1/config/key/layout 200 8.62774ms
2025/04/12 15:42:30 [GET] ::1 /v1/config/key/style_typography 200 1.93556ms
2025/04/12 15:42:30 [GET] ::1 /v1/config/key/style_color 200 3.642352ms
2025/04/12 15:42:30 [GET] ::1 /v1/config/key/style_drawer 200 2.788013ms
2025/04/12 15:42:30 [GET] ::1 /v1/component 200 2.33163ms
2025/04/12 15:42:30 [GET] ::1 /v1/config/key/homepage 200 3.618372ms
2025/04/12 15:42:30 [GET] ::1 /v1/config/key/header_topbar 200 17.378796ms
2025/04/12 15:42:30 [GET] ::1 /v1/page/1 200 15.842308ms
2025/04/12 15:42:30 [GET] ::1 /v1/config/key/header_siteidentify 200 5.78098ms
2025/04/12 15:42:30 [GET] ::1 /v1/menu_location/1 200 4.603572ms
2025/04/12 15:42:30 [GET] ::1 /v1/image/23 200 4.323369ms
2025/04/12 15:42:30 [GET] ::1 /v1/menu/1 200 4.011837ms
2025/04/12 15:42:32 [GET] ::1 /v1/admin/checkauth 200 15.287857ms
2025/04/12 15:42:36 [GET] ::1 /v1/config 200 2.057987ms
2025/04/12 15:42:39 [GET] ::1 /v1/admin/checkauth 200 3.378313ms
2025/04/12 15:42:39 [GET] ::1 /v1/checkstatus 200 20.495µs
2025/04/12 15:42:39 [GET] ::1 /v1/config/key/layout 200 2.102676ms
2025/04/12 15:42:39 [GET] ::1 /v1/config/key/style_typography 200 5.354949ms
2025/04/12 15:42:39 [GET] ::1 /v1/config/key/style_color 200 2.62292ms
2025/04/12 15:42:39 [GET] ::1 /v1/config/key/style_drawer 200 2.427909ms
2025/04/12 15:42:39 [GET] ::1 /v1/admin/checkauth 200 5.438652ms
2025/04/12 15:42:39 [GET] ::1 /v1/component 200 2.533361ms
2025/04/12 15:42:39 [GET] ::1 /v1/config/key/homepage 200 4.878013ms
2025/04/12 15:42:39 [GET] ::1 /v1/config/key/header_topbar 200 3.528212ms
2025/04/12 15:42:39 [GET] ::1 /v1/page/1 200 2.972007ms
2025/04/12 15:42:39 [GET] ::1 /v1/config/key/header_siteidentify 200 1.596056ms
2025/04/12 15:42:39 [GET] ::1 /v1/menu_location/1 200 2.547029ms
2025/04/12 15:42:39 [GET] ::1 /v1/image/23 200 1.87788ms
2025/04/12 15:42:39 [GET] ::1 /v1/menu/1 200 2.416641ms
2025/04/12 15:42:39 [GET] ::1 /v1/admin/checkauth 200 4.313521ms
2025/04/12 15:42:39 [GET] ::1 /v1/admin/checkauth 200 4.475965ms
2025/04/12 15:42:40 [GET] ::1 /v1/checkstatus 200 722.874µs
2025/04/12 15:42:40 [GET] ::1 /v1/config/key/layout 200 2.704391ms
2025/04/12 15:42:40 [GET] ::1 /v1/config/key/style_typography 200 1.843048ms
2025/04/12 15:42:40 [GET] ::1 /v1/config/key/style_color 200 2.974625ms
2025/04/12 15:42:40 [GET] ::1 /v1/config/key/style_drawer 200 2.611107ms
2025/04/12 15:42:40 [GET] ::1 /v1/component 200 8.294163ms
2025/04/12 15:42:40 [GET] ::1 /v1/config/key/homepage 200 5.792636ms
2025/04/12 15:42:40 [GET] ::1 /v1/config/key/header_topbar 200 3.198188ms
2025/04/12 15:42:40 [GET] ::1 /v1/page/1 200 2.3215ms
2025/04/12 15:42:40 [GET] ::1 /v1/menu_location/1 200 2.584664ms
2025/04/12 15:42:40 [GET] ::1 /v1/config/key/header_siteidentify 200 4.794759ms
2025/04/12 15:42:41 [GET] ::1 /v1/menu/1 200 1.817672ms
2025/04/12 15:42:41 [GET] ::1 /v1/image/23 200 5.022696ms
2025/04/12 15:42:42 [GET] ::1 /v1/page/1 200 2.970444ms
2025/04/12 15:42:42 [GET] ::1 /v1/checkstatus 200 19.739µs
2025/04/12 15:42:42 [GET] ::1 /v1/page/1 200 2.841384ms
2025/04/12 15:42:44 [GET] ::1 /v1/admin/pages/typenstatus/ 200 170.619588ms
2025/04/12 15:42:44 [GET] ::1 /v1/admin/pages/typenstatus/ 200 9.339345ms
2025/04/12 15:42:47 [GET] ::1 /v1/config 200 3.796032ms
2025/04/12 15:42:49 [GET] ::1 /v1/config 200 2.837987ms
2025/04/12 15:42:57 [GET] ::1 /v1/admin/checkauth 200 5.616231ms
2025/04/12 15:43:02 [GET] ::1 /v1/admin/pagecategories/page/1 200 80.28626ms
2025/04/12 15:43:04 [GET] ::1 /v1/admin/checkauth 200 4.609909ms
2025/04/12 15:43:04 [GET] ::1 /v1/admin/pagecategories/page/1 200 11.050941ms
2025/04/12 15:43:06 [GET] ::1 /v1/admin/checkauth 200 3.082693ms
2025/04/12 15:43:06 [GET] ::1 /v1/admin/pagetags/page/1 200 13.725713ms
2025/04/12 15:43:07 [GET] ::1 /v1/admin/checkauth 200 3.769713ms
2025/04/12 15:43:08 [GET] ::1 /v1/admin/pagetags/page/1 200 10.027934ms
2025/04/12 15:43:09 [GET] ::1 /v1/admin/checkauth 200 2.961621ms
2025/04/12 15:43:10 [GET] ::1 /v1/admin/checkauth 200 15.355872ms
2025/04/12 15:44:03 [GET] ::1 /v1/admin/checkauth 200 47.554497ms
2025/04/12 15:44:05 [GET] ::1 /v1/checkstatus 200 269.159µs
2025/04/12 15:44:05 [GET] ::1 /v1/config/key/layout 200 4.723886ms
2025/04/12 15:44:05 [GET] ::1 /v1/config/key/style_typography 200 2.379759ms
2025/04/12 15:44:05 [GET] ::1 /v1/config/key/style_color 200 5.97099ms
2025/04/12 15:44:05 [GET] ::1 /v1/config/key/style_drawer 200 3.176152ms
2025/04/12 15:44:05 [GET] ::1 /v1/component 200 5.196904ms
2025/04/12 15:44:05 [GET] ::1 /v1/config/key/homepage 200 3.336141ms
2025/04/12 15:44:05 [GET] ::1 /v1/config/key/header_topbar 200 2.353286ms
2025/04/12 15:44:05 [GET] ::1 /v1/page/1 200 6.705746ms
2025/04/12 15:44:05 [GET] ::1 /v1/menu_location/1 200 3.408625ms
2025/04/12 15:44:05 [GET] ::1 /v1/config/key/header_siteidentify 200 10.59662ms
2025/04/12 15:44:05 [GET] ::1 /v1/image/23 200 6.312762ms
2025/04/12 15:44:05 [GET] ::1 /v1/menu/1 200 13.113298ms
2025/04/12 15:44:07 [GET] ::1 /v1/config 200 2.478304ms
2025/04/12 15:44:15 [GET] ::1 /v1/admin/checkauth 200 8.90585ms
2025/04/12 15:44:16 [GET] ::1 /v1/checkstatus 200 20.952µs
2025/04/12 15:44:16 [GET] ::1 /v1/config/key/layout 200 9.119286ms
2025/04/12 15:44:16 [GET] ::1 /v1/config/key/style_typography 200 1.963186ms
2025/04/12 15:44:16 [GET] ::1 /v1/config/key/style_color 200 2.283462ms
2025/04/12 15:44:16 [GET] ::1 /v1/config/key/style_drawer 200 2.629744ms
2025/04/12 15:44:16 [GET] ::1 /v1/component 200 4.097376ms
2025/04/12 15:44:16 [GET] ::1 /v1/config/key/homepage 200 4.049345ms
2025/04/12 15:44:16 [GET] ::1 /v1/config/key/header_topbar 200 13.239115ms
2025/04/12 15:44:16 [GET] ::1 /v1/config/key/header_siteidentify 200 6.675276ms
2025/04/12 15:44:16 [GET] ::1 /v1/menu_location/1 200 7.427277ms
2025/04/12 15:44:16 [GET] ::1 /v1/page/1 200 26.678624ms
2025/04/12 15:44:16 [GET] ::1 /v1/image/23 200 4.29186ms
2025/04/12 15:44:16 [GET] ::1 /v1/menu/1 200 3.968803ms
2025/04/12 15:44:18 [GET] ::1 /v1/config 200 3.78189ms
2025/04/12 15:44:22 [GET] ::1 /v1/checkstatus 200 19.829µs
2025/04/12 15:44:22 [GET] ::1 /v1/config/key/layout 200 3.651172ms
2025/04/12 15:44:22 [GET] ::1 /v1/config/key/style_typography 200 3.361771ms
2025/04/12 15:44:22 [GET] ::1 /v1/config/key/style_color 200 2.234812ms
2025/04/12 15:44:22 [GET] ::1 /v1/config/key/style_drawer 200 3.293888ms
2025/04/12 15:44:22 [GET] ::1 /v1/config/key/homepage 200 6.637711ms
2025/04/12 15:44:22 [GET] ::1 /v1/component 200 11.991299ms
2025/04/12 15:44:22 [GET] ::1 /v1/config/key/header_topbar 200 4.574881ms
2025/04/12 15:44:22 [GET] ::1 /v1/page/1 200 4.013797ms
2025/04/12 15:44:22 [GET] ::1 /v1/menu_location/1 200 3.307637ms
2025/04/12 15:44:22 [GET] ::1 /v1/config/key/header_siteidentify 200 14.875405ms
2025/04/12 15:44:22 [GET] ::1 /v1/image/23 200 3.128764ms
2025/04/12 15:44:22 [GET] ::1 /v1/menu/1 200 2.70189ms
2025/04/12 15:44:24 [GET] ::1 /v1/config 200 1.910587ms
2025/04/12 15:44:27 [GET] ::1 /v1/admin/checkauth 200 7.852981ms
2025/04/12 15:44:28 [GET] ::1 /v1/checkstatus 200 20.564µs
2025/04/12 15:44:28 [GET] ::1 /v1/config/key/layout 200 3.225715ms
2025/04/12 15:44:28 [GET] ::1 /v1/config/key/style_typography 200 7.071217ms
2025/04/12 15:44:28 [GET] ::1 /v1/config/key/style_color 200 2.530303ms
2025/04/12 15:44:28 [GET] ::1 /v1/config/key/style_drawer 200 3.979138ms
2025/04/12 15:44:28 [GET] ::1 /v1/component 200 2.734033ms
2025/04/12 15:44:28 [GET] ::1 /v1/config/key/homepage 200 3.318353ms
2025/04/12 15:44:28 [GET] ::1 /v1/page/1 200 4.145122ms
2025/04/12 15:44:28 [GET] ::1 /v1/config/key/header_topbar 200 5.702181ms
2025/04/12 15:44:28 [GET] ::1 /v1/config/key/header_siteidentify 200 3.625873ms
2025/04/12 15:44:28 [GET] ::1 /v1/menu_location/1 200 3.112932ms
2025/04/12 15:44:28 [GET] ::1 /v1/image/23 200 3.124778ms
2025/04/12 15:44:28 [GET] ::1 /v1/menu/1 200 2.265813ms
2025/04/12 15:44:31 [GET] ::1 /v1/config 200 2.144835ms
2025/04/12 15:44:34 [GET] ::1 /v1/checkstatus 200 20.851µs
2025/04/12 15:44:34 [GET] ::1 /v1/config/key/layout 200 4.344857ms
2025/04/12 15:44:34 [GET] ::1 /v1/config/key/style_typography 200 2.211823ms
2025/04/12 15:44:34 [GET] ::1 /v1/config/key/style_color 200 1.951322ms
2025/04/12 15:44:34 [GET] ::1 /v1/config/key/style_drawer 200 6.196463ms
2025/04/12 15:44:34 [GET] ::1 /v1/component 200 3.907669ms
2025/04/12 15:44:34 [GET] ::1 /v1/config/key/homepage 200 4.070757ms
2025/04/12 15:44:34 [GET] ::1 /v1/config/key/header_topbar 200 2.08437ms
2025/04/12 15:44:34 [GET] ::1 /v1/page/1 200 3.231873ms
2025/04/12 15:44:34 [GET] ::1 /v1/config/key/header_siteidentify 200 2.219925ms
2025/04/12 15:44:34 [GET] ::1 /v1/menu_location/1 200 5.64802ms
2025/04/12 15:44:34 [GET] ::1 /v1/image/23 200 2.855541ms
2025/04/12 15:44:34 [GET] ::1 /v1/menu/1 200 2.274407ms
2025/04/12 15:44:37 [GET] ::1 /v1/config 200 4.393342ms
2025/04/12 15:44:44 [GET] ::1 /v1/admin/checkauth 200 6.270175ms
2025/04/12 15:44:45 [GET] ::1 /v1/checkstatus 200 21.318µs
2025/04/12 15:44:45 [GET] ::1 /v1/config/key/layout 200 2.216592ms
2025/04/12 15:44:45 [GET] ::1 /v1/config/key/style_typography 200 2.427705ms
2025/04/12 15:44:45 [GET] ::1 /v1/config/key/style_color 200 11.136605ms
2025/04/12 15:44:45 [GET] ::1 /v1/config/key/style_drawer 200 3.524748ms
2025/04/12 15:44:45 [GET] ::1 /v1/config/key/homepage 200 2.989457ms
2025/04/12 15:44:45 [GET] ::1 /v1/component 200 3.289978ms
2025/04/12 15:44:45 [GET] ::1 /v1/config/key/header_topbar 200 8.335709ms
2025/04/12 15:44:45 [GET] ::1 /v1/page/1 200 8.373135ms
2025/04/12 15:44:45 [GET] ::1 /v1/config/key/header_siteidentify 200 4.799378ms
2025/04/12 15:44:45 [GET] ::1 /v1/menu_location/1 200 7.290138ms
2025/04/12 15:44:45 [GET] ::1 /v1/image/23 200 4.379996ms
2025/04/12 15:44:45 [GET] ::1 /v1/menu/1 200 4.855981ms
2025/04/12 15:44:47 [GET] ::1 /v1/config 200 3.781908ms
2025/04/12 16:07:03 [GET] ::1 /v1/admin/checkauth 200 128.971127ms
2025/04/12 16:07:03 [GET] ::1 /v1/admin/checkauth 200 131.880392ms
2025/04/12 16:07:03 [GET] ::1 /v1/admin/checkauth 200 6.049457ms
2025/04/12 16:07:03 [GET] ::1 /v1/admin/checkauth 200 4.653294ms
2025/04/12 16:07:04 [GET] ::1 /v1/admin/checkauth 200 3.801368ms
2025/04/12 16:07:05 [GET] ::1 /v1/admin/checkauth 200 7.895274ms
2025/04/12 16:07:06 [GET] ::1 /v1/checkstatus 200 361.194µs
2025/04/12 16:07:06 [GET] ::1 /v1/checkstatus 200 15.227µs
2025/04/12 16:07:06 [GET] ::1 /v1/checkstatus 200 16.884µs
2025/04/12 16:07:09 [GET] ::1 /v1/checkstatus 200 20.47µs
2025/04/12 16:07:09 [GET] ::1 /v1/config/key/layout 200 19.718717ms
2025/04/12 16:07:09 [GET] ::1 /v1/config/key/style_typography 200 3.430664ms
2025/04/12 16:07:09 [GET] ::1 /v1/config/key/style_color 200 5.559387ms
2025/04/12 16:07:09 [GET] ::1 /v1/config/key/style_drawer 200 7.111519ms
2025/04/12 16:07:09 [GET] ::1 /v1/admin/checkauth 200 5.396104ms
2025/04/12 16:07:09 [GET] ::1 /v1/component 200 7.450693ms
2025/04/12 16:07:09 [GET] ::1 /v1/config/key/header_topbar 200 4.787489ms
2025/04/12 16:07:09 [GET] ::1 /v1/config/key/homepage 200 6.79292ms
2025/04/12 16:07:09 [GET] ::1 /v1/config/key/header_siteidentify 200 3.412428ms
2025/04/12 16:07:09 [GET] ::1 /v1/menu_location/1 200 17.027647ms
2025/04/12 16:07:09 [GET] ::1 /v1/image/23 200 6.232202ms
2025/04/12 16:07:09 [GET] ::1 /v1/menu/1 200 8.562985ms
2025/04/12 16:07:09 [GET] ::1 /v1/page/1 200 8.319448ms
2025/04/12 16:07:11 [GET] ::1 /v1/admin/checkauth 200 2.466603ms
2025/04/12 16:07:11 [GET] ::1 /v1/admin/checkauth 200 3.299835ms
2025/04/12 16:07:13 [GET] ::1 /v1/config 200 2.824365ms
2025/04/12 16:07:13 [GET] ::1 /v1/checkstatus 200 15.902µs
2025/04/12 16:07:13 [GET] ::1 /v1/config/key/layout 200 1.683788ms
2025/04/12 16:07:13 [GET] ::1 /v1/config/key/style_typography 200 1.771469ms
2025/04/12 16:07:13 [GET] ::1 /v1/config/key/style_color 200 1.794803ms
2025/04/12 16:07:13 [GET] ::1 /v1/config/key/style_drawer 200 2.058374ms
2025/04/12 16:07:13 [GET] ::1 /v1/component 200 2.835561ms
2025/04/12 16:07:13 [GET] ::1 /v1/config/key/homepage 200 3.45367ms
2025/04/12 16:07:13 [GET] ::1 /v1/config/key/header_topbar 200 2.259929ms
2025/04/12 16:07:13 [GET] ::1 /v1/page/1 200 3.710561ms
2025/04/12 16:07:13 [GET] ::1 /v1/menu_location/1 200 22.394549ms
2025/04/12 16:07:13 [GET] ::1 /v1/config/key/header_siteidentify 200 21.967298ms
2025/04/12 16:07:13 [GET] ::1 /v1/menu/1 200 7.706072ms
2025/04/12 16:07:13 [GET] ::1 /v1/image/23 200 7.084898ms
2025/04/12 16:07:14 [GET] ::1 /v1/admin/checkauth 200 6.086483ms
2025/04/12 16:07:16 [GET] ::1 /v1/component 200 1.778271ms
2025/04/12 16:07:16 [GET] ::1 /v1/admin/checkauth 200 3.17362ms
2025/04/12 16:07:16 [GET] ::1 /v1/config 200 10.386528ms
2025/04/12 16:07:17 [GET] ::1 /v1/component 200 3.890973ms
2025/04/12 16:07:17 [GET] ::1 /v1/admin/checkauth 200 2.783219ms
2025/04/12 16:07:18 [GET] ::1 /v1/admin/checkauth 200 5.572062ms
2025/04/12 16:07:18 [GET] ::1 /v1/admin/checkauth 200 2.363834ms
2025/04/12 16:07:18 [GET] ::1 /v1/component 200 2.130442ms
2025/04/12 16:07:19 [GET] ::1 /v1/admin/checkauth 200 2.652861ms
2025/04/12 16:07:19 [GET] ::1 /v1/component 200 5.650327ms
2025/04/12 16:07:55 [GET] ::1 /v1/admin/checkauth 200 2.410557ms
2025/04/12 16:07:55 [GET] ::1 /v1/admin/checkauth 200 2.311333ms
2025/04/12 16:07:57 [GET] ::1 /v1/checkstatus 200 16.708µs
2025/04/12 16:08:00 [GET] ::1 /v1/admin/checkauth 200 9.013725ms
2025/04/12 16:08:00 [GET] ::1 /v1/admin/checkauth 200 2.414316ms
2025/04/12 16:08:00 [GET] ::1 /v1/admin/checkauth 200 3.373711ms
2025/04/12 16:08:01 [GET] ::1 /v1/config 200 1.917207ms
2025/04/12 16:08:01 [GET] ::1 /v1/admin/checkauth 200 3.125517ms
2025/04/12 16:08:01 [GET] ::1 /v1/component 200 1.807655ms
2025/04/12 16:08:01 [GET] ::1 /v1/admin/checkauth 200 3.216319ms
2025/04/12 16:08:02 [GET] ::1 /v1/component 200 4.877851ms
2025/04/12 16:08:02 [GET] ::1 /v1/admin/checkauth 200 3.349902ms
2025/04/12 16:08:02 [GET] ::1 /v1/admin/checkauth 200 2.969068ms
2025/04/12 16:08:02 [GET] ::1 /v1/admin/checkauth 200 2.591299ms
2025/04/12 16:08:02 [GET] ::1 /v1/component 200 1.519984ms
2025/04/12 16:08:03 [GET] ::1 /v1/admin/checkauth 200 4.036477ms
2025/04/12 16:08:03 [GET] ::1 /v1/component 200 8.089926ms
2025/04/12 16:08:26 [GET] ::1 /v1/admin/checkauth 200 8.733136ms
2025/04/12 16:08:27 [GET] ::1 /v1/checkstatus 200 37.282µs
2025/04/12 16:08:28 [GET] ::1 /v1/admin/checkauth 200 2.629649ms
2025/04/12 16:08:28 [GET] ::1 /v1/admin/checkauth 200 3.68737ms
2025/04/12 16:08:28 [GET] ::1 /v1/admin/checkauth 200 2.037358ms
2025/04/12 16:08:28 [GET] ::1 /v1/config 200 2.436841ms
2025/04/12 16:08:28 [GET] ::1 /v1/admin/checkauth 200 3.012288ms
2025/04/12 16:08:29 [GET] ::1 /v1/component 200 1.980764ms
2025/04/12 16:08:29 [GET] ::1 /v1/admin/checkauth 200 2.722468ms
2025/04/12 16:08:29 [GET] ::1 /v1/component 200 1.622776ms
2025/04/12 16:08:29 [GET] ::1 /v1/admin/checkauth 200 2.085134ms
2025/04/12 16:08:29 [GET] ::1 /v1/admin/checkauth 200 1.752487ms
2025/04/12 16:08:29 [GET] ::1 /v1/admin/checkauth 200 8.331427ms
2025/04/12 16:08:29 [GET] ::1 /v1/component 200 2.04317ms
2025/04/12 16:08:30 [GET] ::1 /v1/admin/checkauth 200 1.707376ms
2025/04/12 16:08:30 [GET] ::1 /v1/component 200 1.624728ms
2025/04/12 16:15:11 [GET] ::1 /v1/admin/checkauth 200 9.691196ms
2025/04/12 16:15:12 [GET] ::1 /v1/checkstatus 200 34.136µs
2025/04/12 16:15:14 [GET] ::1 /v1/admin/checkauth 200 2.998162ms
2025/04/12 16:15:14 [GET] ::1 /v1/admin/checkauth 200 2.513306ms
2025/04/12 16:15:14 [GET] ::1 /v1/admin/checkauth 200 3.034443ms
2025/04/12 16:15:14 [GET] ::1 /v1/config 200 2.87633ms
2025/04/12 16:15:15 [GET] ::1 /v1/admin/checkauth 200 4.950022ms
2025/04/12 16:15:15 [GET] ::1 /v1/component 200 3.232498ms
2025/04/12 16:15:15 [GET] ::1 /v1/admin/checkauth 200 2.651614ms
2025/04/12 16:15:15 [GET] ::1 /v1/component 200 5.495075ms
2025/04/12 16:15:15 [GET] ::1 /v1/admin/checkauth 200 4.505011ms
2025/04/12 16:15:16 [GET] ::1 /v1/admin/checkauth 200 6.463607ms
2025/04/12 16:15:16 [GET] ::1 /v1/admin/checkauth 200 2.743146ms
2025/04/12 16:15:16 [GET] ::1 /v1/component 200 1.960244ms
2025/04/12 16:15:16 [GET] ::1 /v1/admin/checkauth 200 4.7251ms
2025/04/12 16:15:17 [GET] ::1 /v1/component 200 1.983476ms
2025/04/12 16:18:02 [GET] ::1 /v1/admin/checkauth 200 11.815117ms
2025/04/12 16:18:02 [GET] ::1 /v1/admin/checkauth 200 9.526348ms
2025/04/12 16:18:03 [GET] ::1 /v1/checkstatus 200 33.642µs
2025/04/12 16:18:06 [GET] ::1 /v1/admin/checkauth 200 4.724436ms
2025/04/12 16:18:06 [GET] ::1 /v1/admin/checkauth 200 3.847621ms
2025/04/12 16:18:06 [GET] ::1 /v1/admin/checkauth 200 2.251714ms
2025/04/12 16:18:06 [GET] ::1 /v1/config 200 2.971385ms
2025/04/12 16:18:07 [GET] ::1 /v1/admin/checkauth 200 6.219112ms
2025/04/12 16:18:07 [GET] ::1 /v1/component 200 6.303999ms
2025/04/12 16:18:07 [GET] ::1 /v1/admin/checkauth 200 3.085686ms
2025/04/12 16:18:07 [GET] ::1 /v1/component 200 1.607191ms
2025/04/12 16:18:07 [GET] ::1 /v1/admin/checkauth 200 3.117575ms
2025/04/12 16:18:08 [GET] ::1 /v1/admin/checkauth 200 3.640804ms
2025/04/12 16:18:08 [GET] ::1 /v1/admin/checkauth 200 9.568841ms
2025/04/12 16:18:08 [GET] ::1 /v1/component 200 2.779287ms
2025/04/12 16:18:09 [GET] ::1 /v1/admin/checkauth 200 3.558985ms
2025/04/12 16:18:09 [GET] ::1 /v1/component 200 6.754772ms
2025/04/12 16:19:13 [GET] ::1 /v1/admin/checkauth 200 16.072797ms
2025/04/12 16:19:13 [GET] ::1 /v1/admin/checkauth 200 7.825395ms
2025/04/12 16:19:16 [GET] ::1 /v1/checkstatus 200 22.618µs
2025/04/12 16:19:18 [GET] ::1 /v1/admin/checkauth 200 4.750193ms
2025/04/12 16:19:18 [GET] ::1 /v1/admin/checkauth 200 3.085086ms
2025/04/12 16:19:18 [GET] ::1 /v1/admin/checkauth 200 4.05963ms
2025/04/12 16:19:18 [GET] ::1 /v1/config 200 2.719471ms
2025/04/12 16:19:19 [GET] ::1 /v1/admin/checkauth 200 3.608981ms
2025/04/12 16:19:19 [GET] ::1 /v1/component 200 2.593116ms
2025/04/12 16:19:19 [GET] ::1 /v1/admin/checkauth 200 3.335632ms
2025/04/12 16:19:19 [GET] ::1 /v1/component 200 1.938363ms
2025/04/12 16:19:20 [GET] ::1 /v1/admin/checkauth 200 3.449866ms
2025/04/12 16:19:20 [GET] ::1 /v1/admin/checkauth 200 3.052155ms
2025/04/12 16:19:20 [GET] ::1 /v1/admin/checkauth 200 3.588251ms
2025/04/12 16:19:21 [GET] ::1 /v1/component 200 3.991917ms
2025/04/12 16:19:21 [GET] ::1 /v1/admin/checkauth 200 3.519847ms
2025/04/12 16:19:21 [GET] ::1 /v1/component 200 2.093104ms
2025/04/12 16:22:49 [GET] ::1 /v1/admin/checkauth 200 10.316869ms
2025/04/12 16:22:49 [GET] ::1 /v1/checkstatus 200 19.786µs
2025/04/12 16:22:51 [GET] ::1 /v1/admin/checkauth 200 8.590102ms
2025/04/12 16:22:51 [GET] ::1 /v1/admin/checkauth 200 3.146272ms
2025/04/12 16:22:51 [GET] ::1 /v1/admin/checkauth 200 3.124788ms
2025/04/12 16:22:52 [GET] ::1 /v1/config 200 3.121562ms
2025/04/12 16:22:52 [GET] ::1 /v1/admin/checkauth 200 2.086728ms
2025/04/12 16:22:52 [GET] ::1 /v1/component 200 3.384867ms
2025/04/12 16:22:52 [GET] ::1 /v1/admin/checkauth 200 5.142909ms
2025/04/12 16:22:52 [GET] ::1 /v1/component 200 3.849341ms
2025/04/12 16:22:52 [GET] ::1 /v1/admin/checkauth 200 4.466353ms
2025/04/12 16:22:53 [GET] ::1 /v1/admin/checkauth 200 2.91137ms
2025/04/12 16:22:53 [GET] ::1 /v1/admin/checkauth 200 3.995899ms
2025/04/12 16:22:53 [GET] ::1 /v1/component 200 2.07861ms
2025/04/12 16:22:53 [GET] ::1 /v1/admin/checkauth 200 3.134749ms
2025/04/12 16:22:54 [GET] ::1 /v1/component 200 1.535055ms
2025/04/12 20:05:42 [GET] ::1 /v1/checkstatus 200 30.17µs
2025/04/12 20:05:42 [GET] ::1 /v1/config/key/layout 200 21.570789ms
2025/04/12 20:05:42 [GET] ::1 /v1/config/key/style_typography 200 4.300702ms
2025/04/12 20:05:42 [GET] ::1 /v1/config/key/style_color 200 1.657524ms
2025/04/12 20:05:42 [GET] ::1 /v1/config/key/style_drawer 200 2.05018ms
2025/04/12 20:05:42 [GET] ::1 /v1/config/key/homepage 200 3.645075ms
2025/04/12 20:05:42 [GET] ::1 /v1/component 200 6.158455ms
2025/04/12 20:05:42 [GET] ::1 /v1/config/key/header_topbar 200 1.844167ms
2025/04/12 20:05:42 [GET] ::1 /v1/page/1 200 8.662944ms
2025/04/12 20:05:42 [GET] ::1 /v1/config/key/header_siteidentify 200 5.155316ms
2025/04/12 20:05:42 [GET] ::1 /v1/menu_location/1 200 5.983005ms
2025/04/12 20:05:42 [GET] ::1 /v1/image/23 200 5.008955ms
2025/04/12 20:05:42 [GET] ::1 /v1/menu/1 200 7.280189ms
2025/04/12 20:05:45 [GET] ::1 /v1/config 200 21.01066ms
2025/04/12 20:06:33 [GET] ::1 /v1/admin/checkauth 200 10.382557ms
2025/04/12 20:06:35 [GET] ::1 /v1/checkstatus 200 20.856µs
2025/04/12 20:06:36 [GET] ::1 /v1/admin/checkauth 200 3.177744ms
2025/04/12 20:06:36 [GET] ::1 /v1/admin/checkauth 200 4.24633ms
2025/04/12 20:06:37 [GET] ::1 /v1/admin/checkauth 200 1.728801ms
2025/04/12 20:06:37 [GET] ::1 /v1/config 200 1.589715ms
2025/04/12 20:06:37 [GET] ::1 /v1/admin/checkauth 200 3.436904ms
2025/04/12 20:06:37 [GET] ::1 /v1/admin/checkauth 200 2.813741ms
2025/04/12 20:06:40 [GET] ::1 /v1/admin/checkauth 200 3.199604ms
2025/04/12 20:06:49 [GET] ::1 /v1/admin/checkauth 200 11.35188ms
2025/04/12 20:06:51 [GET] ::1 /v1/admin/checkauth 200 3.124363ms
2025/04/12 20:06:51 [GET] ::1 /v1/component 200 4.756181ms
2025/04/12 20:06:51 [GET] ::1 /v1/admin/checkauth 200 4.990709ms
2025/04/12 20:06:51 [GET] ::1 /v1/component 200 2.126293ms
2025/04/12 20:12:50 [GET] ::1 /v1/admin/checkauth 200 10.04597ms
2025/04/12 20:12:51 [GET] ::1 /v1/checkstatus 200 18.979µs
2025/04/12 20:12:51 [GET] ::1 /v1/admin/checkauth 200 7.012042ms
2025/04/12 20:12:53 [GET] ::1 /v1/admin/checkauth 200 2.871866ms
2025/04/12 20:12:53 [GET] ::1 /v1/admin/checkauth 200 4.614952ms
2025/04/12 20:12:53 [GET] ::1 /v1/admin/checkauth 200 2.725153ms
2025/04/12 20:12:54 [GET] ::1 /v1/config 200 2.466808ms
2025/04/12 20:12:54 [GET] ::1 /v1/admin/checkauth 200 8.692038ms
2025/04/12 20:12:54 [GET] ::1 /v1/component 200 2.05368ms
2025/04/12 20:12:54 [GET] ::1 /v1/admin/checkauth 200 3.435621ms
2025/04/12 20:12:54 [GET] ::1 /v1/component 200 2.808793ms
2025/04/12 20:12:54 [GET] ::1 /v1/admin/checkauth 200 2.186657ms
2025/04/12 20:12:54 [GET] ::1 /v1/admin/checkauth 200 2.604552ms
2025/04/12 20:12:55 [GET] ::1 /v1/admin/checkauth 200 1.717848ms
2025/04/12 20:12:55 [GET] ::1 /v1/component 200 1.911852ms
2025/04/12 20:12:55 [GET] ::1 /v1/admin/checkauth 200 4.133556ms
2025/04/12 20:12:55 [GET] ::1 /v1/component 200 1.685009ms
2025/04/12 20:13:13 [GET] ::1 /v1/admin/checkauth 200 5.994464ms
2025/04/12 20:13:14 [GET] ::1 /v1/checkstatus 200 27.02µs
2025/04/12 20:13:16 [GET] ::1 /v1/admin/checkauth 200 2.716722ms
2025/04/12 20:13:16 [GET] ::1 /v1/admin/checkauth 200 3.593637ms
2025/04/12 20:13:16 [GET] ::1 /v1/admin/checkauth 200 7.060191ms
2025/04/12 20:13:16 [GET] ::1 /v1/config 200 1.721702ms
2025/04/12 20:13:17 [GET] ::1 /v1/admin/checkauth 200 4.252603ms
2025/04/12 20:13:17 [GET] ::1 /v1/component 200 1.610368ms
2025/04/12 20:13:17 [GET] ::1 /v1/admin/checkauth 200 2.287076ms
2025/04/12 20:13:17 [GET] ::1 /v1/component 200 2.313357ms
2025/04/12 20:13:17 [GET] ::1 /v1/admin/checkauth 200 8.497271ms
2025/04/12 20:13:18 [GET] ::1 /v1/admin/checkauth 200 2.312756ms
2025/04/12 20:13:18 [GET] ::1 /v1/admin/checkauth 200 2.890097ms
2025/04/12 20:13:18 [GET] ::1 /v1/component 200 9.444409ms
2025/04/12 20:13:18 [GET] ::1 /v1/admin/checkauth 200 8.448466ms
2025/04/12 20:13:18 [GET] ::1 /v1/component 200 6.672132ms
2025/04/12 20:13:19 [GET] ::1 /v1/admin/checkauth 200 5.710219ms
2025/04/12 20:13:20 [GET] ::1 /v1/checkstatus 200 31.496µs
2025/04/12 20:13:21 [GET] ::1 /v1/admin/checkauth 200 4.635009ms
2025/04/12 20:13:22 [GET] ::1 /v1/admin/checkauth 200 2.042598ms
2025/04/12 20:13:22 [GET] ::1 /v1/admin/checkauth 200 2.515968ms
2025/04/12 20:13:22 [GET] ::1 /v1/config 200 8.544245ms
2025/04/12 20:13:22 [GET] ::1 /v1/admin/checkauth 200 3.936867ms
2025/04/12 20:13:22 [GET] ::1 /v1/component 200 1.610248ms
2025/04/12 20:13:22 [GET] ::1 /v1/admin/checkauth 200 1.956773ms
2025/04/12 20:13:22 [GET] ::1 /v1/component 200 1.561196ms
2025/04/12 20:13:23 [GET] ::1 /v1/admin/checkauth 200 4.46784ms
2025/04/12 20:13:23 [GET] ::1 /v1/admin/checkauth 200 2.810239ms
2025/04/12 20:13:23 [GET] ::1 /v1/admin/checkauth 200 2.901958ms
2025/04/12 20:13:23 [GET] ::1 /v1/component 200 1.677444ms
2025/04/12 20:13:23 [GET] ::1 /v1/admin/checkauth 200 3.623646ms
2025/04/12 20:13:23 [GET] ::1 /v1/component 200 2.333802ms
2025/04/12 20:34:10 [GET] ::1 /v1/admin/checkauth 200 6.556719ms
2025/04/12 20:34:10 [GET] ::1 /v1/component 200 18.529329ms
2025/04/12 20:52:32 [GET] ::1 /v1/admin/checkauth 200 4.251923ms
2025/04/12 20:52:32 [GET] ::1 /v1/checkstatus 200 18.611µs
2025/04/12 20:52:34 [GET] ::1 /v1/admin/checkauth 200 2.771973ms
2025/04/12 20:52:35 [GET] ::1 /v1/admin/checkauth 200 4.87994ms
2025/04/12 20:52:35 [GET] ::1 /v1/admin/checkauth 200 8.643143ms
2025/04/12 20:52:35 [GET] ::1 /v1/config 200 2.347097ms
2025/04/12 20:52:35 [GET] ::1 /v1/admin/checkauth 200 6.608402ms
2025/04/12 20:52:35 [GET] ::1 /v1/component 200 1.975417ms
2025/04/12 20:52:35 [GET] ::1 /v1/admin/checkauth 200 3.733294ms
2025/04/12 20:52:35 [GET] ::1 /v1/component 200 1.377652ms
2025/04/12 20:52:36 [GET] ::1 /v1/admin/checkauth 200 2.114104ms
2025/04/12 20:52:36 [GET] ::1 /v1/admin/checkauth 200 2.9213ms
2025/04/12 20:52:36 [GET] ::1 /v1/admin/checkauth 200 2.289469ms
2025/04/12 20:52:36 [GET] ::1 /v1/component 200 1.547278ms
2025/04/12 20:52:36 [GET] ::1 /v1/admin/checkauth 200 2.758312ms
2025/04/12 20:52:36 [GET] ::1 /v1/component 200 1.968588ms
2025/04/12 21:33:51 [GET] ::1 /v1/admin/checkauth 200 3.27974ms
2025/04/12 21:33:51 [GET] ::1 /v1/checkstatus 200 16.256µs
2025/04/12 21:33:53 [GET] ::1 /v1/admin/checkauth 200 3.450186ms
2025/04/12 21:33:53 [GET] ::1 /v1/admin/checkauth 200 2.589643ms
2025/04/12 21:33:53 [GET] ::1 /v1/admin/checkauth 200 2.37396ms
2025/04/12 21:33:54 [GET] ::1 /v1/config 200 1.914185ms
2025/04/12 21:33:54 [GET] ::1 /v1/admin/checkauth 200 6.903572ms
2025/04/12 21:33:54 [GET] ::1 /v1/component 200 1.878867ms
2025/04/12 21:33:54 [GET] ::1 /v1/admin/checkauth 200 2.450884ms
2025/04/12 21:33:54 [GET] ::1 /v1/component 200 1.737219ms
2025/04/12 21:33:54 [GET] ::1 /v1/admin/checkauth 200 2.327162ms
2025/04/12 21:33:54 [GET] ::1 /v1/admin/checkauth 200 2.72539ms
2025/04/12 21:33:55 [GET] ::1 /v1/admin/checkauth 200 3.361329ms
2025/04/12 21:33:55 [GET] ::1 /v1/component 200 3.228245ms
2025/04/12 21:33:55 [GET] ::1 /v1/admin/checkauth 200 3.750655ms
2025/04/12 21:33:55 [GET] ::1 /v1/component 200 1.483804ms
2025/04/12 21:34:54 [GET] ::1 /v1/admin/checkauth 200 4.40842ms
2025/04/12 21:34:54 [GET] ::1 /v1/checkstatus 200 17.577µs
2025/04/12 21:34:56 [GET] ::1 /v1/admin/checkauth 200 2.773068ms
2025/04/12 21:34:56 [GET] ::1 /v1/admin/checkauth 200 2.828984ms
2025/04/12 21:34:56 [GET] ::1 /v1/admin/checkauth 200 3.847027ms
2025/04/12 21:34:56 [GET] ::1 /v1/config 200 1.840608ms
2025/04/12 21:34:56 [GET] ::1 /v1/admin/checkauth 200 2.230344ms
2025/04/12 21:34:56 [GET] ::1 /v1/component 200 6.119848ms
2025/04/12 21:34:56 [GET] ::1 /v1/admin/checkauth 200 2.805275ms
2025/04/12 21:34:56 [GET] ::1 /v1/component 200 1.646109ms
2025/04/12 21:34:56 [GET] ::1 /v1/admin/checkauth 200 2.523668ms
2025/04/12 21:34:57 [GET] ::1 /v1/admin/checkauth 200 3.381316ms
2025/04/12 21:34:57 [GET] ::1 /v1/admin/checkauth 200 3.473138ms
2025/04/12 21:34:57 [GET] ::1 /v1/component 200 1.683628ms
2025/04/12 21:34:57 [GET] ::1 /v1/admin/checkauth 200 2.19879ms
2025/04/12 21:34:57 [GET] ::1 /v1/component 200 1.865902ms
