2025/04/04 09:46:17 [POST] ::1 /v1/admin/token/refresh 200 301.430702ms
2025/04/04 09:46:24 [GET] ::1 /v1/admin/checkauth 200 15.757986ms
2025/04/04 09:46:24 [GET] ::1 /v1/admin/categories/type/2 200 22.451914ms
2025/04/04 09:46:24 [GET] ::1 /v1/admin/checkauth 200 2.589259ms
2025/04/04 09:46:25 [GET] ::1 /v1/admin/tags/type/2 200 14.870136ms
2025/04/04 09:46:25 [GET] ::1 /v1/admin/checkauth 200 3.006108ms
2025/04/04 09:46:26 [GET] ::1 /v1/admin/checkauth 200 2.541674ms
2025/04/04 09:46:26 [GET] ::1 /v1/admin/categories/type/2 200 4.692705ms
2025/04/04 09:46:29 [GET] ::1 /v1/admin/checkauth 200 3.224702ms
2025/04/04 09:46:29 [GET] ::1 /v1/admin/tags/type/2 200 10.412388ms
2025/04/04 09:46:30 [GET] ::1 /v1/admin/checkauth 200 6.801638ms
2025/04/04 09:48:43 [GET] ::1 /v1/admin/checkauth 200 20.183692ms
2025/04/04 09:48:49 [GET] ::1 /v1/admin/checkauth 200 3.664941ms
2025/04/04 09:48:49 [GET] ::1 /v1/admin/categories/type/4 200 10.323746ms
2025/04/04 09:48:49 [GET] ::1 /v1/admin/checkauth 200 2.76317ms
2025/04/04 09:48:50 [GET] ::1 /v1/admin/tags/type/4 200 10.47021ms
2025/04/04 09:48:50 [GET] ::1 /v1/admin/checkauth 200 3.888944ms
2025/04/04 09:48:51 [GET] ::1 /v1/admin/checkauth 200 2.360494ms
2025/04/04 09:48:51 [GET] ::1 /v1/admin/categories/type/4 200 8.450044ms
2025/04/04 09:48:54 [GET] ::1 /v1/admin/checkauth 200 3.285579ms
2025/04/04 09:48:55 [GET] ::1 /v1/admin/tags/type/4 200 7.08706ms
2025/04/04 09:48:55 [GET] ::1 /v1/admin/checkauth 200 4.181868ms
2025/04/04 09:51:10 [GET] ::1 /v1/admin/checkauth 200 149.849012ms
2025/04/04 09:51:15 [GET] ::1 /v1/admin/checkauth 200 3.876608ms
2025/04/04 09:51:15 [GET] ::1 /v1/admin/categories/type/3 200 16.275947ms
2025/04/04 09:51:16 [GET] ::1 /v1/admin/checkauth 200 2.042561ms
2025/04/04 09:51:16 [GET] ::1 /v1/admin/tags/type/3 200 9.054827ms
2025/04/04 09:51:16 [GET] ::1 /v1/admin/checkauth 200 4.701907ms
2025/04/04 09:51:17 [GET] ::1 /v1/admin/checkauth 200 2.793551ms
2025/04/04 09:51:18 [GET] ::1 /v1/admin/categories/type/3 200 6.943255ms
2025/04/04 09:51:20 [GET] ::1 /v1/admin/checkauth 200 2.588713ms
2025/04/04 09:51:21 [GET] ::1 /v1/admin/tags/type/3 200 7.045751ms
2025/04/04 09:51:21 [GET] ::1 /v1/admin/checkauth 200 11.313165ms
2025/04/04 09:51:24 [GET] ::1 /v1/admin/checkauth 200 4.218711ms
2025/04/04 09:51:28 [GET] ::1 /v1/admin/checkauth 200 3.283575ms
2025/04/04 09:51:29 [GET] ::1 /v1/admin/categories/type/5 200 6.988598ms
2025/04/04 09:51:29 [GET] ::1 /v1/admin/checkauth 200 7.204512ms
2025/04/04 09:51:30 [GET] ::1 /v1/admin/tags/type/5 200 8.330468ms
2025/04/04 09:51:30 [GET] ::1 /v1/admin/checkauth 200 4.209998ms
2025/04/04 09:51:31 [GET] ::1 /v1/admin/checkauth 200 3.943316ms
2025/04/04 09:51:31 [GET] ::1 /v1/admin/categories/type/5 200 4.656824ms
2025/04/04 09:51:33 [GET] ::1 /v1/admin/checkauth 200 2.091031ms
2025/04/04 09:51:53 [GET] ::1 /v1/admin/checkauth 200 255.501914ms
2025/04/04 09:51:54 [GET] ::1 /v1/admin/tags/type/5 200 26.326701ms
2025/04/04 09:51:54 [GET] ::1 /v1/admin/checkauth 200 4.202349ms
2025/04/04 09:51:55 [GET] ::1 /v1/admin/checkauth 200 5.084079ms
2025/04/04 09:51:56 [GET] ::1 /v1/admin/pages/type/5 200 36.82819ms
2025/04/04 09:51:56 [GET] ::1 /v1/admin/checkauth 200 38.920085ms
2025/04/04 09:51:57 [GET] ::1 /v1/admin/pages/type/5 200 17.666288ms
2025/04/04 09:51:58 [GET] ::1 /v1/admin/checkauth 200 12.339039ms
2025/04/04 09:52:00 [GET] ::1 /v1/checkstatus 200 33.716µs
2025/04/04 09:52:12 [GET] ::1 /v1/admin/checkauth 200 209.817529ms
2025/04/04 09:52:16 [GET] ::1 /v1/admin/checkauth 200 5.749639ms
2025/04/04 09:52:16 [GET] ::1 /v1/admin/pages/type/4 200 10.953769ms
2025/04/04 09:52:16 [GET] ::1 /v1/admin/checkauth 200 4.560709ms
2025/04/04 09:52:17 [GET] ::1 /v1/admin/pages/type/4 200 9.548413ms
2025/04/04 09:52:17 [GET] ::1 /v1/admin/checkauth 200 5.995416ms
2025/04/04 09:52:18 [GET] ::1 /v1/admin/checkauth 200 3.647872ms
2025/04/04 09:52:18 [GET] ::1 /v1/checkstatus 200 26.409µs
2025/04/04 09:52:19 [GET] ::1 /v1/admin/checkauth 200 4.103131ms
2025/04/04 09:52:19 [GET] ::1 /v1/admin/pages/type/3 200 14.652156ms
2025/04/04 09:52:19 [GET] ::1 /v1/admin/checkauth 200 3.704252ms
2025/04/04 09:52:20 [GET] ::1 /v1/admin/pages/type/3 200 7.657318ms
2025/04/04 09:52:20 [GET] ::1 /v1/admin/checkauth 200 6.515357ms
2025/04/04 09:52:20 [GET] ::1 /v1/admin/pages/typenstatus/ 200 7.469415ms
2025/04/04 09:52:20 [GET] ::1 /v1/admin/checkauth 200 5.703002ms
2025/04/04 09:52:21 [GET] ::1 /v1/admin/users/1 200 36.596393ms
2025/04/04 09:52:21 [GET] ::1 /v1/admin/checkauth 200 5.181955ms
2025/04/04 09:52:21 [GET] ::1 /v1/admin/users/1 200 17.660121ms
2025/04/04 09:52:21 [GET] ::1 /v1/admin/checkauth 200 1.900401ms
2025/04/04 09:52:22 [GET] ::1 /v1/admin/pages/typenstatus/ 200 23.05394ms
2025/04/04 09:52:22 [GET] ::1 /v1/admin/checkauth 200 3.674275ms
2025/04/04 09:52:22 [GET] ::1 /v1/admin/pages/typenstatus/ 200 7.597691ms
2025/04/04 09:52:23 [GET] ::1 /v1/admin/checkauth 200 2.278006ms
2025/04/04 09:52:23 [GET] ::1 /v1/admin/pages/typenstatus/ 200 8.830998ms
2025/04/04 09:52:23 [GET] ::1 /v1/admin/checkauth 200 6.356912ms
2025/04/04 09:52:23 [GET] ::1 /v1/admin/pages/typenstatus/ 200 6.905275ms
2025/04/04 09:52:24 [GET] ::1 /v1/admin/checkauth 200 5.036062ms
2025/04/04 09:52:24 [GET] ::1 /v1/admin/pages/typenstatus/ 200 14.686168ms
2025/04/04 09:52:24 [GET] ::1 /v1/admin/checkauth 200 7.150971ms
2025/04/04 09:52:24 [GET] ::1 /v1/admin/checkauth 200 7.020646ms
2025/04/04 09:52:25 [GET] ::1 /v1/admin/pages/typenstatus/ 200 12.491471ms
2025/04/04 09:52:57 [GET] ::1 /v1/admin/pages/id/5 200 235.064549ms
2025/04/04 09:52:57 [GET] ::1 /v1/admin/checkauth 200 178.166559ms
2025/04/04 09:52:58 [GET] ::1 /v1/admin/pages/typenstatus/ 200 78.522395ms
2025/04/04 09:52:58 [GET] ::1 /v1/admin/checkauth 200 2.730342ms
2025/04/04 09:52:59 [GET] ::1 /v1/admin/pages/count/type/3 200 9.542342ms
2025/04/04 09:52:59 [GET] ::1 /v1/admin/checkauth 200 6.350068ms
2025/04/04 09:52:59 [GET] ::1 /v1/admin/pages/count/type/3 200 7.197316ms
2025/04/04 09:53:00 [GET] ::1 /v1/admin/checkauth 200 18.875566ms
2025/04/04 09:53:00 [GET] ::1 /v1/admin/pages/count/typenstatus/ 200 38.967753ms
2025/04/04 09:53:00 [GET] ::1 /v1/admin/checkauth 200 4.010167ms
2025/04/04 09:53:01 [GET] ::1 /v1/admin/pages/count/typenstatus/ 200 8.339982ms
2025/04/04 09:53:01 [GET] ::1 /v1/admin/checkauth 200 3.203889ms
2025/04/04 09:53:01 [GET] ::1 /v1/admin/pages/count/typenstatus/ 200 12.587289ms
2025/04/04 09:53:01 [GET] ::1 /v1/admin/checkauth 200 2.333945ms
2025/04/04 09:53:02 [GET] ::1 /v1/admin/pages/count/typenstatus/ 200 16.053802ms
2025/04/04 09:53:02 [GET] ::1 /v1/admin/checkauth 200 2.962753ms
2025/04/04 09:53:02 [GET] ::1 /v1/admin/pages/count/typenstatus/ 200 14.835273ms
2025/04/04 09:53:03 [GET] ::1 /v1/admin/checkauth 200 3.40763ms
2025/04/04 09:53:03 [GET] ::1 /v1/admin/pages/count/typenstatus/ 200 13.098125ms
2025/04/04 09:53:03 [GET] ::1 /v1/admin/checkauth 200 3.256482ms
2025/04/04 09:53:04 [GET] ::1 /v1/admin/pages/count/typenstatus/ 200 5.658038ms
2025/04/04 09:53:04 [GET] ::1 /v1/admin/checkauth 200 3.869374ms
2025/04/04 09:53:04 [GET] ::1 /v1/admin/pages/count/typenstatus/ 200 5.063038ms
2025/04/04 09:53:05 [GET] ::1 /v1/admin/checkauth 200 8.423363ms
2025/04/04 09:53:06 [GET] ::1 /v1/checkstatus 200 26.742µs
2025/04/04 09:53:07 [GET] ::1 /v1/admin/pages/id/5 200 14.05243ms
2025/04/04 09:53:12 [GET] ::1 /v1/admin/checkauth 200 4.231599ms
2025/04/04 09:53:13 [GET] ::1 /v1/admin/categories/type/3 200 63.679918ms
2025/04/04 09:53:13 [GET] ::1 /v1/admin/checkauth 200 2.822622ms
2025/04/04 09:53:14 [GET] ::1 /v1/admin/tags/type/3 200 93.485771ms
2025/04/04 09:53:14 [GET] ::1 /v1/admin/checkauth 200 47.132517ms
2025/04/04 09:53:14 [GET] ::1 /v1/admin/pagecategories/page/5 200 56.581906ms
2025/04/04 09:53:15 [GET] ::1 /v1/admin/checkauth 200 7.787941ms
2025/04/04 09:53:15 [GET] ::1 /v1/admin/categories/type/3 200 4.552676ms
2025/04/04 09:53:15 [GET] ::1 /v1/admin/checkauth 200 2.11456ms
2025/04/04 09:53:16 [GET] ::1 /v1/admin/tags/type/3 200 4.879015ms
2025/04/04 09:53:16 [GET] ::1 /v1/admin/checkauth 200 4.895364ms
2025/04/04 09:53:17 [GET] ::1 /v1/admin/pagecategories/page/5 200 8.096211ms
2025/04/04 09:53:17 [GET] ::1 /v1/admin/checkauth 200 16.871152ms
2025/04/04 09:53:18 [GET] ::1 /v1/admin/pagetags/page/5 200 17.415284ms
2025/04/04 09:53:18 [GET] ::1 /v1/admin/checkauth 200 3.235553ms
2025/04/04 09:53:31 [GET] ::1 /v1/admin/pagetags/page/5 200 38.431636ms
2025/04/04 09:53:31 [GET] ::1 /v1/admin/checkauth 200 3.247323ms
2025/04/04 09:53:32 [GET] ::1 /v1/admin/checkauth 200 3.31453ms
2025/04/04 09:55:45 [GET] ::1 /v1/admin/checkauth 200 142.707331ms
2025/04/04 09:55:45 [GET] ::1 /v1/admin/checkauth 200 6.132562ms
2025/04/04 09:55:46 [GET] ::1 /v1/admin/pages/type/1 200 25.450551ms
2025/04/04 09:55:46 [GET] ::1 /v1/admin/checkauth 200 2.419249ms
2025/04/04 09:55:46 [GET] ::1 /v1/admin/pages/type/1 200 7.713644ms
2025/04/04 09:55:46 [GET] ::1 /v1/admin/checkauth 200 3.206194ms
2025/04/04 09:55:47 [GET] ::1 /v1/admin/pages/typenstatus/ 200 26.250203ms
2025/04/04 09:55:47 [GET] ::1 /v1/admin/checkauth 200 5.057461ms
2025/04/04 09:55:48 [GET] ::1 /v1/admin/users/1 200 19.412102ms
2025/04/04 09:55:48 [GET] ::1 /v1/admin/checkauth 200 2.866754ms
2025/04/04 09:55:48 [GET] ::1 /v1/admin/users/1 200 9.064949ms
2025/04/04 09:55:48 [GET] ::1 /v1/admin/checkauth 200 11.640459ms
2025/04/04 09:55:49 [GET] ::1 /v1/admin/users/1 200 8.168726ms
2025/04/04 09:55:49 [GET] ::1 /v1/admin/checkauth 200 3.177296ms
2025/04/04 09:55:50 [GET] ::1 /v1/admin/users/1 200 4.387813ms
2025/04/04 09:55:50 [GET] ::1 /v1/admin/checkauth 200 4.912327ms
2025/04/04 09:55:50 [GET] ::1 /v1/admin/users/1 200 4.833155ms
2025/04/04 09:55:50 [GET] ::1 /v1/admin/checkauth 200 5.196934ms
2025/04/04 09:55:51 [GET] ::1 /v1/admin/users/1 200 6.187726ms
2025/04/04 09:55:51 [GET] ::1 /v1/admin/checkauth 200 3.69614ms
2025/04/04 09:55:51 [GET] ::1 /v1/admin/pages/typenstatus/ 200 7.846521ms
2025/04/04 09:55:51 [GET] ::1 /v1/admin/checkauth 200 2.311128ms
2025/04/04 09:55:52 [GET] ::1 /v1/admin/pages/typenstatus/ 200 7.768463ms
2025/04/04 09:55:52 [GET] ::1 /v1/admin/checkauth 200 2.800367ms
2025/04/04 09:55:52 [GET] ::1 /v1/admin/pages/typenstatus/ 200 7.803698ms
2025/04/04 09:55:52 [GET] ::1 /v1/admin/checkauth 200 5.412114ms
2025/04/04 09:55:53 [GET] ::1 /v1/admin/pages/typenstatus/ 200 4.844032ms
2025/04/04 09:55:53 [GET] ::1 /v1/admin/checkauth 200 2.267607ms
2025/04/04 09:55:53 [GET] ::1 /v1/admin/pages/typenstatus/ 200 8.928021ms
2025/04/04 09:55:53 [GET] ::1 /v1/admin/checkauth 200 2.511853ms
2025/04/04 09:55:54 [GET] ::1 /v1/admin/pages/typenstatus/ 200 6.16992ms
2025/04/04 09:55:54 [GET] ::1 /v1/admin/checkauth 200 4.93838ms
2025/04/04 09:55:54 [GET] ::1 /v1/admin/pages/typenstatus/ 200 8.156198ms
2025/04/04 09:55:54 [GET] ::1 /v1/admin/checkauth 200 2.420195ms
2025/04/04 09:55:55 [GET] ::1 /v1/admin/pages/count/type/1 200 155.668139ms
2025/04/04 09:55:55 [GET] ::1 /v1/admin/checkauth 200 2.694043ms
2025/04/04 09:55:55 [GET] ::1 /v1/admin/pages/count/type/1 200 5.610025ms
2025/04/04 09:55:55 [GET] ::1 /v1/admin/checkauth 200 6.486558ms
2025/04/04 09:55:56 [GET] ::1 /v1/admin/pages/count/typenstatus/ 200 5.443155ms
2025/04/04 09:55:56 [GET] ::1 /v1/admin/checkauth 200 8.44043ms
2025/04/04 09:55:57 [GET] ::1 /v1/admin/pages/count/typenstatus/ 200 30.607736ms
2025/04/04 09:55:57 [GET] ::1 /v1/admin/checkauth 200 1.919461ms
2025/04/04 09:55:58 [GET] ::1 /v1/admin/pages/count/typenstatus/ 200 12.81376ms
2025/04/04 09:55:58 [GET] ::1 /v1/admin/checkauth 200 6.697679ms
2025/04/04 09:55:58 [GET] ::1 /v1/admin/pages/count/typenstatus/ 200 10.084254ms
2025/04/04 09:55:58 [GET] ::1 /v1/admin/checkauth 200 4.868594ms
2025/04/04 09:55:59 [GET] ::1 /v1/admin/pages/count/typenstatus/ 200 6.022735ms
2025/04/04 09:55:59 [GET] ::1 /v1/admin/checkauth 200 3.085303ms
2025/04/04 09:56:00 [GET] ::1 /v1/admin/pages/count/typenstatus/ 200 7.140759ms
2025/04/04 09:56:00 [GET] ::1 /v1/admin/checkauth 200 2.762692ms
2025/04/04 09:56:00 [GET] ::1 /v1/admin/pages/count/typenstatus/ 200 5.22804ms
2025/04/04 09:56:01 [GET] ::1 /v1/admin/checkauth 200 2.3441ms
2025/04/04 09:56:01 [GET] ::1 /v1/admin/pages/count/typenstatus/ 200 6.735017ms
2025/04/04 10:09:52 [GET] ::1 /v1/admin/checkauth 200 289.770839ms
2025/04/04 10:09:53 [GET] ::1 /v1/checkstatus 200 15.413µs
2025/04/04 10:09:57 [GET] ::1 /v1/admin/checkauth 200 5.583357ms
2025/04/04 10:10:02 [GET] ::1 /v1/admin/pages/type/1 200 25.816994ms
2025/04/04 10:10:02 [GET] ::1 /v1/admin/checkauth 200 9.295667ms
2025/04/04 10:10:03 [GET] ::1 /v1/admin/checkauth 200 3.303264ms
2025/04/04 10:10:03 [GET] ::1 /v1/admin/checkauth 200 2.097795ms
2025/04/04 10:10:03 [GET] ::1 /v1/config 200 8.588999ms
2025/04/04 10:10:03 [GET] ::1 /v1/admin/checkauth 200 5.017883ms
2025/04/04 10:10:04 [GET] ::1 /v1/admin/pages/typenstatus/ 200 13.324316ms
2025/04/04 10:10:04 [GET] ::1 /v1/admin/checkauth 200 2.331842ms
2025/04/04 10:10:05 [GET] ::1 /v1/admin/users/1 200 30.059065ms
2025/04/04 10:10:05 [GET] ::1 /v1/admin/checkauth 200 2.120682ms
2025/04/04 10:10:05 [GET] ::1 /v1/admin/users/1 200 7.546322ms
2025/04/04 10:10:05 [GET] ::1 /v1/admin/checkauth 200 5.01455ms
2025/04/04 10:10:05 [GET] ::1 /v1/admin/users/1 200 3.468793ms
2025/04/04 10:10:05 [GET] ::1 /v1/admin/checkauth 200 2.249444ms
2025/04/04 10:10:06 [GET] ::1 /v1/admin/users/1 200 7.849079ms
2025/04/04 10:10:06 [GET] ::1 /v1/admin/checkauth 200 3.184162ms
2025/04/04 10:10:06 [GET] ::1 /v1/admin/users/1 200 4.138797ms
2025/04/04 10:10:06 [GET] ::1 /v1/admin/checkauth 200 3.086796ms
2025/04/04 10:10:07 [GET] ::1 /v1/admin/users/1 200 9.151039ms
2025/04/04 10:10:07 [GET] ::1 /v1/admin/checkauth 200 4.636299ms
2025/04/04 10:10:07 [GET] ::1 /v1/admin/checkauth 200 2.91912ms
2025/04/04 10:10:08 [GET] ::1 /v1/admin/pages/type/1 200 3.89592ms
2025/04/04 10:10:08 [GET] ::1 /v1/admin/checkauth 200 8.099239ms
2025/04/04 10:10:08 [GET] ::1 /v1/admin/checkauth 200 1.851205ms
2025/04/04 10:10:08 [GET] ::1 /v1/admin/pages/type/1 200 6.744006ms
2025/04/04 10:10:09 [GET] ::1 /v1/admin/checkauth 200 2.190315ms
2025/04/04 10:10:09 [GET] ::1 /v1/admin/pages/typenstatus/ 200 5.305676ms
2025/04/04 10:10:09 [GET] ::1 /v1/admin/checkauth 200 4.355005ms
2025/04/04 10:10:09 [GET] ::1 /v1/admin/pages/typenstatus/ 200 6.368424ms
2025/04/04 10:10:09 [GET] ::1 /v1/admin/checkauth 200 2.780778ms
2025/04/04 10:10:10 [GET] ::1 /v1/admin/users/1 200 4.586447ms
2025/04/04 10:10:10 [GET] ::1 /v1/admin/checkauth 200 3.438568ms
2025/04/04 10:10:10 [GET] ::1 /v1/admin/users/1 200 8.369506ms
2025/04/04 10:10:10 [GET] ::1 /v1/admin/checkauth 200 5.258042ms
2025/04/04 10:10:11 [GET] ::1 /v1/admin/users/1 200 7.012223ms
2025/04/04 10:10:11 [GET] ::1 /v1/admin/checkauth 200 4.369487ms
2025/04/04 10:10:11 [GET] ::1 /v1/admin/users/1 200 5.538904ms
2025/04/04 10:10:11 [GET] ::1 /v1/admin/checkauth 200 2.52444ms
2025/04/04 10:10:12 [GET] ::1 /v1/admin/users/1 200 5.577319ms
2025/04/04 10:10:12 [GET] ::1 /v1/admin/checkauth 200 2.190125ms
2025/04/04 10:10:12 [GET] ::1 /v1/admin/users/1 200 6.330548ms
2025/04/04 10:10:12 [GET] ::1 /v1/admin/checkauth 200 2.897618ms
2025/04/04 10:10:13 [GET] ::1 /v1/admin/pages/typenstatus/ 200 5.280123ms
2025/04/04 10:10:13 [GET] ::1 /v1/admin/checkauth 200 4.580439ms
2025/04/04 10:10:14 [GET] ::1 /v1/admin/pages/typenstatus/ 200 8.088074ms
2025/04/04 10:10:14 [GET] ::1 /v1/admin/checkauth 200 2.755456ms
2025/04/04 10:10:14 [GET] ::1 /v1/admin/pages/typenstatus/ 200 5.031414ms
2025/04/04 10:10:14 [GET] ::1 /v1/admin/checkauth 200 9.954242ms
2025/04/04 10:10:15 [GET] ::1 /v1/admin/pages/typenstatus/ 200 5.634653ms
2025/04/04 10:10:15 [GET] ::1 /v1/admin/checkauth 200 6.400456ms
2025/04/04 10:10:15 [GET] ::1 /v1/admin/pages/typenstatus/ 200 5.988887ms
2025/04/04 10:10:15 [GET] ::1 /v1/admin/checkauth 200 4.882881ms
2025/04/04 10:10:16 [GET] ::1 /v1/admin/pages/typenstatus/ 200 4.53699ms
2025/04/04 10:10:16 [GET] ::1 /v1/admin/checkauth 200 2.780319ms
2025/04/04 10:10:16 [GET] ::1 /v1/admin/pages/typenstatus/ 200 9.118092ms
2025/04/04 10:10:16 [GET] ::1 /v1/admin/checkauth 200 1.954437ms
2025/04/04 10:10:17 [GET] ::1 /v1/admin/pages/count/type/1 200 15.074653ms
2025/04/04 10:10:17 [GET] ::1 /v1/admin/checkauth 200 6.567564ms
2025/04/04 10:10:17 [GET] ::1 /v1/admin/pages/typenstatus/ 200 9.670208ms
2025/04/04 10:10:17 [GET] ::1 /v1/admin/checkauth 200 6.602068ms
2025/04/04 10:10:18 [GET] ::1 /v1/admin/pages/typenstatus/ 200 6.018702ms
2025/04/04 10:10:18 [GET] ::1 /v1/admin/checkauth 200 3.54315ms
2025/04/04 10:10:18 [GET] ::1 /v1/admin/pages/count/typenstatus/ 200 6.8246ms
2025/04/04 10:10:18 [GET] ::1 /v1/admin/checkauth 200 2.594147ms
2025/04/04 10:10:19 [GET] ::1 /v1/admin/pages/count/type/1 200 4.004824ms
2025/04/04 10:10:19 [GET] ::1 /v1/admin/checkauth 200 2.461003ms
2025/04/04 10:10:20 [GET] ::1 /v1/admin/pages/count/type/1 200 4.5483ms
2025/04/04 10:10:20 [GET] ::1 /v1/admin/checkauth 200 8.876358ms
2025/04/04 10:10:20 [GET] ::1 /v1/admin/pages/count/typenstatus/ 200 4.588904ms
2025/04/04 10:10:20 [GET] ::1 /v1/admin/checkauth 200 2.652238ms
2025/04/04 10:10:21 [GET] ::1 /v1/admin/pages/count/typenstatus/ 200 5.876416ms
2025/04/04 10:10:21 [GET] ::1 /v1/admin/checkauth 200 3.937545ms
2025/04/04 10:10:21 [GET] ::1 /v1/admin/pages/count/typenstatus/ 200 4.669691ms
2025/04/04 10:10:21 [GET] ::1 /v1/admin/checkauth 200 3.894062ms
2025/04/04 10:10:22 [GET] ::1 /v1/admin/pages/count/typenstatus/ 200 8.593625ms
2025/04/04 10:10:22 [GET] ::1 /v1/admin/checkauth 200 3.939753ms
2025/04/04 10:10:22 [GET] ::1 /v1/admin/pages/count/typenstatus/ 200 4.571309ms
2025/04/04 10:10:22 [GET] ::1 /v1/admin/checkauth 200 2.541682ms
2025/04/04 10:10:23 [GET] ::1 /v1/admin/pages/count/typenstatus/ 200 5.196128ms
2025/04/04 10:10:23 [GET] ::1 /v1/admin/checkauth 200 8.382946ms
2025/04/04 10:10:23 [GET] ::1 /v1/admin/pages/count/typenstatus/ 200 8.2494ms
2025/04/04 10:10:23 [GET] ::1 /v1/admin/checkauth 200 4.199414ms
2025/04/04 10:10:24 [GET] ::1 /v1/admin/pages/count/typenstatus/ 200 4.997057ms
2025/04/04 10:10:24 [GET] ::1 /v1/admin/checkauth 200 2.990828ms
2025/04/04 10:10:24 [GET] ::1 /v1/admin/pages/count/typenstatus/ 200 4.318633ms
2025/04/04 10:10:24 [GET] ::1 /v1/admin/checkauth 200 2.906342ms
2025/04/04 10:10:25 [GET] ::1 /v1/admin/pages/count/typenstatus/ 200 4.95702ms
2025/04/04 10:10:25 [GET] ::1 /v1/admin/checkauth 200 1.838071ms
2025/04/04 10:10:25 [GET] ::1 /v1/admin/pages/count/typenstatus/ 200 4.180469ms
2025/04/04 10:11:41 [GET] ::1 /v1/admin/checkauth 200 113.557802ms
2025/04/04 10:11:41 [GET] ::1 /v1/checkstatus 200 35.096µs
2025/04/04 10:11:44 [GET] ::1 /v1/admin/checkauth 200 3.271293ms
2025/04/04 10:11:45 [GET] ::1 /v1/admin/pages/type/1 200 14.971791ms
2025/04/04 10:11:45 [GET] ::1 /v1/admin/checkauth 200 5.036494ms
2025/04/04 10:11:46 [GET] ::1 /v1/admin/checkauth 200 4.297142ms
2025/04/04 10:11:46 [GET] ::1 /v1/admin/checkauth 200 2.219453ms
2025/04/04 10:11:46 [GET] ::1 /v1/config 200 7.734604ms
2025/04/04 10:11:46 [GET] ::1 /v1/admin/checkauth 200 1.814928ms
2025/04/04 10:11:47 [GET] ::1 /v1/admin/pages/typenstatus/ 200 6.185865ms
2025/04/04 10:11:47 [GET] ::1 /v1/admin/checkauth 200 2.392146ms
2025/04/04 10:11:47 [GET] ::1 /v1/admin/users/1 200 16.721247ms
2025/04/04 10:11:47 [GET] ::1 /v1/admin/checkauth 200 2.592856ms
2025/04/04 10:11:48 [GET] ::1 /v1/admin/users/1 200 4.510785ms
2025/04/04 10:11:48 [GET] ::1 /v1/admin/checkauth 200 3.367945ms
2025/04/04 10:11:48 [GET] ::1 /v1/admin/users/1 200 5.112747ms
2025/04/04 10:11:48 [GET] ::1 /v1/admin/checkauth 200 2.832135ms
2025/04/04 10:11:49 [GET] ::1 /v1/admin/users/1 200 5.939256ms
2025/04/04 10:11:49 [GET] ::1 /v1/admin/checkauth 200 1.941508ms
2025/04/04 10:11:50 [GET] ::1 /v1/admin/users/1 200 11.049702ms
2025/04/04 10:11:50 [GET] ::1 /v1/admin/checkauth 200 3.085131ms
2025/04/04 10:11:50 [GET] ::1 /v1/admin/users/1 200 4.990091ms
2025/04/04 10:11:50 [GET] ::1 /v1/admin/checkauth 200 2.374748ms
2025/04/04 10:11:51 [GET] ::1 /v1/admin/checkauth 200 1.944517ms
2025/04/04 10:11:51 [GET] ::1 /v1/admin/pages/type/1 200 8.60633ms
2025/04/04 10:11:51 [GET] ::1 /v1/admin/checkauth 200 4.282072ms
2025/04/04 10:11:52 [GET] ::1 /v1/admin/checkauth 200 2.238931ms
2025/04/04 10:11:52 [GET] ::1 /v1/admin/pages/type/1 200 6.673562ms
2025/04/04 10:11:52 [GET] ::1 /v1/admin/checkauth 200 5.576696ms
2025/04/04 10:11:53 [GET] ::1 /v1/admin/pages/typenstatus/ 200 4.634787ms
2025/04/04 10:11:53 [GET] ::1 /v1/admin/checkauth 200 2.857318ms
2025/04/04 10:11:53 [GET] ::1 /v1/admin/pages/typenstatus/ 200 4.999553ms
2025/04/04 10:11:53 [GET] ::1 /v1/admin/checkauth 200 6.756264ms
2025/04/04 10:11:54 [GET] ::1 /v1/admin/users/1 200 3.298939ms
2025/04/04 10:11:54 [GET] ::1 /v1/admin/checkauth 200 4.337345ms
2025/04/04 10:11:54 [GET] ::1 /v1/admin/users/1 200 8.115088ms
2025/04/04 10:11:54 [GET] ::1 /v1/admin/checkauth 200 3.103366ms
2025/04/04 10:11:55 [GET] ::1 /v1/admin/users/1 200 6.878675ms
2025/04/04 10:11:55 [GET] ::1 /v1/admin/checkauth 200 10.153413ms
2025/04/04 10:11:55 [GET] ::1 /v1/admin/users/1 200 4.976897ms
2025/04/04 10:11:55 [GET] ::1 /v1/admin/checkauth 200 3.055905ms
2025/04/04 10:11:56 [GET] ::1 /v1/admin/users/1 200 5.130632ms
2025/04/04 10:11:56 [GET] ::1 /v1/admin/checkauth 200 3.293497ms
2025/04/04 10:11:56 [GET] ::1 /v1/admin/users/1 200 3.765736ms
2025/04/04 10:11:56 [GET] ::1 /v1/admin/checkauth 200 4.280416ms
2025/04/04 10:11:57 [GET] ::1 /v1/admin/pages/typenstatus/ 200 4.443721ms
2025/04/04 10:11:57 [GET] ::1 /v1/admin/checkauth 200 1.848793ms
2025/04/04 10:11:57 [GET] ::1 /v1/admin/pages/typenstatus/ 200 6.139567ms
2025/04/04 10:11:57 [GET] ::1 /v1/admin/checkauth 200 2.945694ms
2025/04/04 10:11:58 [GET] ::1 /v1/admin/pages/typenstatus/ 200 7.133543ms
2025/04/04 10:11:58 [GET] ::1 /v1/admin/checkauth 200 3.059062ms
2025/04/04 10:11:58 [GET] ::1 /v1/admin/pages/typenstatus/ 200 3.976597ms
2025/04/04 10:11:58 [GET] ::1 /v1/admin/checkauth 200 3.853951ms
2025/04/04 10:11:59 [GET] ::1 /v1/admin/pages/typenstatus/ 200 15.32406ms
2025/04/04 10:11:59 [GET] ::1 /v1/admin/checkauth 200 4.292592ms
2025/04/04 10:11:59 [GET] ::1 /v1/admin/pages/typenstatus/ 200 6.753771ms
2025/04/04 10:12:00 [GET] ::1 /v1/admin/checkauth 200 5.488926ms
2025/04/04 10:12:00 [GET] ::1 /v1/admin/pages/typenstatus/ 200 5.746068ms
2025/04/04 10:12:00 [GET] ::1 /v1/admin/checkauth 200 4.121797ms
2025/04/04 10:12:01 [GET] ::1 /v1/admin/pages/count/type/1 200 6.269949ms
2025/04/04 10:12:01 [GET] ::1 /v1/admin/checkauth 200 3.13844ms
2025/04/04 10:12:01 [GET] ::1 /v1/admin/pages/typenstatus/ 200 7.48206ms
2025/04/04 10:12:01 [GET] ::1 /v1/admin/checkauth 200 4.098591ms
2025/04/04 10:12:02 [GET] ::1 /v1/admin/pages/typenstatus/ 200 6.505617ms
2025/04/04 10:12:02 [GET] ::1 /v1/admin/checkauth 200 3.696545ms
2025/04/04 10:12:02 [GET] ::1 /v1/admin/pages/count/typenstatus/ 200 6.147894ms
2025/04/04 10:12:03 [GET] ::1 /v1/admin/checkauth 200 4.775414ms
2025/04/04 10:12:03 [GET] ::1 /v1/admin/pages/count/type/1 200 5.151486ms
2025/04/04 10:12:03 [GET] ::1 /v1/admin/checkauth 200 4.041676ms
2025/04/04 10:12:04 [GET] ::1 /v1/admin/pages/count/type/1 200 9.399185ms
2025/04/04 10:12:04 [GET] ::1 /v1/admin/checkauth 200 1.619425ms
2025/04/04 10:12:04 [GET] ::1 /v1/admin/pages/count/typenstatus/ 200 7.293493ms
2025/04/04 10:12:04 [GET] ::1 /v1/admin/checkauth 200 2.309519ms
2025/04/04 10:12:05 [GET] ::1 /v1/admin/pages/count/typenstatus/ 200 16.484769ms
2025/04/04 10:12:05 [GET] ::1 /v1/admin/checkauth 200 4.298785ms
2025/04/04 10:12:05 [GET] ::1 /v1/admin/pages/count/typenstatus/ 200 6.988854ms
2025/04/04 10:12:06 [GET] ::1 /v1/admin/checkauth 200 3.909462ms
2025/04/04 10:12:06 [GET] ::1 /v1/admin/pages/count/typenstatus/ 200 6.55106ms
2025/04/04 10:12:06 [GET] ::1 /v1/admin/checkauth 200 4.041994ms
2025/04/04 10:12:07 [GET] ::1 /v1/admin/pages/count/typenstatus/ 200 4.122101ms
2025/04/04 10:12:07 [GET] ::1 /v1/admin/checkauth 200 3.054418ms
2025/04/04 10:12:07 [GET] ::1 /v1/admin/pages/count/typenstatus/ 200 6.806175ms
2025/04/04 10:12:07 [GET] ::1 /v1/admin/checkauth 200 4.975445ms
2025/04/04 10:12:08 [GET] ::1 /v1/admin/pages/count/typenstatus/ 200 9.559571ms
2025/04/04 10:12:08 [GET] ::1 /v1/admin/checkauth 200 5.246239ms
2025/04/04 10:12:09 [GET] ::1 /v1/admin/pages/count/typenstatus/ 200 3.806624ms
2025/04/04 10:12:09 [GET] ::1 /v1/admin/checkauth 200 2.649715ms
2025/04/04 10:12:09 [GET] ::1 /v1/admin/pages/count/typenstatus/ 200 6.78495ms
2025/04/04 10:12:09 [GET] ::1 /v1/admin/checkauth 200 4.169404ms
2025/04/04 10:12:10 [GET] ::1 /v1/admin/pages/count/typenstatus/ 200 10.655816ms
2025/04/04 10:12:10 [GET] ::1 /v1/admin/checkauth 200 3.42465ms
2025/04/04 10:12:10 [GET] ::1 /v1/admin/pages/count/typenstatus/ 200 4.804274ms
2025/04/04 10:14:33 [GET] ::1 /v1/admin/checkauth 200 8.834187ms
2025/04/04 10:14:33 [GET] ::1 /v1/checkstatus 200 20.288µs
2025/04/04 10:14:36 [GET] ::1 /v1/admin/checkauth 200 5.919146ms
2025/04/04 10:14:37 [GET] ::1 /v1/admin/pages/type/1 200 19.767105ms
2025/04/04 10:14:37 [GET] ::1 /v1/admin/checkauth 200 3.774538ms
2025/04/04 10:14:37 [GET] ::1 /v1/admin/checkauth 200 3.397277ms
2025/04/04 10:14:38 [GET] ::1 /v1/admin/checkauth 200 2.721284ms
2025/04/04 10:14:38 [GET] ::1 /v1/config 200 4.94915ms
2025/04/04 10:14:38 [GET] ::1 /v1/admin/checkauth 200 2.761455ms
2025/04/04 10:14:38 [GET] ::1 /v1/admin/pages/typenstatus/ 200 6.307761ms
2025/04/04 10:14:38 [GET] ::1 /v1/admin/checkauth 200 19.847166ms
2025/04/04 10:14:40 [GET] ::1 /v1/admin/users/1 200 15.768126ms
2025/04/04 10:14:40 [GET] ::1 /v1/admin/checkauth 200 3.455415ms
2025/04/04 10:14:40 [GET] ::1 /v1/admin/users/1 200 5.505742ms
2025/04/04 10:14:40 [GET] ::1 /v1/admin/checkauth 200 1.647898ms
2025/04/04 10:14:40 [GET] ::1 /v1/admin/users/1 200 4.402082ms
2025/04/04 10:14:41 [GET] ::1 /v1/admin/checkauth 200 3.791493ms
2025/04/04 10:14:41 [GET] ::1 /v1/admin/users/1 200 4.432255ms
2025/04/04 10:14:41 [GET] ::1 /v1/admin/checkauth 200 6.909399ms
2025/04/04 10:14:42 [GET] ::1 /v1/admin/users/1 200 4.443824ms
2025/04/04 10:14:42 [GET] ::1 /v1/admin/checkauth 200 2.761769ms
2025/04/04 10:14:42 [GET] ::1 /v1/admin/users/1 200 6.121891ms
2025/04/04 10:14:42 [GET] ::1 /v1/admin/checkauth 200 1.572064ms
2025/04/04 10:14:42 [GET] ::1 /v1/admin/checkauth 200 2.087772ms
2025/04/04 10:14:43 [GET] ::1 /v1/admin/pages/type/1 200 5.070741ms
2025/04/04 10:14:43 [GET] ::1 /v1/admin/checkauth 200 1.967417ms
2025/04/04 10:14:43 [GET] ::1 /v1/admin/checkauth 200 2.943835ms
2025/04/04 10:14:44 [GET] ::1 /v1/admin/pages/type/1 200 5.301496ms
2025/04/04 10:14:44 [GET] ::1 /v1/admin/checkauth 200 3.60335ms
2025/04/04 10:14:44 [GET] ::1 /v1/admin/pages/typenstatus/ 200 6.052705ms
2025/04/04 10:14:44 [GET] ::1 /v1/admin/checkauth 200 2.143709ms
2025/04/04 10:14:45 [GET] ::1 /v1/admin/pages/typenstatus/ 200 4.196145ms
2025/04/04 10:14:45 [GET] ::1 /v1/admin/checkauth 200 2.560144ms
2025/04/04 10:14:45 [GET] ::1 /v1/admin/users/1 200 4.695428ms
2025/04/04 10:14:45 [GET] ::1 /v1/admin/checkauth 200 2.285455ms
2025/04/04 10:14:46 [GET] ::1 /v1/admin/users/1 200 5.142118ms
2025/04/04 10:14:46 [GET] ::1 /v1/admin/checkauth 200 2.241684ms
2025/04/04 10:14:46 [GET] ::1 /v1/admin/users/1 200 3.894446ms
2025/04/04 10:14:46 [GET] ::1 /v1/admin/checkauth 200 3.786166ms
2025/04/04 10:14:47 [GET] ::1 /v1/admin/users/1 200 6.725226ms
2025/04/04 10:14:47 [GET] ::1 /v1/admin/checkauth 200 2.68572ms
2025/04/04 10:14:47 [GET] ::1 /v1/admin/users/1 200 4.567807ms
2025/04/04 10:14:47 [GET] ::1 /v1/admin/checkauth 200 7.715706ms
2025/04/04 10:14:47 [GET] ::1 /v1/admin/users/1 200 8.676415ms
2025/04/04 10:14:48 [GET] ::1 /v1/admin/checkauth 200 2.37358ms
2025/04/04 10:14:48 [GET] ::1 /v1/admin/pages/typenstatus/ 200 4.768278ms
2025/04/04 10:14:48 [GET] ::1 /v1/admin/checkauth 200 3.998287ms
2025/04/04 10:14:48 [GET] ::1 /v1/admin/pages/typenstatus/ 200 5.720908ms
2025/04/04 10:14:48 [GET] ::1 /v1/admin/checkauth 200 2.752982ms
2025/04/04 10:14:49 [GET] ::1 /v1/admin/pages/typenstatus/ 200 5.653491ms
2025/04/04 10:14:49 [GET] ::1 /v1/admin/checkauth 200 2.152506ms
2025/04/04 10:14:50 [GET] ::1 /v1/admin/pages/typenstatus/ 200 10.982918ms
2025/04/04 10:14:50 [GET] ::1 /v1/admin/checkauth 200 3.911733ms
2025/04/04 10:14:50 [GET] ::1 /v1/admin/pages/typenstatus/ 200 4.077139ms
2025/04/04 10:14:50 [GET] ::1 /v1/admin/checkauth 200 1.855741ms
2025/04/04 10:14:50 [GET] ::1 /v1/admin/pages/typenstatus/ 200 9.913409ms
2025/04/04 10:14:51 [GET] ::1 /v1/admin/checkauth 200 2.529553ms
2025/04/04 10:14:51 [GET] ::1 /v1/admin/pages/typenstatus/ 200 9.611512ms
2025/04/04 10:14:51 [GET] ::1 /v1/admin/checkauth 200 5.229663ms
2025/04/04 10:14:51 [GET] ::1 /v1/admin/pages/count/type/1 200 8.409827ms
2025/04/04 10:14:52 [GET] ::1 /v1/admin/checkauth 200 2.707464ms
2025/04/04 10:14:52 [GET] ::1 /v1/admin/pages/typenstatus/ 200 6.714597ms
2025/04/04 10:14:52 [GET] ::1 /v1/admin/checkauth 200 3.069465ms
2025/04/04 10:14:53 [GET] ::1 /v1/admin/pages/typenstatus/ 200 6.441578ms
2025/04/04 10:14:53 [GET] ::1 /v1/admin/checkauth 200 6.148587ms
2025/04/04 10:14:53 [GET] ::1 /v1/admin/pages/count/typenstatus/ 200 10.786897ms
2025/04/04 10:14:53 [GET] ::1 /v1/admin/checkauth 200 2.976286ms
2025/04/04 10:14:54 [GET] ::1 /v1/admin/pages/count/type/1 200 4.266365ms
2025/04/04 10:14:54 [GET] ::1 /v1/admin/checkauth 200 5.029743ms
2025/04/04 10:14:54 [GET] ::1 /v1/admin/pages/count/type/1 200 10.279036ms
2025/04/04 10:14:54 [GET] ::1 /v1/admin/checkauth 200 2.921625ms
2025/04/04 10:14:55 [GET] ::1 /v1/admin/pages/count/typenstatus/ 200 5.977608ms
2025/04/04 10:14:55 [GET] ::1 /v1/admin/checkauth 200 2.673028ms
2025/04/04 10:14:55 [GET] ::1 /v1/admin/pages/count/typenstatus/ 200 7.890975ms
2025/04/04 10:14:55 [GET] ::1 /v1/admin/checkauth 200 4.172642ms
2025/04/04 10:14:56 [GET] ::1 /v1/admin/pages/count/typenstatus/ 200 5.462934ms
2025/04/04 10:14:56 [GET] ::1 /v1/admin/checkauth 200 3.491024ms
2025/04/04 10:14:56 [GET] ::1 /v1/admin/pages/count/typenstatus/ 200 5.131157ms
2025/04/04 10:14:56 [GET] ::1 /v1/admin/checkauth 200 1.680391ms
2025/04/04 10:14:57 [GET] ::1 /v1/admin/pages/count/typenstatus/ 200 4.535073ms
2025/04/04 10:14:57 [GET] ::1 /v1/admin/checkauth 200 1.76606ms
2025/04/04 10:14:57 [GET] ::1 /v1/admin/pages/count/typenstatus/ 200 7.25048ms
2025/04/04 10:14:57 [GET] ::1 /v1/admin/checkauth 200 3.696339ms
2025/04/04 10:14:58 [GET] ::1 /v1/admin/pages/count/typenstatus/ 200 6.64146ms
2025/04/04 10:14:58 [GET] ::1 /v1/admin/checkauth 200 2.612297ms
2025/04/04 10:14:58 [GET] ::1 /v1/admin/pages/count/typenstatus/ 200 5.882365ms
2025/04/04 10:14:58 [GET] ::1 /v1/admin/checkauth 200 2.578657ms
2025/04/04 10:14:59 [GET] ::1 /v1/admin/pages/count/typenstatus/ 200 5.30239ms
2025/04/04 10:14:59 [GET] ::1 /v1/admin/checkauth 200 3.529846ms
2025/04/04 10:14:59 [GET] ::1 /v1/admin/pages/count/typenstatus/ 200 4.237353ms
2025/04/04 10:14:59 [GET] ::1 /v1/admin/checkauth 200 2.316346ms
2025/04/04 10:15:00 [GET] ::1 /v1/admin/pages/count/typenstatus/ 200 6.171031ms
2025/04/04 10:18:58 [GET] ::1 /v1/admin/checkauth 200 20.345446ms
2025/04/04 10:18:59 [GET] ::1 /v1/admin/users/1 200 6.40709ms
2025/04/04 10:18:59 [GET] ::1 /v1/admin/checkauth 200 2.22688ms
2025/04/04 10:18:59 [GET] ::1 /v1/admin/checkauth 200 3.561792ms
2025/04/04 10:18:59 [GET] ::1 /v1/admin/users/1 200 4.809126ms
2025/04/04 10:19:00 [GET] ::1 /v1/admin/pages/id/1 200 11.900553ms
2025/04/04 10:19:00 [GET] ::1 /v1/admin/checkauth 200 19.252292ms
2025/04/04 10:19:04 [GET] ::1 /v1/admin/users/1 200 4.661854ms
2025/04/04 10:19:04 [GET] ::1 /v1/admin/checkauth 200 2.718624ms
2025/04/04 10:19:07 [GET] ::1 /v1/admin/users/1 200 7.092887ms
2025/04/04 10:19:07 [GET] ::1 /v1/admin/checkauth 200 7.568961ms
2025/04/04 10:19:10 [GET] ::1 /v1/checkstatus 200 26.225µs
2025/04/04 10:19:10 [GET] ::1 /v1/admin/pages/id/1 200 6.583577ms
2025/04/04 10:19:18 [GET] ::1 /v1/admin/checkauth 200 15.863485ms
2025/04/04 10:19:21 [GET] ::1 /v1/admin/categories/type/1 200 45.200956ms
2025/04/04 10:19:21 [GET] ::1 /v1/admin/checkauth 200 2.576617ms
2025/04/04 10:19:22 [GET] ::1 /v1/admin/tags/type/1 200 10.445152ms
2025/04/04 10:19:22 [GET] ::1 /v1/admin/checkauth 200 4.20459ms
2025/04/04 10:19:22 [GET] ::1 /v1/admin/pagecategories/page/1 200 34.446311ms
2025/04/04 10:19:24 [GET] ::1 /v1/admin/checkauth 200 1.975906ms
2025/04/04 10:19:25 [GET] ::1 /v1/admin/categories/type/1 200 14.448334ms
2025/04/04 10:19:25 [GET] ::1 /v1/admin/checkauth 200 3.209205ms
2025/04/04 10:19:25 [GET] ::1 /v1/admin/tags/type/1 200 5.028508ms
2025/04/04 10:19:25 [GET] ::1 /v1/admin/checkauth 200 6.484153ms
2025/04/04 10:19:26 [GET] ::1 /v1/admin/pagecategories/page/1 200 5.740445ms
2025/04/04 10:19:28 [GET] ::1 /v1/admin/checkauth 200 1.970653ms
2025/04/04 10:19:28 [GET] ::1 /v1/admin/pagetags/page/1 200 12.460539ms
2025/04/04 10:19:30 [GET] ::1 /v1/admin/checkauth 200 2.621278ms
2025/04/04 10:19:30 [GET] ::1 /v1/admin/pagetags/page/1 200 5.641587ms
2025/04/04 10:19:32 [GET] ::1 /v1/admin/checkauth 200 6.090823ms
2025/04/04 10:19:32 [GET] ::1 /v1/admin/checkauth 200 3.876624ms
2025/04/04 10:37:09 [GET] ::1 /v1/admin/checkauth 200 268.686725ms
2025/04/04 10:37:15 [GET] ::1 /v1/admin/checkauth 200 2.197946ms
2025/04/04 10:37:15 [GET] ::1 /v1/admin/categories/type/3 200 34.193295ms
2025/04/04 10:37:15 [GET] ::1 /v1/admin/checkauth 200 2.942648ms
2025/04/04 10:37:16 [GET] ::1 /v1/admin/checkauth 200 3.017476ms
2025/04/04 10:37:17 [GET] ::1 /v1/admin/categories/type/3 200 5.428289ms
2025/04/04 10:37:20 [GET] ::1 /v1/admin/checkauth 200 2.742928ms
2025/04/04 10:37:56 [GET] ::1 /v1/admin/checkauth 200 5.307506ms
2025/04/04 10:38:01 [GET] ::1 /v1/admin/checkauth 200 3.066902ms
2025/04/04 10:38:01 [GET] ::1 /v1/admin/categories/type/2 200 4.36383ms
2025/04/04 10:38:01 [GET] ::1 /v1/admin/checkauth 200 1.863537ms
2025/04/04 10:38:02 [GET] ::1 /v1/admin/tags/type/2 200 11.647531ms
2025/04/04 10:38:02 [GET] ::1 /v1/admin/checkauth 200 3.348715ms
2025/04/04 10:38:03 [GET] ::1 /v1/admin/checkauth 200 2.202781ms
2025/04/04 10:38:03 [GET] ::1 /v1/admin/categories/type/2 200 4.036943ms
2025/04/04 10:38:06 [GET] ::1 /v1/admin/checkauth 200 2.57432ms
2025/04/04 10:38:06 [GET] ::1 /v1/admin/tags/type/2 200 5.369616ms
2025/04/04 10:38:06 [GET] ::1 /v1/admin/checkauth 200 3.831616ms
2025/04/04 10:38:53 [GET] ::1 /v1/admin/checkauth 200 28.759907ms
2025/04/04 10:38:54 [GET] ::1 /v1/admin/checkauth 200 3.829764ms
2025/04/04 10:38:55 [GET] ::1 /v1/admin/pages/type/5 200 20.970832ms
2025/04/04 10:38:55 [GET] ::1 /v1/admin/checkauth 200 3.449611ms
2025/04/04 10:38:55 [GET] ::1 /v1/admin/pages/type/5 200 4.746193ms
2025/04/04 10:38:55 [GET] ::1 /v1/admin/checkauth 200 2.546459ms
2025/04/04 10:39:02 [GET] ::1 /v1/admin/checkauth 200 2.323828ms
2025/04/04 10:39:02 [GET] ::1 /v1/admin/categories/type/5 200 6.723864ms
2025/04/04 10:39:02 [GET] ::1 /v1/admin/checkauth 200 4.354767ms
2025/04/04 10:39:03 [GET] ::1 /v1/admin/tags/type/5 200 7.347294ms
2025/04/04 10:39:03 [GET] ::1 /v1/admin/checkauth 200 6.306197ms
2025/04/04 10:39:04 [GET] ::1 /v1/admin/checkauth 200 2.333691ms
2025/04/04 10:39:04 [GET] ::1 /v1/admin/categories/type/5 200 7.703306ms
2025/04/04 10:39:07 [GET] ::1 /v1/admin/checkauth 200 4.553649ms
2025/04/04 10:39:07 [GET] ::1 /v1/admin/tags/type/5 200 6.64086ms
2025/04/04 10:39:07 [GET] ::1 /v1/admin/checkauth 200 8.826965ms
2025/04/04 10:39:16 [GET] ::1 /v1/admin/checkauth 200 3.699169ms
2025/04/04 10:39:20 [GET] ::1 /v1/admin/checkauth 200 1.97754ms
2025/04/04 10:39:21 [GET] ::1 /v1/admin/categories/type/2 200 5.471024ms
2025/04/04 10:39:21 [GET] ::1 /v1/admin/checkauth 200 2.337488ms
2025/04/04 10:39:21 [GET] ::1 /v1/admin/tags/type/2 200 7.058712ms
2025/04/04 10:39:21 [GET] ::1 /v1/admin/checkauth 200 4.931732ms
2025/04/04 10:39:22 [GET] ::1 /v1/admin/checkauth 200 2.887272ms
2025/04/04 10:39:22 [GET] ::1 /v1/admin/categories/type/2 200 6.332079ms
2025/04/04 10:39:25 [GET] ::1 /v1/admin/checkauth 200 2.54117ms
2025/04/04 10:39:25 [GET] ::1 /v1/admin/tags/type/2 200 4.34106ms
2025/04/04 10:39:26 [GET] ::1 /v1/admin/checkauth 200 3.772583ms
2025/04/04 10:39:38 [GET] ::1 /v1/admin/checkauth 200 1.618474ms
2025/04/04 10:40:05 [GET] ::1 /v1/admin/checkauth 200 291.994771ms
2025/04/04 10:40:06 [GET] ::1 /v1/admin/pagecategories 200 21.470061ms
2025/04/04 10:40:06 [GET] ::1 /v1/admin/checkauth 200 4.59784ms
2025/04/04 10:40:06 [GET] ::1 /v1/admin/pages 200 26.372254ms
2025/04/04 10:40:06 [GET] ::1 /v1/admin/checkauth 200 3.742482ms
2025/04/04 10:40:07 [GET] ::1 /v1/admin/menu_locations 200 21.670642ms
2025/04/04 10:40:07 [GET] ::1 /v1/admin/checkauth 200 2.083118ms
2025/04/04 10:40:07 [GET] ::1 /v1/admin/menus 200 19.215185ms
2025/04/04 10:40:08 [GET] ::1 /v1/admin/checkauth 200 3.638237ms
2025/04/04 10:40:08 [GET] ::1 /v1/admin/pagecategories 200 3.717781ms
2025/04/04 10:40:08 [GET] ::1 /v1/admin/checkauth 200 5.756807ms
2025/04/04 10:40:08 [GET] ::1 /v1/admin/pages 200 5.222578ms
2025/04/04 10:40:09 [GET] ::1 /v1/admin/checkauth 200 4.799473ms
2025/04/04 10:40:09 [GET] ::1 /v1/admin/menu_locations 200 4.923103ms
2025/04/04 10:40:09 [GET] ::1 /v1/admin/checkauth 200 5.276072ms
2025/04/04 10:40:10 [GET] ::1 /v1/admin/menus 200 5.741588ms
2025/04/04 10:40:10 [GET] ::1 /v1/admin/checkauth 200 2.661382ms
2025/04/04 10:40:13 [GET] ::1 /v1/admin/categories 200 15.479895ms
2025/04/04 10:40:13 [GET] ::1 /v1/admin/checkauth 200 1.877003ms
2025/04/04 10:40:14 [GET] ::1 /v1/admin/menu_locations 200 9.077313ms
2025/04/04 10:40:14 [GET] ::1 /v1/admin/checkauth 200 3.513409ms
2025/04/04 10:40:15 [GET] ::1 /v1/admin/pages/id/1 200 6.803397ms
2025/04/04 10:40:15 [GET] ::1 /v1/admin/checkauth 200 2.905139ms
2025/04/04 10:40:15 [GET] ::1 /v1/admin/pages/id/3 200 7.975707ms
2025/04/04 10:40:15 [GET] ::1 /v1/admin/checkauth 200 6.790489ms
2025/04/04 10:40:16 [GET] ::1 /v1/admin/pages/id/1 200 15.899979ms
2025/04/04 10:40:16 [GET] ::1 /v1/admin/checkauth 200 10.910707ms
2025/04/04 10:40:16 [GET] ::1 /v1/admin/pages/id/1 200 5.142587ms
2025/04/04 10:40:17 [GET] ::1 /v1/admin/checkauth 200 7.119924ms
2025/04/04 10:40:17 [GET] ::1 /v1/admin/pages/id/3 200 6.650105ms
2025/04/04 10:40:17 [GET] ::1 /v1/admin/checkauth 200 3.619598ms
2025/04/04 10:40:18 [GET] ::1 /v1/admin/pages/id/1 200 4.282801ms
2025/04/04 10:40:18 [GET] ::1 /v1/admin/checkauth 200 3.109364ms
2025/04/04 10:40:18 [GET] ::1 /v1/admin/categories 200 4.073896ms
2025/04/04 10:40:18 [GET] ::1 /v1/admin/checkauth 200 2.455998ms
2025/04/04 10:40:19 [GET] ::1 /v1/admin/menu_locations 200 6.936452ms
2025/04/04 10:40:19 [GET] ::1 /v1/admin/checkauth 200 5.489792ms
2025/04/04 10:40:19 [GET] ::1 /v1/admin/pages/id/1 200 6.855238ms
2025/04/04 10:40:20 [GET] ::1 /v1/admin/checkauth 200 11.477551ms
2025/04/04 10:40:20 [GET] ::1 /v1/admin/pages/id/3 200 9.194122ms
2025/04/04 10:40:20 [GET] ::1 /v1/admin/checkauth 200 2.824687ms
2025/04/04 10:40:21 [GET] ::1 /v1/admin/pages/id/1 200 11.228911ms
2025/04/04 10:40:21 [GET] ::1 /v1/admin/checkauth 200 4.479549ms
2025/04/04 10:40:21 [GET] ::1 /v1/admin/pages/id/1 200 9.836663ms
2025/04/04 10:40:22 [GET] ::1 /v1/admin/checkauth 200 17.397386ms
2025/04/04 10:40:22 [GET] ::1 /v1/admin/pages/id/3 200 11.633843ms
2025/04/04 10:40:22 [GET] ::1 /v1/admin/checkauth 200 3.822016ms
2025/04/04 10:40:23 [GET] ::1 /v1/admin/pages/id/1 200 7.161179ms
2025/04/04 10:41:30 [GET] ::1 /v1/admin/checkauth 200 23.903644ms
2025/04/04 10:41:35 [GET] ::1 /v1/admin/checkauth 200 2.903559ms
2025/04/04 10:41:36 [GET] ::1 /v1/admin/checkauth 200 3.643257ms
2025/04/04 10:41:41 [GET] ::1 /v1/admin/checkauth 200 2.378597ms
2025/04/04 10:41:41 [GET] ::1 /v1/admin/checkauth 200 3.661408ms
2025/04/04 10:41:42 [GET] ::1 /v1/admin/pages/type/1 200 17.084971ms
2025/04/04 10:41:42 [GET] ::1 /v1/admin/checkauth 200 4.118946ms
2025/04/04 10:41:42 [GET] ::1 /v1/admin/pages/type/1 200 5.687518ms
2025/04/04 10:41:43 [GET] ::1 /v1/admin/checkauth 200 2.822935ms
2025/04/04 10:41:43 [GET] ::1 /v1/admin/pages/typenstatus/ 200 9.313501ms
2025/04/04 10:41:43 [GET] ::1 /v1/admin/checkauth 200 3.185363ms
2025/04/04 10:41:44 [GET] ::1 /v1/admin/users/1 200 9.247601ms
2025/04/04 10:41:44 [GET] ::1 /v1/admin/checkauth 200 3.983613ms
2025/04/04 10:41:44 [GET] ::1 /v1/admin/users/1 200 8.706016ms
2025/04/04 10:41:44 [GET] ::1 /v1/admin/checkauth 200 4.443111ms
2025/04/04 10:41:45 [GET] ::1 /v1/admin/users/1 200 22.410824ms
2025/04/04 10:41:45 [GET] ::1 /v1/admin/checkauth 200 7.397044ms
2025/04/04 10:41:45 [GET] ::1 /v1/admin/users/1 200 4.500959ms
2025/04/04 10:41:45 [GET] ::1 /v1/admin/checkauth 200 5.622597ms
2025/04/04 10:41:46 [GET] ::1 /v1/admin/users/1 200 5.987005ms
2025/04/04 10:41:46 [GET] ::1 /v1/admin/checkauth 200 2.421404ms
2025/04/04 10:41:46 [GET] ::1 /v1/admin/users/1 200 5.561423ms
2025/04/04 10:41:47 [GET] ::1 /v1/admin/checkauth 200 6.462652ms
2025/04/04 10:41:47 [GET] ::1 /v1/admin/pages/typenstatus/ 200 6.652783ms
2025/04/04 10:41:47 [GET] ::1 /v1/admin/checkauth 200 3.453487ms
2025/04/04 10:41:48 [GET] ::1 /v1/admin/pages/typenstatus/ 200 5.876646ms
2025/04/04 10:41:48 [GET] ::1 /v1/admin/checkauth 200 3.319096ms
2025/04/04 10:41:49 [GET] ::1 /v1/admin/pages/typenstatus/ 200 7.467063ms
2025/04/04 10:41:49 [GET] ::1 /v1/admin/checkauth 200 2.643566ms
2025/04/04 10:41:50 [GET] ::1 /v1/admin/pages/typenstatus/ 200 5.452096ms
2025/04/04 10:41:50 [GET] ::1 /v1/admin/checkauth 200 4.271946ms
2025/04/04 10:41:50 [GET] ::1 /v1/admin/pages/typenstatus/ 200 8.576237ms
2025/04/04 10:41:50 [GET] ::1 /v1/admin/checkauth 200 5.971068ms
2025/04/04 10:41:51 [GET] ::1 /v1/admin/pages/typenstatus/ 200 4.346165ms
2025/04/04 10:41:51 [GET] ::1 /v1/admin/checkauth 200 3.903139ms
2025/04/04 10:41:51 [GET] ::1 /v1/admin/pages/typenstatus/ 200 4.659806ms
2025/04/04 10:41:51 [GET] ::1 /v1/admin/checkauth 200 3.272033ms
2025/04/04 10:41:52 [GET] ::1 /v1/admin/pages/count/type/1 200 12.979315ms
2025/04/04 10:41:52 [GET] ::1 /v1/admin/checkauth 200 4.319605ms
2025/04/04 10:41:53 [GET] ::1 /v1/admin/pages/count/type/1 200 6.922302ms
2025/04/04 10:41:53 [GET] ::1 /v1/admin/checkauth 200 4.025722ms
2025/04/04 10:41:53 [GET] ::1 /v1/admin/pages/count/typenstatus/ 200 15.825576ms
2025/04/04 10:41:54 [GET] ::1 /v1/admin/checkauth 200 2.808591ms
2025/04/04 10:41:54 [GET] ::1 /v1/admin/pages/count/typenstatus/ 200 6.234106ms
2025/04/04 10:41:54 [GET] ::1 /v1/admin/checkauth 200 1.970492ms
2025/04/04 10:41:54 [GET] ::1 /v1/admin/pages/count/typenstatus/ 200 7.346352ms
2025/04/04 10:41:55 [GET] ::1 /v1/admin/checkauth 200 6.036394ms
2025/04/04 10:41:55 [GET] ::1 /v1/admin/pages/count/typenstatus/ 200 5.368563ms
2025/04/04 10:41:55 [GET] ::1 /v1/admin/checkauth 200 2.457553ms
2025/04/04 10:41:56 [GET] ::1 /v1/admin/pages/count/typenstatus/ 200 4.626202ms
2025/04/04 10:41:56 [GET] ::1 /v1/admin/checkauth 200 3.253835ms
2025/04/04 10:41:56 [GET] ::1 /v1/admin/pages/count/typenstatus/ 200 5.641756ms
2025/04/04 10:41:56 [GET] ::1 /v1/admin/checkauth 200 3.179063ms
2025/04/04 10:41:56 [GET] ::1 /v1/admin/pages/count/typenstatus/ 200 4.990698ms
2025/04/04 10:41:57 [GET] ::1 /v1/admin/checkauth 200 4.073445ms
2025/04/04 10:41:57 [GET] ::1 /v1/admin/pages/count/typenstatus/ 200 7.82692ms
2025/04/04 10:42:06 [GET] ::1 /v1/admin/checkauth 200 2.2093ms
2025/04/04 10:42:12 [GET] ::1 /v1/admin/checkauth 200 5.167659ms
2025/04/04 10:42:12 [GET] ::1 /v1/admin/pages/type/2 200 5.006527ms
2025/04/04 10:42:12 [GET] ::1 /v1/admin/checkauth 200 2.351352ms
2025/04/04 10:42:13 [GET] ::1 /v1/admin/pages/type/2 200 5.025747ms
2025/04/04 14:50:01 [GET] ::1 /v1/admin/checkauth 200 307.868487ms
2025/04/04 14:50:08 [GET] ::1 /v1/admin/checkauth 200 4.606546ms
2025/04/04 14:50:09 [GET] ::1 /v1/admin/categories/type/2 200 42.533546ms
2025/04/04 14:50:09 [GET] ::1 /v1/admin/checkauth 200 6.76117ms
2025/04/04 14:50:10 [GET] ::1 /v1/admin/tags/type/2 200 10.962236ms
2025/04/04 14:50:10 [GET] ::1 /v1/admin/checkauth 200 5.044855ms
2025/04/04 14:50:11 [GET] ::1 /v1/admin/checkauth 200 4.393058ms
2025/04/04 14:50:11 [GET] ::1 /v1/admin/categories/type/2 200 8.062917ms
2025/04/04 14:50:14 [GET] ::1 /v1/admin/checkauth 200 2.369917ms
2025/04/04 14:50:15 [GET] ::1 /v1/admin/tags/type/2 200 5.74093ms
2025/04/04 14:50:18 [GET] ::1 /v1/admin/checkauth 200 2.902861ms
2025/04/04 14:55:37 [GET] ::1 /v1/admin/checkauth 200 53.186728ms
2025/04/04 14:55:41 [GET] ::1 /v1/checkstatus 200 382.738µs
2025/04/04 14:56:17 [GET] ::1 /v1/admin/checkauth 200 519.573573ms
2025/04/04 14:56:18 [GET] ::1 /v1/admin/categories/type/2 200 23.523335ms
2025/04/04 14:56:18 [GET] ::1 /v1/admin/checkauth 200 21.956208ms
2025/04/04 14:56:18 [GET] ::1 /v1/admin/tags/type/2 200 145.566118ms
2025/04/04 14:56:18 [GET] ::1 /v1/admin/checkauth 200 5.042691ms
2025/04/04 14:56:19 [GET] ::1 /v1/admin/checkauth 200 3.129765ms
2025/04/04 14:56:20 [GET] ::1 /v1/admin/checkauth 200 17.98205ms
2025/04/04 14:56:22 [GET] ::1 /v1/admin/checkauth 200 4.591223ms
2025/04/04 14:56:23 [GET] ::1 /v1/config 200 21.057799ms
2025/04/04 14:56:26 [GET] ::1 /v1/admin/checkauth 200 6.102327ms
2025/04/04 14:56:27 [GET] ::1 /v1/admin/checkauth 200 5.209257ms
2025/04/04 14:56:28 [GET] ::1 /v1/admin/categories/type/2 200 54.367199ms
2025/04/04 14:56:28 [GET] ::1 /v1/admin/checkauth 200 4.779485ms
2025/04/04 14:56:29 [GET] ::1 /v1/admin/tags/type/2 200 10.582851ms
2025/04/04 14:56:29 [GET] ::1 /v1/admin/checkauth 200 4.518324ms
2025/04/04 14:56:30 [GET] ::1 /v1/admin/checkauth 200 10.101822ms
2025/04/04 14:56:33 [GET] ::1 /v1/admin/checkauth 200 5.00684ms
2025/04/04 14:56:34 [GET] ::1 /v1/admin/categories/type/2 200 5.270543ms
2025/04/04 14:56:34 [GET] ::1 /v1/admin/checkauth 200 6.024266ms
2025/04/04 14:56:35 [GET] ::1 /v1/admin/tags/type/2 200 11.866952ms
2025/04/04 14:56:35 [GET] ::1 /v1/admin/checkauth 200 3.801374ms
2025/04/04 15:00:56 [GET] ::1 /v1/admin/checkauth 200 131.962318ms
2025/04/04 15:00:57 [GET] ::1 /v1/checkstatus 200 3.541538ms
2025/04/04 15:01:21 [GET] ::1 /v1/admin/checkauth 200 100.860814ms
2025/04/04 15:01:22 [GET] ::1 /v1/admin/categories/type/2 200 37.944487ms
2025/04/04 15:01:22 [GET] ::1 /v1/admin/checkauth 200 7.576602ms
2025/04/04 15:01:23 [GET] ::1 /v1/admin/tags/type/2 200 11.319165ms
2025/04/04 15:01:23 [GET] ::1 /v1/admin/checkauth 200 3.349831ms
2025/04/04 15:01:24 [GET] ::1 /v1/admin/checkauth 200 3.244393ms
2025/04/04 15:01:24 [GET] ::1 /v1/admin/checkauth 200 5.482016ms
2025/04/04 15:01:27 [GET] ::1 /v1/admin/checkauth 200 2.44492ms
2025/04/04 15:01:27 [GET] ::1 /v1/config 200 23.430977ms
2025/04/04 15:01:33 [GET] ::1 /v1/admin/checkauth 200 1.897502ms
2025/04/04 15:01:33 [GET] ::1 /v1/admin/checkauth 200 4.842621ms
2025/04/04 15:01:34 [GET] ::1 /v1/admin/categories/type/2 200 11.08098ms
2025/04/04 15:01:34 [GET] ::1 /v1/admin/checkauth 200 3.53667ms
2025/04/04 15:01:35 [GET] ::1 /v1/admin/tags/type/2 200 8.670379ms
2025/04/04 15:01:35 [GET] ::1 /v1/admin/checkauth 200 3.602734ms
2025/04/04 15:01:36 [GET] ::1 /v1/admin/checkauth 200 7.910446ms
2025/04/04 15:01:39 [GET] ::1 /v1/admin/checkauth 200 9.683961ms
2025/04/04 15:01:40 [GET] ::1 /v1/admin/categories/type/2 200 6.300482ms
2025/04/04 15:01:40 [GET] ::1 /v1/admin/checkauth 200 9.462249ms
2025/04/04 15:01:40 [GET] ::1 /v1/admin/tags/type/2 200 8.919985ms
2025/04/04 15:01:41 [GET] ::1 /v1/admin/checkauth 200 3.664553ms
2025/04/04 15:03:04 [GET] ::1 /v1/admin/checkauth 200 147.712872ms
2025/04/04 15:03:09 [GET] ::1 /v1/admin/checkauth 200 2.078118ms
2025/04/04 15:03:09 [GET] ::1 /v1/admin/checkauth 200 3.711343ms
2025/04/04 15:03:10 [GET] ::1 /v1/admin/categories/type/4 200 11.027748ms
2025/04/04 15:03:11 [GET] ::1 /v1/admin/checkauth 200 4.836838ms
2025/04/04 15:03:11 [GET] ::1 /v1/admin/checkauth 200 2.963818ms
2025/04/04 15:03:11 [GET] ::1 /v1/admin/tags/type/4 200 11.446897ms
2025/04/04 15:03:12 [GET] ::1 /v1/admin/checkauth 200 9.911093ms
2025/04/04 15:03:14 [GET] ::1 /v1/admin/checkauth 200 8.425796ms
2025/04/04 15:03:14 [GET] ::1 /v1/admin/categories/type/4 200 6.135368ms
2025/04/04 15:03:16 [GET] ::1 /v1/admin/checkauth 200 4.148445ms
2025/04/04 15:03:17 [GET] ::1 /v1/admin/tags/type/4 200 5.422372ms
2025/04/04 15:03:17 [GET] ::1 /v1/admin/checkauth 200 3.697431ms
2025/04/04 15:03:21 [GET] ::1 /v1/admin/checkauth 200 2.521477ms
2025/04/04 15:03:22 [GET] ::1 /v1/admin/categories/type/3 200 3.967995ms
2025/04/04 15:03:22 [GET] ::1 /v1/admin/checkauth 200 3.595796ms
2025/04/04 15:03:23 [GET] ::1 /v1/admin/checkauth 200 2.919033ms
2025/04/04 15:03:23 [GET] ::1 /v1/admin/categories/type/3 200 6.110769ms
2025/04/04 15:03:26 [GET] ::1 /v1/admin/checkauth 200 3.880538ms
2025/04/04 15:03:26 [GET] ::1 /v1/admin/checkauth 200 4.201175ms
2025/04/04 15:03:27 [GET] ::1 /v1/checkstatus 200 411.124µs
