2025/03/24 00:00:04 [GET] ::1 /v1/admin/checkauth 200 2.757444ms
2025/03/24 00:00:16 [GET] ::1 /v1/checkstatus 200 1.519391ms
2025/03/24 00:00:26 [GET] ::1 /v1/admin/checkauth 200 46.931544ms
2025/03/24 00:00:26 [GET] ::1 /v1/admin/categories/type/1 200 16.941151ms
2025/03/24 00:00:27 [GET] ::1 /v1/admin/checkauth 200 4.4896ms
2025/03/24 00:00:27 [GET] ::1 /v1/admin/tags/type/1 200 8.027863ms
2025/03/24 00:00:27 [GET] ::1 /v1/admin/checkauth 200 2.329899ms
2025/03/24 00:00:27 [GET] ::1 /v1/admin/checkauth 200 2.750015ms
2025/03/24 00:00:28 [GET] ::1 /v1/admin/checkauth 200 2.746158ms
2025/03/24 00:00:34 [GET] ::1 /v1/admin/checkauth 200 2.90034ms
2025/03/24 00:00:34 [GET] ::1 /v1/admin/checkauth 200 2.675602ms
2025/03/24 00:00:34 [GET] ::1 /v1/admin/categories/type/1 200 7.291656ms
2025/03/24 00:00:34 [GET] ::1 /v1/admin/checkauth 200 2.873003ms
2025/03/24 00:00:34 [GET] ::1 /v1/admin/tags/type/1 200 12.12886ms
2025/03/24 00:00:35 [GET] ::1 /v1/admin/checkauth 200 10.655559ms
2025/03/24 00:00:35 [GET] ::1 /v1/admin/checkauth 200 7.317519ms
2025/03/24 00:00:38 [GET] ::1 /v1/admin/checkauth 200 2.889127ms
2025/03/24 00:00:38 [GET] ::1 /v1/admin/categories/type/1 200 5.624536ms
2025/03/24 00:00:38 [GET] ::1 /v1/admin/checkauth 200 2.442397ms
2025/03/24 00:00:38 [GET] ::1 /v1/admin/tags/type/1 200 7.223441ms
2025/03/24 00:00:38 [GET] ::1 /v1/admin/checkauth 200 3.190819ms
2025/03/24 10:43:07 [GET] ::1 /v1/checkstatus 200 44.474µs
2025/03/24 10:43:15 [POST] ::1 /v1/admin/token/refresh 200 74.710539ms
2025/03/24 10:43:17 [GET] ::1 /v1/checkstatus 200 17.923µs
2025/03/24 10:43:18 [GET] ::1 /v1/admin/checkauth 200 7.573137ms
2025/03/24 10:43:18 [GET] ::1 /v1/admin/checkauth 200 2.010976ms
2025/03/24 10:43:18 [GET] ::1 /v1/admin/checkauth 200 1.707146ms
2025/03/24 10:43:18 [GET] ::1 /v1/admin/checkauth 200 2.17205ms
2025/03/24 10:46:00 [GET] ::1 /v1/admin/checkauth 200 6.762698ms
2025/03/24 10:46:03 [GET] ::1 /v1/admin/checkauth 200 4.586745ms
2025/03/24 10:46:03 [GET] ::1 /v1/admin/images 200 9.796501ms
2025/03/24 10:46:03 [GET] ::1 /v1/admin/checkauth 200 3.085528ms
2025/03/24 10:46:03 [GET] ::1 /v1/admin/images 200 5.821776ms
2025/03/24 13:02:25 [GET] ::1 /v1/admin/checkauth 200 233.148097ms
2025/03/24 13:05:40 [GET] ::1 /v1/checkstatus 200 2.329496ms
2025/03/24 13:05:51 [POST] ::1 /v1/admin/login 200 185.170511ms
2025/03/24 13:05:51 [GET] ::1 /v1/checkstatus 200 16.441µs
2025/03/24 13:05:51 [GET] ::1 /v1/admin/checkauth 200 6.281251ms
2025/03/24 13:05:53 [GET] ::1 /v1/admin/checkauth 200 4.128596ms
2025/03/24 13:05:53 [GET] ::1 /v1/checkstatus 200 24.238µs
2025/03/24 13:06:17 [GET] ::1 /v1/admin/checkauth 200 5.25611ms
2025/03/24 13:06:17 [GET] ::1 /v1/checkstatus 200 16.521µs
2025/03/24 13:06:18 [GET] ::1 /v1/admin/checkauth 200 5.618001ms
2025/03/24 13:06:18 [GET] ::1 /v1/admin/checkauth 200 7.261567ms
2025/03/24 13:06:18 [GET] ::1 /v1/admin/checkauth 200 4.023102ms
2025/03/24 13:06:18 [GET] ::1 /v1/admin/checkauth 200 2.575914ms
2025/03/24 13:07:39 [GET] ::1 /v1/admin/checkauth 200 6.559101ms
2025/03/24 13:07:39 [POST] ::1 /v1/admin/logout 200 16.435513ms
2025/03/24 13:07:39 [GET] ::1 /v1/checkstatus 200 38.666µs
2025/03/24 13:07:39 [GET] ::1 /v1/checkstatus 200 23.486µs
2025/03/24 13:07:40 [GET] ::1 /v1/checkstatus 200 15.92µs
2025/03/24 13:12:14 [GET] ::1 /v1/checkstatus 200 46.264µs
2025/03/24 13:12:18 [POST] ::1 /v1/admin/login 200 95.770916ms
2025/03/24 13:12:18 [GET] ::1 /v1/checkstatus 200 32.116µs
2025/03/24 13:12:18 [GET] ::1 /v1/admin/checkauth 200 5.463408ms
2025/03/24 13:12:19 [GET] ::1 /v1/admin/checkauth 200 5.168263ms
2025/03/24 13:12:19 [GET] ::1 /v1/checkstatus 200 15.463µs
2025/03/24 13:12:57 [GET] ::1 /v1/admin/checkauth 200 5.605076ms
2025/03/24 13:12:57 [GET] ::1 /v1/admin/checkauth 200 3.413781ms
2025/03/24 13:12:57 [GET] ::1 /v1/checkstatus 200 39.795µs
2025/03/24 13:12:59 [GET] ::1 /v1/admin/checkauth 200 9.185244ms
2025/03/24 13:12:59 [GET] ::1 /v1/admin/checkauth 200 5.043449ms
2025/03/24 13:12:59 [GET] ::1 /v1/admin/checkauth 200 6.212351ms
2025/03/24 13:13:00 [GET] ::1 /v1/admin/checkauth 200 2.01997ms
2025/03/24 13:13:06 [GET] ::1 /v1/admin/checkauth 200 2.511229ms
2025/03/24 13:13:06 [POST] ::1 /v1/admin/logout 200 11.085505ms
2025/03/24 13:13:07 [GET] ::1 /v1/checkstatus 200 42.586µs
2025/03/24 13:13:07 [GET] ::1 /v1/checkstatus 200 17.213µs
2025/03/24 13:13:07 [GET] ::1 /v1/checkstatus 200 30.167µs
2025/03/24 13:14:03 [GET] ::1 /v1/checkstatus 200 41.71µs
2025/03/24 13:14:12 [POST] ::1 /v1/admin/login 200 85.814835ms
2025/03/24 13:14:12 [GET] ::1 /v1/checkstatus 200 18.787µs
2025/03/24 13:14:12 [GET] ::1 /v1/admin/checkauth 200 3.740151ms
2025/03/24 13:14:12 [GET] ::1 /v1/checkstatus 200 14.008µs
2025/03/24 13:14:13 [GET] ::1 /v1/admin/checkauth 200 3.985035ms
2025/03/24 13:14:14 [GET] ::1 /v1/admin/checkauth 200 4.836796ms
2025/03/24 13:14:14 [GET] ::1 /v1/admin/checkauth 200 2.814377ms
2025/03/24 13:14:14 [GET] ::1 /v1/admin/checkauth 200 2.488653ms
2025/03/24 13:15:43 [GET] ::1 /v1/admin/checkauth 200 5.893365ms
2025/03/24 13:15:44 [POST] ::1 /v1/admin/logout 200 16.58799ms
2025/03/24 13:15:44 [GET] ::1 /v1/checkstatus 200 41.669µs
2025/03/24 13:15:44 [GET] ::1 /v1/checkstatus 200 13.749µs
2025/03/24 13:16:07 [GET] ::1 /v1/checkstatus 200 60.084µs
2025/03/24 13:16:14 [POST] ::1 /v1/admin/login 200 76.435483ms
2025/03/24 13:16:14 [GET] ::1 /v1/checkstatus 200 32.38µs
2025/03/24 13:16:14 [GET] ::1 /v1/admin/checkauth 200 4.143077ms
2025/03/24 13:16:14 [GET] ::1 /v1/checkstatus 200 15.641µs
2025/03/24 13:16:15 [GET] ::1 /v1/admin/checkauth 200 3.579718ms
2025/03/24 13:16:16 [GET] ::1 /v1/admin/checkauth 200 4.180102ms
2025/03/24 13:16:16 [GET] ::1 /v1/admin/checkauth 200 3.466826ms
2025/03/24 13:16:16 [GET] ::1 /v1/admin/checkauth 200 3.130777ms
2025/03/24 13:16:48 [GET] ::1 /v1/admin/checkauth 200 11.36458ms
2025/03/24 13:16:48 [GET] ::1 /v1/admin/checkauth 200 20.547404ms
2025/03/24 13:16:48 [GET] ::1 /v1/checkstatus 200 15.717µs
2025/03/24 13:16:50 [GET] ::1 /v1/admin/checkauth 200 2.738736ms
2025/03/24 13:16:50 [GET] ::1 /v1/admin/checkauth 200 2.360368ms
2025/03/24 13:16:50 [GET] ::1 /v1/admin/checkauth 200 2.629248ms
2025/03/24 13:16:50 [GET] ::1 /v1/admin/checkauth 200 2.357097ms
2025/03/24 13:16:57 [GET] ::1 /v1/admin/checkauth 200 2.345438ms
2025/03/24 14:05:57 [GET] ::1 /v1/admin/checkauth 200 221.162008ms
2025/03/24 14:06:03 [GET] ::1 /v1/admin/checkauth 200 7.619681ms
2025/03/24 14:06:04 [GET] ::1 /v1/admin/menu_locations 200 171.405657ms
2025/03/24 14:06:04 [GET] ::1 /v1/admin/checkauth 200 3.394842ms
2025/03/24 14:06:04 [GET] ::1 /v1/admin/menus 200 12.832491ms
2025/03/24 14:06:04 [GET] ::1 /v1/admin/checkauth 200 3.460849ms
2025/03/24 14:06:04 [GET] ::1 /v1/admin/menu_locations 200 6.071567ms
2025/03/24 14:06:05 [GET] ::1 /v1/admin/checkauth 200 3.463073ms
2025/03/24 14:06:05 [GET] ::1 /v1/admin/menus 200 8.027769ms
2025/03/24 14:06:05 [GET] ::1 /v1/admin/checkauth 200 4.575583ms
2025/03/24 14:06:05 [GET] ::1 /v1/admin/pages/typenstatus/ 200 27.063941ms
2025/03/24 14:06:05 [GET] ::1 /v1/admin/checkauth 200 3.647153ms
2025/03/24 14:06:05 [GET] ::1 /v1/admin/pages/typenstatus/ 200 8.960594ms
2025/03/24 14:06:05 [GET] ::1 /v1/admin/checkauth 200 2.749264ms
2025/03/24 14:06:05 [GET] ::1 /v1/admin/categories/type/1 200 20.037124ms
2025/03/24 14:06:06 [GET] ::1 /v1/admin/checkauth 200 4.00448ms
2025/03/24 14:06:06 [GET] ::1 /v1/admin/pages/typenstatus/ 200 6.902607ms
2025/03/24 14:06:06 [GET] ::1 /v1/admin/checkauth 200 3.115128ms
2025/03/24 14:06:06 [GET] ::1 /v1/admin/pages/typenstatus/ 200 10.121062ms
2025/03/24 14:06:06 [GET] ::1 /v1/admin/checkauth 200 3.667885ms
2025/03/24 14:06:06 [GET] ::1 /v1/admin/pages/typenstatus/ 200 5.863023ms
2025/03/24 14:06:06 [GET] ::1 /v1/admin/checkauth 200 5.621264ms
2025/03/24 14:06:06 [GET] ::1 /v1/admin/pages/typenstatus/ 200 11.718073ms
2025/03/24 14:06:07 [GET] ::1 /v1/admin/checkauth 200 2.978817ms
2025/03/24 14:06:07 [GET] ::1 /v1/admin/categories/type/1 200 3.806557ms
2025/03/24 14:06:07 [GET] ::1 /v1/admin/checkauth 200 2.210529ms
2025/03/24 14:06:07 [GET] ::1 /v1/admin/pages/typenstatus/ 200 5.750654ms
2025/03/24 14:06:07 [GET] ::1 /v1/admin/checkauth 200 2.931395ms
2025/03/24 14:06:07 [GET] ::1 /v1/admin/pages/typenstatus/ 200 3.680431ms
2025/03/24 14:06:07 [GET] ::1 /v1/admin/checkauth 200 2.351359ms
2025/03/24 14:06:07 [GET] ::1 /v1/admin/pagecategories 200 8.578915ms
2025/03/24 14:06:07 [GET] ::1 /v1/admin/checkauth 200 2.03182ms
2025/03/24 14:06:07 [GET] ::1 /v1/admin/pagecategories 200 4.407161ms
2025/03/24 14:14:07 [GET] ::1 /v1/admin/checkauth 200 220.88179ms
2025/03/24 14:14:07 [GET] ::1 /v1/admin/checkauth 200 8.203634ms
2025/03/24 14:14:08 [GET] ::1 /v1/admin/checkauth 200 4.177993ms
2025/03/24 14:14:08 [GET] ::1 /v1/admin/checkauth 200 3.440493ms
2025/03/24 14:14:08 [GET] ::1 /v1/admin/checkauth 200 3.300227ms
2025/03/24 14:14:09 [GET] ::1 /v1/admin/checkauth 200 5.283388ms
2025/03/24 14:14:09 [GET] ::1 /v1/admin/checkauth 200 3.454036ms
2025/03/24 14:14:22 [GET] ::1 /v1/admin/checkauth 200 4.441746ms
2025/03/24 14:14:23 [GET] ::1 /v1/admin/checkauth 200 2.811095ms
2025/03/24 14:14:23 [GET] ::1 /v1/admin/checkauth 200 2.171072ms
2025/03/24 14:14:23 [GET] ::1 /v1/admin/checkauth 200 2.29419ms
2025/03/24 14:14:24 [GET] ::1 /v1/admin/checkauth 200 3.358845ms
2025/03/24 14:14:24 [GET] ::1 /v1/admin/checkauth 200 3.941085ms
2025/03/24 14:14:24 [GET] ::1 /v1/admin/checkauth 200 3.244753ms
2025/03/24 14:14:43 [GET] ::1 /v1/admin/checkauth 200 5.287315ms
2025/03/24 14:14:43 [GET] ::1 /v1/admin/checkauth 200 2.83076ms
2025/03/24 14:14:43 [GET] ::1 /v1/admin/checkauth 200 4.544407ms
2025/03/24 14:14:43 [GET] ::1 /v1/admin/checkauth 200 2.973006ms
2025/03/24 14:14:44 [GET] ::1 /v1/admin/checkauth 200 5.592392ms
2025/03/24 14:14:44 [GET] ::1 /v1/admin/checkauth 200 4.493817ms
2025/03/24 14:14:44 [GET] ::1 /v1/admin/checkauth 200 1.823937ms
2025/03/24 14:14:53 [GET] ::1 /v1/admin/checkauth 200 3.290989ms
2025/03/24 14:14:53 [GET] ::1 /v1/checkstatus 200 31.243µs
2025/03/24 14:14:55 [GET] ::1 /v1/admin/checkauth 200 12.773553ms
2025/03/24 14:14:56 [GET] ::1 /v1/admin/menu_locations 200 21.596284ms
2025/03/24 14:14:56 [GET] ::1 /v1/admin/checkauth 200 3.138926ms
2025/03/24 14:14:56 [GET] ::1 /v1/admin/menus 200 11.306658ms
2025/03/24 14:14:57 [GET] ::1 /v1/admin/checkauth 200 3.221184ms
2025/03/24 14:14:57 [GET] ::1 /v1/admin/checkauth 200 4.494108ms
2025/03/24 14:14:57 [GET] ::1 /v1/admin/checkauth 200 2.76414ms
2025/03/24 14:14:57 [GET] ::1 /v1/admin/pages/typenstatus/ 200 12.509845ms
2025/03/24 14:14:57 [GET] ::1 /v1/admin/checkauth 200 3.850384ms
2025/03/24 14:14:57 [GET] ::1 /v1/admin/pages/typenstatus/ 200 4.938023ms
2025/03/24 14:14:58 [GET] ::1 /v1/admin/checkauth 200 3.203095ms
2025/03/24 14:14:58 [GET] ::1 /v1/admin/categories/type/1 200 5.159979ms
2025/03/24 14:14:58 [GET] ::1 /v1/admin/checkauth 200 2.589274ms
2025/03/24 14:14:58 [GET] ::1 /v1/admin/pages/typenstatus/ 200 7.585393ms
2025/03/24 14:14:58 [GET] ::1 /v1/admin/checkauth 200 13.592283ms
2025/03/24 14:14:58 [GET] ::1 /v1/admin/pages/typenstatus/ 200 5.647041ms
2025/03/24 14:14:59 [GET] ::1 /v1/admin/checkauth 200 3.321596ms
2025/03/24 14:14:59 [GET] ::1 /v1/admin/pages/typenstatus/ 200 10.688436ms
2025/03/24 14:14:59 [GET] ::1 /v1/admin/checkauth 200 8.699154ms
2025/03/24 14:14:59 [GET] ::1 /v1/admin/pages/typenstatus/ 200 3.43397ms
2025/03/24 14:14:59 [GET] ::1 /v1/admin/checkauth 200 3.612678ms
2025/03/24 14:14:59 [GET] ::1 /v1/admin/categories/type/1 200 6.483257ms
2025/03/24 14:15:00 [GET] ::1 /v1/admin/checkauth 200 2.559831ms
2025/03/24 14:15:00 [GET] ::1 /v1/admin/pages/typenstatus/ 200 4.635208ms
2025/03/24 14:15:00 [GET] ::1 /v1/admin/checkauth 200 5.158006ms
2025/03/24 14:15:00 [GET] ::1 /v1/admin/pages/typenstatus/ 200 9.80434ms
2025/03/24 14:15:00 [GET] ::1 /v1/admin/checkauth 200 4.66533ms
2025/03/24 14:15:00 [GET] ::1 /v1/admin/checkauth 200 5.049801ms
2025/03/24 14:15:00 [GET] ::1 /v1/admin/menu_locations 200 2.711927ms
2025/03/24 14:15:00 [GET] ::1 /v1/admin/checkauth 200 3.751776ms
2025/03/24 14:15:01 [GET] ::1 /v1/admin/menus 200 3.917822ms
2025/03/24 14:15:01 [GET] ::1 /v1/admin/checkauth 200 4.594557ms
2025/03/24 14:15:01 [GET] ::1 /v1/admin/checkauth 200 2.85325ms
2025/03/24 14:15:01 [GET] ::1 /v1/admin/menu_locations 200 5.125608ms
2025/03/24 14:15:01 [GET] ::1 /v1/admin/checkauth 200 2.98127ms
2025/03/24 14:15:01 [GET] ::1 /v1/admin/menus 200 8.694316ms
2025/03/24 14:15:01 [GET] ::1 /v1/admin/checkauth 200 3.098008ms
2025/03/24 14:15:02 [GET] ::1 /v1/admin/pagecategories 200 6.202558ms
2025/03/24 14:15:02 [GET] ::1 /v1/admin/checkauth 200 3.146093ms
2025/03/24 14:15:02 [GET] ::1 /v1/admin/pagecategories 200 3.890843ms
2025/03/24 14:15:02 [GET] ::1 /v1/admin/checkauth 200 2.978986ms
2025/03/24 14:15:02 [GET] ::1 /v1/admin/pages/typenstatus/ 200 6.063011ms
2025/03/24 14:15:02 [GET] ::1 /v1/admin/checkauth 200 12.244854ms
2025/03/24 14:15:02 [GET] ::1 /v1/admin/pages/typenstatus/ 200 7.788725ms
2025/03/24 14:15:02 [GET] ::1 /v1/admin/checkauth 200 3.067942ms
2025/03/24 14:15:03 [GET] ::1 /v1/admin/categories/type/1 200 8.37901ms
2025/03/24 14:15:03 [GET] ::1 /v1/admin/checkauth 200 3.02682ms
2025/03/24 14:15:03 [GET] ::1 /v1/admin/pages/typenstatus/ 200 6.892342ms
2025/03/24 14:15:03 [GET] ::1 /v1/admin/checkauth 200 5.0455ms
2025/03/24 14:15:03 [GET] ::1 /v1/admin/pages/typenstatus/ 200 6.274293ms
2025/03/24 14:15:03 [GET] ::1 /v1/admin/checkauth 200 3.543573ms
2025/03/24 14:15:03 [GET] ::1 /v1/admin/pages/typenstatus/ 200 6.926129ms
2025/03/24 14:15:03 [GET] ::1 /v1/admin/checkauth 200 2.105244ms
2025/03/24 14:15:03 [GET] ::1 /v1/admin/pages/typenstatus/ 200 4.131563ms
2025/03/24 14:15:03 [GET] ::1 /v1/admin/checkauth 200 1.913394ms
2025/03/24 14:15:03 [GET] ::1 /v1/admin/categories/type/1 200 3.473565ms
2025/03/24 14:15:04 [GET] ::1 /v1/admin/checkauth 200 4.833625ms
2025/03/24 14:15:04 [GET] ::1 /v1/admin/pages/typenstatus/ 200 3.774378ms
2025/03/24 14:15:04 [GET] ::1 /v1/admin/checkauth 200 1.52034ms
2025/03/24 14:15:04 [GET] ::1 /v1/admin/pages/typenstatus/ 200 7.196206ms
2025/03/24 14:15:04 [GET] ::1 /v1/admin/checkauth 200 1.939902ms
2025/03/24 14:15:04 [GET] ::1 /v1/admin/pagecategories 200 3.430708ms
2025/03/24 14:15:04 [GET] ::1 /v1/admin/checkauth 200 3.322406ms
2025/03/24 14:15:04 [GET] ::1 /v1/admin/pagecategories 200 5.931093ms
2025/03/24 14:16:02 [GET] ::1 /v1/admin/checkauth 200 7.584911ms
2025/03/24 14:16:02 [GET] ::1 /v1/admin/checkauth 200 2.302858ms
2025/03/24 14:16:03 [GET] ::1 /v1/admin/checkauth 200 4.754074ms
2025/03/24 14:16:03 [GET] ::1 /v1/admin/checkauth 200 2.943008ms
2025/03/24 14:16:03 [GET] ::1 /v1/admin/checkauth 200 3.707932ms
2025/03/24 14:16:03 [GET] ::1 /v1/admin/checkauth 200 1.845114ms
2025/03/24 14:16:03 [GET] ::1 /v1/admin/checkauth 200 4.665858ms
2025/03/24 14:16:10 [GET] ::1 /v1/admin/checkauth 200 2.683978ms
2025/03/24 14:16:10 [GET] ::1 /v1/checkstatus 200 36.753µs
2025/03/24 14:16:12 [GET] ::1 /v1/admin/checkauth 200 3.081356ms
2025/03/24 14:16:13 [GET] ::1 /v1/admin/menu_locations 200 13.928774ms
2025/03/24 14:16:13 [GET] ::1 /v1/admin/checkauth 200 3.301459ms
2025/03/24 14:16:13 [GET] ::1 /v1/admin/menus 200 4.69571ms
2025/03/24 14:16:13 [GET] ::1 /v1/admin/checkauth 200 5.503191ms
2025/03/24 14:16:13 [GET] ::1 /v1/admin/checkauth 200 2.463322ms
2025/03/24 14:16:13 [GET] ::1 /v1/admin/checkauth 200 3.908601ms
2025/03/24 14:16:14 [GET] ::1 /v1/admin/pages/typenstatus/ 200 6.053563ms
2025/03/24 14:16:14 [GET] ::1 /v1/admin/checkauth 200 3.494535ms
2025/03/24 14:16:14 [GET] ::1 /v1/admin/pages/typenstatus/ 200 5.421449ms
2025/03/24 14:16:14 [GET] ::1 /v1/admin/checkauth 200 2.516392ms
2025/03/24 14:16:14 [GET] ::1 /v1/admin/categories/type/1 200 5.921088ms
2025/03/24 14:16:14 [GET] ::1 /v1/admin/checkauth 200 4.106611ms
2025/03/24 14:16:15 [GET] ::1 /v1/admin/pages/typenstatus/ 200 5.476873ms
2025/03/24 14:16:15 [GET] ::1 /v1/admin/checkauth 200 2.287492ms
2025/03/24 14:16:15 [GET] ::1 /v1/admin/pages/typenstatus/ 200 5.229714ms
2025/03/24 14:16:15 [GET] ::1 /v1/admin/checkauth 200 4.046589ms
2025/03/24 14:16:15 [GET] ::1 /v1/admin/pages/typenstatus/ 200 5.755779ms
2025/03/24 14:16:15 [GET] ::1 /v1/admin/checkauth 200 2.393391ms
2025/03/24 14:16:15 [GET] ::1 /v1/admin/pages/typenstatus/ 200 5.835354ms
2025/03/24 14:16:15 [GET] ::1 /v1/admin/checkauth 200 2.022267ms
2025/03/24 14:16:16 [GET] ::1 /v1/admin/categories/type/1 200 8.417505ms
2025/03/24 14:16:16 [GET] ::1 /v1/admin/checkauth 200 1.644574ms
2025/03/24 14:16:16 [GET] ::1 /v1/admin/pages/typenstatus/ 200 5.258585ms
2025/03/24 14:16:16 [GET] ::1 /v1/admin/checkauth 200 2.033423ms
2025/03/24 14:16:16 [GET] ::1 /v1/admin/pages/typenstatus/ 200 3.066814ms
2025/03/24 14:16:16 [GET] ::1 /v1/admin/checkauth 200 2.980804ms
2025/03/24 14:16:16 [GET] ::1 /v1/admin/checkauth 200 3.026119ms
2025/03/24 14:16:16 [GET] ::1 /v1/admin/menu_locations 200 10.715828ms
2025/03/24 14:16:16 [GET] ::1 /v1/admin/checkauth 200 2.827148ms
2025/03/24 14:16:16 [GET] ::1 /v1/admin/menus 200 3.222031ms
2025/03/24 14:16:16 [GET] ::1 /v1/admin/checkauth 200 2.592762ms
2025/03/24 14:16:17 [GET] ::1 /v1/admin/checkauth 200 2.658192ms
2025/03/24 14:16:17 [GET] ::1 /v1/admin/menu_locations 200 6.430731ms
2025/03/24 14:16:17 [GET] ::1 /v1/admin/checkauth 200 4.803256ms
2025/03/24 14:16:17 [GET] ::1 /v1/admin/menus 200 3.738948ms
2025/03/24 14:16:17 [GET] ::1 /v1/admin/checkauth 200 3.503046ms
2025/03/24 14:16:17 [GET] ::1 /v1/admin/pagecategories 200 3.420852ms
2025/03/24 14:16:17 [GET] ::1 /v1/admin/checkauth 200 2.07183ms
2025/03/24 14:16:17 [GET] ::1 /v1/admin/pagecategories 200 5.114016ms
2025/03/24 14:16:17 [GET] ::1 /v1/admin/checkauth 200 4.520482ms
2025/03/24 14:16:18 [GET] ::1 /v1/admin/pages/typenstatus/ 200 9.421191ms
2025/03/24 14:16:18 [GET] ::1 /v1/admin/checkauth 200 2.18247ms
2025/03/24 14:16:18 [GET] ::1 /v1/admin/pages/typenstatus/ 200 3.32838ms
2025/03/24 14:16:18 [GET] ::1 /v1/admin/checkauth 200 3.869509ms
2025/03/24 14:16:18 [GET] ::1 /v1/admin/categories/type/1 200 6.455748ms
2025/03/24 14:16:18 [GET] ::1 /v1/admin/checkauth 200 3.730368ms
2025/03/24 14:16:18 [GET] ::1 /v1/admin/pages/typenstatus/ 200 6.211198ms
2025/03/24 14:16:18 [GET] ::1 /v1/admin/checkauth 200 2.35424ms
2025/03/24 14:16:18 [GET] ::1 /v1/admin/pages/typenstatus/ 200 4.23436ms
2025/03/24 14:16:18 [GET] ::1 /v1/admin/checkauth 200 2.450756ms
2025/03/24 14:16:18 [GET] ::1 /v1/admin/pages/typenstatus/ 200 3.631093ms
2025/03/24 14:16:19 [GET] ::1 /v1/admin/checkauth 200 3.260144ms
2025/03/24 14:16:19 [GET] ::1 /v1/admin/pages/typenstatus/ 200 5.279529ms
2025/03/24 14:16:19 [GET] ::1 /v1/admin/checkauth 200 2.661503ms
2025/03/24 14:16:19 [GET] ::1 /v1/admin/categories/type/1 200 3.883155ms
2025/03/24 14:16:19 [GET] ::1 /v1/admin/checkauth 200 2.26365ms
2025/03/24 14:16:19 [GET] ::1 /v1/admin/pages/typenstatus/ 200 5.314977ms
2025/03/24 14:16:19 [GET] ::1 /v1/admin/checkauth 200 4.566567ms
2025/03/24 14:16:19 [GET] ::1 /v1/admin/pages/typenstatus/ 200 5.502702ms
2025/03/24 14:16:19 [GET] ::1 /v1/admin/checkauth 200 4.700125ms
2025/03/24 14:16:19 [GET] ::1 /v1/admin/pagecategories 200 5.254936ms
2025/03/24 14:16:20 [GET] ::1 /v1/admin/checkauth 200 3.604553ms
2025/03/24 14:16:20 [GET] ::1 /v1/admin/pagecategories 200 3.942677ms
2025/03/24 14:17:22 [GET] ::1 /v1/admin/checkauth 200 5.666343ms
2025/03/24 14:17:23 [GET] ::1 /v1/admin/checkauth 200 6.3023ms
2025/03/24 14:17:23 [GET] ::1 /v1/admin/checkauth 200 3.947275ms
2025/03/24 14:17:23 [GET] ::1 /v1/admin/checkauth 200 3.55926ms
2025/03/24 14:17:23 [GET] ::1 /v1/admin/checkauth 200 3.46461ms
2025/03/24 14:17:24 [GET] ::1 /v1/admin/checkauth 200 3.691056ms
2025/03/24 14:17:24 [GET] ::1 /v1/admin/checkauth 200 2.015841ms
2025/03/24 15:14:58 [GET] ::1 /v1/admin/checkauth 200 6.090762ms
2025/03/24 15:14:58 [GET] ::1 /v1/admin/menu_locations 200 5.666812ms
2025/03/24 15:14:58 [GET] ::1 /v1/admin/checkauth 200 3.519974ms
2025/03/24 15:14:58 [GET] ::1 /v1/admin/menus 200 4.273684ms
2025/03/24 15:14:59 [GET] ::1 /v1/admin/checkauth 200 3.84397ms
2025/03/24 15:14:59 [GET] ::1 /v1/admin/menu_locations 200 10.302362ms
2025/03/24 15:14:59 [GET] ::1 /v1/admin/checkauth 200 7.38475ms
2025/03/24 15:14:59 [GET] ::1 /v1/admin/menus 200 5.059589ms
2025/03/24 15:14:59 [GET] ::1 /v1/admin/checkauth 200 10.339959ms
2025/03/24 15:14:59 [GET] ::1 /v1/admin/menu_locations 200 4.854633ms
2025/03/24 15:14:59 [GET] ::1 /v1/admin/checkauth 200 3.762857ms
2025/03/24 15:15:00 [GET] ::1 /v1/admin/menus 200 5.146165ms
2025/03/24 15:15:00 [GET] ::1 /v1/admin/checkauth 200 3.042912ms
2025/03/24 15:15:00 [GET] ::1 /v1/admin/menu_locations 200 6.42605ms
2025/03/24 15:15:00 [GET] ::1 /v1/admin/checkauth 200 4.639576ms
2025/03/24 15:15:00 [GET] ::1 /v1/admin/menus 200 4.681382ms
2025/03/24 15:15:00 [GET] ::1 /v1/admin/checkauth 200 4.04231ms
2025/03/24 15:15:00 [GET] ::1 /v1/admin/pages/typenstatus/ 200 6.996752ms
2025/03/24 15:15:00 [GET] ::1 /v1/admin/checkauth 200 2.597468ms
2025/03/24 15:15:01 [GET] ::1 /v1/admin/pages/typenstatus/ 200 4.496342ms
2025/03/24 15:15:01 [GET] ::1 /v1/admin/checkauth 200 2.402467ms
2025/03/24 15:15:01 [GET] ::1 /v1/admin/categories/type/1 200 5.149602ms
2025/03/24 15:15:01 [GET] ::1 /v1/admin/checkauth 200 2.857873ms
2025/03/24 15:15:01 [GET] ::1 /v1/admin/pages/typenstatus/ 200 7.285637ms
2025/03/24 15:15:01 [GET] ::1 /v1/admin/checkauth 200 2.637571ms
2025/03/24 15:15:01 [GET] ::1 /v1/admin/pages/typenstatus/ 200 4.4529ms
2025/03/24 15:15:01 [GET] ::1 /v1/admin/checkauth 200 2.944376ms
2025/03/24 15:15:01 [GET] ::1 /v1/admin/pages/typenstatus/ 200 4.545497ms
2025/03/24 15:15:01 [GET] ::1 /v1/admin/checkauth 200 1.680153ms
2025/03/24 15:15:01 [GET] ::1 /v1/admin/pages/typenstatus/ 200 5.51437ms
2025/03/24 15:15:02 [GET] ::1 /v1/admin/checkauth 200 2.320446ms
2025/03/24 15:15:02 [GET] ::1 /v1/admin/categories/type/1 200 3.93943ms
2025/03/24 15:15:02 [GET] ::1 /v1/admin/checkauth 200 3.08145ms
2025/03/24 15:15:02 [GET] ::1 /v1/admin/pages/typenstatus/ 200 4.0651ms
2025/03/24 15:15:02 [GET] ::1 /v1/admin/checkauth 200 1.911662ms
2025/03/24 15:15:02 [GET] ::1 /v1/admin/pages/typenstatus/ 200 5.146282ms
2025/03/24 15:15:02 [GET] ::1 /v1/admin/checkauth 200 1.857789ms
2025/03/24 15:15:02 [GET] ::1 /v1/admin/pagecategories 200 4.486745ms
2025/03/24 15:15:02 [GET] ::1 /v1/admin/checkauth 200 3.069083ms
2025/03/24 15:15:02 [GET] ::1 /v1/admin/pagecategories 200 4.004418ms
2025/03/24 15:15:12 [GET] ::1 /v1/admin/checkauth 200 1.437453ms
2025/03/24 15:15:12 [GET] ::1 /v1/admin/menu_locations 200 6.974128ms
2025/03/24 15:15:12 [GET] ::1 /v1/admin/checkauth 200 4.459916ms
2025/03/24 15:15:12 [GET] ::1 /v1/admin/menus 200 4.610173ms
2025/03/24 15:15:13 [GET] ::1 /v1/admin/checkauth 200 2.319989ms
2025/03/24 15:15:13 [GET] ::1 /v1/admin/menu_locations 200 6.790027ms
2025/03/24 15:15:13 [GET] ::1 /v1/admin/checkauth 200 3.175318ms
2025/03/24 15:15:13 [GET] ::1 /v1/admin/menus 200 5.598985ms
2025/03/24 15:16:24 [GET] ::1 /v1/admin/checkauth 200 10.888749ms
2025/03/24 15:16:24 [GET] ::1 /v1/admin/menu_locations 200 10.787035ms
2025/03/24 15:16:24 [GET] ::1 /v1/admin/checkauth 200 3.246552ms
2025/03/24 15:16:24 [GET] ::1 /v1/admin/menus 200 8.089289ms
2025/03/24 15:16:24 [GET] ::1 /v1/admin/checkauth 200 4.133999ms
2025/03/24 15:16:25 [GET] ::1 /v1/admin/menu_locations 200 11.06193ms
2025/03/24 15:16:25 [GET] ::1 /v1/admin/checkauth 200 3.043991ms
2025/03/24 15:16:25 [GET] ::1 /v1/admin/menus 200 6.968123ms
2025/03/24 15:16:25 [GET] ::1 /v1/admin/checkauth 200 2.408935ms
2025/03/24 15:16:25 [GET] ::1 /v1/admin/pages/typenstatus/ 200 6.652335ms
2025/03/24 15:16:25 [GET] ::1 /v1/admin/checkauth 200 3.870677ms
2025/03/24 15:16:25 [GET] ::1 /v1/admin/pages/typenstatus/ 200 5.148967ms
2025/03/24 15:16:25 [GET] ::1 /v1/admin/checkauth 200 2.678853ms
2025/03/24 15:16:26 [GET] ::1 /v1/admin/categories/type/1 200 10.090854ms
2025/03/24 15:16:26 [GET] ::1 /v1/admin/checkauth 200 2.977585ms
2025/03/24 15:16:26 [GET] ::1 /v1/admin/pages/typenstatus/ 200 5.961733ms
2025/03/24 15:16:26 [GET] ::1 /v1/admin/checkauth 200 2.242447ms
2025/03/24 15:16:26 [GET] ::1 /v1/admin/pages/typenstatus/ 200 3.464521ms
2025/03/24 15:16:26 [GET] ::1 /v1/admin/checkauth 200 2.39029ms
2025/03/24 15:16:26 [GET] ::1 /v1/admin/pages/typenstatus/ 200 4.015176ms
2025/03/24 15:16:26 [GET] ::1 /v1/admin/checkauth 200 3.690776ms
2025/03/24 15:16:26 [GET] ::1 /v1/admin/pages/typenstatus/ 200 6.861168ms
2025/03/24 15:16:26 [GET] ::1 /v1/admin/checkauth 200 2.246275ms
2025/03/24 15:16:26 [GET] ::1 /v1/admin/categories/type/1 200 15.511832ms
2025/03/24 15:16:26 [GET] ::1 /v1/admin/checkauth 200 1.534127ms
2025/03/24 15:16:27 [GET] ::1 /v1/admin/pages/typenstatus/ 200 3.038633ms
2025/03/24 15:16:27 [GET] ::1 /v1/admin/checkauth 200 2.092465ms
2025/03/24 15:16:27 [GET] ::1 /v1/admin/pages/typenstatus/ 200 3.250389ms
2025/03/24 15:16:27 [GET] ::1 /v1/admin/checkauth 200 1.962044ms
2025/03/24 15:16:27 [GET] ::1 /v1/admin/pagecategories 200 8.516254ms
2025/03/24 15:16:27 [GET] ::1 /v1/admin/checkauth 200 2.260836ms
2025/03/24 15:16:27 [GET] ::1 /v1/admin/pagecategories 200 5.586581ms
2025/03/24 15:33:20 [GET] ::1 /v1/admin/checkauth 200 23.818025ms
2025/03/24 15:33:21 [GET] ::1 /v1/checkstatus 200 15.81µs
2025/03/24 15:33:23 [GET] ::1 /v1/admin/checkauth 200 2.301995ms
2025/03/24 15:33:23 [GET] ::1 /v1/admin/menu_locations 200 10.904942ms
2025/03/24 15:33:24 [GET] ::1 /v1/admin/checkauth 200 2.674729ms
2025/03/24 15:33:24 [GET] ::1 /v1/admin/menus 200 5.386016ms
2025/03/24 15:33:24 [GET] ::1 /v1/admin/checkauth 200 4.241174ms
2025/03/24 15:33:24 [GET] ::1 /v1/admin/checkauth 200 2.548557ms
2025/03/24 15:33:24 [GET] ::1 /v1/admin/checkauth 200 2.586817ms
2025/03/24 15:33:24 [GET] ::1 /v1/admin/pages/typenstatus/ 200 5.908031ms
2025/03/24 15:33:24 [GET] ::1 /v1/admin/checkauth 200 3.164432ms
2025/03/24 15:33:25 [GET] ::1 /v1/admin/pages/typenstatus/ 200 5.54071ms
2025/03/24 15:33:25 [GET] ::1 /v1/admin/checkauth 200 4.587967ms
2025/03/24 15:33:25 [GET] ::1 /v1/admin/categories/type/1 200 10.803363ms
2025/03/24 15:33:25 [GET] ::1 /v1/admin/checkauth 200 2.993054ms
2025/03/24 15:33:25 [GET] ::1 /v1/admin/pages/typenstatus/ 200 6.711488ms
2025/03/24 15:33:25 [GET] ::1 /v1/admin/checkauth 200 2.875167ms
2025/03/24 15:33:25 [GET] ::1 /v1/admin/pages/typenstatus/ 200 6.90607ms
2025/03/24 15:33:25 [GET] ::1 /v1/admin/checkauth 200 2.238349ms
2025/03/24 15:33:26 [GET] ::1 /v1/admin/pages/typenstatus/ 200 8.405781ms
2025/03/24 15:33:26 [GET] ::1 /v1/admin/checkauth 200 5.203595ms
2025/03/24 15:33:26 [GET] ::1 /v1/admin/pages/typenstatus/ 200 8.956441ms
2025/03/24 15:33:26 [GET] ::1 /v1/admin/checkauth 200 5.665933ms
2025/03/24 15:33:26 [GET] ::1 /v1/admin/categories/type/1 200 3.924927ms
2025/03/24 15:33:26 [GET] ::1 /v1/admin/checkauth 200 3.138895ms
2025/03/24 15:33:26 [GET] ::1 /v1/admin/pages/typenstatus/ 200 5.562181ms
2025/03/24 15:33:26 [GET] ::1 /v1/admin/checkauth 200 4.724667ms
2025/03/24 15:33:26 [GET] ::1 /v1/admin/pages/typenstatus/ 200 7.172709ms
2025/03/24 15:33:26 [GET] ::1 /v1/admin/checkauth 200 4.514654ms
2025/03/24 15:33:27 [GET] ::1 /v1/admin/checkauth 200 2.655783ms
2025/03/24 15:33:27 [GET] ::1 /v1/admin/menu_locations 200 4.524055ms
2025/03/24 15:33:27 [GET] ::1 /v1/admin/checkauth 200 5.127019ms
2025/03/24 15:33:27 [GET] ::1 /v1/admin/menus 200 4.61331ms
2025/03/24 15:33:27 [GET] ::1 /v1/admin/checkauth 200 3.132866ms
2025/03/24 15:33:27 [GET] ::1 /v1/admin/checkauth 200 4.528152ms
2025/03/24 15:33:27 [GET] ::1 /v1/admin/menu_locations 200 3.950695ms
2025/03/24 15:33:27 [GET] ::1 /v1/admin/checkauth 200 2.786296ms
2025/03/24 15:33:27 [GET] ::1 /v1/admin/menus 200 3.866395ms
2025/03/24 15:33:27 [GET] ::1 /v1/admin/checkauth 200 3.272614ms
2025/03/24 15:33:28 [GET] ::1 /v1/admin/pagecategories 200 3.715879ms
2025/03/24 15:33:28 [GET] ::1 /v1/admin/checkauth 200 2.727295ms
2025/03/24 15:33:28 [GET] ::1 /v1/admin/pagecategories 200 3.044771ms
2025/03/24 15:33:28 [GET] ::1 /v1/admin/checkauth 200 1.630022ms
2025/03/24 15:33:28 [GET] ::1 /v1/admin/pages/typenstatus/ 200 6.240462ms
2025/03/24 15:33:28 [GET] ::1 /v1/admin/checkauth 200 1.774509ms
2025/03/24 15:33:28 [GET] ::1 /v1/admin/pages/typenstatus/ 200 9.55515ms
2025/03/24 15:33:28 [GET] ::1 /v1/admin/checkauth 200 4.367351ms
2025/03/24 15:33:28 [GET] ::1 /v1/admin/categories/type/1 200 3.512148ms
2025/03/24 15:33:28 [GET] ::1 /v1/admin/checkauth 200 3.409602ms
2025/03/24 15:33:29 [GET] ::1 /v1/admin/pages/typenstatus/ 200 5.274503ms
2025/03/24 15:33:29 [GET] ::1 /v1/admin/checkauth 200 2.59481ms
2025/03/24 15:33:29 [GET] ::1 /v1/admin/pages/typenstatus/ 200 9.385421ms
2025/03/24 15:33:29 [GET] ::1 /v1/admin/checkauth 200 2.143634ms
2025/03/24 15:33:29 [GET] ::1 /v1/admin/pages/typenstatus/ 200 5.284282ms
2025/03/24 15:33:29 [GET] ::1 /v1/admin/checkauth 200 1.629751ms
2025/03/24 15:33:29 [GET] ::1 /v1/admin/pages/typenstatus/ 200 6.44904ms
2025/03/24 15:33:29 [GET] ::1 /v1/admin/checkauth 200 2.548567ms
2025/03/24 15:33:29 [GET] ::1 /v1/admin/categories/type/1 200 7.967713ms
2025/03/24 15:33:29 [GET] ::1 /v1/admin/checkauth 200 2.068249ms
2025/03/24 15:33:29 [GET] ::1 /v1/admin/pages/typenstatus/ 200 4.386592ms
2025/03/24 15:33:29 [GET] ::1 /v1/admin/checkauth 200 2.369507ms
2025/03/24 15:33:30 [GET] ::1 /v1/admin/pages/typenstatus/ 200 7.927692ms
2025/03/24 15:33:30 [GET] ::1 /v1/admin/checkauth 200 3.024106ms
2025/03/24 15:33:30 [GET] ::1 /v1/admin/pagecategories 200 4.150196ms
2025/03/24 15:33:30 [GET] ::1 /v1/admin/checkauth 200 2.224585ms
2025/03/24 15:33:30 [GET] ::1 /v1/admin/pagecategories 200 3.947019ms
2025/03/24 16:48:28 [GET] ::1 /v1/admin/checkauth 200 217.260767ms
2025/03/24 20:40:04 [GET] ::1 /v1/admin/checkauth 200 203.747798ms
2025/03/24 20:40:04 [GET] ::1 /v1/admin/menu_locations 200 22.3899ms
2025/03/24 20:40:05 [GET] ::1 /v1/admin/checkauth 200 4.167742ms
2025/03/24 20:40:06 [GET] ::1 /v1/admin/menus 200 10.883199ms
2025/03/24 20:40:06 [GET] ::1 /v1/admin/checkauth 200 4.436697ms
2025/03/24 20:40:06 [GET] ::1 /v1/admin/menu_locations 200 5.181188ms
2025/03/24 20:40:06 [GET] ::1 /v1/admin/checkauth 200 4.550569ms
2025/03/24 20:40:06 [GET] ::1 /v1/admin/menus 200 6.538996ms
2025/03/24 20:40:06 [GET] ::1 /v1/admin/checkauth 200 3.523201ms
2025/03/24 20:40:07 [GET] ::1 /v1/admin/menu_locations 200 6.662553ms
2025/03/24 20:40:07 [GET] ::1 /v1/admin/checkauth 200 3.939355ms
2025/03/24 20:40:07 [GET] ::1 /v1/admin/menus 200 7.312623ms
2025/03/24 20:40:07 [GET] ::1 /v1/admin/checkauth 200 4.596468ms
2025/03/24 20:40:07 [GET] ::1 /v1/admin/menu_locations 200 4.583829ms
2025/03/24 20:40:07 [GET] ::1 /v1/admin/checkauth 200 4.754256ms
2025/03/24 20:40:07 [GET] ::1 /v1/admin/menus 200 4.900906ms
2025/03/24 20:40:07 [GET] ::1 /v1/admin/checkauth 200 5.349215ms
2025/03/24 20:40:08 [GET] ::1 /v1/admin/pages/typenstatus/ 200 16.277123ms
2025/03/24 20:40:08 [GET] ::1 /v1/admin/checkauth 200 3.823509ms
2025/03/24 20:40:08 [GET] ::1 /v1/admin/pages/typenstatus/ 200 5.525297ms
2025/03/24 20:40:08 [GET] ::1 /v1/admin/checkauth 200 5.393829ms
2025/03/24 20:40:08 [GET] ::1 /v1/admin/categories/type/1 200 9.542127ms
2025/03/24 20:40:08 [GET] ::1 /v1/admin/checkauth 200 5.248723ms
2025/03/24 20:40:08 [GET] ::1 /v1/admin/pages/typenstatus/ 200 4.329233ms
2025/03/24 20:40:08 [GET] ::1 /v1/admin/checkauth 200 7.821153ms
2025/03/24 20:40:09 [GET] ::1 /v1/admin/pages/typenstatus/ 200 5.333146ms
2025/03/24 20:40:09 [GET] ::1 /v1/admin/checkauth 200 6.057069ms
2025/03/24 20:40:09 [GET] ::1 /v1/admin/pages/typenstatus/ 200 16.51176ms
2025/03/24 20:40:09 [GET] ::1 /v1/admin/checkauth 200 2.371932ms
2025/03/24 20:40:09 [GET] ::1 /v1/admin/pages/typenstatus/ 200 3.943036ms
2025/03/24 20:40:09 [GET] ::1 /v1/admin/checkauth 200 3.891014ms
2025/03/24 20:40:09 [GET] ::1 /v1/admin/categories/type/1 200 6.706439ms
2025/03/24 20:40:10 [GET] ::1 /v1/admin/checkauth 200 5.06174ms
2025/03/24 20:40:10 [GET] ::1 /v1/admin/pages/typenstatus/ 200 4.11565ms
2025/03/24 20:40:10 [GET] ::1 /v1/admin/checkauth 200 3.52121ms
2025/03/24 20:40:10 [GET] ::1 /v1/admin/pages/typenstatus/ 200 4.473818ms
2025/03/24 20:40:10 [GET] ::1 /v1/admin/checkauth 200 3.480944ms
2025/03/24 20:40:10 [GET] ::1 /v1/admin/pagecategories 200 15.186029ms
2025/03/24 20:40:10 [GET] ::1 /v1/admin/checkauth 200 4.078582ms
2025/03/24 20:40:10 [GET] ::1 /v1/admin/pagecategories 200 3.68852ms
2025/03/24 20:48:14 [GET] ::1 /v1/admin/checkauth 200 16.637858ms
2025/03/24 20:48:15 [GET] ::1 /v1/admin/checkauth 200 4.888857ms
2025/03/24 20:48:15 [GET] ::1 /v1/admin/checkauth 200 4.780415ms
2025/03/24 20:48:16 [GET] ::1 /v1/admin/checkauth 200 2.498365ms
2025/03/24 20:48:16 [GET] ::1 /v1/admin/checkauth 200 15.473881ms
2025/03/24 20:48:16 [GET] ::1 /v1/admin/checkauth 200 2.739593ms
2025/03/24 20:48:16 [GET] ::1 /v1/admin/checkauth 200 7.253764ms
2025/03/24 20:52:05 [GET] ::1 /v1/admin/checkauth 200 11.487893ms
2025/03/24 20:52:06 [GET] ::1 /v1/admin/checkauth 200 2.445173ms
2025/03/24 20:52:07 [GET] ::1 /v1/admin/checkauth 200 3.226906ms
2025/03/24 20:52:07 [GET] ::1 /v1/admin/checkauth 200 4.942222ms
2025/03/24 20:52:07 [GET] ::1 /v1/admin/checkauth 200 3.156623ms
2025/03/24 20:52:08 [GET] ::1 /v1/admin/checkauth 200 5.376484ms
2025/03/24 20:52:08 [GET] ::1 /v1/admin/checkauth 200 2.207269ms
2025/03/24 20:55:32 [GET] ::1 /v1/admin/checkauth 200 14.503156ms
2025/03/24 20:55:32 [GET] ::1 /v1/admin/checkauth 200 4.130337ms
2025/03/24 20:55:33 [GET] ::1 /v1/admin/checkauth 200 6.886978ms
2025/03/24 20:55:33 [GET] ::1 /v1/admin/checkauth 200 2.476331ms
2025/03/24 20:55:34 [GET] ::1 /v1/admin/checkauth 200 4.148091ms
2025/03/24 20:55:34 [GET] ::1 /v1/admin/checkauth 200 2.844241ms
2025/03/24 20:55:34 [GET] ::1 /v1/admin/checkauth 200 2.624031ms
2025/03/24 21:38:12 [GET] ::1 /v1/admin/checkauth 200 52.196941ms
2025/03/24 21:38:13 [GET] ::1 /v1/checkstatus 200 689.849µs
2025/03/24 21:38:15 [GET] ::1 /v1/admin/checkauth 200 9.356579ms
2025/03/24 21:38:15 [GET] ::1 /v1/admin/menu_locations 200 45.113451ms
2025/03/24 21:38:15 [GET] ::1 /v1/admin/checkauth 200 5.251913ms
2025/03/24 21:38:15 [GET] ::1 /v1/admin/menus 200 15.25284ms
2025/03/24 21:38:15 [GET] ::1 /v1/admin/checkauth 200 2.619094ms
2025/03/24 21:38:15 [GET] ::1 /v1/admin/checkauth 200 3.466182ms
2025/03/24 21:38:16 [GET] ::1 /v1/admin/checkauth 200 2.556949ms
2025/03/24 21:38:16 [GET] ::1 /v1/admin/pages/typenstatus/ 200 20.419806ms
2025/03/24 21:38:16 [GET] ::1 /v1/admin/checkauth 200 9.752589ms
2025/03/24 21:38:16 [GET] ::1 /v1/admin/pages/typenstatus/ 200 6.073338ms
2025/03/24 21:38:16 [GET] ::1 /v1/admin/checkauth 200 4.08945ms
2025/03/24 21:38:17 [GET] ::1 /v1/admin/categories/type/1 200 11.969244ms
2025/03/24 21:38:17 [GET] ::1 /v1/admin/checkauth 200 5.110535ms
2025/03/24 21:38:18 [GET] ::1 /v1/admin/pages/typenstatus/ 200 7.762956ms
2025/03/24 21:38:18 [GET] ::1 /v1/admin/checkauth 200 3.457115ms
2025/03/24 21:38:19 [GET] ::1 /v1/admin/pages/typenstatus/ 200 5.496762ms
2025/03/24 21:38:19 [GET] ::1 /v1/admin/checkauth 200 17.571537ms
2025/03/24 21:38:19 [GET] ::1 /v1/admin/pages/typenstatus/ 200 5.298766ms
2025/03/24 21:38:19 [GET] ::1 /v1/admin/checkauth 200 2.08374ms
2025/03/24 21:38:19 [GET] ::1 /v1/admin/pages/typenstatus/ 200 4.197479ms
2025/03/24 21:38:19 [GET] ::1 /v1/admin/checkauth 200 5.574989ms
2025/03/24 21:38:19 [GET] ::1 /v1/admin/categories/type/1 200 4.849661ms
2025/03/24 21:38:19 [GET] ::1 /v1/admin/checkauth 200 4.057897ms
2025/03/24 21:38:20 [GET] ::1 /v1/admin/pages/typenstatus/ 200 5.544653ms
2025/03/24 21:38:20 [GET] ::1 /v1/admin/checkauth 200 8.720824ms
2025/03/24 21:38:20 [GET] ::1 /v1/admin/pages/typenstatus/ 200 6.874536ms
2025/03/24 21:38:20 [GET] ::1 /v1/admin/checkauth 200 3.921437ms
2025/03/24 21:38:20 [GET] ::1 /v1/admin/checkauth 200 2.734324ms
2025/03/24 21:38:20 [GET] ::1 /v1/admin/menu_locations 200 4.324262ms
2025/03/24 21:38:20 [GET] ::1 /v1/admin/checkauth 200 3.551713ms
2025/03/24 21:38:20 [GET] ::1 /v1/admin/menus 200 6.41216ms
2025/03/24 21:38:21 [GET] ::1 /v1/admin/checkauth 200 5.816637ms
2025/03/24 21:38:21 [GET] ::1 /v1/admin/checkauth 200 5.989254ms
2025/03/24 21:38:21 [GET] ::1 /v1/admin/menu_locations 200 4.709585ms
2025/03/24 21:38:21 [GET] ::1 /v1/admin/checkauth 200 3.021633ms
2025/03/24 21:38:21 [GET] ::1 /v1/admin/menus 200 9.584337ms
2025/03/24 21:38:21 [GET] ::1 /v1/admin/checkauth 200 2.876296ms
2025/03/24 21:38:21 [GET] ::1 /v1/admin/pagecategories 200 6.489216ms
2025/03/24 21:38:21 [GET] ::1 /v1/admin/checkauth 200 3.085584ms
2025/03/24 21:38:22 [GET] ::1 /v1/admin/pagecategories 200 7.132915ms
2025/03/24 21:38:22 [GET] ::1 /v1/admin/checkauth 200 3.662ms
2025/03/24 21:38:22 [GET] ::1 /v1/admin/pages/typenstatus/ 200 5.670428ms
2025/03/24 21:38:22 [GET] ::1 /v1/admin/checkauth 200 3.729382ms
2025/03/24 21:38:22 [GET] ::1 /v1/admin/pages/typenstatus/ 200 8.971141ms
2025/03/24 21:38:22 [GET] ::1 /v1/admin/checkauth 200 2.767744ms
2025/03/24 21:38:22 [GET] ::1 /v1/admin/categories/type/1 200 3.295206ms
2025/03/24 21:38:22 [GET] ::1 /v1/admin/checkauth 200 1.90514ms
2025/03/24 21:38:22 [GET] ::1 /v1/admin/pages/typenstatus/ 200 4.541881ms
2025/03/24 21:38:22 [GET] ::1 /v1/admin/checkauth 200 1.62437ms
2025/03/24 21:38:23 [GET] ::1 /v1/admin/pages/typenstatus/ 200 2.888952ms
2025/03/24 21:38:23 [GET] ::1 /v1/admin/checkauth 200 3.882668ms
2025/03/24 21:38:23 [GET] ::1 /v1/admin/pages/typenstatus/ 200 19.026304ms
2025/03/24 21:38:23 [GET] ::1 /v1/admin/checkauth 200 2.018614ms
2025/03/24 21:38:23 [GET] ::1 /v1/admin/pages/typenstatus/ 200 4.51132ms
2025/03/24 21:38:23 [GET] ::1 /v1/admin/checkauth 200 3.134656ms
2025/03/24 21:38:23 [GET] ::1 /v1/admin/categories/type/1 200 4.554942ms
2025/03/24 21:38:23 [GET] ::1 /v1/admin/checkauth 200 5.584876ms
2025/03/24 21:38:23 [GET] ::1 /v1/admin/pages/typenstatus/ 200 5.282606ms
2025/03/24 21:38:23 [GET] ::1 /v1/admin/checkauth 200 4.547327ms
2025/03/24 21:38:24 [GET] ::1 /v1/admin/pages/typenstatus/ 200 3.81458ms
2025/03/24 21:38:24 [GET] ::1 /v1/admin/checkauth 200 1.815384ms
2025/03/24 21:38:24 [GET] ::1 /v1/admin/pagecategories 200 7.281844ms
2025/03/24 21:38:24 [GET] ::1 /v1/admin/checkauth 200 3.470715ms
2025/03/24 21:38:24 [GET] ::1 /v1/admin/pagecategories 200 5.578448ms
