2025/04/01 12:30:39 [GET] ::1 /v1/checkstatus 200 63.606µs
2025/04/01 12:30:40 [GET] ::1 /v1/config 200 21.291808ms
2025/04/01 12:30:50 [GET] ::1 /v1/checkstatus 200 52.137µs
2025/04/01 12:30:51 [GET] ::1 /v1/config 200 3.746925ms
2025/04/01 12:31:24 [GET] ::1 /v1/checkstatus 200 48.93µs
2025/04/01 12:31:25 [GET] ::1 /v1/config 200 8.122822ms
2025/04/01 12:33:09 [GET] ::1 /v1/checkstatus 200 34.35µs
2025/04/01 12:33:11 [GET] ::1 /v1/config 200 4.430887ms
2025/04/01 12:33:23 [GET] ::1 /v1/checkstatus 200 66.408µs
2025/04/01 12:33:25 [GET] ::1 /v1/config 200 2.010171ms
2025/04/01 12:33:27 [GET] ::1 /v1/checkstatus 200 18.806µs
2025/04/01 12:33:28 [GET] ::1 /v1/config 200 1.723294ms
2025/04/01 12:36:30 [GET] ::1 /v1/checkstatus 200 103.463µs
2025/04/01 12:36:30 [GET] ::1 /v1/checkstatus 200 33.496µs
2025/04/01 12:36:30 [GET] ::1 /v1/checkstatus 200 38.773µs
2025/04/01 12:36:30 [GET] ::1 /v1/checkstatus 200 70.526µs
2025/04/01 12:36:36 [GET] ::1 /v1/checkstatus 200 32.741µs
2025/04/01 12:36:42 [GET] ::1 /v1/checkstatus 200 87.759µs
2025/04/01 12:36:56 [GET] ::1 /v1/checkstatus 200 44.486µs
2025/04/01 12:36:56 [GET] ::1 /v1/checkstatus 200 28.367µs
2025/04/01 12:36:56 [GET] ::1 /v1/checkstatus 200 25.235µs
2025/04/01 12:36:56 [GET] ::1 /v1/checkstatus 200 47.354µs
2025/04/01 12:36:56 [GET] ::1 /v1/checkstatus 200 30.635µs
2025/04/01 12:36:56 [GET] ::1 /v1/checkstatus 200 29.798µs
2025/04/01 12:36:56 [GET] ::1 /v1/checkstatus 200 43.21µs
2025/04/01 12:36:58 [GET] ::1 /v1/config 200 4.752173ms
2025/04/01 12:36:58 [GET] ::1 /v1/config 200 7.917257ms
2025/04/01 12:36:59 [GET] ::1 /v1/checkstatus 200 18.717µs
2025/04/01 12:37:00 [GET] ::1 /v1/config 200 2.664393ms
2025/04/01 12:37:05 [GET] ::1 /v1/checkstatus 200 39.343µs
2025/04/01 12:37:06 [GET] ::1 /v1/config 200 2.463422ms
2025/04/01 12:37:09 [GET] ::1 /v1/checkstatus 200 17.294µs
2025/04/01 12:37:10 [GET] ::1 /v1/config 200 3.353525ms
2025/04/01 12:37:20 [GET] ::1 /v1/checkstatus 200 44.531µs
2025/04/01 12:37:21 [GET] ::1 /v1/config 200 2.614992ms
2025/04/01 12:37:26 [GET] ::1 /v1/checkstatus 200 36.339µs
2025/04/01 12:37:27 [GET] ::1 /v1/config 200 1.96842ms
2025/04/01 12:37:48 [GET] ::1 /v1/checkstatus 200 36.029µs
2025/04/01 12:37:48 [GET] ::1 /v1/checkstatus 200 35.218µs
2025/04/01 12:37:48 [GET] ::1 /v1/checkstatus 200 38.116µs
2025/04/01 12:37:48 [GET] ::1 /v1/checkstatus 200 14.037µs
2025/04/01 12:37:48 [GET] ::1 /v1/checkstatus 200 15.392µs
2025/04/01 12:37:48 [GET] ::1 /v1/checkstatus 200 14.916µs
2025/04/01 12:37:52 [GET] ::1 /v1/checkstatus 200 57.015µs
2025/04/01 12:37:57 [GET] ::1 /v1/checkstatus 200 35.249µs
2025/04/01 12:38:00 [GET] ::1 /v1/checkstatus 200 17.175µs
2025/04/01 12:38:05 [GET] ::1 /v1/checkstatus 200 75.699µs
2025/04/01 12:38:20 [GET] ::1 /v1/checkstatus 200 36.427µs
2025/04/01 12:38:20 [GET] ::1 /v1/checkstatus 200 36.865µs
2025/04/01 12:38:20 [GET] ::1 /v1/checkstatus 200 76.485µs
2025/04/01 12:38:20 [GET] ::1 /v1/checkstatus 200 35.906µs
2025/04/01 12:38:20 [GET] ::1 /v1/checkstatus 200 28.451µs
2025/04/01 12:38:22 [GET] ::1 /v1/config 200 4.321766ms
2025/04/01 12:38:22 [GET] ::1 /v1/config 200 2.376509ms
2025/04/01 12:38:23 [GET] ::1 /v1/checkstatus 200 17.827µs
2025/04/01 12:38:24 [GET] ::1 /v1/config 200 3.247881ms
2025/04/01 12:38:31 [GET] ::1 /v1/checkstatus 200 35.086µs
2025/04/01 12:38:32 [GET] ::1 /v1/config 200 3.001371ms
2025/04/01 12:40:07 [GET] ::1 /v1/checkstatus 200 35.935µs
2025/04/01 12:40:08 [GET] ::1 /v1/config 200 6.059634ms
2025/04/01 12:40:43 [GET] ::1 /v1/checkstatus 200 35.015µs
2025/04/01 12:40:44 [GET] ::1 /v1/config 200 4.636956ms
2025/04/01 12:41:56 [GET] ::1 /v1/checkstatus 200 68.352µs
2025/04/01 12:41:57 [GET] ::1 /v1/config 200 4.45274ms
2025/04/01 12:42:00 [GET] ::1 /v1/checkstatus 200 19.625µs
2025/04/01 12:42:01 [GET] ::1 /v1/config 200 1.954834ms
2025/04/01 12:42:11 [GET] ::1 /v1/checkstatus 200 33.205µs
2025/04/01 12:42:12 [GET] ::1 /v1/config 200 2.011049ms
2025/04/01 12:42:35 [GET] ::1 /v1/checkstatus 200 44.415µs
2025/04/01 12:42:36 [GET] ::1 /v1/config 200 2.399318ms
2025/04/01 13:01:51 [GET] ::1 /v1/admin/checkauth 200 35.243698ms
2025/04/01 13:01:54 [GET] ::1 /v1/checkstatus 200 26.119µs
2025/04/01 13:01:55 [GET] ::1 /v1/admin/checkauth 200 4.266785ms
2025/04/01 13:01:55 [GET] ::1 /v1/admin/checkauth 200 2.487603ms
2025/04/01 13:01:55 [GET] ::1 /v1/admin/checkauth 200 1.98986ms
2025/04/01 13:01:56 [GET] ::1 /v1/config 200 2.039195ms
2025/04/01 13:01:56 [GET] ::1 /v1/admin/checkauth 200 4.921883ms
2025/04/01 13:01:56 [GET] ::1 /v1/admin/checkauth 200 3.20549ms
2025/04/01 13:01:59 [GET] ::1 /v1/admin/checkauth 200 3.099225ms
2025/04/01 13:02:18 [GET] ::1 /v1/admin/checkauth 200 2.792802ms
2025/04/01 13:02:22 [GET] ::1 /v1/admin/checkauth 200 4.95743ms
2025/04/01 13:02:26 [GET] ::1 /v1/admin/checkauth 200 6.039442ms
2025/04/01 13:02:26 [GET] ::1 /v1/component 200 13.128597ms
2025/04/01 13:02:26 [GET] ::1 /v1/admin/checkauth 200 2.52189ms
2025/04/01 13:02:26 [GET] ::1 /v1/component 200 3.036394ms
2025/04/01 13:02:33 [GET] ::1 /v1/admin/checkauth 200 2.827781ms
2025/04/01 13:02:33 [GET] ::1 /v1/component 200 2.174339ms
2025/04/01 13:02:33 [GET] ::1 /v1/admin/checkauth 200 2.935413ms
2025/04/01 13:02:33 [GET] ::1 /v1/component 200 1.965175ms
2025/04/01 13:08:48 [GET] ::1 /v1/admin/checkauth 200 6.75035ms
2025/04/01 13:08:48 [GET] ::1 /v1/admin/checkauth 200 4.127613ms
2025/04/01 13:08:49 [GET] ::1 /v1/checkstatus 200 20.68µs
2025/04/01 13:08:50 [GET] ::1 /v1/admin/checkauth 200 4.355514ms
2025/04/01 13:08:50 [GET] ::1 /v1/component 200 2.480732ms
2025/04/01 13:08:51 [GET] ::1 /v1/admin/checkauth 200 4.388653ms
2025/04/01 13:08:51 [GET] ::1 /v1/admin/checkauth 200 2.823684ms
2025/04/01 13:08:51 [GET] ::1 /v1/admin/checkauth 200 2.923652ms
2025/04/01 13:08:51 [GET] ::1 /v1/config 200 2.00328ms
2025/04/01 13:08:51 [GET] ::1 /v1/admin/checkauth 200 3.507781ms
2025/04/01 13:08:51 [GET] ::1 /v1/admin/checkauth 200 2.543871ms
2025/04/01 13:08:52 [GET] ::1 /v1/component 200 3.001283ms
2025/04/01 13:08:52 [GET] ::1 /v1/admin/checkauth 200 3.347185ms
2025/04/01 13:08:52 [GET] ::1 /v1/admin/checkauth 200 5.047851ms
2025/04/01 13:08:52 [GET] ::1 /v1/component 200 2.692326ms
2025/04/01 13:09:15 [GET] ::1 /v1/admin/checkauth 200 2.371845ms
2025/04/01 13:09:15 [GET] ::1 /v1/admin/checkauth 200 2.514156ms
2025/04/01 13:09:15 [GET] ::1 /v1/checkstatus 200 32.925µs
2025/04/01 13:09:17 [GET] ::1 /v1/admin/checkauth 200 5.133955ms
2025/04/01 13:09:17 [GET] ::1 /v1/component 200 2.456209ms
2025/04/01 13:09:17 [GET] ::1 /v1/admin/checkauth 200 2.669072ms
2025/04/01 13:09:17 [GET] ::1 /v1/admin/checkauth 200 2.213973ms
2025/04/01 13:09:17 [GET] ::1 /v1/admin/checkauth 200 2.141855ms
2025/04/01 13:09:17 [GET] ::1 /v1/config 200 1.486587ms
2025/04/01 13:09:17 [GET] ::1 /v1/admin/checkauth 200 2.257879ms
2025/04/01 13:09:18 [GET] ::1 /v1/admin/checkauth 200 2.999713ms
2025/04/01 13:09:18 [GET] ::1 /v1/component 200 1.881481ms
2025/04/01 13:09:18 [GET] ::1 /v1/admin/checkauth 200 2.807169ms
2025/04/01 13:09:18 [GET] ::1 /v1/admin/checkauth 200 3.809941ms
2025/04/01 13:09:18 [GET] ::1 /v1/component 200 1.892071ms
2025/04/01 13:09:26 [GET] ::1 /v1/admin/checkauth 200 2.692991ms
2025/04/01 13:09:26 [GET] ::1 /v1/component 200 3.858672ms
2025/04/01 13:09:27 [GET] ::1 /v1/admin/checkauth 200 4.708286ms
2025/04/01 13:09:27 [GET] ::1 /v1/component 200 1.942868ms
2025/04/01 13:36:58 [GET] ::1 /v1/admin/checkauth 200 5.619545ms
2025/04/01 13:36:59 [GET] ::1 /v1/checkstatus 200 33.473µs
2025/04/01 13:37:00 [GET] ::1 /v1/admin/checkauth 200 2.772541ms
2025/04/01 13:37:00 [GET] ::1 /v1/component 200 2.075339ms
2025/04/01 13:37:01 [GET] ::1 /v1/admin/checkauth 200 6.944755ms
2025/04/01 13:37:01 [GET] ::1 /v1/admin/checkauth 200 1.765864ms
2025/04/01 13:37:01 [GET] ::1 /v1/admin/checkauth 200 2.133032ms
2025/04/01 13:37:01 [GET] ::1 /v1/config 200 3.993506ms
2025/04/01 13:37:01 [GET] ::1 /v1/admin/checkauth 200 5.21433ms
2025/04/01 13:37:01 [GET] ::1 /v1/admin/checkauth 200 2.766117ms
2025/04/01 13:37:02 [GET] ::1 /v1/component 200 4.191043ms
2025/04/01 13:37:02 [GET] ::1 /v1/admin/checkauth 200 7.271157ms
2025/04/01 13:37:02 [GET] ::1 /v1/admin/checkauth 200 2.802813ms
2025/04/01 13:37:02 [GET] ::1 /v1/component 200 2.137831ms
2025/04/01 13:40:10 [GET] ::1 /v1/admin/checkauth 200 12.017746ms
2025/04/01 13:40:10 [GET] ::1 /v1/admin/checkauth 200 3.834741ms
2025/04/01 13:40:10 [GET] ::1 /v1/checkstatus 200 14.614µs
2025/04/01 13:40:12 [GET] ::1 /v1/admin/checkauth 200 4.723652ms
2025/04/01 13:40:12 [GET] ::1 /v1/component 200 2.354656ms
2025/04/01 13:40:12 [GET] ::1 /v1/admin/checkauth 200 2.363385ms
2025/04/01 13:40:12 [GET] ::1 /v1/admin/checkauth 200 2.938116ms
2025/04/01 13:40:12 [GET] ::1 /v1/admin/checkauth 200 2.712369ms
2025/04/01 13:40:12 [GET] ::1 /v1/config 200 2.469281ms
2025/04/01 13:40:13 [GET] ::1 /v1/admin/checkauth 200 3.103447ms
2025/04/01 13:40:13 [GET] ::1 /v1/admin/checkauth 200 4.088567ms
2025/04/01 13:40:13 [GET] ::1 /v1/component 200 1.85806ms
2025/04/01 13:40:13 [GET] ::1 /v1/admin/checkauth 200 3.611731ms
2025/04/01 13:40:13 [GET] ::1 /v1/admin/checkauth 200 2.772602ms
2025/04/01 13:40:13 [GET] ::1 /v1/component 200 1.614915ms
2025/04/01 13:40:53 [GET] ::1 /v1/admin/checkauth 200 3.269086ms
2025/04/01 13:40:53 [GET] ::1 /v1/admin/checkauth 200 3.799407ms
2025/04/01 13:40:53 [GET] ::1 /v1/checkstatus 200 35.589µs
2025/04/01 13:40:55 [GET] ::1 /v1/admin/checkauth 200 8.852019ms
2025/04/01 13:40:56 [GET] ::1 /v1/component 200 6.899716ms
2025/04/01 13:40:56 [GET] ::1 /v1/admin/checkauth 200 8.70489ms
2025/04/01 13:40:56 [GET] ::1 /v1/admin/checkauth 200 2.163251ms
2025/04/01 13:40:56 [GET] ::1 /v1/admin/checkauth 200 2.555811ms
2025/04/01 13:40:56 [GET] ::1 /v1/config 200 1.856679ms
2025/04/01 13:40:56 [GET] ::1 /v1/admin/checkauth 200 1.790716ms
2025/04/01 13:40:57 [GET] ::1 /v1/admin/checkauth 200 2.572312ms
2025/04/01 13:40:57 [GET] ::1 /v1/component 200 1.734363ms
2025/04/01 13:40:57 [GET] ::1 /v1/admin/checkauth 200 2.238954ms
2025/04/01 13:40:57 [GET] ::1 /v1/admin/checkauth 200 3.069078ms
2025/04/01 13:40:57 [GET] ::1 /v1/component 200 2.660381ms
2025/04/01 13:40:57 [GET] ::1 /v1/admin/checkauth 200 2.479527ms
2025/04/01 13:40:57 [GET] ::1 /v1/component 200 1.659789ms
2025/04/01 13:41:32 [GET] ::1 /v1/admin/checkauth 200 3.237091ms
2025/04/01 13:41:32 [PUT] ::1 /v1/admin/configs/20 200 20.714207ms
2025/04/01 13:41:35 [GET] ::1 /v1/admin/checkauth 200 2.024757ms
2025/04/01 13:41:36 [GET] ::1 /v1/checkstatus 200 30.848µs
2025/04/01 13:41:37 [GET] ::1 /v1/admin/checkauth 200 3.063092ms
2025/04/01 13:41:37 [GET] ::1 /v1/component 200 3.409807ms
2025/04/01 13:41:37 [GET] ::1 /v1/admin/checkauth 200 4.228536ms
2025/04/01 13:41:37 [GET] ::1 /v1/admin/checkauth 200 8.395008ms
2025/04/01 13:41:37 [GET] ::1 /v1/admin/checkauth 200 2.658933ms
2025/04/01 13:41:37 [GET] ::1 /v1/config 200 1.391369ms
2025/04/01 13:41:37 [GET] ::1 /v1/admin/checkauth 200 2.704222ms
2025/04/01 13:41:38 [GET] ::1 /v1/admin/checkauth 200 1.835525ms
2025/04/01 13:41:38 [GET] ::1 /v1/component 200 2.026656ms
2025/04/01 13:41:38 [GET] ::1 /v1/admin/checkauth 200 2.701669ms
2025/04/01 13:41:38 [GET] ::1 /v1/admin/checkauth 200 3.580562ms
2025/04/01 13:41:38 [GET] ::1 /v1/component 200 1.962174ms
2025/04/01 13:41:38 [GET] ::1 /v1/admin/checkauth 200 2.419221ms
2025/04/01 13:41:38 [GET] ::1 /v1/component 200 1.283659ms
2025/04/01 13:42:11 [GET] ::1 /v1/admin/checkauth 200 1.891254ms
2025/04/01 13:42:11 [GET] ::1 /v1/component 200 1.516611ms
2025/04/01 13:42:11 [GET] ::1 /v1/admin/checkauth 200 2.962802ms
2025/04/01 13:42:11 [GET] ::1 /v1/component 200 1.624634ms
2025/04/01 14:14:18 [GET] ::1 /v1/admin/checkauth 200 4.387744ms
2025/04/01 14:14:18 [GET] ::1 /v1/component 200 1.89247ms
2025/04/01 14:14:33 [GET] ::1 /v1/admin/checkauth 200 4.289747ms
2025/04/01 14:14:33 [GET] ::1 /v1/checkstatus 200 21.059µs
2025/04/01 14:14:35 [GET] ::1 /v1/admin/checkauth 200 1.952012ms
2025/04/01 14:14:35 [GET] ::1 /v1/component 200 5.006192ms
2025/04/01 14:14:35 [GET] ::1 /v1/admin/checkauth 200 2.559359ms
2025/04/01 14:14:35 [GET] ::1 /v1/admin/checkauth 200 2.839524ms
2025/04/01 14:14:35 [GET] ::1 /v1/admin/checkauth 200 2.086749ms
2025/04/01 14:14:35 [GET] ::1 /v1/config 200 3.075098ms
2025/04/01 14:14:35 [GET] ::1 /v1/admin/checkauth 200 3.648575ms
2025/04/01 14:14:36 [GET] ::1 /v1/admin/checkauth 200 1.827925ms
2025/04/01 14:14:36 [GET] ::1 /v1/component 200 1.731277ms
2025/04/01 14:14:36 [GET] ::1 /v1/admin/checkauth 200 1.834943ms
2025/04/01 14:14:36 [GET] ::1 /v1/admin/checkauth 200 3.771398ms
2025/04/01 14:14:36 [GET] ::1 /v1/component 200 2.293705ms
2025/04/01 14:14:36 [GET] ::1 /v1/admin/checkauth 200 4.247513ms
2025/04/01 14:14:36 [GET] ::1 /v1/component 200 1.707788ms
2025/04/01 14:33:56 [GET] ::1 /v1/admin/checkauth 200 2.965544ms
2025/04/01 14:33:56 [GET] ::1 /v1/checkstatus 200 19.257µs
2025/04/01 14:33:58 [GET] ::1 /v1/admin/checkauth 200 2.45249ms
2025/04/01 14:33:58 [GET] ::1 /v1/component 200 2.356732ms
2025/04/01 14:33:58 [GET] ::1 /v1/admin/checkauth 200 2.5533ms
2025/04/01 14:33:58 [GET] ::1 /v1/admin/checkauth 200 3.020058ms
2025/04/01 14:33:58 [GET] ::1 /v1/admin/checkauth 200 2.821603ms
2025/04/01 14:33:58 [GET] ::1 /v1/config 200 1.899549ms
2025/04/01 14:33:58 [GET] ::1 /v1/admin/checkauth 200 4.324403ms
2025/04/01 14:33:58 [GET] ::1 /v1/admin/checkauth 200 2.211243ms
2025/04/01 14:33:59 [GET] ::1 /v1/component 200 1.847371ms
2025/04/01 14:33:59 [GET] ::1 /v1/admin/checkauth 200 7.582272ms
2025/04/01 14:33:59 [GET] ::1 /v1/admin/checkauth 200 2.549561ms
2025/04/01 14:33:59 [GET] ::1 /v1/component 200 2.235918ms
2025/04/01 14:33:59 [GET] ::1 /v1/admin/checkauth 200 2.809411ms
2025/04/01 14:33:59 [GET] ::1 /v1/component 200 1.747813ms
2025/04/01 14:49:52 [GET] ::1 /v1/admin/checkauth 200 3.394049ms
2025/04/01 14:49:53 [GET] ::1 /v1/checkstatus 200 18.865µs
2025/04/01 14:49:54 [GET] ::1 /v1/admin/checkauth 200 1.889328ms
2025/04/01 14:49:55 [GET] ::1 /v1/component 200 1.957416ms
2025/04/01 14:49:55 [GET] ::1 /v1/admin/checkauth 200 4.131674ms
2025/04/01 14:49:55 [GET] ::1 /v1/admin/checkauth 200 1.899335ms
2025/04/01 14:49:55 [GET] ::1 /v1/admin/checkauth 200 1.932538ms
2025/04/01 14:49:55 [GET] ::1 /v1/config 200 1.645458ms
2025/04/01 14:49:55 [GET] ::1 /v1/admin/checkauth 200 3.860018ms
2025/04/01 14:49:55 [GET] ::1 /v1/admin/checkauth 200 3.642149ms
2025/04/01 14:49:56 [GET] ::1 /v1/component 200 1.802871ms
2025/04/01 14:49:56 [GET] ::1 /v1/admin/checkauth 200 3.239914ms
2025/04/01 14:49:56 [GET] ::1 /v1/admin/checkauth 200 2.133454ms
2025/04/01 14:49:56 [GET] ::1 /v1/component 200 1.711384ms
2025/04/01 14:49:56 [GET] ::1 /v1/admin/checkauth 200 1.897053ms
2025/04/01 14:49:56 [GET] ::1 /v1/component 200 2.188869ms
2025/04/01 14:53:05 [GET] ::1 /v1/admin/checkauth 200 4.029958ms
2025/04/01 14:53:05 [GET] ::1 /v1/checkstatus 200 17.17µs
2025/04/01 14:53:07 [GET] ::1 /v1/admin/checkauth 200 2.359102ms
2025/04/01 14:53:07 [GET] ::1 /v1/component 200 3.189414ms
2025/04/01 14:53:07 [GET] ::1 /v1/admin/checkauth 200 2.544753ms
2025/04/01 14:53:07 [GET] ::1 /v1/admin/checkauth 200 2.073584ms
2025/04/01 14:53:07 [GET] ::1 /v1/admin/checkauth 200 1.824843ms
2025/04/01 14:53:07 [GET] ::1 /v1/config 200 1.616342ms
2025/04/01 14:53:07 [GET] ::1 /v1/admin/checkauth 200 3.625922ms
2025/04/01 14:53:08 [GET] ::1 /v1/admin/checkauth 200 2.270282ms
2025/04/01 14:53:08 [GET] ::1 /v1/component 200 2.5987ms
2025/04/01 14:53:08 [GET] ::1 /v1/admin/checkauth 200 2.496517ms
2025/04/01 14:53:08 [GET] ::1 /v1/admin/checkauth 200 2.383213ms
2025/04/01 14:53:08 [GET] ::1 /v1/component 200 4.151261ms
2025/04/01 14:53:08 [GET] ::1 /v1/admin/checkauth 200 2.791125ms
2025/04/01 14:53:08 [GET] ::1 /v1/component 200 1.773148ms
2025/04/01 15:44:14 [GET] ::1 /v1/admin/checkauth 200 9.772205ms
2025/04/01 15:44:14 [GET] ::1 /v1/admin/checkauth 200 4.080728ms
2025/04/01 15:44:14 [GET] ::1 /v1/checkstatus 200 19.946µs
2025/04/01 15:44:50 [GET] ::1 /v1/admin/checkauth 200 2.560197ms
2025/04/01 15:44:50 [GET] ::1 /v1/admin/checkauth 200 2.133146ms
2025/04/01 15:44:50 [GET] ::1 /v1/checkstatus 200 17.986µs
2025/04/01 15:44:52 [GET] ::1 /v1/admin/checkauth 200 8.810021ms
2025/04/01 15:44:52 [GET] ::1 /v1/component 200 2.328434ms
2025/04/01 15:44:52 [GET] ::1 /v1/admin/checkauth 200 3.155822ms
2025/04/01 15:44:53 [GET] ::1 /v1/admin/checkauth 200 2.589527ms
2025/04/01 15:44:53 [GET] ::1 /v1/admin/checkauth 200 3.457368ms
2025/04/01 15:44:53 [GET] ::1 /v1/config 200 1.78182ms
2025/04/01 15:44:53 [GET] ::1 /v1/admin/checkauth 200 3.690364ms
2025/04/01 15:44:53 [GET] ::1 /v1/admin/checkauth 200 1.584013ms
2025/04/01 15:44:53 [GET] ::1 /v1/component 200 1.396529ms
2025/04/01 15:44:53 [GET] ::1 /v1/admin/checkauth 200 1.740461ms
2025/04/01 15:44:53 [GET] ::1 /v1/admin/checkauth 200 1.43188ms
2025/04/01 15:44:54 [GET] ::1 /v1/component 200 1.243424ms
2025/04/01 15:44:54 [GET] ::1 /v1/admin/checkauth 200 1.646228ms
2025/04/01 15:44:54 [GET] ::1 /v1/component 200 1.214518ms
2025/04/01 15:51:40 [POST] ::1 /v1/admin/token/refresh 200 32.455651ms
2025/04/01 15:51:41 [GET] ::1 /v1/checkstatus 200 15.896µs
2025/04/01 15:51:42 [GET] ::1 /v1/admin/checkauth 200 4.224302ms
2025/04/01 15:51:42 [GET] ::1 /v1/component 200 2.175491ms
2025/04/01 15:51:42 [GET] ::1 /v1/admin/checkauth 200 2.749565ms
2025/04/01 15:51:42 [GET] ::1 /v1/admin/checkauth 200 2.026609ms
2025/04/01 15:51:43 [GET] ::1 /v1/admin/checkauth 200 1.66071ms
2025/04/01 15:51:43 [GET] ::1 /v1/config 200 1.732974ms
2025/04/01 15:51:43 [GET] ::1 /v1/admin/checkauth 200 3.425961ms
2025/04/01 15:51:43 [GET] ::1 /v1/admin/checkauth 200 2.975369ms
2025/04/01 15:51:43 [GET] ::1 /v1/component 200 1.689959ms
2025/04/01 15:51:43 [GET] ::1 /v1/admin/checkauth 200 1.967743ms
2025/04/01 15:51:43 [GET] ::1 /v1/admin/checkauth 200 2.406445ms
2025/04/01 15:51:43 [GET] ::1 /v1/component 200 1.471705ms
2025/04/01 15:51:43 [GET] ::1 /v1/admin/checkauth 200 1.742574ms
2025/04/01 15:51:43 [GET] ::1 /v1/component 200 2.335578ms
2025/04/01 15:56:39 [GET] ::1 /v1/admin/checkauth 200 6.248442ms
2025/04/01 15:56:39 [GET] ::1 /v1/component 200 8.023644ms
2025/04/01 15:56:43 [GET] ::1 /v1/admin/checkauth 200 3.992193ms
2025/04/01 15:56:43 [GET] ::1 /v1/checkstatus 200 15.411µs
2025/04/01 15:56:44 [GET] ::1 /v1/admin/checkauth 200 2.713533ms
2025/04/01 15:56:44 [GET] ::1 /v1/component 200 1.542197ms
2025/04/01 15:56:44 [GET] ::1 /v1/admin/checkauth 200 2.283728ms
2025/04/01 15:56:45 [GET] ::1 /v1/admin/checkauth 200 2.238456ms
2025/04/01 15:56:45 [GET] ::1 /v1/admin/checkauth 200 3.863233ms
2025/04/01 15:56:45 [GET] ::1 /v1/config 200 1.741016ms
2025/04/01 15:56:45 [GET] ::1 /v1/admin/checkauth 200 2.975972ms
2025/04/01 15:56:45 [GET] ::1 /v1/admin/checkauth 200 2.592232ms
2025/04/01 15:56:45 [GET] ::1 /v1/component 200 1.928955ms
2025/04/01 15:56:45 [GET] ::1 /v1/admin/checkauth 200 2.261478ms
2025/04/01 15:56:46 [GET] ::1 /v1/admin/checkauth 200 2.294712ms
2025/04/01 15:56:46 [GET] ::1 /v1/component 200 1.639634ms
2025/04/01 15:56:46 [GET] ::1 /v1/admin/checkauth 200 2.104438ms
2025/04/01 15:56:46 [GET] ::1 /v1/component 200 2.252842ms
2025/04/01 15:57:01 [GET] ::1 /v1/admin/checkauth 200 1.932026ms
2025/04/01 15:57:01 [GET] ::1 /v1/checkstatus 200 16.746µs
2025/04/01 15:57:02 [GET] ::1 /v1/admin/checkauth 200 2.559241ms
2025/04/01 15:57:02 [GET] ::1 /v1/component 200 1.720392ms
2025/04/01 15:57:02 [GET] ::1 /v1/admin/checkauth 200 2.173292ms
2025/04/01 15:57:02 [GET] ::1 /v1/admin/checkauth 200 2.070615ms
2025/04/01 15:57:02 [GET] ::1 /v1/admin/checkauth 200 2.100255ms
2025/04/01 15:57:02 [GET] ::1 /v1/config 200 1.645602ms
2025/04/01 15:57:02 [GET] ::1 /v1/admin/checkauth 200 2.954604ms
2025/04/01 15:57:03 [GET] ::1 /v1/admin/checkauth 200 2.352727ms
2025/04/01 15:57:03 [GET] ::1 /v1/component 200 1.958566ms
2025/04/01 15:57:03 [GET] ::1 /v1/admin/checkauth 200 3.510217ms
2025/04/01 15:57:03 [GET] ::1 /v1/admin/checkauth 200 3.547915ms
2025/04/01 15:57:03 [GET] ::1 /v1/component 200 1.889892ms
2025/04/01 15:57:03 [GET] ::1 /v1/admin/checkauth 200 2.357995ms
2025/04/01 15:57:03 [GET] ::1 /v1/component 200 1.577956ms
2025/04/01 15:57:54 [GET] ::1 /v1/admin/checkauth 200 4.672997ms
2025/04/01 15:57:54 [GET] ::1 /v1/checkstatus 200 13.781µs
2025/04/01 15:57:56 [GET] ::1 /v1/admin/checkauth 200 1.822409ms
2025/04/01 15:57:56 [GET] ::1 /v1/component 200 2.003379ms
2025/04/01 15:57:56 [GET] ::1 /v1/admin/checkauth 200 2.039548ms
2025/04/01 15:57:56 [GET] ::1 /v1/admin/checkauth 200 2.13831ms
2025/04/01 15:57:56 [GET] ::1 /v1/admin/checkauth 200 2.103599ms
2025/04/01 15:57:57 [GET] ::1 /v1/config 200 2.680239ms
2025/04/01 15:57:57 [GET] ::1 /v1/admin/checkauth 200 4.073645ms
2025/04/01 15:57:57 [GET] ::1 /v1/admin/checkauth 200 2.425369ms
2025/04/01 15:57:57 [GET] ::1 /v1/component 200 1.638052ms
2025/04/01 15:57:57 [GET] ::1 /v1/admin/checkauth 200 2.242429ms
2025/04/01 15:57:57 [GET] ::1 /v1/admin/checkauth 200 2.200249ms
2025/04/01 15:57:57 [GET] ::1 /v1/component 200 1.361756ms
2025/04/01 15:57:57 [GET] ::1 /v1/admin/checkauth 200 1.813909ms
2025/04/01 15:57:57 [GET] ::1 /v1/component 200 1.357572ms
2025/04/01 15:59:40 [GET] ::1 /v1/admin/checkauth 200 9.926804ms
2025/04/01 15:59:40 [GET] ::1 /v1/admin/checkauth 200 3.378362ms
2025/04/01 15:59:40 [GET] ::1 /v1/checkstatus 200 15.372µs
2025/04/01 16:00:14 [GET] ::1 /v1/admin/checkauth 200 6.311269ms
2025/04/01 16:00:14 [GET] ::1 /v1/admin/checkauth 200 3.366035ms
2025/04/01 16:00:14 [GET] ::1 /v1/checkstatus 200 15.889µs
2025/04/01 16:00:16 [GET] ::1 /v1/admin/checkauth 200 2.961199ms
2025/04/01 16:00:16 [GET] ::1 /v1/component 200 2.059623ms
2025/04/01 16:00:16 [GET] ::1 /v1/admin/checkauth 200 2.294913ms
2025/04/01 16:00:16 [GET] ::1 /v1/admin/checkauth 200 2.810684ms
2025/04/01 16:00:16 [GET] ::1 /v1/admin/checkauth 200 5.604307ms
2025/04/01 16:00:17 [GET] ::1 /v1/config 200 2.482118ms
2025/04/01 16:00:17 [GET] ::1 /v1/admin/checkauth 200 1.984633ms
2025/04/01 16:00:17 [GET] ::1 /v1/admin/checkauth 200 3.698781ms
2025/04/01 16:00:17 [GET] ::1 /v1/component 200 2.14153ms
2025/04/01 16:00:17 [GET] ::1 /v1/admin/checkauth 200 2.423243ms
2025/04/01 16:00:17 [GET] ::1 /v1/admin/checkauth 200 3.058005ms
2025/04/01 16:00:17 [GET] ::1 /v1/component 200 1.449278ms
2025/04/01 16:00:17 [GET] ::1 /v1/admin/checkauth 200 2.77137ms
2025/04/01 16:00:18 [GET] ::1 /v1/component 200 1.763326ms
2025/04/01 16:18:35 [GET] ::1 /v1/admin/checkauth 200 2.974544ms
2025/04/01 16:18:35 [GET] ::1 /v1/checkstatus 200 16.324µs
2025/04/01 16:18:37 [GET] ::1 /v1/admin/checkauth 200 5.068722ms
2025/04/01 16:18:37 [GET] ::1 /v1/component 200 5.858477ms
2025/04/01 16:18:37 [GET] ::1 /v1/admin/checkauth 200 2.880023ms
2025/04/01 16:18:37 [GET] ::1 /v1/admin/checkauth 200 2.964007ms
2025/04/01 16:18:37 [GET] ::1 /v1/admin/checkauth 200 1.622425ms
2025/04/01 16:18:37 [GET] ::1 /v1/config 200 1.554626ms
2025/04/01 16:18:37 [GET] ::1 /v1/admin/checkauth 200 2.178664ms
2025/04/01 16:18:37 [GET] ::1 /v1/admin/checkauth 200 1.898091ms
2025/04/01 16:18:37 [GET] ::1 /v1/component 200 1.754582ms
2025/04/01 16:18:37 [GET] ::1 /v1/admin/checkauth 200 2.537231ms
2025/04/01 16:18:38 [GET] ::1 /v1/admin/checkauth 200 2.758851ms
2025/04/01 16:18:38 [GET] ::1 /v1/component 200 1.441497ms
2025/04/01 16:18:38 [GET] ::1 /v1/admin/checkauth 200 1.997602ms
2025/04/01 16:18:38 [GET] ::1 /v1/component 200 1.433796ms
2025/04/01 20:07:30 [GET] ::1 /v1/admin/checkauth 200 210.736206ms
2025/04/01 20:07:30 [GET] ::1 /v1/checkstatus 200 22.673µs
2025/04/01 20:07:32 [GET] ::1 /v1/admin/checkauth 200 9.927529ms
2025/04/01 20:07:33 [GET] ::1 /v1/component 200 7.294789ms
2025/04/01 20:07:33 [GET] ::1 /v1/admin/checkauth 200 8.04909ms
2025/04/01 20:07:33 [GET] ::1 /v1/admin/checkauth 200 2.64586ms
2025/04/01 20:07:33 [GET] ::1 /v1/admin/checkauth 200 4.407457ms
2025/04/01 20:07:33 [GET] ::1 /v1/config 200 5.897208ms
2025/04/01 20:07:33 [GET] ::1 /v1/admin/checkauth 200 4.066165ms
2025/04/01 20:07:33 [GET] ::1 /v1/admin/checkauth 200 2.672126ms
2025/04/01 20:07:33 [GET] ::1 /v1/component 200 1.890761ms
2025/04/01 20:07:34 [GET] ::1 /v1/admin/checkauth 200 2.076278ms
2025/04/01 20:07:34 [GET] ::1 /v1/admin/checkauth 200 6.020654ms
2025/04/01 20:07:34 [GET] ::1 /v1/component 200 2.027516ms
2025/04/01 20:07:34 [GET] ::1 /v1/admin/checkauth 200 4.673483ms
2025/04/01 20:07:34 [GET] ::1 /v1/component 200 1.937009ms
2025/04/01 20:27:10 [GET] ::1 /v1/admin/checkauth 200 7.699306ms
2025/04/01 20:27:10 [GET] ::1 /v1/checkstatus 200 15.342µs
2025/04/01 20:27:11 [GET] ::1 /v1/admin/checkauth 200 2.276936ms
2025/04/01 20:27:11 [GET] ::1 /v1/admin/checkauth 200 2.994602ms
2025/04/01 20:27:13 [GET] ::1 /v1/admin/checkauth 200 2.98674ms
2025/04/01 20:27:13 [GET] ::1 /v1/component 200 3.852199ms
2025/04/01 20:27:13 [GET] ::1 /v1/admin/checkauth 200 2.739261ms
2025/04/01 20:27:14 [GET] ::1 /v1/admin/checkauth 200 3.461048ms
2025/04/01 20:27:14 [GET] ::1 /v1/admin/checkauth 200 2.340116ms
2025/04/01 20:27:14 [GET] ::1 /v1/config 200 2.273776ms
2025/04/01 20:27:14 [GET] ::1 /v1/admin/checkauth 200 2.561482ms
2025/04/01 20:27:14 [GET] ::1 /v1/admin/checkauth 200 4.288119ms
2025/04/01 20:27:14 [GET] ::1 /v1/component 200 2.14669ms
2025/04/01 20:27:14 [GET] ::1 /v1/admin/checkauth 200 3.650415ms
2025/04/01 20:27:15 [GET] ::1 /v1/admin/checkauth 200 4.315805ms
2025/04/01 20:27:15 [GET] ::1 /v1/component 200 1.539633ms
2025/04/01 20:27:15 [GET] ::1 /v1/admin/checkauth 200 3.975667ms
2025/04/01 20:27:15 [GET] ::1 /v1/component 200 1.568392ms
2025/04/01 20:28:47 [GET] ::1 /v1/admin/checkauth 200 9.823674ms
2025/04/01 20:28:47 [GET] ::1 /v1/checkstatus 200 27.991µs
2025/04/01 20:28:49 [GET] ::1 /v1/admin/checkauth 200 8.461183ms
2025/04/01 20:28:49 [GET] ::1 /v1/component 200 4.246854ms
2025/04/01 20:28:49 [GET] ::1 /v1/admin/checkauth 200 4.342947ms
2025/04/01 20:28:49 [GET] ::1 /v1/admin/checkauth 200 2.223083ms
2025/04/01 20:28:50 [GET] ::1 /v1/admin/checkauth 200 6.233932ms
2025/04/01 20:28:50 [GET] ::1 /v1/config 200 3.581668ms
2025/04/01 20:28:50 [GET] ::1 /v1/admin/checkauth 200 1.718515ms
2025/04/01 20:28:50 [GET] ::1 /v1/admin/checkauth 200 3.420725ms
2025/04/01 20:28:50 [GET] ::1 /v1/component 200 1.807327ms
2025/04/01 20:28:50 [GET] ::1 /v1/admin/checkauth 200 2.586455ms
2025/04/01 20:28:50 [GET] ::1 /v1/admin/checkauth 200 6.845851ms
2025/04/01 20:28:50 [GET] ::1 /v1/component 200 1.568579ms
2025/04/01 20:28:51 [GET] ::1 /v1/admin/checkauth 200 3.845195ms
2025/04/01 20:28:51 [GET] ::1 /v1/component 200 1.627782ms
2025/04/01 20:37:38 [GET] ::1 /v1/admin/checkauth 200 5.330301ms
2025/04/01 20:37:38 [GET] ::1 /v1/component 200 3.886363ms
2025/04/01 20:37:46 [GET] ::1 /v1/admin/checkauth 200 6.131832ms
2025/04/01 20:37:46 [GET] ::1 /v1/checkstatus 200 21.41µs
2025/04/01 20:37:48 [GET] ::1 /v1/admin/checkauth 200 2.630934ms
2025/04/01 20:37:48 [GET] ::1 /v1/component 200 1.343301ms
2025/04/01 20:37:48 [GET] ::1 /v1/admin/checkauth 200 2.056612ms
2025/04/01 20:37:48 [GET] ::1 /v1/admin/checkauth 200 2.206187ms
2025/04/01 20:37:49 [GET] ::1 /v1/admin/checkauth 200 2.021372ms
2025/04/01 20:37:49 [GET] ::1 /v1/config 200 2.455521ms
2025/04/01 20:37:49 [GET] ::1 /v1/admin/checkauth 200 2.941317ms
2025/04/01 20:37:49 [GET] ::1 /v1/admin/checkauth 200 3.306588ms
2025/04/01 20:37:49 [GET] ::1 /v1/component 200 2.151797ms
2025/04/01 20:37:49 [GET] ::1 /v1/admin/checkauth 200 2.872084ms
2025/04/01 20:37:50 [GET] ::1 /v1/admin/checkauth 200 2.787382ms
2025/04/01 20:37:50 [GET] ::1 /v1/component 200 1.924175ms
2025/04/01 20:37:50 [GET] ::1 /v1/admin/checkauth 200 4.246798ms
2025/04/01 20:37:50 [GET] ::1 /v1/component 200 5.275132ms
2025/04/01 20:42:15 [GET] ::1 /v1/admin/checkauth 200 3.104996ms
2025/04/01 20:42:15 [GET] ::1 /v1/checkstatus 200 16.81µs
2025/04/01 20:42:17 [GET] ::1 /v1/admin/checkauth 200 3.112136ms
2025/04/01 20:42:17 [GET] ::1 /v1/component 200 2.26008ms
2025/04/01 20:42:17 [GET] ::1 /v1/admin/checkauth 200 5.187719ms
2025/04/01 20:42:17 [GET] ::1 /v1/admin/checkauth 200 2.650526ms
2025/04/01 20:42:17 [GET] ::1 /v1/admin/checkauth 200 2.075625ms
2025/04/01 20:42:17 [GET] ::1 /v1/config 200 1.809335ms
2025/04/01 20:42:18 [GET] ::1 /v1/admin/checkauth 200 1.944708ms
2025/04/01 20:42:18 [GET] ::1 /v1/admin/checkauth 200 2.390234ms
2025/04/01 20:42:18 [GET] ::1 /v1/component 200 2.585295ms
2025/04/01 20:42:18 [GET] ::1 /v1/admin/checkauth 200 3.023661ms
2025/04/01 20:42:18 [GET] ::1 /v1/admin/checkauth 200 3.172972ms
2025/04/01 20:42:18 [GET] ::1 /v1/component 200 2.016714ms
2025/04/01 20:42:18 [GET] ::1 /v1/admin/checkauth 200 2.57349ms
2025/04/01 20:42:19 [GET] ::1 /v1/component 200 3.034696ms
2025/04/01 20:43:03 [GET] ::1 /v1/admin/checkauth 200 1.644445ms
2025/04/01 20:43:04 [GET] ::1 /v1/checkstatus 200 32.775µs
2025/04/01 20:43:06 [GET] ::1 /v1/admin/checkauth 200 4.916739ms
2025/04/01 20:43:06 [GET] ::1 /v1/component 200 4.601532ms
2025/04/01 20:43:06 [GET] ::1 /v1/admin/checkauth 200 4.032526ms
2025/04/01 20:43:06 [GET] ::1 /v1/admin/checkauth 200 2.833065ms
2025/04/01 20:43:06 [GET] ::1 /v1/admin/checkauth 200 1.744039ms
2025/04/01 20:43:06 [GET] ::1 /v1/config 200 2.050384ms
2025/04/01 20:43:07 [GET] ::1 /v1/admin/checkauth 200 2.264186ms
2025/04/01 20:43:07 [GET] ::1 /v1/admin/checkauth 200 3.12073ms
2025/04/01 20:43:07 [GET] ::1 /v1/component 200 2.249259ms
2025/04/01 20:43:07 [GET] ::1 /v1/admin/checkauth 200 2.9432ms
2025/04/01 20:43:07 [GET] ::1 /v1/admin/checkauth 200 2.372322ms
2025/04/01 20:43:07 [GET] ::1 /v1/component 200 1.967445ms
2025/04/01 20:43:08 [GET] ::1 /v1/admin/checkauth 200 3.370134ms
2025/04/01 20:43:08 [GET] ::1 /v1/component 200 2.863478ms
2025/04/01 20:50:59 [GET] ::1 /v1/admin/checkauth 200 7.440779ms
2025/04/01 20:50:59 [GET] ::1 /v1/component 200 12.550222ms
2025/04/01 20:51:06 [GET] ::1 /v1/admin/checkauth 200 2.30233ms
2025/04/01 20:51:06 [GET] ::1 /v1/checkstatus 200 16.843µs
2025/04/01 20:51:08 [GET] ::1 /v1/admin/checkauth 200 2.744569ms
2025/04/01 20:51:08 [GET] ::1 /v1/component 200 2.09114ms
2025/04/01 20:51:08 [GET] ::1 /v1/admin/checkauth 200 2.352499ms
2025/04/01 20:51:08 [GET] ::1 /v1/admin/checkauth 200 2.472636ms
2025/04/01 20:51:08 [GET] ::1 /v1/admin/checkauth 200 2.135983ms
2025/04/01 20:51:08 [GET] ::1 /v1/config 200 3.043044ms
2025/04/01 20:51:08 [GET] ::1 /v1/admin/checkauth 200 4.203159ms
2025/04/01 20:51:09 [GET] ::1 /v1/admin/checkauth 200 3.214688ms
2025/04/01 20:51:09 [GET] ::1 /v1/component 200 1.92916ms
2025/04/01 20:51:09 [GET] ::1 /v1/admin/checkauth 200 3.658539ms
2025/04/01 20:51:09 [GET] ::1 /v1/admin/checkauth 200 5.097025ms
2025/04/01 20:51:09 [GET] ::1 /v1/component 200 4.797559ms
2025/04/01 20:51:09 [GET] ::1 /v1/admin/checkauth 200 5.603151ms
2025/04/01 20:51:09 [GET] ::1 /v1/component 200 1.879421ms
2025/04/01 20:57:04 [GET] ::1 /v1/admin/checkauth 200 6.984117ms
2025/04/01 20:57:05 [GET] ::1 /v1/component 200 4.3674ms
2025/04/01 20:58:50 [GET] ::1 /v1/admin/checkauth 200 6.124629ms
2025/04/01 20:58:50 [GET] ::1 /v1/component 200 2.535368ms
2025/04/01 20:58:55 [GET] ::1 /v1/admin/checkauth 200 2.4951ms
2025/04/01 20:58:55 [GET] ::1 /v1/checkstatus 200 15.118µs
2025/04/01 20:58:57 [GET] ::1 /v1/admin/checkauth 200 2.538307ms
2025/04/01 20:58:57 [GET] ::1 /v1/component 200 1.697383ms
2025/04/01 20:58:57 [GET] ::1 /v1/admin/checkauth 200 2.16848ms
2025/04/01 20:58:57 [GET] ::1 /v1/admin/checkauth 200 1.911677ms
2025/04/01 20:58:57 [GET] ::1 /v1/admin/checkauth 200 2.493085ms
2025/04/01 20:58:57 [GET] ::1 /v1/config 200 3.760902ms
2025/04/01 20:58:57 [GET] ::1 /v1/admin/checkauth 200 2.717519ms
2025/04/01 20:58:58 [GET] ::1 /v1/admin/checkauth 200 1.587288ms
2025/04/01 20:58:58 [GET] ::1 /v1/component 200 1.805879ms
2025/04/01 20:58:58 [GET] ::1 /v1/admin/checkauth 200 3.647699ms
2025/04/01 20:58:58 [GET] ::1 /v1/admin/checkauth 200 2.476289ms
2025/04/01 20:58:58 [GET] ::1 /v1/component 200 1.434385ms
2025/04/01 20:58:58 [GET] ::1 /v1/admin/checkauth 200 2.647086ms
2025/04/01 20:58:58 [GET] ::1 /v1/component 200 1.790553ms
2025/04/01 21:04:49 [GET] ::1 /v1/admin/checkauth 200 4.998992ms
2025/04/01 21:04:49 [GET] ::1 /v1/component 200 3.346145ms
2025/04/01 21:04:55 [GET] ::1 /v1/admin/checkauth 200 3.069446ms
2025/04/01 21:04:55 [GET] ::1 /v1/checkstatus 200 14.573µs
2025/04/01 21:04:56 [GET] ::1 /v1/admin/checkauth 200 2.296637ms
2025/04/01 21:04:57 [GET] ::1 /v1/component 200 1.277959ms
2025/04/01 21:04:57 [GET] ::1 /v1/admin/checkauth 200 2.048548ms
2025/04/01 21:04:57 [GET] ::1 /v1/admin/checkauth 200 2.269575ms
2025/04/01 21:04:57 [GET] ::1 /v1/admin/checkauth 200 4.570856ms
2025/04/01 21:04:57 [GET] ::1 /v1/config 200 2.833197ms
2025/04/01 21:04:57 [GET] ::1 /v1/admin/checkauth 200 3.616431ms
2025/04/01 21:04:57 [GET] ::1 /v1/admin/checkauth 200 2.954641ms
2025/04/01 21:04:57 [GET] ::1 /v1/component 200 1.796192ms
2025/04/01 21:04:58 [GET] ::1 /v1/admin/checkauth 200 2.647563ms
2025/04/01 21:04:58 [GET] ::1 /v1/admin/checkauth 200 2.55861ms
2025/04/01 21:04:58 [GET] ::1 /v1/component 200 1.628705ms
2025/04/01 21:04:58 [GET] ::1 /v1/admin/checkauth 200 4.475573ms
2025/04/01 21:04:58 [GET] ::1 /v1/component 200 1.681356ms
2025/04/01 21:13:31 [GET] ::1 /v1/admin/checkauth 200 5.450714ms
2025/04/01 21:13:31 [GET] ::1 /v1/component 200 4.307515ms
2025/04/01 21:13:36 [GET] ::1 /v1/admin/checkauth 200 2.574065ms
2025/04/01 21:13:36 [GET] ::1 /v1/checkstatus 200 16.729µs
2025/04/01 21:13:38 [GET] ::1 /v1/admin/checkauth 200 2.692775ms
2025/04/01 21:13:38 [GET] ::1 /v1/component 200 2.241459ms
2025/04/01 21:13:38 [GET] ::1 /v1/admin/checkauth 200 1.950812ms
2025/04/01 21:13:39 [GET] ::1 /v1/admin/checkauth 200 2.195403ms
2025/04/01 21:13:39 [GET] ::1 /v1/admin/checkauth 200 4.063562ms
2025/04/01 21:13:39 [GET] ::1 /v1/config 200 3.068192ms
2025/04/01 21:13:39 [GET] ::1 /v1/admin/checkauth 200 2.854278ms
2025/04/01 21:13:39 [GET] ::1 /v1/admin/checkauth 200 3.681013ms
2025/04/01 21:13:39 [GET] ::1 /v1/component 200 1.496756ms
2025/04/01 21:13:39 [GET] ::1 /v1/admin/checkauth 200 2.911156ms
2025/04/01 21:13:40 [GET] ::1 /v1/admin/checkauth 200 2.871135ms
2025/04/01 21:13:40 [GET] ::1 /v1/component 200 2.865161ms
2025/04/01 21:13:40 [GET] ::1 /v1/admin/checkauth 200 2.677844ms
2025/04/01 21:13:40 [GET] ::1 /v1/component 200 3.790847ms
2025/04/01 21:14:37 [GET] ::1 /v1/admin/checkauth 200 3.575831ms
2025/04/01 21:14:38 [GET] ::1 /v1/checkstatus 200 15.365µs
2025/04/01 21:14:39 [GET] ::1 /v1/admin/checkauth 200 9.429695ms
2025/04/01 21:14:39 [GET] ::1 /v1/component 200 2.477175ms
2025/04/01 21:14:40 [GET] ::1 /v1/admin/checkauth 200 2.19441ms
2025/04/01 21:14:40 [GET] ::1 /v1/admin/checkauth 200 4.469576ms
2025/04/01 21:14:40 [GET] ::1 /v1/admin/checkauth 200 4.556131ms
2025/04/01 21:14:40 [GET] ::1 /v1/config 200 2.094977ms
2025/04/01 21:14:40 [GET] ::1 /v1/admin/checkauth 200 2.916784ms
2025/04/01 21:14:40 [GET] ::1 /v1/admin/checkauth 200 2.397336ms
2025/04/01 21:14:40 [GET] ::1 /v1/component 200 1.629501ms
2025/04/01 21:14:40 [GET] ::1 /v1/admin/checkauth 200 2.023827ms
2025/04/01 21:14:41 [GET] ::1 /v1/admin/checkauth 200 4.786272ms
2025/04/01 21:14:41 [GET] ::1 /v1/component 200 1.483459ms
2025/04/01 21:14:41 [GET] ::1 /v1/admin/checkauth 200 1.971095ms
2025/04/01 21:14:41 [GET] ::1 /v1/component 200 1.831008ms
2025/04/01 21:24:15 [GET] ::1 /v1/admin/checkauth 200 4.245099ms
2025/04/01 21:24:15 [GET] ::1 /v1/component 200 2.856653ms
2025/04/01 21:24:19 [GET] ::1 /v1/admin/checkauth 200 3.985744ms
2025/04/01 21:24:19 [GET] ::1 /v1/checkstatus 200 16.255µs
2025/04/01 21:24:21 [GET] ::1 /v1/admin/checkauth 200 3.978115ms
2025/04/01 21:24:21 [GET] ::1 /v1/component 200 1.702796ms
2025/04/01 21:24:21 [GET] ::1 /v1/admin/checkauth 200 2.926557ms
2025/04/01 21:24:21 [GET] ::1 /v1/admin/checkauth 200 1.870598ms
2025/04/01 21:24:21 [GET] ::1 /v1/admin/checkauth 200 1.926938ms
2025/04/01 21:24:21 [GET] ::1 /v1/config 200 2.646822ms
2025/04/01 21:24:21 [GET] ::1 /v1/admin/checkauth 200 3.627404ms
2025/04/01 21:24:22 [GET] ::1 /v1/admin/checkauth 200 3.093892ms
2025/04/01 21:24:22 [GET] ::1 /v1/component 200 5.776965ms
2025/04/01 21:24:22 [GET] ::1 /v1/admin/checkauth 200 2.320453ms
2025/04/01 21:24:22 [GET] ::1 /v1/admin/checkauth 200 2.781455ms
2025/04/01 21:24:22 [GET] ::1 /v1/component 200 2.535673ms
2025/04/01 21:24:22 [GET] ::1 /v1/admin/checkauth 200 3.397639ms
2025/04/01 21:24:22 [GET] ::1 /v1/component 200 1.933263ms
2025/04/01 21:35:44 [GET] ::1 /v1/admin/checkauth 200 4.081594ms
2025/04/01 21:35:44 [GET] ::1 /v1/component 200 1.733006ms
2025/04/01 21:35:49 [GET] ::1 /v1/admin/checkauth 200 1.587706ms
2025/04/01 21:35:49 [GET] ::1 /v1/checkstatus 200 20.508µs
2025/04/01 21:35:51 [GET] ::1 /v1/admin/checkauth 200 3.966459ms
2025/04/01 21:35:51 [GET] ::1 /v1/component 200 2.43769ms
2025/04/01 21:35:51 [GET] ::1 /v1/admin/checkauth 200 2.344374ms
2025/04/01 21:35:52 [GET] ::1 /v1/admin/checkauth 200 2.415102ms
2025/04/01 21:35:52 [GET] ::1 /v1/admin/checkauth 200 2.42859ms
2025/04/01 21:35:52 [GET] ::1 /v1/config 200 7.373093ms
2025/04/01 21:35:52 [GET] ::1 /v1/admin/checkauth 200 2.990928ms
2025/04/01 21:35:52 [GET] ::1 /v1/admin/checkauth 200 2.95014ms
2025/04/01 21:35:52 [GET] ::1 /v1/component 200 1.468921ms
2025/04/01 21:35:52 [GET] ::1 /v1/admin/checkauth 200 5.84452ms
2025/04/01 21:35:53 [GET] ::1 /v1/admin/checkauth 200 3.65181ms
2025/04/01 21:35:53 [GET] ::1 /v1/component 200 2.045169ms
2025/04/01 21:35:53 [GET] ::1 /v1/admin/checkauth 200 2.094073ms
2025/04/01 21:35:53 [GET] ::1 /v1/component 200 1.854447ms
2025/04/01 21:36:14 [GET] ::1 /v1/admin/checkauth 200 3.316681ms
2025/04/01 21:36:14 [GET] ::1 /v1/checkstatus 200 24.287µs
2025/04/01 21:36:16 [GET] ::1 /v1/admin/checkauth 200 3.981821ms
2025/04/01 21:36:16 [GET] ::1 /v1/component 200 4.684164ms
2025/04/01 21:36:17 [GET] ::1 /v1/admin/checkauth 200 4.471979ms
2025/04/01 21:36:17 [GET] ::1 /v1/admin/checkauth 200 2.32452ms
2025/04/01 21:36:17 [GET] ::1 /v1/admin/checkauth 200 2.304684ms
2025/04/01 21:36:17 [GET] ::1 /v1/config 200 1.668431ms
2025/04/01 21:36:17 [GET] ::1 /v1/admin/checkauth 200 1.639758ms
2025/04/01 21:36:17 [GET] ::1 /v1/admin/checkauth 200 2.461492ms
2025/04/01 21:36:18 [GET] ::1 /v1/component 200 1.59266ms
2025/04/01 21:36:18 [GET] ::1 /v1/admin/checkauth 200 2.797265ms
2025/04/01 21:36:18 [GET] ::1 /v1/admin/checkauth 200 4.454657ms
2025/04/01 21:36:18 [GET] ::1 /v1/component 200 2.312399ms
2025/04/01 21:36:18 [GET] ::1 /v1/admin/checkauth 200 2.629737ms
2025/04/01 21:36:18 [GET] ::1 /v1/component 200 1.767067ms
2025/04/01 21:40:00 [GET] ::1 /v1/admin/checkauth 200 5.818239ms
2025/04/01 21:40:00 [GET] ::1 /v1/component 200 3.151297ms
2025/04/01 21:40:04 [GET] ::1 /v1/admin/checkauth 200 2.78711ms
2025/04/01 21:40:05 [GET] ::1 /v1/checkstatus 200 16.607µs
2025/04/01 21:40:06 [GET] ::1 /v1/admin/checkauth 200 4.71879ms
2025/04/01 21:40:07 [GET] ::1 /v1/component 200 1.634415ms
2025/04/01 21:40:07 [GET] ::1 /v1/admin/checkauth 200 2.009611ms
2025/04/01 21:40:07 [GET] ::1 /v1/admin/checkauth 200 2.397132ms
2025/04/01 21:40:07 [GET] ::1 /v1/admin/checkauth 200 1.723641ms
2025/04/01 21:40:07 [GET] ::1 /v1/config 200 2.557269ms
2025/04/01 21:40:07 [GET] ::1 /v1/admin/checkauth 200 2.865478ms
2025/04/01 21:40:07 [GET] ::1 /v1/component 200 1.360773ms
2025/04/01 21:40:08 [GET] ::1 /v1/admin/checkauth 200 2.306165ms
2025/04/01 21:40:08 [GET] ::1 /v1/admin/checkauth 200 3.283717ms
2025/04/01 21:40:08 [GET] ::1 /v1/component 200 2.113814ms
2025/04/01 21:40:08 [GET] ::1 /v1/admin/checkauth 200 2.893322ms
2025/04/01 21:40:08 [GET] ::1 /v1/admin/checkauth 200 4.538065ms
2025/04/01 21:40:09 [GET] ::1 /v1/component 200 1.601541ms
2025/04/01 21:40:09 [GET] ::1 /v1/admin/checkauth 200 2.614025ms
2025/04/01 21:40:09 [GET] ::1 /v1/component 200 1.731759ms
2025/04/01 21:40:09 [GET] ::1 /v1/admin/checkauth 200 1.913327ms
2025/04/01 21:40:09 [GET] ::1 /v1/component 200 2.582399ms
2025/04/01 21:40:20 [GET] ::1 /v1/admin/checkauth 200 2.582762ms
2025/04/01 21:40:20 [GET] ::1 /v1/checkstatus 200 15.978µs
2025/04/01 21:40:22 [GET] ::1 /v1/admin/checkauth 200 2.908985ms
2025/04/01 21:40:22 [GET] ::1 /v1/component 200 2.501853ms
2025/04/01 21:40:22 [GET] ::1 /v1/admin/checkauth 200 2.835095ms
2025/04/01 21:40:22 [GET] ::1 /v1/admin/checkauth 200 2.444612ms
2025/04/01 21:40:22 [GET] ::1 /v1/admin/checkauth 200 1.73402ms
2025/04/01 21:40:22 [GET] ::1 /v1/config 200 3.054833ms
2025/04/01 21:40:22 [GET] ::1 /v1/admin/checkauth 200 2.069013ms
2025/04/01 21:40:23 [GET] ::1 /v1/component 200 1.864063ms
2025/04/01 21:40:23 [GET] ::1 /v1/admin/checkauth 200 2.771544ms
2025/04/01 21:40:23 [GET] ::1 /v1/admin/checkauth 200 4.182129ms
2025/04/01 21:40:23 [GET] ::1 /v1/component 200 1.464642ms
2025/04/01 21:40:23 [GET] ::1 /v1/admin/checkauth 200 3.284439ms
2025/04/01 21:40:24 [GET] ::1 /v1/admin/checkauth 200 3.713622ms
2025/04/01 21:40:24 [GET] ::1 /v1/component 200 2.10318ms
2025/04/01 21:40:24 [GET] ::1 /v1/admin/checkauth 200 2.812736ms
2025/04/01 21:40:24 [GET] ::1 /v1/component 200 4.948861ms
2025/04/01 21:40:24 [GET] ::1 /v1/admin/checkauth 200 3.630465ms
2025/04/01 21:40:24 [GET] ::1 /v1/component 200 1.642876ms
2025/04/01 21:40:37 [GET] ::1 /v1/admin/checkauth 200 1.797018ms
2025/04/01 21:40:37 [PUT] ::1 /v1/admin/configs/20 200 26.557408ms
2025/04/01 21:40:41 [GET] ::1 /v1/admin/checkauth 200 1.682907ms
2025/04/01 21:40:41 [GET] ::1 /v1/checkstatus 200 39.097µs
2025/04/01 21:40:42 [GET] ::1 /v1/admin/checkauth 200 3.65569ms
2025/04/01 21:40:42 [GET] ::1 /v1/component 200 1.568475ms
2025/04/01 21:40:43 [GET] ::1 /v1/admin/checkauth 200 2.870926ms
2025/04/01 21:40:43 [GET] ::1 /v1/admin/checkauth 200 2.134954ms
2025/04/01 21:40:43 [GET] ::1 /v1/admin/checkauth 200 2.129909ms
2025/04/01 21:40:43 [GET] ::1 /v1/config 200 1.62641ms
2025/04/01 21:40:43 [GET] ::1 /v1/admin/checkauth 200 2.752502ms
2025/04/01 21:40:43 [GET] ::1 /v1/component 200 1.590309ms
2025/04/01 21:40:43 [GET] ::1 /v1/admin/checkauth 200 3.216323ms
2025/04/01 21:40:44 [GET] ::1 /v1/admin/checkauth 200 2.940188ms
2025/04/01 21:40:44 [GET] ::1 /v1/component 200 1.648567ms
2025/04/01 21:40:44 [GET] ::1 /v1/admin/checkauth 200 4.215726ms
2025/04/01 21:40:44 [GET] ::1 /v1/admin/checkauth 200 4.199964ms
2025/04/01 21:40:44 [GET] ::1 /v1/component 200 3.196834ms
2025/04/01 21:47:17 [GET] ::1 /v1/admin/checkauth 200 10.056611ms
2025/04/01 21:47:17 [GET] ::1 /v1/checkstatus 200 15.821µs
2025/04/01 21:47:19 [GET] ::1 /v1/admin/checkauth 200 3.008518ms
2025/04/01 21:47:19 [GET] ::1 /v1/component 200 2.457606ms
2025/04/01 21:47:19 [GET] ::1 /v1/admin/checkauth 200 2.325635ms
2025/04/01 21:47:19 [GET] ::1 /v1/admin/checkauth 200 2.0304ms
2025/04/01 21:47:19 [GET] ::1 /v1/admin/checkauth 200 2.446104ms
2025/04/01 21:47:19 [GET] ::1 /v1/config 200 1.573719ms
2025/04/01 21:47:20 [GET] ::1 /v1/admin/checkauth 200 1.792759ms
2025/04/01 21:47:20 [GET] ::1 /v1/admin/checkauth 200 6.132631ms
2025/04/01 21:47:20 [GET] ::1 /v1/component 200 2.702538ms
2025/04/01 21:47:20 [GET] ::1 /v1/admin/checkauth 200 2.298103ms
2025/04/01 21:47:20 [GET] ::1 /v1/admin/checkauth 200 2.435073ms
2025/04/01 21:47:20 [GET] ::1 /v1/component 200 2.142502ms
2025/04/01 21:49:17 [GET] ::1 /v1/admin/checkauth 200 6.772862ms
2025/04/01 21:49:17 [PUT] ::1 /v1/admin/configs/20 200 17.459958ms
2025/04/01 21:49:20 [GET] ::1 /v1/admin/checkauth 200 1.965084ms
2025/04/01 21:49:21 [GET] ::1 /v1/checkstatus 200 40.4µs
2025/04/01 21:49:22 [GET] ::1 /v1/admin/checkauth 200 5.252422ms
2025/04/01 21:49:22 [GET] ::1 /v1/component 200 2.304624ms
2025/04/01 21:49:22 [GET] ::1 /v1/admin/checkauth 200 2.640708ms
2025/04/01 21:49:22 [GET] ::1 /v1/admin/checkauth 200 7.00156ms
2025/04/01 21:49:23 [GET] ::1 /v1/admin/checkauth 200 2.454116ms
2025/04/01 21:49:23 [GET] ::1 /v1/config 200 1.863013ms
2025/04/01 21:49:23 [GET] ::1 /v1/admin/checkauth 200 2.947053ms
2025/04/01 21:49:23 [GET] ::1 /v1/admin/checkauth 200 2.112654ms
2025/04/01 21:49:23 [GET] ::1 /v1/component 200 3.859934ms
2025/04/01 21:49:23 [GET] ::1 /v1/admin/checkauth 200 2.1589ms
2025/04/01 21:49:24 [GET] ::1 /v1/admin/checkauth 200 2.559927ms
2025/04/01 21:49:24 [GET] ::1 /v1/component 200 1.471899ms
2025/04/01 21:49:24 [GET] ::1 /v1/admin/checkauth 200 6.311108ms
2025/04/01 21:49:24 [GET] ::1 /v1/component 200 1.796896ms
2025/04/01 21:50:27 [GET] ::1 /v1/admin/checkauth 200 6.889082ms
2025/04/01 21:50:27 [GET] ::1 /v1/component 200 4.609187ms
2025/04/01 21:50:27 [GET] ::1 /v1/admin/checkauth 200 7.8279ms
2025/04/01 21:50:27 [GET] ::1 /v1/component 200 3.46723ms
2025/04/01 21:50:38 [GET] ::1 /v1/admin/checkauth 200 2.037181ms
2025/04/01 21:50:38 [GET] ::1 /v1/checkstatus 200 23.187µs
2025/04/01 21:50:40 [GET] ::1 /v1/admin/checkauth 200 3.411296ms
2025/04/01 21:50:40 [GET] ::1 /v1/component 200 1.663797ms
2025/04/01 21:50:40 [GET] ::1 /v1/admin/checkauth 200 2.46067ms
2025/04/01 21:50:40 [GET] ::1 /v1/admin/checkauth 200 2.940121ms
2025/04/01 21:50:40 [GET] ::1 /v1/admin/checkauth 200 2.498216ms
2025/04/01 21:50:40 [GET] ::1 /v1/config 200 2.090216ms
2025/04/01 21:50:41 [GET] ::1 /v1/admin/checkauth 200 7.214189ms
2025/04/01 21:50:41 [GET] ::1 /v1/admin/checkauth 200 3.052439ms
2025/04/01 21:50:41 [GET] ::1 /v1/component 200 1.900386ms
2025/04/01 21:50:41 [GET] ::1 /v1/admin/checkauth 200 2.249209ms
2025/04/01 21:50:42 [GET] ::1 /v1/admin/checkauth 200 3.625637ms
2025/04/01 21:50:42 [GET] ::1 /v1/component 200 1.612177ms
2025/04/01 21:50:42 [GET] ::1 /v1/admin/checkauth 200 2.392954ms
2025/04/01 21:50:42 [GET] ::1 /v1/component 200 1.655109ms
2025/04/01 21:50:43 [GET] ::1 /v1/admin/checkauth 200 3.785582ms
2025/04/01 21:50:43 [GET] ::1 /v1/component 200 2.634585ms
2025/04/01 21:50:44 [GET] ::1 /v1/admin/checkauth 200 3.102616ms
2025/04/01 21:50:44 [GET] ::1 /v1/component 200 1.656869ms
2025/04/01 21:51:05 [GET] ::1 /v1/admin/checkauth 200 4.222645ms
2025/04/01 21:51:05 [PUT] ::1 /v1/admin/configs/20 200 11.234836ms
2025/04/01 21:51:08 [GET] ::1 /v1/admin/checkauth 200 1.656567ms
2025/04/01 21:51:08 [GET] ::1 /v1/checkstatus 200 33.301µs
2025/04/01 21:51:09 [GET] ::1 /v1/admin/checkauth 200 2.975544ms
2025/04/01 21:51:10 [GET] ::1 /v1/component 200 1.584718ms
2025/04/01 21:51:10 [GET] ::1 /v1/admin/checkauth 200 3.10311ms
2025/04/01 21:51:10 [GET] ::1 /v1/admin/checkauth 200 2.067762ms
2025/04/01 21:51:10 [GET] ::1 /v1/admin/checkauth 200 7.606595ms
2025/04/01 21:51:10 [GET] ::1 /v1/config 200 1.828069ms
2025/04/01 21:51:10 [GET] ::1 /v1/admin/checkauth 200 2.649812ms
2025/04/01 21:51:10 [GET] ::1 /v1/admin/checkauth 200 2.637909ms
2025/04/01 21:51:11 [GET] ::1 /v1/component 200 1.491394ms
2025/04/01 21:51:11 [GET] ::1 /v1/admin/checkauth 200 1.923506ms
2025/04/01 21:51:11 [GET] ::1 /v1/admin/checkauth 200 2.955985ms
2025/04/01 21:51:11 [GET] ::1 /v1/component 200 1.40105ms
2025/04/01 21:51:12 [GET] ::1 /v1/admin/checkauth 200 2.098195ms
2025/04/01 21:51:12 [GET] ::1 /v1/component 200 2.513093ms
2025/04/01 21:51:12 [GET] ::1 /v1/admin/checkauth 200 1.912622ms
2025/04/01 21:51:12 [GET] ::1 /v1/component 200 1.708134ms
2025/04/01 21:51:12 [GET] ::1 /v1/admin/checkauth 200 2.122632ms
2025/04/01 21:51:12 [GET] ::1 /v1/component 200 2.169214ms
2025/04/01 21:51:40 [GET] ::1 /v1/admin/checkauth 200 4.824821ms
2025/04/01 21:51:40 [GET] ::1 /v1/admin/checkauth 200 3.656902ms
2025/04/01 21:51:40 [GET] ::1 /v1/checkstatus 200 41.115µs
2025/04/01 21:51:42 [GET] ::1 /v1/admin/checkauth 200 3.789871ms
2025/04/01 21:51:42 [GET] ::1 /v1/admin/checkauth 200 3.8998ms
2025/04/01 21:51:43 [GET] ::1 /v1/admin/checkauth 200 2.568673ms
2025/04/01 21:51:43 [GET] ::1 /v1/config 200 2.257194ms
2025/04/01 21:51:43 [GET] ::1 /v1/admin/checkauth 200 2.412236ms
2025/04/01 21:51:43 [GET] ::1 /v1/admin/checkauth 200 2.446466ms
2025/04/01 21:51:43 [GET] ::1 /v1/admin/checkauth 200 2.662038ms
2025/04/01 21:51:43 [GET] ::1 /v1/component 200 1.60628ms
2025/04/01 21:51:43 [GET] ::1 /v1/admin/checkauth 200 1.847305ms
2025/04/01 21:51:44 [GET] ::1 /v1/component 200 2.020453ms
2025/04/01 21:51:53 [GET] ::1 /v1/admin/checkauth 200 2.643601ms
2025/04/01 21:51:53 [GET] ::1 /v1/checkstatus 200 20.889µs
2025/04/01 21:51:54 [GET] ::1 /v1/admin/checkauth 200 2.662449ms
2025/04/01 21:51:54 [GET] ::1 /v1/admin/checkauth 200 3.450595ms
2025/04/01 21:51:55 [GET] ::1 /v1/admin/checkauth 200 2.838177ms
2025/04/01 21:51:55 [GET] ::1 /v1/config 200 2.070231ms
2025/04/01 21:51:55 [GET] ::1 /v1/admin/checkauth 200 1.874658ms
2025/04/01 21:51:55 [GET] ::1 /v1/admin/checkauth 200 5.880279ms
2025/04/01 21:51:55 [GET] ::1 /v1/admin/checkauth 200 3.33283ms
2025/04/01 21:51:55 [GET] ::1 /v1/component 200 1.879101ms
2025/04/01 21:51:56 [GET] ::1 /v1/admin/checkauth 200 2.013693ms
2025/04/01 21:51:56 [GET] ::1 /v1/component 200 1.833739ms
2025/04/01 21:52:28 [GET] ::1 /v1/admin/checkauth 200 5.809305ms
2025/04/01 21:52:28 [GET] ::1 /v1/admin/checkauth 200 3.392629ms
2025/04/01 21:52:29 [GET] ::1 /v1/checkstatus 200 41.609µs
2025/04/01 21:52:31 [GET] ::1 /v1/admin/checkauth 200 2.416269ms
2025/04/01 21:52:32 [GET] ::1 /v1/component 200 1.628809ms
2025/04/01 21:52:32 [GET] ::1 /v1/admin/checkauth 200 2.542918ms
2025/04/01 21:52:32 [GET] ::1 /v1/admin/checkauth 200 2.578163ms
2025/04/01 21:52:32 [GET] ::1 /v1/admin/checkauth 200 2.358444ms
2025/04/01 21:52:32 [GET] ::1 /v1/config 200 1.702168ms
2025/04/01 21:52:32 [GET] ::1 /v1/admin/checkauth 200 7.602179ms
2025/04/01 21:52:33 [GET] ::1 /v1/admin/checkauth 200 1.908987ms
2025/04/01 21:52:33 [GET] ::1 /v1/component 200 1.657796ms
2025/04/01 21:52:33 [GET] ::1 /v1/admin/checkauth 200 3.685348ms
2025/04/01 21:52:34 [GET] ::1 /v1/admin/checkauth 200 2.408429ms
2025/04/01 21:52:34 [GET] ::1 /v1/component 200 1.432224ms
2025/04/01 21:52:34 [GET] ::1 /v1/admin/checkauth 200 2.603098ms
2025/04/01 21:52:34 [GET] ::1 /v1/component 200 1.472908ms
2025/04/01 21:52:34 [GET] ::1 /v1/admin/checkauth 200 2.611647ms
2025/04/01 21:52:34 [GET] ::1 /v1/component 200 2.164226ms
2025/04/01 21:52:34 [GET] ::1 /v1/admin/checkauth 200 5.631396ms
2025/04/01 21:52:34 [GET] ::1 /v1/component 200 1.789059ms
2025/04/01 21:52:35 [GET] ::1 /v1/admin/checkauth 200 5.385341ms
2025/04/01 21:52:35 [GET] ::1 /v1/component 200 1.924269ms
2025/04/01 21:53:09 [GET] ::1 /v1/admin/checkauth 200 4.501515ms
2025/04/01 21:53:09 [PUT] ::1 /v1/admin/configs/20 200 13.820579ms
2025/04/01 21:53:16 [GET] ::1 /v1/admin/checkauth 200 1.935734ms
2025/04/01 21:53:16 [GET] ::1 /v1/checkstatus 200 19.333µs
2025/04/01 21:53:18 [GET] ::1 /v1/admin/checkauth 200 2.176305ms
2025/04/01 21:53:18 [GET] ::1 /v1/component 200 1.894831ms
2025/04/01 21:53:18 [GET] ::1 /v1/admin/checkauth 200 4.445472ms
2025/04/01 21:53:18 [GET] ::1 /v1/admin/checkauth 200 3.124712ms
2025/04/01 21:53:19 [GET] ::1 /v1/admin/checkauth 200 3.36418ms
2025/04/01 21:53:19 [GET] ::1 /v1/config 200 1.654579ms
2025/04/01 21:53:19 [GET] ::1 /v1/admin/checkauth 200 1.994773ms
2025/04/01 21:53:19 [GET] ::1 /v1/admin/checkauth 200 4.025616ms
2025/04/01 21:53:19 [GET] ::1 /v1/component 200 2.025866ms
2025/04/01 21:53:19 [GET] ::1 /v1/admin/checkauth 200 5.400435ms
2025/04/01 21:53:19 [GET] ::1 /v1/admin/checkauth 200 1.676353ms
2025/04/01 21:53:20 [GET] ::1 /v1/component 200 1.707923ms
2025/04/01 21:53:20 [GET] ::1 /v1/admin/checkauth 200 5.694078ms
2025/04/01 21:53:20 [GET] ::1 /v1/component 200 3.609555ms
2025/04/01 21:53:20 [GET] ::1 /v1/admin/checkauth 200 2.666024ms
2025/04/01 21:53:20 [GET] ::1 /v1/component 200 1.469414ms
2025/04/01 21:53:36 [GET] ::1 /v1/admin/checkauth 200 3.3505ms
2025/04/01 21:53:36 [GET] ::1 /v1/admin/checkauth 200 4.093266ms
2025/04/01 21:53:36 [GET] ::1 /v1/checkstatus 200 14.58µs
2025/04/01 21:53:38 [GET] ::1 /v1/admin/checkauth 200 2.726532ms
2025/04/01 21:53:39 [GET] ::1 /v1/component 200 1.449378ms
2025/04/01 21:53:39 [GET] ::1 /v1/admin/checkauth 200 3.029856ms
2025/04/01 21:53:39 [GET] ::1 /v1/admin/checkauth 200 2.653725ms
2025/04/01 21:53:39 [GET] ::1 /v1/admin/checkauth 200 2.19093ms
2025/04/01 21:53:39 [GET] ::1 /v1/config 200 1.952269ms
2025/04/01 21:53:39 [GET] ::1 /v1/admin/checkauth 200 2.033714ms
2025/04/01 21:53:39 [GET] ::1 /v1/admin/checkauth 200 3.006133ms
2025/04/01 21:53:40 [GET] ::1 /v1/component 200 2.023707ms
2025/04/01 21:53:40 [GET] ::1 /v1/admin/checkauth 200 3.620741ms
2025/04/01 21:53:40 [GET] ::1 /v1/admin/checkauth 200 4.212215ms
2025/04/01 21:53:40 [GET] ::1 /v1/component 200 1.79416ms
2025/04/01 21:53:40 [GET] ::1 /v1/admin/checkauth 200 2.553948ms
2025/04/01 21:53:40 [GET] ::1 /v1/component 200 1.881088ms
2025/04/01 21:53:41 [GET] ::1 /v1/admin/checkauth 200 3.815541ms
2025/04/01 21:53:41 [GET] ::1 /v1/component 200 1.955796ms
2025/04/01 21:53:41 [GET] ::1 /v1/admin/checkauth 200 2.127074ms
2025/04/01 21:53:41 [GET] ::1 /v1/component 200 1.509526ms
2025/04/01 21:53:57 [GET] ::1 /v1/admin/checkauth 200 2.812341ms
2025/04/01 21:53:57 [PUT] ::1 /v1/admin/configs/20 200 8.599424ms
2025/04/01 21:54:01 [GET] ::1 /v1/admin/checkauth 200 1.753905ms
2025/04/01 21:54:02 [GET] ::1 /v1/checkstatus 200 19.62µs
2025/04/01 21:54:03 [GET] ::1 /v1/admin/checkauth 200 3.754821ms
2025/04/01 21:54:03 [GET] ::1 /v1/component 200 1.792694ms
2025/04/01 21:54:03 [GET] ::1 /v1/admin/checkauth 200 6.049361ms
2025/04/01 21:54:03 [GET] ::1 /v1/admin/checkauth 200 3.242873ms
2025/04/01 21:54:04 [GET] ::1 /v1/admin/checkauth 200 6.362697ms
2025/04/01 21:54:04 [GET] ::1 /v1/config 200 1.55777ms
2025/04/01 21:54:04 [GET] ::1 /v1/admin/checkauth 200 5.678125ms
2025/04/01 21:54:04 [GET] ::1 /v1/admin/checkauth 200 2.567677ms
2025/04/01 21:54:04 [GET] ::1 /v1/component 200 1.402468ms
2025/04/01 21:54:04 [GET] ::1 /v1/admin/checkauth 200 1.616331ms
2025/04/01 21:54:05 [GET] ::1 /v1/admin/checkauth 200 2.949636ms
2025/04/01 21:54:05 [GET] ::1 /v1/component 200 2.029695ms
2025/04/01 21:54:05 [GET] ::1 /v1/admin/checkauth 200 3.597771ms
2025/04/01 21:54:05 [GET] ::1 /v1/component 200 1.301969ms
2025/04/01 21:54:05 [GET] ::1 /v1/admin/checkauth 200 2.268639ms
2025/04/01 21:54:05 [GET] ::1 /v1/component 200 1.474574ms
2025/04/01 21:54:05 [GET] ::1 /v1/admin/checkauth 200 2.404096ms
2025/04/01 21:54:06 [GET] ::1 /v1/component 200 1.278743ms
2025/04/01 21:54:25 [GET] ::1 /v1/admin/checkauth 200 4.724091ms
2025/04/01 21:54:25 [PUT] ::1 /v1/admin/configs/20 200 11.246049ms
2025/04/01 21:54:31 [GET] ::1 /v1/admin/checkauth 200 1.981902ms
2025/04/01 21:54:31 [GET] ::1 /v1/checkstatus 200 26.768µs
2025/04/01 21:54:32 [GET] ::1 /v1/admin/checkauth 200 7.121913ms
2025/04/01 21:54:32 [GET] ::1 /v1/component 200 2.247834ms
2025/04/01 21:54:32 [GET] ::1 /v1/admin/checkauth 200 4.429773ms
2025/04/01 21:54:32 [GET] ::1 /v1/admin/checkauth 200 3.1887ms
2025/04/01 21:54:33 [GET] ::1 /v1/admin/checkauth 200 2.242787ms
2025/04/01 21:54:33 [GET] ::1 /v1/config 200 1.653907ms
2025/04/01 21:54:33 [GET] ::1 /v1/admin/checkauth 200 2.527361ms
2025/04/01 21:54:33 [GET] ::1 /v1/admin/checkauth 200 3.591353ms
2025/04/01 21:54:33 [GET] ::1 /v1/component 200 1.925259ms
2025/04/01 21:54:33 [GET] ::1 /v1/admin/checkauth 200 2.54216ms
2025/04/01 21:54:34 [GET] ::1 /v1/admin/checkauth 200 2.230588ms
2025/04/01 21:54:34 [GET] ::1 /v1/component 200 1.347054ms
2025/04/01 21:54:34 [GET] ::1 /v1/admin/checkauth 200 3.50541ms
2025/04/01 21:54:34 [GET] ::1 /v1/component 200 2.048141ms
2025/04/01 21:54:34 [GET] ::1 /v1/admin/checkauth 200 2.429421ms
2025/04/01 21:54:34 [GET] ::1 /v1/component 200 2.023111ms
2025/04/01 21:54:34 [GET] ::1 /v1/admin/checkauth 200 4.738906ms
2025/04/01 21:54:35 [GET] ::1 /v1/component 200 4.352955ms
2025/04/01 21:54:50 [GET] ::1 /v1/admin/checkauth 200 2.483496ms
2025/04/01 21:54:51 [PUT] ::1 /v1/admin/configs/20 200 10.843585ms
2025/04/01 21:54:55 [GET] ::1 /v1/admin/checkauth 200 2.775829ms
2025/04/01 21:54:55 [GET] ::1 /v1/component 200 2.013018ms
2025/04/01 21:54:56 [GET] ::1 /v1/admin/checkauth 200 1.639937ms
2025/04/01 21:54:56 [GET] ::1 /v1/component 200 1.258603ms
2025/04/01 21:55:03 [GET] ::1 /v1/admin/checkauth 200 1.99278ms
2025/04/01 21:55:03 [PUT] ::1 /v1/admin/configs/20 200 3.632442ms
2025/04/01 21:55:05 [GET] ::1 /v1/admin/checkauth 200 1.459478ms
2025/04/01 21:55:05 [GET] ::1 /v1/checkstatus 200 15.581µs
2025/04/01 21:55:07 [GET] ::1 /v1/admin/checkauth 200 3.468338ms
2025/04/01 21:55:07 [GET] ::1 /v1/component 200 1.489271ms
2025/04/01 21:55:07 [GET] ::1 /v1/admin/checkauth 200 3.721812ms
2025/04/01 21:55:07 [GET] ::1 /v1/admin/checkauth 200 2.307354ms
2025/04/01 21:55:07 [GET] ::1 /v1/admin/checkauth 200 2.545184ms
2025/04/01 21:55:07 [GET] ::1 /v1/config 200 1.538683ms
2025/04/01 21:55:07 [GET] ::1 /v1/admin/checkauth 200 3.899502ms
2025/04/01 21:55:08 [GET] ::1 /v1/admin/checkauth 200 1.867567ms
2025/04/01 21:55:08 [GET] ::1 /v1/component 200 3.227709ms
2025/04/01 21:55:08 [GET] ::1 /v1/admin/checkauth 200 2.006173ms
2025/04/01 21:55:08 [GET] ::1 /v1/admin/checkauth 200 2.44185ms
2025/04/01 21:55:08 [GET] ::1 /v1/component 200 1.653935ms
2025/04/01 21:55:09 [GET] ::1 /v1/admin/checkauth 200 3.564305ms
2025/04/01 21:55:09 [GET] ::1 /v1/component 200 2.713776ms
2025/04/01 21:56:50 [GET] ::1 /v1/admin/checkauth 200 4.871038ms
2025/04/01 21:56:50 [GET] ::1 /v1/component 200 2.219288ms
2025/04/01 21:56:53 [GET] ::1 /v1/admin/checkauth 200 2.15003ms
2025/04/01 21:56:53 [GET] ::1 /v1/checkstatus 200 20.194µs
2025/04/01 21:56:55 [GET] ::1 /v1/admin/checkauth 200 7.119528ms
2025/04/01 21:56:55 [GET] ::1 /v1/component 200 1.947017ms
2025/04/01 21:56:55 [GET] ::1 /v1/admin/checkauth 200 3.000935ms
2025/04/01 21:56:55 [GET] ::1 /v1/admin/checkauth 200 2.227033ms
2025/04/01 21:56:55 [GET] ::1 /v1/admin/checkauth 200 2.548763ms
2025/04/01 21:56:56 [GET] ::1 /v1/config 200 2.022062ms
2025/04/01 21:56:56 [GET] ::1 /v1/admin/checkauth 200 2.17739ms
2025/04/01 21:56:56 [GET] ::1 /v1/admin/checkauth 200 4.359488ms
2025/04/01 21:56:56 [GET] ::1 /v1/component 200 1.558126ms
2025/04/01 21:56:56 [GET] ::1 /v1/admin/checkauth 200 3.775339ms
2025/04/01 21:56:56 [GET] ::1 /v1/admin/checkauth 200 3.706565ms
2025/04/01 21:56:56 [GET] ::1 /v1/component 200 2.52183ms
2025/04/01 21:56:57 [GET] ::1 /v1/admin/checkauth 200 2.264194ms
2025/04/01 21:56:57 [GET] ::1 /v1/component 200 1.354262ms
2025/04/01 22:00:17 [GET] ::1 /v1/admin/checkauth 200 5.308492ms
2025/04/01 22:00:17 [GET] ::1 /v1/component 200 2.300884ms
2025/04/01 22:00:17 [GET] ::1 /v1/admin/checkauth 200 2.173032ms
2025/04/01 22:00:17 [GET] ::1 /v1/component 200 1.762135ms
2025/04/01 22:00:17 [GET] ::1 /v1/admin/checkauth 200 2.652171ms
2025/04/01 22:00:18 [GET] ::1 /v1/component 200 1.627923ms
2025/04/01 22:00:18 [GET] ::1 /v1/admin/checkauth 200 2.92742ms
2025/04/01 22:00:18 [GET] ::1 /v1/component 200 1.88633ms
2025/04/01 22:00:18 [GET] ::1 /v1/admin/checkauth 200 1.556641ms
2025/04/01 22:00:18 [GET] ::1 /v1/component 200 1.443065ms
2025/04/01 22:00:18 [GET] ::1 /v1/admin/checkauth 200 3.253828ms
2025/04/01 22:00:19 [GET] ::1 /v1/component 200 2.295304ms
2025/04/01 22:00:19 [GET] ::1 /v1/admin/checkauth 200 2.093834ms
2025/04/01 22:00:19 [GET] ::1 /v1/component 200 1.327093ms
2025/04/01 22:00:19 [GET] ::1 /v1/admin/checkauth 200 2.826117ms
2025/04/01 22:00:19 [GET] ::1 /v1/component 200 3.637578ms
2025/04/01 22:00:19 [GET] ::1 /v1/admin/checkauth 200 1.82558ms
2025/04/01 22:00:19 [GET] ::1 /v1/component 200 1.9712ms
2025/04/01 22:00:20 [GET] ::1 /v1/admin/checkauth 200 4.140523ms
2025/04/01 22:00:20 [GET] ::1 /v1/component 200 1.799273ms
2025/04/01 22:00:20 [GET] ::1 /v1/admin/checkauth 200 2.238806ms
2025/04/01 22:00:20 [GET] ::1 /v1/component 200 1.958198ms
2025/04/01 22:00:20 [GET] ::1 /v1/admin/checkauth 200 2.922339ms
2025/04/01 22:00:20 [GET] ::1 /v1/component 200 1.402455ms
2025/04/01 22:00:20 [GET] ::1 /v1/admin/checkauth 200 2.069355ms
2025/04/01 22:00:21 [GET] ::1 /v1/component 200 1.687631ms
2025/04/01 22:00:21 [GET] ::1 /v1/admin/checkauth 200 3.678012ms
2025/04/01 22:00:21 [GET] ::1 /v1/component 200 1.616732ms
2025/04/01 22:00:21 [GET] ::1 /v1/admin/checkauth 200 3.069013ms
2025/04/01 22:00:21 [GET] ::1 /v1/component 200 1.523892ms
2025/04/01 22:00:21 [GET] ::1 /v1/admin/checkauth 200 6.345376ms
2025/04/01 22:00:21 [GET] ::1 /v1/component 200 1.447644ms
2025/04/01 22:00:22 [GET] ::1 /v1/admin/checkauth 200 4.50346ms
2025/04/01 22:00:22 [GET] ::1 /v1/component 200 2.949225ms
2025/04/01 22:00:22 [GET] ::1 /v1/admin/checkauth 200 2.727412ms
2025/04/01 22:00:22 [GET] ::1 /v1/component 200 1.770631ms
2025/04/01 22:00:22 [GET] ::1 /v1/admin/checkauth 200 2.751499ms
2025/04/01 22:00:22 [GET] ::1 /v1/component 200 2.184937ms
2025/04/01 22:00:23 [GET] ::1 /v1/admin/checkauth 200 2.055256ms
2025/04/01 22:00:23 [GET] ::1 /v1/component 200 2.366544ms
2025/04/01 22:00:23 [GET] ::1 /v1/admin/checkauth 200 2.788498ms
2025/04/01 22:00:23 [GET] ::1 /v1/component 200 1.614867ms
2025/04/01 22:00:23 [GET] ::1 /v1/admin/checkauth 200 2.668556ms
2025/04/01 22:00:23 [GET] ::1 /v1/component 200 1.271487ms
2025/04/01 22:00:24 [GET] ::1 /v1/admin/checkauth 200 2.977712ms
2025/04/01 22:00:24 [GET] ::1 /v1/component 200 1.900527ms
2025/04/01 22:00:24 [GET] ::1 /v1/admin/checkauth 200 4.373825ms
2025/04/01 22:00:24 [GET] ::1 /v1/component 200 1.569187ms
2025/04/01 22:00:24 [GET] ::1 /v1/admin/checkauth 200 2.636042ms
2025/04/01 22:00:24 [GET] ::1 /v1/component 200 1.914845ms
2025/04/01 22:00:24 [GET] ::1 /v1/admin/checkauth 200 4.370932ms
2025/04/01 22:00:25 [GET] ::1 /v1/component 200 2.390052ms
2025/04/01 22:00:25 [GET] ::1 /v1/admin/checkauth 200 4.772885ms
2025/04/01 22:00:25 [GET] ::1 /v1/component 200 5.223876ms
2025/04/01 22:00:25 [GET] ::1 /v1/admin/checkauth 200 2.904194ms
2025/04/01 22:00:25 [GET] ::1 /v1/component 200 1.465473ms
2025/04/01 22:00:25 [GET] ::1 /v1/admin/checkauth 200 2.509917ms
2025/04/01 22:00:26 [GET] ::1 /v1/component 200 4.314966ms
2025/04/01 22:00:26 [GET] ::1 /v1/admin/checkauth 200 2.27686ms
2025/04/01 22:00:26 [GET] ::1 /v1/component 200 1.529169ms
2025/04/01 22:00:26 [GET] ::1 /v1/admin/checkauth 200 2.703663ms
2025/04/01 22:00:26 [GET] ::1 /v1/component 200 1.495709ms
2025/04/01 22:00:26 [GET] ::1 /v1/admin/checkauth 200 2.366771ms
2025/04/01 22:00:27 [GET] ::1 /v1/component 200 1.62516ms
2025/04/01 22:00:27 [GET] ::1 /v1/admin/checkauth 200 2.550894ms
2025/04/01 22:00:27 [GET] ::1 /v1/component 200 1.245514ms
2025/04/01 22:00:27 [GET] ::1 /v1/admin/checkauth 200 7.467356ms
2025/04/01 22:00:27 [GET] ::1 /v1/component 200 1.372295ms
2025/04/01 22:00:27 [GET] ::1 /v1/admin/checkauth 200 2.874622ms
2025/04/01 22:00:27 [GET] ::1 /v1/component 200 1.881923ms
2025/04/01 22:00:28 [GET] ::1 /v1/admin/checkauth 200 2.18097ms
2025/04/01 22:00:28 [GET] ::1 /v1/component 200 1.579572ms
2025/04/01 22:00:28 [GET] ::1 /v1/admin/checkauth 200 3.383104ms
2025/04/01 22:00:28 [GET] ::1 /v1/component 200 2.451854ms
2025/04/01 22:00:28 [GET] ::1 /v1/admin/checkauth 200 3.86208ms
2025/04/01 22:00:29 [GET] ::1 /v1/component 200 1.60468ms
2025/04/01 22:00:29 [GET] ::1 /v1/admin/checkauth 200 3.840905ms
2025/04/01 22:00:29 [GET] ::1 /v1/component 200 1.267437ms
2025/04/01 22:00:29 [GET] ::1 /v1/admin/checkauth 200 2.199191ms
2025/04/01 22:00:29 [GET] ::1 /v1/component 200 3.495386ms
2025/04/01 22:00:29 [GET] ::1 /v1/admin/checkauth 200 3.114581ms
2025/04/01 22:00:30 [GET] ::1 /v1/component 200 1.982847ms
2025/04/01 22:00:30 [GET] ::1 /v1/admin/checkauth 200 3.099137ms
2025/04/01 22:00:30 [GET] ::1 /v1/component 200 2.314503ms
2025/04/01 22:01:12 [GET] ::1 /v1/admin/checkauth 200 2.253394ms
2025/04/01 22:01:17 [GET] ::1 /v1/checkstatus 200 53.032µs
2025/04/01 22:01:18 [GET] ::1 /v1/admin/checkauth 200 6.020427ms
2025/04/01 22:01:18 [GET] ::1 /v1/component 200 2.403291ms
2025/04/01 22:01:19 [GET] ::1 /v1/admin/checkauth 200 2.69638ms
2025/04/01 22:01:19 [GET] ::1 /v1/admin/checkauth 200 5.015487ms
2025/04/01 22:01:19 [GET] ::1 /v1/admin/checkauth 200 4.075052ms
2025/04/01 22:01:19 [GET] ::1 /v1/config 200 1.628085ms
2025/04/01 22:01:19 [GET] ::1 /v1/admin/checkauth 200 2.18391ms
2025/04/01 22:01:19 [GET] ::1 /v1/component 200 1.411929ms
2025/04/01 22:01:19 [GET] ::1 /v1/admin/checkauth 200 2.30832ms
2025/04/01 22:01:19 [GET] ::1 /v1/admin/checkauth 200 2.378334ms
2025/04/01 22:01:20 [GET] ::1 /v1/component 200 2.038329ms
2025/04/01 22:01:20 [GET] ::1 /v1/admin/checkauth 200 4.486231ms
2025/04/01 22:01:20 [GET] ::1 /v1/admin/checkauth 200 3.323924ms
2025/04/01 22:01:20 [GET] ::1 /v1/component 200 1.719111ms
2025/04/01 22:01:20 [GET] ::1 /v1/admin/checkauth 200 1.904071ms
2025/04/01 22:01:20 [GET] ::1 /v1/component 200 1.146475ms
2025/04/01 22:01:20 [GET] ::1 /v1/admin/checkauth 200 2.068874ms
2025/04/01 22:01:20 [GET] ::1 /v1/component 200 4.26425ms
2025/04/01 22:01:21 [GET] ::1 /v1/admin/checkauth 200 2.04608ms
2025/04/01 22:01:21 [GET] ::1 /v1/component 200 1.365003ms
2025/04/01 22:01:21 [GET] ::1 /v1/admin/checkauth 200 2.271747ms
2025/04/01 22:01:21 [GET] ::1 /v1/component 200 2.982424ms
2025/04/01 22:01:21 [GET] ::1 /v1/admin/checkauth 200 2.57489ms
2025/04/01 22:01:21 [GET] ::1 /v1/component 200 1.691753ms
2025/04/01 22:01:21 [GET] ::1 /v1/admin/checkauth 200 2.577023ms
2025/04/01 22:01:21 [GET] ::1 /v1/component 200 1.622824ms
2025/04/01 22:01:22 [GET] ::1 /v1/admin/checkauth 200 2.875787ms
2025/04/01 22:01:22 [GET] ::1 /v1/component 200 1.479703ms
2025/04/01 22:01:22 [GET] ::1 /v1/admin/checkauth 200 1.983865ms
2025/04/01 22:01:22 [GET] ::1 /v1/component 200 1.572097ms
2025/04/01 22:01:22 [GET] ::1 /v1/admin/checkauth 200 2.702462ms
2025/04/01 22:01:22 [GET] ::1 /v1/component 200 1.36545ms
2025/04/01 22:01:22 [GET] ::1 /v1/admin/checkauth 200 2.907447ms
2025/04/01 22:01:22 [GET] ::1 /v1/component 200 2.429726ms
2025/04/01 22:01:23 [GET] ::1 /v1/admin/checkauth 200 3.950265ms
2025/04/01 22:01:23 [GET] ::1 /v1/component 200 1.491198ms
2025/04/01 22:01:23 [GET] ::1 /v1/admin/checkauth 200 3.35895ms
2025/04/01 22:01:23 [GET] ::1 /v1/component 200 2.010275ms
2025/04/01 22:01:23 [GET] ::1 /v1/admin/checkauth 200 2.258363ms
2025/04/01 22:01:23 [GET] ::1 /v1/component 200 1.57313ms
2025/04/01 22:01:23 [GET] ::1 /v1/admin/checkauth 200 1.755838ms
2025/04/01 22:01:23 [GET] ::1 /v1/component 200 1.422226ms
2025/04/01 22:01:24 [GET] ::1 /v1/admin/checkauth 200 2.449526ms
2025/04/01 22:01:24 [GET] ::1 /v1/component 200 2.027662ms
2025/04/01 22:01:24 [GET] ::1 /v1/admin/checkauth 200 1.689911ms
2025/04/01 22:01:24 [GET] ::1 /v1/component 200 1.478853ms
2025/04/01 22:01:24 [GET] ::1 /v1/admin/checkauth 200 2.761784ms
2025/04/01 22:01:24 [GET] ::1 /v1/component 200 1.68121ms
2025/04/01 22:01:24 [GET] ::1 /v1/admin/checkauth 200 2.754467ms
2025/04/01 22:01:24 [GET] ::1 /v1/component 200 1.334185ms
2025/04/01 22:01:25 [GET] ::1 /v1/admin/checkauth 200 1.834874ms
2025/04/01 22:01:25 [GET] ::1 /v1/component 200 1.252462ms
2025/04/01 22:01:25 [GET] ::1 /v1/admin/checkauth 200 2.406703ms
2025/04/01 22:01:25 [GET] ::1 /v1/component 200 1.437729ms
2025/04/01 22:01:25 [GET] ::1 /v1/admin/checkauth 200 4.570117ms
2025/04/01 22:01:25 [GET] ::1 /v1/component 200 5.582077ms
2025/04/01 22:01:25 [GET] ::1 /v1/admin/checkauth 200 8.635067ms
2025/04/01 22:01:25 [GET] ::1 /v1/component 200 3.833918ms
2025/04/01 22:01:26 [GET] ::1 /v1/admin/checkauth 200 2.808184ms
2025/04/01 22:01:26 [GET] ::1 /v1/component 200 1.41999ms
2025/04/01 22:01:26 [GET] ::1 /v1/admin/checkauth 200 1.815568ms
2025/04/01 22:01:26 [GET] ::1 /v1/component 200 1.37207ms
2025/04/01 22:01:26 [GET] ::1 /v1/admin/checkauth 200 4.258756ms
2025/04/01 22:01:26 [GET] ::1 /v1/component 200 1.383588ms
2025/04/01 22:01:26 [GET] ::1 /v1/admin/checkauth 200 2.263418ms
2025/04/01 22:01:27 [GET] ::1 /v1/component 200 1.415678ms
2025/04/01 22:01:27 [GET] ::1 /v1/admin/checkauth 200 8.120756ms
2025/04/01 22:01:27 [GET] ::1 /v1/component 200 2.861472ms
2025/04/01 22:01:27 [GET] ::1 /v1/admin/checkauth 200 2.233023ms
2025/04/01 22:01:27 [GET] ::1 /v1/component 200 1.766116ms
2025/04/01 22:01:27 [GET] ::1 /v1/admin/checkauth 200 2.654078ms
2025/04/01 22:01:28 [GET] ::1 /v1/component 200 1.647391ms
2025/04/01 22:01:28 [GET] ::1 /v1/admin/checkauth 200 2.505542ms
2025/04/01 22:01:28 [GET] ::1 /v1/component 200 7.724403ms
2025/04/01 22:01:42 [GET] ::1 /v1/admin/checkauth 200 1.727539ms
2025/04/01 22:01:47 [GET] ::1 /v1/checkstatus 200 58.585µs
2025/04/01 22:01:49 [GET] ::1 /v1/admin/checkauth 200 6.411607ms
2025/04/01 22:01:49 [GET] ::1 /v1/component 200 1.93143ms
2025/04/01 22:01:49 [GET] ::1 /v1/admin/checkauth 200 2.626896ms
2025/04/01 22:01:49 [GET] ::1 /v1/admin/checkauth 200 2.721096ms
2025/04/01 22:01:50 [GET] ::1 /v1/admin/checkauth 200 1.927156ms
2025/04/01 22:01:50 [GET] ::1 /v1/config 200 1.481921ms
2025/04/01 22:01:50 [GET] ::1 /v1/admin/checkauth 200 1.883009ms
2025/04/01 22:01:50 [GET] ::1 /v1/admin/checkauth 200 2.899242ms
2025/04/01 22:01:50 [GET] ::1 /v1/component 200 1.804794ms
2025/04/01 22:01:50 [GET] ::1 /v1/admin/checkauth 200 3.792243ms
2025/04/01 22:01:50 [GET] ::1 /v1/admin/checkauth 200 3.606612ms
2025/04/01 22:01:51 [GET] ::1 /v1/component 200 2.402788ms
2025/04/01 22:01:51 [GET] ::1 /v1/admin/checkauth 200 2.282818ms
2025/04/01 22:01:51 [GET] ::1 /v1/component 200 2.141415ms
2025/04/01 22:03:21 [GET] ::1 /v1/admin/checkauth 200 4.446714ms
2025/04/01 22:03:21 [GET] ::1 /v1/component 200 2.104193ms
2025/04/01 22:03:24 [GET] ::1 /v1/admin/checkauth 200 3.843755ms
2025/04/01 22:03:24 [GET] ::1 /v1/checkstatus 200 19.075µs
2025/04/01 22:03:26 [GET] ::1 /v1/admin/checkauth 200 3.389063ms
2025/04/01 22:03:26 [GET] ::1 /v1/component 200 2.704692ms
2025/04/01 22:03:26 [GET] ::1 /v1/admin/checkauth 200 2.537066ms
2025/04/01 22:03:26 [GET] ::1 /v1/admin/checkauth 200 3.198738ms
2025/04/01 22:03:26 [GET] ::1 /v1/admin/checkauth 200 1.835409ms
2025/04/01 22:03:26 [GET] ::1 /v1/config 200 1.341885ms
2025/04/01 22:03:27 [GET] ::1 /v1/admin/checkauth 200 1.491322ms
2025/04/01 22:03:27 [GET] ::1 /v1/admin/checkauth 200 9.724657ms
2025/04/01 22:03:27 [GET] ::1 /v1/component 200 3.153235ms
2025/04/01 22:03:27 [GET] ::1 /v1/admin/checkauth 200 2.179622ms
2025/04/01 22:03:27 [GET] ::1 /v1/admin/checkauth 200 7.208684ms
2025/04/01 22:03:27 [GET] ::1 /v1/component 200 1.757908ms
2025/04/01 22:03:28 [GET] ::1 /v1/admin/checkauth 200 1.944922ms
2025/04/01 22:03:28 [GET] ::1 /v1/component 200 1.238239ms
2025/04/01 22:05:04 [GET] ::1 /v1/admin/checkauth 200 4.376286ms
2025/04/01 22:05:05 [GET] ::1 /v1/component 200 2.971185ms
2025/04/01 22:05:08 [GET] ::1 /v1/admin/checkauth 200 3.58271ms
2025/04/01 22:05:08 [GET] ::1 /v1/checkstatus 200 36.197µs
2025/04/01 22:05:09 [GET] ::1 /v1/admin/checkauth 200 2.329514ms
2025/04/01 22:05:09 [GET] ::1 /v1/component 200 1.723907ms
2025/04/01 22:05:10 [GET] ::1 /v1/admin/checkauth 200 3.035124ms
2025/04/01 22:05:10 [GET] ::1 /v1/admin/checkauth 200 5.129064ms
2025/04/01 22:05:10 [GET] ::1 /v1/admin/checkauth 200 2.343869ms
2025/04/01 22:05:10 [GET] ::1 /v1/config 200 1.707892ms
2025/04/01 22:05:10 [GET] ::1 /v1/admin/checkauth 200 1.710545ms
2025/04/01 22:05:10 [GET] ::1 /v1/admin/checkauth 200 4.417511ms
2025/04/01 22:05:10 [GET] ::1 /v1/component 200 1.804973ms
2025/04/01 22:05:10 [GET] ::1 /v1/admin/checkauth 200 2.388242ms
2025/04/01 22:05:11 [GET] ::1 /v1/admin/checkauth 200 3.196441ms
2025/04/01 22:05:11 [GET] ::1 /v1/component 200 1.672056ms
2025/04/01 22:05:11 [GET] ::1 /v1/admin/checkauth 200 2.057934ms
2025/04/01 22:05:11 [GET] ::1 /v1/component 200 1.242411ms
2025/04/01 22:06:52 [GET] ::1 /v1/admin/checkauth 200 5.687267ms
2025/04/01 22:06:52 [GET] ::1 /v1/checkstatus 200 34.819µs
2025/04/01 22:06:54 [GET] ::1 /v1/admin/checkauth 200 2.812932ms
2025/04/01 22:06:54 [GET] ::1 /v1/component 200 1.719455ms
2025/04/01 22:06:54 [GET] ::1 /v1/admin/checkauth 200 2.201482ms
2025/04/01 22:06:54 [GET] ::1 /v1/admin/checkauth 200 2.283334ms
2025/04/01 22:06:54 [GET] ::1 /v1/admin/checkauth 200 4.49452ms
2025/04/01 22:06:54 [GET] ::1 /v1/config 200 6.418203ms
2025/04/01 22:06:54 [GET] ::1 /v1/admin/checkauth 200 2.182771ms
2025/04/01 22:06:54 [GET] ::1 /v1/admin/checkauth 200 2.26217ms
2025/04/01 22:06:54 [GET] ::1 /v1/component 200 1.7187ms
2025/04/01 22:06:54 [GET] ::1 /v1/admin/checkauth 200 3.586602ms
2025/04/01 22:06:55 [GET] ::1 /v1/admin/checkauth 200 2.315544ms
2025/04/01 22:06:55 [GET] ::1 /v1/component 200 1.66193ms
2025/04/01 22:06:55 [GET] ::1 /v1/admin/checkauth 200 2.464444ms
2025/04/01 22:06:55 [GET] ::1 /v1/component 200 1.300237ms
2025/04/01 22:07:31 [GET] ::1 /v1/admin/checkauth 200 2.863965ms
2025/04/01 22:07:31 [GET] ::1 /v1/checkstatus 200 23.63µs
2025/04/01 22:07:33 [GET] ::1 /v1/admin/checkauth 200 3.03192ms
2025/04/01 22:07:33 [GET] ::1 /v1/component 200 2.096431ms
2025/04/01 22:07:33 [GET] ::1 /v1/admin/checkauth 200 4.168443ms
2025/04/01 22:07:33 [GET] ::1 /v1/admin/checkauth 200 2.905011ms
2025/04/01 22:07:33 [GET] ::1 /v1/admin/checkauth 200 2.510171ms
2025/04/01 22:07:33 [GET] ::1 /v1/config 200 1.626068ms
2025/04/01 22:07:33 [GET] ::1 /v1/admin/checkauth 200 2.055909ms
2025/04/01 22:07:33 [GET] ::1 /v1/admin/checkauth 200 3.841556ms
2025/04/01 22:07:33 [GET] ::1 /v1/component 200 4.506444ms
2025/04/01 22:07:34 [GET] ::1 /v1/admin/checkauth 200 4.865165ms
2025/04/01 22:07:34 [GET] ::1 /v1/admin/checkauth 200 4.108666ms
2025/04/01 22:07:34 [GET] ::1 /v1/component 200 4.231184ms
2025/04/01 22:07:34 [GET] ::1 /v1/admin/checkauth 200 3.935936ms
2025/04/01 22:07:34 [GET] ::1 /v1/component 200 2.078746ms
2025/04/01 22:08:06 [GET] ::1 /v1/admin/checkauth 200 3.718115ms
2025/04/01 22:08:06 [GET] ::1 /v1/checkstatus 200 17.683µs
2025/04/01 22:08:08 [GET] ::1 /v1/admin/checkauth 200 2.477423ms
2025/04/01 22:08:08 [GET] ::1 /v1/admin/checkauth 200 2.471831ms
2025/04/01 22:08:08 [GET] ::1 /v1/admin/checkauth 200 2.948219ms
2025/04/01 22:08:08 [GET] ::1 /v1/config 200 1.923608ms
2025/04/01 22:08:08 [GET] ::1 /v1/admin/checkauth 200 1.736442ms
2025/04/01 22:08:08 [GET] ::1 /v1/admin/checkauth 200 2.139202ms
2025/04/01 22:08:57 [GET] ::1 /v1/admin/checkauth 200 1.955668ms
2025/04/01 22:08:57 [GET] ::1 /v1/component 200 1.82038ms
2025/04/01 22:09:00 [GET] ::1 /v1/admin/checkauth 200 2.292256ms
2025/04/01 22:09:00 [GET] ::1 /v1/checkstatus 200 23.847µs
2025/04/01 22:09:01 [GET] ::1 /v1/admin/checkauth 200 2.298255ms
2025/04/01 22:09:01 [GET] ::1 /v1/component 200 1.850535ms
2025/04/01 22:09:01 [GET] ::1 /v1/admin/checkauth 200 1.802825ms
2025/04/01 22:09:01 [GET] ::1 /v1/admin/checkauth 200 2.361244ms
2025/04/01 22:09:01 [GET] ::1 /v1/admin/checkauth 200 2.772621ms
2025/04/01 22:09:01 [GET] ::1 /v1/config 200 1.930306ms
2025/04/01 22:09:02 [GET] ::1 /v1/admin/checkauth 200 6.257376ms
2025/04/01 22:09:02 [GET] ::1 /v1/admin/checkauth 200 5.326686ms
2025/04/01 22:09:02 [GET] ::1 /v1/component 200 1.278162ms
2025/04/01 22:09:02 [GET] ::1 /v1/admin/checkauth 200 1.757838ms
2025/04/01 22:09:02 [GET] ::1 /v1/admin/checkauth 200 2.533583ms
2025/04/01 22:09:02 [GET] ::1 /v1/component 200 1.227854ms
2025/04/01 22:09:02 [GET] ::1 /v1/admin/checkauth 200 2.033535ms
2025/04/01 22:09:02 [GET] ::1 /v1/component 200 1.309351ms
2025/04/01 22:09:21 [GET] ::1 /v1/admin/checkauth 200 5.236192ms
2025/04/01 22:09:22 [GET] ::1 /v1/component 200 2.248683ms
2025/04/01 22:09:24 [GET] ::1 /v1/admin/checkauth 200 7.124331ms
2025/04/01 22:09:24 [GET] ::1 /v1/checkstatus 200 16.748µs
2025/04/01 22:09:25 [GET] ::1 /v1/admin/checkauth 200 4.398006ms
2025/04/01 22:09:25 [GET] ::1 /v1/component 200 4.379126ms
2025/04/01 22:09:26 [GET] ::1 /v1/admin/checkauth 200 3.055527ms
2025/04/01 22:09:26 [GET] ::1 /v1/admin/checkauth 200 4.093431ms
2025/04/01 22:09:26 [GET] ::1 /v1/admin/checkauth 200 3.57967ms
2025/04/01 22:09:26 [GET] ::1 /v1/config 200 2.304375ms
2025/04/01 22:09:26 [GET] ::1 /v1/admin/checkauth 200 4.149234ms
2025/04/01 22:09:26 [GET] ::1 /v1/admin/checkauth 200 2.658651ms
2025/04/01 22:09:26 [GET] ::1 /v1/component 200 1.4719ms
2025/04/01 22:09:26 [GET] ::1 /v1/admin/checkauth 200 9.929766ms
2025/04/01 22:09:27 [GET] ::1 /v1/admin/checkauth 200 2.231384ms
2025/04/01 22:09:27 [GET] ::1 /v1/component 200 3.760022ms
2025/04/01 22:09:27 [GET] ::1 /v1/admin/checkauth 200 2.360186ms
2025/04/01 22:09:27 [GET] ::1 /v1/component 200 2.203163ms
2025/04/01 22:09:38 [GET] ::1 /v1/admin/checkauth 200 2.789054ms
2025/04/01 22:09:38 [GET] ::1 /v1/checkstatus 200 15.25µs
2025/04/01 22:09:40 [GET] ::1 /v1/admin/checkauth 200 2.463276ms
2025/04/01 22:09:40 [GET] ::1 /v1/component 200 2.070171ms
2025/04/01 22:09:40 [GET] ::1 /v1/admin/checkauth 200 10.643131ms
2025/04/01 22:09:40 [GET] ::1 /v1/admin/checkauth 200 2.658724ms
2025/04/01 22:09:40 [GET] ::1 /v1/admin/checkauth 200 2.853189ms
2025/04/01 22:09:40 [GET] ::1 /v1/config 200 1.361718ms
2025/04/01 22:09:40 [GET] ::1 /v1/admin/checkauth 200 1.655123ms
2025/04/01 22:09:41 [GET] ::1 /v1/admin/checkauth 200 2.370792ms
2025/04/01 22:09:41 [GET] ::1 /v1/component 200 1.32991ms
2025/04/01 22:09:41 [GET] ::1 /v1/admin/checkauth 200 2.376226ms
2025/04/01 22:09:41 [GET] ::1 /v1/admin/checkauth 200 2.679906ms
2025/04/01 22:09:41 [GET] ::1 /v1/component 200 1.465619ms
2025/04/01 22:09:41 [GET] ::1 /v1/admin/checkauth 200 2.499407ms
2025/04/01 22:09:41 [GET] ::1 /v1/component 200 2.008149ms
2025/04/01 22:10:37 [GET] ::1 /v1/admin/checkauth 200 5.912191ms
2025/04/01 22:10:37 [GET] ::1 /v1/component 200 4.357318ms
2025/04/01 22:10:40 [GET] ::1 /v1/admin/checkauth 200 6.055053ms
2025/04/01 22:10:40 [GET] ::1 /v1/checkstatus 200 18.845µs
2025/04/01 22:10:41 [GET] ::1 /v1/admin/checkauth 200 3.91333ms
2025/04/01 22:10:41 [GET] ::1 /v1/component 200 1.559567ms
2025/04/01 22:10:42 [GET] ::1 /v1/admin/checkauth 200 2.397971ms
2025/04/01 22:10:42 [GET] ::1 /v1/admin/checkauth 200 2.765005ms
2025/04/01 22:10:42 [GET] ::1 /v1/admin/checkauth 200 1.592284ms
2025/04/01 22:10:42 [GET] ::1 /v1/config 200 1.505986ms
2025/04/01 22:10:42 [GET] ::1 /v1/admin/checkauth 200 2.575769ms
2025/04/01 22:10:42 [GET] ::1 /v1/admin/checkauth 200 2.660324ms
2025/04/01 22:10:42 [GET] ::1 /v1/component 200 1.447611ms
2025/04/01 22:10:42 [GET] ::1 /v1/admin/checkauth 200 2.843453ms
2025/04/01 22:10:43 [GET] ::1 /v1/admin/checkauth 200 3.966332ms
2025/04/01 22:10:43 [GET] ::1 /v1/component 200 1.458287ms
2025/04/01 22:10:43 [GET] ::1 /v1/admin/checkauth 200 4.055483ms
2025/04/01 22:10:43 [GET] ::1 /v1/component 200 1.804749ms
2025/04/01 22:11:00 [GET] ::1 /v1/admin/checkauth 200 1.98939ms
2025/04/01 22:11:01 [GET] ::1 /v1/checkstatus 200 15.652µs
2025/04/01 22:11:02 [GET] ::1 /v1/admin/checkauth 200 7.405507ms
2025/04/01 22:11:02 [GET] ::1 /v1/component 200 1.368208ms
2025/04/01 22:11:02 [GET] ::1 /v1/admin/checkauth 200 3.251839ms
2025/04/01 22:11:02 [GET] ::1 /v1/admin/checkauth 200 2.362631ms
2025/04/01 22:11:02 [GET] ::1 /v1/admin/checkauth 200 4.045206ms
2025/04/01 22:11:02 [GET] ::1 /v1/config 200 1.429127ms
2025/04/01 22:11:03 [GET] ::1 /v1/admin/checkauth 200 1.841116ms
2025/04/01 22:11:03 [GET] ::1 /v1/admin/checkauth 200 1.894214ms
2025/04/01 22:11:03 [GET] ::1 /v1/component 200 1.659948ms
2025/04/01 22:11:03 [GET] ::1 /v1/admin/checkauth 200 2.177053ms
2025/04/01 22:11:03 [GET] ::1 /v1/admin/checkauth 200 4.397992ms
2025/04/01 22:11:03 [GET] ::1 /v1/component 200 3.688721ms
2025/04/01 22:11:03 [GET] ::1 /v1/admin/checkauth 200 9.427579ms
2025/04/01 22:11:03 [GET] ::1 /v1/component 200 2.139154ms
2025/04/01 22:11:12 [GET] ::1 /v1/admin/checkauth 200 2.133063ms
2025/04/01 22:11:13 [GET] ::1 /v1/checkstatus 200 15.369µs
2025/04/01 22:11:14 [GET] ::1 /v1/admin/checkauth 200 3.602017ms
2025/04/01 22:11:14 [GET] ::1 /v1/component 200 1.590631ms
2025/04/01 22:11:14 [GET] ::1 /v1/admin/checkauth 200 2.268179ms
2025/04/01 22:11:15 [GET] ::1 /v1/admin/checkauth 200 2.024507ms
2025/04/01 22:11:15 [GET] ::1 /v1/admin/checkauth 200 3.593493ms
2025/04/01 22:11:15 [GET] ::1 /v1/config 200 3.170874ms
2025/04/01 22:11:15 [GET] ::1 /v1/admin/checkauth 200 3.649ms
2025/04/01 22:11:15 [GET] ::1 /v1/admin/checkauth 200 2.166561ms
2025/04/01 22:11:15 [GET] ::1 /v1/component 200 2.64484ms
2025/04/01 22:11:15 [GET] ::1 /v1/admin/checkauth 200 4.958761ms
2025/04/01 22:11:16 [GET] ::1 /v1/admin/checkauth 200 2.675078ms
2025/04/01 22:11:16 [GET] ::1 /v1/component 200 3.189687ms
2025/04/01 22:11:16 [GET] ::1 /v1/admin/checkauth 200 3.262837ms
2025/04/01 22:11:16 [GET] ::1 /v1/component 200 5.14021ms
2025/04/01 22:11:23 [GET] ::1 /v1/admin/checkauth 200 3.894078ms
2025/04/01 22:11:23 [GET] ::1 /v1/checkstatus 200 16.747µs
2025/04/01 22:11:25 [GET] ::1 /v1/admin/checkauth 200 2.155589ms
2025/04/01 22:11:25 [GET] ::1 /v1/component 200 1.395008ms
2025/04/01 22:11:25 [GET] ::1 /v1/admin/checkauth 200 2.731783ms
2025/04/01 22:11:25 [GET] ::1 /v1/admin/checkauth 200 2.395698ms
2025/04/01 22:11:25 [GET] ::1 /v1/admin/checkauth 200 1.801147ms
2025/04/01 22:11:25 [GET] ::1 /v1/config 200 1.29819ms
2025/04/01 22:11:25 [GET] ::1 /v1/admin/checkauth 200 1.936317ms
2025/04/01 22:11:25 [GET] ::1 /v1/admin/checkauth 200 9.212392ms
2025/04/01 22:11:26 [GET] ::1 /v1/component 200 1.750622ms
2025/04/01 22:11:26 [GET] ::1 /v1/admin/checkauth 200 2.864698ms
2025/04/01 22:11:26 [GET] ::1 /v1/admin/checkauth 200 3.578394ms
2025/04/01 22:11:26 [GET] ::1 /v1/component 200 1.551319ms
2025/04/01 22:11:26 [GET] ::1 /v1/admin/checkauth 200 2.175356ms
2025/04/01 22:11:26 [GET] ::1 /v1/component 200 1.558781ms
