2025/04/03 08:19:23 [GET] ::1 /v1/admin/checkauth 200 149.040291ms
2025/04/03 08:19:34 [GET] ::1 /v1/admin/checkauth 200 5.927615ms
2025/04/03 08:19:34 [GET] ::1 /v1/admin/pages/type/3 200 30.358694ms
2025/04/03 08:19:34 [GET] ::1 /v1/admin/checkauth 200 3.601716ms
2025/04/03 08:19:35 [GET] ::1 /v1/admin/pages/type/3 200 7.927813ms
2025/04/03 08:19:36 [GET] ::1 /v1/admin/checkauth 200 5.035153ms
2025/04/03 08:20:18 [GET] ::1 /v1/admin/checkauth 200 210.649468ms
2025/04/03 08:20:20 [GET] ::1 /v1/admin/categories/type/3 200 97.808573ms
2025/04/03 08:20:20 [GET] ::1 /v1/admin/checkauth 200 17.81777ms
2025/04/03 08:20:20 [GET] ::1 /v1/admin/tags/type/3 200 20.31491ms
2025/04/03 08:20:21 [GET] ::1 /v1/admin/checkauth 200 4.994966ms
2025/04/03 08:20:21 [GET] ::1 /v1/admin/checkauth 200 5.44227ms
2025/04/03 08:20:22 [GET] ::1 /v1/admin/categories/type/3 200 7.455077ms
2025/04/03 08:20:25 [GET] ::1 /v1/admin/checkauth 200 94.318382ms
2025/04/03 08:20:25 [GET] ::1 /v1/admin/tags/type/3 200 11.613179ms
2025/04/03 08:20:26 [GET] ::1 /v1/admin/checkauth 200 8.079533ms
2025/04/03 08:23:21 [GET] ::1 /v1/admin/checkauth 200 16.483864ms
2025/04/03 08:23:22 [POST] ::1 /v1/admin/pages 200 65.838851ms
2025/04/03 08:23:23 [GET] ::1 /v1/admin/checkauth 200 4.730663ms
2025/04/03 08:23:24 [GET] ::1 /v1/checkstatus 200 44.1µs
2025/04/03 08:23:26 [GET] ::1 /v1/admin/checkauth 200 1.968238ms
2025/04/03 08:23:27 [GET] ::1 /v1/admin/checkauth 200 3.970814ms
2025/04/03 08:23:27 [GET] ::1 /v1/admin/pages/type/3 200 18.329518ms
2025/04/03 08:23:27 [GET] ::1 /v1/admin/checkauth 200 6.652076ms
2025/04/03 08:23:27 [GET] ::1 /v1/admin/pages/type/3 200 11.731373ms
2025/04/03 08:23:28 [GET] ::1 /v1/admin/checkauth 200 3.40722ms
2025/04/03 08:23:28 [GET] ::1 /v1/admin/pages/typenstatus/ 200 6.387184ms
2025/04/03 08:23:28 [GET] ::1 /v1/admin/checkauth 200 4.804321ms
2025/04/03 08:23:29 [GET] ::1 /v1/admin/users/1 200 22.10386ms
2025/04/03 08:23:30 [GET] ::1 /v1/admin/checkauth 200 2.74913ms
2025/04/03 08:23:32 [GET] ::1 /v1/admin/users/1 200 7.467861ms
2025/04/03 08:23:32 [GET] ::1 /v1/admin/checkauth 200 2.283043ms
2025/04/03 08:23:33 [GET] ::1 /v1/admin/pages/typenstatus/ 200 10.535304ms
2025/04/03 08:23:33 [GET] ::1 /v1/admin/checkauth 200 3.082864ms
2025/04/03 08:23:33 [GET] ::1 /v1/admin/pages/typenstatus/ 200 6.757738ms
2025/04/03 08:23:33 [GET] ::1 /v1/admin/checkauth 200 2.802726ms
2025/04/03 08:23:33 [GET] ::1 /v1/admin/pages/typenstatus/ 200 6.530771ms
2025/04/03 08:23:33 [GET] ::1 /v1/admin/checkauth 200 3.359858ms
2025/04/03 08:23:33 [GET] ::1 /v1/admin/pages/typenstatus/ 200 16.083934ms
2025/04/03 08:23:33 [GET] ::1 /v1/admin/checkauth 200 3.017999ms
2025/04/03 08:23:34 [GET] ::1 /v1/admin/pages/typenstatus/ 200 5.534224ms
2025/04/03 08:23:34 [GET] ::1 /v1/admin/checkauth 200 4.121518ms
2025/04/03 08:23:34 [GET] ::1 /v1/admin/pages/typenstatus/ 200 4.72562ms
2025/04/03 08:23:34 [GET] ::1 /v1/admin/checkauth 200 4.160575ms
2025/04/03 08:23:34 [GET] ::1 /v1/admin/pages/typenstatus/ 200 11.368142ms
2025/04/03 08:23:34 [GET] ::1 /v1/admin/checkauth 200 2.696659ms
2025/04/03 08:23:34 [GET] ::1 /v1/admin/pages/count/type/3 200 9.254478ms
2025/04/03 08:23:34 [GET] ::1 /v1/admin/checkauth 200 2.62084ms
2025/04/03 08:23:35 [GET] ::1 /v1/admin/pages/count/type/3 200 4.629442ms
2025/04/03 08:23:35 [GET] ::1 /v1/admin/checkauth 200 2.015361ms
2025/04/03 08:23:35 [GET] ::1 /v1/admin/pages/count/typenstatus/ 200 10.084528ms
2025/04/03 08:23:35 [GET] ::1 /v1/admin/checkauth 200 4.989294ms
2025/04/03 08:23:35 [GET] ::1 /v1/admin/pages/count/typenstatus/ 200 3.568929ms
2025/04/03 08:23:35 [GET] ::1 /v1/admin/checkauth 200 2.13884ms
2025/04/03 08:23:35 [GET] ::1 /v1/admin/pages/count/typenstatus/ 200 4.136489ms
2025/04/03 08:23:35 [GET] ::1 /v1/admin/checkauth 200 2.484097ms
2025/04/03 08:23:35 [GET] ::1 /v1/admin/pages/count/typenstatus/ 200 4.639395ms
2025/04/03 08:23:36 [GET] ::1 /v1/admin/checkauth 200 7.308286ms
2025/04/03 08:23:36 [GET] ::1 /v1/admin/pages/count/typenstatus/ 200 7.774244ms
2025/04/03 08:23:36 [GET] ::1 /v1/admin/checkauth 200 1.735112ms
2025/04/03 08:23:36 [GET] ::1 /v1/admin/pages/count/typenstatus/ 200 5.996114ms
2025/04/03 08:23:36 [GET] ::1 /v1/admin/checkauth 200 1.571365ms
2025/04/03 08:23:36 [GET] ::1 /v1/admin/pages/count/typenstatus/ 200 13.980675ms
2025/04/03 08:23:36 [GET] ::1 /v1/admin/checkauth 200 3.126284ms
2025/04/03 08:23:37 [GET] ::1 /v1/admin/pages/count/typenstatus/ 200 8.028115ms
2025/04/03 08:23:41 [GET] ::1 /v1/admin/checkauth 200 2.603433ms
2025/04/03 08:23:45 [GET] ::1 /v1/admin/checkauth 200 6.641583ms
2025/04/03 08:23:46 [GET] ::1 /v1/admin/checkauth 200 3.048013ms
2025/04/03 08:23:46 [GET] ::1 /v1/admin/pages/typenstatus/ 200 7.095418ms
2025/04/03 08:23:46 [GET] ::1 /v1/admin/checkauth 200 2.920353ms
2025/04/03 08:23:46 [GET] ::1 /v1/admin/pages/typenstatus/ 200 5.112795ms
2025/04/03 08:26:32 [GET] ::1 /v1/admin/checkauth 200 61.322441ms
2025/04/03 08:26:32 [GET] ::1 /v1/admin/checkauth 200 93.196398ms
2025/04/03 08:26:33 [GET] ::1 /v1/checkstatus 200 764.023µs
2025/04/03 08:26:36 [GET] ::1 /v1/admin/checkauth 200 3.906139ms
2025/04/03 08:26:37 [GET] ::1 /v1/admin/pages/typenstatus/ 200 13.121377ms
2025/04/03 08:26:37 [GET] ::1 /v1/admin/checkauth 200 6.569314ms
2025/04/03 08:26:37 [GET] ::1 /v1/admin/checkauth 200 8.928855ms
2025/04/03 08:26:37 [GET] ::1 /v1/admin/checkauth 200 5.792334ms
2025/04/03 08:26:38 [GET] ::1 /v1/config 200 12.498604ms
2025/04/03 08:26:38 [GET] ::1 /v1/admin/checkauth 200 7.615656ms
2025/04/03 08:26:39 [GET] ::1 /v1/admin/checkauth 200 5.403587ms
2025/04/03 08:26:39 [GET] ::1 /v1/admin/pages/typenstatus/ 200 7.879918ms
2025/04/03 08:26:39 [GET] ::1 /v1/admin/checkauth 200 2.61401ms
2025/04/03 08:26:39 [GET] ::1 /v1/admin/checkauth 200 3.567541ms
2025/04/03 08:26:39 [GET] ::1 /v1/admin/pages/typenstatus/ 200 4.92472ms
2025/04/03 08:29:06 [GET] ::1 /v1/admin/checkauth 200 9.737128ms
2025/04/03 08:29:06 [GET] ::1 /v1/admin/checkauth 200 3.016555ms
2025/04/03 08:29:06 [GET] ::1 /v1/checkstatus 200 16.615µs
2025/04/03 08:29:10 [GET] ::1 /v1/admin/checkauth 200 7.637404ms
2025/04/03 08:29:11 [GET] ::1 /v1/admin/pages/typenstatus/ 200 11.014852ms
2025/04/03 08:29:11 [GET] ::1 /v1/admin/checkauth 200 4.497104ms
2025/04/03 08:29:11 [GET] ::1 /v1/admin/checkauth 200 5.235564ms
2025/04/03 08:29:12 [GET] ::1 /v1/admin/checkauth 200 4.329348ms
2025/04/03 08:29:12 [GET] ::1 /v1/config 200 4.298507ms
2025/04/03 08:29:12 [GET] ::1 /v1/admin/checkauth 200 2.879374ms
2025/04/03 08:29:12 [GET] ::1 /v1/admin/checkauth 200 8.002796ms
2025/04/03 08:29:13 [GET] ::1 /v1/admin/pages/typenstatus/ 200 7.965607ms
2025/04/03 08:29:13 [GET] ::1 /v1/admin/checkauth 200 3.563765ms
2025/04/03 08:29:13 [GET] ::1 /v1/admin/checkauth 200 2.437478ms
2025/04/03 08:29:13 [GET] ::1 /v1/admin/pages/typenstatus/ 200 11.693886ms
2025/04/03 08:29:23 [GET] ::1 /v1/admin/checkauth 200 2.719632ms
2025/04/03 08:29:23 [GET] ::1 /v1/admin/checkauth 200 9.316872ms
2025/04/03 08:29:24 [GET] ::1 /v1/checkstatus 200 18.774µs
2025/04/03 08:29:27 [GET] ::1 /v1/admin/checkauth 200 8.447357ms
2025/04/03 08:29:29 [GET] ::1 /v1/admin/pages/typenstatus/ 200 6.506275ms
2025/04/03 08:29:29 [GET] ::1 /v1/admin/checkauth 200 4.496085ms
2025/04/03 08:29:29 [GET] ::1 /v1/admin/checkauth 200 7.806755ms
2025/04/03 08:29:29 [GET] ::1 /v1/admin/checkauth 200 3.228996ms
2025/04/03 08:29:30 [GET] ::1 /v1/config 200 2.481247ms
2025/04/03 08:29:30 [GET] ::1 /v1/admin/checkauth 200 3.562615ms
2025/04/03 08:29:30 [GET] ::1 /v1/admin/checkauth 200 13.26463ms
2025/04/03 08:29:31 [GET] ::1 /v1/admin/pages/typenstatus/ 200 17.648363ms
2025/04/03 08:29:31 [GET] ::1 /v1/admin/checkauth 200 10.775358ms
2025/04/03 08:29:31 [GET] ::1 /v1/admin/checkauth 200 1.622124ms
2025/04/03 08:29:31 [GET] ::1 /v1/admin/pages/typenstatus/ 200 12.233629ms
2025/04/03 08:30:19 [GET] ::1 /v1/admin/checkauth 200 10.209058ms
2025/04/03 08:30:19 [GET] ::1 /v1/admin/checkauth 200 7.195716ms
2025/04/03 08:30:20 [GET] ::1 /v1/checkstatus 200 30.172µs
2025/04/03 08:30:24 [GET] ::1 /v1/admin/checkauth 200 2.850687ms
2025/04/03 08:30:25 [GET] ::1 /v1/admin/pages/typenstatus/ 200 9.115089ms
2025/04/03 08:30:25 [GET] ::1 /v1/admin/checkauth 200 7.787232ms
2025/04/03 08:30:26 [GET] ::1 /v1/admin/checkauth 200 10.495516ms
2025/04/03 08:30:26 [GET] ::1 /v1/admin/checkauth 200 2.512254ms
2025/04/03 08:30:26 [GET] ::1 /v1/config 200 4.987436ms
2025/04/03 08:30:26 [GET] ::1 /v1/admin/checkauth 200 3.630764ms
2025/04/03 08:30:27 [GET] ::1 /v1/admin/checkauth 200 3.651567ms
2025/04/03 08:30:27 [GET] ::1 /v1/admin/pages/typenstatus/ 200 5.466227ms
2025/04/03 08:30:27 [GET] ::1 /v1/admin/checkauth 200 2.901235ms
2025/04/03 08:30:28 [GET] ::1 /v1/admin/checkauth 200 6.146352ms
2025/04/03 08:30:28 [GET] ::1 /v1/admin/pages/typenstatus/ 200 5.683592ms
2025/04/03 08:30:55 [GET] ::1 /v1/admin/checkauth 200 11.733633ms
2025/04/03 08:31:05 [GET] ::1 /v1/admin/checkauth 200 1.949133ms
2025/04/03 08:31:16 [GET] ::1 /v1/admin/checkauth 200 2.116669ms
2025/04/03 08:31:17 [GET] ::1 /v1/image/22 200 11.677764ms
2025/04/03 08:31:17 [GET] ::1 /v1/admin/checkauth 200 2.86037ms
2025/04/03 08:31:17 [GET] ::1 /v1/image/22 200 1.590129ms
2025/04/03 08:31:20 [GET] ::1 /v1/admin/checkauth 200 12.779965ms
2025/04/03 08:31:22 [GET] ::1 /v1/admin/checkauth 200 6.507576ms
2025/04/03 08:31:28 [GET] ::1 /v1/admin/checkauth 200 6.220476ms
2025/04/03 08:31:34 [GET] ::1 /v1/admin/checkauth 200 9.116381ms
2025/04/03 08:31:36 [GET] ::1 /v1/admin/checkauth 200 9.39922ms
2025/04/03 08:31:37 [GET] ::1 /v1/admin/checkauth 200 9.904185ms
2025/04/03 08:31:37 [GET] ::1 /v1/component 200 5.733964ms
2025/04/03 08:31:37 [GET] ::1 /v1/admin/checkauth 200 2.894415ms
2025/04/03 08:31:37 [GET] ::1 /v1/component 200 3.634278ms
2025/04/03 08:31:41 [GET] ::1 /v1/admin/checkauth 200 6.755609ms
2025/04/03 08:31:43 [GET] ::1 /v1/admin/checkauth 200 3.768173ms
2025/04/03 08:31:45 [GET] ::1 /v1/admin/checkauth 200 4.608687ms
2025/04/03 08:31:47 [GET] ::1 /v1/admin/checkauth 200 9.288827ms
2025/04/03 08:31:53 [GET] ::1 /v1/admin/checkauth 200 3.74606ms
2025/04/03 08:31:55 [GET] ::1 /v1/admin/checkauth 200 2.68205ms
2025/04/03 08:31:56 [GET] ::1 /v1/admin/checkauth 200 5.462426ms
2025/04/03 08:31:56 [GET] ::1 /v1/admin/pages/typenstatus/ 200 11.148006ms
2025/04/03 08:31:56 [GET] ::1 /v1/admin/checkauth 200 3.104112ms
2025/04/03 08:31:56 [GET] ::1 /v1/admin/pages/typenstatus/ 200 5.322722ms
2025/04/03 08:32:00 [GET] ::1 /v1/admin/checkauth 200 9.00509ms
2025/04/03 08:32:03 [GET] ::1 /v1/admin/checkauth 200 5.990324ms
2025/04/03 08:32:07 [GET] ::1 /v1/admin/checkauth 200 6.302775ms
2025/04/03 08:32:09 [GET] ::1 /v1/admin/checkauth 200 2.920666ms
2025/04/03 08:32:12 [GET] ::1 /v1/admin/checkauth 200 5.943982ms
2025/04/03 08:32:13 [GET] ::1 /v1/admin/checkauth 200 3.423533ms
2025/04/03 08:32:18 [GET] ::1 /v1/admin/checkauth 200 3.516166ms
2025/04/03 08:32:20 [GET] ::1 /v1/admin/checkauth 200 9.153107ms
2025/04/03 08:32:21 [GET] ::1 /v1/admin/checkauth 200 9.033772ms
2025/04/03 08:32:21 [GET] ::1 /v1/admin/checkauth 200 3.111324ms
2025/04/03 08:32:22 [GET] ::1 /v1/image/22 200 4.450332ms
2025/04/03 08:32:22 [GET] ::1 /v1/admin/checkauth 200 11.78024ms
2025/04/03 08:32:22 [GET] ::1 /v1/image/22 200 8.281588ms
2025/04/03 08:32:47 [GET] ::1 /v1/admin/checkauth 200 3.567543ms
2025/04/03 08:32:47 [GET] ::1 /v1/admin/checkauth 200 7.308951ms
2025/04/03 08:32:47 [GET] ::1 /v1/checkstatus 200 19.155µs
2025/04/03 08:32:50 [GET] ::1 /v1/admin/checkauth 200 4.387245ms
2025/04/03 08:32:51 [GET] ::1 /v1/admin/checkauth 200 4.658577ms
2025/04/03 08:32:51 [GET] ::1 /v1/admin/checkauth 200 11.771145ms
2025/04/03 08:32:52 [GET] ::1 /v1/config 200 3.836486ms
2025/04/03 08:32:52 [GET] ::1 /v1/admin/checkauth 200 2.925621ms
2025/04/03 08:32:53 [GET] ::1 /v1/admin/checkauth 200 2.640779ms
2025/04/03 08:32:54 [GET] ::1 /v1/admin/checkauth 200 4.20405ms
2025/04/03 08:32:54 [GET] ::1 /v1/image/22 200 6.022827ms
2025/04/03 08:32:54 [GET] ::1 /v1/admin/checkauth 200 4.122951ms
2025/04/03 08:32:54 [GET] ::1 /v1/image/22 200 2.787263ms
2025/04/03 08:33:04 [GET] ::1 /v1/admin/checkauth 200 3.492105ms
2025/04/03 08:33:04 [GET] ::1 /v1/admin/checkauth 200 7.247933ms
2025/04/03 08:33:05 [GET] ::1 /v1/checkstatus 200 15.187µs
2025/04/03 08:33:08 [GET] ::1 /v1/admin/checkauth 200 15.943537ms
2025/04/03 08:33:09 [GET] ::1 /v1/admin/checkauth 200 2.609896ms
2025/04/03 08:33:09 [GET] ::1 /v1/admin/checkauth 200 3.616324ms
2025/04/03 08:33:09 [GET] ::1 /v1/config 200 2.450031ms
2025/04/03 08:33:10 [GET] ::1 /v1/admin/checkauth 200 3.59186ms
2025/04/03 08:33:10 [GET] ::1 /v1/admin/checkauth 200 5.567352ms
2025/04/03 08:34:45 [GET] ::1 /v1/admin/checkauth 200 12.864995ms
2025/04/03 08:34:48 [GET] ::1 /v1/admin/checkauth 200 5.078281ms
2025/04/03 08:34:50 [GET] ::1 /v1/admin/checkauth 200 6.509327ms
2025/04/03 08:34:51 [GET] ::1 /v1/admin/checkauth 200 5.156011ms
2025/04/03 08:34:51 [GET] ::1 /v1/admin/pages/typenstatus/ 200 7.303148ms
2025/04/03 08:34:51 [GET] ::1 /v1/admin/checkauth 200 7.146178ms
2025/04/03 08:34:52 [GET] ::1 /v1/admin/pages/typenstatus/ 200 6.117246ms
2025/04/03 08:35:07 [GET] ::1 /v1/admin/checkauth 200 7.083232ms
2025/04/03 08:35:10 [GET] ::1 /v1/admin/checkauth 200 10.183101ms
2025/04/03 08:35:14 [GET] ::1 /v1/admin/checkauth 200 3.672325ms
2025/04/03 08:35:15 [GET] ::1 /v1/admin/checkauth 200 3.048153ms
2025/04/03 08:35:15 [GET] ::1 /v1/admin/pages/typenstatus/ 200 14.606903ms
2025/04/03 08:35:16 [GET] ::1 /v1/admin/checkauth 200 6.617233ms
2025/04/03 08:35:16 [GET] ::1 /v1/admin/pages/typenstatus/ 200 4.798105ms
2025/04/03 09:00:31 [GET] ::1 /v1/admin/checkauth 200 344.956292ms
2025/04/03 09:00:31 [GET] ::1 /v1/admin/checkauth 200 352.005808ms
2025/04/03 09:00:34 [GET] ::1 /v1/checkstatus 200 42.118µs
2025/04/03 09:00:43 [GET] ::1 /v1/admin/checkauth 200 44.394704ms
2025/04/03 09:00:45 [GET] ::1 /v1/admin/pages/typenstatus/ 200 37.353348ms
2025/04/03 09:00:45 [GET] ::1 /v1/admin/checkauth 200 8.212843ms
2025/04/03 09:00:45 [GET] ::1 /v1/admin/checkauth 200 14.469339ms
2025/04/03 09:00:45 [GET] ::1 /v1/admin/checkauth 200 4.52503ms
2025/04/03 09:00:46 [GET] ::1 /v1/config 200 11.629984ms
2025/04/03 09:00:47 [GET] ::1 /v1/admin/checkauth 200 6.488171ms
2025/04/03 09:00:48 [GET] ::1 /v1/admin/checkauth 200 5.669902ms
2025/04/03 09:00:48 [GET] ::1 /v1/admin/pages/typenstatus/ 200 8.63226ms
2025/04/03 09:00:48 [GET] ::1 /v1/admin/checkauth 200 3.625751ms
2025/04/03 09:00:49 [GET] ::1 /v1/admin/checkauth 200 13.631202ms
2025/04/03 09:00:49 [GET] ::1 /v1/admin/pages/typenstatus/ 200 22.67767ms
2025/04/03 09:06:07 [GET] ::1 /v1/admin/checkauth 200 139.581434ms
2025/04/03 09:06:07 [GET] ::1 /v1/admin/checkauth 200 140.394302ms
2025/04/03 09:06:08 [GET] ::1 /v1/checkstatus 200 660.811µs
2025/04/03 09:06:13 [GET] ::1 /v1/admin/checkauth 200 3.54008ms
2025/04/03 09:06:14 [GET] ::1 /v1/admin/pages/typenstatus/ 200 15.000011ms
2025/04/03 09:06:15 [GET] ::1 /v1/admin/checkauth 200 4.968903ms
2025/04/03 09:06:15 [GET] ::1 /v1/admin/checkauth 200 6.170017ms
2025/04/03 09:06:16 [GET] ::1 /v1/admin/checkauth 200 3.043547ms
2025/04/03 09:06:16 [GET] ::1 /v1/config 200 6.60109ms
2025/04/03 09:06:16 [GET] ::1 /v1/admin/checkauth 200 3.256691ms
2025/04/03 09:06:17 [GET] ::1 /v1/admin/checkauth 200 3.497911ms
2025/04/03 09:06:17 [GET] ::1 /v1/admin/pages/typenstatus/ 200 14.715423ms
2025/04/03 09:06:18 [GET] ::1 /v1/admin/checkauth 200 8.963067ms
2025/04/03 09:06:18 [GET] ::1 /v1/admin/checkauth 200 2.90303ms
2025/04/03 09:06:18 [GET] ::1 /v1/admin/pages/typenstatus/ 200 12.192595ms
2025/04/03 09:07:00 [GET] ::1 /v1/admin/checkauth 200 4.95606ms
2025/04/03 09:07:00 [GET] ::1 /v1/admin/checkauth 200 4.237663ms
2025/04/03 09:07:01 [GET] ::1 /v1/checkstatus 200 83.304µs
2025/04/03 09:07:06 [GET] ::1 /v1/admin/checkauth 200 2.998438ms
2025/04/03 09:07:08 [GET] ::1 /v1/admin/pages/typenstatus/ 200 22.920168ms
2025/04/03 09:07:08 [GET] ::1 /v1/admin/checkauth 200 2.289124ms
2025/04/03 09:07:08 [GET] ::1 /v1/admin/checkauth 200 2.641576ms
2025/04/03 09:07:08 [GET] ::1 /v1/admin/checkauth 200 4.124776ms
2025/04/03 09:07:08 [GET] ::1 /v1/config 200 4.918339ms
2025/04/03 09:07:09 [GET] ::1 /v1/admin/checkauth 200 3.664916ms
2025/04/03 09:07:09 [GET] ::1 /v1/admin/checkauth 200 3.914396ms
2025/04/03 09:07:09 [GET] ::1 /v1/admin/pages/typenstatus/ 200 14.140501ms
2025/04/03 09:07:10 [GET] ::1 /v1/admin/checkauth 200 4.322173ms
2025/04/03 09:07:10 [GET] ::1 /v1/admin/checkauth 200 2.385633ms
2025/04/03 09:07:10 [GET] ::1 /v1/admin/pages/typenstatus/ 200 9.521824ms
2025/04/03 09:07:38 [GET] ::1 /v1/admin/checkauth 200 8.082855ms
2025/04/03 09:07:38 [GET] ::1 /v1/checkstatus 200 22.538µs
2025/04/03 09:07:41 [GET] ::1 /v1/admin/checkauth 200 5.354775ms
2025/04/03 09:07:42 [GET] ::1 /v1/admin/pages/typenstatus/ 200 4.220111ms
2025/04/03 09:07:42 [GET] ::1 /v1/admin/checkauth 200 3.361516ms
2025/04/03 09:07:42 [GET] ::1 /v1/admin/checkauth 200 6.004616ms
2025/04/03 09:07:42 [GET] ::1 /v1/admin/checkauth 200 4.640547ms
2025/04/03 09:07:43 [GET] ::1 /v1/config 200 4.188424ms
2025/04/03 09:07:43 [GET] ::1 /v1/admin/checkauth 200 4.282948ms
2025/04/03 09:07:43 [GET] ::1 /v1/admin/checkauth 200 3.780818ms
2025/04/03 09:07:44 [GET] ::1 /v1/admin/pages/typenstatus/ 200 11.597893ms
2025/04/03 09:07:44 [GET] ::1 /v1/admin/checkauth 200 3.908725ms
2025/04/03 09:07:44 [GET] ::1 /v1/admin/checkauth 200 4.557222ms
2025/04/03 09:07:44 [GET] ::1 /v1/admin/pages/typenstatus/ 200 11.250903ms
2025/04/03 09:08:48 [GET] ::1 /v1/admin/checkauth 200 17.850386ms
2025/04/03 09:08:48 [GET] ::1 /v1/checkstatus 200 18.368µs
2025/04/03 09:08:51 [GET] ::1 /v1/admin/checkauth 200 12.256152ms
2025/04/03 09:08:52 [GET] ::1 /v1/admin/pages/typenstatus/ 200 9.850047ms
2025/04/03 09:08:52 [GET] ::1 /v1/admin/checkauth 200 5.414055ms
2025/04/03 09:08:52 [GET] ::1 /v1/admin/checkauth 200 4.199496ms
2025/04/03 09:08:52 [GET] ::1 /v1/admin/checkauth 200 4.259966ms
2025/04/03 09:08:53 [GET] ::1 /v1/config 200 9.168948ms
2025/04/03 09:08:53 [GET] ::1 /v1/admin/checkauth 200 2.473806ms
2025/04/03 09:08:54 [GET] ::1 /v1/admin/checkauth 200 7.424553ms
2025/04/03 09:08:54 [GET] ::1 /v1/admin/pages/typenstatus/ 200 6.041302ms
2025/04/03 09:08:54 [GET] ::1 /v1/admin/checkauth 200 3.208153ms
2025/04/03 09:08:55 [GET] ::1 /v1/admin/checkauth 200 5.102419ms
2025/04/03 09:08:55 [GET] ::1 /v1/admin/pages/typenstatus/ 200 16.407637ms
2025/04/03 09:09:19 [GET] ::1 /v1/admin/checkauth 200 2.616808ms
2025/04/03 09:09:20 [PUT] ::1 /v1/admin/configs/21 200 26.06116ms
2025/04/03 09:09:42 [GET] ::1 /v1/admin/checkauth 200 2.861477ms
2025/04/03 09:09:43 [PUT] ::1 /v1/admin/configs/21 200 11.456121ms
2025/04/03 09:09:49 [GET] ::1 /v1/admin/checkauth 200 10.398693ms
2025/04/03 09:09:49 [GET] ::1 /v1/checkstatus 200 20.663µs
2025/04/03 09:09:52 [GET] ::1 /v1/admin/checkauth 200 4.014551ms
2025/04/03 09:09:53 [GET] ::1 /v1/admin/pages/typenstatus/ 200 6.707458ms
2025/04/03 09:09:53 [GET] ::1 /v1/admin/checkauth 200 4.08908ms
2025/04/03 09:09:53 [GET] ::1 /v1/admin/checkauth 200 3.19466ms
2025/04/03 09:09:53 [GET] ::1 /v1/admin/checkauth 200 2.678993ms
2025/04/03 09:09:54 [GET] ::1 /v1/config 200 6.359842ms
2025/04/03 09:09:54 [GET] ::1 /v1/admin/checkauth 200 2.896514ms
2025/04/03 09:09:55 [GET] ::1 /v1/admin/checkauth 200 5.009522ms
2025/04/03 09:09:55 [GET] ::1 /v1/admin/pages/typenstatus/ 200 8.281981ms
2025/04/03 09:09:55 [GET] ::1 /v1/admin/checkauth 200 3.237231ms
2025/04/03 09:09:55 [GET] ::1 /v1/admin/checkauth 200 4.2917ms
2025/04/03 09:09:56 [GET] ::1 /v1/admin/pages/typenstatus/ 200 9.50863ms
2025/04/03 09:10:17 [GET] ::1 /v1/admin/checkauth 200 4.070156ms
2025/04/03 09:10:17 [GET] ::1 /v1/checkstatus 200 18.041µs
2025/04/03 09:10:20 [GET] ::1 /v1/admin/checkauth 200 4.264809ms
2025/04/03 09:10:21 [GET] ::1 /v1/admin/pages/typenstatus/ 200 4.409237ms
2025/04/03 09:10:21 [GET] ::1 /v1/admin/checkauth 200 5.168971ms
2025/04/03 09:10:21 [GET] ::1 /v1/admin/checkauth 200 3.202643ms
2025/04/03 09:10:22 [GET] ::1 /v1/admin/checkauth 200 4.847133ms
2025/04/03 09:10:22 [GET] ::1 /v1/config 200 1.682002ms
2025/04/03 09:10:22 [GET] ::1 /v1/admin/checkauth 200 4.940748ms
2025/04/03 09:10:23 [GET] ::1 /v1/admin/checkauth 200 2.857439ms
2025/04/03 09:10:23 [GET] ::1 /v1/admin/pages/typenstatus/ 200 11.515866ms
2025/04/03 09:10:24 [GET] ::1 /v1/admin/checkauth 200 2.883837ms
2025/04/03 09:10:24 [GET] ::1 /v1/admin/checkauth 200 8.361101ms
2025/04/03 09:10:25 [GET] ::1 /v1/admin/pages/typenstatus/ 200 18.380633ms
2025/04/03 09:11:16 [GET] ::1 /v1/admin/checkauth 200 8.399909ms
2025/04/03 09:11:17 [GET] ::1 /v1/admin/images 200 10.451647ms
2025/04/03 09:11:17 [GET] ::1 /v1/admin/checkauth 200 2.735484ms
2025/04/03 09:11:18 [GET] ::1 /v1/admin/images 200 7.020857ms
2025/04/03 09:11:27 [GET] ::1 /v1/admin/checkauth 200 2.39566ms
2025/04/03 09:11:27 [GET] ::1 /v1/admin/images 200 10.507713ms
2025/04/03 09:11:27 [GET] ::1 /v1/admin/checkauth 200 3.416752ms
2025/04/03 09:11:28 [GET] ::1 /v1/admin/images 200 6.432673ms
2025/04/03 09:11:49 [GET] ::1 /v1/admin/checkauth 200 2.5716ms
2025/04/03 09:11:49 [PUT] ::1 /v1/admin/configs/21 200 14.249688ms
2025/04/03 09:11:58 [GET] ::1 /v1/admin/checkauth 200 4.374513ms
2025/04/03 09:11:59 [GET] ::1 /v1/image/26 200 2.359201ms
2025/04/03 09:11:59 [GET] ::1 /v1/admin/checkauth 200 7.878472ms
2025/04/03 09:11:59 [GET] ::1 /v1/image/28 200 9.291885ms
2025/04/03 09:11:59 [GET] ::1 /v1/admin/checkauth 200 4.053008ms
2025/04/03 09:11:59 [GET] ::1 /v1/image/26 200 2.676278ms
2025/04/03 09:12:00 [GET] ::1 /v1/admin/checkauth 200 7.697726ms
2025/04/03 09:12:00 [GET] ::1 /v1/image/28 200 1.648377ms
2025/04/03 09:12:00 [GET] ::1 /v1/admin/checkauth 200 2.970666ms
2025/04/03 09:12:01 [GET] ::1 /v1/checkstatus 200 21.409µs
2025/04/03 09:12:04 [GET] ::1 /v1/admin/checkauth 200 3.340243ms
2025/04/03 09:12:05 [GET] ::1 /v1/admin/pages/typenstatus/ 200 7.391268ms
2025/04/03 09:12:05 [GET] ::1 /v1/admin/checkauth 200 4.231614ms
2025/04/03 09:12:05 [GET] ::1 /v1/admin/checkauth 200 2.997994ms
2025/04/03 09:12:05 [GET] ::1 /v1/admin/checkauth 200 2.893196ms
2025/04/03 09:12:06 [GET] ::1 /v1/config 200 4.812131ms
2025/04/03 09:12:06 [GET] ::1 /v1/admin/checkauth 200 4.083904ms
2025/04/03 09:12:06 [GET] ::1 /v1/admin/checkauth 200 1.526196ms
2025/04/03 09:12:07 [GET] ::1 /v1/admin/pages/typenstatus/ 200 8.326155ms
2025/04/03 09:12:07 [GET] ::1 /v1/admin/checkauth 200 4.282342ms
2025/04/03 09:12:08 [GET] ::1 /v1/admin/checkauth 200 3.713879ms
2025/04/03 09:12:08 [GET] ::1 /v1/admin/pages/typenstatus/ 200 13.964943ms
2025/04/03 09:21:44 [GET] ::1 /v1/admin/checkauth 200 9.69633ms
2025/04/03 09:21:44 [GET] ::1 /v1/admin/checkauth 200 3.174193ms
2025/04/03 09:21:45 [GET] ::1 /v1/checkstatus 200 17.659µs
2025/04/03 09:21:48 [GET] ::1 /v1/admin/checkauth 200 3.625517ms
2025/04/03 09:21:50 [GET] ::1 /v1/admin/pages/typenstatus/ 200 6.038914ms
2025/04/03 09:21:50 [GET] ::1 /v1/admin/checkauth 200 6.342568ms
2025/04/03 09:21:50 [GET] ::1 /v1/admin/checkauth 200 11.129631ms
2025/04/03 09:21:50 [GET] ::1 /v1/admin/checkauth 200 6.257185ms
2025/04/03 09:21:51 [GET] ::1 /v1/config 200 4.882635ms
2025/04/03 09:21:51 [GET] ::1 /v1/admin/checkauth 200 4.445983ms
2025/04/03 09:21:52 [GET] ::1 /v1/admin/checkauth 200 9.248058ms
2025/04/03 09:21:52 [GET] ::1 /v1/admin/pages/typenstatus/ 200 4.179605ms
2025/04/03 09:21:52 [GET] ::1 /v1/admin/checkauth 200 5.475146ms
2025/04/03 09:21:52 [GET] ::1 /v1/admin/checkauth 200 5.096246ms
2025/04/03 09:21:53 [GET] ::1 /v1/admin/pages/typenstatus/ 200 21.306545ms
2025/04/03 09:21:53 [GET] ::1 /v1/admin/checkauth 200 12.737176ms
2025/04/03 09:21:53 [GET] ::1 /v1/image/26 200 6.484142ms
2025/04/03 09:21:53 [GET] ::1 /v1/admin/checkauth 200 8.359771ms
2025/04/03 09:21:54 [GET] ::1 /v1/image/28 200 3.72251ms
2025/04/03 09:21:54 [GET] ::1 /v1/admin/checkauth 200 10.31514ms
2025/04/03 09:21:55 [GET] ::1 /v1/image/26 200 4.247525ms
2025/04/03 09:21:55 [GET] ::1 /v1/admin/checkauth 200 5.537992ms
2025/04/03 09:21:55 [GET] ::1 /v1/image/28 200 1.727966ms
2025/04/03 09:22:32 [GET] ::1 /v1/admin/checkauth 200 3.332885ms
2025/04/03 09:22:32 [PUT] ::1 /v1/admin/configs/21 200 15.594482ms
2025/04/03 09:22:47 [GET] ::1 /v1/admin/checkauth 200 15.11861ms
2025/04/03 09:53:02 [GET] ::1 /v1/admin/checkauth 200 194.394121ms
2025/04/03 09:53:02 [GET] ::1 /v1/admin/checkauth 200 194.8568ms
2025/04/03 09:53:04 [GET] ::1 /v1/checkstatus 200 19.12µs
2025/04/03 09:53:10 [GET] ::1 /v1/admin/checkauth 200 4.836183ms
2025/04/03 09:53:11 [GET] ::1 /v1/admin/checkauth 200 4.910065ms
2025/04/03 09:53:11 [GET] ::1 /v1/admin/checkauth 200 3.117057ms
2025/04/03 09:53:11 [GET] ::1 /v1/config 200 19.232082ms
2025/04/03 09:53:12 [GET] ::1 /v1/admin/checkauth 200 4.184137ms
2025/04/03 09:53:12 [GET] ::1 /v1/admin/checkauth 200 3.355591ms
2025/04/03 09:53:14 [GET] ::1 /v1/admin/checkauth 200 5.656978ms
2025/04/03 09:53:29 [GET] ::1 /v1/admin/checkauth 200 6.037868ms
2025/04/03 09:53:29 [GET] ::1 /v1/checkstatus 200 18.116µs
2025/04/03 09:53:31 [GET] ::1 /v1/admin/checkauth 200 4.999036ms
2025/04/03 09:53:31 [GET] ::1 /v1/config 200 4.684946ms
2025/04/03 09:53:55 [GET] ::1 /v1/admin/checkauth 200 6.600465ms
2025/04/03 09:54:09 [GET] ::1 /v1/admin/checkauth 200 95.850884ms
2025/04/03 09:54:12 [GET] ::1 /v1/admin/checkauth 200 5.444546ms
2025/04/03 09:54:13 [GET] ::1 /v1/admin/checkauth 200 3.635516ms
2025/04/03 09:54:13 [GET] ::1 /v1/admin/checkauth 200 13.032656ms
2025/04/03 09:54:13 [GET] ::1 /v1/admin/checkauth 200 6.23092ms
2025/04/03 09:54:14 [GET] ::1 /v1/admin/checkauth 200 3.483054ms
2025/04/03 09:54:14 [GET] ::1 /v1/admin/checkauth 200 4.619654ms
2025/04/03 09:55:25 [GET] ::1 /v1/admin/checkauth 200 8.703543ms
2025/04/03 09:55:31 [GET] ::1 /v1/admin/checkauth 200 8.277277ms
2025/04/03 09:55:32 [GET] ::1 /v1/admin/checkauth 200 6.622893ms
2025/04/03 10:05:07 [GET] ::1 /v1/admin/checkauth 200 409.266138ms
2025/04/03 10:05:07 [GET] ::1 /v1/admin/checkauth 200 417.634379ms
2025/04/03 10:05:08 [GET] ::1 /v1/checkstatus 200 54.392µs
2025/04/03 10:05:29 [GET] ::1 /v1/admin/checkauth 200 131.284668ms
2025/04/03 10:05:29 [GET] ::1 /v1/checkstatus 200 46.657µs
2025/04/03 10:07:15 [GET] ::1 /v1/admin/checkauth 200 50.982977ms
2025/04/03 10:07:16 [GET] ::1 /v1/checkstatus 200 20.298µs
2025/04/03 10:09:21 [GET] ::1 /v1/admin/checkauth 200 15.659126ms
2025/04/03 10:09:21 [GET] ::1 /v1/admin/checkauth 200 15.929324ms
2025/04/03 10:09:22 [GET] ::1 /v1/checkstatus 200 71.49µs
2025/04/03 10:09:25 [GET] ::1 /v1/admin/checkauth 200 7.675393ms
2025/04/03 10:09:26 [GET] ::1 /v1/admin/checkauth 200 4.630277ms
2025/04/03 10:09:26 [GET] ::1 /v1/admin/checkauth 200 5.739373ms
2025/04/03 10:09:27 [GET] ::1 /v1/config 200 35.603373ms
2025/04/03 10:09:27 [GET] ::1 /v1/admin/checkauth 200 4.296033ms
2025/04/03 10:09:28 [GET] ::1 /v1/admin/checkauth 200 5.198256ms
2025/04/03 10:10:29 [GET] ::1 /v1/admin/checkauth 200 18.839988ms
2025/04/03 10:10:31 [GET] ::1 /v1/admin/checkauth 200 10.163065ms
2025/04/03 10:11:11 [GET] ::1 /v1/admin/checkauth 200 3.955807ms
2025/04/03 10:11:11 [GET] ::1 /v1/admin/checkauth 200 3.55851ms
2025/04/03 10:11:12 [GET] ::1 /v1/checkstatus 200 19.305µs
2025/04/03 10:11:16 [GET] ::1 /v1/admin/checkauth 200 8.198302ms
2025/04/03 10:11:16 [GET] ::1 /v1/admin/checkauth 200 5.140254ms
2025/04/03 10:11:17 [GET] ::1 /v1/admin/checkauth 200 5.26435ms
2025/04/03 10:11:17 [GET] ::1 /v1/config 200 5.268068ms
2025/04/03 10:11:17 [GET] ::1 /v1/admin/checkauth 200 18.585086ms
2025/04/03 10:11:18 [GET] ::1 /v1/admin/checkauth 200 3.217793ms
2025/04/03 10:12:16 [GET] ::1 /v1/admin/checkauth 200 15.595574ms
2025/04/03 10:12:16 [GET] ::1 /v1/admin/checkauth 200 5.982988ms
2025/04/03 10:12:17 [GET] ::1 /v1/checkstatus 200 29.09µs
2025/04/03 10:12:20 [GET] ::1 /v1/admin/checkauth 200 6.822385ms
2025/04/03 10:12:20 [GET] ::1 /v1/admin/checkauth 200 3.781883ms
2025/04/03 10:12:20 [GET] ::1 /v1/admin/checkauth 200 5.382953ms
2025/04/03 10:12:21 [GET] ::1 /v1/config 200 5.767799ms
2025/04/03 10:12:21 [GET] ::1 /v1/admin/checkauth 200 6.392448ms
2025/04/03 10:12:21 [GET] ::1 /v1/admin/checkauth 200 5.336994ms
2025/04/03 10:13:16 [GET] ::1 /v1/admin/checkauth 200 9.591363ms
2025/04/03 10:13:16 [GET] ::1 /v1/admin/checkauth 200 13.953135ms
2025/04/03 10:13:17 [GET] ::1 /v1/checkstatus 200 16.362µs
2025/04/03 10:13:20 [GET] ::1 /v1/admin/checkauth 200 7.512372ms
2025/04/03 10:13:21 [GET] ::1 /v1/admin/checkauth 200 4.408382ms
2025/04/03 10:13:21 [GET] ::1 /v1/admin/checkauth 200 7.189681ms
2025/04/03 10:13:22 [GET] ::1 /v1/config 200 4.264452ms
2025/04/03 10:13:22 [GET] ::1 /v1/admin/checkauth 200 4.759883ms
2025/04/03 10:13:22 [GET] ::1 /v1/admin/checkauth 200 4.769311ms
2025/04/03 10:16:00 [GET] ::1 /v1/admin/checkauth 200 11.224103ms
2025/04/03 10:16:00 [GET] ::1 /v1/admin/checkauth 200 5.257055ms
2025/04/03 10:16:00 [GET] ::1 /v1/checkstatus 200 78.833µs
2025/04/03 10:16:04 [GET] ::1 /v1/admin/checkauth 200 3.810864ms
2025/04/03 10:16:06 [GET] ::1 /v1/admin/checkauth 200 4.454047ms
2025/04/03 10:16:06 [GET] ::1 /v1/admin/checkauth 200 4.798191ms
2025/04/03 10:16:07 [GET] ::1 /v1/config 200 4.474971ms
2025/04/03 10:16:07 [GET] ::1 /v1/admin/checkauth 200 3.100926ms
2025/04/03 10:16:08 [GET] ::1 /v1/admin/checkauth 200 3.151992ms
2025/04/03 10:16:16 [GET] ::1 /v1/admin/checkauth 200 4.279971ms
2025/04/03 10:16:16 [GET] ::1 /v1/admin/checkauth 200 5.902322ms
2025/04/03 10:16:16 [GET] ::1 /v1/checkstatus 200 46.264µs
2025/04/03 10:16:19 [GET] ::1 /v1/admin/checkauth 200 3.559768ms
2025/04/03 10:16:21 [GET] ::1 /v1/admin/checkauth 200 6.566882ms
2025/04/03 10:16:21 [GET] ::1 /v1/admin/checkauth 200 3.95783ms
2025/04/03 10:16:21 [GET] ::1 /v1/config 200 4.331394ms
2025/04/03 10:16:21 [GET] ::1 /v1/admin/checkauth 200 5.035167ms
2025/04/03 10:16:22 [GET] ::1 /v1/admin/checkauth 200 10.724569ms
2025/04/03 10:22:24 [GET] ::1 /v1/admin/checkauth 200 19.155327ms
2025/04/03 10:22:24 [GET] ::1 /v1/admin/checkauth 200 4.73655ms
2025/04/03 10:22:25 [GET] ::1 /v1/checkstatus 200 28.834µs
2025/04/03 10:23:15 [GET] ::1 /v1/admin/checkauth 200 5.023428ms
2025/04/03 10:23:16 [GET] ::1 /v1/admin/checkauth 200 4.308292ms
2025/04/03 10:23:16 [GET] ::1 /v1/checkstatus 200 26.384µs
2025/04/03 10:23:20 [GET] ::1 /v1/admin/checkauth 200 3.772308ms
2025/04/03 10:23:20 [GET] ::1 /v1/admin/checkauth 200 3.85769ms
2025/04/03 10:23:21 [GET] ::1 /v1/admin/checkauth 200 2.932418ms
2025/04/03 10:23:21 [GET] ::1 /v1/config 200 14.066668ms
2025/04/03 10:23:21 [GET] ::1 /v1/admin/checkauth 200 2.171274ms
2025/04/03 10:23:22 [GET] ::1 /v1/admin/checkauth 200 4.043981ms
2025/04/03 10:33:25 [GET] ::1 /v1/admin/checkauth 200 111.240007ms
2025/04/03 10:33:25 [GET] ::1 /v1/admin/checkauth 200 88.630808ms
2025/04/03 10:33:25 [GET] ::1 /v1/checkstatus 200 36.131µs
2025/04/03 10:33:31 [GET] ::1 /v1/admin/checkauth 200 7.87713ms
2025/04/03 10:33:32 [GET] ::1 /v1/admin/checkauth 200 5.424387ms
2025/04/03 10:33:32 [GET] ::1 /v1/admin/checkauth 200 5.404665ms
2025/04/03 10:33:35 [GET] ::1 /v1/config 200 56.260521ms
2025/04/03 10:33:35 [GET] ::1 /v1/admin/checkauth 200 3.596636ms
2025/04/03 10:33:36 [GET] ::1 /v1/admin/checkauth 200 10.006185ms
2025/04/03 10:34:36 [GET] ::1 /v1/admin/checkauth 200 42.945181ms
2025/04/03 10:34:36 [GET] ::1 /v1/admin/checkauth 200 6.962041ms
2025/04/03 10:34:36 [GET] ::1 /v1/admin/checkauth 200 3.574553ms
2025/04/03 10:34:37 [GET] ::1 /v1/checkstatus 200 23.216µs
2025/04/03 10:34:38 [GET] ::1 /v1/checkstatus 200 38.376µs
2025/04/03 10:34:42 [GET] ::1 /v1/admin/checkauth 200 5.229832ms
2025/04/03 10:34:43 [GET] ::1 /v1/admin/checkauth 200 5.672976ms
2025/04/03 10:34:44 [GET] ::1 /v1/admin/checkauth 200 7.00186ms
2025/04/03 10:34:44 [GET] ::1 /v1/config 200 6.039729ms
2025/04/03 10:34:44 [GET] ::1 /v1/admin/checkauth 200 5.756981ms
2025/04/03 10:34:45 [GET] ::1 /v1/admin/checkauth 200 8.221822ms
2025/04/03 10:35:03 [GET] ::1 /v1/admin/checkauth 200 2.761749ms
2025/04/03 10:35:03 [GET] ::1 /v1/checkstatus 200 17.063µs
2025/04/03 10:35:06 [GET] ::1 /v1/admin/checkauth 200 4.132603ms
2025/04/03 10:35:07 [GET] ::1 /v1/admin/checkauth 200 5.250969ms
2025/04/03 10:35:07 [GET] ::1 /v1/admin/checkauth 200 12.324478ms
2025/04/03 10:35:07 [GET] ::1 /v1/config 200 11.969838ms
2025/04/03 10:35:08 [GET] ::1 /v1/admin/checkauth 200 4.745322ms
2025/04/03 10:35:08 [GET] ::1 /v1/admin/checkauth 200 4.029783ms
2025/04/03 10:38:51 [GET] ::1 /v1/admin/checkauth 200 37.922505ms
2025/04/03 10:38:51 [GET] ::1 /v1/admin/checkauth 200 45.025605ms
2025/04/03 10:38:52 [GET] ::1 /v1/checkstatus 200 27.042µs
2025/04/03 10:38:56 [GET] ::1 /v1/admin/checkauth 200 5.984454ms
2025/04/03 10:38:57 [GET] ::1 /v1/admin/checkauth 200 12.225514ms
2025/04/03 10:38:57 [GET] ::1 /v1/admin/checkauth 200 3.891205ms
2025/04/03 10:38:57 [GET] ::1 /v1/config 200 4.707735ms
2025/04/03 10:38:58 [GET] ::1 /v1/admin/checkauth 200 4.513633ms
2025/04/03 10:38:58 [GET] ::1 /v1/admin/checkauth 200 2.964631ms
2025/04/03 10:39:53 [GET] ::1 /v1/admin/checkauth 200 11.722775ms
2025/04/03 10:39:53 [GET] ::1 /v1/admin/checkauth 200 5.108459ms
2025/04/03 10:39:53 [GET] ::1 /v1/checkstatus 200 21.348µs
2025/04/03 10:39:57 [GET] ::1 /v1/admin/checkauth 200 3.96538ms
2025/04/03 10:39:59 [GET] ::1 /v1/admin/checkauth 200 3.642174ms
2025/04/03 10:39:59 [GET] ::1 /v1/admin/checkauth 200 2.765276ms
2025/04/03 10:39:59 [GET] ::1 /v1/config 200 4.172898ms
2025/04/03 10:39:59 [GET] ::1 /v1/admin/checkauth 200 2.581225ms
2025/04/03 10:40:00 [GET] ::1 /v1/admin/checkauth 200 3.770848ms
2025/04/03 10:41:37 [GET] ::1 /v1/admin/checkauth 200 13.575924ms
2025/04/03 10:41:37 [GET] ::1 /v1/admin/checkauth 200 17.729843ms
2025/04/03 10:41:38 [GET] ::1 /v1/checkstatus 200 16.905µs
2025/04/03 10:41:41 [GET] ::1 /v1/admin/checkauth 200 5.559148ms
2025/04/03 10:41:42 [GET] ::1 /v1/admin/checkauth 200 6.700687ms
2025/04/03 10:41:42 [GET] ::1 /v1/admin/checkauth 200 10.721789ms
2025/04/03 10:41:43 [GET] ::1 /v1/config 200 6.29286ms
2025/04/03 10:41:43 [GET] ::1 /v1/admin/checkauth 200 3.448922ms
2025/04/03 10:41:44 [GET] ::1 /v1/admin/checkauth 200 3.33002ms
2025/04/03 10:41:56 [GET] ::1 /v1/admin/checkauth 200 3.469103ms
2025/04/03 10:41:56 [GET] ::1 /v1/admin/checkauth 200 3.558615ms
2025/04/03 10:41:56 [GET] ::1 /v1/checkstatus 200 53.653µs
2025/04/03 10:42:01 [GET] ::1 /v1/admin/checkauth 200 8.015135ms
2025/04/03 10:42:02 [GET] ::1 /v1/admin/checkauth 200 3.086314ms
2025/04/03 10:42:02 [GET] ::1 /v1/admin/checkauth 200 5.54959ms
2025/04/03 10:42:03 [GET] ::1 /v1/config 200 2.926541ms
2025/04/03 10:42:03 [GET] ::1 /v1/admin/checkauth 200 5.441576ms
2025/04/03 10:42:03 [GET] ::1 /v1/admin/checkauth 200 7.262801ms
2025/04/03 10:43:50 [GET] ::1 /v1/admin/checkauth 200 19.394764ms
2025/04/03 10:43:50 [GET] ::1 /v1/admin/checkauth 200 4.187065ms
2025/04/03 10:43:51 [GET] ::1 /v1/checkstatus 200 15.04µs
2025/04/03 10:43:54 [GET] ::1 /v1/admin/checkauth 200 52.539862ms
2025/04/03 10:43:56 [GET] ::1 /v1/admin/checkauth 200 2.733522ms
2025/04/03 10:43:56 [GET] ::1 /v1/admin/checkauth 200 3.81564ms
2025/04/03 10:43:57 [GET] ::1 /v1/config 200 6.276513ms
2025/04/03 10:43:57 [GET] ::1 /v1/admin/checkauth 200 9.569002ms
2025/04/03 10:43:58 [GET] ::1 /v1/admin/checkauth 200 5.614371ms
2025/04/03 10:44:36 [GET] ::1 /v1/admin/checkauth 200 9.887532ms
2025/04/03 10:44:36 [GET] ::1 /v1/admin/checkauth 200 26.003266ms
2025/04/03 10:44:37 [GET] ::1 /v1/checkstatus 200 27.534µs
2025/04/03 10:44:41 [GET] ::1 /v1/admin/checkauth 200 6.072616ms
2025/04/03 10:44:42 [GET] ::1 /v1/admin/checkauth 200 4.525696ms
2025/04/03 10:44:42 [GET] ::1 /v1/admin/checkauth 200 3.582293ms
2025/04/03 10:44:43 [GET] ::1 /v1/config 200 5.222881ms
2025/04/03 10:44:43 [GET] ::1 /v1/admin/checkauth 200 1.883657ms
2025/04/03 10:44:44 [GET] ::1 /v1/admin/checkauth 200 10.484782ms
2025/04/03 10:45:38 [GET] ::1 /v1/admin/checkauth 200 12.864371ms
2025/04/03 10:45:38 [PUT] ::1 /v1/admin/configs/22 200 72.711584ms
2025/04/03 10:45:41 [GET] ::1 /v1/admin/checkauth 200 8.202783ms
2025/04/03 10:45:41 [GET] ::1 /v1/checkstatus 200 37.694µs
2025/04/03 10:45:44 [GET] ::1 /v1/admin/checkauth 200 3.482043ms
2025/04/03 10:45:45 [GET] ::1 /v1/admin/checkauth 200 5.439652ms
2025/04/03 10:45:45 [GET] ::1 /v1/admin/checkauth 200 3.021672ms
2025/04/03 10:45:45 [GET] ::1 /v1/config 200 6.321958ms
2025/04/03 10:45:45 [GET] ::1 /v1/admin/checkauth 200 3.819521ms
2025/04/03 10:45:46 [GET] ::1 /v1/admin/checkauth 200 12.025265ms
2025/04/03 10:46:52 [GET] ::1 /v1/admin/checkauth 200 15.652788ms
2025/04/03 10:46:53 [GET] ::1 /v1/checkstatus 200 19.225µs
2025/04/03 10:46:57 [GET] ::1 /v1/admin/checkauth 200 2.502759ms
2025/04/03 10:46:58 [GET] ::1 /v1/admin/checkauth 200 2.948809ms
2025/04/03 10:46:58 [GET] ::1 /v1/admin/checkauth 200 3.466362ms
2025/04/03 10:46:58 [GET] ::1 /v1/config 200 3.300594ms
2025/04/03 10:46:58 [GET] ::1 /v1/admin/checkauth 200 4.466009ms
2025/04/03 10:46:59 [GET] ::1 /v1/admin/checkauth 200 2.680216ms
2025/04/03 10:47:05 [GET] ::1 /v1/admin/checkauth 200 3.227575ms
2025/04/03 10:47:06 [PUT] ::1 /v1/admin/configs/22 200 14.652352ms
2025/04/03 10:47:14 [GET] ::1 /v1/admin/checkauth 200 5.489786ms
2025/04/03 10:47:15 [GET] ::1 /v1/admin/checkauth 200 3.668025ms
2025/04/03 10:47:15 [GET] ::1 /v1/checkstatus 200 68.158µs
2025/04/03 10:47:20 [GET] ::1 /v1/admin/checkauth 200 3.352612ms
2025/04/03 10:47:22 [GET] ::1 /v1/admin/checkauth 200 14.911452ms
2025/04/03 10:47:22 [GET] ::1 /v1/admin/checkauth 200 4.606743ms
2025/04/03 10:47:23 [GET] ::1 /v1/config 200 9.079393ms
2025/04/03 10:47:23 [GET] ::1 /v1/admin/checkauth 200 5.388204ms
2025/04/03 10:47:23 [GET] ::1 /v1/admin/checkauth 200 17.85767ms
2025/04/03 10:47:31 [GET] ::1 /v1/admin/checkauth 200 4.22357ms
2025/04/03 10:47:31 [PUT] ::1 /v1/admin/configs/22 200 25.202611ms
2025/04/03 10:47:35 [GET] ::1 /v1/admin/checkauth 200 2.95079ms
2025/04/03 10:47:35 [GET] ::1 /v1/checkstatus 200 25.39µs
2025/04/03 10:47:38 [GET] ::1 /v1/admin/checkauth 200 4.681357ms
2025/04/03 10:47:39 [GET] ::1 /v1/admin/checkauth 200 4.404265ms
2025/04/03 10:47:39 [GET] ::1 /v1/admin/checkauth 200 7.931452ms
2025/04/03 10:47:39 [GET] ::1 /v1/config 200 3.630912ms
2025/04/03 10:47:39 [GET] ::1 /v1/admin/checkauth 200 21.486465ms
2025/04/03 10:47:40 [GET] ::1 /v1/admin/checkauth 200 7.078395ms
2025/04/03 10:48:02 [GET] ::1 /v1/admin/checkauth 200 81.210114ms
2025/04/03 10:48:02 [PUT] ::1 /v1/admin/configs/22 200 22.571628ms
2025/04/03 10:48:08 [GET] ::1 /v1/admin/checkauth 200 4.373072ms
2025/04/03 10:48:08 [GET] ::1 /v1/checkstatus 200 25.063µs
2025/04/03 10:48:11 [GET] ::1 /v1/admin/checkauth 200 5.861815ms
2025/04/03 10:48:12 [GET] ::1 /v1/admin/checkauth 200 3.730726ms
2025/04/03 10:48:12 [GET] ::1 /v1/admin/checkauth 200 3.284996ms
2025/04/03 10:48:13 [GET] ::1 /v1/config 200 5.808098ms
2025/04/03 10:48:13 [GET] ::1 /v1/admin/checkauth 200 6.438015ms
2025/04/03 10:48:13 [GET] ::1 /v1/admin/checkauth 200 6.641172ms
2025/04/03 10:49:29 [GET] ::1 /v1/admin/checkauth 200 53.703425ms
2025/04/03 10:49:29 [GET] ::1 /v1/admin/checkauth 200 44.596152ms
2025/04/03 10:49:29 [GET] ::1 /v1/checkstatus 200 22.304µs
2025/04/03 10:49:34 [GET] ::1 /v1/admin/checkauth 200 31.856746ms
2025/04/03 10:49:36 [GET] ::1 /v1/admin/checkauth 200 6.006537ms
2025/04/03 10:49:36 [GET] ::1 /v1/admin/checkauth 200 4.362313ms
2025/04/03 10:49:36 [GET] ::1 /v1/config 200 26.378519ms
2025/04/03 10:49:36 [GET] ::1 /v1/admin/checkauth 200 3.409097ms
2025/04/03 10:49:37 [GET] ::1 /v1/admin/checkauth 200 5.565762ms
2025/04/03 10:50:41 [GET] ::1 /v1/admin/checkauth 200 9.890045ms
2025/04/03 10:50:41 [GET] ::1 /v1/admin/checkauth 200 3.772727ms
2025/04/03 10:50:41 [GET] ::1 /v1/checkstatus 200 41.488µs
2025/04/03 10:50:45 [GET] ::1 /v1/admin/checkauth 200 2.341547ms
2025/04/03 10:50:45 [GET] ::1 /v1/admin/checkauth 200 5.204156ms
2025/04/03 10:50:45 [GET] ::1 /v1/admin/checkauth 200 2.871681ms
2025/04/03 10:50:46 [GET] ::1 /v1/config 200 8.392762ms
2025/04/03 10:50:46 [GET] ::1 /v1/admin/checkauth 200 12.197721ms
2025/04/03 10:50:47 [GET] ::1 /v1/admin/checkauth 200 6.973681ms
2025/04/03 10:50:57 [GET] ::1 /v1/admin/checkauth 200 3.651284ms
2025/04/03 10:50:58 [PUT] ::1 /v1/admin/configs/22 200 52.237206ms
2025/04/03 10:51:51 [GET] ::1 /v1/admin/checkauth 200 17.859054ms
2025/04/03 10:51:51 [GET] ::1 /v1/checkstatus 200 21.813µs
2025/04/03 10:51:55 [GET] ::1 /v1/admin/checkauth 200 4.940886ms
2025/04/03 10:51:55 [GET] ::1 /v1/admin/checkauth 200 3.860115ms
2025/04/03 10:51:55 [GET] ::1 /v1/admin/checkauth 200 2.812646ms
2025/04/03 10:51:55 [GET] ::1 /v1/config 200 3.78289ms
2025/04/03 10:51:56 [GET] ::1 /v1/admin/checkauth 200 5.466622ms
2025/04/03 10:51:56 [GET] ::1 /v1/admin/checkauth 200 5.384615ms
2025/04/03 10:52:33 [GET] ::1 /v1/admin/checkauth 200 3.427341ms
2025/04/03 10:52:33 [GET] ::1 /v1/admin/checkauth 200 5.237935ms
2025/04/03 10:52:33 [GET] ::1 /v1/checkstatus 200 42.135µs
2025/04/03 10:52:36 [GET] ::1 /v1/admin/checkauth 200 3.424147ms
2025/04/03 10:52:37 [GET] ::1 /v1/admin/checkauth 200 4.997056ms
2025/04/03 10:52:37 [GET] ::1 /v1/admin/checkauth 200 2.779033ms
2025/04/03 10:52:37 [GET] ::1 /v1/config 200 3.278116ms
2025/04/03 10:52:38 [GET] ::1 /v1/admin/checkauth 200 12.055327ms
2025/04/03 10:52:38 [GET] ::1 /v1/admin/checkauth 200 9.43155ms
2025/04/03 10:53:05 [GET] ::1 /v1/admin/checkauth 200 22.283721ms
2025/04/03 10:53:05 [GET] ::1 /v1/admin/checkauth 200 9.503334ms
2025/04/03 10:53:06 [GET] ::1 /v1/checkstatus 200 27.241µs
2025/04/03 10:53:11 [GET] ::1 /v1/admin/checkauth 200 4.998625ms
2025/04/03 10:53:12 [GET] ::1 /v1/admin/checkauth 200 5.897946ms
2025/04/03 10:53:12 [GET] ::1 /v1/admin/checkauth 200 7.505039ms
2025/04/03 10:53:12 [GET] ::1 /v1/config 200 11.763979ms
2025/04/03 10:53:13 [GET] ::1 /v1/admin/checkauth 200 5.206888ms
2025/04/03 10:53:14 [GET] ::1 /v1/admin/checkauth 200 4.936883ms
2025/04/03 10:53:42 [GET] ::1 /v1/admin/checkauth 200 20.720561ms
2025/04/03 10:53:42 [GET] ::1 /v1/admin/checkauth 200 25.755615ms
2025/04/03 10:53:43 [GET] ::1 /v1/checkstatus 200 20.821µs
2025/04/03 10:53:47 [GET] ::1 /v1/admin/checkauth 200 3.290011ms
2025/04/03 10:53:47 [GET] ::1 /v1/admin/checkauth 200 10.083486ms
2025/04/03 10:53:47 [GET] ::1 /v1/admin/checkauth 200 2.955867ms
2025/04/03 10:53:48 [GET] ::1 /v1/config 200 16.240022ms
2025/04/03 10:53:48 [GET] ::1 /v1/admin/checkauth 200 7.548396ms
2025/04/03 10:53:49 [GET] ::1 /v1/admin/checkauth 200 6.087024ms
2025/04/03 10:55:09 [GET] ::1 /v1/admin/checkauth 200 8.687506ms
2025/04/03 10:55:09 [GET] ::1 /v1/admin/checkauth 200 7.976478ms
2025/04/03 10:55:09 [GET] ::1 /v1/checkstatus 200 15.943µs
2025/04/03 10:55:12 [GET] ::1 /v1/admin/checkauth 200 13.870741ms
2025/04/03 10:55:13 [GET] ::1 /v1/admin/checkauth 200 3.453687ms
2025/04/03 10:55:13 [GET] ::1 /v1/admin/checkauth 200 3.12114ms
2025/04/03 10:55:14 [GET] ::1 /v1/config 200 5.565005ms
2025/04/03 10:55:14 [GET] ::1 /v1/admin/checkauth 200 5.01666ms
2025/04/03 10:55:15 [GET] ::1 /v1/admin/checkauth 200 6.045868ms
2025/04/03 10:55:37 [GET] ::1 /v1/admin/checkauth 200 9.111733ms
2025/04/03 10:55:37 [GET] ::1 /v1/admin/checkauth 200 3.894616ms
2025/04/03 10:55:38 [GET] ::1 /v1/checkstatus 200 23.383µs
2025/04/03 10:55:42 [GET] ::1 /v1/admin/checkauth 200 8.584618ms
2025/04/03 10:55:43 [GET] ::1 /v1/admin/checkauth 200 3.933072ms
2025/04/03 10:55:43 [GET] ::1 /v1/admin/checkauth 200 4.187924ms
2025/04/03 10:55:44 [GET] ::1 /v1/config 200 4.679839ms
2025/04/03 10:55:44 [GET] ::1 /v1/admin/checkauth 200 6.326255ms
2025/04/03 10:55:44 [GET] ::1 /v1/admin/checkauth 200 7.98387ms
2025/04/03 10:55:48 [GET] ::1 /v1/admin/checkauth 200 4.374084ms
2025/04/03 10:55:48 [PUT] ::1 /v1/admin/configs/22 200 80.65071ms
2025/04/03 10:55:50 [GET] ::1 /v1/admin/checkauth 200 4.857443ms
2025/04/03 10:55:51 [GET] ::1 /v1/checkstatus 200 17.812µs
2025/04/03 10:55:53 [GET] ::1 /v1/admin/checkauth 200 8.037604ms
2025/04/03 10:55:54 [GET] ::1 /v1/admin/checkauth 200 3.029329ms
2025/04/03 10:55:54 [GET] ::1 /v1/admin/checkauth 200 4.915423ms
2025/04/03 10:55:54 [GET] ::1 /v1/config 200 5.046068ms
2025/04/03 10:55:54 [GET] ::1 /v1/admin/checkauth 200 8.573092ms
2025/04/03 10:55:55 [GET] ::1 /v1/admin/checkauth 200 3.908621ms
2025/04/03 10:56:31 [GET] ::1 /v1/admin/checkauth 200 13.649626ms
2025/04/03 10:56:35 [GET] ::1 /v1/admin/checkauth 200 4.001515ms
2025/04/03 10:56:38 [GET] ::1 /v1/admin/checkauth 200 7.433366ms
2025/04/03 10:56:48 [GET] ::1 /v1/admin/checkauth 200 6.631516ms
2025/04/03 10:56:51 [GET] ::1 /v1/admin/checkauth 200 9.549993ms
2025/04/03 10:56:53 [GET] ::1 /v1/admin/checkauth 200 8.434361ms
2025/04/03 10:56:53 [GET] ::1 /v1/admin/checkauth 200 2.173199ms
2025/04/03 10:56:53 [GET] ::1 /v1/checkstatus 200 17.62µs
2025/04/03 10:56:55 [GET] ::1 /v1/admin/checkauth 200 5.167351ms
2025/04/03 10:56:55 [GET] ::1 /v1/config 200 5.420708ms
2025/04/03 10:57:29 [GET] ::1 /v1/admin/checkauth 200 8.381391ms
2025/04/03 10:57:54 [GET] ::1 /v1/admin/checkauth 200 248.397297ms
2025/04/03 10:57:56 [GET] ::1 /v1/admin/checkauth 200 5.927369ms
2025/04/03 10:57:57 [GET] ::1 /v1/admin/checkauth 200 4.917131ms
2025/04/03 10:57:58 [GET] ::1 /v1/admin/checkauth 200 5.070784ms
2025/04/03 10:57:58 [GET] ::1 /v1/admin/checkauth 200 5.110601ms
2025/04/03 10:57:58 [GET] ::1 /v1/admin/checkauth 200 11.020914ms
2025/04/03 10:57:59 [GET] ::1 /v1/admin/checkauth 200 7.825727ms
2025/04/03 10:58:52 [GET] ::1 /v1/admin/checkauth 200 80.635927ms
2025/04/03 10:58:53 [GET] 127.0.0.1 /v1/admin/checkauth 200 38.426997ms
2025/04/03 10:58:57 [GET] ::1 /v1/checkstatus 200 1.11036ms
2025/04/03 10:59:01 [GET] ::1 /v1/admin/checkauth 200 166.594654ms
2025/04/03 10:59:03 [GET] ::1 /v1/admin/checkauth 200 8.055905ms
2025/04/03 10:59:03 [GET] ::1 /v1/admin/checkauth 200 6.742452ms
2025/04/03 10:59:03 [GET] ::1 /v1/config 200 36.434976ms
2025/04/03 10:59:03 [GET] ::1 /v1/admin/checkauth 200 3.313646ms
2025/04/03 10:59:04 [GET] ::1 /v1/admin/checkauth 200 7.270032ms
2025/04/03 11:02:50 [GET] ::1 /v1/admin/checkauth 200 83.297101ms
2025/04/03 11:02:50 [GET] ::1 /v1/admin/checkauth 200 72.280455ms
2025/04/03 11:02:51 [GET] ::1 /v1/checkstatus 200 489.585µs
2025/04/03 11:02:55 [GET] ::1 /v1/admin/checkauth 200 5.000772ms
2025/04/03 11:02:57 [GET] ::1 /v1/admin/checkauth 200 7.524947ms
2025/04/03 11:02:57 [GET] ::1 /v1/admin/checkauth 200 6.798199ms
2025/04/03 11:02:58 [GET] ::1 /v1/config 200 16.848073ms
2025/04/03 11:02:58 [GET] ::1 /v1/admin/checkauth 200 6.347334ms
2025/04/03 11:02:59 [GET] ::1 /v1/admin/checkauth 200 4.285464ms
2025/04/03 11:07:25 [GET] ::1 /v1/admin/checkauth 200 17.474781ms
2025/04/03 11:07:25 [GET] ::1 /v1/admin/checkauth 200 4.821566ms
2025/04/03 11:07:25 [GET] ::1 /v1/admin/checkauth 200 4.125194ms
2025/04/03 11:07:26 [GET] ::1 /v1/checkstatus 200 19.195µs
2025/04/03 11:07:30 [GET] ::1 /v1/admin/checkauth 200 4.498419ms
2025/04/03 11:07:32 [GET] ::1 /v1/admin/checkauth 200 4.774793ms
2025/04/03 11:07:32 [GET] ::1 /v1/admin/checkauth 200 2.4659ms
2025/04/03 11:07:32 [GET] ::1 /v1/config 200 12.699686ms
2025/04/03 11:07:33 [GET] ::1 /v1/admin/checkauth 200 3.617514ms
2025/04/03 11:07:33 [GET] ::1 /v1/admin/checkauth 200 6.382623ms
2025/04/03 11:07:49 [GET] ::1 /v1/admin/checkauth 200 10.906349ms
2025/04/03 11:07:49 [GET] ::1 /v1/admin/checkauth 200 8.921787ms
2025/04/03 11:07:50 [GET] ::1 /v1/checkstatus 200 18.877µs
2025/04/03 11:07:54 [GET] ::1 /v1/admin/checkauth 200 7.256023ms
2025/04/03 11:07:55 [GET] ::1 /v1/admin/checkauth 200 9.955156ms
2025/04/03 11:07:55 [GET] ::1 /v1/admin/checkauth 200 4.8444ms
2025/04/03 11:07:56 [GET] ::1 /v1/config 200 7.068183ms
2025/04/03 11:07:56 [GET] ::1 /v1/admin/checkauth 200 4.491038ms
2025/04/03 11:07:57 [GET] ::1 /v1/admin/checkauth 200 4.641342ms
2025/04/03 11:08:44 [GET] ::1 /v1/admin/checkauth 200 18.356967ms
2025/04/03 11:08:44 [GET] ::1 /v1/admin/checkauth 200 6.239698ms
2025/04/03 11:08:45 [GET] ::1 /v1/checkstatus 200 20.265µs
2025/04/03 11:08:51 [GET] ::1 /v1/admin/checkauth 200 6.636936ms
2025/04/03 11:08:53 [GET] ::1 /v1/admin/checkauth 200 7.795568ms
2025/04/03 11:08:53 [GET] ::1 /v1/admin/checkauth 200 5.172069ms
2025/04/03 11:08:54 [GET] ::1 /v1/config 200 8.717909ms
2025/04/03 11:08:54 [GET] ::1 /v1/admin/checkauth 200 9.347822ms
2025/04/03 11:08:55 [GET] ::1 /v1/admin/checkauth 200 9.68634ms
2025/04/03 11:09:09 [GET] ::1 /v1/admin/checkauth 200 10.45253ms
2025/04/03 11:09:09 [GET] ::1 /v1/admin/checkauth 200 2.864245ms
2025/04/03 11:09:09 [GET] ::1 /v1/checkstatus 200 20.542µs
2025/04/03 11:09:12 [GET] ::1 /v1/admin/checkauth 200 5.363336ms
2025/04/03 11:09:13 [GET] ::1 /v1/admin/checkauth 200 3.014903ms
2025/04/03 11:09:13 [GET] ::1 /v1/admin/checkauth 200 8.014456ms
2025/04/03 11:09:14 [GET] ::1 /v1/config 200 9.39206ms
2025/04/03 11:09:14 [GET] ::1 /v1/admin/checkauth 200 2.758163ms
2025/04/03 11:09:15 [GET] ::1 /v1/admin/checkauth 200 8.381218ms
2025/04/03 12:40:36 [GET] ::1 /v1/admin/checkauth 200 49.072538ms
2025/04/03 12:40:36 [GET] ::1 /v1/admin/checkauth 200 3.847357ms
2025/04/03 12:40:36 [GET] ::1 /v1/admin/checkauth 200 5.585243ms
2025/04/03 12:40:37 [GET] ::1 /v1/checkstatus 200 17.874µs
2025/04/03 12:40:42 [GET] ::1 /v1/admin/checkauth 200 9.556013ms
2025/04/03 12:40:45 [GET] ::1 /v1/admin/pages/typenstatus/ 200 40.861187ms
2025/04/03 12:40:45 [GET] ::1 /v1/admin/checkauth 200 3.896201ms
2025/04/03 12:40:45 [GET] ::1 /v1/admin/checkauth 200 2.752466ms
2025/04/03 12:40:45 [GET] ::1 /v1/admin/checkauth 200 2.390538ms
2025/04/03 12:40:46 [GET] ::1 /v1/config 200 13.273474ms
2025/04/03 12:40:46 [GET] ::1 /v1/admin/checkauth 200 2.559851ms
2025/04/03 12:40:46 [GET] ::1 /v1/admin/checkauth 200 3.573296ms
2025/04/03 12:40:46 [GET] ::1 /v1/admin/pages/typenstatus/ 200 12.88668ms
2025/04/03 12:40:47 [GET] ::1 /v1/admin/checkauth 200 3.826259ms
2025/04/03 12:40:47 [GET] ::1 /v1/admin/checkauth 200 5.888768ms
2025/04/03 12:40:47 [GET] ::1 /v1/admin/pages/typenstatus/ 200 15.038613ms
2025/04/03 12:41:21 [GET] ::1 /v1/admin/checkauth 200 4.461702ms
2025/04/03 12:41:21 [GET] ::1 /v1/admin/checkauth 200 5.256785ms
2025/04/03 12:41:21 [GET] ::1 /v1/checkstatus 200 24.597µs
2025/04/03 12:41:25 [GET] ::1 /v1/admin/checkauth 200 3.455313ms
2025/04/03 12:41:27 [GET] ::1 /v1/admin/pages/typenstatus/ 200 14.812354ms
2025/04/03 12:41:27 [GET] ::1 /v1/admin/checkauth 200 9.138459ms
2025/04/03 12:41:28 [GET] ::1 /v1/admin/checkauth 200 4.63551ms
2025/04/03 12:41:28 [GET] ::1 /v1/admin/checkauth 200 12.934886ms
2025/04/03 12:41:28 [GET] ::1 /v1/config 200 8.167407ms
2025/04/03 12:41:28 [GET] ::1 /v1/admin/checkauth 200 7.910846ms
2025/04/03 12:41:29 [GET] ::1 /v1/admin/checkauth 200 4.077352ms
2025/04/03 12:41:29 [GET] ::1 /v1/admin/pages/typenstatus/ 200 14.53165ms
2025/04/03 12:41:29 [GET] ::1 /v1/admin/checkauth 200 6.262656ms
2025/04/03 12:41:30 [GET] ::1 /v1/admin/checkauth 200 9.996806ms
2025/04/03 12:41:30 [GET] ::1 /v1/admin/pages/typenstatus/ 200 14.642142ms
2025/04/03 12:47:06 [GET] ::1 /v1/admin/checkauth 200 21.768986ms
2025/04/03 12:47:07 [GET] ::1 /v1/checkstatus 200 25.942µs
2025/04/03 12:47:10 [GET] ::1 /v1/admin/checkauth 200 4.694802ms
2025/04/03 12:47:11 [GET] ::1 /v1/admin/pages/typenstatus/ 200 14.808761ms
2025/04/03 12:47:11 [GET] ::1 /v1/admin/checkauth 200 2.573355ms
2025/04/03 12:47:11 [GET] ::1 /v1/admin/checkauth 200 3.505002ms
2025/04/03 12:47:12 [GET] ::1 /v1/admin/checkauth 200 2.527193ms
2025/04/03 12:47:12 [GET] ::1 /v1/config 200 3.42605ms
2025/04/03 12:47:12 [GET] ::1 /v1/admin/checkauth 200 4.295662ms
2025/04/03 12:47:13 [GET] ::1 /v1/admin/checkauth 200 4.882877ms
2025/04/03 12:47:14 [GET] ::1 /v1/admin/pages/typenstatus/ 200 8.373421ms
2025/04/03 12:47:14 [GET] ::1 /v1/admin/checkauth 200 3.663503ms
2025/04/03 12:47:15 [GET] ::1 /v1/admin/checkauth 200 5.569618ms
2025/04/03 12:47:15 [GET] ::1 /v1/admin/pages/typenstatus/ 200 6.132611ms
2025/04/03 12:50:51 [GET] ::1 /v1/admin/checkauth 200 59.301595ms
2025/04/03 12:50:51 [GET] ::1 /v1/admin/checkauth 200 49.354152ms
2025/04/03 12:50:52 [GET] ::1 /v1/checkstatus 200 39.275µs
2025/04/03 12:50:57 [GET] ::1 /v1/admin/checkauth 200 4.781357ms
2025/04/03 12:50:58 [GET] ::1 /v1/admin/pages/typenstatus/ 200 23.400452ms
2025/04/03 12:50:58 [GET] ::1 /v1/admin/checkauth 200 12.245361ms
2025/04/03 12:51:01 [GET] ::1 /v1/admin/checkauth 200 4.838527ms
2025/04/03 12:51:01 [GET] ::1 /v1/admin/checkauth 200 2.477608ms
2025/04/03 12:51:01 [GET] ::1 /v1/config 200 13.858155ms
2025/04/03 12:51:02 [GET] ::1 /v1/admin/checkauth 200 5.00738ms
2025/04/03 12:51:02 [GET] ::1 /v1/admin/checkauth 200 2.977866ms
2025/04/03 12:51:03 [GET] ::1 /v1/admin/pages/typenstatus/ 200 7.862605ms
2025/04/03 12:51:03 [GET] ::1 /v1/admin/checkauth 200 5.804794ms
2025/04/03 12:51:03 [GET] ::1 /v1/admin/checkauth 200 6.220622ms
2025/04/03 12:51:04 [GET] ::1 /v1/admin/pages/typenstatus/ 200 19.07728ms
2025/04/03 12:51:39 [GET] ::1 /v1/admin/checkauth 200 3.170075ms
2025/04/03 12:51:39 [GET] ::1 /v1/checkstatus 200 34.442µs
2025/04/03 12:51:43 [GET] ::1 /v1/admin/checkauth 200 9.818364ms
2025/04/03 12:51:44 [GET] ::1 /v1/admin/pages/typenstatus/ 200 7.562524ms
2025/04/03 12:51:44 [GET] ::1 /v1/admin/checkauth 200 4.391797ms
2025/04/03 12:51:45 [GET] ::1 /v1/admin/checkauth 200 6.624153ms
2025/04/03 12:51:45 [GET] ::1 /v1/admin/checkauth 200 3.960123ms
2025/04/03 12:51:46 [GET] ::1 /v1/config 200 6.454305ms
2025/04/03 12:51:46 [GET] ::1 /v1/admin/checkauth 200 4.934464ms
2025/04/03 12:51:46 [GET] ::1 /v1/admin/checkauth 200 3.616783ms
2025/04/03 12:51:47 [GET] ::1 /v1/admin/pages/typenstatus/ 200 19.436476ms
2025/04/03 12:51:47 [GET] ::1 /v1/admin/checkauth 200 5.677998ms
2025/04/03 12:51:48 [GET] ::1 /v1/admin/checkauth 200 1.668078ms
2025/04/03 12:51:48 [GET] ::1 /v1/admin/pages/typenstatus/ 200 15.409275ms
2025/04/03 12:52:02 [GET] ::1 /v1/admin/checkauth 200 12.173863ms
2025/04/03 12:52:03 [GET] ::1 /v1/admin/checkauth 200 4.357965ms
2025/04/03 12:52:03 [GET] ::1 /v1/checkstatus 200 36.15µs
2025/04/03 12:52:10 [GET] ::1 /v1/admin/checkauth 200 12.633165ms
2025/04/03 12:52:10 [GET] ::1 /v1/checkstatus 200 19.749µs
2025/04/03 12:52:13 [GET] ::1 /v1/admin/checkauth 200 7.509947ms
2025/04/03 12:52:14 [GET] ::1 /v1/admin/pages/typenstatus/ 200 12.544572ms
2025/04/03 12:52:15 [GET] ::1 /v1/admin/checkauth 200 6.35034ms
2025/04/03 12:52:15 [GET] ::1 /v1/admin/checkauth 200 3.964318ms
2025/04/03 12:52:15 [GET] ::1 /v1/admin/checkauth 200 3.698219ms
2025/04/03 12:52:16 [GET] ::1 /v1/config 200 12.041001ms
2025/04/03 12:52:16 [GET] ::1 /v1/admin/checkauth 200 4.235216ms
2025/04/03 12:52:17 [GET] ::1 /v1/admin/checkauth 200 8.185578ms
2025/04/03 12:52:17 [GET] ::1 /v1/admin/pages/typenstatus/ 200 11.211988ms
2025/04/03 12:52:17 [GET] ::1 /v1/admin/checkauth 200 3.034699ms
2025/04/03 12:52:18 [GET] ::1 /v1/admin/checkauth 200 1.897021ms
2025/04/03 12:52:18 [GET] ::1 /v1/admin/pages/typenstatus/ 200 5.57584ms
2025/04/03 12:56:53 [GET] ::1 /v1/admin/checkauth 200 22.477354ms
2025/04/03 12:56:54 [GET] ::1 /v1/checkstatus 200 25.004µs
2025/04/03 12:56:59 [GET] ::1 /v1/admin/checkauth 200 6.40684ms
2025/04/03 12:57:03 [GET] ::1 /v1/admin/pages/typenstatus/ 200 32.773496ms
2025/04/03 12:57:03 [GET] ::1 /v1/admin/checkauth 200 4.414254ms
2025/04/03 12:57:04 [GET] ::1 /v1/admin/checkauth 200 5.377023ms
2025/04/03 12:57:04 [GET] ::1 /v1/admin/checkauth 200 4.389764ms
2025/04/03 12:57:04 [GET] ::1 /v1/config 200 20.932849ms
2025/04/03 12:57:05 [GET] ::1 /v1/admin/checkauth 200 4.496358ms
2025/04/03 12:57:06 [GET] ::1 /v1/admin/checkauth 200 4.19467ms
2025/04/03 12:57:07 [GET] ::1 /v1/admin/pages/typenstatus/ 200 9.270329ms
2025/04/03 12:57:07 [GET] ::1 /v1/admin/checkauth 200 15.325459ms
2025/04/03 12:57:08 [GET] ::1 /v1/admin/checkauth 200 4.256832ms
2025/04/03 12:57:09 [GET] ::1 /v1/admin/pages/typenstatus/ 200 5.103252ms
2025/04/03 12:57:13 [GET] ::1 /v1/admin/checkauth 200 5.911467ms
2025/04/03 12:57:13 [GET] ::1 /v1/admin/checkauth 200 5.611822ms
2025/04/03 12:57:14 [GET] ::1 /v1/checkstatus 200 26.046µs
2025/04/03 12:57:21 [GET] ::1 /v1/admin/checkauth 200 6.317233ms
2025/04/03 12:57:24 [GET] ::1 /v1/admin/pages/typenstatus/ 200 12.335046ms
2025/04/03 12:57:24 [GET] ::1 /v1/admin/checkauth 200 6.448454ms
2025/04/03 12:57:25 [GET] ::1 /v1/admin/checkauth 200 6.905791ms
2025/04/03 12:57:25 [GET] ::1 /v1/admin/checkauth 200 6.04386ms
2025/04/03 12:57:26 [GET] ::1 /v1/config 200 5.356659ms
2025/04/03 12:57:26 [GET] ::1 /v1/admin/checkauth 200 4.790987ms
2025/04/03 12:57:27 [GET] ::1 /v1/admin/checkauth 200 6.071987ms
2025/04/03 12:57:28 [GET] ::1 /v1/admin/pages/typenstatus/ 200 9.699903ms
2025/04/03 12:57:28 [GET] ::1 /v1/admin/checkauth 200 5.165673ms
2025/04/03 12:57:29 [GET] ::1 /v1/admin/checkauth 200 5.680969ms
2025/04/03 12:57:30 [GET] ::1 /v1/admin/pages/typenstatus/ 200 6.841752ms
2025/04/03 12:57:53 [GET] ::1 /v1/admin/checkauth 200 14.315553ms
2025/04/03 12:57:53 [GET] ::1 /v1/admin/checkauth 200 22.126709ms
2025/04/03 12:57:53 [GET] ::1 /v1/checkstatus 200 19.932µs
2025/04/03 12:58:00 [GET] ::1 /v1/admin/checkauth 200 5.37916ms
2025/04/03 12:58:03 [GET] ::1 /v1/admin/pages/typenstatus/ 200 17.730918ms
2025/04/03 12:58:03 [GET] ::1 /v1/admin/checkauth 200 7.528974ms
2025/04/03 12:58:04 [GET] ::1 /v1/admin/checkauth 200 4.394412ms
2025/04/03 12:58:04 [GET] ::1 /v1/admin/checkauth 200 4.518021ms
2025/04/03 12:58:05 [GET] ::1 /v1/config 200 4.225973ms
2025/04/03 12:58:05 [GET] ::1 /v1/admin/checkauth 200 4.273382ms
2025/04/03 12:58:07 [GET] ::1 /v1/admin/checkauth 200 19.31612ms
2025/04/03 12:58:07 [GET] ::1 /v1/admin/pages/typenstatus/ 200 5.858249ms
2025/04/03 12:58:08 [GET] ::1 /v1/admin/checkauth 200 4.472608ms
2025/04/03 12:58:08 [GET] ::1 /v1/admin/checkauth 200 4.995556ms
2025/04/03 12:58:09 [GET] ::1 /v1/admin/pages/typenstatus/ 200 28.690271ms
2025/04/03 12:58:25 [GET] ::1 /v1/admin/checkauth 200 13.096381ms
2025/04/03 12:58:25 [GET] ::1 /v1/admin/checkauth 200 16.043239ms
2025/04/03 12:58:26 [GET] ::1 /v1/checkstatus 200 22.718µs
2025/04/03 12:58:33 [GET] ::1 /v1/admin/checkauth 200 3.282324ms
2025/04/03 12:58:38 [GET] ::1 /v1/admin/pages/typenstatus/ 200 10.494902ms
2025/04/03 12:58:38 [GET] ::1 /v1/admin/checkauth 200 4.574399ms
2025/04/03 12:58:39 [GET] ::1 /v1/admin/checkauth 200 3.788656ms
2025/04/03 12:58:39 [GET] ::1 /v1/admin/checkauth 200 3.344297ms
2025/04/03 12:58:40 [GET] ::1 /v1/config 200 2.062881ms
2025/04/03 12:58:40 [GET] ::1 /v1/admin/checkauth 200 11.12637ms
2025/04/03 12:58:41 [GET] ::1 /v1/admin/checkauth 200 13.029597ms
2025/04/03 12:58:42 [GET] ::1 /v1/admin/pages/typenstatus/ 200 9.54107ms
2025/04/03 12:58:42 [GET] ::1 /v1/admin/checkauth 200 4.266411ms
2025/04/03 12:58:43 [GET] ::1 /v1/admin/checkauth 200 4.68329ms
2025/04/03 12:58:44 [GET] ::1 /v1/admin/pages/typenstatus/ 200 7.422975ms
2025/04/03 12:59:34 [GET] ::1 /v1/admin/checkauth 200 49.623464ms
2025/04/03 12:59:34 [GET] ::1 /v1/admin/checkauth 200 124.063189ms
2025/04/03 12:59:35 [GET] ::1 /v1/checkstatus 200 672.651µs
2025/04/03 12:59:44 [GET] ::1 /v1/admin/checkauth 200 8.229983ms
2025/04/03 12:59:47 [GET] ::1 /v1/admin/checkauth 200 10.139276ms
2025/04/03 12:59:49 [GET] ::1 /v1/admin/pages/typenstatus/ 200 58.265283ms
2025/04/03 12:59:49 [GET] ::1 /v1/admin/checkauth 200 20.216879ms
2025/04/03 12:59:49 [GET] ::1 /v1/checkstatus 200 17.815µs
2025/04/03 12:59:50 [GET] ::1 /v1/admin/checkauth 200 3.196617ms
2025/04/03 12:59:57 [GET] ::1 /v1/admin/checkauth 200 4.275306ms
2025/04/03 12:59:59 [GET] ::1 /v1/admin/pages/typenstatus/ 200 22.021258ms
2025/04/03 12:59:59 [GET] ::1 /v1/admin/checkauth 200 4.420155ms
2025/04/03 13:00:00 [GET] ::1 /v1/admin/checkauth 200 5.272077ms
2025/04/03 13:00:00 [GET] ::1 /v1/admin/checkauth 200 6.184811ms
2025/04/03 13:00:01 [GET] ::1 /v1/config 200 14.581869ms
2025/04/03 13:00:01 [GET] ::1 /v1/admin/checkauth 200 8.03293ms
2025/04/03 13:00:02 [GET] ::1 /v1/admin/checkauth 200 4.199399ms
2025/04/03 13:00:03 [GET] ::1 /v1/admin/pages/typenstatus/ 200 6.016833ms
2025/04/03 13:00:03 [GET] ::1 /v1/admin/checkauth 200 8.437991ms
2025/04/03 13:00:04 [GET] ::1 /v1/admin/checkauth 200 3.38934ms
2025/04/03 13:00:05 [GET] ::1 /v1/admin/pages/typenstatus/ 200 15.483854ms
2025/04/03 14:46:41 [GET] ::1 /v1/admin/checkauth 200 336.722553ms
2025/04/03 14:46:41 [GET] ::1 /v1/admin/checkauth 200 336.85741ms
2025/04/03 14:46:42 [GET] ::1 /v1/checkstatus 200 40.629µs
2025/04/03 14:46:51 [GET] ::1 /v1/admin/checkauth 200 36.622415ms
2025/04/03 14:46:55 [GET] ::1 /v1/admin/pages/typenstatus/ 200 29.051019ms
2025/04/03 14:46:56 [GET] ::1 /v1/admin/checkauth 200 5.281356ms
2025/04/03 14:46:57 [GET] ::1 /v1/admin/checkauth 200 8.845965ms
2025/04/03 14:46:57 [GET] ::1 /v1/admin/checkauth 200 7.793879ms
2025/04/03 14:46:58 [GET] ::1 /v1/config 200 25.319889ms
2025/04/03 14:46:59 [GET] ::1 /v1/admin/checkauth 200 5.041957ms
2025/04/03 14:47:01 [GET] ::1 /v1/admin/checkauth 200 5.369583ms
2025/04/03 14:47:02 [GET] ::1 /v1/admin/pages/typenstatus/ 200 17.536518ms
2025/04/03 14:47:02 [GET] ::1 /v1/admin/checkauth 200 13.384425ms
2025/04/03 14:47:03 [GET] ::1 /v1/admin/checkauth 200 5.333252ms
2025/04/03 14:47:04 [GET] ::1 /v1/admin/pages/typenstatus/ 200 9.647604ms
2025/04/03 14:51:16 [GET] ::1 /v1/admin/checkauth 200 36.184172ms
2025/04/03 14:51:16 [GET] ::1 /v1/admin/checkauth 200 44.674786ms
2025/04/03 14:51:17 [GET] ::1 /v1/checkstatus 200 34.044µs
2025/04/03 14:51:27 [GET] ::1 /v1/admin/checkauth 200 5.17653ms
2025/04/03 14:51:31 [GET] ::1 /v1/admin/pages/typenstatus/ 200 13.749692ms
2025/04/03 14:51:31 [GET] ::1 /v1/admin/checkauth 200 4.789744ms
2025/04/03 14:51:32 [GET] ::1 /v1/admin/checkauth 200 12.921767ms
2025/04/03 14:51:32 [GET] ::1 /v1/admin/checkauth 200 4.013279ms
2025/04/03 14:51:33 [GET] ::1 /v1/config 200 5.359919ms
2025/04/03 14:51:34 [GET] ::1 /v1/admin/checkauth 200 5.077196ms
2025/04/03 14:51:35 [GET] ::1 /v1/admin/checkauth 200 4.553378ms
2025/04/03 14:51:35 [GET] ::1 /v1/admin/pages/typenstatus/ 200 9.873913ms
2025/04/03 14:51:35 [GET] ::1 /v1/admin/checkauth 200 20.292677ms
2025/04/03 14:51:36 [GET] ::1 /v1/admin/checkauth 200 3.238638ms
2025/04/03 14:51:37 [GET] ::1 /v1/admin/pages/typenstatus/ 200 10.053213ms
2025/04/03 14:51:39 [GET] ::1 /v1/admin/checkauth 200 5.456036ms
2025/04/03 14:51:39 [GET] ::1 /v1/admin/checkauth 200 6.391618ms
2025/04/03 14:51:40 [GET] ::1 /v1/checkstatus 200 26.543µs
2025/04/03 14:51:46 [GET] ::1 /v1/admin/checkauth 200 29.91545ms
2025/04/03 14:51:48 [GET] ::1 /v1/admin/pages/typenstatus/ 200 8.59576ms
2025/04/03 14:51:49 [GET] ::1 /v1/admin/checkauth 200 6.053165ms
2025/04/03 14:51:49 [GET] ::1 /v1/admin/checkauth 200 9.715ms
2025/04/03 14:51:49 [GET] ::1 /v1/admin/checkauth 200 10.849016ms
2025/04/03 14:51:50 [GET] ::1 /v1/config 200 11.997064ms
2025/04/03 14:51:50 [GET] ::1 /v1/admin/checkauth 200 6.069278ms
2025/04/03 14:51:51 [GET] ::1 /v1/admin/checkauth 200 4.692765ms
2025/04/03 14:51:52 [GET] ::1 /v1/admin/pages/typenstatus/ 200 9.537916ms
2025/04/03 14:51:52 [GET] ::1 /v1/admin/checkauth 200 7.57279ms
2025/04/03 14:51:53 [GET] ::1 /v1/admin/checkauth 200 4.584784ms
2025/04/03 14:51:54 [GET] ::1 /v1/admin/pages/typenstatus/ 200 10.998426ms
2025/04/03 14:52:07 [GET] ::1 /v1/admin/checkauth 200 3.395624ms
2025/04/03 14:52:09 [GET] ::1 /v1/admin/checkauth 200 3.812894ms
2025/04/03 14:52:09 [GET] ::1 /v1/admin/checkauth 200 2.56695ms
2025/04/03 14:52:10 [GET] ::1 /v1/admin/pages/typenstatus/ 200 10.133079ms
2025/04/03 14:52:10 [GET] ::1 /v1/admin/checkauth 200 2.087218ms
2025/04/03 14:52:10 [GET] ::1 /v1/admin/pages/typenstatus/ 200 18.767313ms
2025/04/03 14:52:17 [GET] ::1 /v1/admin/checkauth 200 17.912323ms
2025/04/03 14:52:19 [GET] ::1 /v1/admin/checkauth 200 5.269922ms
2025/04/03 14:52:20 [GET] ::1 /v1/admin/checkauth 200 1.702043ms
2025/04/03 14:52:20 [GET] ::1 /v1/admin/pages/typenstatus/ 200 15.342585ms
2025/04/03 14:52:20 [GET] ::1 /v1/admin/checkauth 200 2.103767ms
2025/04/03 14:52:21 [GET] ::1 /v1/admin/pages/typenstatus/ 200 8.280215ms
2025/04/03 14:53:34 [GET] ::1 /v1/admin/checkauth 200 19.406047ms
2025/04/03 14:53:34 [GET] ::1 /v1/checkstatus 200 32.766µs
2025/04/03 14:53:39 [GET] ::1 /v1/admin/checkauth 200 7.622446ms
2025/04/03 14:53:40 [GET] ::1 /v1/admin/pages/typenstatus/ 200 17.510907ms
2025/04/03 14:53:40 [GET] ::1 /v1/admin/checkauth 200 12.546577ms
2025/04/03 14:53:40 [GET] ::1 /v1/admin/checkauth 200 5.782843ms
2025/04/03 14:53:41 [GET] ::1 /v1/admin/checkauth 200 2.857718ms
2025/04/03 14:53:41 [GET] ::1 /v1/config 200 5.639182ms
2025/04/03 14:53:41 [GET] ::1 /v1/admin/checkauth 200 14.255459ms
2025/04/03 14:53:42 [GET] ::1 /v1/admin/checkauth 200 3.217621ms
2025/04/03 14:53:43 [GET] ::1 /v1/admin/pages/typenstatus/ 200 8.870113ms
2025/04/03 14:53:43 [GET] ::1 /v1/admin/checkauth 200 4.020452ms
2025/04/03 14:53:44 [GET] ::1 /v1/admin/checkauth 200 1.902349ms
2025/04/03 14:53:44 [GET] ::1 /v1/admin/pages/typenstatus/ 200 10.72645ms
2025/04/03 14:54:00 [GET] ::1 /v1/admin/checkauth 200 3.660773ms
2025/04/03 14:54:01 [GET] ::1 /v1/checkstatus 200 22.494µs
2025/04/03 14:54:04 [GET] ::1 /v1/admin/checkauth 200 5.7142ms
2025/04/03 14:54:05 [GET] ::1 /v1/admin/pages/typenstatus/ 200 8.266957ms
2025/04/03 14:54:05 [GET] ::1 /v1/admin/checkauth 200 4.640007ms
2025/04/03 14:54:06 [GET] ::1 /v1/admin/checkauth 200 5.747826ms
2025/04/03 14:54:06 [GET] ::1 /v1/admin/checkauth 200 10.565544ms
2025/04/03 14:54:06 [GET] ::1 /v1/config 200 2.427533ms
2025/04/03 14:54:07 [GET] ::1 /v1/admin/checkauth 200 2.194013ms
2025/04/03 14:54:07 [GET] ::1 /v1/admin/checkauth 200 3.310117ms
2025/04/03 14:54:08 [GET] ::1 /v1/admin/pages/typenstatus/ 200 11.381805ms
2025/04/03 14:54:08 [GET] ::1 /v1/admin/checkauth 200 4.368714ms
2025/04/03 14:54:09 [GET] ::1 /v1/admin/checkauth 200 5.039313ms
2025/04/03 14:54:09 [GET] ::1 /v1/admin/pages/typenstatus/ 200 5.537057ms
2025/04/03 14:54:19 [GET] ::1 /v1/admin/checkauth 200 1.542518ms
2025/04/03 14:54:20 [PUT] ::1 /v1/admin/configs/23 200 32.750341ms
2025/04/03 14:54:24 [GET] ::1 /v1/admin/checkauth 200 2.881632ms
2025/04/03 14:54:24 [GET] ::1 /v1/checkstatus 200 14.369µs
2025/04/03 14:54:27 [GET] ::1 /v1/admin/checkauth 200 4.367233ms
2025/04/03 14:54:29 [GET] ::1 /v1/admin/pages/typenstatus/ 200 7.462213ms
2025/04/03 14:54:29 [GET] ::1 /v1/admin/checkauth 200 5.287102ms
2025/04/03 14:54:29 [GET] ::1 /v1/admin/checkauth 200 3.979745ms
2025/04/03 14:54:29 [GET] ::1 /v1/admin/checkauth 200 11.973064ms
2025/04/03 14:54:30 [GET] ::1 /v1/config 200 2.981482ms
2025/04/03 14:54:30 [GET] ::1 /v1/admin/checkauth 200 7.361504ms
2025/04/03 14:54:31 [GET] ::1 /v1/admin/checkauth 200 5.244825ms
2025/04/03 14:54:32 [GET] ::1 /v1/admin/pages/typenstatus/ 200 8.121003ms
2025/04/03 14:54:32 [GET] ::1 /v1/admin/checkauth 200 8.345086ms
2025/04/03 14:54:33 [GET] ::1 /v1/admin/checkauth 200 3.718052ms
2025/04/03 14:54:33 [GET] ::1 /v1/admin/pages/typenstatus/ 200 7.482738ms
2025/04/03 14:54:37 [GET] ::1 /v1/admin/checkauth 200 13.222197ms
2025/04/03 14:54:38 [PUT] ::1 /v1/admin/configs/23 200 24.713129ms
2025/04/03 14:54:40 [GET] ::1 /v1/admin/checkauth 200 2.253508ms
2025/04/03 14:54:41 [GET] ::1 /v1/checkstatus 200 40.725µs
2025/04/03 14:54:45 [GET] ::1 /v1/admin/checkauth 200 2.277893ms
2025/04/03 14:54:46 [GET] ::1 /v1/admin/pages/typenstatus/ 200 8.89791ms
2025/04/03 14:54:46 [GET] ::1 /v1/admin/checkauth 200 2.765284ms
2025/04/03 14:54:47 [GET] ::1 /v1/admin/checkauth 200 6.398123ms
2025/04/03 14:54:47 [GET] ::1 /v1/admin/checkauth 200 6.627569ms
2025/04/03 14:54:47 [GET] ::1 /v1/config 200 2.895977ms
2025/04/03 14:54:47 [GET] ::1 /v1/admin/checkauth 200 5.049599ms
2025/04/03 14:54:48 [GET] ::1 /v1/admin/checkauth 200 8.675494ms
2025/04/03 14:54:49 [GET] ::1 /v1/admin/pages/typenstatus/ 200 35.178026ms
2025/04/03 14:54:49 [GET] ::1 /v1/admin/checkauth 200 3.82908ms
2025/04/03 14:54:50 [GET] ::1 /v1/admin/checkauth 200 4.431741ms
2025/04/03 14:54:50 [GET] ::1 /v1/admin/pages/typenstatus/ 200 5.008935ms
2025/04/03 14:55:24 [GET] ::1 /v1/admin/checkauth 200 5.610585ms
2025/04/03 14:55:24 [GET] ::1 /v1/admin/checkauth 200 3.484228ms
2025/04/03 14:55:25 [GET] ::1 /v1/checkstatus 200 17.129µs
2025/04/03 14:55:31 [GET] ::1 /v1/admin/checkauth 200 3.008052ms
2025/04/03 14:55:33 [GET] ::1 /v1/admin/pages/typenstatus/ 200 10.03896ms
2025/04/03 14:55:33 [GET] ::1 /v1/admin/checkauth 200 2.446481ms
2025/04/03 14:55:34 [GET] ::1 /v1/admin/checkauth 200 4.477326ms
2025/04/03 14:55:34 [GET] ::1 /v1/admin/checkauth 200 4.869218ms
2025/04/03 14:55:35 [GET] ::1 /v1/config 200 4.081048ms
2025/04/03 14:55:35 [GET] ::1 /v1/admin/checkauth 200 11.274347ms
2025/04/03 14:55:35 [GET] ::1 /v1/admin/checkauth 200 2.481608ms
2025/04/03 14:55:36 [GET] ::1 /v1/admin/pages/typenstatus/ 200 11.188343ms
2025/04/03 14:55:36 [GET] ::1 /v1/admin/checkauth 200 7.618671ms
2025/04/03 14:55:37 [GET] ::1 /v1/admin/checkauth 200 8.435152ms
2025/04/03 14:55:37 [GET] ::1 /v1/admin/pages/typenstatus/ 200 5.103543ms
2025/04/03 15:01:26 [GET] ::1 /v1/admin/checkauth 200 11.650519ms
2025/04/03 15:01:45 [GET] ::1 /v1/admin/checkauth 200 105.550677ms
2025/04/03 15:01:45 [GET] ::1 /v1/admin/pages/type/1 200 12.078212ms
2025/04/03 15:01:45 [GET] ::1 /v1/admin/checkauth 200 2.798259ms
2025/04/03 15:01:45 [GET] ::1 /v1/admin/pages/type/1 200 9.367029ms
2025/04/03 15:01:46 [GET] ::1 /v1/admin/checkauth 200 4.136659ms
2025/04/03 15:01:46 [GET] ::1 /v1/admin/pages/typenstatus/ 200 15.292838ms
2025/04/03 15:01:46 [GET] ::1 /v1/admin/checkauth 200 5.697534ms
2025/04/03 15:01:47 [GET] ::1 /v1/admin/users/1 200 38.432673ms
2025/04/03 15:01:47 [GET] ::1 /v1/admin/checkauth 200 5.174073ms
2025/04/03 15:01:48 [GET] ::1 /v1/admin/users/1 200 5.685451ms
2025/04/03 15:01:48 [GET] ::1 /v1/admin/checkauth 200 2.040556ms
2025/04/03 15:01:48 [GET] ::1 /v1/admin/users/1 200 5.753816ms
2025/04/03 15:01:48 [GET] ::1 /v1/admin/checkauth 200 4.55363ms
2025/04/03 15:01:48 [GET] ::1 /v1/admin/users/1 200 5.570763ms
2025/04/03 15:01:49 [GET] ::1 /v1/admin/checkauth 200 2.99316ms
2025/04/03 15:01:49 [GET] ::1 /v1/admin/users/1 200 5.097911ms
2025/04/03 15:01:49 [GET] ::1 /v1/admin/checkauth 200 10.957906ms
2025/04/03 15:01:50 [GET] ::1 /v1/admin/users/1 200 6.09494ms
2025/04/03 15:01:50 [GET] ::1 /v1/admin/checkauth 200 2.723431ms
2025/04/03 15:01:50 [GET] ::1 /v1/admin/pages/typenstatus/ 200 7.067036ms
2025/04/03 15:01:51 [GET] ::1 /v1/admin/checkauth 200 3.366917ms
2025/04/03 15:01:51 [GET] ::1 /v1/admin/pages/typenstatus/ 200 5.149031ms
2025/04/03 15:01:51 [GET] ::1 /v1/admin/checkauth 200 1.700943ms
2025/04/03 15:01:52 [GET] ::1 /v1/admin/pages/typenstatus/ 200 8.706564ms
2025/04/03 15:01:52 [GET] ::1 /v1/admin/checkauth 200 3.562264ms
2025/04/03 15:01:53 [GET] ::1 /v1/admin/pages/typenstatus/ 200 5.30532ms
2025/04/03 15:01:53 [GET] ::1 /v1/admin/checkauth 200 1.618155ms
2025/04/03 15:01:53 [GET] ::1 /v1/admin/pages/typenstatus/ 200 6.259768ms
2025/04/03 15:01:53 [GET] ::1 /v1/admin/checkauth 200 2.263075ms
2025/04/03 15:01:54 [GET] ::1 /v1/admin/pages/typenstatus/ 200 6.412348ms
2025/04/03 15:01:54 [GET] ::1 /v1/admin/checkauth 200 6.180124ms
2025/04/03 15:01:54 [GET] ::1 /v1/admin/pages/typenstatus/ 200 6.671477ms
2025/04/03 15:01:54 [GET] ::1 /v1/admin/checkauth 200 2.55715ms
2025/04/03 15:01:56 [GET] ::1 /v1/admin/pages/count/type/1 200 14.150483ms
2025/04/03 15:01:57 [GET] ::1 /v1/admin/checkauth 200 2.342665ms
2025/04/03 15:01:57 [GET] ::1 /v1/admin/pages/count/type/1 200 6.136766ms
2025/04/03 15:01:57 [GET] ::1 /v1/admin/checkauth 200 8.571953ms
2025/04/03 15:01:57 [GET] ::1 /v1/admin/pages/count/typenstatus/ 200 6.801164ms
2025/04/03 15:01:58 [GET] ::1 /v1/admin/checkauth 200 3.799291ms
2025/04/03 15:01:58 [GET] ::1 /v1/admin/pages/count/typenstatus/ 200 11.479164ms
2025/04/03 15:01:58 [GET] ::1 /v1/admin/checkauth 200 4.170245ms
2025/04/03 15:01:58 [GET] ::1 /v1/admin/pages/count/typenstatus/ 200 7.993295ms
2025/04/03 15:01:59 [GET] ::1 /v1/admin/checkauth 200 7.934074ms
2025/04/03 15:01:59 [GET] ::1 /v1/admin/pages/count/typenstatus/ 200 6.505192ms
2025/04/03 15:01:59 [GET] ::1 /v1/admin/checkauth 200 2.972741ms
2025/04/03 15:01:59 [GET] ::1 /v1/admin/pages/count/typenstatus/ 200 4.266379ms
2025/04/03 15:02:00 [GET] ::1 /v1/admin/checkauth 200 4.456012ms
2025/04/03 15:02:00 [GET] ::1 /v1/admin/pages/count/typenstatus/ 200 6.940376ms
2025/04/03 15:02:00 [GET] ::1 /v1/admin/checkauth 200 3.756999ms
2025/04/03 15:02:01 [GET] ::1 /v1/admin/pages/count/typenstatus/ 200 3.802896ms
2025/04/03 15:02:01 [GET] ::1 /v1/admin/checkauth 200 4.250082ms
2025/04/03 15:02:01 [GET] ::1 /v1/admin/pages/count/typenstatus/ 200 8.98609ms
2025/04/03 15:02:11 [GET] ::1 /v1/admin/checkauth 200 1.727265ms
2025/04/03 15:02:23 [GET] ::1 /v1/admin/checkauth 200 70.934128ms
2025/04/03 15:02:27 [GET] ::1 /v1/admin/categories/type/1 200 149.486716ms
2025/04/03 15:02:27 [GET] ::1 /v1/admin/checkauth 200 4.130456ms
2025/04/03 15:02:27 [GET] ::1 /v1/admin/tags/type/1 200 16.768417ms
2025/04/03 15:02:28 [GET] ::1 /v1/admin/checkauth 200 2.746624ms
2025/04/03 15:02:28 [GET] ::1 /v1/admin/checkauth 200 10.980375ms
2025/04/03 15:02:29 [GET] ::1 /v1/admin/categories/type/1 200 6.381504ms
2025/04/03 15:02:32 [GET] ::1 /v1/admin/checkauth 200 2.552052ms
2025/04/03 15:02:32 [GET] ::1 /v1/admin/tags/type/1 200 6.538716ms
2025/04/03 15:02:32 [GET] ::1 /v1/admin/checkauth 200 9.003258ms
