2025/04/22 08:42:45 [POST] ::1 /v1/admin/token/refresh 200 124.083532ms
2025/04/22 08:42:45 [POST] ::1 /v1/admin/token/refresh 200 177.589383ms
2025/04/22 08:42:45 [GET] ::1 /v1/checkstatus 200 18.814µs
2025/04/22 08:42:45 [GET] ::1 /v1/config/key/layout 200 4.136224ms
2025/04/22 08:42:47 [GET] ::1 /v1/admin/checkauth 200 8.839863ms
2025/04/22 08:42:48 [GET] ::1 /v1/config/key/widget_leftsidebar 200 1.894745ms
2025/04/22 08:42:48 [GET] ::1 /v1/admin/checkauth 200 2.658614ms
2025/04/22 08:42:48 [GET] ::1 /v1/admin/checkauth 200 3.330507ms
2025/04/22 08:42:48 [GET] ::1 /v1/admin/checkauth 200 1.849331ms
2025/04/22 08:42:48 [GET] ::1 /v1/config 200 4.410386ms
2025/04/22 08:42:48 [GET] ::1 /v1/admin/checkauth 200 3.026966ms
2025/04/22 08:42:49 [GET] ::1 /v1/config/key/widget_rightsidebar 200 1.653711ms
2025/04/22 08:42:49 [GET] ::1 /v1/admin/checkauth 200 3.062206ms
2025/04/22 08:42:49 [GET] ::1 /v1/admin/checkauth 200 2.730184ms
2025/04/22 08:42:49 [GET] ::1 /v1/config/key/widget_leftsidebar 200 2.378398ms
2025/04/22 08:42:49 [GET] ::1 /v1/admin/checkauth 200 1.745077ms
2025/04/22 08:42:49 [GET] ::1 /v1/admin/checkauth 200 3.986126ms
2025/04/22 08:42:50 [GET] ::1 /v1/config/key/widget_leftsidebar 200 6.98251ms
2025/04/22 08:42:50 [GET] ::1 /v1/admin/checkauth 200 6.293342ms
2025/04/22 08:42:50 [GET] ::1 /v1/component 200 3.452951ms
2025/04/22 08:42:50 [GET] ::1 /v1/admin/checkauth 200 2.624033ms
2025/04/22 08:42:50 [GET] ::1 /v1/config/key/widget_footer1 200 2.129716ms
2025/04/22 08:42:50 [GET] ::1 /v1/admin/checkauth 200 1.804778ms
2025/04/22 08:42:50 [GET] ::1 /v1/config/key/widget_rightsidebar 200 1.882063ms
2025/04/22 08:42:50 [GET] ::1 /v1/admin/checkauth 200 3.699812ms
2025/04/22 08:42:50 [GET] ::1 /v1/config/key/widget_rightsidebar 200 2.22503ms
2025/04/22 08:42:51 [GET] ::1 /v1/admin/checkauth 200 2.839597ms
2025/04/22 08:42:51 [GET] ::1 /v1/config/key/widget_footer2 200 1.710564ms
2025/04/22 08:42:51 [GET] ::1 /v1/admin/checkauth 200 2.307828ms
2025/04/22 08:42:51 [GET] ::1 /v1/config/key/widget_footer1 200 2.121077ms
2025/04/22 08:42:51 [GET] ::1 /v1/admin/checkauth 200 2.407177ms
2025/04/22 08:42:51 [GET] ::1 /v1/config/key/widget_footer1 200 1.866716ms
2025/04/22 08:42:51 [GET] ::1 /v1/admin/checkauth 200 1.645655ms
2025/04/22 08:42:51 [GET] ::1 /v1/config/key/widget_footer2 200 1.52242ms
2025/04/22 08:42:51 [GET] ::1 /v1/admin/checkauth 200 3.521294ms
2025/04/22 08:42:52 [GET] ::1 /v1/config/key/widget_footer2 200 4.339221ms
2025/04/22 08:43:02 [GET] ::1 /v1/admin/checkauth 200 4.890845ms
2025/04/22 08:43:02 [GET] ::1 /v1/admin/checkauth 200 2.512322ms
2025/04/22 08:43:02 [GET] ::1 /v1/checkstatus 200 15µs
2025/04/22 08:43:02 [GET] ::1 /v1/config/key/layout 200 2.264527ms
2025/04/22 08:43:04 [GET] ::1 /v1/admin/checkauth 200 2.985931ms
2025/04/22 08:43:04 [GET] ::1 /v1/config/key/widget_leftsidebar 200 1.838673ms
2025/04/22 08:43:04 [GET] ::1 /v1/admin/checkauth 200 3.336458ms
2025/04/22 08:43:04 [GET] ::1 /v1/admin/checkauth 200 1.813349ms
2025/04/22 08:43:05 [GET] ::1 /v1/admin/checkauth 200 1.495784ms
2025/04/22 08:43:05 [GET] ::1 /v1/config 200 1.676342ms
2025/04/22 08:43:05 [GET] ::1 /v1/admin/checkauth 200 1.813171ms
2025/04/22 08:43:05 [GET] ::1 /v1/config/key/widget_rightsidebar 200 2.960413ms
2025/04/22 08:43:05 [GET] ::1 /v1/admin/checkauth 200 1.577199ms
2025/04/22 08:43:05 [GET] ::1 /v1/admin/checkauth 200 2.871097ms
2025/04/22 08:43:06 [GET] ::1 /v1/config/key/widget_leftsidebar 200 2.218112ms
2025/04/22 08:43:06 [GET] ::1 /v1/admin/checkauth 200 2.790821ms
2025/04/22 08:43:06 [GET] ::1 /v1/admin/checkauth 200 3.42679ms
2025/04/22 08:43:06 [GET] ::1 /v1/config/key/widget_leftsidebar 200 2.16945ms
2025/04/22 08:43:06 [GET] ::1 /v1/admin/checkauth 200 1.802186ms
2025/04/22 08:43:06 [GET] ::1 /v1/component 200 2.610575ms
2025/04/22 08:43:06 [GET] ::1 /v1/admin/checkauth 200 2.736431ms
2025/04/22 08:43:06 [GET] ::1 /v1/config/key/widget_footer1 200 2.643724ms
2025/04/22 08:43:07 [GET] ::1 /v1/admin/checkauth 200 3.826915ms
2025/04/22 08:43:07 [GET] ::1 /v1/config/key/widget_rightsidebar 200 1.696051ms
2025/04/22 08:43:07 [GET] ::1 /v1/admin/checkauth 200 2.568789ms
2025/04/22 08:43:07 [GET] ::1 /v1/config/key/widget_rightsidebar 200 1.607029ms
2025/04/22 08:43:07 [GET] ::1 /v1/admin/checkauth 200 2.142384ms
2025/04/22 08:43:07 [GET] ::1 /v1/config/key/widget_footer2 200 1.491838ms
2025/04/22 08:43:07 [GET] ::1 /v1/admin/checkauth 200 6.643802ms
2025/04/22 08:43:07 [GET] ::1 /v1/config/key/widget_footer1 200 1.740909ms
2025/04/22 08:43:08 [GET] ::1 /v1/admin/checkauth 200 1.454781ms
2025/04/22 08:43:08 [GET] ::1 /v1/config/key/widget_footer1 200 2.45735ms
2025/04/22 08:43:08 [GET] ::1 /v1/admin/checkauth 200 4.490671ms
2025/04/22 08:43:08 [GET] ::1 /v1/config/key/widget_footer2 200 3.070133ms
2025/04/22 08:43:08 [GET] ::1 /v1/admin/checkauth 200 4.719821ms
2025/04/22 08:43:08 [GET] ::1 /v1/config/key/widget_footer2 200 1.549114ms
2025/04/22 08:45:23 [GET] ::1 /v1/admin/checkauth 200 22.879675ms
2025/04/22 08:45:23 [GET] ::1 /v1/admin/checkauth 200 4.48091ms
2025/04/22 08:45:23 [GET] ::1 /v1/checkstatus 200 16.899µs
2025/04/22 08:45:24 [GET] ::1 /v1/config/key/layout 200 3.992146ms
2025/04/22 08:45:25 [GET] ::1 /v1/admin/checkauth 200 3.310889ms
2025/04/22 08:45:26 [GET] ::1 /v1/config/key/widget_leftsidebar 200 1.81984ms
2025/04/22 08:45:26 [GET] ::1 /v1/admin/checkauth 200 2.245433ms
2025/04/22 08:45:26 [GET] ::1 /v1/admin/checkauth 200 1.850392ms
2025/04/22 08:45:26 [GET] ::1 /v1/admin/checkauth 200 2.033813ms
2025/04/22 08:45:26 [GET] ::1 /v1/config 200 2.837201ms
2025/04/22 08:45:26 [GET] ::1 /v1/admin/checkauth 200 4.531276ms
2025/04/22 08:45:27 [GET] ::1 /v1/config/key/widget_rightsidebar 200 4.445041ms
2025/04/22 08:45:27 [GET] ::1 /v1/admin/checkauth 200 2.477791ms
2025/04/22 08:45:27 [GET] ::1 /v1/admin/checkauth 200 3.586008ms
2025/04/22 08:45:27 [GET] ::1 /v1/config/key/widget_leftsidebar 200 4.817589ms
2025/04/22 08:45:27 [GET] ::1 /v1/admin/checkauth 200 3.373069ms
2025/04/22 08:45:27 [GET] ::1 /v1/admin/checkauth 200 4.579899ms
2025/04/22 08:45:27 [GET] ::1 /v1/config/key/widget_leftsidebar 200 2.312045ms
2025/04/22 08:45:27 [GET] ::1 /v1/admin/checkauth 200 1.625186ms
2025/04/22 08:45:28 [GET] ::1 /v1/component 200 3.345406ms
2025/04/22 08:45:28 [GET] ::1 /v1/admin/checkauth 200 1.734411ms
2025/04/22 08:45:28 [GET] ::1 /v1/config/key/widget_footer1 200 2.61923ms
2025/04/22 08:45:28 [GET] ::1 /v1/admin/checkauth 200 3.651367ms
2025/04/22 08:45:28 [GET] ::1 /v1/config/key/widget_rightsidebar 200 3.908876ms
2025/04/22 08:45:28 [GET] ::1 /v1/admin/checkauth 200 1.793849ms
2025/04/22 08:45:28 [GET] ::1 /v1/config/key/widget_rightsidebar 200 3.945039ms
2025/04/22 08:45:28 [GET] ::1 /v1/admin/checkauth 200 3.858741ms
2025/04/22 08:45:28 [GET] ::1 /v1/config/key/widget_footer2 200 2.536267ms
2025/04/22 08:45:29 [GET] ::1 /v1/admin/checkauth 200 2.944058ms
2025/04/22 08:45:29 [GET] ::1 /v1/config/key/widget_footer1 200 1.757837ms
2025/04/22 08:45:29 [GET] ::1 /v1/admin/checkauth 200 2.569287ms
2025/04/22 08:45:29 [GET] ::1 /v1/config/key/widget_footer1 200 2.257912ms
2025/04/22 08:45:29 [GET] ::1 /v1/admin/checkauth 200 1.943076ms
2025/04/22 08:45:29 [GET] ::1 /v1/config/key/widget_footer2 200 4.909591ms
2025/04/22 08:45:29 [GET] ::1 /v1/admin/checkauth 200 2.491298ms
2025/04/22 08:45:29 [GET] ::1 /v1/config/key/widget_footer2 200 1.486203ms
2025/04/22 08:46:32 [GET] ::1 /v1/admin/checkauth 200 7.086408ms
2025/04/22 08:46:32 [GET] ::1 /v1/admin/checkauth 200 4.706969ms
2025/04/22 08:46:33 [GET] ::1 /v1/checkstatus 200 14.31µs
2025/04/22 08:46:33 [GET] ::1 /v1/config/key/layout 200 2.375132ms
2025/04/22 08:46:34 [GET] ::1 /v1/admin/checkauth 200 2.675373ms
2025/04/22 08:46:34 [GET] ::1 /v1/config/key/widget_leftsidebar 200 1.974819ms
2025/04/22 08:46:34 [GET] ::1 /v1/admin/checkauth 200 2.494318ms
2025/04/22 08:46:35 [GET] ::1 /v1/admin/checkauth 200 2.141064ms
2025/04/22 08:46:35 [GET] ::1 /v1/admin/checkauth 200 2.357319ms
2025/04/22 08:46:35 [GET] ::1 /v1/config 200 2.566886ms
2025/04/22 08:46:35 [GET] ::1 /v1/admin/checkauth 200 3.178542ms
2025/04/22 08:46:35 [GET] ::1 /v1/config/key/widget_rightsidebar 200 2.610068ms
2025/04/22 08:46:35 [GET] ::1 /v1/admin/checkauth 200 1.811743ms
2025/04/22 08:46:36 [GET] ::1 /v1/admin/checkauth 200 2.630273ms
2025/04/22 08:46:36 [GET] ::1 /v1/config/key/widget_leftsidebar 200 2.466612ms
2025/04/22 08:46:36 [GET] ::1 /v1/admin/checkauth 200 2.508382ms
2025/04/22 08:46:36 [GET] ::1 /v1/admin/checkauth 200 3.360507ms
2025/04/22 08:46:36 [GET] ::1 /v1/config/key/widget_leftsidebar 200 1.811605ms
2025/04/22 08:46:36 [GET] ::1 /v1/admin/checkauth 200 2.118875ms
2025/04/22 08:46:37 [GET] ::1 /v1/component 200 3.225074ms
2025/04/22 08:46:37 [GET] ::1 /v1/admin/checkauth 200 2.232497ms
2025/04/22 08:46:37 [GET] ::1 /v1/config/key/widget_footer1 200 2.617565ms
2025/04/22 08:46:37 [GET] ::1 /v1/admin/checkauth 200 4.959195ms
2025/04/22 08:46:37 [GET] ::1 /v1/config/key/widget_rightsidebar 200 2.780806ms
2025/04/22 08:46:37 [GET] ::1 /v1/admin/checkauth 200 2.063182ms
2025/04/22 08:46:37 [GET] ::1 /v1/config/key/widget_rightsidebar 200 2.38348ms
2025/04/22 08:46:37 [GET] ::1 /v1/admin/checkauth 200 1.584469ms
2025/04/22 08:46:38 [GET] ::1 /v1/config/key/widget_footer2 200 3.639703ms
2025/04/22 08:46:38 [GET] ::1 /v1/admin/checkauth 200 2.679255ms
2025/04/22 08:46:38 [GET] ::1 /v1/config/key/widget_footer1 200 2.09735ms
2025/04/22 08:46:38 [GET] ::1 /v1/admin/checkauth 200 1.606437ms
2025/04/22 08:46:38 [GET] ::1 /v1/config/key/widget_footer1 200 2.117806ms
2025/04/22 08:46:38 [GET] ::1 /v1/admin/checkauth 200 3.727605ms
2025/04/22 08:46:38 [GET] ::1 /v1/config/key/widget_footer2 200 3.797595ms
2025/04/22 08:46:38 [GET] ::1 /v1/admin/checkauth 200 4.225338ms
2025/04/22 08:46:39 [GET] ::1 /v1/config/key/widget_footer2 200 1.606536ms
2025/04/22 08:48:02 [GET] ::1 /v1/admin/checkauth 200 9.280433ms
2025/04/22 08:48:02 [GET] ::1 /v1/admin/checkauth 200 4.526339ms
2025/04/22 08:48:02 [GET] ::1 /v1/checkstatus 200 40.526µs
2025/04/22 08:48:03 [GET] ::1 /v1/config/key/layout 200 2.580389ms
2025/04/22 08:48:04 [GET] ::1 /v1/admin/checkauth 200 2.820399ms
2025/04/22 08:48:04 [GET] ::1 /v1/config/key/widget_leftsidebar 200 1.508139ms
2025/04/22 08:48:04 [GET] ::1 /v1/admin/checkauth 200 1.734497ms
2025/04/22 08:48:05 [GET] ::1 /v1/admin/checkauth 200 2.045175ms
2025/04/22 08:48:05 [GET] ::1 /v1/admin/checkauth 200 2.553664ms
2025/04/22 08:48:05 [GET] ::1 /v1/config 200 1.741546ms
2025/04/22 08:48:05 [GET] ::1 /v1/admin/checkauth 200 3.084116ms
2025/04/22 08:48:05 [GET] ::1 /v1/config/key/widget_rightsidebar 200 3.36775ms
2025/04/22 08:48:05 [GET] ::1 /v1/admin/checkauth 200 2.387785ms
2025/04/22 08:48:05 [GET] ::1 /v1/admin/checkauth 200 2.797149ms
2025/04/22 08:48:06 [GET] ::1 /v1/config/key/widget_leftsidebar 200 3.177085ms
2025/04/22 08:48:06 [GET] ::1 /v1/admin/checkauth 200 2.140562ms
2025/04/22 08:48:06 [GET] ::1 /v1/admin/checkauth 200 2.32559ms
2025/04/22 08:48:06 [GET] ::1 /v1/config/key/widget_leftsidebar 200 3.025964ms
2025/04/22 08:48:06 [GET] ::1 /v1/admin/checkauth 200 2.415467ms
2025/04/22 08:48:06 [GET] ::1 /v1/component 200 3.710099ms
2025/04/22 08:48:06 [GET] ::1 /v1/admin/checkauth 200 2.306867ms
2025/04/22 08:48:07 [GET] ::1 /v1/config/key/widget_footer1 200 1.622917ms
2025/04/22 08:48:07 [GET] ::1 /v1/admin/checkauth 200 2.296209ms
2025/04/22 08:48:07 [GET] ::1 /v1/config/key/widget_rightsidebar 200 6.35913ms
2025/04/22 08:48:07 [GET] ::1 /v1/admin/checkauth 200 3.40502ms
2025/04/22 08:48:07 [GET] ::1 /v1/config/key/widget_rightsidebar 200 2.935313ms
2025/04/22 08:48:07 [GET] ::1 /v1/admin/checkauth 200 2.329726ms
2025/04/22 08:48:07 [GET] ::1 /v1/config/key/widget_footer2 200 1.703572ms
2025/04/22 08:48:07 [GET] ::1 /v1/admin/checkauth 200 2.29618ms
2025/04/22 08:48:07 [GET] ::1 /v1/config/key/widget_footer1 200 1.986436ms
2025/04/22 08:48:08 [GET] ::1 /v1/admin/checkauth 200 3.122743ms
2025/04/22 08:48:08 [GET] ::1 /v1/config/key/widget_footer1 200 2.064056ms
2025/04/22 08:48:08 [GET] ::1 /v1/admin/checkauth 200 2.981843ms
2025/04/22 08:48:08 [GET] ::1 /v1/config/key/widget_footer2 200 3.366635ms
2025/04/22 08:48:08 [GET] ::1 /v1/admin/checkauth 200 2.040224ms
2025/04/22 08:48:08 [GET] ::1 /v1/config/key/widget_footer2 200 3.462837ms
2025/04/22 08:48:23 [GET] ::1 /v1/admin/checkauth 200 1.65799ms
2025/04/22 08:48:23 [GET] ::1 /v1/checkstatus 200 16.993µs
2025/04/22 08:48:23 [GET] ::1 /v1/config/key/layout 200 1.756394ms
2025/04/22 08:48:24 [GET] ::1 /v1/admin/checkauth 200 6.330512ms
2025/04/22 08:48:25 [GET] ::1 /v1/config/key/widget_leftsidebar 200 1.634608ms
2025/04/22 08:48:25 [GET] ::1 /v1/admin/checkauth 200 3.404203ms
2025/04/22 08:48:25 [GET] ::1 /v1/admin/checkauth 200 2.553966ms
2025/04/22 08:48:25 [GET] ::1 /v1/admin/checkauth 200 3.004857ms
2025/04/22 08:48:25 [GET] ::1 /v1/config 200 2.643653ms
2025/04/22 08:48:25 [GET] ::1 /v1/admin/checkauth 200 3.693326ms
2025/04/22 08:48:25 [GET] ::1 /v1/config/key/widget_rightsidebar 200 1.910289ms
2025/04/22 08:48:26 [GET] ::1 /v1/admin/checkauth 200 2.364872ms
2025/04/22 08:48:26 [GET] ::1 /v1/admin/checkauth 200 2.203224ms
2025/04/22 08:48:26 [GET] ::1 /v1/config/key/widget_leftsidebar 200 1.74687ms
2025/04/22 08:48:26 [GET] ::1 /v1/admin/checkauth 200 2.287414ms
2025/04/22 08:48:26 [GET] ::1 /v1/admin/checkauth 200 3.570554ms
2025/04/22 08:48:26 [GET] ::1 /v1/config/key/widget_leftsidebar 200 2.361652ms
2025/04/22 08:48:26 [GET] ::1 /v1/admin/checkauth 200 3.022999ms
2025/04/22 08:48:27 [GET] ::1 /v1/component 200 3.231704ms
2025/04/22 08:48:27 [GET] ::1 /v1/admin/checkauth 200 1.643744ms
2025/04/22 08:48:27 [GET] ::1 /v1/config/key/widget_footer1 200 2.364209ms
2025/04/22 08:48:27 [GET] ::1 /v1/admin/checkauth 200 1.964443ms
2025/04/22 08:48:27 [GET] ::1 /v1/config/key/widget_rightsidebar 200 1.867844ms
2025/04/22 08:48:27 [GET] ::1 /v1/admin/checkauth 200 2.354484ms
2025/04/22 08:48:27 [GET] ::1 /v1/config/key/widget_rightsidebar 200 1.919474ms
2025/04/22 08:48:27 [GET] ::1 /v1/admin/checkauth 200 2.498526ms
2025/04/22 08:48:27 [GET] ::1 /v1/config/key/widget_footer2 200 2.711232ms
2025/04/22 08:48:27 [GET] ::1 /v1/admin/checkauth 200 1.903075ms
2025/04/22 08:48:28 [GET] ::1 /v1/config/key/widget_footer1 200 2.487348ms
2025/04/22 08:48:28 [GET] ::1 /v1/admin/checkauth 200 2.01811ms
2025/04/22 08:48:28 [GET] ::1 /v1/config/key/widget_footer1 200 3.013975ms
2025/04/22 08:48:28 [GET] ::1 /v1/admin/checkauth 200 1.477071ms
2025/04/22 08:48:28 [GET] ::1 /v1/config/key/widget_footer2 200 1.659849ms
2025/04/22 08:48:28 [GET] ::1 /v1/admin/checkauth 200 3.376003ms
2025/04/22 08:48:28 [GET] ::1 /v1/config/key/widget_footer2 200 2.243014ms
2025/04/22 08:49:07 [GET] ::1 /v1/admin/checkauth 200 9.301531ms
2025/04/22 08:49:08 [GET] ::1 /v1/checkstatus 200 16.475µs
2025/04/22 08:49:08 [GET] ::1 /v1/config/key/layout 200 1.426351ms
2025/04/22 08:49:09 [GET] ::1 /v1/admin/checkauth 200 5.76409ms
2025/04/22 08:49:10 [GET] ::1 /v1/config/key/widget_leftsidebar 200 1.845858ms
2025/04/22 08:49:10 [GET] ::1 /v1/admin/checkauth 200 2.848201ms
2025/04/22 08:49:10 [GET] ::1 /v1/admin/checkauth 200 2.699848ms
2025/04/22 08:49:10 [GET] ::1 /v1/admin/checkauth 200 5.444708ms
2025/04/22 08:49:10 [GET] ::1 /v1/config 200 3.356693ms
2025/04/22 08:49:10 [GET] ::1 /v1/admin/checkauth 200 2.439823ms
2025/04/22 08:49:11 [GET] ::1 /v1/config/key/widget_rightsidebar 200 1.6641ms
2025/04/22 08:49:11 [GET] ::1 /v1/admin/checkauth 200 2.348247ms
2025/04/22 08:49:11 [GET] ::1 /v1/admin/checkauth 200 2.86314ms
2025/04/22 08:49:11 [GET] ::1 /v1/config/key/widget_leftsidebar 200 2.288247ms
2025/04/22 08:49:11 [GET] ::1 /v1/admin/checkauth 200 3.927634ms
2025/04/22 08:49:11 [GET] ::1 /v1/admin/checkauth 200 2.359859ms
2025/04/22 08:49:12 [GET] ::1 /v1/config/key/widget_leftsidebar 200 2.378233ms
2025/04/22 08:49:12 [GET] ::1 /v1/admin/checkauth 200 2.008896ms
2025/04/22 08:49:12 [GET] ::1 /v1/component 200 2.389531ms
2025/04/22 08:49:12 [GET] ::1 /v1/admin/checkauth 200 6.007033ms
2025/04/22 08:49:12 [GET] ::1 /v1/config/key/widget_footer1 200 1.56892ms
2025/04/22 08:49:12 [GET] ::1 /v1/admin/checkauth 200 2.177056ms
2025/04/22 08:49:12 [GET] ::1 /v1/config/key/widget_rightsidebar 200 1.926283ms
2025/04/22 08:49:13 [GET] ::1 /v1/admin/checkauth 200 1.818318ms
2025/04/22 08:49:13 [GET] ::1 /v1/config/key/widget_rightsidebar 200 3.146323ms
2025/04/22 08:49:13 [GET] ::1 /v1/admin/checkauth 200 2.800088ms
2025/04/22 08:49:13 [GET] ::1 /v1/config/key/widget_footer2 200 2.014614ms
2025/04/22 08:49:13 [GET] ::1 /v1/admin/checkauth 200 1.857505ms
2025/04/22 08:49:13 [GET] ::1 /v1/config/key/widget_footer1 200 3.055048ms
2025/04/22 08:49:13 [GET] ::1 /v1/admin/checkauth 200 1.546708ms
2025/04/22 08:49:13 [GET] ::1 /v1/config/key/widget_footer1 200 6.308049ms
2025/04/22 08:49:13 [GET] ::1 /v1/admin/checkauth 200 8.247585ms
2025/04/22 08:49:14 [GET] ::1 /v1/config/key/widget_footer2 200 1.61182ms
2025/04/22 08:49:14 [GET] ::1 /v1/admin/checkauth 200 3.076924ms
2025/04/22 08:49:14 [GET] ::1 /v1/config/key/widget_footer2 200 4.314498ms
2025/04/22 08:49:46 [GET] ::1 /v1/admin/checkauth 200 3.301215ms
2025/04/22 08:49:46 [GET] ::1 /v1/admin/checkauth 200 5.317954ms
2025/04/22 08:49:46 [GET] ::1 /v1/checkstatus 200 16.375µs
2025/04/22 08:49:46 [GET] ::1 /v1/config/key/layout 200 2.873889ms
2025/04/22 08:49:48 [GET] ::1 /v1/admin/checkauth 200 2.243188ms
2025/04/22 08:49:48 [GET] ::1 /v1/config/key/widget_leftsidebar 200 1.77081ms
2025/04/22 08:49:48 [GET] ::1 /v1/admin/checkauth 200 3.164262ms
2025/04/22 08:49:48 [GET] ::1 /v1/admin/checkauth 200 4.378426ms
2025/04/22 08:49:48 [GET] ::1 /v1/admin/checkauth 200 1.957513ms
2025/04/22 08:49:49 [GET] ::1 /v1/config 200 1.562998ms
2025/04/22 08:49:49 [GET] ::1 /v1/admin/checkauth 200 3.173229ms
2025/04/22 08:49:49 [GET] ::1 /v1/config/key/widget_rightsidebar 200 4.119684ms
2025/04/22 08:49:49 [GET] ::1 /v1/admin/checkauth 200 2.348734ms
2025/04/22 08:49:49 [GET] ::1 /v1/admin/checkauth 200 2.151481ms
2025/04/22 08:49:49 [GET] ::1 /v1/config/key/widget_leftsidebar 200 2.624231ms
2025/04/22 08:49:49 [GET] ::1 /v1/admin/checkauth 200 1.616243ms
2025/04/22 08:49:49 [GET] ::1 /v1/admin/checkauth 200 2.710561ms
2025/04/22 08:49:50 [GET] ::1 /v1/config/key/widget_leftsidebar 200 2.032532ms
2025/04/22 08:49:50 [GET] ::1 /v1/admin/checkauth 200 2.52334ms
2025/04/22 08:49:50 [GET] ::1 /v1/component 200 1.620076ms
2025/04/22 08:49:50 [GET] ::1 /v1/admin/checkauth 200 2.126349ms
2025/04/22 08:49:50 [GET] ::1 /v1/config/key/widget_footer1 200 2.720809ms
2025/04/22 08:49:50 [GET] ::1 /v1/admin/checkauth 200 2.418764ms
2025/04/22 08:49:50 [GET] ::1 /v1/config/key/widget_rightsidebar 200 1.746534ms
2025/04/22 08:49:51 [GET] ::1 /v1/admin/checkauth 200 2.203637ms
2025/04/22 08:49:51 [GET] ::1 /v1/config/key/widget_rightsidebar 200 3.54531ms
2025/04/22 08:49:51 [GET] ::1 /v1/admin/checkauth 200 2.184842ms
2025/04/22 08:49:51 [GET] ::1 /v1/config/key/widget_footer2 200 1.953435ms
2025/04/22 08:49:51 [GET] ::1 /v1/admin/checkauth 200 2.077461ms
2025/04/22 08:49:51 [GET] ::1 /v1/config/key/widget_footer1 200 1.623663ms
2025/04/22 08:49:51 [GET] ::1 /v1/admin/checkauth 200 2.384726ms
2025/04/22 08:49:51 [GET] ::1 /v1/config/key/widget_footer1 200 6.237184ms
2025/04/22 08:49:52 [GET] ::1 /v1/admin/checkauth 200 1.483145ms
2025/04/22 08:49:52 [GET] ::1 /v1/config/key/widget_footer2 200 2.017466ms
2025/04/22 08:49:52 [GET] ::1 /v1/admin/checkauth 200 2.794394ms
2025/04/22 08:49:52 [GET] ::1 /v1/config/key/widget_footer2 200 2.643189ms
2025/04/22 08:50:21 [GET] ::1 /v1/admin/checkauth 200 5.098683ms
2025/04/22 08:50:21 [GET] ::1 /v1/admin/checkauth 200 4.662686ms
2025/04/22 08:50:22 [GET] ::1 /v1/checkstatus 200 14.576µs
2025/04/22 08:50:22 [GET] ::1 /v1/config/key/layout 200 4.141973ms
2025/04/22 08:50:23 [GET] ::1 /v1/admin/checkauth 200 2.418962ms
2025/04/22 08:50:24 [GET] ::1 /v1/config/key/widget_leftsidebar 200 5.000505ms
2025/04/22 08:50:24 [GET] ::1 /v1/admin/checkauth 200 3.194891ms
2025/04/22 08:50:24 [GET] ::1 /v1/admin/checkauth 200 2.413908ms
2025/04/22 08:50:24 [GET] ::1 /v1/admin/checkauth 200 2.350475ms
2025/04/22 08:50:24 [GET] ::1 /v1/config 200 1.87997ms
2025/04/22 08:50:24 [GET] ::1 /v1/admin/checkauth 200 2.145999ms
2025/04/22 08:50:25 [GET] ::1 /v1/config/key/widget_rightsidebar 200 1.82297ms
2025/04/22 08:50:25 [GET] ::1 /v1/admin/checkauth 200 2.517222ms
2025/04/22 08:50:25 [GET] ::1 /v1/admin/checkauth 200 1.821425ms
2025/04/22 08:50:25 [GET] ::1 /v1/config/key/widget_leftsidebar 200 2.155763ms
2025/04/22 08:50:25 [GET] ::1 /v1/admin/checkauth 200 2.27365ms
2025/04/22 08:50:25 [GET] ::1 /v1/admin/checkauth 200 4.494454ms
2025/04/22 08:50:25 [GET] ::1 /v1/config/key/widget_leftsidebar 200 3.878131ms
2025/04/22 08:50:26 [GET] ::1 /v1/admin/checkauth 200 2.260175ms
2025/04/22 08:50:26 [GET] ::1 /v1/component 200 2.35603ms
2025/04/22 08:50:26 [GET] ::1 /v1/admin/checkauth 200 3.837873ms
2025/04/22 08:50:26 [GET] ::1 /v1/config/key/widget_footer1 200 1.906904ms
2025/04/22 08:50:26 [GET] ::1 /v1/admin/checkauth 200 1.923628ms
2025/04/22 08:50:26 [GET] ::1 /v1/config/key/widget_rightsidebar 200 2.451325ms
2025/04/22 08:50:26 [GET] ::1 /v1/admin/checkauth 200 1.693237ms
2025/04/22 08:50:27 [GET] ::1 /v1/config/key/widget_rightsidebar 200 1.737009ms
2025/04/22 08:50:27 [GET] ::1 /v1/admin/checkauth 200 1.488561ms
2025/04/22 08:50:27 [GET] ::1 /v1/config/key/widget_footer2 200 1.352776ms
2025/04/22 08:50:27 [GET] ::1 /v1/admin/checkauth 200 1.588546ms
2025/04/22 08:50:27 [GET] ::1 /v1/config/key/widget_footer1 200 1.695384ms
2025/04/22 08:50:27 [GET] ::1 /v1/admin/checkauth 200 2.439852ms
2025/04/22 08:50:27 [GET] ::1 /v1/config/key/widget_footer1 200 3.195776ms
2025/04/22 08:50:27 [GET] ::1 /v1/admin/checkauth 200 1.584057ms
2025/04/22 08:50:27 [GET] ::1 /v1/config/key/widget_footer2 200 3.198374ms
2025/04/22 08:50:27 [GET] ::1 /v1/admin/checkauth 200 2.427425ms
2025/04/22 08:50:28 [GET] ::1 /v1/config/key/widget_footer2 200 3.783556ms
2025/04/22 08:50:48 [GET] ::1 /v1/admin/checkauth 200 2.326537ms
2025/04/22 08:50:48 [GET] ::1 /v1/admin/checkauth 200 2.772178ms
2025/04/22 08:50:48 [GET] ::1 /v1/checkstatus 200 15.133µs
2025/04/22 08:50:48 [GET] ::1 /v1/config/key/layout 200 1.561685ms
2025/04/22 08:50:50 [GET] ::1 /v1/admin/checkauth 200 2.971611ms
2025/04/22 08:50:50 [GET] ::1 /v1/config/key/widget_leftsidebar 200 1.907245ms
2025/04/22 08:50:50 [GET] ::1 /v1/admin/checkauth 200 1.780412ms
2025/04/22 08:50:50 [GET] ::1 /v1/admin/checkauth 200 2.292602ms
2025/04/22 08:50:50 [GET] ::1 /v1/admin/checkauth 200 1.836688ms
2025/04/22 08:50:51 [GET] ::1 /v1/config 200 1.496804ms
2025/04/22 08:50:51 [GET] ::1 /v1/admin/checkauth 200 3.046526ms
2025/04/22 08:50:51 [GET] ::1 /v1/config/key/widget_rightsidebar 200 3.38081ms
2025/04/22 08:50:51 [GET] ::1 /v1/admin/checkauth 200 2.483183ms
2025/04/22 08:50:51 [GET] ::1 /v1/admin/checkauth 200 3.378392ms
2025/04/22 08:50:51 [GET] ::1 /v1/config/key/widget_leftsidebar 200 1.799249ms
2025/04/22 08:50:51 [GET] ::1 /v1/admin/checkauth 200 2.418667ms
2025/04/22 08:50:51 [GET] ::1 /v1/admin/checkauth 200 2.469758ms
2025/04/22 08:50:52 [GET] ::1 /v1/config/key/widget_leftsidebar 200 1.94852ms
2025/04/22 08:50:52 [GET] ::1 /v1/admin/checkauth 200 2.574299ms
2025/04/22 08:50:52 [GET] ::1 /v1/component 200 2.41362ms
2025/04/22 08:50:52 [GET] ::1 /v1/admin/checkauth 200 1.820776ms
2025/04/22 08:50:52 [GET] ::1 /v1/config/key/widget_footer1 200 1.893423ms
2025/04/22 08:50:52 [GET] ::1 /v1/admin/checkauth 200 1.751182ms
2025/04/22 08:50:52 [GET] ::1 /v1/config/key/widget_rightsidebar 200 3.850675ms
2025/04/22 08:50:52 [GET] ::1 /v1/admin/checkauth 200 2.405991ms
2025/04/22 08:50:52 [GET] ::1 /v1/config/key/widget_rightsidebar 200 1.843409ms
2025/04/22 08:50:53 [GET] ::1 /v1/admin/checkauth 200 2.228036ms
2025/04/22 08:50:53 [GET] ::1 /v1/config/key/widget_footer2 200 1.945673ms
2025/04/22 08:50:53 [GET] ::1 /v1/admin/checkauth 200 2.922784ms
2025/04/22 08:50:53 [GET] ::1 /v1/config/key/widget_footer1 200 2.180135ms
2025/04/22 08:50:53 [GET] ::1 /v1/admin/checkauth 200 1.627036ms
2025/04/22 08:50:53 [GET] ::1 /v1/config/key/widget_footer1 200 1.907018ms
2025/04/22 08:50:53 [GET] ::1 /v1/admin/checkauth 200 1.640964ms
2025/04/22 08:50:53 [GET] ::1 /v1/config/key/widget_footer2 200 3.83451ms
2025/04/22 08:50:53 [GET] ::1 /v1/admin/checkauth 200 3.549948ms
2025/04/22 08:50:53 [GET] ::1 /v1/config/key/widget_footer2 200 2.646403ms
2025/04/22 08:51:21 [GET] ::1 /v1/admin/checkauth 200 7.554649ms
2025/04/22 08:51:21 [GET] ::1 /v1/admin/checkauth 200 2.022975ms
2025/04/22 08:51:22 [GET] ::1 /v1/checkstatus 200 14.67µs
2025/04/22 08:51:22 [GET] ::1 /v1/config/key/layout 200 3.532054ms
2025/04/22 08:51:24 [GET] ::1 /v1/admin/checkauth 200 3.888446ms
2025/04/22 08:51:24 [GET] ::1 /v1/config/key/widget_leftsidebar 200 3.036849ms
2025/04/22 08:51:24 [GET] ::1 /v1/admin/checkauth 200 2.842678ms
2025/04/22 08:51:24 [GET] ::1 /v1/admin/checkauth 200 2.867947ms
2025/04/22 08:51:25 [GET] ::1 /v1/admin/checkauth 200 1.948441ms
2025/04/22 08:51:25 [GET] ::1 /v1/config 200 1.890982ms
2025/04/22 08:51:25 [GET] ::1 /v1/admin/checkauth 200 1.744968ms
2025/04/22 08:51:25 [GET] ::1 /v1/config/key/widget_rightsidebar 200 2.20268ms
2025/04/22 08:51:25 [GET] ::1 /v1/admin/checkauth 200 3.536212ms
2025/04/22 08:51:25 [GET] ::1 /v1/admin/checkauth 200 2.438445ms
2025/04/22 08:51:25 [GET] ::1 /v1/config/key/widget_leftsidebar 200 2.595473ms
2025/04/22 08:51:25 [GET] ::1 /v1/admin/checkauth 200 2.620516ms
2025/04/22 08:51:26 [GET] ::1 /v1/admin/checkauth 200 4.7082ms
2025/04/22 08:51:26 [GET] ::1 /v1/config/key/widget_leftsidebar 200 1.516099ms
2025/04/22 08:51:26 [GET] ::1 /v1/admin/checkauth 200 2.19277ms
2025/04/22 08:51:26 [GET] ::1 /v1/component 200 5.465546ms
2025/04/22 08:51:26 [GET] ::1 /v1/admin/checkauth 200 2.250328ms
2025/04/22 08:51:26 [GET] ::1 /v1/config/key/widget_footer1 200 1.837263ms
2025/04/22 08:51:26 [GET] ::1 /v1/admin/checkauth 200 2.29164ms
2025/04/22 08:51:26 [GET] ::1 /v1/config/key/widget_rightsidebar 200 2.322775ms
2025/04/22 08:51:27 [GET] ::1 /v1/admin/checkauth 200 2.699406ms
2025/04/22 08:51:27 [GET] ::1 /v1/config/key/widget_rightsidebar 200 1.757175ms
2025/04/22 08:51:27 [GET] ::1 /v1/admin/checkauth 200 2.211461ms
2025/04/22 08:51:27 [GET] ::1 /v1/config/key/widget_footer2 200 2.961442ms
2025/04/22 08:51:27 [GET] ::1 /v1/admin/checkauth 200 3.235105ms
2025/04/22 08:51:27 [GET] ::1 /v1/config/key/widget_footer1 200 1.600319ms
2025/04/22 08:51:27 [GET] ::1 /v1/admin/checkauth 200 2.795781ms
2025/04/22 08:51:27 [GET] ::1 /v1/config/key/widget_footer1 200 2.604648ms
2025/04/22 08:51:27 [GET] ::1 /v1/admin/checkauth 200 1.518866ms
2025/04/22 08:51:27 [GET] ::1 /v1/config/key/widget_footer2 200 1.828083ms
2025/04/22 08:51:28 [GET] ::1 /v1/admin/checkauth 200 2.951391ms
2025/04/22 08:51:28 [GET] ::1 /v1/config/key/widget_footer2 200 1.731919ms
2025/04/22 08:53:35 [GET] ::1 /v1/admin/checkauth 200 8.833347ms
2025/04/22 08:53:35 [GET] ::1 /v1/admin/checkauth 200 3.868746ms
2025/04/22 08:53:35 [GET] ::1 /v1/checkstatus 200 20.38µs
2025/04/22 08:53:36 [GET] ::1 /v1/config/key/layout 200 1.988928ms
2025/04/22 08:53:38 [GET] ::1 /v1/admin/checkauth 200 3.049641ms
2025/04/22 08:53:38 [GET] ::1 /v1/config/key/widget_leftsidebar 200 2.852104ms
2025/04/22 08:53:38 [GET] ::1 /v1/admin/checkauth 200 2.85108ms
2025/04/22 08:53:38 [GET] ::1 /v1/admin/checkauth 200 2.067547ms
2025/04/22 08:53:39 [GET] ::1 /v1/admin/checkauth 200 2.704411ms
2025/04/22 08:53:39 [GET] ::1 /v1/config 200 2.850263ms
2025/04/22 08:53:39 [GET] ::1 /v1/admin/checkauth 200 3.645072ms
2025/04/22 08:53:39 [GET] ::1 /v1/config/key/widget_rightsidebar 200 1.650238ms
2025/04/22 08:53:39 [GET] ::1 /v1/admin/checkauth 200 2.281873ms
2025/04/22 08:53:39 [GET] ::1 /v1/admin/checkauth 200 2.743353ms
2025/04/22 08:53:40 [GET] ::1 /v1/config/key/widget_leftsidebar 200 1.723838ms
2025/04/22 08:53:40 [GET] ::1 /v1/admin/checkauth 200 3.684463ms
2025/04/22 08:53:40 [GET] ::1 /v1/admin/checkauth 200 3.050346ms
2025/04/22 08:53:40 [GET] ::1 /v1/config/key/widget_leftsidebar 200 2.1121ms
2025/04/22 08:53:40 [GET] ::1 /v1/admin/checkauth 200 2.294793ms
2025/04/22 08:53:40 [GET] ::1 /v1/component 200 5.884422ms
2025/04/22 08:53:40 [GET] ::1 /v1/admin/checkauth 200 4.095513ms
2025/04/22 08:53:41 [GET] ::1 /v1/config/key/widget_footer1 200 2.211641ms
2025/04/22 08:53:41 [GET] ::1 /v1/admin/checkauth 200 2.374713ms
2025/04/22 08:53:41 [GET] ::1 /v1/config/key/widget_rightsidebar 200 2.14017ms
2025/04/22 08:53:41 [GET] ::1 /v1/admin/checkauth 200 2.423178ms
2025/04/22 08:53:41 [GET] ::1 /v1/config/key/widget_rightsidebar 200 1.574308ms
2025/04/22 08:53:41 [GET] ::1 /v1/admin/checkauth 200 2.251154ms
2025/04/22 08:53:41 [GET] ::1 /v1/config/key/widget_footer2 200 1.476597ms
2025/04/22 08:53:41 [GET] ::1 /v1/admin/checkauth 200 1.720252ms
2025/04/22 08:53:42 [GET] ::1 /v1/config/key/widget_footer1 200 3.050938ms
2025/04/22 08:53:42 [GET] ::1 /v1/admin/checkauth 200 2.415549ms
2025/04/22 08:53:42 [GET] ::1 /v1/config/key/widget_footer1 200 3.545975ms
2025/04/22 08:53:42 [GET] ::1 /v1/admin/checkauth 200 2.918434ms
2025/04/22 08:53:42 [GET] ::1 /v1/config/key/widget_footer2 200 1.680007ms
2025/04/22 08:53:42 [GET] ::1 /v1/admin/checkauth 200 2.643555ms
2025/04/22 08:53:42 [GET] ::1 /v1/config/key/widget_footer2 200 2.121235ms
2025/04/22 09:01:00 [GET] ::1 /v1/admin/checkauth 200 7.688498ms
2025/04/22 09:01:00 [GET] ::1 /v1/admin/checkauth 200 2.875856ms
2025/04/22 09:01:00 [GET] ::1 /v1/checkstatus 200 28.966µs
2025/04/22 09:01:00 [GET] ::1 /v1/config/key/layout 200 2.374419ms
2025/04/22 09:01:02 [GET] ::1 /v1/admin/checkauth 200 6.134647ms
2025/04/22 09:01:03 [GET] ::1 /v1/config/key/widget_leftsidebar 200 2.073539ms
2025/04/22 09:01:03 [GET] ::1 /v1/admin/checkauth 200 2.439632ms
2025/04/22 09:01:03 [GET] ::1 /v1/admin/checkauth 200 11.720084ms
2025/04/22 09:01:03 [GET] ::1 /v1/admin/checkauth 200 2.62515ms
2025/04/22 09:01:03 [GET] ::1 /v1/config 200 5.075582ms
2025/04/22 09:01:04 [GET] ::1 /v1/admin/checkauth 200 1.689774ms
2025/04/22 09:01:04 [GET] ::1 /v1/config/key/widget_rightsidebar 200 1.599533ms
2025/04/22 09:01:04 [GET] ::1 /v1/admin/checkauth 200 1.857553ms
2025/04/22 09:01:04 [GET] ::1 /v1/admin/checkauth 200 2.684637ms
2025/04/22 09:01:04 [GET] ::1 /v1/config/key/widget_leftsidebar 200 2.170014ms
2025/04/22 09:01:04 [GET] ::1 /v1/admin/checkauth 200 1.718587ms
2025/04/22 09:01:04 [GET] ::1 /v1/admin/checkauth 200 2.964321ms
2025/04/22 09:01:05 [GET] ::1 /v1/config/key/widget_leftsidebar 200 3.100148ms
2025/04/22 09:01:05 [GET] ::1 /v1/admin/checkauth 200 3.977178ms
2025/04/22 09:01:05 [GET] ::1 /v1/component 200 3.343198ms
2025/04/22 09:01:05 [GET] ::1 /v1/admin/checkauth 200 4.902424ms
2025/04/22 09:01:05 [GET] ::1 /v1/config/key/widget_footer1 200 1.329215ms
2025/04/22 09:01:05 [GET] ::1 /v1/admin/checkauth 200 2.888928ms
2025/04/22 09:01:05 [GET] ::1 /v1/config/key/widget_rightsidebar 200 2.592143ms
2025/04/22 09:01:05 [GET] ::1 /v1/admin/checkauth 200 2.161763ms
2025/04/22 09:01:06 [GET] ::1 /v1/config/key/widget_rightsidebar 200 1.787791ms
2025/04/22 09:01:06 [GET] ::1 /v1/admin/checkauth 200 3.706627ms
2025/04/22 09:01:06 [GET] ::1 /v1/config/key/widget_footer2 200 2.284667ms
2025/04/22 09:01:06 [GET] ::1 /v1/admin/checkauth 200 5.398287ms
2025/04/22 09:01:06 [GET] ::1 /v1/config/key/widget_footer1 200 2.917007ms
2025/04/22 09:01:06 [GET] ::1 /v1/admin/checkauth 200 1.553563ms
2025/04/22 09:01:06 [GET] ::1 /v1/config/key/widget_footer1 200 2.748092ms
2025/04/22 09:01:06 [GET] ::1 /v1/admin/checkauth 200 1.883954ms
2025/04/22 09:01:07 [GET] ::1 /v1/config/key/widget_footer2 200 7.120938ms
2025/04/22 09:01:07 [GET] ::1 /v1/admin/checkauth 200 2.656057ms
2025/04/22 09:01:07 [GET] ::1 /v1/config/key/widget_footer2 200 2.737608ms
2025/04/22 09:01:54 [GET] ::1 /v1/admin/checkauth 200 3.56475ms
2025/04/22 09:01:54 [GET] ::1 /v1/admin/checkauth 200 5.905077ms
2025/04/22 09:01:54 [GET] ::1 /v1/checkstatus 200 14.283µs
2025/04/22 09:01:54 [GET] ::1 /v1/config/key/layout 200 2.387073ms
2025/04/22 09:01:57 [GET] ::1 /v1/admin/checkauth 200 5.008842ms
2025/04/22 09:01:57 [GET] ::1 /v1/config/key/widget_leftsidebar 200 1.687359ms
2025/04/22 09:01:57 [GET] ::1 /v1/admin/checkauth 200 2.146102ms
2025/04/22 09:01:57 [GET] ::1 /v1/admin/checkauth 200 1.905391ms
2025/04/22 09:01:57 [GET] ::1 /v1/admin/checkauth 200 3.664148ms
2025/04/22 09:01:58 [GET] ::1 /v1/config 200 2.46734ms
2025/04/22 09:01:58 [GET] ::1 /v1/admin/checkauth 200 1.831016ms
2025/04/22 09:01:58 [GET] ::1 /v1/config/key/widget_rightsidebar 200 1.692437ms
2025/04/22 09:01:58 [GET] ::1 /v1/admin/checkauth 200 3.100699ms
2025/04/22 09:01:58 [GET] ::1 /v1/admin/checkauth 200 2.262777ms
2025/04/22 09:01:58 [GET] ::1 /v1/config/key/widget_leftsidebar 200 1.531292ms
2025/04/22 09:01:58 [GET] ::1 /v1/admin/checkauth 200 1.658016ms
2025/04/22 09:01:59 [GET] ::1 /v1/admin/checkauth 200 3.721684ms
2025/04/22 09:01:59 [GET] ::1 /v1/config/key/widget_leftsidebar 200 1.799748ms
2025/04/22 09:01:59 [GET] ::1 /v1/admin/checkauth 200 2.6365ms
2025/04/22 09:01:59 [GET] ::1 /v1/component 200 1.61613ms
2025/04/22 09:01:59 [GET] ::1 /v1/admin/checkauth 200 1.600211ms
2025/04/22 09:01:59 [GET] ::1 /v1/config/key/widget_footer1 200 3.736114ms
2025/04/22 09:01:59 [GET] ::1 /v1/admin/checkauth 200 3.17744ms
2025/04/22 09:02:00 [GET] ::1 /v1/config/key/widget_rightsidebar 200 1.698877ms
2025/04/22 09:02:00 [GET] ::1 /v1/admin/checkauth 200 1.615503ms
2025/04/22 09:02:00 [GET] ::1 /v1/config/key/widget_rightsidebar 200 2.094058ms
2025/04/22 09:02:00 [GET] ::1 /v1/admin/checkauth 200 3.245053ms
2025/04/22 09:02:00 [GET] ::1 /v1/config/key/widget_footer2 200 1.742817ms
2025/04/22 09:02:00 [GET] ::1 /v1/admin/checkauth 200 2.287943ms
2025/04/22 09:02:00 [GET] ::1 /v1/config/key/widget_footer1 200 1.362629ms
2025/04/22 09:02:00 [GET] ::1 /v1/admin/checkauth 200 2.753264ms
2025/04/22 09:02:00 [GET] ::1 /v1/config/key/widget_footer1 200 2.531591ms
2025/04/22 09:02:01 [GET] ::1 /v1/admin/checkauth 200 2.392025ms
2025/04/22 09:02:01 [GET] ::1 /v1/config/key/widget_footer2 200 3.983028ms
2025/04/22 09:02:01 [GET] ::1 /v1/admin/checkauth 200 2.937104ms
2025/04/22 09:02:01 [GET] ::1 /v1/config/key/widget_footer2 200 1.774748ms
2025/04/22 09:02:27 [GET] ::1 /v1/admin/checkauth 200 3.535027ms
2025/04/22 09:02:27 [GET] ::1 /v1/admin/checkauth 200 4.785832ms
2025/04/22 09:02:27 [GET] ::1 /v1/checkstatus 200 23.237µs
2025/04/22 09:02:27 [GET] ::1 /v1/config/key/layout 200 1.458196ms
2025/04/22 09:02:29 [GET] ::1 /v1/admin/checkauth 200 7.035845ms
2025/04/22 09:02:29 [GET] ::1 /v1/config/key/widget_leftsidebar 200 2.010817ms
2025/04/22 09:02:29 [GET] ::1 /v1/admin/checkauth 200 3.20171ms
2025/04/22 09:02:30 [GET] ::1 /v1/admin/checkauth 200 3.352671ms
2025/04/22 09:02:30 [GET] ::1 /v1/admin/checkauth 200 2.045068ms
2025/04/22 09:02:30 [GET] ::1 /v1/config 200 2.341705ms
2025/04/22 09:02:30 [GET] ::1 /v1/admin/checkauth 200 2.06899ms
2025/04/22 09:02:30 [GET] ::1 /v1/config/key/widget_rightsidebar 200 2.338109ms
2025/04/22 09:02:31 [GET] ::1 /v1/admin/checkauth 200 3.029302ms
2025/04/22 09:02:31 [GET] ::1 /v1/admin/checkauth 200 1.896354ms
2025/04/22 09:02:31 [GET] ::1 /v1/config/key/widget_leftsidebar 200 1.832881ms
2025/04/22 09:02:31 [GET] ::1 /v1/admin/checkauth 200 3.389291ms
2025/04/22 09:02:31 [GET] ::1 /v1/admin/checkauth 200 2.021428ms
2025/04/22 09:02:31 [GET] ::1 /v1/config/key/widget_leftsidebar 200 5.223176ms
2025/04/22 09:02:31 [GET] ::1 /v1/admin/checkauth 200 2.512934ms
2025/04/22 09:02:32 [GET] ::1 /v1/component 200 1.576876ms
2025/04/22 09:02:32 [GET] ::1 /v1/admin/checkauth 200 2.966738ms
2025/04/22 09:02:32 [GET] ::1 /v1/config/key/widget_footer1 200 3.659127ms
2025/04/22 09:02:32 [GET] ::1 /v1/admin/checkauth 200 1.661552ms
2025/04/22 09:02:32 [GET] ::1 /v1/config/key/widget_rightsidebar 200 1.876694ms
2025/04/22 09:02:32 [GET] ::1 /v1/admin/checkauth 200 5.286315ms
2025/04/22 09:02:32 [GET] ::1 /v1/config/key/widget_rightsidebar 200 4.323313ms
2025/04/22 09:02:32 [GET] ::1 /v1/admin/checkauth 200 1.755178ms
2025/04/22 09:02:33 [GET] ::1 /v1/config/key/widget_footer2 200 1.569988ms
2025/04/22 09:02:33 [GET] ::1 /v1/admin/checkauth 200 2.342724ms
2025/04/22 09:02:33 [GET] ::1 /v1/config/key/widget_footer1 200 2.9794ms
2025/04/22 09:02:33 [GET] ::1 /v1/admin/checkauth 200 2.124029ms
2025/04/22 09:02:33 [GET] ::1 /v1/config/key/widget_footer1 200 2.736165ms
2025/04/22 09:02:33 [GET] ::1 /v1/admin/checkauth 200 1.678142ms
2025/04/22 09:02:33 [GET] ::1 /v1/config/key/widget_footer2 200 1.389343ms
2025/04/22 09:02:33 [GET] ::1 /v1/admin/checkauth 200 2.688715ms
2025/04/22 09:02:34 [GET] ::1 /v1/config/key/widget_footer2 200 1.89105ms
2025/04/22 09:02:39 [GET] ::1 /v1/admin/checkauth 200 2.172144ms
2025/04/22 09:02:39 [PUT] ::1 /v1/admin/configs/24 200 6.637438ms
2025/04/22 09:02:43 [GET] ::1 /v1/admin/checkauth 200 2.593891ms
2025/04/22 09:02:43 [PUT] ::1 /v1/admin/configs/24 200 13.08681ms
2025/04/22 09:03:31 [GET] ::1 /v1/admin/checkauth 200 9.079983ms
2025/04/22 09:03:31 [GET] ::1 /v1/admin/checkauth 200 10.817996ms
2025/04/22 09:03:31 [GET] ::1 /v1/checkstatus 200 14.907µs
2025/04/22 09:03:32 [GET] ::1 /v1/config/key/layout 200 4.139646ms
2025/04/22 09:03:34 [GET] ::1 /v1/admin/checkauth 200 5.552593ms
2025/04/22 09:03:35 [GET] ::1 /v1/config/key/widget_leftsidebar 200 2.680216ms
2025/04/22 09:03:35 [GET] ::1 /v1/admin/checkauth 200 1.97226ms
2025/04/22 09:03:35 [GET] ::1 /v1/admin/checkauth 200 1.720463ms
2025/04/22 09:03:35 [GET] ::1 /v1/admin/checkauth 200 2.343238ms
2025/04/22 09:03:35 [GET] ::1 /v1/config 200 1.983892ms
2025/04/22 09:03:35 [GET] ::1 /v1/admin/checkauth 200 3.804393ms
2025/04/22 09:03:35 [GET] ::1 /v1/config/key/widget_rightsidebar 200 1.921114ms
2025/04/22 09:03:35 [GET] ::1 /v1/admin/checkauth 200 3.185857ms
2025/04/22 09:03:36 [GET] ::1 /v1/admin/checkauth 200 2.307216ms
2025/04/22 09:03:36 [GET] ::1 /v1/config/key/widget_leftsidebar 200 3.192083ms
2025/04/22 09:03:36 [GET] ::1 /v1/admin/checkauth 200 2.608122ms
2025/04/22 09:03:36 [GET] ::1 /v1/admin/checkauth 200 3.159763ms
2025/04/22 09:03:36 [GET] ::1 /v1/config/key/widget_leftsidebar 200 2.376021ms
2025/04/22 09:03:36 [GET] ::1 /v1/admin/checkauth 200 1.64484ms
2025/04/22 09:03:37 [GET] ::1 /v1/component 200 3.633645ms
2025/04/22 09:03:37 [GET] ::1 /v1/admin/checkauth 200 2.495279ms
2025/04/22 09:03:37 [GET] ::1 /v1/config/key/widget_footer1 200 3.611074ms
2025/04/22 09:03:37 [GET] ::1 /v1/admin/checkauth 200 2.637336ms
2025/04/22 09:03:37 [GET] ::1 /v1/config/key/widget_rightsidebar 200 1.738551ms
2025/04/22 09:03:37 [GET] ::1 /v1/admin/checkauth 200 2.233487ms
2025/04/22 09:03:37 [GET] ::1 /v1/config/key/widget_rightsidebar 200 3.897106ms
2025/04/22 09:03:37 [GET] ::1 /v1/admin/checkauth 200 2.530995ms
2025/04/22 09:03:37 [GET] ::1 /v1/config/key/widget_footer2 200 1.909574ms
2025/04/22 09:03:38 [GET] ::1 /v1/admin/checkauth 200 2.252868ms
2025/04/22 09:03:38 [GET] ::1 /v1/config/key/widget_footer1 200 1.819056ms
2025/04/22 09:03:38 [GET] ::1 /v1/admin/checkauth 200 1.662292ms
2025/04/22 09:03:38 [GET] ::1 /v1/config/key/widget_footer1 200 4.09681ms
2025/04/22 09:03:38 [GET] ::1 /v1/admin/checkauth 200 1.974692ms
2025/04/22 09:03:38 [GET] ::1 /v1/config/key/widget_footer2 200 2.120884ms
2025/04/22 09:03:38 [GET] ::1 /v1/admin/checkauth 200 1.989702ms
2025/04/22 09:03:38 [GET] ::1 /v1/config/key/widget_footer2 200 2.236927ms
2025/04/22 09:32:29 [GET] ::1 /v1/admin/checkauth 200 9.378815ms
2025/04/22 09:32:29 [GET] ::1 /v1/admin/checkauth 200 11.607055ms
2025/04/22 09:32:29 [GET] ::1 /v1/checkstatus 200 17.641µs
2025/04/22 09:32:29 [GET] ::1 /v1/config/key/layout 200 3.435251ms
2025/04/22 09:32:31 [GET] ::1 /v1/admin/checkauth 200 7.179632ms
2025/04/22 09:32:32 [GET] ::1 /v1/config/key/widget_leftsidebar 200 4.650789ms
2025/04/22 09:32:32 [GET] ::1 /v1/admin/checkauth 200 2.109313ms
2025/04/22 09:32:32 [GET] ::1 /v1/admin/checkauth 200 1.77058ms
2025/04/22 09:32:32 [GET] ::1 /v1/admin/checkauth 200 4.120912ms
2025/04/22 09:32:32 [GET] ::1 /v1/config 200 2.031949ms
2025/04/22 09:32:32 [GET] ::1 /v1/admin/checkauth 200 1.740629ms
2025/04/22 09:32:33 [GET] ::1 /v1/config/key/widget_rightsidebar 200 1.98262ms
2025/04/22 09:32:33 [GET] ::1 /v1/admin/checkauth 200 2.229841ms
2025/04/22 09:32:33 [GET] ::1 /v1/admin/checkauth 200 4.412075ms
2025/04/22 09:32:33 [GET] ::1 /v1/config/key/widget_leftsidebar 200 2.415778ms
2025/04/22 09:32:33 [GET] ::1 /v1/admin/checkauth 200 1.751267ms
2025/04/22 09:32:34 [GET] ::1 /v1/admin/checkauth 200 2.823645ms
2025/04/22 09:32:34 [GET] ::1 /v1/config/key/widget_leftsidebar 200 2.229282ms
2025/04/22 09:32:34 [GET] ::1 /v1/admin/checkauth 200 1.666451ms
2025/04/22 09:32:34 [GET] ::1 /v1/component 200 3.114373ms
2025/04/22 09:32:34 [GET] ::1 /v1/admin/checkauth 200 2.099782ms
2025/04/22 09:32:34 [GET] ::1 /v1/config/key/widget_footer1 200 2.279187ms
2025/04/22 09:32:34 [GET] ::1 /v1/admin/checkauth 200 2.419834ms
2025/04/22 09:32:35 [GET] ::1 /v1/config/key/widget_rightsidebar 200 1.639878ms
2025/04/22 09:32:35 [GET] ::1 /v1/admin/checkauth 200 1.735127ms
2025/04/22 09:32:35 [GET] ::1 /v1/config/key/widget_rightsidebar 200 1.763678ms
2025/04/22 09:32:35 [GET] ::1 /v1/admin/checkauth 200 3.254351ms
2025/04/22 09:32:35 [GET] ::1 /v1/config/key/widget_footer2 200 1.71731ms
2025/04/22 09:32:35 [GET] ::1 /v1/admin/checkauth 200 1.713588ms
2025/04/22 09:32:35 [GET] ::1 /v1/config/key/widget_footer1 200 1.65056ms
2025/04/22 09:32:35 [GET] ::1 /v1/admin/checkauth 200 1.770544ms
2025/04/22 09:32:35 [GET] ::1 /v1/config/key/widget_footer1 200 1.653609ms
2025/04/22 09:32:36 [GET] ::1 /v1/admin/checkauth 200 2.947089ms
2025/04/22 09:32:36 [GET] ::1 /v1/config/key/widget_footer2 200 1.519407ms
2025/04/22 09:32:36 [GET] ::1 /v1/admin/checkauth 200 2.972519ms
2025/04/22 09:32:36 [GET] ::1 /v1/config/key/widget_footer2 200 2.133025ms
2025/04/22 09:39:24 [GET] ::1 /v1/admin/checkauth 200 8.379837ms
2025/04/22 09:39:24 [GET] ::1 /v1/admin/checkauth 200 6.091214ms
2025/04/22 09:39:24 [GET] ::1 /v1/checkstatus 200 17.478µs
2025/04/22 09:39:25 [GET] ::1 /v1/config/key/layout 200 2.059359ms
2025/04/22 09:39:27 [GET] ::1 /v1/admin/checkauth 200 2.85068ms
2025/04/22 09:39:27 [GET] ::1 /v1/config/key/widget_leftsidebar 200 2.84852ms
2025/04/22 09:39:27 [GET] ::1 /v1/admin/checkauth 200 4.352328ms
2025/04/22 09:39:28 [GET] ::1 /v1/admin/checkauth 200 4.724447ms
2025/04/22 09:39:28 [GET] ::1 /v1/admin/checkauth 200 2.509486ms
2025/04/22 09:39:28 [GET] ::1 /v1/config 200 3.186006ms
2025/04/22 09:39:29 [GET] ::1 /v1/admin/checkauth 200 6.154659ms
2025/04/22 09:39:29 [GET] ::1 /v1/config/key/widget_rightsidebar 200 13.1464ms
2025/04/22 09:39:29 [GET] ::1 /v1/admin/checkauth 200 2.838539ms
2025/04/22 09:39:29 [GET] ::1 /v1/admin/checkauth 200 3.514135ms
2025/04/22 09:39:30 [GET] ::1 /v1/config/key/widget_leftsidebar 200 9.323839ms
2025/04/22 09:39:30 [GET] ::1 /v1/admin/checkauth 200 3.237172ms
2025/04/22 09:39:30 [GET] ::1 /v1/admin/checkauth 200 3.445869ms
2025/04/22 09:39:31 [GET] ::1 /v1/config/key/widget_leftsidebar 200 2.922953ms
2025/04/22 09:39:31 [GET] ::1 /v1/admin/checkauth 200 5.320826ms
2025/04/22 09:39:31 [GET] ::1 /v1/component 200 3.194178ms
2025/04/22 09:39:32 [GET] ::1 /v1/admin/checkauth 200 2.159542ms
2025/04/22 09:39:32 [GET] ::1 /v1/config/key/widget_footer1 200 2.762489ms
2025/04/22 09:39:32 [GET] ::1 /v1/admin/checkauth 200 3.321153ms
2025/04/22 09:39:32 [GET] ::1 /v1/config/key/widget_rightsidebar 200 1.488602ms
2025/04/22 09:39:32 [GET] ::1 /v1/admin/checkauth 200 1.634044ms
2025/04/22 09:39:32 [GET] ::1 /v1/config/key/widget_rightsidebar 200 2.029574ms
2025/04/22 09:39:32 [GET] ::1 /v1/admin/checkauth 200 2.002194ms
2025/04/22 09:39:33 [GET] ::1 /v1/config/key/widget_footer2 200 5.272345ms
2025/04/22 09:39:33 [GET] ::1 /v1/admin/checkauth 200 2.520051ms
2025/04/22 09:39:33 [GET] ::1 /v1/config/key/widget_footer1 200 2.223205ms
2025/04/22 09:39:33 [GET] ::1 /v1/admin/checkauth 200 1.85398ms
2025/04/22 09:39:33 [GET] ::1 /v1/config/key/widget_footer1 200 5.198337ms
2025/04/22 09:39:33 [GET] ::1 /v1/admin/checkauth 200 2.091471ms
2025/04/22 09:39:33 [GET] ::1 /v1/config/key/widget_footer2 200 1.712873ms
2025/04/22 09:39:33 [GET] ::1 /v1/admin/checkauth 200 2.767479ms
2025/04/22 09:39:34 [GET] ::1 /v1/config/key/widget_footer2 200 3.771803ms
2025/04/22 09:56:25 [GET] ::1 /v1/admin/checkauth 200 6.292755ms
2025/04/22 09:56:25 [GET] ::1 /v1/admin/checkauth 200 3.149417ms
2025/04/22 09:56:25 [GET] ::1 /v1/checkstatus 200 34.602µs
2025/04/22 09:56:25 [GET] ::1 /v1/config/key/layout 200 4.639113ms
2025/04/22 09:56:27 [GET] ::1 /v1/admin/checkauth 200 3.716494ms
2025/04/22 09:56:28 [GET] ::1 /v1/config/key/widget_leftsidebar 200 2.220606ms
2025/04/22 09:56:28 [GET] ::1 /v1/admin/checkauth 200 2.992889ms
2025/04/22 09:56:28 [GET] ::1 /v1/admin/checkauth 200 1.936247ms
2025/04/22 09:56:28 [GET] ::1 /v1/admin/checkauth 200 1.836883ms
2025/04/22 09:56:28 [GET] ::1 /v1/config 200 2.473191ms
2025/04/22 09:56:28 [GET] ::1 /v1/admin/checkauth 200 3.478052ms
2025/04/22 09:56:29 [GET] ::1 /v1/config/key/widget_rightsidebar 200 1.810378ms
2025/04/22 09:56:29 [GET] ::1 /v1/admin/checkauth 200 3.002721ms
2025/04/22 09:56:29 [GET] ::1 /v1/admin/checkauth 200 3.068731ms
2025/04/22 09:56:29 [GET] ::1 /v1/config/key/widget_leftsidebar 200 1.711156ms
2025/04/22 09:56:29 [GET] ::1 /v1/admin/checkauth 200 1.586355ms
2025/04/22 09:56:30 [GET] ::1 /v1/admin/checkauth 200 2.820365ms
2025/04/22 09:56:30 [GET] ::1 /v1/config/key/widget_leftsidebar 200 1.822053ms
2025/04/22 09:56:30 [GET] ::1 /v1/admin/checkauth 200 2.449242ms
2025/04/22 09:56:30 [GET] ::1 /v1/component 200 1.908045ms
2025/04/22 09:56:30 [GET] ::1 /v1/admin/checkauth 200 2.310386ms
2025/04/22 09:56:30 [GET] ::1 /v1/config/key/widget_footer1 200 3.235048ms
2025/04/22 09:56:30 [GET] ::1 /v1/admin/checkauth 200 3.49818ms
2025/04/22 09:56:31 [GET] ::1 /v1/config/key/widget_rightsidebar 200 6.390687ms
2025/04/22 09:56:31 [GET] ::1 /v1/admin/checkauth 200 2.16771ms
2025/04/22 09:56:31 [GET] ::1 /v1/config/key/widget_rightsidebar 200 2.074209ms
2025/04/22 09:56:31 [GET] ::1 /v1/admin/checkauth 200 2.046941ms
2025/04/22 09:56:31 [GET] ::1 /v1/config/key/widget_footer2 200 8.576785ms
2025/04/22 09:56:31 [GET] ::1 /v1/admin/checkauth 200 2.895992ms
2025/04/22 09:56:31 [GET] ::1 /v1/config/key/widget_footer1 200 3.157902ms
2025/04/22 09:56:31 [GET] ::1 /v1/admin/checkauth 200 2.2771ms
2025/04/22 09:56:32 [GET] ::1 /v1/config/key/widget_footer1 200 3.203801ms
2025/04/22 09:56:32 [GET] ::1 /v1/admin/checkauth 200 2.659794ms
2025/04/22 09:56:32 [GET] ::1 /v1/config/key/widget_footer2 200 2.678566ms
2025/04/22 09:56:32 [GET] ::1 /v1/admin/checkauth 200 2.588952ms
2025/04/22 09:56:32 [GET] ::1 /v1/config/key/widget_footer2 200 3.41058ms
2025/04/22 10:00:17 [GET] ::1 /v1/admin/checkauth 200 7.023749ms
2025/04/22 10:00:17 [GET] ::1 /v1/admin/checkauth 200 5.966252ms
2025/04/22 10:00:17 [GET] ::1 /v1/checkstatus 200 14.795µs
2025/04/22 10:00:17 [GET] ::1 /v1/config/key/layout 200 1.988275ms
2025/04/22 10:00:19 [GET] ::1 /v1/admin/checkauth 200 3.581058ms
2025/04/22 10:00:20 [GET] ::1 /v1/config/key/widget_leftsidebar 200 1.889753ms
2025/04/22 10:00:20 [GET] ::1 /v1/admin/checkauth 200 3.051311ms
2025/04/22 10:00:20 [GET] ::1 /v1/admin/checkauth 200 3.961244ms
2025/04/22 10:00:20 [GET] ::1 /v1/admin/checkauth 200 2.718442ms
2025/04/22 10:00:20 [GET] ::1 /v1/config 200 2.414541ms
2025/04/22 10:00:20 [GET] ::1 /v1/admin/checkauth 200 3.352518ms
2025/04/22 10:00:21 [GET] ::1 /v1/config/key/widget_rightsidebar 200 2.968009ms
2025/04/22 10:00:21 [GET] ::1 /v1/admin/checkauth 200 2.250258ms
2025/04/22 10:00:21 [GET] ::1 /v1/admin/checkauth 200 2.002996ms
2025/04/22 10:00:21 [GET] ::1 /v1/config/key/widget_leftsidebar 200 1.811246ms
2025/04/22 10:00:22 [GET] ::1 /v1/admin/checkauth 200 2.029364ms
2025/04/22 10:00:22 [GET] ::1 /v1/admin/checkauth 200 2.149092ms
2025/04/22 10:00:22 [GET] ::1 /v1/config/key/widget_leftsidebar 200 1.642081ms
2025/04/22 10:00:22 [GET] ::1 /v1/admin/checkauth 200 2.568368ms
2025/04/22 10:00:22 [GET] ::1 /v1/component 200 1.348868ms
2025/04/22 10:00:22 [GET] ::1 /v1/admin/checkauth 200 1.941966ms
2025/04/22 10:00:22 [GET] ::1 /v1/config/key/widget_footer1 200 2.322169ms
2025/04/22 10:00:23 [GET] ::1 /v1/admin/checkauth 200 1.938621ms
2025/04/22 10:00:23 [GET] ::1 /v1/config/key/widget_rightsidebar 200 1.844252ms
2025/04/22 10:00:23 [GET] ::1 /v1/admin/checkauth 200 2.577338ms
2025/04/22 10:00:23 [GET] ::1 /v1/config/key/widget_rightsidebar 200 2.791559ms
2025/04/22 10:00:23 [GET] ::1 /v1/admin/checkauth 200 1.826367ms
2025/04/22 10:00:23 [GET] ::1 /v1/config/key/widget_footer2 200 1.703446ms
2025/04/22 10:00:23 [GET] ::1 /v1/admin/checkauth 200 1.952835ms
2025/04/22 10:00:23 [GET] ::1 /v1/config/key/widget_footer1 200 1.537764ms
2025/04/22 10:00:24 [GET] ::1 /v1/admin/checkauth 200 2.335111ms
2025/04/22 10:00:24 [GET] ::1 /v1/config/key/widget_footer1 200 2.256241ms
2025/04/22 10:00:24 [GET] ::1 /v1/admin/checkauth 200 3.232242ms
2025/04/22 10:00:24 [GET] ::1 /v1/config/key/widget_footer2 200 2.784203ms
2025/04/22 10:00:24 [GET] ::1 /v1/admin/checkauth 200 2.70292ms
2025/04/22 10:00:24 [GET] ::1 /v1/config/key/widget_footer2 200 1.59189ms
2025/04/22 10:08:26 [GET] ::1 /v1/admin/checkauth 200 5.162388ms
2025/04/22 10:08:26 [GET] ::1 /v1/admin/checkauth 200 2.714795ms
2025/04/22 10:08:27 [GET] ::1 /v1/checkstatus 200 20.832µs
2025/04/22 10:08:27 [GET] ::1 /v1/config/key/layout 200 3.420834ms
2025/04/22 10:08:28 [GET] ::1 /v1/admin/checkauth 200 9.713277ms
2025/04/22 10:08:29 [GET] ::1 /v1/config/key/widget_leftsidebar 200 2.306347ms
2025/04/22 10:08:29 [GET] ::1 /v1/admin/checkauth 200 2.08992ms
2025/04/22 10:08:29 [GET] ::1 /v1/admin/checkauth 200 2.45983ms
2025/04/22 10:08:29 [GET] ::1 /v1/admin/checkauth 200 3.623665ms
2025/04/22 10:08:29 [GET] ::1 /v1/config 200 2.201365ms
2025/04/22 10:08:30 [GET] ::1 /v1/admin/checkauth 200 3.560686ms
2025/04/22 10:08:30 [GET] ::1 /v1/config/key/widget_rightsidebar 200 1.750619ms
2025/04/22 10:08:30 [GET] ::1 /v1/admin/checkauth 200 2.356609ms
2025/04/22 10:08:30 [GET] ::1 /v1/admin/checkauth 200 2.329424ms
2025/04/22 10:08:30 [GET] ::1 /v1/config/key/widget_leftsidebar 200 3.330989ms
2025/04/22 10:08:30 [GET] ::1 /v1/admin/checkauth 200 2.428724ms
2025/04/22 10:08:31 [GET] ::1 /v1/admin/checkauth 200 2.229372ms
2025/04/22 10:08:31 [GET] ::1 /v1/config/key/widget_leftsidebar 200 1.88329ms
2025/04/22 10:08:31 [GET] ::1 /v1/admin/checkauth 200 2.11235ms
2025/04/22 10:08:31 [GET] ::1 /v1/component 200 2.079319ms
2025/04/22 10:08:31 [GET] ::1 /v1/admin/checkauth 200 3.237141ms
2025/04/22 10:08:32 [GET] ::1 /v1/config/key/widget_footer1 200 3.652346ms
2025/04/22 10:08:32 [GET] ::1 /v1/admin/checkauth 200 1.755817ms
2025/04/22 10:08:32 [GET] ::1 /v1/config/key/widget_rightsidebar 200 1.914435ms
2025/04/22 10:08:32 [GET] ::1 /v1/admin/checkauth 200 2.850981ms
2025/04/22 10:08:32 [GET] ::1 /v1/config/key/widget_rightsidebar 200 2.196528ms
2025/04/22 10:08:32 [GET] ::1 /v1/admin/checkauth 200 2.08444ms
2025/04/22 10:08:32 [GET] ::1 /v1/config/key/widget_footer2 200 1.769742ms
2025/04/22 10:08:32 [GET] ::1 /v1/admin/checkauth 200 2.281691ms
2025/04/22 10:08:33 [GET] ::1 /v1/config/key/widget_footer1 200 1.573133ms
2025/04/22 10:08:33 [GET] ::1 /v1/admin/checkauth 200 2.265647ms
2025/04/22 10:08:33 [GET] ::1 /v1/config/key/widget_footer1 200 4.022318ms
2025/04/22 10:08:33 [GET] ::1 /v1/admin/checkauth 200 6.002372ms
2025/04/22 10:08:33 [GET] ::1 /v1/config/key/widget_footer2 200 2.464596ms
2025/04/22 10:08:34 [GET] ::1 /v1/admin/checkauth 200 2.517523ms
2025/04/22 10:08:34 [GET] ::1 /v1/config/key/widget_footer2 200 1.982689ms
2025/04/22 10:08:42 [GET] ::1 /v1/admin/checkauth 200 3.041495ms
2025/04/22 10:08:42 [PUT] ::1 /v1/admin/configs/24 200 13.464694ms
2025/04/22 10:08:53 [GET] ::1 /v1/admin/checkauth 200 2.287945ms
2025/04/22 10:08:53 [PUT] ::1 /v1/admin/configs/24 200 12.112031ms
2025/04/22 10:09:03 [GET] ::1 /v1/admin/checkauth 200 1.846189ms
2025/04/22 10:09:03 [GET] ::1 /v1/checkstatus 200 17.772µs
2025/04/22 10:09:03 [GET] ::1 /v1/config/key/layout 200 2.45489ms
2025/04/22 10:09:05 [GET] ::1 /v1/admin/checkauth 200 3.010108ms
2025/04/22 10:09:05 [GET] ::1 /v1/config/key/widget_leftsidebar 200 3.591797ms
2025/04/22 10:09:05 [GET] ::1 /v1/admin/checkauth 200 3.684582ms
2025/04/22 10:09:06 [GET] ::1 /v1/admin/checkauth 200 2.605654ms
2025/04/22 10:09:06 [GET] ::1 /v1/admin/checkauth 200 2.212922ms
2025/04/22 10:09:06 [GET] ::1 /v1/config 200 1.457148ms
2025/04/22 10:09:06 [GET] ::1 /v1/admin/checkauth 200 2.558856ms
2025/04/22 10:09:06 [GET] ::1 /v1/config/key/widget_rightsidebar 200 2.444667ms
2025/04/22 10:09:06 [GET] ::1 /v1/admin/checkauth 200 2.747525ms
2025/04/22 10:09:06 [GET] ::1 /v1/admin/checkauth 200 1.878475ms
2025/04/22 10:09:07 [GET] ::1 /v1/config/key/widget_leftsidebar 200 1.451697ms
2025/04/22 10:09:07 [GET] ::1 /v1/admin/checkauth 200 2.161173ms
2025/04/22 10:09:07 [GET] ::1 /v1/admin/checkauth 200 3.596598ms
2025/04/22 10:09:07 [GET] ::1 /v1/config/key/widget_leftsidebar 200 1.783628ms
2025/04/22 10:09:07 [GET] ::1 /v1/admin/checkauth 200 2.533313ms
2025/04/22 10:09:07 [GET] ::1 /v1/component 200 2.450756ms
2025/04/22 10:09:07 [GET] ::1 /v1/admin/checkauth 200 4.015381ms
2025/04/22 10:09:08 [GET] ::1 /v1/config/key/widget_footer1 200 1.697902ms
2025/04/22 10:09:08 [GET] ::1 /v1/admin/checkauth 200 3.893303ms
2025/04/22 10:09:08 [GET] ::1 /v1/config/key/widget_rightsidebar 200 2.177197ms
2025/04/22 10:09:08 [GET] ::1 /v1/admin/checkauth 200 1.83942ms
2025/04/22 10:09:08 [GET] ::1 /v1/config/key/widget_rightsidebar 200 1.600348ms
2025/04/22 10:09:08 [GET] ::1 /v1/admin/checkauth 200 8.447908ms
2025/04/22 10:09:08 [GET] ::1 /v1/config/key/widget_footer2 200 1.601982ms
2025/04/22 10:09:09 [GET] ::1 /v1/admin/checkauth 200 1.880539ms
2025/04/22 10:09:09 [GET] ::1 /v1/config/key/widget_footer1 200 2.520148ms
2025/04/22 10:09:09 [GET] ::1 /v1/admin/checkauth 200 2.847801ms
2025/04/22 10:09:09 [GET] ::1 /v1/config/key/widget_footer1 200 1.831746ms
2025/04/22 10:09:09 [GET] ::1 /v1/admin/checkauth 200 2.541873ms
2025/04/22 10:09:09 [GET] ::1 /v1/config/key/widget_footer2 200 2.554674ms
2025/04/22 10:09:09 [GET] ::1 /v1/admin/checkauth 200 1.935022ms
2025/04/22 10:09:09 [GET] ::1 /v1/config/key/widget_footer2 200 5.264285ms
2025/04/22 10:09:25 [GET] ::1 /v1/admin/checkauth 200 2.654929ms
2025/04/22 10:09:25 [PUT] ::1 /v1/admin/configs/24 200 7.393828ms
2025/04/22 10:11:16 [GET] ::1 /v1/admin/checkauth 200 8.488842ms
2025/04/22 10:11:16 [GET] ::1 /v1/admin/checkauth 200 6.451329ms
2025/04/22 10:11:16 [GET] ::1 /v1/checkstatus 200 15.411µs
2025/04/22 10:11:16 [GET] ::1 /v1/config/key/layout 200 1.892653ms
2025/04/22 10:11:18 [GET] ::1 /v1/admin/checkauth 200 4.255507ms
2025/04/22 10:11:19 [GET] ::1 /v1/config/key/widget_leftsidebar 200 1.420822ms
2025/04/22 10:11:19 [GET] ::1 /v1/admin/checkauth 200 3.519863ms
2025/04/22 10:11:19 [GET] ::1 /v1/admin/checkauth 200 3.275519ms
2025/04/22 10:11:19 [GET] ::1 /v1/admin/checkauth 200 1.76785ms
2025/04/22 10:11:19 [GET] ::1 /v1/config 200 3.634041ms
2025/04/22 10:11:20 [GET] ::1 /v1/admin/checkauth 200 5.340111ms
2025/04/22 10:11:20 [GET] ::1 /v1/config/key/widget_rightsidebar 200 2.644326ms
2025/04/22 10:11:20 [GET] ::1 /v1/admin/checkauth 200 1.785723ms
2025/04/22 10:11:20 [GET] ::1 /v1/admin/checkauth 200 1.901532ms
2025/04/22 10:11:20 [GET] ::1 /v1/config/key/widget_leftsidebar 200 1.719017ms
2025/04/22 10:11:20 [GET] ::1 /v1/admin/checkauth 200 2.719312ms
2025/04/22 10:11:21 [GET] ::1 /v1/admin/checkauth 200 4.751741ms
2025/04/22 10:11:21 [GET] ::1 /v1/config/key/widget_leftsidebar 200 2.671942ms
2025/04/22 10:11:21 [GET] ::1 /v1/admin/checkauth 200 2.246017ms
2025/04/22 10:11:21 [GET] ::1 /v1/component 200 3.539656ms
2025/04/22 10:11:21 [GET] ::1 /v1/admin/checkauth 200 2.057457ms
2025/04/22 10:11:21 [GET] ::1 /v1/config/key/widget_footer1 200 3.768835ms
2025/04/22 10:11:22 [GET] ::1 /v1/admin/checkauth 200 3.98213ms
2025/04/22 10:11:22 [GET] ::1 /v1/config/key/widget_rightsidebar 200 1.921526ms
2025/04/22 10:11:22 [GET] ::1 /v1/admin/checkauth 200 1.624083ms
2025/04/22 10:11:22 [GET] ::1 /v1/config/key/widget_rightsidebar 200 1.590689ms
2025/04/22 10:11:22 [GET] ::1 /v1/admin/checkauth 200 2.873108ms
2025/04/22 10:11:22 [GET] ::1 /v1/config/key/widget_footer2 200 3.088177ms
2025/04/22 10:11:22 [GET] ::1 /v1/admin/checkauth 200 2.297325ms
2025/04/22 10:11:23 [GET] ::1 /v1/config/key/widget_footer1 200 2.940669ms
2025/04/22 10:11:23 [GET] ::1 /v1/admin/checkauth 200 2.849518ms
2025/04/22 10:11:23 [GET] ::1 /v1/config/key/widget_footer1 200 4.057683ms
2025/04/22 10:11:23 [GET] ::1 /v1/admin/checkauth 200 1.937976ms
2025/04/22 10:11:23 [GET] ::1 /v1/config/key/widget_footer2 200 6.898767ms
2025/04/22 10:11:23 [GET] ::1 /v1/admin/checkauth 200 4.228791ms
2025/04/22 10:11:24 [GET] ::1 /v1/config/key/widget_footer2 200 1.891083ms
2025/04/22 10:11:38 [GET] ::1 /v1/admin/checkauth 200 2.766127ms
2025/04/22 10:11:38 [GET] ::1 /v1/checkstatus 200 14.709µs
2025/04/22 10:11:38 [GET] ::1 /v1/config/key/layout 200 1.404113ms
2025/04/22 10:11:39 [GET] ::1 /v1/admin/checkauth 200 3.010786ms
2025/04/22 10:11:40 [GET] ::1 /v1/config/key/widget_leftsidebar 200 2.148499ms
2025/04/22 10:11:40 [GET] ::1 /v1/admin/checkauth 200 2.030141ms
2025/04/22 10:11:40 [GET] ::1 /v1/admin/checkauth 200 1.795379ms
2025/04/22 10:11:40 [GET] ::1 /v1/admin/checkauth 200 5.911551ms
2025/04/22 10:11:40 [GET] ::1 /v1/config 200 1.580047ms
2025/04/22 10:11:40 [GET] ::1 /v1/admin/checkauth 200 1.817406ms
2025/04/22 10:11:41 [GET] ::1 /v1/config/key/widget_rightsidebar 200 2.01965ms
2025/04/22 10:11:41 [GET] ::1 /v1/admin/checkauth 200 1.916348ms
2025/04/22 10:11:41 [GET] ::1 /v1/admin/checkauth 200 1.829082ms
2025/04/22 10:11:41 [GET] ::1 /v1/config/key/widget_leftsidebar 200 1.333171ms
2025/04/22 10:11:41 [GET] ::1 /v1/admin/checkauth 200 1.728747ms
2025/04/22 10:11:41 [GET] ::1 /v1/admin/checkauth 200 3.041669ms
2025/04/22 10:11:42 [GET] ::1 /v1/config/key/widget_leftsidebar 200 1.719822ms
2025/04/22 10:11:42 [GET] ::1 /v1/admin/checkauth 200 1.551155ms
2025/04/22 10:11:42 [GET] ::1 /v1/component 200 1.57102ms
2025/04/22 10:11:42 [GET] ::1 /v1/admin/checkauth 200 1.938095ms
2025/04/22 10:11:42 [GET] ::1 /v1/config/key/widget_footer1 200 1.908103ms
2025/04/22 10:11:42 [GET] ::1 /v1/admin/checkauth 200 2.442158ms
2025/04/22 10:11:42 [GET] ::1 /v1/config/key/widget_rightsidebar 200 1.322451ms
2025/04/22 10:11:42 [GET] ::1 /v1/admin/checkauth 200 1.701319ms
2025/04/22 10:11:42 [GET] ::1 /v1/config/key/widget_rightsidebar 200 3.450522ms
2025/04/22 10:11:43 [GET] ::1 /v1/admin/checkauth 200 2.480903ms
2025/04/22 10:11:43 [GET] ::1 /v1/config/key/widget_footer2 200 2.545552ms
2025/04/22 10:11:43 [GET] ::1 /v1/admin/checkauth 200 2.998649ms
2025/04/22 10:11:43 [GET] ::1 /v1/config/key/widget_footer1 200 6.936083ms
2025/04/22 10:11:43 [GET] ::1 /v1/admin/checkauth 200 2.399998ms
2025/04/22 10:11:43 [GET] ::1 /v1/config/key/widget_footer1 200 1.720046ms
2025/04/22 10:11:43 [GET] ::1 /v1/admin/checkauth 200 3.304159ms
2025/04/22 10:11:43 [GET] ::1 /v1/config/key/widget_footer2 200 2.738663ms
2025/04/22 10:11:43 [GET] ::1 /v1/admin/checkauth 200 2.259779ms
2025/04/22 10:11:44 [GET] ::1 /v1/config/key/widget_footer2 200 2.706342ms
2025/04/22 10:11:52 [GET] ::1 /v1/admin/checkauth 200 2.170711ms
2025/04/22 10:11:52 [PUT] ::1 /v1/admin/configs/24 200 11.182229ms
2025/04/22 10:12:00 [GET] ::1 /v1/admin/checkauth 200 2.239654ms
2025/04/22 10:12:01 [PUT] ::1 /v1/admin/configs/24 200 9.904686ms
2025/04/22 10:12:06 [GET] ::1 /v1/admin/checkauth 200 2.128611ms
2025/04/22 10:12:06 [GET] ::1 /v1/checkstatus 200 44.582µs
2025/04/22 10:12:06 [GET] ::1 /v1/config/key/layout 200 2.958184ms
2025/04/22 10:12:08 [GET] ::1 /v1/admin/checkauth 200 2.588893ms
2025/04/22 10:12:08 [GET] ::1 /v1/config/key/widget_leftsidebar 200 3.836932ms
2025/04/22 10:12:08 [GET] ::1 /v1/admin/checkauth 200 4.005708ms
2025/04/22 10:12:08 [GET] ::1 /v1/admin/checkauth 200 2.197444ms
2025/04/22 10:12:09 [GET] ::1 /v1/admin/checkauth 200 1.817577ms
2025/04/22 10:12:09 [GET] ::1 /v1/config 200 1.880195ms
2025/04/22 10:12:09 [GET] ::1 /v1/admin/checkauth 200 2.097568ms
2025/04/22 10:12:09 [GET] ::1 /v1/config/key/widget_rightsidebar 200 2.924671ms
2025/04/22 10:12:09 [GET] ::1 /v1/admin/checkauth 200 2.744147ms
2025/04/22 10:12:09 [GET] ::1 /v1/admin/checkauth 200 3.615196ms
2025/04/22 10:12:10 [GET] ::1 /v1/config/key/widget_leftsidebar 200 2.18075ms
2025/04/22 10:12:10 [GET] ::1 /v1/admin/checkauth 200 1.873193ms
2025/04/22 10:12:10 [GET] ::1 /v1/admin/checkauth 200 3.581823ms
2025/04/22 10:12:10 [GET] ::1 /v1/config/key/widget_leftsidebar 200 2.533567ms
2025/04/22 10:12:10 [GET] ::1 /v1/admin/checkauth 200 1.577646ms
2025/04/22 10:12:10 [GET] ::1 /v1/component 200 2.325771ms
2025/04/22 10:12:10 [GET] ::1 /v1/admin/checkauth 200 3.232549ms
2025/04/22 10:12:11 [GET] ::1 /v1/config/key/widget_footer1 200 3.224301ms
2025/04/22 10:12:11 [GET] ::1 /v1/admin/checkauth 200 1.867636ms
2025/04/22 10:12:11 [GET] ::1 /v1/config/key/widget_rightsidebar 200 1.884594ms
2025/04/22 10:12:11 [GET] ::1 /v1/admin/checkauth 200 1.783144ms
2025/04/22 10:12:11 [GET] ::1 /v1/config/key/widget_rightsidebar 200 1.399806ms
2025/04/22 10:12:11 [GET] ::1 /v1/admin/checkauth 200 3.026026ms
2025/04/22 10:12:11 [GET] ::1 /v1/config/key/widget_footer2 200 2.762987ms
2025/04/22 10:12:11 [GET] ::1 /v1/admin/checkauth 200 2.838218ms
2025/04/22 10:12:11 [GET] ::1 /v1/config/key/widget_footer1 200 1.635199ms
2025/04/22 10:12:12 [GET] ::1 /v1/admin/checkauth 200 1.663424ms
2025/04/22 10:12:12 [GET] ::1 /v1/config/key/widget_footer1 200 1.499388ms
2025/04/22 10:12:12 [GET] ::1 /v1/admin/checkauth 200 2.236262ms
2025/04/22 10:12:12 [GET] ::1 /v1/config/key/widget_footer2 200 1.797328ms
2025/04/22 10:12:12 [GET] ::1 /v1/admin/checkauth 200 3.357871ms
2025/04/22 10:12:12 [GET] ::1 /v1/config/key/widget_footer2 200 4.387295ms
2025/04/22 10:12:34 [GET] ::1 /v1/admin/checkauth 200 3.556865ms
2025/04/22 10:12:34 [GET] ::1 /v1/checkstatus 200 33.419µs
2025/04/22 10:12:34 [GET] ::1 /v1/config/key/layout 200 2.275389ms
2025/04/22 10:12:36 [GET] ::1 /v1/admin/checkauth 200 5.897168ms
2025/04/22 10:12:36 [GET] ::1 /v1/config/key/widget_leftsidebar 200 1.866423ms
2025/04/22 10:12:36 [GET] ::1 /v1/admin/checkauth 200 4.071914ms
2025/04/22 10:12:37 [GET] ::1 /v1/admin/checkauth 200 4.836154ms
2025/04/22 10:12:37 [GET] ::1 /v1/admin/checkauth 200 1.712465ms
2025/04/22 10:12:37 [GET] ::1 /v1/config 200 3.005827ms
2025/04/22 10:12:37 [GET] ::1 /v1/admin/checkauth 200 1.672332ms
2025/04/22 10:12:37 [GET] ::1 /v1/config/key/widget_rightsidebar 200 2.880683ms
2025/04/22 10:12:37 [GET] ::1 /v1/admin/checkauth 200 2.364357ms
2025/04/22 10:12:37 [GET] ::1 /v1/admin/checkauth 200 2.764453ms
2025/04/22 10:12:38 [GET] ::1 /v1/config/key/widget_leftsidebar 200 1.924553ms
2025/04/22 10:12:38 [GET] ::1 /v1/admin/checkauth 200 2.523294ms
2025/04/22 10:12:38 [GET] ::1 /v1/admin/checkauth 200 5.490998ms
2025/04/22 10:12:38 [GET] ::1 /v1/config/key/widget_leftsidebar 200 2.145762ms
2025/04/22 10:12:38 [GET] ::1 /v1/admin/checkauth 200 2.056163ms
2025/04/22 10:12:38 [GET] ::1 /v1/component 200 1.670813ms
2025/04/22 10:12:38 [GET] ::1 /v1/admin/checkauth 200 2.157449ms
2025/04/22 10:12:39 [GET] ::1 /v1/config/key/widget_footer1 200 3.443086ms
2025/04/22 10:12:39 [GET] ::1 /v1/admin/checkauth 200 3.414365ms
2025/04/22 10:12:39 [GET] ::1 /v1/config/key/widget_rightsidebar 200 2.065912ms
2025/04/22 10:12:39 [GET] ::1 /v1/admin/checkauth 200 2.305857ms
2025/04/22 10:12:39 [GET] ::1 /v1/config/key/widget_rightsidebar 200 3.917687ms
2025/04/22 10:12:39 [GET] ::1 /v1/admin/checkauth 200 3.575407ms
2025/04/22 10:12:39 [GET] ::1 /v1/config/key/widget_footer2 200 2.643863ms
2025/04/22 10:12:39 [GET] ::1 /v1/admin/checkauth 200 3.000228ms
2025/04/22 10:12:40 [GET] ::1 /v1/config/key/widget_footer1 200 3.34913ms
2025/04/22 10:12:40 [GET] ::1 /v1/admin/checkauth 200 2.150792ms
2025/04/22 10:12:40 [GET] ::1 /v1/config/key/widget_footer1 200 1.787218ms
2025/04/22 10:12:40 [GET] ::1 /v1/admin/checkauth 200 1.807742ms
2025/04/22 10:12:40 [GET] ::1 /v1/config/key/widget_footer2 200 5.032186ms
2025/04/22 10:12:40 [GET] ::1 /v1/admin/checkauth 200 3.566837ms
2025/04/22 10:12:40 [GET] ::1 /v1/config/key/widget_footer2 200 2.320677ms
2025/04/22 10:12:53 [GET] ::1 /v1/admin/checkauth 200 2.579881ms
2025/04/22 10:12:54 [PUT] ::1 /v1/admin/configs/24 200 8.193487ms
2025/04/22 10:13:17 [GET] ::1 /v1/admin/checkauth 200 3.723101ms
2025/04/22 10:13:17 [GET] ::1 /v1/checkstatus 200 14.288µs
2025/04/22 10:13:17 [GET] ::1 /v1/config/key/layout 200 1.926986ms
2025/04/22 10:13:19 [GET] ::1 /v1/admin/checkauth 200 2.740751ms
2025/04/22 10:13:20 [GET] ::1 /v1/config/key/widget_leftsidebar 200 2.184585ms
2025/04/22 10:13:20 [GET] ::1 /v1/admin/checkauth 200 3.938526ms
2025/04/22 10:13:20 [GET] ::1 /v1/admin/checkauth 200 3.087857ms
2025/04/22 10:13:20 [GET] ::1 /v1/admin/checkauth 200 2.187236ms
2025/04/22 10:13:20 [GET] ::1 /v1/config 200 1.735631ms
2025/04/22 10:13:21 [GET] ::1 /v1/admin/checkauth 200 5.137447ms
2025/04/22 10:13:21 [GET] ::1 /v1/config/key/widget_rightsidebar 200 1.82541ms
2025/04/22 10:13:21 [GET] ::1 /v1/admin/checkauth 200 3.058078ms
2025/04/22 10:13:21 [GET] ::1 /v1/admin/checkauth 200 2.64316ms
2025/04/22 10:13:21 [GET] ::1 /v1/config/key/widget_leftsidebar 200 1.593626ms
2025/04/22 10:13:21 [GET] ::1 /v1/admin/checkauth 200 2.002679ms
2025/04/22 10:13:21 [GET] ::1 /v1/admin/checkauth 200 2.689514ms
2025/04/22 10:13:22 [GET] ::1 /v1/config/key/widget_leftsidebar 200 1.868557ms
2025/04/22 10:13:22 [GET] ::1 /v1/admin/checkauth 200 1.601642ms
2025/04/22 10:13:22 [GET] ::1 /v1/component 200 1.568922ms
2025/04/22 10:13:22 [GET] ::1 /v1/admin/checkauth 200 1.620497ms
2025/04/22 10:13:22 [GET] ::1 /v1/config/key/widget_footer1 200 2.318815ms
2025/04/22 10:13:22 [GET] ::1 /v1/admin/checkauth 200 3.15522ms
2025/04/22 10:13:22 [GET] ::1 /v1/config/key/widget_rightsidebar 200 3.476379ms
2025/04/22 10:13:22 [GET] ::1 /v1/admin/checkauth 200 2.239238ms
2025/04/22 10:13:23 [GET] ::1 /v1/config/key/widget_rightsidebar 200 1.682207ms
2025/04/22 10:13:23 [GET] ::1 /v1/admin/checkauth 200 1.548799ms
2025/04/22 10:13:23 [GET] ::1 /v1/config/key/widget_footer2 200 2.139312ms
2025/04/22 10:13:23 [GET] ::1 /v1/admin/checkauth 200 4.666652ms
2025/04/22 10:13:23 [GET] ::1 /v1/config/key/widget_footer1 200 4.912502ms
2025/04/22 10:13:23 [GET] ::1 /v1/admin/checkauth 200 2.674541ms
2025/04/22 10:13:23 [GET] ::1 /v1/config/key/widget_footer1 200 1.576191ms
2025/04/22 10:13:23 [GET] ::1 /v1/admin/checkauth 200 2.223413ms
2025/04/22 10:13:24 [GET] ::1 /v1/config/key/widget_footer2 200 1.546589ms
2025/04/22 10:13:24 [GET] ::1 /v1/admin/checkauth 200 3.810474ms
2025/04/22 10:13:24 [GET] ::1 /v1/config/key/widget_footer2 200 1.607847ms
2025/04/22 10:13:38 [GET] ::1 /v1/admin/checkauth 200 5.10671ms
2025/04/22 10:13:38 [PUT] ::1 /v1/admin/configs/24 200 10.314893ms
2025/04/22 10:13:47 [GET] ::1 /v1/admin/checkauth 200 1.946108ms
2025/04/22 10:13:48 [PUT] ::1 /v1/admin/configs/24 200 7.729812ms
2025/04/22 10:14:03 [GET] ::1 /v1/admin/checkauth 200 1.852302ms
2025/04/22 10:14:03 [GET] ::1 /v1/checkstatus 200 17.803µs
2025/04/22 10:14:03 [GET] ::1 /v1/config/key/layout 200 2.77128ms
2025/04/22 10:14:04 [GET] ::1 /v1/admin/checkauth 200 2.842334ms
2025/04/22 10:14:05 [GET] ::1 /v1/config/key/widget_leftsidebar 200 1.58768ms
2025/04/22 10:14:05 [GET] ::1 /v1/admin/checkauth 200 2.403909ms
2025/04/22 10:14:05 [GET] ::1 /v1/admin/checkauth 200 1.767173ms
2025/04/22 10:14:05 [GET] ::1 /v1/admin/checkauth 200 3.349905ms
2025/04/22 10:14:05 [GET] ::1 /v1/config 200 2.821506ms
2025/04/22 10:14:05 [GET] ::1 /v1/admin/checkauth 200 2.450368ms
2025/04/22 10:14:06 [GET] ::1 /v1/config/key/widget_rightsidebar 200 1.875512ms
2025/04/22 10:14:06 [GET] ::1 /v1/admin/checkauth 200 2.701155ms
2025/04/22 10:14:06 [GET] ::1 /v1/admin/checkauth 200 2.559086ms
2025/04/22 10:14:06 [GET] ::1 /v1/config/key/widget_leftsidebar 200 1.563869ms
2025/04/22 10:14:06 [GET] ::1 /v1/admin/checkauth 200 2.086028ms
2025/04/22 10:14:06 [GET] ::1 /v1/admin/checkauth 200 3.617112ms
2025/04/22 10:14:06 [GET] ::1 /v1/config/key/widget_leftsidebar 200 2.235804ms
2025/04/22 10:14:07 [GET] ::1 /v1/admin/checkauth 200 1.562468ms
2025/04/22 10:14:07 [GET] ::1 /v1/component 200 1.513809ms
2025/04/22 10:14:07 [GET] ::1 /v1/admin/checkauth 200 1.81689ms
2025/04/22 10:14:07 [GET] ::1 /v1/config/key/widget_footer1 200 1.819287ms
2025/04/22 10:14:07 [GET] ::1 /v1/admin/checkauth 200 2.63665ms
2025/04/22 10:14:07 [GET] ::1 /v1/config/key/widget_rightsidebar 200 3.148386ms
2025/04/22 10:14:07 [GET] ::1 /v1/admin/checkauth 200 2.240515ms
2025/04/22 10:14:08 [GET] ::1 /v1/config/key/widget_rightsidebar 200 1.975279ms
2025/04/22 10:14:08 [GET] ::1 /v1/admin/checkauth 200 2.132552ms
2025/04/22 10:14:08 [GET] ::1 /v1/config/key/widget_footer2 200 3.762139ms
2025/04/22 10:14:08 [GET] ::1 /v1/admin/checkauth 200 2.846337ms
2025/04/22 10:14:08 [GET] ::1 /v1/config/key/widget_footer1 200 2.600492ms
2025/04/22 10:14:08 [GET] ::1 /v1/admin/checkauth 200 1.610879ms
2025/04/22 10:14:08 [GET] ::1 /v1/config/key/widget_footer1 200 2.530283ms
2025/04/22 10:14:08 [GET] ::1 /v1/admin/checkauth 200 1.85072ms
2025/04/22 10:14:08 [GET] ::1 /v1/config/key/widget_footer2 200 3.050169ms
2025/04/22 10:14:09 [GET] ::1 /v1/admin/checkauth 200 2.347037ms
2025/04/22 10:14:09 [GET] ::1 /v1/config/key/widget_footer2 200 1.645452ms
2025/04/22 10:14:17 [GET] ::1 /v1/admin/checkauth 200 2.01867ms
2025/04/22 10:14:17 [GET] ::1 /v1/checkstatus 200 20.644µs
2025/04/22 10:14:17 [GET] ::1 /v1/config/key/layout 200 2.453148ms
2025/04/22 10:14:19 [GET] ::1 /v1/admin/checkauth 200 6.491835ms
2025/04/22 10:14:19 [GET] ::1 /v1/config/key/widget_leftsidebar 200 1.622969ms
2025/04/22 10:14:19 [GET] ::1 /v1/admin/checkauth 200 1.800934ms
2025/04/22 10:14:20 [GET] ::1 /v1/admin/checkauth 200 2.957486ms
2025/04/22 10:14:20 [GET] ::1 /v1/admin/checkauth 200 3.850062ms
2025/04/22 10:14:20 [GET] ::1 /v1/config 200 1.917399ms
2025/04/22 10:14:20 [GET] ::1 /v1/admin/checkauth 200 2.526921ms
2025/04/22 10:14:20 [GET] ::1 /v1/config/key/widget_rightsidebar 200 1.562771ms
2025/04/22 10:14:20 [GET] ::1 /v1/admin/checkauth 200 1.542562ms
2025/04/22 10:14:20 [GET] ::1 /v1/admin/checkauth 200 3.217426ms
2025/04/22 10:14:21 [GET] ::1 /v1/config/key/widget_leftsidebar 200 2.759157ms
2025/04/22 10:14:21 [GET] ::1 /v1/admin/checkauth 200 2.577235ms
2025/04/22 10:14:21 [GET] ::1 /v1/admin/checkauth 200 2.397765ms
2025/04/22 10:14:21 [GET] ::1 /v1/config/key/widget_leftsidebar 200 1.602202ms
2025/04/22 10:14:22 [GET] ::1 /v1/admin/checkauth 200 2.841997ms
2025/04/22 10:14:22 [GET] ::1 /v1/component 200 1.654176ms
2025/04/22 10:14:22 [GET] ::1 /v1/admin/checkauth 200 2.188663ms
2025/04/22 10:14:22 [GET] ::1 /v1/config/key/widget_footer1 200 1.496466ms
2025/04/22 10:14:22 [GET] ::1 /v1/admin/checkauth 200 1.759603ms
2025/04/22 10:14:22 [GET] ::1 /v1/config/key/widget_rightsidebar 200 2.035152ms
2025/04/22 10:14:22 [GET] ::1 /v1/admin/checkauth 200 2.444717ms
2025/04/22 10:14:22 [GET] ::1 /v1/config/key/widget_rightsidebar 200 6.239141ms
2025/04/22 10:14:23 [GET] ::1 /v1/admin/checkauth 200 2.061561ms
2025/04/22 10:14:23 [GET] ::1 /v1/config/key/widget_footer2 200 1.621461ms
2025/04/22 10:14:23 [GET] ::1 /v1/admin/checkauth 200 2.188208ms
2025/04/22 10:14:23 [GET] ::1 /v1/config/key/widget_footer1 200 2.021541ms
2025/04/22 10:14:23 [GET] ::1 /v1/admin/checkauth 200 2.123557ms
2025/04/22 10:14:23 [GET] ::1 /v1/config/key/widget_footer1 200 2.709149ms
2025/04/22 10:14:23 [GET] ::1 /v1/admin/checkauth 200 1.687772ms
2025/04/22 10:14:23 [GET] ::1 /v1/config/key/widget_footer2 200 2.387034ms
2025/04/22 10:14:23 [GET] ::1 /v1/admin/checkauth 200 2.661728ms
2025/04/22 10:14:24 [GET] ::1 /v1/config/key/widget_footer2 200 4.867826ms
2025/04/22 10:15:14 [GET] ::1 /v1/admin/checkauth 200 5.857279ms
2025/04/22 10:15:14 [GET] ::1 /v1/admin/checkauth 200 9.824855ms
2025/04/22 10:15:14 [GET] ::1 /v1/checkstatus 200 29.441µs
2025/04/22 10:15:14 [GET] ::1 /v1/config/key/layout 200 1.858581ms
2025/04/22 10:15:16 [GET] ::1 /v1/admin/checkauth 200 2.317874ms
2025/04/22 10:15:16 [GET] ::1 /v1/config/key/widget_leftsidebar 200 1.638624ms
2025/04/22 10:15:16 [GET] ::1 /v1/admin/checkauth 200 2.153061ms
2025/04/22 10:15:16 [GET] ::1 /v1/admin/checkauth 200 1.904866ms
2025/04/22 10:15:16 [GET] ::1 /v1/admin/checkauth 200 3.649388ms
2025/04/22 10:15:17 [GET] ::1 /v1/config 200 2.119409ms
2025/04/22 10:15:17 [GET] ::1 /v1/admin/checkauth 200 2.432906ms
2025/04/22 10:15:17 [GET] ::1 /v1/config/key/widget_rightsidebar 200 1.432686ms
2025/04/22 10:15:17 [GET] ::1 /v1/admin/checkauth 200 3.223835ms
2025/04/22 10:15:17 [GET] ::1 /v1/admin/checkauth 200 2.304776ms
2025/04/22 10:15:18 [GET] ::1 /v1/config/key/widget_leftsidebar 200 1.699431ms
2025/04/22 10:15:18 [GET] ::1 /v1/admin/checkauth 200 2.755568ms
2025/04/22 10:15:18 [GET] ::1 /v1/admin/checkauth 200 2.192353ms
2025/04/22 10:15:18 [GET] ::1 /v1/config/key/widget_leftsidebar 200 2.120521ms
2025/04/22 10:15:18 [GET] ::1 /v1/admin/checkauth 200 4.155953ms
2025/04/22 10:15:19 [GET] ::1 /v1/component 200 3.73827ms
2025/04/22 10:15:19 [GET] ::1 /v1/admin/checkauth 200 2.265862ms
2025/04/22 10:15:19 [GET] ::1 /v1/config/key/widget_footer1 200 1.553322ms
2025/04/22 10:15:19 [GET] ::1 /v1/admin/checkauth 200 2.909267ms
2025/04/22 10:15:19 [GET] ::1 /v1/config/key/widget_rightsidebar 200 1.6619ms
2025/04/22 10:15:19 [GET] ::1 /v1/admin/checkauth 200 1.950552ms
2025/04/22 10:15:19 [GET] ::1 /v1/config/key/widget_rightsidebar 200 2.150444ms
2025/04/22 10:15:19 [GET] ::1 /v1/admin/checkauth 200 3.605942ms
2025/04/22 10:15:20 [GET] ::1 /v1/config/key/widget_footer2 200 2.161839ms
2025/04/22 10:15:20 [GET] ::1 /v1/admin/checkauth 200 3.004027ms
2025/04/22 10:15:20 [GET] ::1 /v1/config/key/widget_footer1 200 2.210253ms
2025/04/22 10:15:20 [GET] ::1 /v1/admin/checkauth 200 1.624278ms
2025/04/22 10:15:20 [GET] ::1 /v1/config/key/widget_footer1 200 1.798187ms
2025/04/22 10:15:20 [GET] ::1 /v1/admin/checkauth 200 1.640473ms
2025/04/22 10:15:20 [GET] ::1 /v1/config/key/widget_footer2 200 2.649988ms
2025/04/22 10:15:20 [GET] ::1 /v1/admin/checkauth 200 3.660331ms
2025/04/22 10:15:20 [GET] ::1 /v1/config/key/widget_footer2 200 1.81828ms
2025/04/22 10:19:51 [GET] ::1 /v1/admin/checkauth 200 5.319116ms
2025/04/22 10:19:51 [GET] ::1 /v1/admin/checkauth 200 3.816074ms
2025/04/22 10:19:52 [GET] ::1 /v1/checkstatus 200 15.776µs
2025/04/22 10:19:52 [GET] ::1 /v1/config/key/layout 200 3.459235ms
2025/04/22 10:19:53 [GET] ::1 /v1/admin/checkauth 200 3.642029ms
2025/04/22 10:19:54 [GET] ::1 /v1/config/key/widget_leftsidebar 200 1.683221ms
2025/04/22 10:19:54 [GET] ::1 /v1/admin/checkauth 200 1.877531ms
2025/04/22 10:19:54 [GET] ::1 /v1/admin/checkauth 200 3.747045ms
2025/04/22 10:19:54 [GET] ::1 /v1/admin/checkauth 200 1.948295ms
2025/04/22 10:19:54 [GET] ::1 /v1/config 200 2.224285ms
2025/04/22 10:19:54 [GET] ::1 /v1/admin/checkauth 200 1.855683ms
2025/04/22 10:19:55 [GET] ::1 /v1/config/key/widget_rightsidebar 200 1.314451ms
2025/04/22 10:19:55 [GET] ::1 /v1/admin/checkauth 200 2.095544ms
2025/04/22 10:19:55 [GET] ::1 /v1/admin/checkauth 200 9.498114ms
2025/04/22 10:19:56 [GET] ::1 /v1/config/key/widget_leftsidebar 200 5.653711ms
2025/04/22 10:19:56 [GET] ::1 /v1/admin/checkauth 200 2.70758ms
2025/04/22 10:19:56 [GET] ::1 /v1/admin/checkauth 200 3.257706ms
2025/04/22 10:19:56 [GET] ::1 /v1/config/key/widget_leftsidebar 200 5.013238ms
2025/04/22 10:19:56 [GET] ::1 /v1/admin/checkauth 200 2.629346ms
2025/04/22 10:19:57 [GET] ::1 /v1/component 200 1.663594ms
2025/04/22 10:19:57 [GET] ::1 /v1/admin/checkauth 200 1.740128ms
2025/04/22 10:19:57 [GET] ::1 /v1/config/key/widget_footer1 200 2.041648ms
2025/04/22 10:19:57 [GET] ::1 /v1/admin/checkauth 200 1.935315ms
2025/04/22 10:19:57 [GET] ::1 /v1/config/key/widget_rightsidebar 200 2.378321ms
2025/04/22 10:19:57 [GET] ::1 /v1/admin/checkauth 200 2.729527ms
2025/04/22 10:19:57 [GET] ::1 /v1/config/key/widget_rightsidebar 200 3.991355ms
2025/04/22 10:19:57 [GET] ::1 /v1/admin/checkauth 200 5.693886ms
2025/04/22 10:19:58 [GET] ::1 /v1/config/key/widget_footer2 200 3.432571ms
2025/04/22 10:19:58 [GET] ::1 /v1/admin/checkauth 200 4.473845ms
2025/04/22 10:19:58 [GET] ::1 /v1/config/key/widget_footer1 200 2.403196ms
2025/04/22 10:19:58 [GET] ::1 /v1/admin/checkauth 200 2.932696ms
2025/04/22 10:19:58 [GET] ::1 /v1/config/key/widget_footer1 200 1.448397ms
2025/04/22 10:19:58 [GET] ::1 /v1/admin/checkauth 200 1.746114ms
2025/04/22 10:19:58 [GET] ::1 /v1/config/key/widget_footer2 200 2.405379ms
2025/04/22 10:19:58 [GET] ::1 /v1/admin/checkauth 200 4.685716ms
2025/04/22 10:19:59 [GET] ::1 /v1/config/key/widget_footer2 200 1.586963ms
2025/04/22 10:20:32 [GET] ::1 /v1/admin/checkauth 200 4.316318ms
2025/04/22 10:20:32 [GET] ::1 /v1/admin/checkauth 200 7.64498ms
2025/04/22 10:20:32 [GET] ::1 /v1/checkstatus 200 16.963µs
2025/04/22 10:20:32 [GET] ::1 /v1/config/key/layout 200 1.68611ms
2025/04/22 10:20:34 [GET] ::1 /v1/admin/checkauth 200 3.994468ms
2025/04/22 10:20:35 [GET] ::1 /v1/config/key/widget_leftsidebar 200 4.748797ms
2025/04/22 10:20:35 [GET] ::1 /v1/admin/checkauth 200 2.900131ms
2025/04/22 10:20:35 [GET] ::1 /v1/admin/checkauth 200 3.845779ms
2025/04/22 10:20:35 [GET] ::1 /v1/admin/checkauth 200 2.527133ms
2025/04/22 10:20:36 [GET] ::1 /v1/config 200 2.297661ms
2025/04/22 10:20:36 [GET] ::1 /v1/admin/checkauth 200 3.329452ms
2025/04/22 10:20:36 [GET] ::1 /v1/config/key/widget_rightsidebar 200 1.614501ms
2025/04/22 10:20:36 [GET] ::1 /v1/admin/checkauth 200 2.850691ms
2025/04/22 10:20:36 [GET] ::1 /v1/admin/checkauth 200 2.041941ms
2025/04/22 10:20:36 [GET] ::1 /v1/config/key/widget_leftsidebar 200 2.1326ms
2025/04/22 10:20:36 [GET] ::1 /v1/admin/checkauth 200 3.48703ms
2025/04/22 10:20:37 [GET] ::1 /v1/admin/checkauth 200 2.081681ms
2025/04/22 10:20:37 [GET] ::1 /v1/config/key/widget_leftsidebar 200 3.012217ms
2025/04/22 10:20:37 [GET] ::1 /v1/admin/checkauth 200 2.155054ms
2025/04/22 10:20:37 [GET] ::1 /v1/component 200 6.600219ms
2025/04/22 10:20:37 [GET] ::1 /v1/admin/checkauth 200 1.928732ms
2025/04/22 10:20:37 [GET] ::1 /v1/config/key/widget_footer1 200 1.532241ms
2025/04/22 10:20:37 [GET] ::1 /v1/admin/checkauth 200 2.53594ms
2025/04/22 10:20:38 [GET] ::1 /v1/config/key/widget_rightsidebar 200 1.824819ms
2025/04/22 10:20:38 [GET] ::1 /v1/admin/checkauth 200 1.655218ms
2025/04/22 10:20:38 [GET] ::1 /v1/config/key/widget_rightsidebar 200 3.020226ms
2025/04/22 10:20:38 [GET] ::1 /v1/admin/checkauth 200 1.960389ms
2025/04/22 10:20:38 [GET] ::1 /v1/config/key/widget_footer2 200 1.507603ms
2025/04/22 10:20:38 [GET] ::1 /v1/admin/checkauth 200 3.945188ms
2025/04/22 10:20:38 [GET] ::1 /v1/config/key/widget_footer1 200 1.921411ms
2025/04/22 10:20:39 [GET] ::1 /v1/admin/checkauth 200 2.30109ms
2025/04/22 10:20:39 [GET] ::1 /v1/config/key/widget_footer1 200 3.158082ms
2025/04/22 10:20:39 [GET] ::1 /v1/admin/checkauth 200 2.382921ms
2025/04/22 10:20:39 [GET] ::1 /v1/config/key/widget_footer2 200 2.448583ms
2025/04/22 10:20:39 [GET] ::1 /v1/admin/checkauth 200 3.178013ms
2025/04/22 10:20:39 [GET] ::1 /v1/config/key/widget_footer2 200 1.654693ms
2025/04/22 10:20:51 [GET] ::1 /v1/admin/checkauth 200 2.099465ms
2025/04/22 10:20:51 [PUT] ::1 /v1/admin/configs/24 200 15.554348ms
2025/04/22 10:21:02 [GET] ::1 /v1/admin/checkauth 200 3.19019ms
2025/04/22 10:21:02 [PUT] ::1 /v1/admin/configs/24 200 7.841925ms
2025/04/22 10:21:11 [GET] ::1 /v1/admin/checkauth 200 1.850033ms
2025/04/22 10:21:11 [GET] ::1 /v1/checkstatus 200 14.659µs
2025/04/22 10:21:11 [GET] ::1 /v1/config/key/layout 200 1.574286ms
2025/04/22 10:21:13 [GET] ::1 /v1/admin/checkauth 200 2.918833ms
2025/04/22 10:21:13 [GET] ::1 /v1/config/key/widget_leftsidebar 200 2.429382ms
2025/04/22 10:21:13 [GET] ::1 /v1/admin/checkauth 200 1.960208ms
2025/04/22 10:21:13 [GET] ::1 /v1/admin/checkauth 200 1.741464ms
2025/04/22 10:21:13 [GET] ::1 /v1/admin/checkauth 200 4.166689ms
2025/04/22 10:21:13 [GET] ::1 /v1/config 200 3.621162ms
2025/04/22 10:21:14 [GET] ::1 /v1/admin/checkauth 200 2.828339ms
2025/04/22 10:21:14 [GET] ::1 /v1/config/key/widget_rightsidebar 200 2.061877ms
2025/04/22 10:21:14 [GET] ::1 /v1/admin/checkauth 200 4.565479ms
2025/04/22 10:21:14 [GET] ::1 /v1/admin/checkauth 200 2.505189ms
2025/04/22 10:21:14 [GET] ::1 /v1/config/key/widget_leftsidebar 200 2.030437ms
2025/04/22 10:21:14 [GET] ::1 /v1/admin/checkauth 200 1.945402ms
2025/04/22 10:21:15 [GET] ::1 /v1/admin/checkauth 200 1.963415ms
2025/04/22 10:21:15 [GET] ::1 /v1/config/key/widget_leftsidebar 200 4.355316ms
2025/04/22 10:21:15 [GET] ::1 /v1/admin/checkauth 200 1.846826ms
2025/04/22 10:21:15 [GET] ::1 /v1/component 200 1.660834ms
2025/04/22 10:21:15 [GET] ::1 /v1/admin/checkauth 200 2.088992ms
2025/04/22 10:21:15 [GET] ::1 /v1/config/key/widget_footer1 200 2.789191ms
2025/04/22 10:21:15 [GET] ::1 /v1/admin/checkauth 200 2.239549ms
2025/04/22 10:21:15 [GET] ::1 /v1/config/key/widget_rightsidebar 200 1.958946ms
2025/04/22 10:21:15 [GET] ::1 /v1/admin/checkauth 200 1.543228ms
2025/04/22 10:21:16 [GET] ::1 /v1/config/key/widget_rightsidebar 200 1.505625ms
2025/04/22 10:21:16 [GET] ::1 /v1/admin/checkauth 200 2.161582ms
2025/04/22 10:21:16 [GET] ::1 /v1/config/key/widget_footer2 200 3.006729ms
2025/04/22 10:21:16 [GET] ::1 /v1/admin/checkauth 200 2.267165ms
2025/04/22 10:21:16 [GET] ::1 /v1/config/key/widget_footer1 200 1.457037ms
2025/04/22 10:21:16 [GET] ::1 /v1/admin/checkauth 200 2.217736ms
2025/04/22 10:21:16 [GET] ::1 /v1/config/key/widget_footer1 200 4.63729ms
2025/04/22 10:21:16 [GET] ::1 /v1/admin/checkauth 200 2.928526ms
2025/04/22 10:21:17 [GET] ::1 /v1/config/key/widget_footer2 200 3.038334ms
2025/04/22 10:21:17 [GET] ::1 /v1/admin/checkauth 200 9.619877ms
2025/04/22 10:21:17 [GET] ::1 /v1/config/key/widget_footer2 200 1.527815ms
