2025/03/23 09:09:00 [GET] ::1 /v1/admin/checkauth 200 141.683446ms
2025/03/23 09:09:00 [GET] ::1 /v1/admin/checkauth 200 1.960046ms
2025/03/23 09:09:02 [GET] ::1 /v1/checkstatus 200 21.067µs
2025/03/23 09:09:02 [GET] ::1 /v1/admin/checkauth 200 2.149509ms
2025/03/23 09:09:04 [GET] ::1 /v1/admin/checkauth 200 3.055374ms
2025/03/23 09:09:05 [GET] ::1 /v1/admin/images 200 14.189824ms
2025/03/23 09:09:22 [GET] ::1 /v1/admin/checkauth 200 5.092624ms
2025/03/23 09:26:10 [GET] ::1 /v1/admin/checkauth 200 19.55261ms
2025/03/23 09:26:10 [GET] ::1 /v1/admin/checkauth 200 6.498044ms
2025/03/23 09:26:10 [GET] ::1 /v1/admin/checkauth 200 3.005155ms
2025/03/23 09:27:31 [GET] ::1 /v1/admin/checkauth 200 7.716806ms
2025/03/23 09:27:31 [GET] ::1 /v1/admin/checkauth 200 4.133955ms
2025/03/23 09:27:32 [GET] ::1 /v1/admin/checkauth 200 2.932214ms
2025/03/23 09:27:32 [GET] ::1 /v1/admin/checkauth 200 6.226608ms
2025/03/23 09:27:32 [GET] ::1 /v1/checkstatus 200 20.228µs
2025/03/23 09:27:32 [GET] ::1 /v1/admin/checkauth 200 3.012328ms
2025/03/23 09:27:35 [GET] ::1 /v1/admin/checkauth 200 3.430215ms
2025/03/23 09:27:35 [GET] ::1 /v1/admin/images 200 11.188815ms
2025/03/23 09:37:28 [GET] ::1 /v1/admin/checkauth 200 9.196264ms
2025/03/23 09:45:27 [GET] ::1 /v1/admin/checkauth 200 4.971328ms
2025/03/23 10:03:12 [GET] ::1 /v1/admin/checkauth 200 6.10712ms
2025/03/23 10:03:12 [GET] ::1 /v1/checkstatus 200 37.312µs
2025/03/23 10:03:12 [GET] ::1 /v1/admin/checkauth 200 2.771283ms
2025/03/23 10:03:15 [GET] ::1 /v1/admin/checkauth 200 3.284947ms
2025/03/23 10:03:15 [GET] ::1 /v1/admin/images 200 11.121902ms
2025/03/23 10:03:47 [GET] ::1 /v1/admin/checkauth 200 6.90777ms
2025/03/23 10:03:48 [GET] ::1 /v1/admin/checkauth 200 2.890033ms
2025/03/23 10:03:48 [GET] ::1 /v1/admin/images 200 5.308525ms
2025/03/23 10:03:48 [GET] ::1 /v1/admin/checkauth 200 1.755406ms
2025/03/23 10:03:48 [POST] ::1 /v1/admin/images 200 47.483258ms
2025/03/23 10:04:08 [GET] ::1 /v1/admin/checkauth 200 2.205515ms
2025/03/23 10:04:08 [GET] ::1 /v1/checkstatus 200 34.413µs
2025/03/23 10:04:08 [GET] ::1 /v1/admin/checkauth 200 3.690645ms
2025/03/23 10:04:10 [GET] ::1 /v1/admin/checkauth 200 2.677182ms
2025/03/23 10:04:11 [GET] ::1 /v1/admin/images 200 9.025253ms
2025/03/23 10:08:37 [GET] ::1 /v1/admin/checkauth 200 5.760112ms
2025/03/23 10:08:37 [GET] ::1 /v1/checkstatus 200 18.455µs
2025/03/23 10:08:38 [GET] ::1 /v1/admin/checkauth 200 3.13545ms
2025/03/23 10:08:40 [GET] ::1 /v1/admin/checkauth 200 5.788917ms
2025/03/23 10:08:40 [GET] ::1 /v1/admin/images 200 5.872172ms
2025/03/23 10:11:00 [GET] ::1 /v1/admin/checkauth 200 7.751141ms
2025/03/23 10:11:00 [GET] ::1 /v1/checkstatus 200 28.52µs
2025/03/23 10:11:00 [GET] ::1 /v1/admin/checkauth 200 4.375002ms
2025/03/23 10:11:03 [GET] ::1 /v1/admin/checkauth 200 6.335775ms
2025/03/23 10:11:03 [GET] ::1 /v1/admin/images 200 9.620391ms
2025/03/23 10:12:18 [GET] ::1 /v1/admin/checkauth 200 6.323235ms
2025/03/23 10:12:18 [GET] ::1 /v1/admin/checkauth 200 8.183066ms
2025/03/23 10:12:19 [GET] ::1 /v1/admin/images 200 5.586802ms
2025/03/23 10:12:19 [GET] ::1 /v1/admin/checkauth 200 6.586297ms
2025/03/23 10:12:19 [POST] ::1 /v1/admin/images 200 10.196552ms
2025/03/23 10:12:31 [GET] ::1 /v1/admin/checkauth 200 2.539457ms
2025/03/23 10:12:31 [GET] ::1 /v1/checkstatus 200 14.951µs
2025/03/23 10:12:31 [GET] ::1 /v1/admin/checkauth 200 3.621965ms
2025/03/23 10:12:33 [GET] ::1 /v1/admin/checkauth 200 4.581572ms
2025/03/23 10:12:33 [GET] ::1 /v1/admin/images 200 7.921139ms
2025/03/23 10:14:19 [GET] ::1 /v1/admin/checkauth 200 5.560354ms
2025/03/23 10:14:19 [PUT] ::1 /v1/admin/images/5 200 23.451986ms
2025/03/23 10:14:19 [GET] ::1 /v1/admin/checkauth 200 4.362913ms
2025/03/23 10:14:19 [GET] ::1 /v1/admin/images 200 5.294437ms
2025/03/23 10:14:36 [GET] ::1 /v1/admin/checkauth 200 2.230835ms
2025/03/23 10:14:37 [GET] ::1 /v1/admin/checkauth 200 7.928751ms
2025/03/23 10:14:37 [GET] ::1 /v1/admin/images 200 4.739815ms
2025/03/23 10:14:37 [GET] ::1 /v1/admin/checkauth 200 2.341153ms
2025/03/23 10:14:37 [DELETE] ::1 /v1/admin/images/32 200 9.472834ms
2025/03/23 10:14:43 [GET] ::1 /v1/admin/checkauth 200 3.779122ms
2025/03/23 10:14:43 [GET] ::1 /v1/checkstatus 200 17.809µs
2025/03/23 10:14:43 [GET] ::1 /v1/admin/checkauth 200 2.276671ms
2025/03/23 10:14:45 [GET] ::1 /v1/admin/checkauth 200 2.390731ms
2025/03/23 10:14:46 [GET] ::1 /v1/admin/images 200 3.967913ms
2025/03/23 10:18:03 [GET] ::1 /v1/admin/checkauth 200 6.595504ms
2025/03/23 10:18:04 [GET] ::1 /v1/admin/checkauth 200 2.942003ms
2025/03/23 10:18:04 [GET] ::1 /v1/admin/images 200 4.636282ms
2025/03/23 10:18:04 [GET] ::1 /v1/admin/checkauth 200 2.558098ms
2025/03/23 10:18:04 [DELETE] ::1 /v1/admin/images/31 200 14.302883ms
2025/03/23 10:21:04 [GET] ::1 /v1/admin/checkauth 200 6.415406ms
2025/03/23 10:21:04 [GET] ::1 /v1/checkstatus 200 23.703µs
2025/03/23 10:21:05 [GET] ::1 /v1/admin/checkauth 200 6.192012ms
2025/03/23 10:21:07 [GET] ::1 /v1/admin/checkauth 200 4.482398ms
2025/03/23 10:21:07 [GET] ::1 /v1/admin/images 200 5.636637ms
2025/03/23 10:21:28 [GET] ::1 /v1/admin/checkauth 200 3.626134ms
2025/03/23 10:21:28 [GET] ::1 /v1/admin/checkauth 200 16.53866ms
2025/03/23 10:21:28 [GET] ::1 /v1/admin/images 200 5.630426ms
2025/03/23 10:21:29 [GET] ::1 /v1/admin/checkauth 200 2.528717ms
2025/03/23 10:21:29 [DELETE] ::1 /v1/admin/images/30 200 15.071536ms
2025/03/23 10:21:58 [POST] ::1 /v1/admin/token/refresh 200 16.279843ms
2025/03/23 10:21:58 [GET] ::1 /v1/checkstatus 200 35.472µs
2025/03/23 10:21:58 [POST] ::1 /v1/admin/token/refresh 200 2.514215ms
2025/03/23 10:22:19 [GET] ::1 /v1/admin/checkauth 200 5.195208ms
2025/03/23 10:22:19 [GET] ::1 /v1/checkstatus 200 17.648µs
2025/03/23 10:22:19 [GET] ::1 /v1/admin/checkauth 200 2.635097ms
2025/03/23 10:22:22 [GET] ::1 /v1/admin/checkauth 200 7.839857ms
2025/03/23 10:22:22 [GET] ::1 /v1/admin/images 200 6.945873ms
2025/03/23 10:23:56 [GET] ::1 /v1/admin/checkauth 200 9.304355ms
2025/03/23 10:23:56 [GET] ::1 /v1/admin/checkauth 200 9.663897ms
2025/03/23 10:23:57 [GET] ::1 /v1/checkstatus 200 15.721µs
2025/03/23 10:23:57 [GET] ::1 /v1/admin/checkauth 200 4.254208ms
2025/03/23 10:23:59 [GET] ::1 /v1/admin/checkauth 200 2.315719ms
2025/03/23 10:23:59 [GET] ::1 /v1/admin/images 200 7.30406ms
2025/03/23 10:24:17 [GET] ::1 /v1/admin/checkauth 200 3.055745ms
2025/03/23 10:24:18 [GET] ::1 /v1/admin/checkauth 200 5.592854ms
2025/03/23 10:24:18 [GET] ::1 /v1/admin/images 200 5.2922ms
2025/03/23 10:24:18 [GET] ::1 /v1/admin/checkauth 200 6.323797ms
2025/03/23 10:24:19 [DELETE] ::1 /v1/admin/images/29 200 9.371013ms
2025/03/23 10:24:39 [GET] ::1 /v1/admin/checkauth 200 2.6047ms
2025/03/23 10:24:39 [GET] ::1 /v1/admin/checkauth 200 5.635686ms
2025/03/23 10:24:39 [GET] ::1 /v1/admin/images 200 7.349425ms
2025/03/23 10:24:39 [GET] ::1 /v1/admin/checkauth 200 2.319177ms
2025/03/23 10:24:39 [POST] ::1 /v1/admin/images 200 6.837265ms
2025/03/23 10:25:01 [GET] ::1 /v1/admin/checkauth 200 5.069597ms
2025/03/23 10:25:02 [GET] ::1 /v1/checkstatus 200 20.121µs
2025/03/23 10:25:02 [GET] ::1 /v1/admin/checkauth 200 3.29731ms
2025/03/23 10:25:04 [GET] ::1 /v1/admin/checkauth 200 3.307404ms
2025/03/23 10:25:04 [GET] ::1 /v1/admin/images 200 8.425132ms
2025/03/23 10:29:28 [GET] ::1 /v1/admin/checkauth 200 5.479624ms
2025/03/23 10:29:28 [GET] ::1 /v1/admin/checkauth 200 3.916886ms
2025/03/23 10:29:29 [POST] ::1 /v1/admin/images 200 12.33733ms
2025/03/23 10:29:29 [GET] ::1 /v1/admin/checkauth 200 2.507587ms
2025/03/23 10:29:29 [GET] ::1 /v1/admin/images 200 4.123512ms
2025/03/23 10:30:29 [GET] ::1 /v1/admin/checkauth 200 4.794479ms
2025/03/23 10:30:29 [GET] ::1 /v1/admin/checkauth 200 8.76184ms
2025/03/23 10:30:30 [DELETE] ::1 /v1/admin/images/5 200 11.549248ms
2025/03/23 10:30:30 [GET] ::1 /v1/admin/checkauth 200 1.775939ms
2025/03/23 10:30:30 [GET] ::1 /v1/admin/images 200 3.45753ms
2025/03/23 10:30:34 [GET] ::1 /v1/admin/checkauth 200 2.349935ms
2025/03/23 10:30:34 [GET] ::1 /v1/admin/checkauth 200 3.406657ms
2025/03/23 10:30:34 [DELETE] ::1 /v1/admin/images/13 200 10.264107ms
2025/03/23 10:30:34 [GET] ::1 /v1/admin/checkauth 200 2.743813ms
2025/03/23 10:30:34 [GET] ::1 /v1/admin/images 200 6.739823ms
2025/03/23 10:30:54 [GET] ::1 /v1/admin/checkauth 200 2.426871ms
2025/03/23 10:30:54 [PUT] ::1 /v1/admin/images/33 200 7.374685ms
2025/03/23 10:30:54 [GET] ::1 /v1/admin/checkauth 200 4.139706ms
2025/03/23 10:30:54 [GET] ::1 /v1/admin/images 200 4.589755ms
2025/03/23 10:35:45 [GET] ::1 /v1/admin/checkauth 200 4.842242ms
2025/03/23 11:05:34 [GET] ::1 /v1/admin/checkauth 200 5.400978ms
2025/03/23 11:05:34 [GET] ::1 /v1/checkstatus 200 59.726µs
2025/03/23 11:05:34 [GET] ::1 /v1/admin/checkauth 200 5.882136ms
2025/03/23 11:05:37 [GET] ::1 /v1/admin/checkauth 200 3.296301ms
2025/03/23 11:05:37 [GET] ::1 /v1/admin/images 200 5.305035ms
2025/03/23 11:05:39 [GET] ::1 /v1/admin/checkauth 200 3.094902ms
2025/03/23 11:07:02 [GET] ::1 /v1/admin/checkauth 200 5.561527ms
2025/03/23 11:07:11 [GET] ::1 /v1/admin/checkauth 200 3.534228ms
2025/03/23 11:07:13 [GET] ::1 /v1/admin/checkauth 200 4.478711ms
2025/03/23 11:07:13 [GET] ::1 /v1/checkstatus 200 19.933µs
2025/03/23 11:07:16 [GET] ::1 /v1/admin/checkauth 200 3.600119ms
2025/03/23 11:07:16 [GET] ::1 /v1/checkstatus 200 16.778µs
2025/03/23 11:07:16 [GET] ::1 /v1/admin/checkauth 200 2.987377ms
2025/03/23 11:07:18 [GET] ::1 /v1/admin/checkauth 200 3.696758ms
2025/03/23 11:07:18 [GET] ::1 /v1/admin/images 200 5.869795ms
2025/03/23 11:08:21 [GET] ::1 /v1/admin/checkauth 200 7.05416ms
2025/03/23 11:08:28 [GET] ::1 /v1/admin/checkauth 200 1.998714ms
2025/03/23 11:33:37 [GET] ::1 /v1/admin/checkauth 200 63.021225ms
2025/03/23 11:33:37 [GET] ::1 /v1/admin/checkauth 200 7.668644ms
2025/03/23 11:33:42 [GET] ::1 /v1/admin/checkauth 200 2.521893ms
2025/03/23 11:33:42 [GET] ::1 /v1/checkstatus 200 814.122µs
2025/03/23 11:33:42 [GET] ::1 /v1/admin/checkauth 200 4.624417ms
2025/03/23 11:33:45 [GET] ::1 /v1/admin/checkauth 200 2.945126ms
2025/03/23 11:33:45 [GET] ::1 /v1/admin/images 200 9.599467ms
2025/03/23 11:33:50 [GET] ::1 /v1/admin/checkauth 200 4.130015ms
2025/03/23 11:35:45 [GET] ::1 /v1/admin/checkauth 200 5.504767ms
2025/03/23 11:35:45 [GET] ::1 /v1/checkstatus 200 16.147µs
2025/03/23 11:35:45 [GET] ::1 /v1/admin/checkauth 200 1.820884ms
2025/03/23 11:35:47 [GET] ::1 /v1/admin/checkauth 200 2.868763ms
2025/03/23 11:35:48 [GET] ::1 /v1/admin/images 200 5.071211ms
2025/03/23 11:36:03 [GET] ::1 /v1/admin/checkauth 200 3.325666ms
2025/03/23 11:36:03 [GET] ::1 /v1/checkstatus 200 18.508µs
2025/03/23 11:36:03 [GET] ::1 /v1/admin/checkauth 200 3.779067ms
2025/03/23 11:36:05 [GET] ::1 /v1/admin/checkauth 200 4.442504ms
2025/03/23 11:36:05 [GET] ::1 /v1/admin/images 200 5.901898ms
2025/03/23 11:36:42 [GET] ::1 /v1/admin/checkauth 200 1.879046ms
2025/03/23 11:36:48 [GET] ::1 /v1/admin/checkauth 200 6.805604ms
2025/03/23 11:37:57 [GET] ::1 /v1/admin/checkauth 200 6.705858ms
2025/03/23 11:37:58 [GET] ::1 /v1/admin/checkauth 200 9.989502ms
2025/03/23 11:38:01 [GET] ::1 /v1/admin/checkauth 200 5.079306ms
2025/03/23 11:38:02 [GET] ::1 /v1/admin/checkauth 200 6.018896ms
2025/03/23 11:38:02 [GET] ::1 /v1/checkstatus 200 17.718µs
2025/03/23 11:38:02 [GET] ::1 /v1/admin/checkauth 200 3.78433ms
2025/03/23 11:38:04 [GET] ::1 /v1/admin/checkauth 200 2.393039ms
2025/03/23 11:38:04 [GET] ::1 /v1/admin/images 200 8.033624ms
2025/03/23 11:38:34 [GET] ::1 /v1/admin/checkauth 200 2.138277ms
2025/03/23 11:40:08 [GET] ::1 /v1/admin/checkauth 200 4.724047ms
2025/03/23 11:40:09 [GET] ::1 /v1/checkstatus 200 37.063µs
2025/03/23 11:40:09 [GET] ::1 /v1/admin/checkauth 200 4.024423ms
2025/03/23 11:40:11 [GET] ::1 /v1/admin/checkauth 200 5.95701ms
2025/03/23 11:40:11 [GET] ::1 /v1/admin/images 200 5.54776ms
2025/03/23 11:41:26 [GET] ::1 /v1/admin/checkauth 200 4.952391ms
2025/03/23 11:41:27 [GET] ::1 /v1/checkstatus 200 21.644µs
2025/03/23 11:41:27 [GET] ::1 /v1/admin/checkauth 200 3.275445ms
2025/03/23 11:41:29 [GET] ::1 /v1/admin/checkauth 200 2.396523ms
2025/03/23 11:41:29 [GET] ::1 /v1/admin/images 200 5.216998ms
2025/03/23 11:42:07 [GET] ::1 /v1/admin/checkauth 200 4.574218ms
2025/03/23 11:42:07 [GET] ::1 /v1/checkstatus 200 18.012µs
2025/03/23 11:42:07 [GET] ::1 /v1/admin/checkauth 200 2.181103ms
2025/03/23 11:42:09 [GET] ::1 /v1/admin/checkauth 200 3.535427ms
2025/03/23 11:42:10 [GET] ::1 /v1/admin/images 200 6.989437ms
2025/03/23 11:42:14 [GET] ::1 /v1/admin/checkauth 200 2.422272ms
2025/03/23 11:42:14 [GET] ::1 /v1/checkstatus 200 20.081µs
2025/03/23 11:42:14 [GET] ::1 /v1/admin/checkauth 200 3.617148ms
2025/03/23 11:42:16 [GET] ::1 /v1/admin/checkauth 200 2.942327ms
2025/03/23 11:42:16 [GET] ::1 /v1/admin/images 200 4.39096ms
2025/03/23 11:47:38 [GET] ::1 /v1/admin/checkauth 200 9.240951ms
2025/03/23 11:48:56 [GET] ::1 /v1/admin/checkauth 200 7.412003ms
2025/03/23 11:48:59 [GET] ::1 /v1/admin/checkauth 200 3.917758ms
2025/03/23 11:49:27 [GET] ::1 /v1/admin/checkauth 200 2.336508ms
2025/03/23 11:51:03 [GET] ::1 /v1/admin/checkauth 200 12.669733ms
2025/03/23 11:51:03 [GET] ::1 /v1/admin/checkauth 200 5.572453ms
2025/03/23 12:07:07 [GET] ::1 /v1/admin/checkauth 200 202.651664ms
2025/03/23 12:07:09 [GET] ::1 /v1/admin/checkauth 200 4.595321ms
2025/03/23 12:07:53 [GET] ::1 /v1/checkstatus 200 10.423993ms
2025/03/23 12:07:53 [GET] ::1 /v1/admin/checkauth 200 312.63058ms
2025/03/23 12:08:09 [GET] ::1 /v1/admin/checkauth 200 387.650686ms
2025/03/23 12:08:10 [GET] ::1 /v1/admin/categories/type/1 200 63.270042ms
2025/03/23 12:08:10 [GET] ::1 /v1/admin/checkauth 200 56.42768ms
2025/03/23 12:08:10 [GET] ::1 /v1/image/0 200 12.169651ms
2025/03/23 12:08:10 [GET] ::1 /v1/admin/checkauth 200 6.250159ms
2025/03/23 12:08:11 [GET] ::1 /v1/admin/tags/type/1 200 28.951777ms
2025/03/23 12:08:11 [GET] ::1 /v1/admin/checkauth 200 3.97221ms
2025/03/23 12:08:11 [GET] ::1 /v1/admin/checkauth 200 4.024902ms
2025/03/23 12:08:11 [GET] ::1 /v1/admin/images 200 12.644534ms
2025/03/23 12:12:02 [GET] ::1 /v1/admin/checkauth 200 13.178008ms
2025/03/23 12:12:02 [GET] ::1 /v1/checkstatus 200 19.663µs
2025/03/23 12:12:02 [GET] ::1 /v1/admin/checkauth 200 3.624387ms
2025/03/23 12:12:15 [GET] ::1 /v1/admin/checkauth 200 3.63218ms
2025/03/23 12:12:15 [GET] ::1 /v1/admin/categories/type/1 200 27.058829ms
2025/03/23 12:12:15 [GET] ::1 /v1/admin/checkauth 200 3.032081ms
2025/03/23 12:12:16 [GET] ::1 /v1/image/0 200 16.917032ms
2025/03/23 12:12:16 [GET] ::1 /v1/admin/checkauth 200 3.136041ms
2025/03/23 12:12:16 [GET] ::1 /v1/admin/tags/type/1 200 10.148308ms
2025/03/23 12:12:16 [GET] ::1 /v1/admin/checkauth 200 3.711238ms
2025/03/23 12:12:17 [GET] ::1 /v1/admin/checkauth 200 3.008959ms
2025/03/23 12:12:17 [GET] ::1 /v1/admin/images 200 6.726716ms
2025/03/23 12:15:54 [GET] ::1 /v1/admin/checkauth 200 7.690071ms
2025/03/23 12:15:54 [GET] ::1 /v1/checkstatus 200 17.913µs
2025/03/23 12:15:54 [GET] ::1 /v1/admin/checkauth 200 4.007682ms
2025/03/23 12:16:07 [GET] ::1 /v1/admin/checkauth 200 4.130583ms
2025/03/23 12:16:07 [GET] ::1 /v1/admin/categories/type/1 200 14.218354ms
2025/03/23 12:16:07 [GET] ::1 /v1/admin/checkauth 200 2.89909ms
2025/03/23 12:16:08 [GET] ::1 /v1/image/0 200 18.352793ms
2025/03/23 12:16:08 [GET] ::1 /v1/admin/checkauth 200 3.84585ms
2025/03/23 12:16:09 [GET] ::1 /v1/admin/tags/type/1 200 15.708198ms
2025/03/23 12:16:09 [GET] ::1 /v1/admin/checkauth 200 4.094116ms
2025/03/23 12:16:10 [GET] ::1 /v1/admin/checkauth 200 9.180233ms
2025/03/23 12:16:10 [GET] ::1 /v1/admin/images 200 12.688582ms
2025/03/23 12:17:33 [GET] ::1 /v1/admin/checkauth 200 15.033448ms
2025/03/23 12:17:33 [GET] ::1 /v1/checkstatus 200 17.232µs
2025/03/23 12:17:33 [GET] ::1 /v1/admin/checkauth 200 2.638483ms
2025/03/23 12:17:45 [GET] ::1 /v1/admin/checkauth 200 2.231997ms
2025/03/23 12:17:46 [GET] ::1 /v1/admin/categories/type/1 200 7.17859ms
2025/03/23 12:17:46 [GET] ::1 /v1/admin/checkauth 200 2.788941ms
2025/03/23 12:17:46 [GET] ::1 /v1/image/0 200 11.9986ms
2025/03/23 12:17:46 [GET] ::1 /v1/admin/checkauth 200 4.248474ms
2025/03/23 12:17:48 [GET] ::1 /v1/admin/tags/type/1 200 7.69584ms
2025/03/23 12:17:48 [GET] ::1 /v1/admin/checkauth 200 3.999037ms
2025/03/23 12:17:48 [GET] ::1 /v1/admin/checkauth 200 8.631634ms
2025/03/23 12:17:48 [GET] ::1 /v1/admin/images 200 5.950004ms
2025/03/23 13:23:10 [GET] ::1 /v1/admin/checkauth 200 37.166446ms
2025/03/23 13:23:11 [GET] ::1 /v1/checkstatus 200 18.839µs
2025/03/23 13:23:11 [GET] ::1 /v1/admin/checkauth 200 3.690017ms
2025/03/23 13:23:24 [GET] ::1 /v1/admin/checkauth 200 2.044545ms
2025/03/23 13:23:24 [GET] ::1 /v1/admin/categories/type/1 200 21.523534ms
2025/03/23 13:23:24 [GET] ::1 /v1/admin/checkauth 200 4.521346ms
2025/03/23 13:23:24 [GET] ::1 /v1/image/0 200 15.37465ms
2025/03/23 13:23:25 [GET] ::1 /v1/admin/checkauth 200 2.962269ms
2025/03/23 13:23:25 [GET] ::1 /v1/admin/tags/type/1 200 6.357345ms
2025/03/23 13:23:25 [GET] ::1 /v1/admin/checkauth 200 5.801836ms
2025/03/23 13:23:25 [GET] ::1 /v1/admin/checkauth 200 3.59573ms
2025/03/23 13:23:25 [GET] ::1 /v1/admin/images 200 5.117213ms
2025/03/23 13:25:07 [GET] ::1 /v1/admin/checkauth 200 7.064022ms
2025/03/23 13:25:07 [GET] ::1 /v1/checkstatus 200 18.906µs
2025/03/23 13:25:07 [GET] ::1 /v1/admin/checkauth 200 2.121722ms
2025/03/23 13:25:18 [GET] ::1 /v1/admin/checkauth 200 4.657851ms
2025/03/23 13:25:18 [GET] ::1 /v1/admin/categories/type/1 200 6.940215ms
2025/03/23 13:25:18 [GET] ::1 /v1/admin/checkauth 200 4.790992ms
2025/03/23 13:25:19 [GET] ::1 /v1/image/0 200 3.885333ms
2025/03/23 13:25:19 [GET] ::1 /v1/admin/checkauth 200 5.870082ms
2025/03/23 13:25:19 [GET] ::1 /v1/admin/tags/type/1 200 6.748864ms
2025/03/23 13:25:19 [GET] ::1 /v1/admin/checkauth 200 7.89209ms
2025/03/23 13:25:20 [GET] ::1 /v1/admin/checkauth 200 7.405399ms
2025/03/23 13:25:20 [GET] ::1 /v1/admin/images 200 13.255075ms
2025/03/23 13:27:59 [GET] ::1 /v1/admin/checkauth 200 10.399565ms
2025/03/23 13:27:59 [GET] ::1 /v1/checkstatus 200 17.089µs
2025/03/23 13:27:59 [GET] ::1 /v1/admin/checkauth 200 4.90406ms
2025/03/23 13:32:43 [GET] ::1 /v1/admin/checkauth 200 9.173744ms
2025/03/23 13:32:43 [GET] ::1 /v1/admin/categories/type/1 200 5.69589ms
2025/03/23 13:32:43 [GET] ::1 /v1/admin/checkauth 200 3.299139ms
2025/03/23 13:32:44 [GET] ::1 /v1/image/0 200 3.102391ms
2025/03/23 13:32:44 [GET] ::1 /v1/admin/checkauth 200 7.77342ms
2025/03/23 13:32:44 [GET] ::1 /v1/admin/tags/type/1 200 8.645619ms
2025/03/23 13:32:44 [GET] ::1 /v1/admin/checkauth 200 5.230859ms
2025/03/23 13:32:45 [GET] ::1 /v1/admin/checkauth 200 2.626517ms
2025/03/23 13:32:45 [GET] ::1 /v1/admin/images 200 7.356156ms
2025/03/23 13:33:16 [GET] ::1 /v1/admin/checkauth 200 2.014256ms
2025/03/23 13:33:16 [GET] ::1 /v1/checkstatus 200 17.209µs
2025/03/23 13:33:16 [GET] ::1 /v1/admin/checkauth 200 4.800042ms
2025/03/23 13:33:28 [GET] ::1 /v1/admin/checkauth 200 1.924725ms
2025/03/23 13:33:28 [GET] ::1 /v1/admin/categories/type/1 200 20.251778ms
2025/03/23 13:33:29 [GET] ::1 /v1/admin/checkauth 200 2.142622ms
2025/03/23 13:33:29 [GET] ::1 /v1/image/0 200 7.78304ms
2025/03/23 13:33:29 [GET] ::1 /v1/admin/checkauth 200 7.43703ms
2025/03/23 13:33:29 [GET] ::1 /v1/admin/tags/type/1 200 4.582675ms
2025/03/23 13:33:29 [GET] ::1 /v1/admin/checkauth 200 3.776077ms
2025/03/23 13:33:30 [GET] ::1 /v1/admin/checkauth 200 4.482885ms
2025/03/23 13:33:30 [GET] ::1 /v1/admin/images 200 5.826416ms
2025/03/23 13:34:51 [GET] ::1 /v1/admin/checkauth 200 8.130999ms
2025/03/23 13:34:52 [GET] ::1 /v1/checkstatus 200 19.973µs
2025/03/23 13:34:52 [GET] ::1 /v1/admin/checkauth 200 3.316566ms
2025/03/23 13:35:03 [GET] ::1 /v1/admin/checkauth 200 3.929166ms
2025/03/23 13:35:03 [GET] ::1 /v1/admin/categories/type/1 200 5.044598ms
2025/03/23 13:35:04 [GET] ::1 /v1/admin/checkauth 200 2.294911ms
2025/03/23 13:35:04 [GET] ::1 /v1/image/0 200 3.105483ms
2025/03/23 13:35:04 [GET] ::1 /v1/admin/checkauth 200 5.751242ms
2025/03/23 13:35:04 [GET] ::1 /v1/admin/tags/type/1 200 3.956845ms
2025/03/23 13:35:04 [GET] ::1 /v1/admin/checkauth 200 2.836125ms
2025/03/23 13:35:05 [GET] ::1 /v1/admin/checkauth 200 11.538447ms
2025/03/23 13:35:05 [GET] ::1 /v1/admin/images 200 4.80024ms
2025/03/23 13:46:23 [GET] ::1 /v1/admin/checkauth 200 9.308811ms
2025/03/23 13:46:24 [GET] ::1 /v1/checkstatus 200 37.214µs
2025/03/23 13:46:24 [GET] ::1 /v1/admin/checkauth 200 5.652744ms
2025/03/23 13:46:38 [GET] ::1 /v1/admin/checkauth 200 2.373945ms
2025/03/23 13:46:38 [GET] ::1 /v1/admin/categories/type/1 200 8.249653ms
2025/03/23 13:46:39 [GET] ::1 /v1/admin/checkauth 200 4.16702ms
2025/03/23 13:46:39 [GET] ::1 /v1/image/0 200 5.12201ms
2025/03/23 13:46:39 [GET] ::1 /v1/admin/checkauth 200 5.089598ms
2025/03/23 13:46:39 [GET] ::1 /v1/admin/tags/type/1 200 5.400918ms
2025/03/23 13:46:40 [GET] ::1 /v1/admin/checkauth 200 3.321779ms
2025/03/23 13:46:40 [GET] ::1 /v1/admin/checkauth 200 3.404827ms
2025/03/23 13:46:41 [GET] ::1 /v1/admin/images 200 7.999413ms
2025/03/23 13:46:44 [GET] ::1 /v1/admin/checkauth 200 5.484298ms
2025/03/23 13:46:44 [GET] ::1 /v1/checkstatus 200 18.27µs
2025/03/23 13:47:29 [GET] ::1 /v1/admin/checkauth 200 8.20504ms
2025/03/23 13:47:30 [GET] ::1 /v1/checkstatus 200 20.026µs
2025/03/23 13:47:30 [GET] ::1 /v1/admin/checkauth 200 3.064759ms
2025/03/23 13:47:49 [GET] ::1 /v1/admin/checkauth 200 6.163931ms
2025/03/23 13:47:49 [GET] ::1 /v1/checkstatus 200 28.919µs
2025/03/23 13:47:49 [GET] ::1 /v1/admin/checkauth 200 6.564782ms
2025/03/23 13:48:03 [GET] ::1 /v1/admin/checkauth 200 2.808106ms
2025/03/23 13:48:03 [GET] ::1 /v1/admin/categories/type/1 200 10.750081ms
2025/03/23 13:48:04 [GET] ::1 /v1/admin/checkauth 200 5.334987ms
2025/03/23 13:48:04 [GET] ::1 /v1/image/0 200 7.758318ms
2025/03/23 13:48:04 [GET] ::1 /v1/admin/checkauth 200 3.348784ms
2025/03/23 13:48:04 [GET] ::1 /v1/admin/tags/type/1 200 4.610801ms
2025/03/23 13:48:05 [GET] ::1 /v1/admin/checkauth 200 5.185688ms
2025/03/23 13:48:05 [GET] ::1 /v1/admin/checkauth 200 5.186448ms
2025/03/23 13:48:06 [GET] ::1 /v1/admin/images 200 5.213348ms
2025/03/23 13:52:27 [GET] ::1 /v1/admin/checkauth 200 6.080863ms
2025/03/23 13:52:28 [GET] ::1 /v1/checkstatus 200 16.395µs
2025/03/23 13:52:28 [GET] ::1 /v1/admin/checkauth 200 5.424405ms
2025/03/23 13:52:41 [GET] ::1 /v1/admin/checkauth 200 37.80248ms
2025/03/23 13:52:42 [GET] ::1 /v1/admin/categories/type/1 200 9.576096ms
2025/03/23 13:52:42 [GET] ::1 /v1/admin/checkauth 200 3.25129ms
2025/03/23 13:52:42 [GET] ::1 /v1/image/0 200 6.708039ms
2025/03/23 13:52:42 [GET] ::1 /v1/admin/checkauth 200 4.516283ms
2025/03/23 13:52:43 [GET] ::1 /v1/admin/tags/type/1 200 5.619942ms
2025/03/23 13:52:43 [GET] ::1 /v1/admin/checkauth 200 4.768109ms
2025/03/23 13:52:43 [GET] ::1 /v1/admin/checkauth 200 3.027402ms
2025/03/23 13:52:43 [GET] ::1 /v1/admin/images 200 8.209812ms
2025/03/23 13:52:57 [GET] ::1 /v1/admin/checkauth 200 4.18736ms
2025/03/23 13:52:58 [GET] ::1 /v1/checkstatus 200 36.249µs
2025/03/23 13:52:58 [GET] ::1 /v1/admin/checkauth 200 3.696237ms
2025/03/23 13:53:12 [GET] ::1 /v1/admin/checkauth 200 11.753261ms
2025/03/23 13:53:13 [GET] ::1 /v1/admin/categories/type/1 200 5.504928ms
2025/03/23 13:53:13 [GET] ::1 /v1/admin/checkauth 200 4.118889ms
2025/03/23 13:53:14 [GET] ::1 /v1/image/0 200 2.382721ms
2025/03/23 13:53:14 [GET] ::1 /v1/admin/checkauth 200 3.924909ms
2025/03/23 13:53:15 [GET] ::1 /v1/admin/tags/type/1 200 7.074089ms
2025/03/23 13:53:15 [GET] ::1 /v1/admin/checkauth 200 7.402639ms
2025/03/23 13:53:15 [GET] ::1 /v1/admin/checkauth 200 2.650934ms
2025/03/23 13:53:16 [GET] ::1 /v1/admin/images 200 5.576673ms
2025/03/23 13:53:31 [GET] ::1 /v1/admin/checkauth 200 15.970009ms
2025/03/23 13:53:32 [GET] ::1 /v1/checkstatus 200 26.816µs
2025/03/23 13:53:32 [GET] ::1 /v1/admin/checkauth 200 5.614774ms
2025/03/23 13:53:45 [GET] ::1 /v1/admin/checkauth 200 3.295441ms
2025/03/23 13:53:45 [GET] ::1 /v1/admin/categories/type/1 200 5.648924ms
2025/03/23 13:53:45 [GET] ::1 /v1/admin/checkauth 200 3.261791ms
2025/03/23 13:53:46 [GET] ::1 /v1/image/0 200 3.400072ms
2025/03/23 13:53:46 [GET] ::1 /v1/admin/checkauth 200 4.457264ms
2025/03/23 13:53:46 [GET] ::1 /v1/admin/tags/type/1 200 9.782158ms
2025/03/23 13:53:46 [GET] ::1 /v1/admin/checkauth 200 3.385604ms
2025/03/23 13:53:47 [GET] ::1 /v1/admin/checkauth 200 4.311912ms
2025/03/23 13:53:47 [GET] ::1 /v1/admin/images 200 5.219699ms
2025/03/23 14:03:00 [GET] ::1 /v1/admin/checkauth 200 8.165622ms
2025/03/23 14:03:01 [GET] ::1 /v1/checkstatus 200 33.19µs
2025/03/23 14:03:01 [GET] ::1 /v1/admin/checkauth 200 7.427583ms
2025/03/23 14:03:14 [GET] ::1 /v1/admin/checkauth 200 3.210729ms
2025/03/23 14:03:14 [GET] ::1 /v1/admin/categories/type/1 200 20.889299ms
2025/03/23 14:03:15 [GET] ::1 /v1/admin/checkauth 200 9.250213ms
2025/03/23 14:03:15 [GET] ::1 /v1/image/0 200 3.859668ms
2025/03/23 14:03:15 [GET] ::1 /v1/admin/checkauth 200 8.612985ms
2025/03/23 14:03:16 [GET] ::1 /v1/admin/tags/type/1 200 7.437357ms
2025/03/23 14:03:16 [GET] ::1 /v1/admin/checkauth 200 10.262713ms
2025/03/23 14:03:17 [GET] ::1 /v1/admin/checkauth 200 8.400952ms
2025/03/23 14:03:17 [GET] ::1 /v1/admin/images 200 5.868714ms
2025/03/23 14:03:32 [GET] ::1 /v1/admin/checkauth 200 2.977083ms
2025/03/23 14:03:33 [GET] ::1 /v1/checkstatus 200 25.317µs
2025/03/23 14:03:33 [GET] ::1 /v1/admin/checkauth 200 4.065937ms
2025/03/23 14:03:47 [GET] ::1 /v1/admin/checkauth 200 2.784394ms
2025/03/23 14:03:47 [GET] ::1 /v1/admin/categories/type/1 200 10.781448ms
2025/03/23 14:03:47 [GET] ::1 /v1/admin/checkauth 200 11.383512ms
2025/03/23 14:03:48 [GET] ::1 /v1/image/0 200 3.443833ms
2025/03/23 14:03:48 [GET] ::1 /v1/admin/checkauth 200 3.131551ms
2025/03/23 14:03:48 [GET] ::1 /v1/admin/tags/type/1 200 9.122673ms
2025/03/23 14:03:49 [GET] ::1 /v1/admin/checkauth 200 4.461256ms
2025/03/23 14:03:49 [GET] ::1 /v1/admin/checkauth 200 4.91429ms
2025/03/23 14:03:50 [GET] ::1 /v1/admin/images 200 24.555558ms
2025/03/23 14:03:55 [GET] ::1 /v1/admin/checkauth 200 4.553835ms
2025/03/23 14:03:56 [GET] ::1 /v1/checkstatus 200 27.909µs
2025/03/23 14:03:57 [GET] ::1 /v1/admin/checkauth 200 4.236188ms
2025/03/23 14:04:03 [GET] ::1 /v1/admin/checkauth 200 32.498843ms
2025/03/23 14:04:04 [GET] ::1 /v1/admin/categories/type/1 200 20.837359ms
2025/03/23 14:04:05 [GET] ::1 /v1/admin/checkauth 200 5.872176ms
2025/03/23 14:04:06 [GET] ::1 /v1/image/0 200 5.448069ms
2025/03/23 14:04:06 [GET] ::1 /v1/admin/checkauth 200 2.946056ms
2025/03/23 14:04:07 [GET] ::1 /v1/admin/tags/type/1 200 13.434898ms
2025/03/23 14:04:07 [GET] ::1 /v1/admin/checkauth 200 3.731528ms
2025/03/23 14:04:07 [GET] ::1 /v1/admin/checkauth 200 4.872623ms
2025/03/23 14:04:08 [GET] ::1 /v1/admin/images 200 6.484775ms
2025/03/23 14:15:40 [GET] ::1 /v1/admin/checkauth 200 7.350738ms
2025/03/23 14:15:41 [GET] ::1 /v1/checkstatus 200 17.886µs
2025/03/23 14:15:41 [GET] ::1 /v1/admin/checkauth 200 3.421095ms
2025/03/23 14:15:55 [GET] ::1 /v1/admin/checkauth 200 2.525664ms
2025/03/23 14:15:56 [GET] ::1 /v1/admin/categories/type/1 200 7.731597ms
2025/03/23 14:15:56 [GET] ::1 /v1/admin/checkauth 200 7.077939ms
2025/03/23 14:15:56 [GET] ::1 /v1/image/0 200 3.788284ms
2025/03/23 14:15:56 [GET] ::1 /v1/admin/checkauth 200 3.391458ms
2025/03/23 14:15:56 [GET] ::1 /v1/admin/tags/type/1 200 5.362904ms
2025/03/23 14:15:57 [GET] ::1 /v1/admin/checkauth 200 3.508588ms
2025/03/23 14:15:57 [GET] ::1 /v1/admin/checkauth 200 3.239901ms
2025/03/23 14:15:58 [GET] ::1 /v1/admin/images 200 6.190074ms
2025/03/23 14:16:18 [GET] ::1 /v1/admin/checkauth 200 8.393402ms
2025/03/23 14:16:19 [GET] ::1 /v1/checkstatus 200 18.182µs
2025/03/23 14:16:19 [GET] ::1 /v1/admin/checkauth 200 6.002234ms
2025/03/23 14:16:33 [GET] ::1 /v1/admin/checkauth 200 2.835461ms
2025/03/23 14:16:33 [GET] ::1 /v1/admin/categories/type/1 200 7.408653ms
2025/03/23 14:16:33 [GET] ::1 /v1/admin/checkauth 200 8.238916ms
2025/03/23 14:16:34 [GET] ::1 /v1/image/0 200 6.820187ms
2025/03/23 14:16:34 [GET] ::1 /v1/admin/checkauth 200 2.956725ms
2025/03/23 14:16:34 [GET] ::1 /v1/admin/tags/type/1 200 5.10401ms
2025/03/23 14:16:35 [GET] ::1 /v1/admin/checkauth 200 3.041504ms
2025/03/23 14:16:35 [GET] ::1 /v1/admin/checkauth 200 2.996023ms
2025/03/23 14:16:35 [GET] ::1 /v1/admin/images 200 3.927916ms
2025/03/23 14:16:45 [GET] ::1 /v1/checkstatus 200 512.286µs
2025/03/23 14:16:45 [GET] ::1 /v1/checkstatus 200 430.507µs
2025/03/23 14:16:45 [GET] ::1 /v1/checkstatus 200 35.419µs
2025/03/23 14:16:46 [GET] ::1 /v1/checkstatus 200 18.967µs
2025/03/23 14:16:46 [GET] ::1 /v1/checkstatus 200 16.354µs
2025/03/23 14:16:46 [GET] ::1 /v1/checkstatus 200 25.858µs
2025/03/23 14:16:47 [GET] ::1 /v1/checkstatus 200 25.227µs
2025/03/23 14:16:47 [GET] ::1 /v1/checkstatus 200 14.026µs
2025/03/23 14:16:47 [GET] ::1 /v1/checkstatus 200 17.751µs
2025/03/23 14:16:47 [GET] ::1 /v1/checkstatus 200 29.376µs
2025/03/23 14:16:47 [GET] ::1 /v1/checkstatus 200 15.406µs
2025/03/23 14:16:47 [GET] ::1 /v1/checkstatus 200 16.381µs
2025/03/23 14:16:48 [GET] ::1 /v1/checkstatus 200 29.01µs
2025/03/23 14:16:48 [GET] ::1 /v1/checkstatus 200 17.548µs
2025/03/23 14:16:48 [GET] ::1 /v1/checkstatus 200 28.468µs
2025/03/23 14:16:48 [GET] ::1 /v1/checkstatus 200 17.499µs
2025/03/23 14:16:48 [GET] ::1 /v1/checkstatus 200 20.422µs
2025/03/23 14:16:48 [GET] ::1 /v1/checkstatus 200 17.452µs
2025/03/23 14:16:49 [GET] ::1 /v1/checkstatus 200 30.478µs
2025/03/23 14:16:49 [GET] ::1 /v1/checkstatus 200 18.676µs
2025/03/23 14:16:49 [GET] ::1 /v1/checkstatus 200 27.997µs
2025/03/23 14:16:49 [GET] ::1 /v1/checkstatus 200 22.806µs
2025/03/23 14:16:49 [GET] ::1 /v1/checkstatus 200 24.679µs
2025/03/23 14:16:49 [GET] ::1 /v1/checkstatus 200 16.167µs
2025/03/23 14:16:50 [GET] ::1 /v1/checkstatus 200 30.645µs
2025/03/23 14:16:50 [GET] ::1 /v1/checkstatus 200 36.496µs
2025/03/23 14:36:42 [GET] ::1 /v1/admin/checkauth 200 23.489738ms
2025/03/23 14:36:42 [GET] ::1 /v1/checkstatus 200 18.712µs
2025/03/23 14:36:43 [GET] ::1 /v1/admin/checkauth 200 3.867642ms
2025/03/23 14:36:56 [GET] ::1 /v1/admin/checkauth 200 5.393399ms
2025/03/23 14:36:57 [GET] ::1 /v1/admin/categories/type/1 200 28.35634ms
2025/03/23 14:36:57 [GET] ::1 /v1/admin/checkauth 200 2.946936ms
2025/03/23 14:36:58 [GET] ::1 /v1/image/0 200 32.519425ms
2025/03/23 14:36:58 [GET] ::1 /v1/admin/checkauth 200 12.828045ms
2025/03/23 14:36:58 [GET] ::1 /v1/admin/tags/type/1 200 11.035814ms
2025/03/23 14:36:58 [GET] ::1 /v1/admin/checkauth 200 6.795783ms
2025/03/23 14:36:59 [GET] ::1 /v1/admin/checkauth 200 5.42611ms
2025/03/23 14:36:59 [GET] ::1 /v1/admin/images 200 23.134604ms
2025/03/23 14:37:50 [GET] ::1 /v1/admin/checkauth 200 15.443525ms
2025/03/23 14:37:51 [GET] ::1 /v1/checkstatus 200 16.737µs
2025/03/23 14:37:51 [GET] ::1 /v1/admin/checkauth 200 5.406483ms
2025/03/23 14:38:04 [GET] ::1 /v1/admin/checkauth 200 3.180163ms
2025/03/23 14:38:05 [GET] ::1 /v1/admin/categories/type/1 200 8.024487ms
2025/03/23 14:38:05 [GET] ::1 /v1/admin/checkauth 200 8.58512ms
2025/03/23 14:38:05 [GET] ::1 /v1/image/0 200 4.465416ms
2025/03/23 14:38:05 [GET] ::1 /v1/admin/checkauth 200 7.115137ms
2025/03/23 14:38:06 [GET] ::1 /v1/admin/tags/type/1 200 10.707614ms
2025/03/23 14:38:06 [GET] ::1 /v1/admin/checkauth 200 4.27535ms
2025/03/23 14:38:07 [GET] ::1 /v1/admin/checkauth 200 5.704504ms
2025/03/23 14:38:07 [GET] ::1 /v1/admin/images 200 5.062647ms
2025/03/23 14:40:08 [GET] ::1 /v1/admin/checkauth 200 9.061851ms
2025/03/23 14:45:57 [GET] ::1 /v1/admin/checkauth 200 14.52438ms
2025/03/23 14:56:31 [GET] ::1 /v1/admin/checkauth 200 8.344133ms
2025/03/23 14:59:22 [GET] ::1 /v1/admin/checkauth 200 15.37609ms
2025/03/23 14:59:24 [GET] ::1 /v1/admin/checkauth 200 4.02616ms
2025/03/23 15:05:13 [GET] ::1 /v1/admin/checkauth 200 9.494288ms
2025/03/23 15:05:13 [GET] ::1 /v1/checkstatus 200 3.00939ms
2025/03/23 15:05:14 [GET] ::1 /v1/admin/checkauth 200 3.398406ms
2025/03/23 15:05:17 [GET] ::1 /v1/admin/checkauth 200 6.049217ms
2025/03/23 15:05:18 [GET] ::1 /v1/admin/pages/type/1 200 117.798199ms
2025/03/23 15:05:19 [GET] ::1 /v1/admin/checkauth 200 3.429593ms
2025/03/23 15:05:19 [GET] ::1 /v1/admin/images 200 29.636558ms
2025/03/23 15:05:19 [GET] ::1 /v1/admin/checkauth 200 5.74412ms
2025/03/23 15:05:19 [GET] ::1 /v1/admin/pages/typenstatus/ 200 14.548026ms
2025/03/23 15:05:19 [GET] ::1 /v1/admin/checkauth 200 6.054381ms
2025/03/23 15:05:20 [GET] ::1 /v1/admin/users/1 200 19.866799ms
2025/03/23 15:05:20 [GET] ::1 /v1/admin/checkauth 200 4.386989ms
2025/03/23 15:05:20 [GET] ::1 /v1/admin/users/1 200 5.202901ms
2025/03/23 15:05:20 [GET] ::1 /v1/admin/checkauth 200 2.549007ms
2025/03/23 15:05:20 [GET] ::1 /v1/admin/users/1 200 8.04113ms
2025/03/23 15:05:20 [GET] ::1 /v1/admin/checkauth 200 4.105414ms
2025/03/23 15:05:20 [GET] ::1 /v1/admin/users/1 200 4.870521ms
2025/03/23 15:05:20 [GET] ::1 /v1/admin/checkauth 200 3.285864ms
2025/03/23 15:05:21 [GET] ::1 /v1/admin/users/1 200 10.206412ms
2025/03/23 15:05:21 [GET] ::1 /v1/admin/checkauth 200 3.324348ms
2025/03/23 15:05:21 [GET] ::1 /v1/admin/users/1 200 3.93586ms
2025/03/23 15:05:21 [GET] ::1 /v1/admin/checkauth 200 1.751072ms
2025/03/23 15:05:21 [GET] ::1 /v1/admin/pages/typenstatus/ 200 10.07365ms
2025/03/23 15:05:21 [GET] ::1 /v1/admin/checkauth 200 3.080156ms
2025/03/23 15:05:21 [GET] ::1 /v1/admin/pages/typenstatus/ 200 3.6576ms
2025/03/23 15:05:21 [GET] ::1 /v1/admin/checkauth 200 1.883532ms
2025/03/23 15:05:21 [GET] ::1 /v1/admin/pages/typenstatus/ 200 5.697323ms
2025/03/23 15:05:21 [GET] ::1 /v1/admin/checkauth 200 2.518273ms
2025/03/23 15:05:22 [GET] ::1 /v1/admin/pages/count/type/1 200 11.015885ms
2025/03/23 15:05:22 [GET] ::1 /v1/admin/checkauth 200 4.987922ms
2025/03/23 15:05:22 [GET] ::1 /v1/admin/pages/count/typenstatus/ 200 5.706533ms
2025/03/23 15:05:22 [GET] ::1 /v1/admin/checkauth 200 2.185845ms
2025/03/23 15:05:22 [GET] ::1 /v1/admin/pages/count/typenstatus/ 200 6.147347ms
2025/03/23 15:05:22 [GET] ::1 /v1/admin/checkauth 200 1.921716ms
2025/03/23 15:05:22 [GET] ::1 /v1/admin/pages/count/typenstatus/ 200 7.534921ms
2025/03/23 15:05:22 [GET] ::1 /v1/admin/checkauth 200 4.997695ms
2025/03/23 15:05:23 [GET] ::1 /v1/admin/pages/count/typenstatus/ 200 5.027177ms
2025/03/23 15:05:39 [GET] ::1 /v1/admin/checkauth 200 2.408822ms
2025/03/23 15:05:40 [GET] ::1 /v1/admin/checkauth 200 3.503138ms
2025/03/23 15:05:40 [GET] ::1 /v1/checkstatus 200 19.751µs
2025/03/23 15:05:59 [GET] ::1 /v1/admin/checkauth 200 3.022238ms
2025/03/23 15:06:00 [GET] ::1 /v1/checkstatus 200 28.039µs
2025/03/23 15:06:00 [GET] ::1 /v1/admin/checkauth 200 11.323596ms
2025/03/23 15:06:02 [GET] ::1 /v1/admin/checkauth 200 3.413333ms
2025/03/23 15:06:03 [GET] ::1 /v1/admin/pages/type/1 200 5.761614ms
2025/03/23 15:06:03 [GET] ::1 /v1/admin/checkauth 200 7.000146ms
2025/03/23 15:06:03 [GET] ::1 /v1/admin/images 200 5.300842ms
2025/03/23 15:06:03 [GET] ::1 /v1/admin/checkauth 200 2.72404ms
2025/03/23 15:06:04 [GET] ::1 /v1/admin/pages/typenstatus/ 200 5.409244ms
2025/03/23 15:06:04 [GET] ::1 /v1/admin/checkauth 200 3.738637ms
2025/03/23 15:06:04 [GET] ::1 /v1/admin/users/1 200 6.015944ms
2025/03/23 15:06:04 [GET] ::1 /v1/admin/checkauth 200 4.215719ms
2025/03/23 15:06:05 [GET] ::1 /v1/admin/users/1 200 6.693005ms
2025/03/23 15:06:05 [GET] ::1 /v1/admin/checkauth 200 2.894629ms
2025/03/23 15:06:05 [GET] ::1 /v1/admin/users/1 200 15.326806ms
2025/03/23 15:06:05 [GET] ::1 /v1/admin/checkauth 200 3.718603ms
2025/03/23 15:06:05 [GET] ::1 /v1/admin/users/1 200 4.663068ms
2025/03/23 15:06:05 [GET] ::1 /v1/admin/checkauth 200 5.005588ms
2025/03/23 15:06:06 [GET] ::1 /v1/admin/users/1 200 3.051419ms
2025/03/23 15:06:06 [GET] ::1 /v1/admin/checkauth 200 5.324933ms
2025/03/23 15:06:06 [GET] ::1 /v1/admin/users/1 200 6.83522ms
2025/03/23 15:06:06 [GET] ::1 /v1/admin/checkauth 200 3.079194ms
2025/03/23 15:06:06 [GET] ::1 /v1/admin/pages/typenstatus/ 200 3.676853ms
2025/03/23 15:06:06 [GET] ::1 /v1/admin/checkauth 200 6.867092ms
2025/03/23 15:06:06 [GET] ::1 /v1/admin/pages/typenstatus/ 200 3.764533ms
2025/03/23 15:06:07 [GET] ::1 /v1/admin/checkauth 200 2.004267ms
2025/03/23 15:06:07 [GET] ::1 /v1/admin/pages/typenstatus/ 200 4.505944ms
2025/03/23 15:06:07 [GET] ::1 /v1/admin/checkauth 200 3.034293ms
2025/03/23 15:06:07 [GET] ::1 /v1/admin/pages/count/type/1 200 6.595237ms
2025/03/23 15:06:07 [GET] ::1 /v1/admin/checkauth 200 2.573891ms
2025/03/23 15:06:07 [GET] ::1 /v1/admin/pages/count/typenstatus/ 200 5.327454ms
2025/03/23 15:06:07 [GET] ::1 /v1/admin/checkauth 200 5.446153ms
2025/03/23 15:06:07 [GET] ::1 /v1/admin/pages/count/typenstatus/ 200 6.168181ms
2025/03/23 15:06:07 [GET] ::1 /v1/admin/checkauth 200 3.183372ms
2025/03/23 15:06:08 [GET] ::1 /v1/admin/pages/count/typenstatus/ 200 3.102294ms
2025/03/23 15:06:08 [GET] ::1 /v1/admin/checkauth 200 1.76167ms
2025/03/23 15:06:08 [GET] ::1 /v1/admin/pages/count/typenstatus/ 200 4.361561ms
2025/03/23 15:06:11 [GET] ::1 /v1/admin/checkauth 200 2.695137ms
2025/03/23 15:06:44 [GET] ::1 /v1/admin/pages/id/4 200 260.24652ms
2025/03/23 15:06:53 [GET] ::1 /v1/admin/checkauth 200 3.713059ms
2025/03/23 15:06:54 [GET] ::1 /v1/admin/categories/type/1 200 28.67923ms
2025/03/23 15:06:54 [GET] ::1 /v1/admin/checkauth 200 13.987641ms
2025/03/23 15:06:55 [GET] ::1 /v1/image/0 200 15.759408ms
2025/03/23 15:06:55 [GET] ::1 /v1/admin/checkauth 200 8.644513ms
2025/03/23 15:06:56 [GET] ::1 /v1/admin/tags/type/1 200 19.274045ms
2025/03/23 15:06:56 [GET] ::1 /v1/admin/checkauth 200 10.704549ms
2025/03/23 15:06:56 [GET] ::1 /v1/admin/pagecategories/page/4 200 42.043945ms
2025/03/23 15:06:58 [GET] ::1 /v1/admin/checkauth 200 3.326712ms
2025/03/23 15:06:58 [GET] ::1 /v1/admin/categories/type/1 200 8.34043ms
2025/03/23 15:06:58 [GET] ::1 /v1/admin/checkauth 200 4.442449ms
2025/03/23 15:06:59 [GET] ::1 /v1/image/0 200 4.746279ms
2025/03/23 15:06:59 [GET] ::1 /v1/admin/checkauth 200 3.568093ms
2025/03/23 15:06:59 [GET] ::1 /v1/admin/tags/type/1 200 5.939589ms
2025/03/23 15:06:59 [GET] ::1 /v1/admin/checkauth 200 4.023339ms
2025/03/23 15:06:59 [GET] ::1 /v1/admin/pagecategories/page/4 200 11.89163ms
2025/03/23 15:07:01 [GET] ::1 /v1/admin/checkauth 200 2.956699ms
2025/03/23 15:07:01 [GET] ::1 /v1/admin/pagetags/page/4 200 16.580905ms
2025/03/23 15:07:02 [GET] ::1 /v1/admin/checkauth 200 4.34049ms
2025/03/23 15:07:02 [GET] ::1 /v1/admin/pagetags/page/4 200 5.644858ms
2025/03/23 15:07:02 [GET] ::1 /v1/admin/checkauth 200 2.867222ms
2025/03/23 15:07:02 [GET] ::1 /v1/admin/checkauth 200 3.124024ms
2025/03/23 15:07:21 [GET] ::1 /v1/admin/checkauth 200 3.99049ms
2025/03/23 15:07:22 [PUT] ::1 /v1/admin/pages/4 200 55.949904ms
2025/03/23 15:07:22 [GET] ::1 /v1/admin/checkauth 200 3.145208ms
2025/03/23 15:07:23 [GET] ::1 /v1/admin/pages/type/1 200 24.080229ms
2025/03/23 15:07:23 [GET] ::1 /v1/admin/checkauth 200 3.309654ms
2025/03/23 15:07:23 [GET] ::1 /v1/admin/pages/type/1 200 15.752966ms
2025/03/23 15:07:23 [GET] ::1 /v1/admin/checkauth 200 2.811136ms
2025/03/23 15:07:23 [GET] ::1 /v1/admin/pages/typenstatus/ 200 8.875769ms
2025/03/23 15:07:23 [GET] ::1 /v1/admin/checkauth 200 3.370992ms
2025/03/23 15:07:24 [GET] ::1 /v1/admin/users/1 200 11.805138ms
2025/03/23 15:07:24 [GET] ::1 /v1/admin/checkauth 200 3.355349ms
2025/03/23 15:07:24 [GET] ::1 /v1/admin/users/1 200 4.725657ms
2025/03/23 15:07:24 [GET] ::1 /v1/admin/checkauth 200 3.52524ms
2025/03/23 15:07:24 [GET] ::1 /v1/admin/users/1 200 8.390157ms
2025/03/23 15:07:24 [GET] ::1 /v1/admin/checkauth 200 4.90328ms
2025/03/23 15:07:25 [GET] ::1 /v1/admin/users/1 200 5.474858ms
2025/03/23 15:07:25 [GET] ::1 /v1/admin/checkauth 200 2.274317ms
2025/03/23 15:07:25 [GET] ::1 /v1/admin/users/1 200 3.898248ms
2025/03/23 15:07:25 [GET] ::1 /v1/admin/checkauth 200 3.211776ms
2025/03/23 15:07:25 [GET] ::1 /v1/admin/users/1 200 5.616321ms
2025/03/23 15:07:25 [GET] ::1 /v1/admin/checkauth 200 2.529449ms
2025/03/23 15:07:25 [GET] ::1 /v1/admin/pages/typenstatus/ 200 9.133434ms
2025/03/23 15:07:25 [GET] ::1 /v1/admin/checkauth 200 1.844531ms
2025/03/23 15:07:26 [GET] ::1 /v1/admin/pages/typenstatus/ 200 24.797991ms
2025/03/23 15:07:26 [GET] ::1 /v1/admin/checkauth 200 5.747607ms
2025/03/23 15:07:26 [GET] ::1 /v1/admin/pages/typenstatus/ 200 3.068466ms
2025/03/23 15:07:26 [GET] ::1 /v1/admin/checkauth 200 1.585317ms
2025/03/23 15:07:26 [GET] ::1 /v1/admin/pages/typenstatus/ 200 3.514721ms
2025/03/23 15:07:26 [GET] ::1 /v1/admin/checkauth 200 5.564583ms
2025/03/23 15:07:26 [GET] ::1 /v1/admin/pages/typenstatus/ 200 12.71244ms
2025/03/23 15:07:26 [GET] ::1 /v1/admin/checkauth 200 4.125236ms
2025/03/23 15:07:27 [GET] ::1 /v1/admin/pages/typenstatus/ 200 6.234289ms
2025/03/23 15:07:27 [GET] ::1 /v1/admin/checkauth 200 4.832938ms
2025/03/23 15:07:27 [GET] ::1 /v1/admin/pages/typenstatus/ 200 4.547798ms
2025/03/23 15:07:27 [GET] ::1 /v1/admin/checkauth 200 3.374705ms
2025/03/23 15:07:27 [GET] ::1 /v1/admin/pages/count/type/1 200 11.394497ms
2025/03/23 15:07:27 [GET] ::1 /v1/admin/checkauth 200 2.017268ms
2025/03/23 15:07:27 [GET] ::1 /v1/admin/pages/count/type/1 200 5.827106ms
2025/03/23 15:07:27 [GET] ::1 /v1/admin/checkauth 200 3.091717ms
2025/03/23 15:07:28 [GET] ::1 /v1/admin/pages/count/typenstatus/ 200 7.09846ms
2025/03/23 15:07:28 [GET] ::1 /v1/admin/checkauth 200 2.767867ms
2025/03/23 15:07:28 [GET] ::1 /v1/admin/pages/count/typenstatus/ 200 4.952281ms
2025/03/23 15:07:28 [GET] ::1 /v1/admin/checkauth 200 2.53099ms
2025/03/23 15:07:28 [GET] ::1 /v1/admin/pages/count/typenstatus/ 200 10.880594ms
2025/03/23 15:07:28 [GET] ::1 /v1/admin/checkauth 200 3.729793ms
2025/03/23 15:07:28 [GET] ::1 /v1/admin/pages/count/typenstatus/ 200 6.090658ms
2025/03/23 15:07:28 [GET] ::1 /v1/admin/checkauth 200 2.613047ms
2025/03/23 15:07:28 [GET] ::1 /v1/admin/pages/count/typenstatus/ 200 3.682501ms
2025/03/23 15:07:29 [GET] ::1 /v1/admin/checkauth 200 1.994748ms
2025/03/23 15:07:29 [GET] ::1 /v1/admin/pages/count/typenstatus/ 200 6.548086ms
2025/03/23 15:07:29 [GET] ::1 /v1/admin/checkauth 200 4.311375ms
2025/03/23 15:07:29 [GET] ::1 /v1/admin/pages/count/typenstatus/ 200 10.159861ms
2025/03/23 15:07:29 [GET] ::1 /v1/admin/checkauth 200 2.730116ms
2025/03/23 15:07:29 [GET] ::1 /v1/admin/pages/count/typenstatus/ 200 4.081363ms
2025/03/23 15:07:35 [GET] ::1 /v1/admin/checkauth 200 2.375288ms
2025/03/23 15:07:35 [GET] ::1 /v1/admin/users/1 200 8.349323ms
2025/03/23 15:07:35 [GET] ::1 /v1/admin/checkauth 200 4.449466ms
2025/03/23 15:07:35 [GET] ::1 /v1/admin/users/1 200 3.840893ms
2025/03/23 15:07:37 [GET] ::1 /v1/admin/checkauth 200 2.906482ms
2025/03/23 15:07:37 [GET] ::1 /v1/admin/users/1 200 4.651311ms
2025/03/23 15:07:37 [GET] ::1 /v1/admin/checkauth 200 3.3494ms
2025/03/23 15:07:37 [GET] ::1 /v1/admin/users/1 200 4.756224ms
2025/03/23 15:13:26 [GET] ::1 /v1/admin/checkauth 200 173.387854ms
2025/03/23 15:13:27 [GET] ::1 /v1/admin/pages/id/4 200 23.472385ms
2025/03/23 15:13:33 [GET] ::1 /v1/admin/checkauth 200 5.108225ms
2025/03/23 15:13:34 [GET] ::1 /v1/admin/categories/type/1 200 27.113525ms
2025/03/23 15:13:34 [GET] ::1 /v1/admin/checkauth 200 5.339129ms
2025/03/23 15:13:34 [GET] ::1 /v1/admin/tags/type/1 200 19.678892ms
2025/03/23 15:13:35 [GET] ::1 /v1/admin/checkauth 200 3.71688ms
2025/03/23 15:13:35 [GET] ::1 /v1/admin/pagecategories/page/4 200 18.863926ms
2025/03/23 15:13:36 [GET] ::1 /v1/admin/checkauth 200 2.228409ms
2025/03/23 15:13:37 [GET] ::1 /v1/admin/categories/type/1 200 9.191718ms
2025/03/23 15:13:37 [GET] ::1 /v1/admin/checkauth 200 5.002264ms
2025/03/23 15:13:37 [GET] ::1 /v1/admin/tags/type/1 200 5.765055ms
2025/03/23 15:13:37 [GET] ::1 /v1/admin/checkauth 200 4.819247ms
2025/03/23 15:13:37 [GET] ::1 /v1/admin/pagecategories/page/4 200 3.842051ms
2025/03/23 15:13:39 [GET] ::1 /v1/admin/checkauth 200 4.459186ms
2025/03/23 15:13:39 [GET] ::1 /v1/admin/pagetags/page/4 200 6.462572ms
2025/03/23 15:13:39 [GET] ::1 /v1/admin/checkauth 200 6.92587ms
2025/03/23 15:13:39 [GET] ::1 /v1/admin/pagetags/page/4 200 5.176409ms
2025/03/23 15:13:39 [GET] ::1 /v1/admin/checkauth 200 6.842212ms
2025/03/23 15:13:40 [GET] ::1 /v1/admin/checkauth 200 2.721723ms
2025/03/23 15:31:59 [GET] ::1 /v1/admin/checkauth 200 24.84439ms
2025/03/23 15:31:59 [GET] ::1 /v1/admin/checkauth 200 5.416137ms
2025/03/23 15:32:21 [GET] ::1 /v1/checkstatus 200 2.929158ms
2025/03/23 15:32:21 [GET] ::1 /v1/admin/checkauth 200 24.332504ms
2025/03/23 15:32:21 [GET] ::1 /v1/admin/pages/id/4 200 65.410565ms
2025/03/23 15:32:33 [GET] ::1 /v1/admin/checkauth 200 5.555859ms
2025/03/23 15:32:33 [GET] ::1 /v1/admin/checkauth 200 2.941782ms
2025/03/23 15:32:33 [GET] ::1 /v1/admin/categories/type/1 200 30.339116ms
2025/03/23 15:32:37 [GET] ::1 /v1/admin/checkauth 200 3.812123ms
2025/03/23 15:32:37 [GET] ::1 /v1/admin/tags/type/1 200 7.333335ms
2025/03/23 15:32:37 [GET] ::1 /v1/admin/checkauth 200 3.601444ms
2025/03/23 15:32:37 [GET] ::1 /v1/admin/checkauth 200 5.269323ms
2025/03/23 15:32:38 [GET] ::1 /v1/admin/pagecategories/page/4 200 21.058091ms
2025/03/23 15:32:38 [GET] ::1 /v1/admin/checkauth 200 4.583621ms
2025/03/23 15:32:38 [GET] ::1 /v1/admin/images 200 48.545352ms
2025/03/23 15:32:38 [GET] ::1 /v1/admin/checkauth 200 3.810546ms
2025/03/23 15:32:38 [GET] ::1 /v1/admin/pages/type/4 200 15.365666ms
2025/03/23 15:32:38 [GET] ::1 /v1/admin/checkauth 200 3.724913ms
2025/03/23 15:32:38 [GET] ::1 /v1/admin/pages/type/4 200 5.030817ms
2025/03/23 15:32:39 [GET] ::1 /v1/admin/checkauth 200 4.684961ms
2025/03/23 15:32:39 [GET] ::1 /v1/admin/checkauth 200 4.088368ms
2025/03/23 15:32:39 [GET] ::1 /v1/admin/pagetags/page/4 200 11.927477ms
2025/03/23 15:32:39 [GET] ::1 /v1/admin/checkauth 200 2.824897ms
2025/03/23 15:32:39 [GET] ::1 /v1/admin/checkauth 200 3.9532ms
2025/03/23 15:32:39 [GET] ::1 /v1/checkstatus 200 35.943µs
2025/03/23 15:32:39 [GET] ::1 /v1/admin/checkauth 200 7.227018ms
2025/03/23 15:32:40 [GET] ::1 /v1/admin/checkauth 200 3.015653ms
2025/03/23 15:32:43 [GET] ::1 /v1/admin/checkauth 200 2.807506ms
2025/03/23 15:32:43 [GET] ::1 /v1/admin/pages/type/5 200 8.304695ms
2025/03/23 15:32:43 [GET] ::1 /v1/admin/checkauth 200 8.663969ms
2025/03/23 15:32:43 [GET] ::1 /v1/admin/pages/type/5 200 10.051782ms
2025/03/23 15:32:51 [GET] ::1 /v1/admin/checkauth 200 7.944804ms
2025/03/23 15:32:53 [GET] ::1 /v1/admin/checkauth 200 1.865312ms
2025/03/23 15:32:54 [GET] ::1 /v1/admin/pages/type/3 200 6.856961ms
2025/03/23 15:32:54 [GET] ::1 /v1/admin/checkauth 200 5.106419ms
2025/03/23 15:32:54 [GET] ::1 /v1/admin/pages/type/3 200 5.393439ms
2025/03/23 15:32:58 [GET] ::1 /v1/admin/checkauth 200 7.766104ms
2025/03/23 15:33:00 [GET] ::1 /v1/admin/checkauth 200 2.439628ms
2025/03/23 15:33:01 [GET] ::1 /v1/admin/pages/type/2 200 6.321385ms
2025/03/23 15:33:01 [GET] ::1 /v1/admin/checkauth 200 2.608196ms
2025/03/23 15:33:01 [GET] ::1 /v1/admin/pages/type/2 200 4.285353ms
2025/03/23 15:33:03 [GET] ::1 /v1/admin/checkauth 200 5.059458ms
2025/03/23 15:33:05 [GET] ::1 /v1/admin/checkauth 200 2.040493ms
2025/03/23 15:33:05 [GET] ::1 /v1/admin/pages/type/1 200 6.293011ms
2025/03/23 15:33:06 [GET] ::1 /v1/admin/checkauth 200 3.025209ms
2025/03/23 15:33:06 [GET] ::1 /v1/admin/pages/type/1 200 5.9038ms
2025/03/23 15:33:06 [GET] ::1 /v1/admin/checkauth 200 3.183019ms
2025/03/23 15:33:06 [GET] ::1 /v1/admin/pages/typenstatus/ 200 12.07393ms
2025/03/23 15:33:06 [GET] ::1 /v1/admin/checkauth 200 3.225306ms
2025/03/23 15:33:06 [GET] ::1 /v1/admin/users/1 200 11.38259ms
2025/03/23 15:33:06 [GET] ::1 /v1/admin/checkauth 200 8.200246ms
2025/03/23 15:33:06 [GET] ::1 /v1/admin/users/1 200 5.041429ms
2025/03/23 15:33:06 [GET] ::1 /v1/admin/checkauth 200 7.107721ms
2025/03/23 15:33:07 [GET] ::1 /v1/admin/users/1 200 5.414705ms
2025/03/23 15:33:07 [GET] ::1 /v1/admin/checkauth 200 4.537869ms
2025/03/23 15:33:07 [GET] ::1 /v1/admin/users/1 200 4.296649ms
2025/03/23 15:33:07 [GET] ::1 /v1/admin/checkauth 200 1.891513ms
2025/03/23 15:33:07 [GET] ::1 /v1/admin/users/1 200 8.144287ms
2025/03/23 15:33:07 [GET] ::1 /v1/admin/checkauth 200 4.917404ms
2025/03/23 15:33:07 [GET] ::1 /v1/admin/users/1 200 5.291525ms
2025/03/23 15:33:07 [GET] ::1 /v1/admin/checkauth 200 2.106919ms
2025/03/23 15:33:07 [GET] ::1 /v1/admin/pages/typenstatus/ 200 5.076773ms
2025/03/23 15:33:07 [GET] ::1 /v1/admin/checkauth 200 1.705082ms
2025/03/23 15:33:07 [GET] ::1 /v1/admin/pages/typenstatus/ 200 5.419607ms
2025/03/23 15:33:07 [GET] ::1 /v1/admin/checkauth 200 3.631406ms
2025/03/23 15:33:08 [GET] ::1 /v1/admin/pages/typenstatus/ 200 7.776378ms
2025/03/23 15:33:08 [GET] ::1 /v1/admin/checkauth 200 1.696311ms
2025/03/23 15:33:08 [GET] ::1 /v1/admin/pages/typenstatus/ 200 8.417391ms
2025/03/23 15:33:08 [GET] ::1 /v1/admin/checkauth 200 5.234429ms
2025/03/23 15:33:08 [GET] ::1 /v1/admin/pages/typenstatus/ 200 4.100596ms
2025/03/23 15:33:08 [GET] ::1 /v1/admin/checkauth 200 3.13607ms
2025/03/23 15:33:08 [GET] ::1 /v1/admin/pages/typenstatus/ 200 3.69765ms
2025/03/23 15:33:08 [GET] ::1 /v1/admin/checkauth 200 2.18591ms
2025/03/23 15:33:08 [GET] ::1 /v1/admin/pages/typenstatus/ 200 4.027892ms
2025/03/23 15:33:08 [GET] ::1 /v1/admin/checkauth 200 2.131515ms
2025/03/23 15:33:09 [GET] ::1 /v1/admin/pages/count/type/1 200 13.690054ms
2025/03/23 15:33:09 [GET] ::1 /v1/admin/checkauth 200 2.279534ms
2025/03/23 15:33:09 [GET] ::1 /v1/admin/pages/count/type/1 200 3.066628ms
2025/03/23 15:33:09 [GET] ::1 /v1/admin/checkauth 200 2.145119ms
2025/03/23 15:33:09 [GET] ::1 /v1/admin/pages/count/typenstatus/ 200 4.476791ms
2025/03/23 15:33:09 [GET] ::1 /v1/admin/checkauth 200 2.152532ms
2025/03/23 15:33:09 [GET] ::1 /v1/admin/pages/count/typenstatus/ 200 3.601938ms
2025/03/23 15:33:09 [GET] ::1 /v1/admin/checkauth 200 3.200151ms
2025/03/23 15:33:09 [GET] ::1 /v1/admin/pages/count/typenstatus/ 200 5.944922ms
2025/03/23 15:33:09 [GET] ::1 /v1/admin/checkauth 200 1.887918ms
2025/03/23 15:33:09 [GET] ::1 /v1/admin/pages/count/typenstatus/ 200 4.24855ms
2025/03/23 15:33:09 [GET] ::1 /v1/admin/checkauth 200 2.670161ms
2025/03/23 15:33:10 [GET] ::1 /v1/admin/pages/count/typenstatus/ 200 4.661503ms
2025/03/23 15:33:10 [GET] ::1 /v1/admin/checkauth 200 3.040223ms
2025/03/23 15:33:10 [GET] ::1 /v1/admin/pages/count/typenstatus/ 200 7.450883ms
2025/03/23 15:33:10 [GET] ::1 /v1/admin/checkauth 200 3.027399ms
2025/03/23 15:33:10 [GET] ::1 /v1/admin/pages/count/typenstatus/ 200 3.967021ms
2025/03/23 15:33:10 [GET] ::1 /v1/admin/checkauth 200 4.919201ms
2025/03/23 15:33:10 [GET] ::1 /v1/admin/pages/count/typenstatus/ 200 3.133286ms
2025/03/23 15:34:43 [GET] ::1 /v1/checkstatus 200 811.949µs
2025/03/23 15:47:59 [GET] ::1 /v1/checkstatus 200 1.389883ms
2025/03/23 15:50:50 [GET] ::1 /v1/checkstatus 200 3.652338ms
2025/03/23 16:09:17 [GET] ::1 /v1/checkstatus 200 3.561697ms
2025/03/23 18:25:12 [GET] ::1 /v1/checkstatus 200 7.743535ms
2025/03/23 20:10:11 [GET] ::1 /v1/checkstatus 200 6.223506ms
2025/03/23 20:11:35 [GET] ::1 /v1/checkstatus 200 59.266µs
2025/03/23 20:30:23 [GET] ::1 /v1/admin/checkauth 200 350.635418ms
2025/03/23 20:30:28 [GET] ::1 /v1/checkstatus 200 32.42µs
2025/03/23 20:30:29 [GET] ::1 /v1/admin/checkauth 200 17.389455ms
2025/03/23 20:30:30 [GET] ::1 /v1/admin/checkauth 200 5.837435ms
2025/03/23 20:30:30 [GET] ::1 /v1/admin/checkauth 200 8.134768ms
2025/03/23 20:30:32 [GET] ::1 /v1/admin/checkauth 200 22.836587ms
2025/03/23 20:30:33 [GET] ::1 /v1/admin/checkauth 200 3.761218ms
2025/03/23 20:30:34 [GET] ::1 /v1/admin/checkauth 200 4.818873ms
2025/03/23 20:30:36 [GET] ::1 /v1/admin/checkauth 200 5.837913ms
2025/03/23 20:30:37 [GET] ::1 /v1/admin/checkauth 200 3.431338ms
2025/03/23 20:30:38 [GET] ::1 /v1/admin/checkauth 200 3.337715ms
2025/03/23 20:30:39 [GET] ::1 /v1/admin/checkauth 200 5.882102ms
2025/03/23 20:30:40 [GET] ::1 /v1/admin/checkauth 200 7.869898ms
2025/03/23 20:30:41 [GET] ::1 /v1/admin/checkauth 200 3.936814ms
2025/03/23 20:30:42 [GET] ::1 /v1/admin/checkauth 200 2.658103ms
2025/03/23 20:30:43 [GET] ::1 /v1/admin/checkauth 200 3.726771ms
2025/03/23 20:30:44 [GET] ::1 /v1/admin/checkauth 200 4.934259ms
2025/03/23 20:30:45 [GET] ::1 /v1/admin/checkauth 200 5.23123ms
2025/03/23 20:30:46 [GET] ::1 /v1/admin/checkauth 200 2.274385ms
2025/03/23 20:30:47 [GET] ::1 /v1/admin/checkauth 200 3.765523ms
2025/03/23 20:30:48 [GET] ::1 /v1/admin/checkauth 200 1.935091ms
2025/03/23 20:32:39 [GET] ::1 /v1/admin/checkauth 200 14.748991ms
2025/03/23 20:32:47 [GET] ::1 /v1/admin/checkauth 200 4.339512ms
2025/03/23 20:32:48 [GET] ::1 /v1/admin/checkauth 200 2.724954ms
2025/03/23 20:32:49 [GET] ::1 /v1/admin/checkauth 200 2.19522ms
2025/03/23 20:32:50 [GET] ::1 /v1/admin/checkauth 200 3.569315ms
2025/03/23 20:32:51 [GET] ::1 /v1/admin/checkauth 200 3.92027ms
2025/03/23 20:32:52 [GET] ::1 /v1/admin/checkauth 200 2.156029ms
2025/03/23 20:32:53 [GET] ::1 /v1/admin/checkauth 200 7.358757ms
2025/03/23 20:32:55 [GET] ::1 /v1/admin/checkauth 200 2.720988ms
2025/03/23 20:32:56 [GET] ::1 /v1/admin/checkauth 200 3.591542ms
2025/03/23 20:32:57 [GET] ::1 /v1/admin/checkauth 200 2.34217ms
2025/03/23 20:32:58 [GET] ::1 /v1/admin/checkauth 200 4.071557ms
2025/03/23 20:35:26 [GET] ::1 /v1/admin/checkauth 200 29.301127ms
2025/03/23 20:35:30 [GET] ::1 /v1/checkstatus 200 17.926µs
2025/03/23 20:35:31 [GET] ::1 /v1/admin/checkauth 200 4.094772ms
2025/03/23 20:35:32 [GET] ::1 /v1/admin/checkauth 200 4.169256ms
2025/03/23 20:35:32 [GET] ::1 /v1/admin/checkauth 200 3.160238ms
2025/03/23 20:35:33 [GET] ::1 /v1/admin/checkauth 200 9.770653ms
2025/03/23 20:35:34 [GET] ::1 /v1/admin/checkauth 200 5.275975ms
2025/03/23 20:35:35 [GET] ::1 /v1/admin/checkauth 200 2.999597ms
2025/03/23 20:35:37 [GET] ::1 /v1/admin/checkauth 200 3.939657ms
2025/03/23 20:35:38 [GET] ::1 /v1/admin/checkauth 200 4.344031ms
2025/03/23 20:36:33 [GET] ::1 /v1/admin/checkauth 200 8.167433ms
2025/03/23 20:36:40 [GET] ::1 /v1/admin/checkauth 200 13.723969ms
2025/03/23 20:36:40 [GET] ::1 /v1/admin/checkauth 200 6.15064ms
2025/03/23 20:36:40 [GET] ::1 /v1/checkstatus 200 17.949µs
2025/03/23 20:36:41 [GET] ::1 /v1/admin/checkauth 200 6.955653ms
2025/03/23 20:36:41 [GET] ::1 /v1/admin/checkauth 200 5.171491ms
2025/03/23 20:36:42 [GET] ::1 /v1/admin/checkauth 200 6.779941ms
2025/03/23 20:36:42 [GET] ::1 /v1/admin/checkauth 200 5.879745ms
2025/03/23 20:36:42 [GET] ::1 /v1/admin/checkauth 200 2.985543ms
2025/03/23 20:36:43 [GET] ::1 /v1/admin/checkauth 200 13.20307ms
2025/03/23 20:36:44 [GET] ::1 /v1/admin/checkauth 200 4.934946ms
2025/03/23 20:36:45 [GET] ::1 /v1/admin/checkauth 200 3.91635ms
2025/03/23 20:36:46 [GET] ::1 /v1/admin/checkauth 200 5.99766ms
2025/03/23 20:38:25 [GET] ::1 /v1/admin/checkauth 200 6.755301ms
2025/03/23 20:38:30 [GET] ::1 /v1/checkstatus 200 1.835767ms
2025/03/23 20:38:31 [GET] ::1 /v1/admin/checkauth 200 2.837309ms
2025/03/23 20:38:31 [GET] ::1 /v1/admin/checkauth 200 2.348771ms
2025/03/23 20:38:31 [GET] ::1 /v1/admin/checkauth 200 4.855811ms
2025/03/23 20:38:33 [GET] ::1 /v1/admin/checkauth 200 4.669463ms
2025/03/23 20:41:31 [GET] ::1 /v1/admin/checkauth 200 9.752281ms
2025/03/23 20:41:36 [GET] ::1 /v1/checkstatus 200 46.972µs
2025/03/23 20:41:37 [GET] ::1 /v1/admin/checkauth 200 4.231019ms
2025/03/23 20:41:38 [GET] ::1 /v1/admin/checkauth 200 3.246427ms
2025/03/23 20:41:38 [GET] ::1 /v1/admin/checkauth 200 2.345592ms
2025/03/23 20:41:38 [GET] ::1 /v1/admin/images 200 14.954826ms
2025/03/23 20:41:38 [GET] ::1 /v1/admin/checkauth 200 3.198688ms
2025/03/23 20:41:38 [GET] ::1 /v1/admin/images 200 5.153691ms
2025/03/23 20:44:12 [GET] ::1 /v1/admin/checkauth 200 11.43005ms
2025/03/23 20:44:12 [GET] ::1 /v1/admin/checkauth 200 5.366104ms
2025/03/23 20:44:12 [GET] ::1 /v1/admin/checkauth 200 6.039063ms
2025/03/23 20:44:12 [GET] ::1 /v1/checkstatus 200 16.579µs
2025/03/23 20:44:14 [GET] ::1 /v1/admin/checkauth 200 3.647872ms
2025/03/23 20:44:14 [GET] ::1 /v1/admin/checkauth 200 11.297111ms
2025/03/23 20:44:14 [GET] ::1 /v1/admin/checkauth 200 2.441446ms
2025/03/23 20:44:14 [GET] ::1 /v1/admin/checkauth 200 3.11024ms
2025/03/23 20:44:15 [GET] ::1 /v1/admin/images 200 8.594041ms
2025/03/23 20:44:15 [GET] ::1 /v1/admin/checkauth 200 2.754571ms
2025/03/23 20:44:15 [GET] ::1 /v1/admin/checkauth 200 2.587422ms
2025/03/23 20:44:15 [GET] ::1 /v1/admin/images 200 7.475215ms
2025/03/23 20:44:49 [GET] ::1 /v1/admin/checkauth 200 2.167392ms
2025/03/23 21:15:31 [GET] ::1 /v1/admin/checkauth 200 146.590481ms
2025/03/23 21:15:36 [GET] ::1 /v1/checkstatus 200 715.366µs
2025/03/23 21:17:07 [GET] ::1 /v1/admin/checkauth 200 14.255729ms
2025/03/23 21:17:07 [GET] ::1 /v1/admin/checkauth 200 7.53919ms
2025/03/23 21:17:08 [GET] ::1 /v1/checkstatus 200 28.496µs
2025/03/23 21:19:04 [GET] ::1 /v1/admin/checkauth 200 21.803842ms
2025/03/23 21:19:04 [GET] ::1 /v1/admin/checkauth 200 4.325757ms
2025/03/23 21:19:04 [GET] ::1 /v1/checkstatus 200 39.384µs
2025/03/23 21:21:01 [GET] ::1 /v1/admin/checkauth 200 10.647881ms
2025/03/23 21:21:01 [GET] ::1 /v1/admin/checkauth 200 9.385714ms
2025/03/23 21:21:01 [GET] ::1 /v1/checkstatus 200 15.333µs
2025/03/23 21:24:06 [GET] ::1 /v1/admin/checkauth 200 8.554504ms
2025/03/23 21:24:10 [GET] ::1 /v1/checkstatus 200 18.833µs
2025/03/23 21:24:11 [GET] ::1 /v1/admin/checkauth 200 4.148732ms
2025/03/23 21:24:11 [GET] ::1 /v1/admin/checkauth 200 4.588093ms
2025/03/23 21:24:12 [GET] ::1 /v1/admin/checkauth 200 2.602722ms
2025/03/23 21:24:12 [GET] ::1 /v1/admin/checkauth 200 4.941358ms
2025/03/23 21:24:12 [GET] ::1 /v1/admin/images 200 14.283581ms
2025/03/23 21:24:12 [GET] ::1 /v1/admin/checkauth 200 3.986952ms
2025/03/23 21:24:12 [GET] ::1 /v1/admin/checkauth 200 6.512616ms
2025/03/23 21:24:12 [GET] ::1 /v1/admin/images 200 9.211632ms
2025/03/23 21:24:15 [GET] ::1 /v1/admin/checkauth 200 5.722386ms
2025/03/23 21:24:30 [GET] ::1 /v1/admin/checkauth 200 5.379123ms
2025/03/23 21:24:32 [GET] ::1 /v1/admin/checkauth 200 3.854355ms
2025/03/23 21:24:32 [GET] ::1 /v1/admin/pages/type/2 200 26.866432ms
2025/03/23 21:24:32 [GET] ::1 /v1/admin/checkauth 200 2.654496ms
2025/03/23 21:24:32 [GET] ::1 /v1/admin/pages/type/2 200 5.140789ms
2025/03/23 21:24:34 [GET] ::1 /v1/admin/checkauth 200 5.684192ms
2025/03/23 21:24:36 [GET] ::1 /v1/admin/checkauth 200 2.964465ms
2025/03/23 21:24:36 [GET] ::1 /v1/admin/pages/type/1 200 6.352795ms
2025/03/23 21:24:36 [GET] ::1 /v1/admin/checkauth 200 3.912597ms
2025/03/23 21:24:36 [GET] ::1 /v1/admin/pages/type/1 200 6.718321ms
2025/03/23 21:24:37 [GET] ::1 /v1/admin/checkauth 200 3.394386ms
2025/03/23 21:24:37 [GET] ::1 /v1/admin/pages/typenstatus/ 200 6.959442ms
2025/03/23 21:24:37 [GET] ::1 /v1/admin/checkauth 200 3.375957ms
2025/03/23 21:24:37 [GET] ::1 /v1/admin/users/1 200 7.740457ms
2025/03/23 21:24:37 [GET] ::1 /v1/admin/checkauth 200 2.207811ms
2025/03/23 21:24:37 [GET] ::1 /v1/admin/users/1 200 4.131675ms
2025/03/23 21:24:37 [GET] ::1 /v1/admin/checkauth 200 1.871186ms
2025/03/23 21:24:37 [GET] ::1 /v1/admin/users/1 200 4.554987ms
2025/03/23 21:24:37 [GET] ::1 /v1/admin/checkauth 200 2.195834ms
2025/03/23 21:24:37 [GET] ::1 /v1/admin/users/1 200 8.208641ms
2025/03/23 21:24:37 [GET] ::1 /v1/admin/checkauth 200 2.393804ms
2025/03/23 21:24:37 [GET] ::1 /v1/admin/users/1 200 4.764584ms
2025/03/23 21:24:37 [GET] ::1 /v1/admin/checkauth 200 2.528285ms
2025/03/23 21:24:38 [GET] ::1 /v1/admin/users/1 200 4.389085ms
2025/03/23 21:24:38 [GET] ::1 /v1/admin/checkauth 200 2.52074ms
2025/03/23 21:24:38 [GET] ::1 /v1/admin/pages/typenstatus/ 200 6.013621ms
2025/03/23 21:24:38 [GET] ::1 /v1/admin/checkauth 200 3.839208ms
2025/03/23 21:24:38 [GET] ::1 /v1/admin/pages/typenstatus/ 200 8.292832ms
2025/03/23 21:24:38 [GET] ::1 /v1/admin/checkauth 200 2.75007ms
2025/03/23 21:24:38 [GET] ::1 /v1/admin/pages/typenstatus/ 200 5.760464ms
2025/03/23 21:24:38 [GET] ::1 /v1/admin/checkauth 200 2.600697ms
2025/03/23 21:24:38 [GET] ::1 /v1/admin/pages/typenstatus/ 200 3.592647ms
2025/03/23 21:24:38 [GET] ::1 /v1/admin/checkauth 200 4.055108ms
2025/03/23 21:24:38 [GET] ::1 /v1/admin/pages/typenstatus/ 200 6.050031ms
2025/03/23 21:24:39 [GET] ::1 /v1/admin/checkauth 200 3.597215ms
2025/03/23 21:24:39 [GET] ::1 /v1/admin/pages/typenstatus/ 200 4.107399ms
2025/03/23 21:24:39 [GET] ::1 /v1/admin/checkauth 200 2.719361ms
2025/03/23 21:24:39 [GET] ::1 /v1/admin/pages/typenstatus/ 200 4.742623ms
2025/03/23 21:24:39 [GET] ::1 /v1/admin/checkauth 200 1.588126ms
2025/03/23 21:24:39 [GET] ::1 /v1/admin/pages/count/type/1 200 14.831479ms
2025/03/23 21:24:39 [GET] ::1 /v1/admin/checkauth 200 3.28771ms
2025/03/23 21:24:39 [GET] ::1 /v1/admin/pages/count/type/1 200 4.958674ms
2025/03/23 21:24:39 [GET] ::1 /v1/admin/checkauth 200 1.993253ms
2025/03/23 21:24:39 [GET] ::1 /v1/admin/pages/count/typenstatus/ 200 8.330284ms
2025/03/23 21:24:39 [GET] ::1 /v1/admin/checkauth 200 2.840789ms
2025/03/23 21:24:40 [GET] ::1 /v1/admin/pages/count/typenstatus/ 200 4.116221ms
2025/03/23 21:24:40 [GET] ::1 /v1/admin/checkauth 200 3.267322ms
2025/03/23 21:24:40 [GET] ::1 /v1/admin/pages/count/typenstatus/ 200 4.660087ms
2025/03/23 21:24:40 [GET] ::1 /v1/admin/checkauth 200 5.701702ms
2025/03/23 21:24:40 [GET] ::1 /v1/admin/pages/count/typenstatus/ 200 4.434117ms
2025/03/23 21:24:40 [GET] ::1 /v1/admin/checkauth 200 4.410735ms
2025/03/23 21:24:40 [GET] ::1 /v1/admin/pages/count/typenstatus/ 200 5.060222ms
2025/03/23 21:24:40 [GET] ::1 /v1/admin/checkauth 200 2.644192ms
2025/03/23 21:24:40 [GET] ::1 /v1/admin/pages/count/typenstatus/ 200 3.580207ms
2025/03/23 21:24:40 [GET] ::1 /v1/admin/checkauth 200 1.776798ms
2025/03/23 21:24:40 [GET] ::1 /v1/admin/pages/count/typenstatus/ 200 3.684615ms
2025/03/23 21:24:40 [GET] ::1 /v1/admin/checkauth 200 1.766178ms
2025/03/23 21:24:40 [GET] ::1 /v1/admin/pages/count/typenstatus/ 200 3.237751ms
2025/03/23 21:26:17 [GET] ::1 /v1/checkstatus 200 4.793543ms
2025/03/23 21:43:55 [GET] ::1 /v1/checkstatus 200 1.893686ms
2025/03/23 23:42:37 [GET] ::1 /v1/admin/checkauth 200 103.488981ms
2025/03/23 23:42:42 [GET] ::1 /v1/checkstatus 200 56.115µs
2025/03/23 23:42:43 [GET] ::1 /v1/admin/checkauth 200 9.459336ms
2025/03/23 23:42:44 [GET] ::1 /v1/admin/pages/type/1 200 24.945376ms
2025/03/23 23:42:44 [GET] ::1 /v1/admin/checkauth 200 2.875274ms
2025/03/23 23:42:44 [GET] ::1 /v1/admin/checkauth 200 4.09881ms
2025/03/23 23:42:44 [GET] ::1 /v1/admin/checkauth 200 2.631571ms
2025/03/23 23:42:44 [GET] ::1 /v1/admin/pages/typenstatus/ 200 5.528703ms
2025/03/23 23:42:44 [GET] ::1 /v1/admin/checkauth 200 3.241084ms
2025/03/23 23:42:44 [GET] ::1 /v1/admin/users/1 200 11.863549ms
2025/03/23 23:42:44 [GET] ::1 /v1/admin/checkauth 200 2.938645ms
2025/03/23 23:42:44 [GET] ::1 /v1/admin/users/1 200 4.507795ms
2025/03/23 23:42:45 [GET] ::1 /v1/admin/checkauth 200 4.409133ms
2025/03/23 23:42:45 [GET] ::1 /v1/admin/users/1 200 5.144792ms
2025/03/23 23:42:45 [GET] ::1 /v1/admin/checkauth 200 2.564918ms
2025/03/23 23:42:45 [GET] ::1 /v1/admin/users/1 200 3.858183ms
2025/03/23 23:42:45 [GET] ::1 /v1/admin/checkauth 200 3.455114ms
2025/03/23 23:42:45 [GET] ::1 /v1/admin/users/1 200 3.014786ms
2025/03/23 23:42:45 [GET] ::1 /v1/admin/checkauth 200 2.580017ms
2025/03/23 23:42:45 [GET] ::1 /v1/admin/users/1 200 4.804945ms
2025/03/23 23:42:45 [GET] ::1 /v1/admin/checkauth 200 2.172716ms
2025/03/23 23:42:45 [GET] ::1 /v1/admin/checkauth 200 2.665158ms
2025/03/23 23:42:45 [GET] ::1 /v1/admin/pages/type/1 200 4.32572ms
2025/03/23 23:42:45 [GET] ::1 /v1/admin/checkauth 200 4.421861ms
2025/03/23 23:42:46 [GET] ::1 /v1/admin/checkauth 200 2.642019ms
2025/03/23 23:42:46 [GET] ::1 /v1/admin/pages/type/1 200 12.231138ms
2025/03/23 23:42:46 [GET] ::1 /v1/admin/checkauth 200 1.957831ms
2025/03/23 23:42:46 [GET] ::1 /v1/admin/pages/typenstatus/ 200 6.263024ms
2025/03/23 23:42:46 [GET] ::1 /v1/admin/checkauth 200 4.40044ms
2025/03/23 23:42:46 [GET] ::1 /v1/admin/pages/typenstatus/ 200 6.40111ms
2025/03/23 23:42:46 [GET] ::1 /v1/admin/checkauth 200 2.464713ms
2025/03/23 23:42:46 [GET] ::1 /v1/admin/users/1 200 4.253761ms
2025/03/23 23:42:46 [GET] ::1 /v1/admin/checkauth 200 2.892549ms
2025/03/23 23:42:46 [GET] ::1 /v1/admin/users/1 200 8.832568ms
2025/03/23 23:42:46 [GET] ::1 /v1/admin/checkauth 200 2.717126ms
2025/03/23 23:42:46 [GET] ::1 /v1/admin/users/1 200 3.1437ms
2025/03/23 23:42:47 [GET] ::1 /v1/admin/checkauth 200 3.951256ms
2025/03/23 23:42:47 [GET] ::1 /v1/admin/users/1 200 6.171404ms
2025/03/23 23:42:47 [GET] ::1 /v1/admin/checkauth 200 1.983692ms
2025/03/23 23:42:47 [GET] ::1 /v1/admin/users/1 200 5.432226ms
2025/03/23 23:42:47 [GET] ::1 /v1/admin/checkauth 200 1.83455ms
2025/03/23 23:42:47 [GET] ::1 /v1/admin/users/1 200 3.445745ms
2025/03/23 23:42:47 [GET] ::1 /v1/admin/checkauth 200 4.115244ms
2025/03/23 23:42:47 [GET] ::1 /v1/admin/pages/typenstatus/ 200 8.485838ms
2025/03/23 23:42:47 [GET] ::1 /v1/admin/checkauth 200 4.409596ms
2025/03/23 23:42:47 [GET] ::1 /v1/admin/pages/typenstatus/ 200 9.005766ms
2025/03/23 23:42:47 [GET] ::1 /v1/admin/checkauth 200 2.470245ms
2025/03/23 23:42:47 [GET] ::1 /v1/admin/pages/typenstatus/ 200 3.160348ms
2025/03/23 23:42:47 [GET] ::1 /v1/admin/checkauth 200 2.739623ms
2025/03/23 23:42:47 [GET] ::1 /v1/admin/pages/typenstatus/ 200 4.674724ms
2025/03/23 23:42:48 [GET] ::1 /v1/admin/checkauth 200 2.502619ms
2025/03/23 23:42:48 [GET] ::1 /v1/admin/pages/typenstatus/ 200 5.282054ms
2025/03/23 23:42:48 [GET] ::1 /v1/admin/checkauth 200 2.388281ms
2025/03/23 23:42:48 [GET] ::1 /v1/admin/pages/typenstatus/ 200 6.025854ms
2025/03/23 23:42:48 [GET] ::1 /v1/admin/checkauth 200 4.792948ms
2025/03/23 23:42:48 [GET] ::1 /v1/admin/pages/typenstatus/ 200 5.556342ms
2025/03/23 23:42:48 [GET] ::1 /v1/admin/checkauth 200 1.836726ms
2025/03/23 23:42:48 [GET] ::1 /v1/admin/pages/count/type/1 200 7.433076ms
2025/03/23 23:42:48 [GET] ::1 /v1/admin/checkauth 200 1.884576ms
2025/03/23 23:42:48 [GET] ::1 /v1/admin/pages/typenstatus/ 200 5.15515ms
2025/03/23 23:42:48 [GET] ::1 /v1/admin/checkauth 200 4.190901ms
2025/03/23 23:42:48 [GET] ::1 /v1/admin/pages/typenstatus/ 200 10.986241ms
2025/03/23 23:42:49 [GET] ::1 /v1/admin/checkauth 200 1.613087ms
2025/03/23 23:42:49 [GET] ::1 /v1/admin/pages/count/typenstatus/ 200 4.417458ms
2025/03/23 23:42:49 [GET] ::1 /v1/admin/checkauth 200 2.847687ms
2025/03/23 23:42:49 [GET] ::1 /v1/admin/pages/count/type/1 200 3.761267ms
2025/03/23 23:42:49 [GET] ::1 /v1/admin/checkauth 200 4.103125ms
2025/03/23 23:42:49 [GET] ::1 /v1/admin/pages/count/type/1 200 3.409045ms
2025/03/23 23:42:49 [GET] ::1 /v1/admin/checkauth 200 2.687328ms
2025/03/23 23:42:49 [GET] ::1 /v1/admin/pages/count/typenstatus/ 200 5.978529ms
2025/03/23 23:42:49 [GET] ::1 /v1/admin/checkauth 200 1.627032ms
2025/03/23 23:42:49 [GET] ::1 /v1/admin/pages/count/typenstatus/ 200 3.289079ms
2025/03/23 23:42:49 [GET] ::1 /v1/admin/checkauth 200 3.768593ms
2025/03/23 23:42:49 [GET] ::1 /v1/admin/pages/count/typenstatus/ 200 3.396088ms
2025/03/23 23:42:49 [GET] ::1 /v1/admin/checkauth 200 2.127205ms
2025/03/23 23:42:49 [GET] ::1 /v1/admin/pages/count/typenstatus/ 200 6.244271ms
2025/03/23 23:42:49 [GET] ::1 /v1/admin/checkauth 200 1.589835ms
2025/03/23 23:42:50 [GET] ::1 /v1/admin/pages/count/typenstatus/ 200 4.099529ms
2025/03/23 23:42:50 [GET] ::1 /v1/admin/checkauth 200 4.102656ms
2025/03/23 23:42:50 [GET] ::1 /v1/admin/pages/count/typenstatus/ 200 2.962924ms
2025/03/23 23:42:50 [GET] ::1 /v1/admin/checkauth 200 1.951828ms
2025/03/23 23:42:50 [GET] ::1 /v1/admin/pages/count/typenstatus/ 200 4.832804ms
2025/03/23 23:42:50 [GET] ::1 /v1/admin/checkauth 200 1.389043ms
2025/03/23 23:42:50 [GET] ::1 /v1/admin/pages/count/typenstatus/ 200 4.568426ms
2025/03/23 23:42:50 [GET] ::1 /v1/admin/checkauth 200 4.425327ms
2025/03/23 23:42:50 [GET] ::1 /v1/admin/pages/count/typenstatus/ 200 4.936874ms
2025/03/23 23:42:50 [GET] ::1 /v1/admin/checkauth 200 1.730017ms
2025/03/23 23:42:50 [GET] ::1 /v1/admin/pages/count/typenstatus/ 200 2.9866ms
2025/03/23 23:42:50 [GET] ::1 /v1/admin/checkauth 200 2.614063ms
2025/03/23 23:42:50 [GET] ::1 /v1/admin/pages/count/typenstatus/ 200 4.401994ms
2025/03/23 23:42:54 [GET] ::1 /v1/admin/checkauth 200 5.250678ms
2025/03/23 23:42:56 [GET] ::1 /v1/admin/checkauth 200 3.945097ms
2025/03/23 23:42:56 [GET] ::1 /v1/admin/images 200 9.12876ms
2025/03/23 23:42:56 [GET] ::1 /v1/admin/checkauth 200 2.089819ms
2025/03/23 23:42:56 [GET] ::1 /v1/admin/images 200 9.772808ms
2025/03/23 23:46:15 [GET] ::1 /v1/admin/checkauth 200 32.215697ms
2025/03/23 23:46:15 [PUT] ::1 /v1/admin/images/24 200 56.56738ms
2025/03/23 23:46:15 [GET] ::1 /v1/admin/checkauth 200 2.209696ms
2025/03/23 23:46:16 [GET] ::1 /v1/admin/images 200 6.534532ms
2025/03/23 23:46:25 [GET] ::1 /v1/admin/checkauth 200 3.380186ms
2025/03/23 23:46:26 [GET] ::1 /v1/admin/checkauth 200 4.440305ms
2025/03/23 23:46:26 [DELETE] ::1 /v1/admin/images/34 200 9.334247ms
2025/03/23 23:46:26 [GET] ::1 /v1/admin/checkauth 200 3.428225ms
2025/03/23 23:46:26 [GET] ::1 /v1/admin/images 200 4.160454ms
2025/03/23 23:48:12 [GET] ::1 /v1/checkstatus 200 1.583877ms
2025/03/23 23:48:19 [GET] ::1 /v1/admin/checkauth 200 31.793182ms
2025/03/23 23:48:19 [GET] ::1 /v1/admin/checkauth 200 3.980356ms
2025/03/23 23:48:19 [GET] ::1 /v1/admin/checkauth 200 3.608353ms
2025/03/23 23:48:19 [GET] ::1 /v1/admin/checkauth 200 3.572756ms
2025/03/23 23:48:20 [GET] ::1 /v1/admin/checkauth 200 3.381096ms
2025/03/23 23:48:20 [GET] ::1 /v1/admin/checkauth 200 3.986302ms
2025/03/23 23:48:20 [GET] ::1 /v1/admin/checkauth 200 3.179736ms
2025/03/23 23:48:20 [GET] ::1 /v1/admin/checkauth 200 3.251721ms
2025/03/23 23:48:20 [GET] ::1 /v1/admin/checkauth 200 4.605778ms
2025/03/23 23:48:20 [GET] ::1 /v1/admin/checkauth 200 3.361816ms
2025/03/23 23:48:20 [GET] ::1 /v1/admin/checkauth 200 2.623393ms
2025/03/23 23:48:20 [GET] ::1 /v1/admin/checkauth 200 2.881569ms
2025/03/23 23:48:20 [GET] ::1 /v1/admin/checkauth 200 6.922327ms
2025/03/23 23:48:20 [GET] ::1 /v1/admin/checkauth 200 3.759217ms
2025/03/23 23:48:22 [GET] ::1 /v1/admin/checkauth 200 2.390938ms
2025/03/23 23:48:22 [GET] ::1 /v1/admin/images 200 11.256406ms
2025/03/23 23:48:31 [GET] ::1 /v1/admin/checkauth 200 3.31911ms
2025/03/23 23:48:31 [GET] ::1 /v1/admin/checkauth 200 5.207114ms
2025/03/23 23:48:31 [GET] ::1 /v1/admin/pages/type/1 200 24.338275ms
2025/03/23 23:48:31 [GET] ::1 /v1/admin/checkauth 200 4.913255ms
2025/03/23 23:48:31 [GET] ::1 /v1/admin/pages/typenstatus/ 200 7.956625ms
2025/03/23 23:48:31 [GET] ::1 /v1/admin/checkauth 200 4.530833ms
2025/03/23 23:48:31 [GET] ::1 /v1/admin/checkauth 200 5.639378ms
2025/03/23 23:48:31 [GET] ::1 /v1/admin/checkauth 200 7.243893ms
2025/03/23 23:48:31 [GET] ::1 /v1/admin/checkauth 200 3.237526ms
2025/03/23 23:48:31 [GET] ::1 /v1/admin/users/1 200 7.451317ms
2025/03/23 23:48:31 [GET] ::1 /v1/admin/checkauth 200 4.222665ms
2025/03/23 23:48:31 [GET] ::1 /v1/admin/users/1 200 3.011372ms
2025/03/23 23:48:31 [GET] ::1 /v1/admin/checkauth 200 1.781596ms
2025/03/23 23:48:31 [GET] ::1 /v1/admin/users/1 200 4.938246ms
2025/03/23 23:48:31 [GET] ::1 /v1/admin/checkauth 200 4.069012ms
2025/03/23 23:48:31 [GET] ::1 /v1/admin/pages/typenstatus/ 200 4.659054ms
2025/03/23 23:48:31 [GET] ::1 /v1/admin/checkauth 200 2.290718ms
2025/03/23 23:48:31 [GET] ::1 /v1/admin/pages/typenstatus/ 200 6.279286ms
2025/03/23 23:48:31 [GET] ::1 /v1/admin/checkauth 200 1.823537ms
2025/03/23 23:48:31 [GET] ::1 /v1/admin/pages/typenstatus/ 200 5.328588ms
2025/03/23 23:48:31 [GET] ::1 /v1/admin/checkauth 200 4.956612ms
2025/03/23 23:48:31 [GET] ::1 /v1/admin/pages/count/type/1 200 8.964446ms
2025/03/23 23:48:31 [GET] ::1 /v1/admin/checkauth 200 2.491578ms
2025/03/23 23:48:31 [GET] ::1 /v1/admin/pages/count/typenstatus/ 200 12.373595ms
2025/03/23 23:48:31 [GET] ::1 /v1/admin/checkauth 200 2.191078ms
2025/03/23 23:48:31 [GET] ::1 /v1/admin/pages/count/typenstatus/ 200 5.231643ms
2025/03/23 23:48:31 [GET] ::1 /v1/admin/checkauth 200 5.076693ms
2025/03/23 23:48:31 [GET] ::1 /v1/admin/pages/count/typenstatus/ 200 9.075706ms
2025/03/23 23:48:31 [GET] ::1 /v1/admin/checkauth 200 3.826917ms
2025/03/23 23:48:31 [GET] ::1 /v1/admin/pages/count/typenstatus/ 200 3.662497ms
2025/03/23 23:48:35 [GET] ::1 /v1/admin/checkauth 200 1.609394ms
2025/03/23 23:48:35 [GET] ::1 /v1/admin/pages/id/1 200 4.465847ms
2025/03/23 23:48:37 [GET] ::1 /v1/admin/checkauth 200 3.234677ms
2025/03/23 23:48:37 [GET] ::1 /v1/admin/categories/type/1 200 9.963812ms
2025/03/23 23:48:37 [GET] ::1 /v1/admin/checkauth 200 3.048719ms
2025/03/23 23:48:37 [GET] ::1 /v1/image/27 200 3.659336ms
2025/03/23 23:48:37 [GET] ::1 /v1/admin/checkauth 200 2.355409ms
2025/03/23 23:48:37 [GET] ::1 /v1/admin/tags/type/1 200 9.479818ms
2025/03/23 23:48:37 [GET] ::1 /v1/admin/checkauth 200 2.286096ms
2025/03/23 23:48:37 [GET] ::1 /v1/admin/pagecategories/page/1 200 12.885549ms
2025/03/23 23:48:37 [GET] ::1 /v1/admin/checkauth 200 3.122819ms
2025/03/23 23:48:37 [GET] ::1 /v1/admin/pagetags/page/1 200 18.390013ms
2025/03/23 23:48:37 [GET] ::1 /v1/admin/checkauth 200 2.859392ms
2025/03/23 23:48:41 [GET] ::1 /v1/admin/checkauth 200 5.413189ms
2025/03/23 23:48:42 [GET] ::1 /v1/admin/checkauth 200 2.35133ms
2025/03/23 23:48:42 [GET] ::1 /v1/admin/categories/type/1 200 5.957294ms
2025/03/23 23:48:42 [GET] ::1 /v1/admin/checkauth 200 3.517417ms
2025/03/23 23:48:42 [GET] ::1 /v1/admin/tags/type/1 200 6.393449ms
2025/03/23 23:48:42 [GET] ::1 /v1/admin/checkauth 200 2.672386ms
2025/03/23 23:48:54 [GET] ::1 /v1/admin/checkauth 200 2.919455ms
2025/03/23 23:48:54 [GET] ::1 /v1/admin/pages/type/1 200 3.006019ms
2025/03/23 23:48:54 [GET] ::1 /v1/admin/checkauth 200 2.628934ms
2025/03/23 23:48:54 [GET] ::1 /v1/admin/pages/typenstatus/ 200 5.684197ms
2025/03/23 23:48:54 [GET] ::1 /v1/admin/checkauth 200 2.591001ms
2025/03/23 23:48:54 [GET] ::1 /v1/admin/users/1 200 3.242116ms
2025/03/23 23:48:54 [GET] ::1 /v1/admin/checkauth 200 2.527832ms
2025/03/23 23:48:54 [GET] ::1 /v1/admin/users/1 200 2.650819ms
2025/03/23 23:48:54 [GET] ::1 /v1/admin/checkauth 200 1.841305ms
2025/03/23 23:48:54 [GET] ::1 /v1/admin/users/1 200 3.558384ms
2025/03/23 23:48:54 [GET] ::1 /v1/admin/checkauth 200 1.997937ms
2025/03/23 23:48:54 [GET] ::1 /v1/admin/pages/typenstatus/ 200 3.066458ms
2025/03/23 23:48:54 [GET] ::1 /v1/admin/checkauth 200 1.7209ms
2025/03/23 23:48:54 [GET] ::1 /v1/admin/pages/typenstatus/ 200 3.068586ms
2025/03/23 23:48:54 [GET] ::1 /v1/admin/checkauth 200 1.726864ms
2025/03/23 23:48:54 [GET] ::1 /v1/admin/pages/typenstatus/ 200 3.518993ms
2025/03/23 23:48:54 [GET] ::1 /v1/admin/checkauth 200 1.494377ms
2025/03/23 23:48:54 [GET] ::1 /v1/admin/pages/count/type/1 200 3.575996ms
2025/03/23 23:48:54 [GET] ::1 /v1/admin/checkauth 200 2.349191ms
2025/03/23 23:48:54 [GET] ::1 /v1/admin/pages/count/typenstatus/ 200 3.376042ms
2025/03/23 23:48:54 [GET] ::1 /v1/admin/checkauth 200 2.340153ms
2025/03/23 23:48:54 [GET] ::1 /v1/admin/pages/count/typenstatus/ 200 2.977429ms
2025/03/23 23:48:54 [GET] ::1 /v1/admin/checkauth 200 1.545566ms
2025/03/23 23:48:54 [GET] ::1 /v1/admin/pages/count/typenstatus/ 200 2.704655ms
2025/03/23 23:48:54 [GET] ::1 /v1/admin/checkauth 200 2.63045ms
2025/03/23 23:48:54 [GET] ::1 /v1/admin/pages/count/typenstatus/ 200 2.764798ms
2025/03/23 23:49:05 [GET] ::1 /v1/admin/checkauth 200 1.596154ms
2025/03/23 23:49:05 [GET] ::1 /v1/admin/pages/id/3 200 5.667158ms
2025/03/23 23:49:05 [GET] ::1 /v1/admin/checkauth 200 1.588914ms
2025/03/23 23:49:05 [GET] ::1 /v1/admin/categories/type/1 200 2.788426ms
2025/03/23 23:49:05 [GET] ::1 /v1/admin/checkauth 200 2.696752ms
2025/03/23 23:49:05 [GET] ::1 /v1/image/22 200 1.21142ms
2025/03/23 23:49:05 [GET] ::1 /v1/admin/checkauth 200 1.905128ms
2025/03/23 23:49:05 [GET] ::1 /v1/admin/tags/type/1 200 5.476574ms
2025/03/23 23:49:05 [GET] ::1 /v1/admin/checkauth 200 1.592761ms
2025/03/23 23:49:05 [GET] ::1 /v1/admin/pagecategories/page/3 200 3.659268ms
2025/03/23 23:49:05 [GET] ::1 /v1/admin/checkauth 200 3.211607ms
2025/03/23 23:49:05 [GET] ::1 /v1/admin/pagetags/page/3 200 7.834027ms
2025/03/23 23:49:05 [GET] ::1 /v1/admin/checkauth 200 2.071988ms
2025/03/23 23:49:39 [GET] ::1 /v1/admin/checkauth 200 8.75449ms
2025/03/23 23:49:39 [GET] ::1 /v1/admin/pages/type/1 200 24.290876ms
2025/03/23 23:49:39 [GET] ::1 /v1/admin/checkauth 200 3.874814ms
2025/03/23 23:49:39 [GET] ::1 /v1/admin/pages/typenstatus/ 200 5.215205ms
2025/03/23 23:49:39 [GET] ::1 /v1/admin/checkauth 200 3.53166ms
2025/03/23 23:49:39 [GET] ::1 /v1/admin/users/1 200 8.973738ms
2025/03/23 23:49:39 [GET] ::1 /v1/admin/checkauth 200 2.775006ms
2025/03/23 23:49:39 [GET] ::1 /v1/admin/users/1 200 4.311403ms
2025/03/23 23:49:39 [GET] ::1 /v1/admin/checkauth 200 3.456206ms
2025/03/23 23:49:39 [GET] ::1 /v1/admin/users/1 200 4.566441ms
2025/03/23 23:49:39 [GET] ::1 /v1/admin/checkauth 200 2.901171ms
2025/03/23 23:49:39 [GET] ::1 /v1/admin/pages/typenstatus/ 200 3.895922ms
2025/03/23 23:49:39 [GET] ::1 /v1/admin/checkauth 200 1.96256ms
2025/03/23 23:49:39 [GET] ::1 /v1/admin/pages/typenstatus/ 200 3.450133ms
2025/03/23 23:49:39 [GET] ::1 /v1/admin/checkauth 200 2.463693ms
2025/03/23 23:49:39 [GET] ::1 /v1/admin/pages/typenstatus/ 200 3.493818ms
2025/03/23 23:49:39 [GET] ::1 /v1/admin/checkauth 200 2.42545ms
2025/03/23 23:49:39 [GET] ::1 /v1/admin/pages/count/type/1 200 2.918573ms
2025/03/23 23:49:39 [GET] ::1 /v1/admin/checkauth 200 3.030773ms
2025/03/23 23:49:39 [GET] ::1 /v1/admin/pages/count/typenstatus/ 200 2.717285ms
2025/03/23 23:49:39 [GET] ::1 /v1/admin/checkauth 200 3.047065ms
2025/03/23 23:49:39 [GET] ::1 /v1/admin/pages/count/typenstatus/ 200 3.129906ms
2025/03/23 23:49:39 [GET] ::1 /v1/admin/checkauth 200 1.811884ms
2025/03/23 23:49:39 [GET] ::1 /v1/admin/pages/count/typenstatus/ 200 5.694951ms
2025/03/23 23:49:39 [GET] ::1 /v1/admin/checkauth 200 2.056645ms
2025/03/23 23:49:39 [GET] ::1 /v1/admin/pages/count/typenstatus/ 200 2.861928ms
2025/03/23 23:49:41 [GET] ::1 /v1/admin/checkauth 200 2.35178ms
2025/03/23 23:49:41 [GET] ::1 /v1/admin/pages/id/1 200 5.260391ms
2025/03/23 23:49:42 [GET] ::1 /v1/admin/checkauth 200 1.513076ms
2025/03/23 23:49:42 [GET] ::1 /v1/admin/categories/type/1 200 3.658727ms
2025/03/23 23:49:42 [GET] ::1 /v1/admin/checkauth 200 1.992322ms
2025/03/23 23:49:42 [GET] ::1 /v1/image/27 200 3.551799ms
2025/03/23 23:49:42 [GET] ::1 /v1/admin/checkauth 200 2.186762ms
2025/03/23 23:49:42 [GET] ::1 /v1/admin/tags/type/1 200 7.628ms
2025/03/23 23:49:42 [GET] ::1 /v1/admin/checkauth 200 2.218271ms
2025/03/23 23:49:42 [GET] ::1 /v1/admin/pagecategories/page/1 200 9.337718ms
2025/03/23 23:49:42 [GET] ::1 /v1/admin/checkauth 200 3.29262ms
2025/03/23 23:49:42 [GET] ::1 /v1/admin/pagetags/page/1 200 7.123839ms
2025/03/23 23:49:42 [GET] ::1 /v1/admin/checkauth 200 2.353313ms
2025/03/23 23:50:14 [GET] ::1 /v1/admin/checkauth 200 2.331255ms
2025/03/23 23:50:14 [GET] ::1 /v1/admin/images 200 5.586615ms
2025/03/23 23:50:34 [GET] ::1 /v1/admin/checkauth 200 1.948696ms
2025/03/23 23:50:34 [GET] ::1 /v1/admin/images 200 4.65791ms
2025/03/23 23:50:45 [GET] ::1 /v1/admin/checkauth 200 6.516735ms
2025/03/23 23:50:45 [GET] ::1 /v1/image/24 200 2.64246ms
2025/03/23 23:50:51 [GET] ::1 /v1/admin/checkauth 200 5.33396ms
2025/03/23 23:50:51 [GET] ::1 /v1/admin/images 200 8.237033ms
2025/03/23 23:50:55 [GET] ::1 /v1/admin/checkauth 200 4.008036ms
2025/03/23 23:50:55 [GET] ::1 /v1/image/23 200 1.391807ms
2025/03/23 23:53:42 [GET] ::1 /v1/admin/checkauth 200 11.250528ms
2025/03/23 23:53:42 [GET] ::1 /v1/admin/checkauth 200 1.805905ms
2025/03/23 23:53:44 [GET] ::1 /v1/admin/checkauth 200 2.536493ms
2025/03/23 23:53:44 [GET] ::1 /v1/admin/categories/type/1 200 7.90127ms
2025/03/23 23:53:44 [GET] ::1 /v1/admin/checkauth 200 2.478688ms
2025/03/23 23:53:44 [GET] ::1 /v1/admin/tags/type/1 200 6.215125ms
2025/03/23 23:53:44 [GET] ::1 /v1/admin/checkauth 200 2.246795ms
2025/03/23 23:59:52 [GET] ::1 /v1/admin/checkauth 200 6.373449ms
