2025/03/22 09:45:18 [GET] ::1 /v1/checkstatus 200 44.699µs
2025/03/22 09:45:39 [POST] ::1 /v1/admin/token/refresh 200 80.448105ms
2025/03/22 09:45:49 [GET] ::1 /v1/admin/checkauth 200 5.309046ms
2025/03/22 09:45:50 [GET] ::1 /v1/checkstatus 200 27.103µs
2025/03/22 09:46:24 [GET] ::1 /v1/admin/checkauth 200 6.556127ms
2025/03/22 09:46:47 [GET] ::1 /v1/admin/checkauth 200 2.058155ms
2025/03/22 09:46:47 [GET] ::1 /v1/checkstatus 200 19.108µs
2025/03/22 09:47:26 [GET] ::1 /v1/checkstatus 200 49.586µs
2025/03/22 09:47:32 [GET] ::1 /v1/checkstatus 200 50.007µs
2025/03/22 09:50:37 [GET] ::1 /v1/checkstatus 200 13.18236ms
2025/03/22 09:50:46 [POST] ::1 /v1/admin/login 200 260.360238ms
2025/03/22 09:50:50 [POST] ::1 /v1/admin/login 200 97.251462ms
2025/03/22 09:50:50 [GET] ::1 /v1/checkstatus 200 42.874µs
2025/03/22 09:50:50 [GET] ::1 /v1/admin/checkauth 200 5.102719ms
2025/03/22 09:50:50 [GET] ::1 /v1/admin/checkauth 200 2.851219ms
2025/03/22 09:50:50 [GET] ::1 /v1/checkstatus 200 49.057µs
2025/03/22 09:50:50 [GET] ::1 /v1/admin/checkauth 200 1.953598ms
2025/03/22 09:50:50 [GET] ::1 /v1/checkstatus 200 15.33µs
2025/03/22 09:50:54 [GET] ::1 /v1/admin/checkauth 200 2.392708ms
2025/03/22 09:50:54 [GET] ::1 /v1/checkstatus 200 16.947µs
2025/03/22 09:53:33 [GET] ::1 /v1/admin/checkauth 200 8.158592ms
2025/03/22 09:53:33 [GET] ::1 /v1/admin/checkauth 200 3.908785ms
2025/03/22 09:53:33 [GET] ::1 /v1/admin/checkauth 200 4.854124ms
2025/03/22 09:56:31 [GET] ::1 /v1/admin/checkauth 200 8.113868ms
2025/03/22 09:56:31 [GET] ::1 /v1/admin/checkauth 200 2.841606ms
2025/03/22 09:56:47 [GET] ::1 /v1/admin/checkauth 200 2.768558ms
2025/03/22 09:56:47 [GET] ::1 /v1/admin/checkauth 200 2.949388ms
2025/03/22 09:57:27 [GET] ::1 /v1/admin/checkauth 200 3.609954ms
2025/03/22 09:57:28 [GET] ::1 /v1/admin/checkauth 200 4.406424ms
2025/03/22 09:58:22 [GET] ::1 /v1/admin/checkauth 200 12.933363ms
2025/03/22 09:58:22 [GET] ::1 /v1/admin/checkauth 200 2.218481ms
2025/03/22 10:00:55 [GET] ::1 /v1/admin/checkauth 200 6.071995ms
2025/03/22 10:00:57 [GET] ::1 /v1/admin/checkauth 200 2.560949ms
2025/03/22 10:09:11 [GET] ::1 /v1/admin/checkauth 200 11.506944ms
2025/03/22 10:09:12 [GET] ::1 /v1/admin/checkauth 200 6.664331ms
2025/03/22 10:09:21 [GET] ::1 /v1/admin/checkauth 200 2.917634ms
2025/03/22 10:09:21 [GET] ::1 /v1/checkstatus 200 840.234µs
2025/03/22 10:09:21 [GET] ::1 /v1/admin/checkauth 200 5.562179ms
2025/03/22 10:18:29 [GET] ::1 /v1/admin/checkauth 200 5.441885ms
2025/03/22 10:18:29 [GET] ::1 /v1/admin/checkauth 200 7.880985ms
2025/03/22 10:19:21 [GET] ::1 /v1/admin/checkauth 200 53.133428ms
2025/03/22 10:19:22 [GET] ::1 /v1/admin/checkauth 200 2.253992ms
2025/03/22 10:21:35 [GET] ::1 /v1/checkstatus 200 995.519µs
2025/03/22 10:21:39 [POST] ::1 /v1/admin/login 200 184.92898ms
2025/03/22 10:21:39 [GET] ::1 /v1/checkstatus 200 15.72µs
2025/03/22 10:21:39 [GET] ::1 /v1/admin/checkauth 200 4.23821ms
2025/03/22 10:21:39 [GET] ::1 /v1/admin/checkauth 200 3.074921ms
2025/03/22 10:21:39 [GET] ::1 /v1/admin/checkauth 200 5.749007ms
2025/03/22 10:21:39 [GET] ::1 /v1/checkstatus 200 32.947µs
2025/03/22 10:21:39 [GET] ::1 /v1/admin/checkauth 200 2.692389ms
2025/03/22 10:26:02 [GET] ::1 /v1/admin/checkauth 200 10.146692ms
2025/03/22 10:26:03 [GET] ::1 /v1/admin/checkauth 200 2.680267ms
2025/03/22 10:26:03 [GET] ::1 /v1/admin/checkauth 200 2.402279ms
2025/03/22 10:26:03 [GET] ::1 /v1/admin/checkauth 200 3.446128ms
2025/03/22 10:26:03 [GET] ::1 /v1/checkstatus 200 21.515µs
2025/03/22 10:26:03 [GET] ::1 /v1/admin/checkauth 200 5.292213ms
2025/03/22 10:26:03 [GET] ::1 /v1/admin/checkauth 200 4.111509ms
2025/03/22 10:26:04 [GET] ::1 /v1/checkstatus 200 15.707µs
2025/03/22 10:26:04 [GET] ::1 /v1/admin/checkauth 200 2.909069ms
2025/03/22 10:33:58 [GET] ::1 /v1/admin/checkauth 200 9.89071ms
2025/03/22 10:33:58 [GET] ::1 /v1/admin/checkauth 200 6.266341ms
2025/03/22 10:33:59 [GET] ::1 /v1/admin/checkauth 200 3.515505ms
2025/03/22 10:33:59 [GET] ::1 /v1/admin/checkauth 200 3.635262ms
2025/03/22 10:33:59 [GET] ::1 /v1/checkstatus 200 20.144µs
2025/03/22 10:33:59 [GET] ::1 /v1/admin/checkauth 200 2.498649ms
2025/03/22 10:34:17 [GET] ::1 /v1/admin/checkauth 200 2.589285ms
2025/03/22 10:34:18 [GET] ::1 /v1/checkstatus 200 16.826µs
2025/03/22 10:34:18 [GET] ::1 /v1/admin/checkauth 200 2.836291ms
2025/03/22 10:36:21 [GET] ::1 /v1/admin/checkauth 200 6.363067ms
2025/03/22 10:36:21 [GET] ::1 /v1/admin/checkauth 200 3.92566ms
2025/03/22 10:36:25 [GET] ::1 /v1/admin/checkauth 200 2.744163ms
2025/03/22 10:36:25 [GET] ::1 /v1/checkstatus 200 18.348µs
2025/03/22 10:36:25 [GET] ::1 /v1/admin/checkauth 200 3.721971ms
2025/03/22 10:38:45 [GET] ::1 /v1/admin/checkauth 200 5.403214ms
2025/03/22 10:38:46 [GET] ::1 /v1/admin/checkauth 200 2.83836ms
2025/03/22 10:41:06 [GET] ::1 /v1/admin/checkauth 200 6.926899ms
2025/03/22 10:41:06 [GET] ::1 /v1/admin/checkauth 200 5.15609ms
2025/03/22 10:41:06 [GET] ::1 /v1/admin/checkauth 200 4.295621ms
2025/03/22 10:41:06 [GET] ::1 /v1/checkstatus 200 16.515µs
2025/03/22 10:41:06 [GET] ::1 /v1/admin/checkauth 200 4.604576ms
2025/03/22 10:42:59 [GET] ::1 /v1/admin/checkauth 200 14.07211ms
2025/03/22 10:42:59 [GET] ::1 /v1/admin/checkauth 200 3.601301ms
2025/03/22 10:42:59 [GET] ::1 /v1/admin/checkauth 200 7.298931ms
2025/03/22 10:43:00 [GET] ::1 /v1/checkstatus 200 16.906µs
2025/03/22 10:43:00 [GET] ::1 /v1/admin/checkauth 200 2.537237ms
2025/03/22 10:45:18 [GET] ::1 /v1/admin/checkauth 200 5.881359ms
2025/03/22 10:45:19 [GET] ::1 /v1/admin/checkauth 200 3.104046ms
2025/03/22 10:45:19 [GET] ::1 /v1/admin/checkauth 200 2.217909ms
2025/03/22 10:45:19 [GET] ::1 /v1/admin/checkauth 200 9.510271ms
2025/03/22 10:45:20 [GET] ::1 /v1/admin/checkauth 200 3.808809ms
2025/03/22 10:45:44 [GET] ::1 /v1/admin/checkauth 200 3.864547ms
2025/03/22 10:45:44 [GET] ::1 /v1/admin/checkauth 200 3.053894ms
2025/03/22 10:45:44 [GET] ::1 /v1/checkstatus 200 17.843µs
2025/03/22 10:45:46 [GET] ::1 /v1/admin/checkauth 200 3.077359ms
2025/03/22 10:45:46 [GET] ::1 /v1/checkstatus 200 17.224µs
2025/03/22 10:45:46 [GET] ::1 /v1/admin/checkauth 200 2.647659ms
2025/03/22 11:00:38 [GET] ::1 /v1/admin/checkauth 200 6.090461ms
2025/03/22 11:00:38 [GET] ::1 /v1/admin/checkauth 200 3.975174ms
2025/03/22 11:00:38 [GET] ::1 /v1/checkstatus 200 63.969µs
2025/03/22 11:00:40 [GET] ::1 /v1/admin/checkauth 200 3.717609ms
2025/03/22 11:00:40 [GET] ::1 /v1/checkstatus 200 19.728µs
2025/03/22 11:00:40 [GET] ::1 /v1/admin/checkauth 200 2.923055ms
2025/03/22 11:03:31 [GET] ::1 /v1/admin/checkauth 200 6.509751ms
2025/03/22 11:03:31 [GET] ::1 /v1/checkstatus 200 18.223µs
2025/03/22 11:03:31 [GET] ::1 /v1/admin/checkauth 200 3.353077ms
2025/03/22 11:04:04 [GET] ::1 /v1/admin/checkauth 200 2.687079ms
2025/03/22 11:04:05 [GET] ::1 /v1/checkstatus 200 16.113µs
2025/03/22 11:04:05 [GET] ::1 /v1/admin/checkauth 200 5.07908ms
2025/03/22 11:04:31 [GET] ::1 /v1/admin/checkauth 200 1.811492ms
2025/03/22 11:04:31 [GET] ::1 /v1/checkstatus 200 15.619µs
2025/03/22 11:04:31 [GET] ::1 /v1/admin/checkauth 200 5.55004ms
2025/03/22 11:04:55 [GET] ::1 /v1/admin/checkauth 200 4.86956ms
2025/03/22 11:04:59 [GET] ::1 /v1/checkstatus 200 846.215µs
2025/03/22 11:04:59 [GET] ::1 /v1/admin/checkauth 200 2.09525ms
2025/03/22 11:06:00 [GET] ::1 /v1/admin/checkauth 200 11.534307ms
2025/03/22 11:06:00 [GET] ::1 /v1/checkstatus 200 18.574µs
2025/03/22 11:06:00 [GET] ::1 /v1/admin/checkauth 200 4.664929ms
2025/03/22 11:06:08 [GET] ::1 /v1/admin/checkauth 200 6.146053ms
2025/03/22 11:06:09 [GET] ::1 /v1/checkstatus 200 15.229µs
2025/03/22 11:06:09 [GET] ::1 /v1/admin/checkauth 200 10.531944ms
2025/03/22 11:07:06 [GET] ::1 /v1/admin/checkauth 200 4.742924ms
2025/03/22 11:07:06 [GET] ::1 /v1/checkstatus 200 699.266µs
2025/03/22 11:07:06 [GET] ::1 /v1/admin/checkauth 200 2.574429ms
2025/03/22 11:10:37 [GET] ::1 /v1/admin/checkauth 200 4.568062ms
2025/03/22 11:10:38 [GET] ::1 /v1/admin/checkauth 200 6.350427ms
2025/03/22 11:10:38 [GET] ::1 /v1/checkstatus 200 20.528µs
2025/03/22 11:10:40 [GET] ::1 /v1/admin/checkauth 200 6.07334ms
2025/03/22 11:10:40 [GET] ::1 /v1/checkstatus 200 17.792µs
2025/03/22 11:10:40 [GET] ::1 /v1/admin/checkauth 200 2.760644ms
2025/03/22 11:33:49 [GET] ::1 /v1/admin/checkauth 200 13.244339ms
2025/03/22 11:42:33 [GET] ::1 /v1/admin/checkauth 200 5.152187ms
2025/03/22 11:42:33 [GET] ::1 /v1/checkstatus 200 20.198µs
2025/03/22 11:42:33 [GET] ::1 /v1/admin/checkauth 200 3.106467ms
2025/03/22 11:42:39 [GET] ::1 /v1/admin/checkauth 200 2.958476ms
2025/03/22 11:42:39 [GET] ::1 /v1/checkstatus 200 16.985µs
2025/03/22 11:42:39 [GET] ::1 /v1/admin/checkauth 200 2.362469ms
2025/03/22 11:43:08 [GET] ::1 /v1/admin/checkauth 200 3.783941ms
2025/03/22 11:43:08 [GET] ::1 /v1/checkstatus 200 19.033µs
2025/03/22 11:43:08 [GET] ::1 /v1/admin/checkauth 200 2.506927ms
2025/03/22 11:44:00 [GET] ::1 /v1/admin/checkauth 200 8.320776ms
2025/03/22 11:44:00 [GET] ::1 /v1/checkstatus 200 17.922µs
2025/03/22 11:44:00 [GET] ::1 /v1/admin/checkauth 200 3.970936ms
2025/03/22 11:44:07 [GET] ::1 /v1/admin/checkauth 200 2.851702ms
2025/03/22 11:44:07 [GET] ::1 /v1/checkstatus 200 19.188µs
2025/03/22 11:44:07 [GET] ::1 /v1/admin/checkauth 200 3.795164ms
2025/03/22 11:44:10 [GET] ::1 /v1/admin/checkauth 200 4.184662ms
2025/03/22 11:44:10 [GET] ::1 /v1/checkstatus 200 38.792µs
2025/03/22 11:44:10 [GET] ::1 /v1/admin/checkauth 200 3.189645ms
2025/03/22 11:44:46 [GET] ::1 /v1/admin/checkauth 200 1.855464ms
2025/03/22 11:44:46 [GET] ::1 /v1/checkstatus 200 15.942µs
2025/03/22 11:44:46 [GET] ::1 /v1/admin/checkauth 200 5.467634ms
2025/03/22 11:45:46 [GET] ::1 /v1/admin/checkauth 200 4.642688ms
2025/03/22 11:45:46 [GET] ::1 /v1/checkstatus 200 17.4µs
2025/03/22 11:45:47 [GET] ::1 /v1/admin/checkauth 200 5.004808ms
2025/03/22 11:46:12 [GET] ::1 /v1/admin/checkauth 200 2.968003ms
2025/03/22 11:46:12 [GET] ::1 /v1/checkstatus 200 17.431µs
2025/03/22 11:46:12 [GET] ::1 /v1/admin/checkauth 200 2.650275ms
2025/03/22 11:47:21 [GET] ::1 /v1/admin/checkauth 200 5.430031ms
2025/03/22 11:47:21 [GET] ::1 /v1/checkstatus 200 18.358µs
2025/03/22 11:47:21 [GET] ::1 /v1/admin/checkauth 200 2.915365ms
2025/03/22 11:47:35 [GET] ::1 /v1/admin/checkauth 200 19.877491ms
2025/03/22 11:47:35 [GET] ::1 /v1/checkstatus 200 22.16µs
2025/03/22 11:47:35 [GET] ::1 /v1/admin/checkauth 200 7.842398ms
2025/03/22 11:49:25 [GET] ::1 /v1/admin/checkauth 200 5.697129ms
2025/03/22 11:49:25 [GET] ::1 /v1/admin/checkauth 200 4.099036ms
2025/03/22 11:49:51 [GET] ::1 /v1/admin/checkauth 200 2.163332ms
2025/03/22 11:53:45 [GET] ::1 /v1/admin/checkauth 200 4.251395ms
2025/03/22 11:53:51 [GET] ::1 /v1/admin/checkauth 200 2.499506ms
2025/03/22 11:53:51 [GET] ::1 /v1/checkstatus 200 18.521µs
2025/03/22 11:53:51 [GET] ::1 /v1/admin/checkauth 200 3.683511ms
2025/03/22 11:53:54 [GET] ::1 /v1/admin/checkauth 200 2.696404ms
2025/03/22 11:53:54 [GET] ::1 /v1/admin/checkauth 200 2.318689ms
2025/03/22 11:53:54 [GET] ::1 /v1/admin/checkauth 200 3.490574ms
2025/03/22 11:53:54 [GET] ::1 /v1/admin/checkauth 200 2.746202ms
2025/03/22 11:53:54 [GET] ::1 /v1/admin/checkauth 200 2.914982ms
2025/03/22 11:53:54 [GET] ::1 /v1/admin/checkauth 200 2.402236ms
2025/03/22 11:53:54 [GET] ::1 /v1/admin/checkauth 200 2.643877ms
2025/03/22 11:53:55 [GET] ::1 /v1/admin/checkauth 200 2.985646ms
2025/03/22 11:53:55 [GET] ::1 /v1/admin/checkauth 200 2.851914ms
2025/03/22 11:53:55 [GET] ::1 /v1/admin/checkauth 200 3.095698ms
2025/03/22 11:53:55 [GET] ::1 /v1/admin/checkauth 200 4.211718ms
2025/03/22 11:53:55 [GET] ::1 /v1/admin/checkauth 200 4.697006ms
2025/03/22 11:53:55 [GET] ::1 /v1/admin/checkauth 200 5.339791ms
2025/03/22 11:53:55 [GET] ::1 /v1/admin/checkauth 200 2.902598ms
2025/03/22 11:53:55 [GET] ::1 /v1/admin/checkauth 200 1.677294ms
2025/03/22 11:53:55 [GET] ::1 /v1/admin/checkauth 200 2.613508ms
2025/03/22 11:53:55 [GET] ::1 /v1/admin/checkauth 200 2.056443ms
2025/03/22 11:53:56 [GET] ::1 /v1/admin/checkauth 200 2.319164ms
2025/03/22 11:53:56 [GET] ::1 /v1/admin/checkauth 200 7.828295ms
2025/03/22 11:53:56 [GET] ::1 /v1/admin/checkauth 200 2.129284ms
2025/03/22 11:53:56 [GET] ::1 /v1/admin/checkauth 200 2.264109ms
2025/03/22 11:53:56 [GET] ::1 /v1/admin/checkauth 200 3.533342ms
2025/03/22 11:53:56 [GET] ::1 /v1/admin/checkauth 200 3.019109ms
2025/03/22 11:53:56 [GET] ::1 /v1/admin/checkauth 200 1.889192ms
2025/03/22 11:53:56 [GET] ::1 /v1/admin/checkauth 200 2.525466ms
2025/03/22 11:53:56 [GET] ::1 /v1/admin/checkauth 200 6.032453ms
2025/03/22 11:53:57 [GET] ::1 /v1/admin/checkauth 200 2.701377ms
2025/03/22 11:53:57 [GET] ::1 /v1/admin/checkauth 200 2.508519ms
2025/03/22 11:53:57 [GET] ::1 /v1/admin/checkauth 200 2.112819ms
2025/03/22 11:53:57 [GET] ::1 /v1/admin/checkauth 200 2.620996ms
2025/03/22 11:53:57 [GET] ::1 /v1/admin/checkauth 200 4.042243ms
2025/03/22 11:53:57 [GET] ::1 /v1/admin/checkauth 200 3.249318ms
2025/03/22 11:53:57 [GET] ::1 /v1/admin/checkauth 200 2.375733ms
2025/03/22 11:53:57 [GET] ::1 /v1/admin/checkauth 200 2.317019ms
2025/03/22 11:53:57 [GET] ::1 /v1/admin/checkauth 200 3.152744ms
2025/03/22 11:53:57 [GET] ::1 /v1/admin/checkauth 200 2.581767ms
2025/03/22 11:53:58 [GET] ::1 /v1/admin/checkauth 200 4.954577ms
2025/03/22 11:53:58 [GET] ::1 /v1/admin/checkauth 200 3.60176ms
2025/03/22 11:53:58 [GET] ::1 /v1/admin/checkauth 200 4.681228ms
2025/03/22 11:53:58 [GET] ::1 /v1/admin/checkauth 200 2.441193ms
2025/03/22 11:53:58 [GET] ::1 /v1/admin/checkauth 200 2.412833ms
2025/03/22 11:53:58 [GET] ::1 /v1/admin/checkauth 200 2.292688ms
2025/03/22 11:53:58 [GET] ::1 /v1/admin/checkauth 200 2.336505ms
2025/03/22 11:53:58 [GET] ::1 /v1/admin/checkauth 200 2.651306ms
2025/03/22 11:55:22 [GET] ::1 /v1/admin/checkauth 200 3.61052ms
2025/03/22 11:55:25 [GET] ::1 /v1/admin/checkauth 200 2.181069ms
2025/03/22 11:55:25 [GET] ::1 /v1/checkstatus 200 119.343µs
2025/03/22 11:55:25 [GET] ::1 /v1/admin/checkauth 200 4.5659ms
2025/03/22 11:55:28 [GET] ::1 /v1/admin/checkauth 200 2.510939ms
2025/03/22 11:55:28 [GET] ::1 /v1/checkstatus 200 15.794µs
2025/03/22 11:55:28 [GET] ::1 /v1/admin/checkauth 200 4.765077ms
2025/03/22 11:56:27 [GET] ::1 /v1/admin/checkauth 200 4.699428ms
2025/03/22 11:56:31 [GET] ::1 /v1/admin/checkauth 200 2.263763ms
2025/03/22 11:56:32 [GET] ::1 /v1/checkstatus 200 17.962µs
2025/03/22 11:56:32 [GET] ::1 /v1/admin/checkauth 200 2.015526ms
2025/03/22 11:57:25 [GET] ::1 /v1/admin/checkauth 200 2.108094ms
2025/03/22 11:57:25 [GET] ::1 /v1/checkstatus 200 15.168µs
2025/03/22 11:57:25 [GET] ::1 /v1/admin/checkauth 200 2.605647ms
2025/03/22 11:57:32 [GET] ::1 /v1/admin/checkauth 200 9.362864ms
2025/03/22 11:57:32 [GET] ::1 /v1/checkstatus 200 16.406µs
2025/03/22 11:57:32 [GET] ::1 /v1/admin/checkauth 200 8.212898ms
2025/03/22 12:52:02 [GET] ::1 /v1/admin/checkauth 200 6.707865ms
2025/03/22 12:52:34 [GET] ::1 /v1/admin/checkauth 200 4.937733ms
2025/03/22 12:52:35 [GET] ::1 /v1/admin/checkauth 200 5.679387ms
2025/03/22 12:53:00 [GET] ::1 /v1/admin/checkauth 200 2.369933ms
2025/03/22 12:53:04 [GET] ::1 /v1/admin/checkauth 200 10.985946ms
2025/03/22 12:53:15 [GET] ::1 /v1/admin/checkauth 200 1.902199ms
2025/03/22 12:53:16 [GET] ::1 /v1/checkstatus 200 43.74µs
2025/03/22 12:53:16 [GET] ::1 /v1/admin/checkauth 200 3.770575ms
2025/03/22 13:01:19 [GET] ::1 /v1/admin/checkauth 200 6.592662ms
2025/03/22 13:01:49 [GET] ::1 /v1/admin/checkauth 200 2.472177ms
2025/03/22 13:09:15 [GET] ::1 /v1/admin/checkauth 200 5.453334ms
2025/03/22 13:18:07 [GET] ::1 /v1/admin/checkauth 200 7.674541ms
2025/03/22 13:18:07 [GET] ::1 /v1/admin/checkauth 200 8.628393ms
2025/03/22 13:18:07 [GET] ::1 /v1/admin/checkauth 200 2.886599ms
2025/03/22 13:18:08 [GET] ::1 /v1/checkstatus 200 22.662µs
2025/03/22 13:18:08 [GET] ::1 /v1/admin/checkauth 200 4.135644ms
2025/03/22 13:18:08 [GET] ::1 /v1/checkstatus 200 67.712µs
2025/03/22 13:18:08 [GET] ::1 /v1/admin/checkauth 200 2.720202ms
2025/03/22 13:29:26 [GET] ::1 /v1/admin/checkauth 200 14.529348ms
2025/03/22 13:29:26 [GET] ::1 /v1/admin/checkauth 200 8.508187ms
2025/03/22 13:29:26 [GET] ::1 /v1/checkstatus 200 21.748µs
2025/03/22 13:29:26 [GET] ::1 /v1/admin/checkauth 200 4.998804ms
2025/03/22 13:46:15 [GET] ::1 /v1/admin/checkauth 200 146.191197ms
2025/03/22 13:46:16 [GET] ::1 /v1/admin/checkauth 200 3.690972ms
2025/03/22 13:46:17 [GET] ::1 /v1/checkstatus 200 53.777µs
2025/03/22 13:46:17 [GET] ::1 /v1/admin/checkauth 200 5.491084ms
2025/03/22 13:46:17 [GET] ::1 /v1/admin/checkauth 200 8.953564ms
2025/03/22 13:46:17 [GET] ::1 /v1/checkstatus 200 15.929569ms
2025/03/22 13:47:33 [GET] ::1 /v1/admin/checkauth 200 12.471555ms
2025/03/22 13:47:34 [GET] ::1 /v1/admin/checkauth 200 6.394251ms
2025/03/22 13:47:34 [GET] ::1 /v1/checkstatus 200 15.341µs
2025/03/22 13:47:34 [GET] ::1 /v1/admin/checkauth 200 2.933803ms
2025/03/22 13:49:17 [GET] ::1 /v1/admin/checkauth 200 8.657828ms
2025/03/22 13:49:17 [GET] ::1 /v1/checkstatus 200 17.039µs
2025/03/22 13:49:17 [GET] ::1 /v1/admin/checkauth 200 4.378658ms
2025/03/22 13:49:19 [GET] ::1 /v1/admin/checkauth 200 3.850132ms
2025/03/22 13:49:20 [GET] ::1 /v1/admin/images 200 105.057438ms
2025/03/22 13:51:18 [GET] ::1 /v1/admin/checkauth 200 5.274327ms
2025/03/22 13:51:23 [GET] ::1 /v1/checkstatus 200 38.199µs
2025/03/22 13:51:23 [GET] ::1 /v1/admin/checkauth 200 2.544259ms
2025/03/22 13:51:25 [GET] ::1 /v1/admin/checkauth 200 7.146793ms
2025/03/22 13:51:25 [GET] ::1 /v1/admin/images 200 12.859069ms
2025/03/22 13:52:00 [GET] ::1 /v1/admin/checkauth 200 6.348026ms
2025/03/22 13:52:00 [GET] ::1 /v1/checkstatus 200 15.276µs
2025/03/22 13:52:00 [GET] ::1 /v1/admin/checkauth 200 4.215499ms
2025/03/22 13:52:02 [GET] ::1 /v1/admin/checkauth 200 3.584521ms
2025/03/22 13:52:02 [GET] ::1 /v1/admin/images 200 8.883711ms
2025/03/22 14:00:00 [GET] ::1 /v1/admin/checkauth 200 6.864231ms
2025/03/22 14:02:14 [GET] ::1 /v1/admin/checkauth 200 5.211433ms
2025/03/22 14:02:14 [PUT] ::1 /v1/admin/images/5 200 44.060609ms
2025/03/22 14:02:15 [GET] ::1 /v1/admin/checkauth 200 2.192089ms
2025/03/22 14:02:15 [GET] ::1 /v1/admin/images 200 4.420188ms
2025/03/22 15:07:02 [GET] ::1 /v1/admin/checkauth 200 5.424328ms
2025/03/22 15:09:43 [GET] ::1 /v1/admin/checkauth 200 4.630073ms
2025/03/22 15:11:05 [GET] ::1 /v1/admin/checkauth 200 9.392702ms
2025/03/22 15:12:26 [GET] ::1 /v1/admin/checkauth 200 5.461972ms
2025/03/22 15:12:26 [GET] ::1 /v1/checkstatus 200 22.713µs
2025/03/22 15:12:26 [GET] ::1 /v1/admin/checkauth 200 3.49126ms
2025/03/22 15:17:25 [GET] ::1 /v1/admin/checkauth 200 10.697062ms
2025/03/22 15:17:25 [GET] ::1 /v1/checkstatus 200 16.433µs
2025/03/22 15:17:26 [GET] ::1 /v1/admin/checkauth 200 5.318274ms
2025/03/22 15:21:51 [GET] ::1 /v1/admin/checkauth 200 50.058973ms
2025/03/22 15:21:51 [GET] ::1 /v1/checkstatus 200 20.355µs
2025/03/22 15:21:51 [GET] ::1 /v1/admin/checkauth 200 10.042047ms
2025/03/22 15:21:59 [GET] ::1 /v1/admin/checkauth 200 3.56266ms
2025/03/22 15:21:59 [GET] ::1 /v1/checkstatus 200 18.454µs
2025/03/22 15:21:59 [GET] ::1 /v1/admin/checkauth 200 3.474173ms
2025/03/22 15:22:01 [GET] ::1 /v1/admin/checkauth 200 2.817248ms
2025/03/22 15:22:01 [GET] ::1 /v1/admin/images 200 18.058748ms
2025/03/22 15:23:43 [GET] ::1 /v1/admin/checkauth 200 9.12036ms
2025/03/22 15:23:44 [GET] ::1 /v1/admin/checkauth 200 6.383669ms
2025/03/22 15:23:44 [GET] ::1 /v1/admin/images 200 6.579131ms
2025/03/22 15:23:44 [GET] ::1 /v1/admin/checkauth 200 3.630693ms
2025/03/22 15:23:44 [POST] ::1 /v1/admin/images 200 62.138958ms
2025/03/22 15:40:36 [GET] ::1 /v1/admin/checkauth 200 285.270158ms
2025/03/22 15:40:42 [GET] ::1 /v1/checkstatus 200 65.467µs
2025/03/22 15:41:20 [GET] ::1 /v1/admin/checkauth 200 72.836255ms
2025/03/22 15:41:22 [GET] ::1 /v1/checkstatus 200 17.445µs
2025/03/22 15:41:22 [GET] ::1 /v1/admin/checkauth 200 5.644817ms
2025/03/22 15:41:23 [GET] ::1 /v1/admin/checkauth 200 3.948368ms
2025/03/22 15:41:24 [GET] ::1 /v1/admin/images 200 32.770837ms
2025/03/22 15:43:13 [GET] ::1 /v1/admin/checkauth 200 16.953757ms
2025/03/22 15:45:03 [GET] ::1 /v1/admin/checkauth 200 71.231607ms
2025/03/22 15:45:03 [GET] ::1 /v1/admin/checkauth 200 6.404296ms
2025/03/22 15:45:04 [GET] ::1 /v1/admin/checkauth 200 4.179743ms
2025/03/22 15:47:05 [GET] ::1 /v1/admin/checkauth 200 11.828673ms
2025/03/22 15:48:09 [GET] ::1 /v1/admin/checkauth 200 16.652955ms
2025/03/22 15:48:23 [GET] ::1 /v1/admin/checkauth 200 3.221923ms
2025/03/22 15:48:24 [GET] ::1 /v1/admin/checkauth 200 7.110119ms
2025/03/22 15:48:31 [GET] ::1 /v1/admin/checkauth 200 2.741848ms
2025/03/22 15:48:36 [GET] ::1 /v1/admin/checkauth 200 6.309263ms
2025/03/22 15:48:40 [GET] ::1 /v1/admin/checkauth 200 5.902255ms
2025/03/22 16:18:02 [GET] ::1 /v1/admin/checkauth 200 10.681427ms
2025/03/22 16:18:02 [GET] ::1 /v1/admin/checkauth 200 5.189099ms
2025/03/22 16:18:32 [GET] ::1 /v1/admin/checkauth 200 4.37741ms
2025/03/22 16:18:33 [GET] ::1 /v1/admin/checkauth 200 4.805591ms
2025/03/22 16:22:32 [GET] ::1 /v1/admin/checkauth 200 15.259283ms
2025/03/22 16:22:33 [GET] ::1 /v1/admin/checkauth 200 2.270114ms
2025/03/22 16:29:49 [GET] ::1 /v1/admin/checkauth 200 5.911808ms
2025/03/22 16:29:49 [GET] ::1 /v1/admin/checkauth 200 4.44881ms
2025/03/22 16:29:50 [GET] ::1 /v1/admin/checkauth 200 4.184279ms
2025/03/22 16:29:50 [GET] ::1 /v1/admin/checkauth 200 3.761818ms
2025/03/22 16:29:50 [GET] ::1 /v1/admin/checkauth 200 3.566615ms
2025/03/22 16:29:50 [GET] ::1 /v1/admin/checkauth 200 3.472422ms
2025/03/22 16:31:27 [GET] ::1 /v1/admin/checkauth 200 7.031057ms
2025/03/22 16:31:27 [GET] ::1 /v1/admin/checkauth 200 3.559804ms
2025/03/22 16:31:28 [GET] ::1 /v1/admin/checkauth 200 2.943662ms
2025/03/22 16:31:28 [GET] ::1 /v1/admin/checkauth 200 4.111519ms
2025/03/22 16:31:29 [GET] ::1 /v1/admin/checkauth 200 5.508783ms
2025/03/22 16:31:29 [GET] ::1 /v1/admin/checkauth 200 7.576009ms
2025/03/22 17:15:18 [GET] ::1 /v1/admin/checkauth 200 251.91961ms
2025/03/22 17:15:19 [GET] ::1 /v1/admin/checkauth 200 6.092011ms
2025/03/22 17:15:19 [GET] ::1 /v1/admin/checkauth 200 2.626991ms
2025/03/22 17:15:20 [GET] ::1 /v1/admin/checkauth 200 1.709716ms
2025/03/22 17:15:20 [GET] ::1 /v1/admin/checkauth 200 3.557229ms
2025/03/22 17:15:20 [GET] ::1 /v1/admin/checkauth 200 2.502361ms
2025/03/22 17:20:30 [GET] ::1 /v1/admin/checkauth 200 14.093752ms
2025/03/22 17:20:47 [GET] ::1 /v1/admin/checkauth 200 4.152539ms
2025/03/22 17:20:48 [GET] ::1 /v1/checkstatus 200 843.844µs
2025/03/22 17:21:10 [GET] ::1 /v1/admin/checkauth 200 3.205694ms
2025/03/22 17:21:20 [GET] ::1 /v1/checkstatus 200 881.101µs
2025/03/22 17:21:20 [GET] ::1 /v1/admin/checkauth 200 5.027371ms
2025/03/22 17:21:20 [GET] ::1 /v1/admin/pages/id/1 200 115.595543ms
2025/03/22 17:21:22 [GET] ::1 /v1/admin/checkauth 200 4.182551ms
2025/03/22 17:21:22 [GET] ::1 /v1/admin/pagecategories/page/1 200 26.080781ms
2025/03/22 17:21:22 [GET] ::1 /v1/admin/checkauth 200 11.116893ms
2025/03/22 17:21:22 [GET] ::1 /v1/admin/pagetags/page/1 200 15.168954ms
2025/03/22 17:21:23 [GET] ::1 /v1/admin/checkauth 200 4.660601ms
2025/03/22 17:21:23 [GET] ::1 /v1/admin/checkauth 200 3.916574ms
2025/03/22 17:21:23 [GET] ::1 /v1/admin/images 200 14.24946ms
2025/03/22 17:22:01 [GET] ::1 /v1/admin/checkauth 200 44.605031ms
2025/03/22 17:22:02 [GET] ::1 /v1/checkstatus 200 19.709µs
2025/03/22 17:22:02 [GET] ::1 /v1/admin/checkauth 200 4.008923ms
2025/03/22 17:22:02 [GET] ::1 /v1/admin/pages/id/1 200 34.235593ms
2025/03/22 17:22:04 [GET] ::1 /v1/admin/checkauth 200 3.872736ms
2025/03/22 17:22:05 [GET] ::1 /v1/admin/pagecategories/page/1 200 11.651036ms
2025/03/22 17:22:05 [GET] ::1 /v1/admin/checkauth 200 9.129572ms
2025/03/22 17:22:05 [GET] ::1 /v1/admin/pagetags/page/1 200 18.689646ms
2025/03/22 17:22:05 [GET] ::1 /v1/admin/checkauth 200 14.042646ms
2025/03/22 17:22:05 [GET] ::1 /v1/admin/checkauth 200 3.70644ms
2025/03/22 17:22:05 [GET] ::1 /v1/admin/images 200 5.238125ms
2025/03/22 17:26:13 [GET] ::1 /v1/admin/checkauth 200 14.455714ms
2025/03/22 17:26:22 [GET] ::1 /v1/admin/checkauth 200 14.134579ms
2025/03/22 17:26:28 [GET] ::1 /v1/checkstatus 200 5.654575ms
2025/03/22 17:26:28 [GET] ::1 /v1/admin/checkauth 200 15.074667ms
2025/03/22 17:26:28 [GET] ::1 /v1/admin/pages/id/1 200 290.074662ms
2025/03/22 17:26:54 [GET] ::1 /v1/admin/checkauth 200 151.548835ms
2025/03/22 17:26:54 [GET] ::1 /v1/admin/pagecategories/page/1 200 41.975692ms
2025/03/22 17:26:54 [GET] ::1 /v1/admin/checkauth 200 6.635235ms
2025/03/22 17:26:55 [GET] ::1 /v1/admin/pagetags/page/1 200 19.544748ms
2025/03/22 17:26:57 [GET] ::1 /v1/admin/checkauth 200 4.538789ms
2025/03/22 17:26:59 [GET] ::1 /v1/admin/checkauth 200 8.331695ms
2025/03/22 17:26:59 [GET] ::1 /v1/admin/images 200 35.281631ms
2025/03/22 17:29:59 [GET] ::1 /v1/admin/checkauth 200 230.706332ms
2025/03/22 17:36:13 [GET] ::1 /v1/admin/checkauth 200 78.029223ms
2025/03/22 17:36:13 [GET] ::1 /v1/checkstatus 200 19.628µs
2025/03/22 17:36:14 [GET] ::1 /v1/admin/checkauth 200 3.499144ms
2025/03/22 17:36:14 [GET] ::1 /v1/admin/pages/id/1 200 24.798537ms
2025/03/22 17:36:27 [GET] ::1 /v1/admin/checkauth 200 4.667326ms
2025/03/22 17:36:27 [GET] ::1 /v1/admin/pagecategories/page/1 200 24.373415ms
2025/03/22 17:36:28 [GET] ::1 /v1/admin/checkauth 200 4.116584ms
2025/03/22 17:36:28 [GET] ::1 /v1/admin/pagetags/page/1 200 9.021426ms
2025/03/22 17:36:30 [GET] ::1 /v1/admin/checkauth 200 2.929156ms
2025/03/22 17:36:31 [GET] ::1 /v1/admin/checkauth 200 3.479642ms
2025/03/22 17:36:31 [GET] ::1 /v1/admin/images 200 24.872836ms
2025/03/22 18:00:01 [GET] ::1 /v1/admin/checkauth 200 132.549303ms
2025/03/22 18:00:03 [GET] ::1 /v1/admin/checkauth 200 4.588612ms
2025/03/22 18:00:03 [GET] ::1 /v1/admin/checkauth 200 5.551385ms
2025/03/22 18:00:04 [GET] ::1 /v1/admin/checkauth 200 3.004907ms
2025/03/22 18:00:04 [GET] ::1 /v1/admin/checkauth 200 2.998626ms
2025/03/22 18:00:04 [GET] ::1 /v1/admin/checkauth 200 4.043709ms
2025/03/22 18:00:05 [GET] ::1 /v1/admin/checkauth 200 2.347117ms
2025/03/22 18:00:05 [GET] ::1 /v1/admin/checkauth 200 5.709245ms
2025/03/22 18:15:16 [GET] ::1 /v1/admin/checkauth 200 140.129937ms
2025/03/22 18:15:17 [GET] ::1 /v1/checkstatus 200 17.92µs
2025/03/22 18:15:17 [GET] ::1 /v1/admin/checkauth 200 23.356173ms
2025/03/22 18:15:17 [GET] ::1 /v1/admin/pages/id/1 200 28.208407ms
2025/03/22 18:15:33 [GET] ::1 /v1/admin/checkauth 200 2.788554ms
2025/03/22 18:15:33 [GET] ::1 /v1/admin/pagecategories/page/1 200 21.76818ms
2025/03/22 18:15:34 [GET] ::1 /v1/admin/checkauth 200 2.693234ms
2025/03/22 18:15:34 [GET] ::1 /v1/admin/pagetags/page/1 200 12.301621ms
2025/03/22 18:15:37 [GET] ::1 /v1/admin/checkauth 200 2.57996ms
2025/03/22 18:15:38 [GET] ::1 /v1/admin/checkauth 200 2.485332ms
2025/03/22 18:15:39 [GET] ::1 /v1/admin/images 200 10.973439ms
2025/03/22 18:19:11 [GET] ::1 /v1/admin/checkauth 200 10.292594ms
2025/03/22 18:19:12 [GET] ::1 /v1/checkstatus 200 18.925µs
2025/03/22 18:19:12 [GET] ::1 /v1/admin/checkauth 200 3.315883ms
2025/03/22 18:19:12 [GET] ::1 /v1/admin/pages/id/1 200 9.587465ms
2025/03/22 18:19:29 [GET] ::1 /v1/admin/checkauth 200 21.339019ms
2025/03/22 18:19:30 [GET] ::1 /v1/admin/pagecategories/page/1 200 15.189823ms
2025/03/22 18:19:30 [GET] ::1 /v1/admin/checkauth 200 3.184047ms
2025/03/22 18:19:30 [GET] ::1 /v1/admin/pagetags/page/1 200 12.738735ms
2025/03/22 18:19:34 [GET] ::1 /v1/admin/checkauth 200 2.066229ms
2025/03/22 18:19:36 [GET] ::1 /v1/admin/checkauth 200 5.976206ms
2025/03/22 18:19:36 [GET] ::1 /v1/admin/images 200 8.463817ms
2025/03/22 19:58:17 [GET] ::1 /v1/admin/checkauth 200 188.342612ms
2025/03/22 19:58:18 [GET] ::1 /v1/checkstatus 200 23.356µs
2025/03/22 19:58:18 [GET] ::1 /v1/admin/checkauth 200 5.09206ms
2025/03/22 19:58:18 [GET] ::1 /v1/admin/pages/id/1 200 38.58309ms
2025/03/22 19:58:35 [GET] ::1 /v1/admin/checkauth 200 7.542952ms
2025/03/22 19:58:35 [GET] ::1 /v1/admin/pagecategories/page/1 200 20.610796ms
2025/03/22 19:58:35 [GET] ::1 /v1/admin/checkauth 200 2.241945ms
2025/03/22 19:58:36 [GET] ::1 /v1/admin/pagetags/page/1 200 5.638425ms
2025/03/22 19:58:38 [GET] ::1 /v1/admin/checkauth 200 2.711879ms
2025/03/22 19:58:40 [GET] ::1 /v1/admin/checkauth 200 1.903303ms
2025/03/22 19:58:40 [GET] ::1 /v1/admin/images 200 13.340048ms
2025/03/22 20:04:15 [GET] ::1 /v1/admin/checkauth 200 242.655114ms
2025/03/22 20:04:16 [GET] ::1 /v1/admin/pagecategories/page/1 200 15.245685ms
2025/03/22 20:04:16 [GET] ::1 /v1/admin/checkauth 200 3.968701ms
2025/03/22 20:04:16 [GET] ::1 /v1/admin/pagetags/page/1 200 5.269ms
2025/03/22 20:04:19 [GET] ::1 /v1/admin/checkauth 200 4.014354ms
2025/03/22 20:04:22 [GET] ::1 /v1/admin/checkauth 200 2.561631ms
2025/03/22 20:04:22 [GET] ::1 /v1/checkstatus 200 475.388µs
2025/03/22 20:04:22 [GET] ::1 /v1/admin/checkauth 200 3.571559ms
2025/03/22 20:04:22 [GET] ::1 /v1/admin/pages/id/1 200 15.430735ms
2025/03/22 20:04:38 [GET] ::1 /v1/admin/checkauth 200 2.541779ms
2025/03/22 20:04:38 [GET] ::1 /v1/admin/pagecategories/page/1 200 5.29159ms
2025/03/22 20:04:39 [GET] ::1 /v1/admin/checkauth 200 8.12975ms
2025/03/22 20:04:39 [GET] ::1 /v1/admin/pagetags/page/1 200 5.681808ms
2025/03/22 20:04:41 [GET] ::1 /v1/admin/checkauth 200 2.399342ms
2025/03/22 20:04:42 [GET] ::1 /v1/admin/checkauth 200 4.516763ms
2025/03/22 20:04:43 [GET] ::1 /v1/admin/images 200 17.412069ms
2025/03/22 20:09:11 [GET] ::1 /v1/admin/checkauth 200 14.919367ms
2025/03/22 20:09:11 [GET] ::1 /v1/admin/checkauth 200 7.303826ms
2025/03/22 20:09:14 [GET] ::1 /v1/checkstatus 200 18.899µs
2025/03/22 20:09:14 [GET] ::1 /v1/admin/checkauth 200 4.620211ms
2025/03/22 20:09:14 [GET] ::1 /v1/admin/pages/id/1 200 12.666347ms
2025/03/22 20:09:15 [GET] ::1 /v1/admin/checkauth 200 8.565384ms
2025/03/22 20:09:15 [GET] ::1 /v1/admin/checkauth 200 2.353491ms
2025/03/22 20:09:18 [GET] ::1 /v1/checkstatus 200 23.893µs
2025/03/22 20:09:18 [GET] ::1 /v1/admin/checkauth 200 9.884736ms
2025/03/22 20:09:18 [GET] ::1 /v1/admin/pages/id/1 200 29.046116ms
2025/03/22 20:09:44 [GET] ::1 /v1/admin/checkauth 200 5.914163ms
2025/03/22 20:09:44 [GET] ::1 /v1/admin/pagecategories/page/1 200 9.191552ms
2025/03/22 20:09:44 [GET] ::1 /v1/admin/checkauth 200 2.235618ms
2025/03/22 20:09:44 [GET] ::1 /v1/admin/pagetags/page/1 200 6.34133ms
2025/03/22 20:09:48 [GET] ::1 /v1/admin/checkauth 200 1.731543ms
2025/03/22 20:09:50 [GET] ::1 /v1/admin/checkauth 200 7.688343ms
2025/03/22 20:09:51 [GET] ::1 /v1/admin/images 200 5.717089ms
2025/03/22 20:17:51 [GET] ::1 /v1/admin/checkauth 200 211.02382ms
2025/03/22 20:17:54 [GET] ::1 /v1/admin/checkauth 200 4.128814ms
2025/03/22 20:17:55 [GET] ::1 /v1/admin/categories/type/1 200 206.89863ms
2025/03/22 20:17:55 [GET] ::1 /v1/admin/checkauth 200 4.279154ms
2025/03/22 20:17:55 [GET] ::1 /v1/admin/categories/type/1 200 5.314647ms
2025/03/22 20:26:47 [GET] ::1 /v1/admin/checkauth 200 12.372979ms
2025/03/22 20:26:47 [GET] ::1 /v1/checkstatus 200 19.322µs
2025/03/22 20:26:47 [GET] ::1 /v1/admin/checkauth 200 4.778513ms
2025/03/22 20:26:47 [GET] ::1 /v1/admin/pages/id/1 200 20.871603ms
2025/03/22 20:27:06 [GET] ::1 /v1/admin/checkauth 200 45.068681ms
2025/03/22 20:27:06 [GET] ::1 /v1/admin/categories/type/1 200 9.10381ms
2025/03/22 20:27:06 [GET] ::1 /v1/admin/checkauth 200 3.433339ms
2025/03/22 20:27:06 [GET] ::1 /v1/admin/pagecategories/page/1 200 15.836206ms
2025/03/22 20:27:06 [GET] ::1 /v1/admin/checkauth 200 3.29199ms
2025/03/22 20:27:06 [GET] ::1 /v1/admin/pagetags/page/1 200 8.751165ms
2025/03/22 20:27:09 [GET] ::1 /v1/admin/checkauth 200 1.956966ms
2025/03/22 20:27:10 [GET] ::1 /v1/admin/checkauth 200 5.254391ms
2025/03/22 20:27:10 [GET] ::1 /v1/admin/images 200 12.521751ms
2025/03/22 20:28:32 [GET] ::1 /v1/admin/checkauth 200 12.838957ms
2025/03/22 20:28:33 [GET] ::1 /v1/checkstatus 200 21.793µs
2025/03/22 20:28:33 [GET] ::1 /v1/admin/checkauth 200 3.024018ms
2025/03/22 20:28:33 [GET] ::1 /v1/admin/pages/id/1 200 10.27825ms
2025/03/22 20:28:48 [GET] ::1 /v1/admin/checkauth 200 3.048311ms
2025/03/22 20:28:48 [GET] ::1 /v1/admin/categories/type/1 200 6.694448ms
2025/03/22 20:28:48 [GET] ::1 /v1/admin/checkauth 200 3.681775ms
2025/03/22 20:28:48 [GET] ::1 /v1/admin/pagecategories/page/1 200 8.828903ms
2025/03/22 20:28:49 [GET] ::1 /v1/admin/checkauth 200 2.691443ms
2025/03/22 20:28:49 [GET] ::1 /v1/admin/pagetags/page/1 200 5.734206ms
2025/03/22 20:28:51 [GET] ::1 /v1/admin/checkauth 200 1.928635ms
2025/03/22 20:28:52 [GET] ::1 /v1/admin/checkauth 200 1.940031ms
2025/03/22 20:28:52 [GET] ::1 /v1/admin/images 200 7.391663ms
2025/03/22 20:29:10 [GET] ::1 /v1/admin/checkauth 200 2.187691ms
2025/03/22 20:29:10 [GET] ::1 /v1/admin/checkauth 200 4.598147ms
2025/03/22 20:29:11 [GET] ::1 /v1/admin/checkauth 200 3.041118ms
2025/03/22 20:29:11 [GET] ::1 /v1/checkstatus 200 15.793µs
2025/03/22 20:29:11 [GET] ::1 /v1/admin/checkauth 200 3.998468ms
2025/03/22 20:29:11 [GET] ::1 /v1/admin/pages/id/1 200 12.571922ms
2025/03/22 20:29:17 [GET] ::1 /v1/admin/checkauth 200 6.731272ms
2025/03/22 20:29:19 [GET] ::1 /v1/checkstatus 200 16.951µs
2025/03/22 20:29:19 [GET] ::1 /v1/admin/checkauth 200 3.692279ms
2025/03/22 20:29:19 [GET] ::1 /v1/admin/pages/id/1 200 14.946392ms
2025/03/22 20:29:34 [GET] ::1 /v1/admin/checkauth 200 18.5215ms
2025/03/22 20:29:35 [GET] ::1 /v1/admin/pagecategories/page/1 200 14.823819ms
2025/03/22 20:29:35 [GET] ::1 /v1/admin/checkauth 200 4.15527ms
2025/03/22 20:29:35 [GET] ::1 /v1/admin/pagetags/page/1 200 4.174041ms
2025/03/22 20:29:37 [GET] ::1 /v1/admin/checkauth 200 1.823565ms
2025/03/22 20:29:39 [GET] ::1 /v1/admin/checkauth 200 2.351162ms
2025/03/22 20:29:39 [GET] ::1 /v1/admin/images 200 7.633293ms
2025/03/22 20:30:48 [GET] ::1 /v1/admin/checkauth 200 7.319364ms
2025/03/22 20:30:49 [GET] ::1 /v1/checkstatus 200 16.524µs
2025/03/22 20:30:49 [GET] ::1 /v1/admin/pages/id/1 200 10.028894ms
2025/03/22 20:30:49 [GET] ::1 /v1/admin/checkauth 200 14.031735ms
2025/03/22 20:31:04 [GET] ::1 /v1/admin/checkauth 200 2.988691ms
2025/03/22 20:31:04 [GET] ::1 /v1/admin/pagecategories/page/1 200 5.417839ms
2025/03/22 20:31:04 [GET] ::1 /v1/admin/checkauth 200 2.321232ms
2025/03/22 20:31:04 [GET] ::1 /v1/admin/pagetags/page/1 200 4.65738ms
2025/03/22 20:31:07 [GET] ::1 /v1/admin/checkauth 200 2.126738ms
2025/03/22 20:31:08 [GET] ::1 /v1/admin/checkauth 200 3.454031ms
2025/03/22 20:31:08 [GET] ::1 /v1/admin/images 200 8.036247ms
2025/03/22 20:34:01 [GET] ::1 /v1/admin/checkauth 200 9.506737ms
2025/03/22 20:34:01 [GET] ::1 /v1/checkstatus 200 15.514µs
2025/03/22 20:34:02 [GET] ::1 /v1/admin/checkauth 200 3.170723ms
2025/03/22 20:34:02 [GET] ::1 /v1/admin/pages/id/1 200 6.578441ms
2025/03/22 20:34:17 [GET] ::1 /v1/admin/checkauth 200 3.119833ms
2025/03/22 20:34:17 [GET] ::1 /v1/admin/pagecategories/page/1 200 5.0697ms
2025/03/22 20:34:17 [GET] ::1 /v1/admin/checkauth 200 3.450541ms
2025/03/22 20:34:17 [GET] ::1 /v1/admin/pagetags/page/1 200 4.194166ms
2025/03/22 20:34:20 [GET] ::1 /v1/admin/checkauth 200 1.951287ms
2025/03/22 20:34:21 [GET] ::1 /v1/admin/checkauth 200 3.057511ms
2025/03/22 20:34:21 [GET] ::1 /v1/admin/images 200 5.537149ms
2025/03/22 20:35:42 [GET] ::1 /v1/admin/checkauth 200 6.961325ms
2025/03/22 20:35:42 [GET] ::1 /v1/admin/checkauth 200 7.338954ms
2025/03/22 20:35:44 [GET] ::1 /v1/admin/checkauth 200 7.006912ms
2025/03/22 20:35:45 [GET] ::1 /v1/checkstatus 200 15.495µs
2025/03/22 20:35:45 [GET] ::1 /v1/admin/checkauth 200 9.441421ms
2025/03/22 20:35:45 [GET] ::1 /v1/admin/pages/id/1 200 7.222617ms
2025/03/22 20:35:47 [GET] ::1 /v1/admin/checkauth 200 3.276719ms
2025/03/22 20:35:47 [GET] ::1 /v1/admin/pagecategories/page/1 200 6.889263ms
2025/03/22 20:35:47 [GET] ::1 /v1/admin/checkauth 200 3.780542ms
2025/03/22 20:35:47 [GET] ::1 /v1/admin/pagetags/page/1 200 5.316328ms
2025/03/22 20:35:48 [GET] ::1 /v1/admin/checkauth 200 4.022444ms
2025/03/22 20:35:48 [GET] ::1 /v1/admin/checkauth 200 2.466637ms
2025/03/22 20:35:48 [GET] ::1 /v1/admin/images 200 6.84599ms
2025/03/22 20:37:36 [GET] ::1 /v1/admin/checkauth 200 7.676419ms
2025/03/22 20:37:37 [GET] ::1 /v1/checkstatus 200 17.329µs
2025/03/22 20:37:37 [GET] ::1 /v1/admin/checkauth 200 2.579734ms
2025/03/22 20:37:37 [GET] ::1 /v1/admin/pages/id/1 200 5.848404ms
2025/03/22 20:37:39 [GET] ::1 /v1/admin/checkauth 200 2.495516ms
2025/03/22 20:37:39 [GET] ::1 /v1/admin/checkauth 200 5.477035ms
2025/03/22 20:37:40 [GET] ::1 /v1/admin/images 200 4.391872ms
2025/03/22 20:38:01 [GET] ::1 /v1/admin/checkauth 200 3.494653ms
2025/03/22 20:38:01 [GET] ::1 /v1/checkstatus 200 13.317µs
2025/03/22 20:38:01 [GET] ::1 /v1/admin/checkauth 200 5.565459ms
2025/03/22 20:38:01 [GET] ::1 /v1/admin/pages/id/1 200 13.10422ms
2025/03/22 20:38:03 [GET] ::1 /v1/admin/checkauth 200 2.246219ms
2025/03/22 20:38:04 [GET] ::1 /v1/admin/pagecategories/page/1 200 3.97305ms
2025/03/22 20:38:04 [GET] ::1 /v1/admin/checkauth 200 3.604617ms
2025/03/22 20:38:04 [GET] ::1 /v1/admin/checkauth 200 2.537305ms
2025/03/22 20:38:04 [GET] ::1 /v1/admin/images 200 6.107878ms
2025/03/22 20:39:35 [GET] ::1 /v1/admin/checkauth 200 4.855406ms
2025/03/22 20:39:35 [GET] ::1 /v1/checkstatus 200 32.547µs
2025/03/22 20:39:35 [GET] ::1 /v1/admin/checkauth 200 2.319138ms
2025/03/22 20:39:35 [GET] ::1 /v1/admin/pages/id/1 200 7.090106ms
2025/03/22 20:39:38 [GET] ::1 /v1/admin/checkauth 200 3.780368ms
2025/03/22 20:39:38 [GET] ::1 /v1/admin/pagecategories/page/1 200 12.434103ms
2025/03/22 20:39:38 [GET] ::1 /v1/admin/checkauth 200 3.463022ms
2025/03/22 20:39:38 [GET] ::1 /v1/admin/checkauth 200 3.263834ms
2025/03/22 20:39:39 [GET] ::1 /v1/admin/images 200 4.444135ms
2025/03/22 20:47:38 [GET] ::1 /v1/admin/checkauth 200 6.362069ms
2025/03/22 20:47:39 [GET] ::1 /v1/checkstatus 200 18.055µs
2025/03/22 20:47:39 [GET] ::1 /v1/admin/checkauth 200 12.71529ms
2025/03/22 20:47:39 [GET] ::1 /v1/admin/pages/id/1 200 15.467142ms
2025/03/22 20:47:41 [GET] ::1 /v1/admin/checkauth 200 3.012267ms
2025/03/22 20:47:41 [GET] ::1 /v1/admin/pagecategories/page/1 200 7.067166ms
2025/03/22 20:47:41 [GET] ::1 /v1/admin/checkauth 200 2.849651ms
2025/03/22 20:47:41 [GET] ::1 /v1/admin/images 200 6.012846ms
2025/03/22 20:47:41 [GET] ::1 /v1/admin/checkauth 200 2.803694ms
2025/03/22 20:47:42 [GET] ::1 /v1/admin/pagetags/page/1 200 7.743982ms
2025/03/22 20:47:42 [GET] ::1 /v1/admin/checkauth 200 2.570171ms
2025/03/22 20:48:12 [GET] ::1 /v1/admin/checkauth 200 8.270107ms
2025/03/22 20:48:12 [GET] ::1 /v1/admin/checkauth 200 3.44713ms
2025/03/22 20:48:14 [GET] ::1 /v1/admin/checkauth 200 3.186862ms
2025/03/22 20:48:15 [GET] ::1 /v1/checkstatus 200 27.73µs
2025/03/22 20:48:15 [GET] ::1 /v1/admin/checkauth 200 3.616464ms
2025/03/22 20:48:15 [GET] ::1 /v1/admin/pages/id/1 200 5.402635ms
2025/03/22 20:48:31 [GET] ::1 /v1/admin/checkauth 200 93.039544ms
2025/03/22 20:48:31 [GET] ::1 /v1/admin/categories/type/1 200 60.610898ms
2025/03/22 20:48:31 [GET] ::1 /v1/admin/checkauth 200 6.221655ms
2025/03/22 20:48:32 [GET] ::1 /v1/admin/pagecategories/page/1 200 25.299055ms
2025/03/22 20:48:33 [GET] ::1 /v1/admin/checkauth 200 2.279692ms
2025/03/22 20:48:33 [GET] ::1 /v1/admin/images 200 35.151992ms
2025/03/22 20:48:33 [GET] ::1 /v1/admin/checkauth 200 2.827645ms
2025/03/22 20:48:34 [GET] ::1 /v1/admin/pagetags/page/1 200 7.107738ms
2025/03/22 20:48:35 [GET] ::1 /v1/admin/checkauth 200 1.657114ms
2025/03/22 20:49:59 [GET] ::1 /v1/admin/checkauth 200 33.19254ms
2025/03/22 20:50:00 [GET] ::1 /v1/checkstatus 200 587.77µs
2025/03/22 20:50:00 [GET] ::1 /v1/admin/checkauth 200 11.679939ms
2025/03/22 20:50:00 [GET] ::1 /v1/admin/pages/id/1 200 15.730912ms
2025/03/22 20:50:13 [GET] ::1 /v1/admin/checkauth 200 7.004385ms
2025/03/22 20:50:14 [GET] ::1 /v1/admin/categories/type/1 200 6.03448ms
2025/03/22 20:50:14 [GET] ::1 /v1/admin/checkauth 200 2.942529ms
2025/03/22 20:50:14 [GET] ::1 /v1/admin/pagecategories/page/1 200 4.673543ms
2025/03/22 20:50:16 [GET] ::1 /v1/admin/checkauth 200 5.376806ms
2025/03/22 20:50:16 [GET] ::1 /v1/admin/images 200 6.758717ms
2025/03/22 20:50:16 [GET] ::1 /v1/admin/checkauth 200 8.049475ms
2025/03/22 20:50:16 [GET] ::1 /v1/admin/pagetags/page/1 200 6.531883ms
2025/03/22 20:50:17 [GET] ::1 /v1/admin/checkauth 200 3.581871ms
2025/03/22 20:52:48 [GET] ::1 /v1/admin/checkauth 200 9.985731ms
2025/03/22 20:52:49 [GET] ::1 /v1/checkstatus 200 41.795µs
2025/03/22 20:52:49 [GET] ::1 /v1/admin/checkauth 200 2.575649ms
2025/03/22 20:52:49 [GET] ::1 /v1/admin/pages/id/1 200 16.213365ms
2025/03/22 20:53:03 [GET] ::1 /v1/admin/checkauth 200 3.015408ms
2025/03/22 20:53:04 [GET] ::1 /v1/admin/categories/type/1 200 14.391445ms
2025/03/22 20:53:04 [GET] ::1 /v1/admin/checkauth 200 3.038017ms
2025/03/22 20:53:04 [GET] ::1 /v1/admin/pagecategories/page/1 200 6.2639ms
2025/03/22 20:53:05 [GET] ::1 /v1/admin/checkauth 200 4.74861ms
2025/03/22 20:53:06 [GET] ::1 /v1/admin/images 200 7.719459ms
2025/03/22 20:53:06 [GET] ::1 /v1/admin/checkauth 200 1.769184ms
2025/03/22 20:53:06 [GET] ::1 /v1/admin/pagetags/page/1 200 5.384786ms
2025/03/22 20:53:07 [GET] ::1 /v1/admin/checkauth 200 2.593409ms
2025/03/22 21:14:27 [GET] ::1 /v1/admin/checkauth 200 111.622109ms
2025/03/22 21:14:30 [GET] ::1 /v1/admin/checkauth 200 3.838733ms
2025/03/22 21:14:30 [GET] ::1 /v1/image/27 200 7.956489ms
2025/03/22 21:14:31 [GET] ::1 /v1/admin/checkauth 200 4.550049ms
2025/03/22 21:14:31 [GET] ::1 /v1/image/27 200 1.749403ms
2025/03/22 21:15:49 [GET] ::1 /v1/admin/checkauth 200 10.666476ms
2025/03/22 21:15:49 [GET] ::1 /v1/admin/checkauth 200 6.8982ms
2025/03/22 21:15:50 [GET] ::1 /v1/admin/checkauth 200 2.775145ms
2025/03/22 21:15:50 [GET] ::1 /v1/admin/checkauth 200 4.394354ms
2025/03/22 21:15:50 [GET] ::1 /v1/admin/checkauth 200 2.601147ms
2025/03/22 21:15:51 [GET] ::1 /v1/admin/checkauth 200 3.681424ms
2025/03/22 21:15:51 [GET] ::1 /v1/admin/checkauth 200 9.115985ms
2025/03/22 21:15:51 [GET] ::1 /v1/admin/checkauth 200 1.899455ms
2025/03/22 21:18:25 [GET] ::1 /v1/admin/checkauth 200 6.642248ms
2025/03/22 21:18:26 [GET] ::1 /v1/admin/checkauth 200 3.495236ms
2025/03/22 21:18:26 [GET] ::1 /v1/admin/checkauth 200 2.667362ms
2025/03/22 21:18:27 [GET] ::1 /v1/admin/checkauth 200 3.681802ms
2025/03/22 21:18:27 [GET] ::1 /v1/admin/checkauth 200 6.315838ms
2025/03/22 21:18:27 [GET] ::1 /v1/admin/checkauth 200 1.773913ms
2025/03/22 21:18:28 [GET] ::1 /v1/admin/checkauth 200 2.779884ms
2025/03/22 21:18:29 [GET] ::1 /v1/admin/checkauth 200 2.567666ms
2025/03/22 21:18:34 [GET] ::1 /v1/admin/checkauth 200 1.77209ms
2025/03/22 21:18:34 [GET] ::1 /v1/checkstatus 200 582.774µs
2025/03/22 21:18:34 [GET] ::1 /v1/admin/checkauth 200 6.555871ms
2025/03/22 21:18:34 [GET] ::1 /v1/admin/pages/id/1 200 32.371155ms
2025/03/22 21:18:49 [GET] ::1 /v1/admin/checkauth 200 3.281123ms
2025/03/22 21:18:49 [GET] ::1 /v1/admin/categories/type/1 200 40.940715ms
2025/03/22 21:18:49 [GET] ::1 /v1/admin/checkauth 200 4.582351ms
2025/03/22 21:18:49 [GET] ::1 /v1/image/27 200 12.525906ms
2025/03/22 21:18:50 [GET] ::1 /v1/admin/checkauth 200 2.458447ms
2025/03/22 21:18:50 [GET] ::1 /v1/admin/pagecategories/page/1 200 15.218844ms
2025/03/22 21:18:51 [GET] ::1 /v1/admin/checkauth 200 1.789218ms
2025/03/22 21:18:52 [GET] ::1 /v1/admin/images 200 16.518251ms
2025/03/22 21:18:52 [GET] ::1 /v1/admin/checkauth 200 3.192586ms
2025/03/22 21:18:52 [GET] ::1 /v1/admin/pagetags/page/1 200 7.807899ms
2025/03/22 21:18:53 [GET] ::1 /v1/admin/checkauth 200 2.521521ms
2025/03/22 21:58:03 [GET] ::1 /v1/admin/checkauth 200 49.000137ms
2025/03/22 21:58:03 [GET] ::1 /v1/checkstatus 200 18.443µs
2025/03/22 21:58:03 [GET] ::1 /v1/admin/checkauth 200 12.235363ms
2025/03/22 21:58:03 [GET] ::1 /v1/admin/pages/id/1 200 16.85226ms
2025/03/22 21:58:17 [GET] ::1 /v1/admin/checkauth 200 2.533183ms
2025/03/22 21:58:17 [GET] ::1 /v1/admin/categories/type/1 200 20.57391ms
2025/03/22 21:58:17 [GET] ::1 /v1/admin/checkauth 200 3.183365ms
2025/03/22 21:58:17 [GET] ::1 /v1/image/27 200 3.797679ms
2025/03/22 21:58:17 [GET] ::1 /v1/admin/checkauth 200 14.583608ms
2025/03/22 21:58:18 [GET] ::1 /v1/admin/pagecategories/page/1 200 9.776948ms
2025/03/22 21:58:19 [GET] ::1 /v1/admin/checkauth 200 5.277973ms
2025/03/22 21:58:19 [GET] ::1 /v1/admin/images 200 6.887925ms
2025/03/22 21:58:19 [GET] ::1 /v1/admin/checkauth 200 4.159741ms
2025/03/22 21:58:19 [GET] ::1 /v1/admin/pagetags/page/1 200 6.047819ms
2025/03/22 21:58:21 [GET] ::1 /v1/admin/checkauth 200 3.094249ms
2025/03/22 21:59:21 [GET] ::1 /v1/admin/checkauth 200 6.58512ms
2025/03/22 21:59:22 [GET] ::1 /v1/admin/checkauth 200 4.344316ms
2025/03/22 21:59:22 [GET] ::1 /v1/admin/checkauth 200 4.276361ms
2025/03/22 21:59:23 [GET] ::1 /v1/admin/checkauth 200 3.440637ms
2025/03/22 21:59:23 [GET] ::1 /v1/admin/checkauth 200 3.900645ms
2025/03/22 21:59:24 [GET] ::1 /v1/admin/checkauth 200 3.101375ms
2025/03/22 21:59:24 [GET] ::1 /v1/admin/checkauth 200 3.687918ms
2025/03/22 21:59:24 [GET] ::1 /v1/admin/checkauth 200 3.489985ms
2025/03/22 22:09:22 [GET] ::1 /v1/admin/checkauth 200 69.995221ms
2025/03/22 22:09:22 [GET] ::1 /v1/admin/checkauth 200 76.287882ms
2025/03/22 22:09:23 [GET] ::1 /v1/admin/checkauth 200 2.126722ms
2025/03/22 22:09:28 [GET] ::1 /v1/checkstatus 200 10.977757ms
2025/03/22 22:09:28 [GET] ::1 /v1/admin/checkauth 200 15.182315ms
2025/03/22 22:09:28 [GET] ::1 /v1/admin/pages/id/1 200 48.097126ms
2025/03/22 22:09:34 [GET] ::1 /v1/admin/checkauth 200 4.871372ms
2025/03/22 22:09:49 [GET] ::1 /v1/admin/checkauth 200 89.285837ms
2025/03/22 22:09:50 [GET] ::1 /v1/admin/categories/type/1 200 43.838589ms
2025/03/22 22:09:50 [GET] ::1 /v1/admin/checkauth 200 8.339999ms
2025/03/22 22:09:50 [GET] ::1 /v1/image/27 200 8.339331ms
2025/03/22 22:09:50 [GET] ::1 /v1/admin/checkauth 200 5.369728ms
2025/03/22 22:09:50 [GET] ::1 /v1/admin/pagecategories/page/1 200 22.413487ms
2025/03/22 22:09:52 [GET] ::1 /v1/admin/checkauth 200 10.753675ms
2025/03/22 22:09:52 [GET] ::1 /v1/admin/images 200 20.720882ms
2025/03/22 22:09:52 [GET] ::1 /v1/admin/checkauth 200 4.741185ms
2025/03/22 22:09:52 [GET] ::1 /v1/admin/pagetags/page/1 200 7.123895ms
2025/03/22 22:09:54 [GET] ::1 /v1/admin/checkauth 200 2.570014ms
2025/03/22 22:12:05 [GET] ::1 /v1/admin/checkauth 200 41.678786ms
2025/03/22 22:12:06 [GET] ::1 /v1/admin/checkauth 200 4.484277ms
2025/03/22 22:12:06 [GET] ::1 /v1/admin/checkauth 200 3.244275ms
2025/03/22 22:12:06 [GET] ::1 /v1/admin/checkauth 200 1.997722ms
2025/03/22 22:12:07 [GET] ::1 /v1/admin/checkauth 200 2.403585ms
2025/03/22 22:12:07 [GET] ::1 /v1/admin/checkauth 200 2.503524ms
2025/03/22 22:12:07 [GET] ::1 /v1/admin/checkauth 200 3.570261ms
2025/03/22 22:12:08 [GET] ::1 /v1/admin/checkauth 200 2.926723ms
2025/03/22 22:12:14 [GET] ::1 /v1/admin/checkauth 200 1.750043ms
2025/03/22 22:12:15 [GET] ::1 /v1/checkstatus 200 407.278µs
2025/03/22 22:12:15 [GET] ::1 /v1/admin/checkauth 200 2.543811ms
2025/03/22 22:12:15 [GET] ::1 /v1/admin/pages/id/1 200 18.54695ms
2025/03/22 22:12:31 [GET] ::1 /v1/admin/checkauth 200 2.989787ms
2025/03/22 22:12:31 [GET] ::1 /v1/admin/categories/type/1 200 5.695228ms
2025/03/22 22:12:32 [GET] ::1 /v1/admin/checkauth 200 7.949579ms
2025/03/22 22:12:32 [GET] ::1 /v1/image/27 200 2.989941ms
2025/03/22 22:12:32 [GET] ::1 /v1/admin/checkauth 200 2.372827ms
2025/03/22 22:12:32 [GET] ::1 /v1/admin/pagecategories/page/1 200 4.905639ms
2025/03/22 22:12:33 [GET] ::1 /v1/admin/checkauth 200 2.273271ms
2025/03/22 22:12:34 [GET] ::1 /v1/admin/images 200 6.989744ms
2025/03/22 22:12:34 [GET] ::1 /v1/admin/checkauth 200 3.105381ms
2025/03/22 22:12:34 [GET] ::1 /v1/admin/pagetags/page/1 200 6.330681ms
2025/03/22 22:12:35 [GET] ::1 /v1/admin/checkauth 200 3.769573ms
2025/03/22 22:13:48 [GET] ::1 /v1/admin/checkauth 200 17.762362ms
2025/03/22 22:13:48 [GET] ::1 /v1/admin/checkauth 200 1.71679ms
2025/03/22 22:13:48 [GET] ::1 /v1/admin/checkauth 200 2.172907ms
2025/03/22 22:13:49 [GET] ::1 /v1/admin/checkauth 200 3.52373ms
2025/03/22 22:13:49 [GET] ::1 /v1/admin/checkauth 200 1.785082ms
2025/03/22 22:13:49 [GET] ::1 /v1/admin/checkauth 200 3.454043ms
2025/03/22 22:13:49 [GET] ::1 /v1/admin/checkauth 200 4.833995ms
2025/03/22 22:13:50 [GET] ::1 /v1/admin/checkauth 200 2.742731ms
2025/03/22 22:20:04 [GET] ::1 /v1/admin/checkauth 200 46.900617ms
2025/03/22 22:20:04 [GET] ::1 /v1/admin/checkauth 200 46.900506ms
2025/03/22 22:20:27 [GET] ::1 /v1/admin/checkauth 200 56.530966ms
2025/03/22 22:20:28 [GET] ::1 /v1/checkstatus 200 1.317383ms
2025/03/22 22:20:28 [GET] ::1 /v1/admin/checkauth 200 3.538027ms
2025/03/22 22:20:28 [GET] ::1 /v1/admin/pages/id/1 200 25.755486ms
2025/03/22 22:20:48 [GET] ::1 /v1/admin/checkauth 200 94.061985ms
2025/03/22 22:20:48 [GET] ::1 /v1/admin/categories/type/1 200 72.43064ms
2025/03/22 22:20:49 [GET] ::1 /v1/admin/checkauth 200 2.863842ms
2025/03/22 22:20:49 [GET] ::1 /v1/image/27 200 5.137694ms
2025/03/22 22:20:49 [GET] ::1 /v1/admin/checkauth 200 4.581631ms
2025/03/22 22:20:49 [GET] ::1 /v1/admin/pagecategories/page/1 200 20.111033ms
2025/03/22 22:20:51 [GET] ::1 /v1/admin/checkauth 200 5.796801ms
2025/03/22 22:20:51 [GET] ::1 /v1/admin/images 200 46.81884ms
2025/03/22 22:20:51 [GET] ::1 /v1/admin/checkauth 200 5.257882ms
2025/03/22 22:20:51 [GET] ::1 /v1/admin/pagetags/page/1 200 8.230044ms
2025/03/22 22:20:53 [GET] ::1 /v1/admin/checkauth 200 3.040916ms
2025/03/22 22:25:48 [GET] ::1 /v1/admin/checkauth 200 36.338538ms
2025/03/22 22:25:48 [GET] ::1 /v1/checkstatus 200 18.868µs
2025/03/22 22:25:48 [GET] ::1 /v1/admin/pages/id/1 200 16.344842ms
2025/03/22 22:25:48 [GET] ::1 /v1/admin/checkauth 200 18.913207ms
2025/03/22 22:26:03 [GET] ::1 /v1/admin/checkauth 200 49.837571ms
2025/03/22 22:26:03 [GET] ::1 /v1/admin/categories/type/1 200 11.03012ms
2025/03/22 22:26:04 [GET] ::1 /v1/admin/checkauth 200 4.035728ms
2025/03/22 22:26:04 [GET] ::1 /v1/image/27 200 4.52877ms
2025/03/22 22:26:04 [GET] ::1 /v1/admin/checkauth 200 2.435138ms
2025/03/22 22:26:04 [GET] ::1 /v1/admin/pagecategories/page/1 200 7.629117ms
2025/03/22 22:26:06 [GET] ::1 /v1/admin/checkauth 200 4.73281ms
2025/03/22 22:26:06 [GET] ::1 /v1/admin/images 200 11.101618ms
2025/03/22 22:26:06 [GET] ::1 /v1/admin/checkauth 200 3.17165ms
2025/03/22 22:26:06 [GET] ::1 /v1/admin/pagetags/page/1 200 10.06173ms
2025/03/22 22:26:08 [GET] ::1 /v1/admin/checkauth 200 2.594564ms
2025/03/22 22:33:45 [GET] ::1 /v1/admin/checkauth 200 11.886582ms
2025/03/22 22:33:46 [GET] ::1 /v1/checkstatus 200 18.61µs
2025/03/22 22:33:46 [GET] ::1 /v1/admin/pages/id/1 200 9.040037ms
2025/03/22 22:33:46 [GET] ::1 /v1/admin/checkauth 200 11.109138ms
2025/03/22 22:34:00 [GET] ::1 /v1/admin/checkauth 200 3.240927ms
2025/03/22 22:34:01 [GET] ::1 /v1/admin/categories/type/1 200 6.520085ms
2025/03/22 22:34:01 [GET] ::1 /v1/admin/checkauth 200 3.219906ms
2025/03/22 22:34:01 [GET] ::1 /v1/image/27 200 2.406869ms
2025/03/22 22:34:01 [GET] ::1 /v1/admin/checkauth 200 3.864603ms
2025/03/22 22:34:01 [GET] ::1 /v1/admin/pagecategories/page/1 200 6.096207ms
2025/03/22 22:34:03 [GET] ::1 /v1/admin/checkauth 200 2.7464ms
2025/03/22 22:34:03 [GET] ::1 /v1/admin/images 200 4.699242ms
2025/03/22 22:34:03 [GET] ::1 /v1/admin/checkauth 200 2.625865ms
2025/03/22 22:34:03 [GET] ::1 /v1/admin/pagetags/page/1 200 7.799057ms
2025/03/22 22:34:04 [GET] ::1 /v1/admin/checkauth 200 2.9581ms
2025/03/22 23:10:57 [GET] ::1 /v1/admin/checkauth 200 195.394314ms
2025/03/22 23:11:00 [GET] ::1 /v1/admin/checkauth 200 6.190136ms
2025/03/22 23:11:00 [GET] ::1 /v1/admin/tags/type/1 200 141.114668ms
2025/03/22 23:11:00 [GET] ::1 /v1/admin/checkauth 200 2.540948ms
2025/03/22 23:11:00 [GET] ::1 /v1/admin/tags/type/1 200 5.296055ms
2025/03/22 23:11:31 [GET] ::1 /v1/admin/checkauth 200 3.923332ms
2025/03/22 23:11:31 [POST] ::1 /v1/admin/tags 200 25.808123ms
2025/03/22 23:11:31 [GET] ::1 /v1/admin/checkauth 200 2.949514ms
2025/03/22 23:11:31 [GET] ::1 /v1/admin/tags/type/1 200 9.908783ms
2025/03/22 23:17:46 [GET] ::1 /v1/admin/checkauth 200 95.340173ms
2025/03/22 23:17:47 [GET] ::1 /v1/checkstatus 200 20.022µs
2025/03/22 23:17:47 [GET] ::1 /v1/admin/checkauth 200 6.287957ms
2025/03/22 23:17:47 [GET] ::1 /v1/admin/pages/id/1 200 15.449586ms
2025/03/22 23:18:08 [GET] ::1 /v1/admin/checkauth 200 82.903872ms
2025/03/22 23:18:08 [GET] ::1 /v1/admin/categories/type/1 200 31.591628ms
2025/03/22 23:18:08 [GET] ::1 /v1/admin/checkauth 200 2.634672ms
2025/03/22 23:18:08 [GET] ::1 /v1/image/27 200 7.897757ms
2025/03/22 23:18:08 [GET] ::1 /v1/admin/checkauth 200 4.333918ms
2025/03/22 23:18:09 [GET] ::1 /v1/admin/tags/type/1 200 26.153918ms
2025/03/22 23:18:09 [GET] ::1 /v1/admin/checkauth 200 2.386789ms
2025/03/22 23:18:09 [GET] ::1 /v1/admin/pagecategories/page/1 200 29.17172ms
2025/03/22 23:18:10 [GET] ::1 /v1/admin/checkauth 200 3.641351ms
2025/03/22 23:18:11 [GET] ::1 /v1/admin/images 200 8.689306ms
2025/03/22 23:18:11 [GET] ::1 /v1/admin/checkauth 200 3.665895ms
2025/03/22 23:18:11 [GET] ::1 /v1/admin/pagetags/page/1 200 5.627679ms
2025/03/22 23:18:12 [GET] ::1 /v1/admin/checkauth 200 6.332746ms
2025/03/22 23:18:40 [GET] ::1 /v1/admin/checkauth 200 3.358225ms
2025/03/22 23:18:41 [POST] ::1 /v1/admin/tags 200 33.470536ms
2025/03/22 23:18:41 [GET] ::1 /v1/admin/checkauth 200 3.176349ms
2025/03/22 23:18:41 [GET] ::1 /v1/admin/tags/type/1 200 5.564379ms
2025/03/22 23:20:01 [GET] ::1 /v1/admin/checkauth 200 36.098551ms
2025/03/22 23:20:01 [GET] ::1 /v1/admin/checkauth 200 2.59536ms
2025/03/22 23:20:01 [GET] ::1 /v1/checkstatus 200 15.065µs
