2025/03/06 11:44:37 [GET] ::1 /v1/checkstatus 200 104.673µs
2025/03/06 11:44:37 [GET] ::1 /v1/config 200 186.009436ms
2025/03/06 11:44:37 [GET] ::1 /v1/image/23 200 10.432118ms
2025/03/06 11:44:38 [GET] ::1 /v1/component 200 4.830822ms
2025/03/06 11:44:38 [GET] ::1 /v1/config/key/layout 200 6.520055ms
2025/03/06 11:44:38 [GET] ::1 /v1/config/key/style_typography 200 2.634292ms
2025/03/06 11:44:38 [GET] ::1 /v1/config/key/style_color 200 5.109344ms
2025/03/06 11:44:38 [GET] ::1 /v1/config/key/style_drawer 200 2.464008ms
2025/03/06 11:44:38 [GET] ::1 /v1/config/key/header_siteidentify 200 1.71978ms
2025/03/06 11:44:38 [GET] ::1 /v1/image/6 200 1.892473ms
2025/03/06 11:44:39 [GET] ::1 /v1/image/23 200 2.47568ms
2025/03/06 11:44:39 [GET] ::1 /v1/config/key/header_topbar 200 2.384554ms
2025/03/06 11:44:43 [POST] ::1 /v1/admin/token/refresh 200 22.972974ms
2025/03/06 11:44:44 [GET] ::1 /v1/checkstatus 200 74.609µs
2025/03/06 11:44:45 [GET] ::1 /v1/admin/checkauth 200 7.42034ms
2025/03/06 11:44:45 [GET] ::1 /v1/admin/images 200 4.072418ms
2025/03/06 11:44:45 [GET] ::1 /v1/admin/checkauth 200 2.52262ms
2025/03/06 11:44:45 [GET] ::1 /v1/component 200 2.114266ms
2025/03/06 11:44:45 [GET] ::1 /v1/admin/checkauth 200 3.478199ms
2025/03/06 11:44:45 [GET] ::1 /v1/config/key/layout 200 1.730875ms
2025/03/06 11:44:45 [GET] ::1 /v1/admin/checkauth 200 2.596908ms
2025/03/06 11:44:45 [GET] ::1 /v1/config/key/style_typography 200 2.221717ms
2025/03/06 11:44:45 [GET] ::1 /v1/admin/checkauth 200 2.206589ms
2025/03/06 11:44:45 [GET] ::1 /v1/config/key/style_color 200 2.310634ms
2025/03/06 11:44:45 [GET] ::1 /v1/admin/checkauth 200 4.076874ms
2025/03/06 11:44:45 [GET] ::1 /v1/config/key/style_drawer 200 1.787552ms
2025/03/06 11:44:45 [GET] ::1 /v1/admin/checkauth 200 2.012511ms
2025/03/06 11:44:45 [GET] ::1 /v1/config/key/header_siteidentify 200 2.166025ms
2025/03/06 11:44:45 [GET] ::1 /v1/admin/checkauth 200 3.115557ms
2025/03/06 11:44:45 [GET] ::1 /v1/image/6 200 2.335897ms
2025/03/06 11:44:45 [GET] ::1 /v1/admin/checkauth 200 2.461711ms
2025/03/06 11:44:45 [GET] ::1 /v1/image/23 200 1.868447ms
2025/03/06 11:44:45 [GET] ::1 /v1/admin/checkauth 200 2.58669ms
2025/03/06 11:44:45 [GET] ::1 /v1/config/key/header_topbar 200 4.822066ms
2025/03/06 11:44:50 [GET] ::1 /v1/admin/checkauth 200 6.095085ms
2025/03/06 11:44:51 [GET] ::1 /v1/admin/checkauth 200 3.07875ms
2025/03/06 11:44:51 [GET] ::1 /v1/admin/pages/type/1 200 12.124021ms
2025/03/06 11:44:51 [GET] ::1 /v1/admin/checkauth 200 2.050513ms
2025/03/06 11:44:51 [GET] ::1 /v1/admin/pages/type/1 200 5.068945ms
2025/03/06 11:44:51 [GET] ::1 /v1/admin/checkauth 200 3.402683ms
2025/03/06 11:44:51 [GET] ::1 /v1/admin/pages/typenstatus/ 200 3.898367ms
2025/03/06 11:44:51 [GET] ::1 /v1/admin/checkauth 200 3.722933ms
2025/03/06 11:44:51 [GET] ::1 /v1/admin/users/1 200 8.663493ms
2025/03/06 11:44:51 [GET] ::1 /v1/admin/checkauth 200 3.008569ms
2025/03/06 11:44:51 [GET] ::1 /v1/admin/users/1 200 4.300873ms
2025/03/06 11:44:51 [GET] ::1 /v1/admin/checkauth 200 3.331629ms
2025/03/06 11:44:51 [GET] ::1 /v1/admin/users/1 200 3.372006ms
2025/03/06 11:44:51 [GET] ::1 /v1/admin/checkauth 200 3.044734ms
2025/03/06 11:44:51 [GET] ::1 /v1/admin/users/1 200 5.864635ms
2025/03/06 11:44:51 [GET] ::1 /v1/admin/checkauth 200 3.665365ms
2025/03/06 11:44:51 [GET] ::1 /v1/admin/pages/typenstatus/ 200 9.654593ms
2025/03/06 11:44:51 [GET] ::1 /v1/admin/checkauth 200 2.498385ms
2025/03/06 11:44:52 [GET] ::1 /v1/admin/pages/typenstatus/ 200 5.359793ms
2025/03/06 11:44:52 [GET] ::1 /v1/admin/checkauth 200 2.799044ms
2025/03/06 11:44:52 [GET] ::1 /v1/admin/pages/typenstatus/ 200 4.982682ms
2025/03/06 11:44:52 [GET] ::1 /v1/admin/checkauth 200 4.69007ms
2025/03/06 11:44:52 [GET] ::1 /v1/admin/pages/typenstatus/ 200 3.680854ms
2025/03/06 11:44:52 [GET] ::1 /v1/admin/checkauth 200 2.61783ms
2025/03/06 11:44:52 [GET] ::1 /v1/admin/pages/typenstatus/ 200 3.226015ms
2025/03/06 11:44:52 [GET] ::1 /v1/admin/checkauth 200 3.900673ms
2025/03/06 11:44:52 [GET] ::1 /v1/admin/pages/typenstatus/ 200 4.400381ms
2025/03/06 11:44:52 [GET] ::1 /v1/admin/checkauth 200 6.730853ms
2025/03/06 11:44:52 [GET] ::1 /v1/admin/pages/typenstatus/ 200 5.091998ms
2025/03/06 11:44:52 [GET] ::1 /v1/admin/checkauth 200 2.312004ms
2025/03/06 11:44:52 [GET] ::1 /v1/admin/pages/count/type/1 200 5.423201ms
2025/03/06 11:44:52 [GET] ::1 /v1/admin/checkauth 200 3.144969ms
2025/03/06 11:44:52 [GET] ::1 /v1/admin/pages/count/type/1 200 6.644527ms
2025/03/06 11:44:52 [GET] ::1 /v1/admin/checkauth 200 2.892445ms
2025/03/06 11:44:52 [GET] ::1 /v1/admin/pages/count/typenstatus/ 200 6.808307ms
2025/03/06 11:44:52 [GET] ::1 /v1/admin/checkauth 200 1.918412ms
2025/03/06 11:44:52 [GET] ::1 /v1/admin/pages/count/typenstatus/ 200 4.741597ms
2025/03/06 11:44:52 [GET] ::1 /v1/admin/checkauth 200 3.602228ms
2025/03/06 11:44:52 [GET] ::1 /v1/admin/pages/count/typenstatus/ 200 4.600612ms
2025/03/06 11:44:52 [GET] ::1 /v1/admin/checkauth 200 2.377139ms
2025/03/06 11:44:52 [GET] ::1 /v1/admin/pages/count/typenstatus/ 200 3.479831ms
2025/03/06 11:44:52 [GET] ::1 /v1/admin/checkauth 200 3.198709ms
2025/03/06 11:44:52 [GET] ::1 /v1/admin/pages/count/typenstatus/ 200 5.164471ms
2025/03/06 11:44:52 [GET] ::1 /v1/admin/checkauth 200 3.346008ms
2025/03/06 11:44:52 [GET] ::1 /v1/admin/pages/count/typenstatus/ 200 4.450799ms
2025/03/06 11:44:52 [GET] ::1 /v1/admin/checkauth 200 1.996606ms
2025/03/06 11:44:53 [GET] ::1 /v1/admin/pages/count/typenstatus/ 200 7.094747ms
2025/03/06 11:44:53 [GET] ::1 /v1/admin/checkauth 200 2.476241ms
2025/03/06 11:44:53 [GET] ::1 /v1/admin/pages/count/typenstatus/ 200 6.086723ms
2025/03/06 11:44:58 [GET] ::1 /v1/admin/checkauth 200 4.745509ms
2025/03/06 11:45:16 [GET] ::1 /v1/config 200 150.970093ms
2025/03/06 11:45:16 [GET] ::1 /v1/admin/pages/id/3 200 182.319252ms
2025/03/06 11:45:16 [GET] ::1 /v1/image/23 200 3.272409ms
2025/03/06 11:45:20 [GET] ::1 /v1/admin/checkauth 200 4.482376ms
2025/03/06 11:45:21 [GET] ::1 /v1/admin/categories/type/1 200 56.328574ms
2025/03/06 11:45:21 [GET] ::1 /v1/admin/checkauth 200 2.56786ms
2025/03/06 11:45:22 [GET] ::1 /v1/image/22 200 3.41381ms
2025/03/06 11:45:22 [GET] ::1 /v1/admin/checkauth 200 5.047462ms
2025/03/06 11:45:22 [GET] ::1 /v1/admin/tags/type/1 200 9.157834ms
2025/03/06 11:45:22 [GET] ::1 /v1/admin/checkauth 200 10.403592ms
2025/03/06 11:45:22 [GET] ::1 /v1/admin/pagecategories/page/3 200 3.85482ms
2025/03/06 11:45:22 [GET] ::1 /v1/admin/checkauth 200 2.040976ms
2025/03/06 11:45:23 [GET] ::1 /v1/admin/pagetags/page/3 200 10.911413ms
2025/03/06 11:45:23 [GET] ::1 /v1/admin/checkauth 200 6.825291ms
2025/03/06 11:45:23 [GET] ::1 /v1/admin/checkauth 200 4.141936ms
2025/03/06 11:45:23 [GET] ::1 /v1/admin/categories/type/1 200 9.463252ms
2025/03/06 11:45:23 [GET] ::1 /v1/admin/checkauth 200 2.016808ms
2025/03/06 11:45:23 [GET] ::1 /v1/image/22 200 1.868454ms
2025/03/06 11:45:23 [GET] ::1 /v1/admin/checkauth 200 2.643527ms
2025/03/06 11:45:23 [GET] ::1 /v1/admin/tags/type/1 200 5.799727ms
2025/03/06 11:45:23 [GET] ::1 /v1/admin/checkauth 200 2.698492ms
2025/03/06 11:45:23 [GET] ::1 /v1/config 200 2.409452ms
2025/03/06 11:45:23 [GET] ::1 /v1/image/23 200 2.505585ms
2025/03/06 11:45:23 [GET] ::1 /v1/admin/pagecategories/page/3 200 3.732974ms
2025/03/06 11:45:23 [GET] ::1 /v1/admin/checkauth 200 4.04854ms
2025/03/06 11:45:23 [GET] ::1 /v1/admin/pagetags/page/3 200 5.451649ms
2025/03/06 11:45:23 [GET] ::1 /v1/admin/checkauth 200 4.203419ms
2025/03/06 11:45:24 [GET] ::1 /v1/config 200 2.005148ms
2025/03/06 11:45:24 [GET] ::1 /v1/image/23 200 2.589647ms
2025/03/06 11:50:07 [GET] ::1 /v1/admin/checkauth 200 294.743635ms
2025/03/06 11:50:09 [GET] ::1 /v1/config 200 3.379129ms
2025/03/06 11:50:09 [GET] ::1 /v1/image/23 200 2.460196ms
2025/03/06 11:50:11 [GET] ::1 /v1/config 200 2.003361ms
2025/03/06 11:50:11 [GET] ::1 /v1/image/23 200 2.343223ms
2025/03/06 11:55:04 [GET] ::1 /v1/admin/checkauth 200 15.495289ms
2025/03/06 11:55:05 [GET] ::1 /v1/config 200 3.657598ms
2025/03/06 11:55:05 [GET] ::1 /v1/image/23 200 2.188725ms
2025/03/06 11:55:06 [GET] ::1 /v1/admin/checkauth 200 2.895652ms
2025/03/06 11:55:06 [GET] ::1 /v1/config 200 2.080536ms
2025/03/06 11:55:06 [GET] ::1 /v1/image/23 200 1.87457ms
2025/03/06 11:57:26 [GET] ::1 /v1/admin/checkauth 200 9.107422ms
2025/03/06 11:57:27 [GET] ::1 /v1/config 200 3.42518ms
2025/03/06 11:57:27 [GET] ::1 /v1/image/23 200 1.945898ms
2025/03/06 11:57:28 [GET] ::1 /v1/config 200 3.236144ms
2025/03/06 11:57:28 [GET] ::1 /v1/image/23 200 1.812646ms
2025/03/06 16:53:09 [GET] ::1 /v1/admin/checkauth 200 131.022899ms
2025/03/06 16:53:42 [GET] ::1 /v1/admin/checkauth 200 4.890328ms
2025/03/06 16:53:43 [GET] ::1 /v1/config 200 2.976493ms
2025/03/06 16:53:43 [GET] ::1 /v1/checkstatus 200 55.321µs
2025/03/06 16:53:43 [GET] ::1 /v1/admin/pages/id/3 200 9.128067ms
2025/03/06 16:53:43 [GET] ::1 /v1/image/23 200 8.72108ms
2025/03/06 16:53:44 [GET] ::1 /v1/config 200 1.64749ms
2025/03/06 16:53:44 [GET] ::1 /v1/image/23 200 2.607279ms
2025/03/06 16:53:50 [GET] ::1 /v1/admin/checkauth 200 3.452419ms
2025/03/06 16:53:50 [GET] ::1 /v1/admin/categories/type/1 200 15.558014ms
2025/03/06 16:53:50 [GET] ::1 /v1/admin/checkauth 200 2.867145ms
2025/03/06 16:53:51 [GET] ::1 /v1/image/22 200 2.646718ms
2025/03/06 16:53:51 [GET] ::1 /v1/admin/checkauth 200 7.316261ms
2025/03/06 16:53:51 [GET] ::1 /v1/admin/tags/type/1 200 9.672762ms
2025/03/06 16:53:51 [GET] ::1 /v1/admin/checkauth 200 5.216127ms
2025/03/06 16:53:51 [GET] ::1 /v1/admin/pagecategories/page/3 200 8.108885ms
2025/03/06 16:53:51 [GET] ::1 /v1/admin/checkauth 200 2.755365ms
2025/03/06 16:53:51 [GET] ::1 /v1/admin/pagetags/page/3 200 7.42647ms
2025/03/06 16:53:51 [GET] ::1 /v1/admin/checkauth 200 3.408147ms
2025/03/06 16:53:51 [GET] ::1 /v1/admin/checkauth 200 2.789019ms
2025/03/06 16:53:51 [GET] ::1 /v1/admin/images 200 8.645424ms
2025/03/06 16:53:51 [GET] ::1 /v1/admin/checkauth 200 7.729596ms
2025/03/06 16:53:51 [GET] ::1 /v1/component 200 8.699403ms
2025/03/06 16:53:52 [GET] ::1 /v1/admin/checkauth 200 3.085635ms
2025/03/06 16:53:52 [GET] ::1 /v1/config/key/layout 200 6.812453ms
2025/03/06 16:53:52 [GET] ::1 /v1/admin/checkauth 200 5.544077ms
2025/03/06 16:53:52 [GET] ::1 /v1/config/key/style_typography 200 2.034866ms
2025/03/06 16:53:52 [GET] ::1 /v1/admin/checkauth 200 4.227434ms
2025/03/06 16:53:52 [GET] ::1 /v1/config/key/style_color 200 4.270555ms
2025/03/06 16:53:52 [GET] ::1 /v1/admin/checkauth 200 4.695728ms
2025/03/06 16:53:52 [GET] ::1 /v1/config 200 2.868692ms
2025/03/06 16:53:52 [GET] ::1 /v1/image/23 200 1.729839ms
2025/03/06 16:53:52 [GET] ::1 /v1/config/key/style_drawer 200 2.502768ms
2025/03/06 16:53:52 [GET] ::1 /v1/admin/checkauth 200 4.126041ms
2025/03/06 16:53:52 [GET] ::1 /v1/config/key/header_siteidentify 200 1.733236ms
2025/03/06 16:53:52 [GET] ::1 /v1/admin/checkauth 200 3.100412ms
2025/03/06 16:53:52 [GET] ::1 /v1/image/6 200 1.837489ms
2025/03/06 16:53:52 [GET] ::1 /v1/admin/checkauth 200 5.454281ms
2025/03/06 16:53:53 [GET] ::1 /v1/image/23 200 2.069773ms
2025/03/06 16:53:53 [GET] ::1 /v1/admin/checkauth 200 3.78718ms
2025/03/06 16:53:53 [GET] ::1 /v1/config/key/header_topbar 200 2.03922ms
2025/03/06 16:53:53 [GET] ::1 /v1/config 200 1.417251ms
2025/03/06 16:53:53 [GET] ::1 /v1/image/23 200 1.800848ms
2025/03/06 16:54:09 [GET] ::1 /v1/admin/checkauth 200 4.073833ms
2025/03/06 16:54:09 [GET] ::1 /v1/config 200 6.633381ms
2025/03/06 16:54:09 [GET] ::1 /v1/image/23 200 2.981572ms
2025/03/06 16:54:10 [GET] ::1 /v1/config 200 1.935186ms
2025/03/06 16:54:10 [GET] ::1 /v1/image/23 200 2.409589ms
2025/03/06 16:54:17 [GET] ::1 /v1/admin/checkauth 200 2.126065ms
2025/03/06 16:54:17 [GET] ::1 /v1/checkstatus 200 28.567µs
2025/03/06 16:54:17 [GET] ::1 /v1/admin/pages/id/3 200 9.167697ms
2025/03/06 16:54:18 [GET] ::1 /v1/config 200 1.857932ms
2025/03/06 16:54:18 [GET] ::1 /v1/image/23 200 3.104002ms
2025/03/06 16:54:23 [GET] ::1 /v1/admin/checkauth 200 14.185477ms
2025/03/06 16:54:23 [GET] ::1 /v1/admin/categories/type/1 200 5.315036ms
2025/03/06 16:54:24 [GET] ::1 /v1/admin/checkauth 200 4.800952ms
2025/03/06 16:54:24 [GET] ::1 /v1/image/22 200 1.731384ms
2025/03/06 16:54:24 [GET] ::1 /v1/admin/checkauth 200 3.927625ms
2025/03/06 16:54:24 [GET] ::1 /v1/admin/tags/type/1 200 6.369801ms
2025/03/06 16:54:24 [GET] ::1 /v1/admin/checkauth 200 2.730346ms
2025/03/06 16:54:24 [GET] ::1 /v1/admin/pagecategories/page/3 200 11.834626ms
2025/03/06 16:54:24 [GET] ::1 /v1/admin/checkauth 200 5.009954ms
2025/03/06 16:54:24 [GET] ::1 /v1/admin/pagetags/page/3 200 14.938263ms
2025/03/06 16:54:25 [GET] ::1 /v1/config 200 2.525863ms
2025/03/06 16:54:25 [GET] ::1 /v1/image/23 200 1.738156ms
2025/03/06 16:54:25 [GET] ::1 /v1/admin/checkauth 200 2.623352ms
2025/03/06 16:54:25 [GET] ::1 /v1/admin/checkauth 200 5.929951ms
2025/03/06 16:54:25 [GET] ::1 /v1/admin/images 200 7.253967ms
2025/03/06 16:54:25 [GET] ::1 /v1/admin/checkauth 200 4.625103ms
2025/03/06 16:54:25 [GET] ::1 /v1/component 200 1.947012ms
2025/03/06 16:54:26 [GET] ::1 /v1/admin/checkauth 200 4.573656ms
2025/03/06 16:54:26 [GET] ::1 /v1/config/key/layout 200 2.096637ms
2025/03/06 16:54:26 [GET] ::1 /v1/admin/checkauth 200 4.207756ms
2025/03/06 16:54:26 [GET] ::1 /v1/config/key/style_typography 200 2.080816ms
2025/03/06 16:54:26 [GET] ::1 /v1/admin/checkauth 200 2.580679ms
2025/03/06 16:54:26 [GET] ::1 /v1/config/key/style_color 200 4.29019ms
2025/03/06 16:54:26 [GET] ::1 /v1/admin/checkauth 200 4.964789ms
2025/03/06 16:54:26 [GET] ::1 /v1/config/key/style_drawer 200 8.116831ms
2025/03/06 16:54:26 [GET] ::1 /v1/admin/checkauth 200 3.359923ms
2025/03/06 16:54:26 [GET] ::1 /v1/config 200 5.123298ms
2025/03/06 16:54:26 [GET] ::1 /v1/image/23 200 3.490259ms
2025/03/06 16:54:27 [GET] ::1 /v1/config/key/header_siteidentify 200 2.735103ms
2025/03/06 16:54:27 [GET] ::1 /v1/admin/checkauth 200 3.453695ms
2025/03/06 16:54:27 [GET] ::1 /v1/image/6 200 1.982276ms
2025/03/06 16:54:27 [GET] ::1 /v1/admin/checkauth 200 4.760818ms
2025/03/06 16:54:27 [GET] ::1 /v1/image/23 200 2.411407ms
2025/03/06 16:54:27 [GET] ::1 /v1/admin/checkauth 200 2.4328ms
2025/03/06 16:54:27 [GET] ::1 /v1/config/key/header_topbar 200 1.850395ms
2025/03/06 16:54:28 [GET] ::1 /v1/config 200 1.452951ms
2025/03/06 16:54:28 [GET] ::1 /v1/image/23 200 2.559885ms
2025/03/06 17:48:26 [GET] ::1 /v1/admin/checkauth 200 58.000173ms
2025/03/06 17:48:28 [GET] ::1 /v1/config 200 3.389739ms
2025/03/06 17:48:28 [GET] ::1 /v1/checkstatus 200 59.884µs
2025/03/06 17:48:28 [GET] ::1 /v1/admin/pages/id/3 200 10.81632ms
2025/03/06 17:48:28 [GET] ::1 /v1/image/23 200 2.357126ms
2025/03/06 17:48:29 [GET] ::1 /v1/config 200 1.907785ms
2025/03/06 17:48:29 [GET] ::1 /v1/image/23 200 1.724457ms
2025/03/06 17:48:35 [GET] ::1 /v1/admin/checkauth 200 3.822365ms
2025/03/06 17:48:35 [GET] ::1 /v1/admin/categories/type/1 200 7.07895ms
2025/03/06 17:48:35 [GET] ::1 /v1/admin/checkauth 200 4.113948ms
2025/03/06 17:48:35 [GET] ::1 /v1/image/22 200 1.849661ms
2025/03/06 17:48:35 [GET] ::1 /v1/admin/checkauth 200 3.260189ms
2025/03/06 17:48:35 [GET] ::1 /v1/admin/tags/type/1 200 36.625031ms
2025/03/06 17:48:35 [GET] ::1 /v1/admin/checkauth 200 2.76594ms
2025/03/06 17:48:36 [GET] ::1 /v1/admin/pagecategories/page/3 200 135.261175ms
2025/03/06 17:48:36 [GET] ::1 /v1/admin/checkauth 200 3.570349ms
2025/03/06 17:48:36 [GET] ::1 /v1/config 200 3.434438ms
2025/03/06 17:48:36 [GET] ::1 /v1/image/23 200 1.677317ms
2025/03/06 17:48:36 [GET] ::1 /v1/admin/pagetags/page/3 200 8.584343ms
2025/03/06 17:48:37 [GET] ::1 /v1/admin/checkauth 200 6.080327ms
2025/03/06 17:48:37 [GET] ::1 /v1/admin/checkauth 200 3.452803ms
2025/03/06 17:48:37 [GET] ::1 /v1/admin/images 200 8.526578ms
2025/03/06 17:48:37 [GET] ::1 /v1/config 200 7.735613ms
2025/03/06 17:48:37 [GET] ::1 /v1/image/23 200 3.623591ms
2025/03/06 17:48:37 [GET] ::1 /v1/admin/checkauth 200 2.838503ms
2025/03/06 17:48:37 [GET] ::1 /v1/component 200 4.624481ms
2025/03/06 17:48:37 [GET] ::1 /v1/admin/checkauth 200 2.504772ms
2025/03/06 17:48:37 [GET] ::1 /v1/config/key/layout 200 5.590182ms
2025/03/06 17:48:38 [GET] ::1 /v1/admin/checkauth 200 2.3026ms
2025/03/06 17:48:38 [GET] ::1 /v1/config/key/style_typography 200 1.804098ms
2025/03/06 17:48:38 [GET] ::1 /v1/admin/checkauth 200 2.101154ms
2025/03/06 17:48:38 [GET] ::1 /v1/config/key/style_color 200 1.662198ms
2025/03/06 17:48:38 [GET] ::1 /v1/admin/checkauth 200 3.941005ms
2025/03/06 17:48:38 [GET] ::1 /v1/config/key/style_drawer 200 1.99188ms
2025/03/06 17:48:38 [GET] ::1 /v1/admin/checkauth 200 3.633601ms
2025/03/06 17:48:38 [GET] ::1 /v1/config/key/header_siteidentify 200 2.872063ms
2025/03/06 17:48:38 [GET] ::1 /v1/admin/checkauth 200 4.87595ms
2025/03/06 17:48:38 [GET] ::1 /v1/image/6 200 1.514393ms
2025/03/06 17:48:38 [GET] ::1 /v1/admin/checkauth 200 6.827481ms
2025/03/06 17:48:38 [GET] ::1 /v1/config 200 1.618841ms
2025/03/06 17:48:38 [GET] ::1 /v1/image/23 200 3.84367ms
2025/03/06 17:48:39 [GET] ::1 /v1/image/23 200 2.765889ms
2025/03/06 17:48:39 [GET] ::1 /v1/admin/checkauth 200 3.403729ms
2025/03/06 17:48:39 [GET] ::1 /v1/config/key/header_topbar 200 3.573248ms
2025/03/06 17:48:39 [GET] ::1 /v1/config 200 1.775162ms
2025/03/06 17:48:39 [GET] ::1 /v1/image/23 200 2.314797ms
