2025/03/30 09:21:36 [GET] ::1 /v1/admin/checkauth 200 15.095663ms
2025/03/30 09:21:43 [GET] ::1 /v1/checkstatus 200 55.621µs
2025/03/30 09:21:45 [GET] ::1 /v1/admin/checkauth 200 3.659402ms
2025/03/30 09:21:45 [GET] ::1 /v1/admin/checkauth 200 5.148847ms
2025/03/30 09:21:46 [GET] ::1 /v1/admin/checkauth 200 2.939291ms
2025/03/30 09:21:46 [GET] ::1 /v1/config 200 10.432257ms
2025/03/30 09:21:46 [GET] ::1 /v1/admin/checkauth 200 2.614276ms
2025/03/30 09:21:46 [GET] ::1 /v1/admin/checkauth 200 3.372016ms
2025/03/30 09:21:51 [GET] ::1 /v1/admin/checkauth 200 6.558164ms
2025/03/30 09:35:50 [GET] ::1 /v1/admin/checkauth 200 39.46695ms
2025/03/30 09:35:51 [GET] ::1 /v1/admin/checkauth 200 13.29519ms
2025/03/30 09:36:39 [GET] ::1 /v1/admin/checkauth 200 4.623466ms
2025/03/30 09:36:41 [GET] ::1 /v1/admin/checkauth 200 8.268692ms
2025/03/30 09:41:59 [GET] ::1 /v1/admin/checkauth 200 15.55429ms
2025/03/30 09:41:59 [GET] ::1 /v1/checkstatus 200 19.825µs
2025/03/30 09:42:01 [GET] ::1 /v1/admin/checkauth 200 7.395548ms
2025/03/30 09:42:01 [GET] ::1 /v1/admin/checkauth 200 2.723189ms
2025/03/30 09:42:02 [GET] ::1 /v1/admin/checkauth 200 5.052291ms
2025/03/30 09:42:02 [GET] ::1 /v1/config 200 7.288874ms
2025/03/30 09:42:02 [GET] ::1 /v1/admin/checkauth 200 3.518634ms
2025/03/30 09:42:02 [GET] ::1 /v1/admin/checkauth 200 5.240981ms
2025/03/30 09:55:16 [GET] ::1 /v1/admin/checkauth 200 14.14493ms
2025/03/30 09:55:20 [GET] ::1 /v1/admin/checkauth 200 7.032794ms
2025/03/30 09:55:24 [GET] ::1 /v1/admin/checkauth 200 7.331861ms
2025/03/30 09:55:26 [GET] ::1 /v1/admin/checkauth 200 8.214806ms
2025/03/30 09:56:39 [GET] ::1 /v1/admin/checkauth 200 13.330704ms
2025/03/30 09:56:41 [GET] ::1 /v1/admin/checkauth 200 8.229512ms
2025/03/30 09:56:44 [GET] ::1 /v1/admin/checkauth 200 5.11482ms
2025/03/30 09:56:45 [GET] ::1 /v1/image/23 200 34.413348ms
2025/03/30 09:56:45 [GET] ::1 /v1/admin/checkauth 200 2.854526ms
2025/03/30 09:56:46 [GET] ::1 /v1/image/23 200 6.174153ms
2025/03/30 09:56:46 [GET] ::1 /v1/admin/checkauth 200 10.156473ms
2025/03/30 09:56:46 [GET] ::1 /v1/image/23 200 3.220141ms
2025/03/30 09:56:46 [GET] ::1 /v1/admin/checkauth 200 10.368421ms
2025/03/30 09:56:47 [GET] ::1 /v1/image/23 200 4.881122ms
2025/03/30 09:56:48 [GET] ::1 /v1/checkstatus 200 17.2µs
2025/03/30 09:56:55 [GET] ::1 /v1/admin/checkauth 200 6.342092ms
2025/03/30 09:56:59 [GET] ::1 /v1/admin/checkauth 200 6.504517ms
2025/03/30 09:57:08 [GET] ::1 /v1/admin/checkauth 200 11.588611ms
2025/03/30 09:57:09 [GET] ::1 /v1/admin/checkauth 200 5.089485ms
2025/03/30 09:57:10 [GET] ::1 /v1/admin/checkauth 200 3.779203ms
2025/03/30 09:57:10 [GET] ::1 /v1/checkstatus 200 47.338µs
2025/03/30 09:57:10 [GET] ::1 /v1/image/23 200 2.287386ms
2025/03/30 09:57:10 [GET] ::1 /v1/admin/checkauth 200 4.400141ms
2025/03/30 09:57:10 [GET] ::1 /v1/image/23 200 4.421348ms
2025/03/30 09:57:11 [GET] ::1 /v1/admin/checkauth 200 2.462062ms
2025/03/30 09:57:11 [GET] ::1 /v1/image/23 200 8.479557ms
2025/03/30 09:57:11 [GET] ::1 /v1/admin/checkauth 200 5.806699ms
2025/03/30 09:57:11 [GET] ::1 /v1/image/23 200 2.804828ms
2025/03/30 09:57:51 [GET] ::1 /v1/admin/checkauth 200 8.439194ms
2025/03/30 09:57:51 [GET] ::1 /v1/admin/checkauth 200 5.556213ms
2025/03/30 09:57:52 [GET] ::1 /v1/checkstatus 200 16.568µs
2025/03/30 09:57:54 [GET] ::1 /v1/checkstatus 200 38.35µs
2025/03/30 09:57:54 [GET] ::1 /v1/admin/checkauth 200 3.151065ms
2025/03/30 09:57:55 [GET] ::1 /v1/admin/checkauth 200 3.998507ms
2025/03/30 09:57:55 [GET] ::1 /v1/admin/checkauth 200 5.01539ms
2025/03/30 09:57:55 [GET] ::1 /v1/config 200 5.542669ms
2025/03/30 09:57:55 [GET] ::1 /v1/checkstatus 200 33.514µs
2025/03/30 09:57:56 [GET] ::1 /v1/admin/checkauth 200 4.449908ms
2025/03/30 09:57:56 [GET] ::1 /v1/admin/checkauth 200 3.567296ms
2025/03/30 09:57:56 [GET] ::1 /v1/admin/checkauth 200 4.454196ms
2025/03/30 09:57:57 [GET] ::1 /v1/image/23 200 22.870981ms
2025/03/30 09:57:57 [GET] ::1 /v1/admin/checkauth 200 4.095758ms
2025/03/30 09:57:57 [GET] ::1 /v1/image/23 200 2.1237ms
2025/03/30 09:58:40 [GET] ::1 /v1/admin/checkauth 200 3.662343ms
2025/03/30 09:58:40 [GET] ::1 /v1/admin/checkauth 200 5.454148ms
2025/03/30 09:58:41 [GET] ::1 /v1/checkstatus 200 14.926µs
2025/03/30 09:58:43 [GET] ::1 /v1/checkstatus 200 17.293µs
2025/03/30 09:58:43 [GET] ::1 /v1/admin/checkauth 200 2.852085ms
2025/03/30 09:58:43 [GET] ::1 /v1/admin/checkauth 200 3.570271ms
2025/03/30 09:58:43 [GET] ::1 /v1/admin/checkauth 200 4.003623ms
2025/03/30 09:58:44 [GET] ::1 /v1/config 200 2.379066ms
2025/03/30 09:58:44 [GET] ::1 /v1/checkstatus 200 31.629µs
2025/03/30 09:58:44 [GET] ::1 /v1/admin/checkauth 200 2.655601ms
2025/03/30 09:58:45 [GET] ::1 /v1/admin/checkauth 200 4.678518ms
2025/03/30 09:58:45 [GET] ::1 /v1/admin/checkauth 200 7.385502ms
2025/03/30 09:58:45 [GET] ::1 /v1/image/23 200 5.579632ms
2025/03/30 09:58:45 [GET] ::1 /v1/admin/checkauth 200 8.430068ms
2025/03/30 09:58:45 [GET] ::1 /v1/image/23 200 2.364249ms
2025/03/30 10:00:40 [GET] ::1 /v1/admin/checkauth 200 14.554627ms
2025/03/30 10:00:40 [GET] ::1 /v1/admin/checkauth 200 4.344968ms
2025/03/30 10:00:41 [GET] ::1 /v1/checkstatus 200 15.884µs
2025/03/30 10:00:42 [GET] ::1 /v1/checkstatus 200 31.268µs
2025/03/30 10:00:43 [GET] ::1 /v1/admin/checkauth 200 3.036202ms
2025/03/30 10:00:43 [GET] ::1 /v1/admin/checkauth 200 4.686881ms
2025/03/30 10:00:43 [GET] ::1 /v1/admin/checkauth 200 6.82518ms
2025/03/30 10:00:44 [GET] ::1 /v1/config 200 4.05425ms
2025/03/30 10:00:44 [GET] ::1 /v1/checkstatus 200 20.303µs
2025/03/30 10:00:44 [GET] ::1 /v1/admin/checkauth 200 3.602845ms
2025/03/30 10:00:44 [GET] ::1 /v1/admin/checkauth 200 6.240129ms
2025/03/30 10:00:45 [GET] ::1 /v1/admin/checkauth 200 14.282254ms
2025/03/30 10:00:45 [GET] ::1 /v1/image/23 200 1.892052ms
2025/03/30 10:00:45 [GET] ::1 /v1/admin/checkauth 200 7.678941ms
2025/03/30 10:00:45 [GET] ::1 /v1/image/23 200 3.66266ms
2025/03/30 10:01:18 [GET] ::1 /v1/admin/checkauth 200 4.530159ms
2025/03/30 10:01:18 [GET] ::1 /v1/admin/checkauth 200 4.263675ms
2025/03/30 10:01:18 [GET] ::1 /v1/checkstatus 200 34.961µs
2025/03/30 10:01:20 [GET] ::1 /v1/checkstatus 200 34.112µs
2025/03/30 10:01:20 [GET] ::1 /v1/admin/checkauth 200 4.764326ms
2025/03/30 10:01:21 [GET] ::1 /v1/admin/checkauth 200 4.701384ms
2025/03/30 10:01:21 [GET] ::1 /v1/admin/checkauth 200 9.413329ms
2025/03/30 10:01:21 [GET] ::1 /v1/config 200 2.351341ms
2025/03/30 10:01:22 [GET] ::1 /v1/checkstatus 200 18.119µs
2025/03/30 10:01:22 [GET] ::1 /v1/admin/checkauth 200 4.788357ms
2025/03/30 10:01:23 [GET] ::1 /v1/admin/checkauth 200 3.612393ms
2025/03/30 10:01:23 [GET] ::1 /v1/admin/checkauth 200 4.188245ms
2025/03/30 10:01:23 [GET] ::1 /v1/image/23 200 5.333055ms
2025/03/30 10:01:23 [GET] ::1 /v1/admin/checkauth 200 5.552481ms
2025/03/30 10:01:23 [GET] ::1 /v1/image/23 200 4.276043ms
2025/03/30 10:02:39 [GET] ::1 /v1/admin/checkauth 200 9.407515ms
2025/03/30 10:02:39 [GET] ::1 /v1/admin/checkauth 200 3.814639ms
2025/03/30 10:02:40 [GET] ::1 /v1/checkstatus 200 19.229µs
2025/03/30 10:02:42 [GET] ::1 /v1/admin/checkauth 200 4.085972ms
2025/03/30 10:02:42 [GET] ::1 /v1/admin/checkauth 200 2.697429ms
2025/03/30 10:02:43 [GET] ::1 /v1/admin/checkauth 200 3.657113ms
2025/03/30 10:02:43 [GET] ::1 /v1/config 200 2.95544ms
2025/03/30 10:02:43 [GET] ::1 /v1/admin/checkauth 200 6.651048ms
2025/03/30 10:02:44 [GET] ::1 /v1/admin/checkauth 200 2.761972ms
2025/03/30 10:02:44 [GET] ::1 /v1/admin/checkauth 200 4.842909ms
2025/03/30 10:02:44 [GET] ::1 /v1/image/23 200 7.811532ms
2025/03/30 10:02:44 [GET] ::1 /v1/admin/checkauth 200 3.233915ms
2025/03/30 10:02:44 [GET] ::1 /v1/image/23 200 10.264259ms
2025/03/30 10:03:08 [GET] ::1 /v1/admin/checkauth 200 17.868179ms
2025/03/30 10:03:08 [GET] ::1 /v1/admin/checkauth 200 3.944602ms
2025/03/30 10:03:08 [GET] ::1 /v1/checkstatus 200 25.893µs
2025/03/30 10:03:10 [GET] ::1 /v1/admin/checkauth 200 5.600755ms
2025/03/30 10:03:11 [GET] ::1 /v1/admin/checkauth 200 3.617223ms
2025/03/30 10:03:11 [GET] ::1 /v1/admin/checkauth 200 3.600991ms
2025/03/30 10:03:11 [GET] ::1 /v1/config 200 2.110727ms
2025/03/30 10:03:12 [GET] ::1 /v1/admin/checkauth 200 3.66823ms
2025/03/30 10:03:12 [GET] ::1 /v1/admin/checkauth 200 5.309276ms
2025/03/30 10:03:12 [GET] ::1 /v1/admin/checkauth 200 4.902229ms
2025/03/30 10:03:12 [GET] ::1 /v1/image/23 200 2.79951ms
2025/03/30 10:03:13 [GET] ::1 /v1/admin/checkauth 200 2.895399ms
2025/03/30 10:03:13 [GET] ::1 /v1/image/23 200 5.010934ms
2025/03/30 10:03:24 [GET] ::1 /v1/admin/checkauth 200 8.781967ms
2025/03/30 10:03:26 [GET] ::1 /v1/admin/checkauth 200 5.500119ms
2025/03/30 10:03:56 [GET] ::1 /v1/admin/checkauth 200 10.093521ms
2025/03/30 10:03:56 [GET] ::1 /v1/admin/checkauth 200 3.749805ms
2025/03/30 10:03:56 [GET] ::1 /v1/checkstatus 200 24.219µs
2025/03/30 10:03:59 [GET] ::1 /v1/admin/checkauth 200 4.250246ms
2025/03/30 10:03:59 [GET] ::1 /v1/admin/checkauth 200 4.277318ms
2025/03/30 10:03:59 [GET] ::1 /v1/admin/checkauth 200 4.291494ms
2025/03/30 10:04:00 [GET] ::1 /v1/admin/checkauth 200 4.608608ms
2025/03/30 10:04:00 [GET] ::1 /v1/config 200 5.149167ms
2025/03/30 10:04:00 [GET] ::1 /v1/admin/checkauth 200 6.539509ms
2025/03/30 10:04:00 [GET] ::1 /v1/admin/checkauth 200 2.749916ms
2025/03/30 10:04:01 [GET] ::1 /v1/admin/checkauth 200 3.337309ms
2025/03/30 10:04:01 [GET] ::1 /v1/checkstatus 200 55.05µs
2025/03/30 10:04:02 [GET] ::1 /v1/admin/checkauth 200 7.216585ms
2025/03/30 10:07:07 [GET] ::1 /v1/admin/checkauth 200 8.000293ms
2025/03/30 10:07:09 [GET] ::1 /v1/admin/checkauth 200 6.626442ms
2025/03/30 10:07:10 [GET] ::1 /v1/admin/checkauth 200 3.146558ms
2025/03/30 10:07:10 [GET] ::1 /v1/image/23 200 2.943709ms
2025/03/30 10:07:10 [GET] ::1 /v1/admin/checkauth 200 8.869084ms
2025/03/30 10:07:10 [GET] ::1 /v1/image/23 200 3.249091ms
2025/03/30 10:07:11 [GET] ::1 /v1/admin/checkauth 200 4.849591ms
2025/03/30 10:07:11 [GET] ::1 /v1/image/23 200 2.081509ms
2025/03/30 10:07:11 [GET] ::1 /v1/admin/checkauth 200 3.868957ms
2025/03/30 10:07:11 [GET] ::1 /v1/image/23 200 5.796664ms
2025/03/30 10:07:16 [GET] ::1 /v1/admin/checkauth 200 7.110637ms
2025/03/30 10:07:18 [GET] ::1 /v1/admin/checkauth 200 6.584973ms
2025/03/30 10:07:55 [GET] ::1 /v1/admin/checkauth 200 3.928519ms
2025/03/30 10:07:57 [GET] ::1 /v1/admin/checkauth 200 7.330699ms
2025/03/30 10:08:04 [GET] ::1 /v1/admin/checkauth 200 8.039043ms
2025/03/30 10:08:07 [GET] ::1 /v1/admin/checkauth 200 11.040912ms
2025/03/30 10:08:49 [GET] ::1 /v1/admin/checkauth 200 7.972358ms
2025/03/30 10:08:49 [GET] ::1 /v1/admin/checkauth 200 3.101697ms
2025/03/30 10:08:49 [GET] ::1 /v1/checkstatus 200 22.796µs
2025/03/30 10:08:51 [GET] ::1 /v1/admin/checkauth 200 4.056822ms
2025/03/30 10:08:52 [GET] ::1 /v1/admin/checkauth 200 4.347844ms
2025/03/30 10:08:52 [GET] ::1 /v1/admin/checkauth 200 2.875678ms
2025/03/30 10:08:53 [GET] ::1 /v1/config 200 5.944575ms
2025/03/30 10:08:53 [GET] ::1 /v1/admin/checkauth 200 2.924935ms
2025/03/30 10:08:53 [GET] ::1 /v1/admin/checkauth 200 4.969779ms
2025/03/30 10:09:15 [GET] ::1 /v1/admin/checkauth 200 12.86164ms
2025/03/30 10:09:15 [GET] ::1 /v1/admin/checkauth 200 3.966105ms
2025/03/30 10:09:15 [GET] ::1 /v1/checkstatus 200 56.474µs
2025/03/30 10:09:17 [GET] ::1 /v1/admin/checkauth 200 9.046126ms
2025/03/30 10:09:18 [GET] ::1 /v1/admin/checkauth 200 5.707516ms
2025/03/30 10:09:18 [GET] ::1 /v1/admin/checkauth 200 3.55091ms
2025/03/30 10:09:18 [GET] ::1 /v1/config 200 2.715071ms
2025/03/30 10:09:18 [GET] ::1 /v1/admin/checkauth 200 6.278803ms
2025/03/30 10:09:18 [GET] ::1 /v1/admin/checkauth 200 4.853368ms
2025/03/30 10:09:53 [GET] ::1 /v1/admin/checkauth 200 8.838765ms
2025/03/30 10:09:53 [GET] ::1 /v1/admin/checkauth 200 11.940295ms
2025/03/30 10:09:53 [GET] ::1 /v1/checkstatus 200 22.31µs
2025/03/30 10:09:55 [GET] ::1 /v1/admin/checkauth 200 3.5266ms
2025/03/30 10:09:55 [GET] ::1 /v1/admin/checkauth 200 6.146369ms
2025/03/30 10:09:56 [GET] ::1 /v1/admin/checkauth 200 4.289613ms
2025/03/30 10:09:56 [GET] ::1 /v1/config 200 2.847794ms
2025/03/30 10:09:56 [GET] ::1 /v1/admin/checkauth 200 2.330287ms
2025/03/30 10:09:56 [GET] ::1 /v1/admin/checkauth 200 11.497361ms
2025/03/30 10:09:59 [GET] ::1 /v1/admin/checkauth 200 4.157145ms
2025/03/30 10:10:01 [GET] ::1 /v1/admin/checkauth 200 8.321393ms
2025/03/30 10:11:16 [GET] ::1 /v1/admin/checkauth 200 7.18544ms
2025/03/30 10:11:18 [GET] ::1 /v1/admin/checkauth 200 7.813354ms
2025/03/30 10:11:21 [GET] ::1 /v1/admin/checkauth 200 5.11519ms
2025/03/30 10:11:21 [GET] ::1 /v1/admin/pages/typenstatus/ 200 102.55948ms
2025/03/30 10:11:21 [GET] ::1 /v1/admin/checkauth 200 5.495032ms
2025/03/30 10:11:21 [GET] ::1 /v1/admin/pages/typenstatus/ 200 17.246961ms
2025/03/30 10:11:50 [GET] ::1 /v1/admin/checkauth 200 3.803966ms
2025/03/30 10:11:50 [GET] ::1 /v1/admin/checkauth 200 7.088703ms
2025/03/30 10:11:51 [GET] ::1 /v1/checkstatus 200 17.25µs
2025/03/30 10:11:53 [GET] ::1 /v1/admin/checkauth 200 3.8662ms
2025/03/30 10:11:53 [GET] ::1 /v1/admin/pages/typenstatus/ 200 17.571678ms
2025/03/30 10:11:53 [GET] ::1 /v1/admin/checkauth 200 2.60811ms
2025/03/30 10:11:53 [GET] ::1 /v1/admin/checkauth 200 3.870063ms
2025/03/30 10:11:54 [GET] ::1 /v1/admin/checkauth 200 6.207808ms
2025/03/30 10:11:54 [GET] ::1 /v1/config 200 10.761459ms
2025/03/30 10:11:54 [GET] ::1 /v1/admin/checkauth 200 3.486813ms
2025/03/30 10:11:54 [GET] ::1 /v1/admin/checkauth 200 4.455954ms
2025/03/30 10:11:55 [GET] ::1 /v1/admin/pages/typenstatus/ 200 17.083074ms
2025/03/30 10:11:55 [GET] ::1 /v1/admin/checkauth 200 4.151495ms
2025/03/30 10:11:55 [GET] ::1 /v1/admin/checkauth 200 3.33543ms
2025/03/30 10:11:55 [GET] ::1 /v1/admin/pages/typenstatus/ 200 6.17891ms
2025/03/30 10:12:04 [GET] ::1 /v1/admin/checkauth 200 4.787892ms
2025/03/30 10:12:07 [GET] ::1 /v1/admin/checkauth 200 11.874661ms
2025/03/30 10:12:39 [GET] ::1 /v1/admin/checkauth 200 9.000148ms
2025/03/30 10:12:39 [GET] ::1 /v1/admin/checkauth 200 3.532617ms
2025/03/30 10:12:39 [GET] ::1 /v1/checkstatus 200 17.729µs
2025/03/30 10:12:41 [GET] ::1 /v1/admin/checkauth 200 4.372982ms
2025/03/30 10:12:42 [GET] ::1 /v1/admin/checkauth 200 11.962414ms
2025/03/30 10:12:42 [GET] ::1 /v1/admin/checkauth 200 4.768595ms
2025/03/30 10:12:42 [GET] ::1 /v1/config 200 2.564304ms
2025/03/30 10:12:43 [GET] ::1 /v1/admin/checkauth 200 12.293591ms
2025/03/30 10:12:43 [GET] ::1 /v1/admin/checkauth 200 15.547444ms
2025/03/30 10:12:46 [GET] ::1 /v1/admin/checkauth 200 3.85459ms
2025/03/30 10:12:52 [GET] ::1 /v1/admin/checkauth 200 5.161197ms
2025/03/30 10:13:33 [GET] ::1 /v1/admin/checkauth 200 6.052791ms
2025/03/30 10:13:33 [GET] ::1 /v1/admin/checkauth 200 3.105472ms
2025/03/30 10:13:34 [GET] ::1 /v1/checkstatus 200 21.534µs
2025/03/30 10:13:36 [GET] ::1 /v1/admin/checkauth 200 3.800435ms
2025/03/30 10:13:36 [GET] ::1 /v1/admin/checkauth 200 2.797602ms
2025/03/30 10:13:36 [GET] ::1 /v1/admin/checkauth 200 2.820084ms
2025/03/30 10:13:36 [GET] ::1 /v1/config 200 3.727174ms
2025/03/30 10:13:37 [GET] ::1 /v1/admin/checkauth 200 3.443586ms
2025/03/30 10:13:37 [GET] ::1 /v1/admin/checkauth 200 14.889ms
2025/03/30 10:13:44 [GET] ::1 /v1/admin/checkauth 200 10.610773ms
2025/03/30 10:13:46 [GET] ::1 /v1/admin/checkauth 200 7.694062ms
2025/03/30 10:13:57 [GET] ::1 /v1/admin/checkauth 200 9.20212ms
2025/03/30 10:13:59 [GET] ::1 /v1/admin/checkauth 200 7.324861ms
2025/03/30 10:14:52 [GET] ::1 /v1/admin/checkauth 200 11.21137ms
2025/03/30 10:14:52 [GET] ::1 /v1/admin/checkauth 200 6.684032ms
2025/03/30 10:14:52 [GET] ::1 /v1/checkstatus 200 18.406µs
2025/03/30 10:14:54 [GET] ::1 /v1/admin/checkauth 200 3.764499ms
2025/03/30 10:14:54 [GET] ::1 /v1/admin/checkauth 200 3.932068ms
2025/03/30 10:14:55 [GET] ::1 /v1/admin/checkauth 200 5.065339ms
2025/03/30 10:14:55 [GET] ::1 /v1/config 200 4.380355ms
2025/03/30 10:14:55 [GET] ::1 /v1/admin/checkauth 200 6.065364ms
2025/03/30 10:14:55 [GET] ::1 /v1/admin/checkauth 200 3.413353ms
2025/03/30 10:15:11 [GET] ::1 /v1/admin/checkauth 200 2.707138ms
2025/03/30 10:15:12 [GET] ::1 /v1/admin/checkauth 200 9.09979ms
2025/03/30 10:15:12 [GET] ::1 /v1/checkstatus 200 24.281µs
2025/03/30 10:15:14 [GET] ::1 /v1/admin/checkauth 200 3.219591ms
2025/03/30 10:15:14 [GET] ::1 /v1/admin/checkauth 200 1.853628ms
2025/03/30 10:15:14 [GET] ::1 /v1/admin/checkauth 200 4.721371ms
2025/03/30 10:15:15 [GET] ::1 /v1/config 200 5.405091ms
2025/03/30 10:15:15 [GET] ::1 /v1/admin/checkauth 200 3.003641ms
2025/03/30 10:15:15 [GET] ::1 /v1/admin/checkauth 200 7.390383ms
2025/03/30 10:15:28 [GET] ::1 /v1/admin/checkauth 200 10.090753ms
2025/03/30 10:15:31 [GET] ::1 /v1/admin/checkauth 200 5.954679ms
2025/03/30 10:19:34 [GET] ::1 /v1/admin/checkauth 200 9.350662ms
2025/03/30 10:19:34 [GET] ::1 /v1/admin/checkauth 200 9.004529ms
2025/03/30 10:19:34 [GET] ::1 /v1/checkstatus 200 18.591µs
2025/03/30 10:19:36 [GET] ::1 /v1/admin/checkauth 200 10.041802ms
2025/03/30 10:19:37 [GET] ::1 /v1/admin/checkauth 200 4.838191ms
2025/03/30 10:19:37 [GET] ::1 /v1/admin/checkauth 200 3.745962ms
2025/03/30 10:19:37 [GET] ::1 /v1/config 200 2.747487ms
2025/03/30 10:19:37 [GET] ::1 /v1/admin/checkauth 200 2.608437ms
2025/03/30 10:19:38 [GET] ::1 /v1/admin/checkauth 200 3.053916ms
2025/03/30 10:19:51 [GET] ::1 /v1/admin/checkauth 200 5.483583ms
2025/03/30 10:19:51 [GET] ::1 /v1/admin/checkauth 200 5.633669ms
2025/03/30 10:19:51 [GET] ::1 /v1/checkstatus 200 31.904µs
2025/03/30 10:19:53 [GET] ::1 /v1/admin/checkauth 200 5.729213ms
2025/03/30 10:19:53 [GET] ::1 /v1/admin/checkauth 200 2.657313ms
2025/03/30 10:19:53 [GET] ::1 /v1/admin/checkauth 200 4.339916ms
2025/03/30 10:19:53 [GET] ::1 /v1/config 200 3.736095ms
2025/03/30 10:19:54 [GET] ::1 /v1/admin/checkauth 200 4.143863ms
2025/03/30 10:19:54 [GET] ::1 /v1/admin/checkauth 200 4.232978ms
2025/03/30 10:20:47 [GET] ::1 /v1/admin/checkauth 200 21.439427ms
2025/03/30 10:20:47 [GET] ::1 /v1/admin/checkauth 200 16.138819ms
2025/03/30 10:20:48 [GET] ::1 /v1/checkstatus 200 59.643µs
2025/03/30 10:20:50 [GET] ::1 /v1/admin/checkauth 200 4.783852ms
2025/03/30 10:20:50 [GET] ::1 /v1/admin/checkauth 200 4.858297ms
2025/03/30 10:20:51 [GET] ::1 /v1/admin/checkauth 200 7.586637ms
2025/03/30 10:20:51 [GET] ::1 /v1/config 200 8.320091ms
2025/03/30 10:20:51 [GET] ::1 /v1/admin/checkauth 200 2.428939ms
2025/03/30 10:20:52 [GET] ::1 /v1/admin/checkauth 200 3.080126ms
2025/03/30 10:20:55 [GET] ::1 /v1/admin/checkauth 200 6.898339ms
2025/03/30 10:20:55 [GET] ::1 /v1/admin/checkauth 200 2.758415ms
2025/03/30 10:20:56 [GET] ::1 /v1/checkstatus 200 19.382µs
2025/03/30 10:20:56 [GET] ::1 /v1/checkstatus 200 16.259µs
2025/03/30 10:20:58 [GET] ::1 /v1/admin/checkauth 200 6.088308ms
2025/03/30 10:20:58 [GET] ::1 /v1/admin/checkauth 200 3.207494ms
2025/03/30 10:20:58 [GET] ::1 /v1/admin/checkauth 200 4.763421ms
2025/03/30 10:20:59 [GET] ::1 /v1/config 200 3.528441ms
2025/03/30 10:20:59 [GET] ::1 /v1/admin/checkauth 200 2.61265ms
2025/03/30 10:20:59 [GET] ::1 /v1/admin/checkauth 200 3.084007ms
2025/03/30 10:21:23 [GET] ::1 /v1/admin/checkauth 200 4.208136ms
2025/03/30 10:21:23 [GET] ::1 /v1/admin/checkauth 200 6.224556ms
2025/03/30 10:21:24 [GET] ::1 /v1/checkstatus 200 17.348µs
2025/03/30 10:21:26 [GET] ::1 /v1/admin/checkauth 200 5.142553ms
2025/03/30 10:21:27 [GET] ::1 /v1/admin/checkauth 200 4.306207ms
2025/03/30 10:21:27 [GET] ::1 /v1/admin/checkauth 200 5.069644ms
2025/03/30 10:21:27 [GET] ::1 /v1/config 200 3.000386ms
2025/03/30 10:21:27 [GET] ::1 /v1/admin/checkauth 200 3.494588ms
2025/03/30 10:21:28 [GET] ::1 /v1/admin/checkauth 200 15.757059ms
2025/03/30 10:22:24 [GET] ::1 /v1/admin/checkauth 200 6.827834ms
2025/03/30 10:22:24 [GET] ::1 /v1/admin/checkauth 200 2.823546ms
2025/03/30 10:22:25 [GET] ::1 /v1/checkstatus 200 26.565µs
2025/03/30 10:24:07 [GET] ::1 /v1/admin/checkauth 200 8.011083ms
2025/03/30 10:24:07 [GET] ::1 /v1/admin/checkauth 200 3.068652ms
2025/03/30 10:24:07 [GET] ::1 /v1/checkstatus 200 17.211µs
2025/03/30 10:24:10 [GET] ::1 /v1/admin/checkauth 200 2.989336ms
2025/03/30 10:24:10 [GET] ::1 /v1/admin/checkauth 200 7.047624ms
2025/03/30 10:24:10 [GET] ::1 /v1/admin/checkauth 200 3.304984ms
2025/03/30 10:24:11 [GET] ::1 /v1/config 200 8.0812ms
2025/03/30 10:24:11 [GET] ::1 /v1/admin/checkauth 200 4.003246ms
2025/03/30 10:24:11 [GET] ::1 /v1/admin/checkauth 200 8.904709ms
2025/03/30 10:26:49 [GET] ::1 /v1/admin/checkauth 200 16.227511ms
2025/03/30 10:26:49 [GET] ::1 /v1/admin/checkauth 200 3.333397ms
2025/03/30 10:26:50 [GET] ::1 /v1/checkstatus 200 20.164µs
2025/03/30 10:26:52 [GET] ::1 /v1/admin/checkauth 200 5.033968ms
2025/03/30 10:26:52 [GET] ::1 /v1/admin/checkauth 200 3.698109ms
2025/03/30 10:26:52 [GET] ::1 /v1/admin/checkauth 200 4.434446ms
2025/03/30 10:26:52 [GET] ::1 /v1/config 200 2.066581ms
2025/03/30 10:26:53 [GET] ::1 /v1/admin/checkauth 200 6.402622ms
2025/03/30 10:26:53 [GET] ::1 /v1/admin/checkauth 200 2.74849ms
2025/03/30 10:27:00 [GET] ::1 /v1/admin/checkauth 200 6.908047ms
2025/03/30 10:27:00 [GET] ::1 /v1/admin/checkauth 200 4.234544ms
2025/03/30 10:27:01 [GET] ::1 /v1/checkstatus 200 15.323µs
2025/03/30 10:27:03 [GET] ::1 /v1/admin/checkauth 200 3.864433ms
2025/03/30 10:27:03 [GET] ::1 /v1/admin/checkauth 200 2.902204ms
2025/03/30 10:27:03 [GET] ::1 /v1/admin/checkauth 200 2.753995ms
2025/03/30 10:27:04 [GET] ::1 /v1/config 200 3.055934ms
2025/03/30 10:27:04 [GET] ::1 /v1/admin/checkauth 200 3.885708ms
2025/03/30 10:27:04 [GET] ::1 /v1/admin/checkauth 200 5.56121ms
2025/03/30 10:27:37 [GET] ::1 /v1/admin/checkauth 200 3.815431ms
2025/03/30 10:27:37 [GET] ::1 /v1/admin/checkauth 200 3.670044ms
2025/03/30 10:27:38 [GET] ::1 /v1/checkstatus 200 18.457µs
2025/03/30 10:27:41 [GET] ::1 /v1/admin/checkauth 200 10.292424ms
2025/03/30 10:27:41 [GET] ::1 /v1/admin/checkauth 200 4.105875ms
2025/03/30 10:27:41 [GET] ::1 /v1/admin/checkauth 200 3.152784ms
2025/03/30 10:27:41 [GET] ::1 /v1/config 200 3.057292ms
2025/03/30 10:27:42 [GET] ::1 /v1/admin/checkauth 200 4.74557ms
2025/03/30 10:27:42 [GET] ::1 /v1/admin/checkauth 200 3.064714ms
2025/03/30 10:28:33 [GET] ::1 /v1/admin/checkauth 200 9.788696ms
2025/03/30 10:28:39 [GET] ::1 /v1/admin/checkauth 200 6.220674ms
2025/03/30 10:29:08 [GET] ::1 /v1/admin/checkauth 200 5.341132ms
2025/03/30 10:29:11 [GET] ::1 /v1/admin/checkauth 200 5.936886ms
2025/03/30 10:33:57 [GET] ::1 /v1/admin/checkauth 200 9.567811ms
2025/03/30 10:33:57 [GET] ::1 /v1/admin/checkauth 200 6.639245ms
2025/03/30 10:33:57 [GET] ::1 /v1/checkstatus 200 18.245µs
2025/03/30 10:34:00 [GET] ::1 /v1/admin/checkauth 200 8.519454ms
2025/03/30 10:34:00 [GET] ::1 /v1/admin/checkauth 200 3.409748ms
2025/03/30 10:34:01 [GET] ::1 /v1/admin/checkauth 200 3.90614ms
2025/03/30 10:34:01 [GET] ::1 /v1/config 200 3.322332ms
2025/03/30 10:34:01 [GET] ::1 /v1/admin/checkauth 200 3.170159ms
2025/03/30 10:34:01 [GET] ::1 /v1/admin/checkauth 200 3.554804ms
2025/03/30 10:35:24 [GET] ::1 /v1/admin/checkauth 200 8.606245ms
2025/03/30 10:35:24 [GET] ::1 /v1/admin/checkauth 200 4.690144ms
2025/03/30 10:35:24 [GET] ::1 /v1/checkstatus 200 28.968µs
2025/03/30 10:35:27 [GET] ::1 /v1/admin/checkauth 200 4.389895ms
2025/03/30 10:35:27 [GET] ::1 /v1/admin/checkauth 200 5.745543ms
2025/03/30 10:35:27 [GET] ::1 /v1/admin/checkauth 200 4.672106ms
2025/03/30 10:35:28 [GET] ::1 /v1/config 200 3.117059ms
2025/03/30 10:35:28 [GET] ::1 /v1/admin/checkauth 200 2.730356ms
2025/03/30 10:35:28 [GET] ::1 /v1/admin/checkauth 200 6.521047ms
2025/03/30 10:36:27 [GET] ::1 /v1/admin/checkauth 200 6.300588ms
2025/03/30 10:36:30 [GET] ::1 /v1/admin/checkauth 200 6.273239ms
2025/03/30 10:37:38 [GET] ::1 /v1/admin/checkauth 200 13.029834ms
2025/03/30 10:37:38 [GET] ::1 /v1/admin/checkauth 200 5.082238ms
2025/03/30 10:37:38 [GET] ::1 /v1/checkstatus 200 20.795µs
2025/03/30 10:37:40 [GET] ::1 /v1/admin/checkauth 200 10.242019ms
2025/03/30 10:37:41 [GET] ::1 /v1/admin/checkauth 200 11.455918ms
2025/03/30 10:37:41 [GET] ::1 /v1/admin/checkauth 200 4.306495ms
2025/03/30 10:37:42 [GET] ::1 /v1/config 200 5.261352ms
2025/03/30 10:37:42 [GET] ::1 /v1/admin/checkauth 200 7.958634ms
2025/03/30 10:37:42 [GET] ::1 /v1/admin/checkauth 200 2.925825ms
2025/03/30 10:39:55 [GET] ::1 /v1/admin/checkauth 200 6.414409ms
2025/03/30 10:39:55 [GET] ::1 /v1/admin/checkauth 200 3.008498ms
2025/03/30 10:39:56 [GET] ::1 /v1/checkstatus 200 18.459µs
2025/03/30 10:39:58 [GET] ::1 /v1/admin/checkauth 200 4.380744ms
2025/03/30 10:39:59 [GET] ::1 /v1/admin/checkauth 200 3.299158ms
2025/03/30 10:39:59 [GET] ::1 /v1/admin/checkauth 200 2.566ms
2025/03/30 10:39:59 [GET] ::1 /v1/config 200 2.919968ms
2025/03/30 10:40:00 [GET] ::1 /v1/admin/checkauth 200 4.080135ms
2025/03/30 10:40:00 [GET] ::1 /v1/admin/checkauth 200 4.601285ms
2025/03/30 10:41:29 [GET] ::1 /v1/admin/checkauth 200 4.814015ms
2025/03/30 10:41:29 [GET] ::1 /v1/admin/checkauth 200 3.780839ms
2025/03/30 10:41:29 [GET] ::1 /v1/checkstatus 200 31.62µs
2025/03/30 10:41:32 [GET] ::1 /v1/admin/checkauth 200 6.049369ms
2025/03/30 10:41:33 [GET] ::1 /v1/admin/checkauth 200 4.894726ms
2025/03/30 10:41:33 [GET] ::1 /v1/admin/checkauth 200 12.449581ms
2025/03/30 10:41:33 [GET] ::1 /v1/config 200 5.56322ms
2025/03/30 10:41:33 [GET] ::1 /v1/admin/checkauth 200 4.492811ms
2025/03/30 10:41:34 [GET] ::1 /v1/admin/checkauth 200 5.722532ms
2025/03/30 10:41:55 [GET] ::1 /v1/admin/checkauth 200 4.922293ms
2025/03/30 10:41:55 [GET] ::1 /v1/admin/checkauth 200 4.351314ms
2025/03/30 10:41:56 [GET] ::1 /v1/checkstatus 200 41.117µs
2025/03/30 10:41:58 [GET] ::1 /v1/admin/checkauth 200 3.123777ms
2025/03/30 10:41:59 [GET] ::1 /v1/admin/checkauth 200 2.637405ms
2025/03/30 10:41:59 [GET] ::1 /v1/admin/checkauth 200 5.202998ms
2025/03/30 10:41:59 [GET] ::1 /v1/config 200 1.875955ms
2025/03/30 10:41:59 [GET] ::1 /v1/admin/checkauth 200 3.294641ms
2025/03/30 10:42:00 [GET] ::1 /v1/admin/checkauth 200 5.905645ms
2025/03/30 10:42:23 [GET] ::1 /v1/admin/checkauth 200 5.364409ms
2025/03/30 10:42:23 [GET] ::1 /v1/admin/checkauth 200 3.5289ms
2025/03/30 10:42:23 [GET] ::1 /v1/checkstatus 200 16.286µs
2025/03/30 10:42:26 [GET] ::1 /v1/admin/checkauth 200 4.851141ms
2025/03/30 10:42:26 [GET] ::1 /v1/admin/checkauth 200 8.41305ms
2025/03/30 10:42:26 [GET] ::1 /v1/admin/checkauth 200 14.259749ms
2025/03/30 10:42:27 [GET] ::1 /v1/config 200 5.250552ms
2025/03/30 10:42:27 [GET] ::1 /v1/admin/checkauth 200 3.637556ms
2025/03/30 10:42:27 [GET] ::1 /v1/admin/checkauth 200 5.974239ms
2025/03/30 10:42:36 [GET] ::1 /v1/admin/checkauth 200 6.560591ms
2025/03/30 10:42:36 [GET] ::1 /v1/admin/checkauth 200 17.58349ms
2025/03/30 10:42:36 [GET] ::1 /v1/checkstatus 200 38.001µs
2025/03/30 10:42:39 [GET] ::1 /v1/admin/checkauth 200 4.944721ms
2025/03/30 10:42:39 [GET] ::1 /v1/admin/checkauth 200 7.530716ms
2025/03/30 10:42:40 [GET] ::1 /v1/admin/checkauth 200 2.688337ms
2025/03/30 10:42:40 [GET] ::1 /v1/config 200 2.335056ms
2025/03/30 10:42:40 [GET] ::1 /v1/admin/checkauth 200 5.276586ms
2025/03/30 10:42:40 [GET] ::1 /v1/admin/checkauth 200 11.331458ms
2025/03/30 10:42:48 [GET] ::1 /v1/admin/checkauth 200 3.573125ms
2025/03/30 10:42:48 [GET] ::1 /v1/admin/checkauth 200 4.65788ms
2025/03/30 10:42:49 [GET] ::1 /v1/checkstatus 200 50.041µs
2025/03/30 10:42:51 [GET] ::1 /v1/admin/checkauth 200 5.073599ms
2025/03/30 10:42:52 [GET] ::1 /v1/admin/checkauth 200 9.675709ms
2025/03/30 10:42:52 [GET] ::1 /v1/admin/checkauth 200 4.437545ms
2025/03/30 10:42:53 [GET] ::1 /v1/config 200 5.375872ms
2025/03/30 10:42:53 [GET] ::1 /v1/admin/checkauth 200 4.943967ms
2025/03/30 10:42:53 [GET] ::1 /v1/admin/checkauth 200 3.740614ms
2025/03/30 10:43:07 [GET] ::1 /v1/admin/checkauth 200 3.592878ms
2025/03/30 10:43:10 [GET] ::1 /v1/admin/checkauth 200 12.630112ms
2025/03/30 10:43:13 [GET] ::1 /v1/admin/checkauth 200 12.532314ms
2025/03/30 10:43:15 [GET] ::1 /v1/admin/checkauth 200 8.733233ms
2025/03/30 10:45:31 [GET] ::1 /v1/admin/checkauth 200 18.34485ms
2025/03/30 10:45:31 [GET] ::1 /v1/admin/checkauth 200 12.909009ms
2025/03/30 10:45:31 [GET] ::1 /v1/checkstatus 200 23.857µs
2025/03/30 10:45:34 [GET] ::1 /v1/admin/checkauth 200 4.045299ms
2025/03/30 10:45:35 [GET] ::1 /v1/admin/checkauth 200 2.719086ms
2025/03/30 10:45:35 [GET] ::1 /v1/admin/checkauth 200 4.830915ms
2025/03/30 10:45:35 [GET] ::1 /v1/config 200 4.429981ms
2025/03/30 10:45:35 [GET] ::1 /v1/admin/checkauth 200 3.374162ms
2025/03/30 10:45:36 [GET] ::1 /v1/admin/checkauth 200 5.918092ms
2025/03/30 10:46:00 [GET] ::1 /v1/admin/checkauth 200 3.803237ms
2025/03/30 10:46:02 [GET] ::1 /v1/admin/checkauth 200 7.510218ms
2025/03/30 10:48:04 [GET] ::1 /v1/admin/checkauth 200 10.455067ms
2025/03/30 10:48:04 [GET] ::1 /v1/admin/checkauth 200 2.981585ms
2025/03/30 10:48:05 [GET] ::1 /v1/checkstatus 200 16.35µs
2025/03/30 10:48:07 [GET] ::1 /v1/admin/checkauth 200 2.761095ms
2025/03/30 10:48:07 [GET] ::1 /v1/admin/checkauth 200 2.926568ms
2025/03/30 10:48:07 [GET] ::1 /v1/admin/checkauth 200 4.740906ms
2025/03/30 10:48:08 [GET] ::1 /v1/config 200 2.378793ms
2025/03/30 10:48:08 [GET] ::1 /v1/admin/checkauth 200 3.210507ms
2025/03/30 10:48:08 [GET] ::1 /v1/admin/checkauth 200 5.557552ms
2025/03/30 10:53:14 [GET] ::1 /v1/admin/checkauth 200 6.802289ms
2025/03/30 10:53:14 [GET] ::1 /v1/admin/checkauth 200 6.27373ms
2025/03/30 10:53:14 [GET] ::1 /v1/checkstatus 200 15.781µs
2025/03/30 10:53:17 [GET] ::1 /v1/admin/checkauth 200 7.054602ms
2025/03/30 10:53:17 [GET] ::1 /v1/admin/checkauth 200 4.048228ms
2025/03/30 10:53:17 [GET] ::1 /v1/admin/checkauth 200 4.823217ms
2025/03/30 10:53:17 [GET] ::1 /v1/config 200 2.727962ms
2025/03/30 10:53:18 [GET] ::1 /v1/admin/checkauth 200 2.384413ms
2025/03/30 10:53:18 [GET] ::1 /v1/admin/checkauth 200 3.536876ms
2025/03/30 10:53:41 [GET] ::1 /v1/admin/checkauth 200 6.91852ms
2025/03/30 10:53:41 [GET] ::1 /v1/admin/checkauth 200 10.733485ms
2025/03/30 10:53:41 [GET] ::1 /v1/checkstatus 200 31.861µs
2025/03/30 10:53:44 [GET] ::1 /v1/admin/checkauth 200 2.873027ms
2025/03/30 10:53:45 [GET] ::1 /v1/admin/checkauth 200 3.397849ms
2025/03/30 10:53:45 [GET] ::1 /v1/admin/checkauth 200 4.074868ms
2025/03/30 10:53:45 [GET] ::1 /v1/config 200 6.751313ms
2025/03/30 10:53:45 [GET] ::1 /v1/admin/checkauth 200 3.937505ms
2025/03/30 10:53:46 [GET] ::1 /v1/admin/checkauth 200 2.892299ms
2025/03/30 10:53:55 [GET] ::1 /v1/admin/checkauth 200 2.537637ms
2025/03/30 10:53:58 [GET] ::1 /v1/admin/checkauth 200 10.555885ms
2025/03/30 10:54:02 [GET] ::1 /v1/admin/checkauth 200 9.006867ms
2025/03/30 10:54:04 [GET] ::1 /v1/admin/checkauth 200 7.91229ms
2025/03/30 10:54:05 [GET] ::1 /v1/admin/checkauth 200 9.817528ms
2025/03/30 10:54:05 [GET] ::1 /v1/admin/pages/typenstatus/ 200 61.529848ms
2025/03/30 10:54:05 [GET] ::1 /v1/admin/checkauth 200 3.989941ms
2025/03/30 10:54:06 [GET] ::1 /v1/admin/pages/typenstatus/ 200 3.671463ms
2025/03/30 10:54:08 [GET] ::1 /v1/admin/checkauth 200 16.445371ms
2025/03/30 10:54:11 [GET] ::1 /v1/admin/checkauth 200 5.424061ms
2025/03/30 10:54:17 [GET] ::1 /v1/admin/checkauth 200 7.123332ms
2025/03/30 10:54:21 [GET] ::1 /v1/admin/checkauth 200 2.930482ms
2025/03/30 10:54:23 [GET] ::1 /v1/admin/checkauth 200 5.354593ms
2025/03/30 10:54:27 [GET] ::1 /v1/admin/checkauth 200 6.8601ms
2025/03/30 11:31:18 [GET] ::1 /v1/admin/checkauth 200 40.025463ms
2025/03/30 11:31:21 [GET] ::1 /v1/admin/checkauth 200 6.57544ms
2025/03/30 11:31:25 [GET] ::1 /v1/admin/checkauth 200 6.383643ms
2025/03/30 11:31:26 [GET] ::1 /v1/admin/checkauth 200 5.799685ms
2025/03/30 11:31:37 [GET] ::1 /v1/admin/checkauth 200 7.492848ms
2025/03/30 11:31:40 [GET] ::1 /v1/admin/checkauth 200 7.814059ms
2025/03/30 11:31:41 [GET] ::1 /v1/admin/checkauth 200 3.043407ms
2025/03/30 11:31:41 [GET] ::1 /v1/image/23 200 13.811648ms
2025/03/30 11:31:41 [GET] ::1 /v1/admin/checkauth 200 5.78712ms
2025/03/30 11:31:41 [GET] ::1 /v1/image/23 200 7.486438ms
2025/03/30 11:31:42 [GET] ::1 /v1/admin/checkauth 200 3.372834ms
2025/03/30 11:31:42 [GET] ::1 /v1/image/23 200 2.005869ms
2025/03/30 11:31:42 [GET] ::1 /v1/admin/checkauth 200 4.029415ms
2025/03/30 11:31:42 [GET] ::1 /v1/image/23 200 4.843258ms
2025/03/30 11:31:44 [GET] ::1 /v1/admin/checkauth 200 7.099582ms
2025/03/30 11:32:08 [GET] ::1 /v1/admin/checkauth 200 4.066125ms
2025/03/30 11:32:09 [GET] ::1 /v1/admin/checkauth 200 5.256187ms
2025/03/30 11:32:09 [GET] ::1 /v1/image/23 200 7.958459ms
2025/03/30 11:32:09 [GET] ::1 /v1/admin/checkauth 200 7.33929ms
2025/03/30 11:32:10 [GET] ::1 /v1/image/23 200 2.377065ms
2025/03/30 11:32:10 [GET] ::1 /v1/admin/checkauth 200 11.804759ms
2025/03/30 11:32:10 [GET] ::1 /v1/admin/checkauth 200 3.640865ms
2025/03/30 11:32:11 [GET] ::1 /v1/image/23 200 5.257455ms
2025/03/30 11:32:11 [GET] ::1 /v1/admin/checkauth 200 2.684106ms
2025/03/30 11:32:11 [GET] ::1 /v1/image/23 200 1.744018ms
2025/03/30 11:32:11 [GET] ::1 /v1/admin/checkauth 200 2.899103ms
2025/03/30 11:32:11 [GET] ::1 /v1/checkstatus 200 666.671µs
2025/03/30 11:32:14 [GET] ::1 /v1/admin/checkauth 200 6.235376ms
2025/03/30 11:33:46 [GET] ::1 /v1/admin/checkauth 200 8.291869ms
2025/03/30 11:33:46 [GET] ::1 /v1/admin/checkauth 200 5.49776ms
2025/03/30 11:33:46 [GET] ::1 /v1/checkstatus 200 43.982µs
2025/03/30 11:33:49 [GET] ::1 /v1/admin/checkauth 200 3.159891ms
2025/03/30 11:33:50 [GET] ::1 /v1/admin/checkauth 200 2.811648ms
2025/03/30 11:33:50 [GET] ::1 /v1/admin/checkauth 200 9.11351ms
2025/03/30 11:33:50 [GET] ::1 /v1/config 200 12.745833ms
2025/03/30 11:33:50 [GET] ::1 /v1/admin/checkauth 200 5.596166ms
2025/03/30 11:33:51 [GET] ::1 /v1/admin/checkauth 200 6.342646ms
2025/03/30 11:34:43 [GET] ::1 /v1/admin/checkauth 200 5.40151ms
2025/03/30 11:34:43 [GET] ::1 /v1/admin/checkauth 200 10.158304ms
2025/03/30 11:34:43 [GET] ::1 /v1/checkstatus 200 15.271µs
2025/03/30 11:34:46 [GET] ::1 /v1/admin/checkauth 200 5.629714ms
2025/03/30 11:34:47 [GET] ::1 /v1/admin/checkauth 200 3.046161ms
2025/03/30 11:34:47 [GET] ::1 /v1/admin/checkauth 200 2.625037ms
2025/03/30 11:34:47 [GET] ::1 /v1/config 200 4.056931ms
2025/03/30 11:34:47 [GET] ::1 /v1/admin/checkauth 200 2.726479ms
2025/03/30 11:34:48 [GET] ::1 /v1/admin/checkauth 200 6.819234ms
2025/03/30 11:35:03 [GET] ::1 /v1/admin/checkauth 200 4.596579ms
2025/03/30 11:35:03 [GET] ::1 /v1/admin/checkauth 200 2.83608ms
2025/03/30 11:35:04 [GET] ::1 /v1/checkstatus 200 15.498µs
2025/03/30 11:35:06 [GET] ::1 /v1/admin/checkauth 200 4.271809ms
2025/03/30 11:35:07 [GET] ::1 /v1/admin/checkauth 200 6.444149ms
2025/03/30 11:35:07 [GET] ::1 /v1/admin/checkauth 200 5.586345ms
2025/03/30 11:35:07 [GET] ::1 /v1/config 200 2.882584ms
2025/03/30 11:35:07 [GET] ::1 /v1/admin/checkauth 200 10.46914ms
2025/03/30 11:35:08 [GET] ::1 /v1/admin/checkauth 200 7.450764ms
2025/03/30 13:28:36 [GET] ::1 /v1/admin/checkauth 200 129.535004ms
2025/03/30 13:28:37 [GET] ::1 /v1/checkstatus 200 471.736µs
2025/03/30 13:28:39 [GET] ::1 /v1/admin/checkauth 200 3.201196ms
2025/03/30 13:28:39 [GET] ::1 /v1/admin/checkauth 200 2.347168ms
2025/03/30 13:28:39 [GET] ::1 /v1/admin/checkauth 200 4.499159ms
2025/03/30 13:28:39 [GET] ::1 /v1/config 200 5.722999ms
2025/03/30 13:28:40 [GET] ::1 /v1/admin/checkauth 200 3.603073ms
2025/03/30 13:28:40 [GET] ::1 /v1/admin/checkauth 200 3.519525ms
2025/03/30 13:30:40 [GET] ::1 /v1/admin/checkauth 200 9.883415ms
2025/03/30 13:30:40 [GET] ::1 /v1/admin/checkauth 200 11.131286ms
2025/03/30 13:30:40 [GET] ::1 /v1/checkstatus 200 15.157µs
2025/03/30 13:30:43 [GET] ::1 /v1/admin/checkauth 200 2.864696ms
2025/03/30 13:30:43 [GET] ::1 /v1/admin/checkauth 200 3.46467ms
2025/03/30 13:30:44 [GET] ::1 /v1/admin/checkauth 200 3.999814ms
2025/03/30 13:30:44 [GET] ::1 /v1/config 200 3.422545ms
2025/03/30 13:30:44 [GET] ::1 /v1/admin/checkauth 200 2.740513ms
2025/03/30 13:30:45 [GET] ::1 /v1/admin/checkauth 200 20.800774ms
2025/03/30 13:31:07 [GET] ::1 /v1/admin/checkauth 200 5.689914ms
2025/03/30 13:31:07 [GET] ::1 /v1/admin/checkauth 200 6.627559ms
2025/03/30 13:31:08 [GET] ::1 /v1/checkstatus 200 17.399µs
2025/03/30 13:31:10 [GET] ::1 /v1/admin/checkauth 200 5.456248ms
2025/03/30 13:31:11 [GET] ::1 /v1/admin/checkauth 200 14.68296ms
2025/03/30 13:31:11 [GET] ::1 /v1/admin/checkauth 200 5.178374ms
2025/03/30 13:31:11 [GET] ::1 /v1/config 200 7.461841ms
2025/03/30 13:31:11 [GET] ::1 /v1/admin/checkauth 200 4.668386ms
2025/03/30 13:31:12 [GET] ::1 /v1/admin/checkauth 200 5.363089ms
2025/03/30 13:32:35 [GET] ::1 /v1/admin/checkauth 200 7.522015ms
2025/03/30 13:32:35 [GET] ::1 /v1/admin/checkauth 200 3.457359ms
2025/03/30 13:32:35 [GET] ::1 /v1/checkstatus 200 20.152µs
2025/03/30 13:32:38 [GET] ::1 /v1/admin/checkauth 200 3.556444ms
2025/03/30 13:32:39 [GET] ::1 /v1/admin/checkauth 200 8.78968ms
2025/03/30 13:32:39 [GET] ::1 /v1/admin/checkauth 200 6.498359ms
2025/03/30 13:32:39 [GET] ::1 /v1/config 200 3.980937ms
2025/03/30 13:32:40 [GET] ::1 /v1/admin/checkauth 200 3.02187ms
2025/03/30 13:32:40 [GET] ::1 /v1/admin/checkauth 200 2.730189ms
2025/03/30 13:33:28 [GET] ::1 /v1/admin/checkauth 200 3.04239ms
2025/03/30 13:33:28 [GET] ::1 /v1/admin/checkauth 200 9.688642ms
2025/03/30 13:33:28 [GET] ::1 /v1/checkstatus 200 21.955µs
2025/03/30 13:33:31 [GET] ::1 /v1/admin/checkauth 200 2.260274ms
2025/03/30 13:33:32 [GET] ::1 /v1/admin/checkauth 200 2.356063ms
2025/03/30 13:33:32 [GET] ::1 /v1/admin/checkauth 200 4.475592ms
2025/03/30 13:33:33 [GET] ::1 /v1/config 200 3.923271ms
2025/03/30 13:33:33 [GET] ::1 /v1/admin/checkauth 200 8.453321ms
2025/03/30 13:33:33 [GET] ::1 /v1/admin/checkauth 200 7.872622ms
2025/03/30 13:34:38 [GET] ::1 /v1/admin/checkauth 200 13.741686ms
2025/03/30 13:34:38 [GET] ::1 /v1/admin/checkauth 200 10.618192ms
2025/03/30 13:34:39 [GET] ::1 /v1/checkstatus 200 30.87µs
2025/03/30 13:34:42 [GET] ::1 /v1/admin/checkauth 200 15.083835ms
2025/03/30 13:34:42 [GET] ::1 /v1/admin/checkauth 200 3.057259ms
2025/03/30 13:34:43 [GET] ::1 /v1/admin/checkauth 200 2.821091ms
2025/03/30 13:34:43 [GET] ::1 /v1/config 200 3.330609ms
2025/03/30 13:34:43 [GET] ::1 /v1/admin/checkauth 200 11.358145ms
2025/03/30 13:34:44 [GET] ::1 /v1/admin/checkauth 200 4.875773ms
2025/03/30 13:36:00 [GET] ::1 /v1/admin/checkauth 200 7.868229ms
2025/03/30 13:36:00 [GET] ::1 /v1/admin/checkauth 200 8.143436ms
2025/03/30 13:36:00 [GET] ::1 /v1/checkstatus 200 15.775µs
2025/03/30 13:36:03 [GET] ::1 /v1/admin/checkauth 200 4.910475ms
2025/03/30 13:36:03 [GET] ::1 /v1/admin/checkauth 200 5.727211ms
2025/03/30 13:36:03 [GET] ::1 /v1/admin/checkauth 200 2.942764ms
2025/03/30 13:36:04 [GET] ::1 /v1/config 200 9.613401ms
2025/03/30 13:36:04 [GET] ::1 /v1/admin/checkauth 200 3.027647ms
2025/03/30 13:36:04 [GET] ::1 /v1/admin/checkauth 200 5.330847ms
2025/03/30 13:36:11 [GET] ::1 /v1/admin/checkauth 200 3.870756ms
2025/03/30 13:36:11 [GET] ::1 /v1/admin/checkauth 200 4.169681ms
2025/03/30 13:36:11 [GET] ::1 /v1/checkstatus 200 18.62µs
2025/03/30 13:36:14 [GET] ::1 /v1/admin/checkauth 200 3.295723ms
2025/03/30 13:36:15 [GET] ::1 /v1/admin/checkauth 200 4.486107ms
2025/03/30 13:36:15 [GET] ::1 /v1/admin/checkauth 200 3.883322ms
2025/03/30 13:36:15 [GET] ::1 /v1/config 200 3.599979ms
2025/03/30 13:36:16 [GET] ::1 /v1/admin/checkauth 200 4.224569ms
2025/03/30 13:36:16 [GET] ::1 /v1/admin/checkauth 200 4.42839ms
2025/03/30 13:39:22 [GET] ::1 /v1/admin/checkauth 200 8.159834ms
2025/03/30 13:39:22 [GET] ::1 /v1/admin/checkauth 200 3.239176ms
2025/03/30 13:39:23 [GET] ::1 /v1/checkstatus 200 17.885µs
2025/03/30 13:39:27 [GET] ::1 /v1/admin/checkauth 200 3.554428ms
2025/03/30 13:39:29 [GET] ::1 /v1/admin/checkauth 200 2.399266ms
2025/03/30 13:39:29 [GET] ::1 /v1/admin/checkauth 200 3.096677ms
2025/03/30 13:39:30 [GET] ::1 /v1/config 200 3.765394ms
2025/03/30 13:39:30 [GET] ::1 /v1/admin/checkauth 200 4.237282ms
2025/03/30 13:39:31 [GET] ::1 /v1/admin/checkauth 200 2.623969ms
2025/03/30 13:39:34 [GET] ::1 /v1/admin/checkauth 200 4.549296ms
2025/03/30 13:39:34 [GET] ::1 /v1/admin/checkauth 200 2.506533ms
2025/03/30 13:39:35 [GET] ::1 /v1/checkstatus 200 13.803µs
2025/03/30 13:39:38 [GET] ::1 /v1/admin/checkauth 200 9.799931ms
2025/03/30 13:39:39 [GET] ::1 /v1/admin/checkauth 200 4.624229ms
2025/03/30 13:39:39 [GET] ::1 /v1/admin/checkauth 200 5.212556ms
2025/03/30 13:39:40 [GET] ::1 /v1/config 200 2.623885ms
2025/03/30 13:39:40 [GET] ::1 /v1/admin/checkauth 200 2.780742ms
2025/03/30 13:39:41 [GET] ::1 /v1/admin/checkauth 200 9.547651ms
2025/03/30 13:39:42 [GET] ::1 /v1/admin/checkauth 200 2.658931ms
2025/03/30 13:39:42 [GET] ::1 /v1/admin/checkauth 200 2.4812ms
2025/03/30 13:39:43 [GET] ::1 /v1/checkstatus 200 16.173µs
2025/03/30 13:39:46 [GET] ::1 /v1/admin/checkauth 200 8.011777ms
2025/03/30 13:39:47 [GET] ::1 /v1/admin/checkauth 200 7.292449ms
2025/03/30 13:39:47 [GET] ::1 /v1/admin/checkauth 200 12.624679ms
2025/03/30 13:39:47 [GET] ::1 /v1/config 200 4.465349ms
2025/03/30 13:39:47 [GET] ::1 /v1/admin/checkauth 200 5.682921ms
2025/03/30 13:39:48 [GET] ::1 /v1/admin/checkauth 200 3.226948ms
2025/03/30 13:44:43 [GET] ::1 /v1/admin/checkauth 200 10.780083ms
2025/03/30 13:44:43 [GET] ::1 /v1/admin/checkauth 200 7.492063ms
2025/03/30 13:44:43 [GET] ::1 /v1/checkstatus 200 16.058µs
2025/03/30 13:44:46 [GET] ::1 /v1/admin/checkauth 200 2.612034ms
2025/03/30 13:44:47 [GET] ::1 /v1/admin/checkauth 200 5.409102ms
2025/03/30 13:44:47 [GET] ::1 /v1/admin/checkauth 200 2.895201ms
2025/03/30 13:44:48 [GET] ::1 /v1/config 200 3.017095ms
2025/03/30 13:44:48 [GET] ::1 /v1/admin/checkauth 200 3.417518ms
2025/03/30 13:44:48 [GET] ::1 /v1/admin/checkauth 200 6.336274ms
2025/03/30 13:45:03 [GET] ::1 /v1/admin/checkauth 200 6.100857ms
2025/03/30 13:45:03 [GET] ::1 /v1/admin/checkauth 200 3.993275ms
2025/03/30 13:45:03 [GET] ::1 /v1/checkstatus 200 15.082µs
2025/03/30 13:45:06 [GET] ::1 /v1/admin/checkauth 200 11.601362ms
2025/03/30 13:45:07 [GET] ::1 /v1/admin/checkauth 200 7.227672ms
2025/03/30 13:45:07 [GET] ::1 /v1/admin/checkauth 200 2.443043ms
2025/03/30 13:45:08 [GET] ::1 /v1/config 200 1.984208ms
2025/03/30 13:45:08 [GET] ::1 /v1/admin/checkauth 200 2.41909ms
2025/03/30 13:45:08 [GET] ::1 /v1/admin/checkauth 200 3.362728ms
2025/03/30 13:45:45 [GET] ::1 /v1/admin/checkauth 200 10.255878ms
2025/03/30 13:45:45 [GET] ::1 /v1/admin/checkauth 200 8.609564ms
2025/03/30 13:45:45 [GET] ::1 /v1/checkstatus 200 14.593µs
2025/03/30 13:45:48 [GET] ::1 /v1/admin/checkauth 200 3.287862ms
2025/03/30 13:45:49 [GET] ::1 /v1/admin/checkauth 200 9.368411ms
2025/03/30 13:45:49 [GET] ::1 /v1/admin/checkauth 200 3.422081ms
2025/03/30 13:45:49 [GET] ::1 /v1/config 200 9.576548ms
2025/03/30 13:45:49 [GET] ::1 /v1/admin/checkauth 200 8.90914ms
2025/03/30 13:45:50 [GET] ::1 /v1/admin/checkauth 200 9.924448ms
2025/03/30 13:46:22 [GET] ::1 /v1/admin/checkauth 200 2.646007ms
2025/03/30 13:46:22 [GET] ::1 /v1/admin/checkauth 200 6.473215ms
2025/03/30 13:46:22 [GET] ::1 /v1/checkstatus 200 21.879µs
2025/03/30 13:46:25 [GET] ::1 /v1/admin/checkauth 200 2.815697ms
2025/03/30 13:46:26 [GET] ::1 /v1/admin/checkauth 200 2.746383ms
2025/03/30 13:46:26 [GET] ::1 /v1/admin/checkauth 200 2.450833ms
2025/03/30 13:46:26 [GET] ::1 /v1/config 200 4.086783ms
2025/03/30 13:46:27 [GET] ::1 /v1/admin/checkauth 200 4.380448ms
2025/03/30 13:46:27 [GET] ::1 /v1/admin/checkauth 200 5.236263ms
2025/03/30 13:46:59 [GET] ::1 /v1/admin/checkauth 200 6.565828ms
2025/03/30 13:46:59 [GET] ::1 /v1/admin/checkauth 200 9.213535ms
2025/03/30 13:46:59 [GET] ::1 /v1/checkstatus 200 56.135µs
2025/03/30 13:47:02 [GET] ::1 /v1/admin/checkauth 200 3.007776ms
2025/03/30 13:47:04 [GET] ::1 /v1/admin/checkauth 200 16.005489ms
2025/03/30 13:47:04 [GET] ::1 /v1/admin/checkauth 200 3.20076ms
2025/03/30 13:47:05 [GET] ::1 /v1/config 200 3.164604ms
2025/03/30 13:47:05 [GET] ::1 /v1/admin/checkauth 200 8.575567ms
2025/03/30 13:47:06 [GET] ::1 /v1/admin/checkauth 200 3.005244ms
2025/03/30 13:49:05 [GET] ::1 /v1/admin/checkauth 200 7.984087ms
2025/03/30 13:49:05 [GET] ::1 /v1/admin/checkauth 200 2.887812ms
2025/03/30 13:49:06 [GET] ::1 /v1/checkstatus 200 19.918µs
2025/03/30 13:49:09 [GET] ::1 /v1/admin/checkauth 200 2.450438ms
2025/03/30 13:49:10 [GET] ::1 /v1/admin/checkauth 200 4.465491ms
2025/03/30 13:49:10 [GET] ::1 /v1/admin/checkauth 200 3.739655ms
2025/03/30 13:49:10 [GET] ::1 /v1/config 200 2.29451ms
2025/03/30 13:49:11 [GET] ::1 /v1/admin/checkauth 200 6.696481ms
2025/03/30 13:49:11 [GET] ::1 /v1/admin/checkauth 200 4.079809ms
2025/03/30 13:49:41 [GET] ::1 /v1/admin/checkauth 200 3.680586ms
2025/03/30 13:49:41 [GET] ::1 /v1/admin/checkauth 200 4.210811ms
2025/03/30 13:49:41 [GET] ::1 /v1/checkstatus 200 16.411µs
2025/03/30 13:49:44 [GET] ::1 /v1/admin/checkauth 200 3.171767ms
2025/03/30 13:49:45 [GET] ::1 /v1/admin/checkauth 200 7.082522ms
2025/03/30 13:49:45 [GET] ::1 /v1/admin/checkauth 200 3.85875ms
2025/03/30 13:49:46 [GET] ::1 /v1/config 200 3.503169ms
2025/03/30 13:49:46 [GET] ::1 /v1/admin/checkauth 200 5.706087ms
2025/03/30 13:49:46 [GET] ::1 /v1/admin/checkauth 200 3.201798ms
2025/03/30 13:49:52 [GET] ::1 /v1/admin/checkauth 200 3.35875ms
2025/03/30 13:49:52 [GET] ::1 /v1/admin/checkauth 200 2.605211ms
2025/03/30 13:49:52 [GET] ::1 /v1/checkstatus 200 41.413µs
2025/03/30 13:49:55 [GET] ::1 /v1/admin/checkauth 200 3.621966ms
2025/03/30 13:49:56 [GET] ::1 /v1/admin/checkauth 200 7.004055ms
2025/03/30 13:49:56 [GET] ::1 /v1/admin/checkauth 200 4.335743ms
2025/03/30 13:49:56 [GET] ::1 /v1/config 200 5.223937ms
2025/03/30 13:49:56 [GET] ::1 /v1/admin/checkauth 200 4.368525ms
2025/03/30 13:49:57 [GET] ::1 /v1/admin/checkauth 200 4.7449ms
2025/03/30 13:49:59 [GET] ::1 /v1/admin/checkauth 200 3.403775ms
2025/03/30 13:49:59 [GET] ::1 /v1/admin/checkauth 200 5.229234ms
2025/03/30 13:49:59 [GET] ::1 /v1/checkstatus 200 16.527µs
2025/03/30 13:50:02 [GET] ::1 /v1/admin/checkauth 200 9.224699ms
2025/03/30 13:50:03 [GET] ::1 /v1/admin/checkauth 200 2.813835ms
2025/03/30 13:50:03 [GET] ::1 /v1/admin/checkauth 200 7.140215ms
2025/03/30 13:50:03 [GET] ::1 /v1/config 200 2.393412ms
2025/03/30 13:50:03 [GET] ::1 /v1/admin/checkauth 200 7.485983ms
2025/03/30 13:50:04 [GET] ::1 /v1/admin/checkauth 200 4.088241ms
2025/03/30 13:50:07 [GET] ::1 /v1/admin/checkauth 200 16.368847ms
2025/03/30 13:50:07 [GET] ::1 /v1/admin/checkauth 200 14.551044ms
2025/03/30 13:50:07 [GET] ::1 /v1/checkstatus 200 44.489µs
2025/03/30 13:50:10 [GET] ::1 /v1/admin/checkauth 200 7.14893ms
2025/03/30 13:50:11 [GET] ::1 /v1/admin/checkauth 200 3.672791ms
2025/03/30 13:50:11 [GET] ::1 /v1/admin/checkauth 200 9.851882ms
2025/03/30 13:50:11 [GET] ::1 /v1/config 200 8.359794ms
2025/03/30 13:50:11 [GET] ::1 /v1/admin/checkauth 200 4.757521ms
2025/03/30 13:50:12 [GET] ::1 /v1/admin/checkauth 200 3.891781ms
2025/03/30 13:50:37 [GET] ::1 /v1/admin/checkauth 200 11.168537ms
2025/03/30 13:50:37 [GET] ::1 /v1/admin/checkauth 200 7.934413ms
2025/03/30 13:50:37 [GET] ::1 /v1/checkstatus 200 17.836µs
2025/03/30 13:50:40 [GET] ::1 /v1/admin/checkauth 200 3.345876ms
2025/03/30 13:50:41 [GET] ::1 /v1/admin/checkauth 200 3.617606ms
2025/03/30 13:50:41 [GET] ::1 /v1/admin/checkauth 200 4.958615ms
2025/03/30 13:50:41 [GET] ::1 /v1/config 200 2.943868ms
2025/03/30 13:50:42 [GET] ::1 /v1/admin/checkauth 200 2.505151ms
2025/03/30 13:50:42 [GET] ::1 /v1/admin/checkauth 200 4.283284ms
2025/03/30 13:51:59 [GET] ::1 /v1/admin/checkauth 200 11.386511ms
2025/03/30 13:51:59 [GET] ::1 /v1/admin/checkauth 200 7.087458ms
2025/03/30 13:51:59 [GET] ::1 /v1/checkstatus 200 16.516µs
2025/03/30 13:52:03 [GET] ::1 /v1/admin/checkauth 200 5.175588ms
2025/03/30 13:52:04 [GET] ::1 /v1/admin/checkauth 200 9.118064ms
2025/03/30 13:52:04 [GET] ::1 /v1/admin/checkauth 200 4.872281ms
2025/03/30 13:52:04 [GET] ::1 /v1/config 200 11.955486ms
2025/03/30 13:52:04 [GET] ::1 /v1/admin/checkauth 200 2.95112ms
2025/03/30 13:52:05 [GET] ::1 /v1/admin/checkauth 200 4.362838ms
2025/03/30 13:52:16 [GET] ::1 /v1/admin/checkauth 200 20.08928ms
2025/03/30 13:52:16 [GET] ::1 /v1/admin/checkauth 200 11.152782ms
2025/03/30 13:52:16 [GET] ::1 /v1/checkstatus 200 351.25µs
2025/03/30 13:52:19 [GET] ::1 /v1/admin/checkauth 200 2.712548ms
2025/03/30 13:52:20 [GET] ::1 /v1/admin/checkauth 200 5.46745ms
2025/03/30 13:52:20 [GET] ::1 /v1/admin/checkauth 200 4.076715ms
2025/03/30 13:52:20 [GET] ::1 /v1/config 200 3.024745ms
2025/03/30 13:52:20 [GET] ::1 /v1/admin/checkauth 200 7.696617ms
2025/03/30 13:52:21 [GET] ::1 /v1/admin/checkauth 200 13.230184ms
2025/03/30 13:52:38 [GET] ::1 /v1/admin/checkauth 200 9.420988ms
2025/03/30 13:52:38 [GET] ::1 /v1/admin/checkauth 200 5.152455ms
2025/03/30 13:52:38 [GET] ::1 /v1/checkstatus 200 31.292µs
2025/03/30 13:52:41 [GET] ::1 /v1/admin/checkauth 200 3.094149ms
2025/03/30 13:52:42 [GET] ::1 /v1/admin/checkauth 200 4.630613ms
2025/03/30 13:52:42 [GET] ::1 /v1/admin/checkauth 200 2.746285ms
2025/03/30 13:52:43 [GET] ::1 /v1/config 200 1.676473ms
2025/03/30 13:52:43 [GET] ::1 /v1/admin/checkauth 200 8.149661ms
2025/03/30 13:52:43 [GET] ::1 /v1/admin/checkauth 200 4.224095ms
2025/03/30 13:54:02 [GET] ::1 /v1/admin/checkauth 200 10.689868ms
2025/03/30 13:54:02 [GET] ::1 /v1/admin/checkauth 200 6.664414ms
2025/03/30 13:54:02 [GET] ::1 /v1/checkstatus 200 14.245µs
2025/03/30 13:54:06 [GET] ::1 /v1/admin/checkauth 200 3.007173ms
2025/03/30 13:54:07 [GET] ::1 /v1/admin/checkauth 200 3.749427ms
2025/03/30 13:54:07 [GET] ::1 /v1/admin/checkauth 200 3.786014ms
2025/03/30 13:54:07 [GET] ::1 /v1/config 200 2.995575ms
2025/03/30 13:54:07 [GET] ::1 /v1/admin/checkauth 200 4.373714ms
2025/03/30 13:54:08 [GET] ::1 /v1/admin/checkauth 200 4.569235ms
2025/03/30 13:54:26 [GET] ::1 /v1/admin/checkauth 200 2.816048ms
2025/03/30 13:54:26 [GET] ::1 /v1/admin/checkauth 200 7.871889ms
2025/03/30 13:54:27 [GET] ::1 /v1/checkstatus 200 29.248µs
2025/03/30 13:54:29 [GET] ::1 /v1/admin/checkauth 200 15.602427ms
2025/03/30 13:54:30 [GET] ::1 /v1/admin/checkauth 200 6.180334ms
2025/03/30 13:54:30 [GET] ::1 /v1/admin/checkauth 200 3.388276ms
2025/03/30 13:54:30 [GET] ::1 /v1/config 200 3.470315ms
2025/03/30 13:54:31 [GET] ::1 /v1/admin/checkauth 200 4.414614ms
2025/03/30 13:54:31 [GET] ::1 /v1/admin/checkauth 200 2.882066ms
2025/03/30 13:57:03 [GET] ::1 /v1/admin/checkauth 200 8.959987ms
2025/03/30 13:57:03 [GET] ::1 /v1/admin/checkauth 200 16.090346ms
2025/03/30 13:57:03 [GET] ::1 /v1/checkstatus 200 14.745µs
2025/03/30 13:57:08 [GET] ::1 /v1/admin/checkauth 200 4.233483ms
2025/03/30 13:57:09 [GET] ::1 /v1/admin/checkauth 200 9.027589ms
2025/03/30 13:57:09 [GET] ::1 /v1/admin/checkauth 200 4.994513ms
2025/03/30 13:57:10 [GET] ::1 /v1/config 200 3.762506ms
2025/03/30 13:57:10 [GET] ::1 /v1/admin/checkauth 200 3.864947ms
2025/03/30 13:57:11 [GET] ::1 /v1/admin/checkauth 200 5.29529ms
2025/03/30 13:57:28 [GET] ::1 /v1/admin/checkauth 200 4.910149ms
2025/03/30 13:57:28 [GET] ::1 /v1/admin/checkauth 200 3.439606ms
2025/03/30 13:57:28 [GET] ::1 /v1/checkstatus 200 16.767µs
2025/03/30 13:57:31 [GET] ::1 /v1/admin/checkauth 200 13.708497ms
2025/03/30 13:57:33 [GET] ::1 /v1/admin/checkauth 200 3.543995ms
2025/03/30 13:57:33 [GET] ::1 /v1/admin/checkauth 200 2.293608ms
2025/03/30 13:57:33 [GET] ::1 /v1/config 200 2.205458ms
2025/03/30 13:57:34 [GET] ::1 /v1/admin/checkauth 200 3.495341ms
2025/03/30 13:57:34 [GET] ::1 /v1/admin/checkauth 200 4.042273ms
2025/03/30 13:58:01 [GET] ::1 /v1/admin/checkauth 200 6.106383ms
2025/03/30 13:58:01 [GET] ::1 /v1/admin/checkauth 200 4.927921ms
2025/03/30 13:58:02 [GET] ::1 /v1/checkstatus 200 18.193µs
2025/03/30 13:58:05 [GET] ::1 /v1/admin/checkauth 200 15.724868ms
2025/03/30 13:58:06 [GET] ::1 /v1/admin/checkauth 200 2.306261ms
2025/03/30 13:58:06 [GET] ::1 /v1/admin/checkauth 200 4.022265ms
2025/03/30 13:58:06 [GET] ::1 /v1/config 200 4.609784ms
2025/03/30 13:58:06 [GET] ::1 /v1/admin/checkauth 200 5.390369ms
2025/03/30 13:58:07 [GET] ::1 /v1/admin/checkauth 200 5.480055ms
2025/03/30 13:58:44 [GET] ::1 /v1/admin/checkauth 200 18.292927ms
2025/03/30 13:58:44 [GET] ::1 /v1/admin/checkauth 200 16.194115ms
2025/03/30 13:58:44 [GET] ::1 /v1/checkstatus 200 37.858µs
2025/03/30 13:58:47 [GET] ::1 /v1/admin/checkauth 200 4.26107ms
2025/03/30 13:58:48 [GET] ::1 /v1/admin/checkauth 200 6.606185ms
2025/03/30 13:58:48 [GET] ::1 /v1/admin/checkauth 200 6.153431ms
2025/03/30 13:58:49 [GET] ::1 /v1/config 200 3.420475ms
2025/03/30 13:58:49 [GET] ::1 /v1/admin/checkauth 200 3.518426ms
2025/03/30 13:58:50 [GET] ::1 /v1/admin/checkauth 200 8.616141ms
2025/03/30 13:59:32 [GET] ::1 /v1/admin/checkauth 200 4.369586ms
2025/03/30 13:59:32 [GET] ::1 /v1/admin/checkauth 200 2.437231ms
2025/03/30 13:59:32 [GET] ::1 /v1/checkstatus 200 47.797µs
2025/03/30 13:59:35 [GET] ::1 /v1/admin/checkauth 200 6.869678ms
2025/03/30 13:59:35 [GET] ::1 /v1/admin/checkauth 200 5.728973ms
2025/03/30 13:59:36 [GET] ::1 /v1/admin/checkauth 200 4.487216ms
2025/03/30 13:59:36 [GET] ::1 /v1/config 200 3.484192ms
2025/03/30 13:59:37 [GET] ::1 /v1/admin/checkauth 200 2.907545ms
2025/03/30 13:59:37 [GET] ::1 /v1/admin/checkauth 200 2.074649ms
2025/03/30 14:00:03 [GET] ::1 /v1/admin/checkauth 200 5.27147ms
2025/03/30 14:00:03 [GET] ::1 /v1/admin/checkauth 200 5.399649ms
2025/03/30 14:00:04 [GET] ::1 /v1/checkstatus 200 15.44µs
2025/03/30 14:00:07 [GET] ::1 /v1/admin/checkauth 200 6.390549ms
2025/03/30 14:00:07 [GET] ::1 /v1/admin/checkauth 200 3.119088ms
2025/03/30 14:00:07 [GET] ::1 /v1/admin/checkauth 200 4.275839ms
2025/03/30 14:00:08 [GET] ::1 /v1/config 200 2.945567ms
2025/03/30 14:00:08 [GET] ::1 /v1/admin/checkauth 200 2.272346ms
2025/03/30 14:00:09 [GET] ::1 /v1/admin/checkauth 200 6.131172ms
2025/03/30 14:00:34 [GET] ::1 /v1/admin/checkauth 200 3.489547ms
2025/03/30 14:00:34 [GET] ::1 /v1/admin/checkauth 200 3.282235ms
2025/03/30 14:00:34 [GET] ::1 /v1/checkstatus 200 16.626µs
2025/03/30 14:00:37 [GET] ::1 /v1/admin/checkauth 200 5.305824ms
2025/03/30 14:00:38 [GET] ::1 /v1/admin/checkauth 200 8.158595ms
2025/03/30 14:00:39 [GET] ::1 /v1/admin/checkauth 200 9.641014ms
2025/03/30 14:00:39 [GET] ::1 /v1/config 200 2.168742ms
2025/03/30 14:00:39 [GET] ::1 /v1/admin/checkauth 200 12.668912ms
2025/03/30 14:00:40 [GET] ::1 /v1/admin/checkauth 200 4.04778ms
2025/03/30 14:01:04 [GET] ::1 /v1/admin/checkauth 200 8.386098ms
2025/03/30 14:01:04 [GET] ::1 /v1/admin/checkauth 200 2.635398ms
2025/03/30 14:01:04 [GET] ::1 /v1/checkstatus 200 15.334µs
2025/03/30 14:01:07 [GET] ::1 /v1/admin/checkauth 200 3.475046ms
2025/03/30 14:01:07 [GET] ::1 /v1/admin/checkauth 200 3.971581ms
2025/03/30 14:01:08 [GET] ::1 /v1/admin/checkauth 200 2.931073ms
2025/03/30 14:01:08 [GET] ::1 /v1/config 200 2.380013ms
2025/03/30 14:01:09 [GET] ::1 /v1/admin/checkauth 200 4.779196ms
2025/03/30 14:01:09 [GET] ::1 /v1/admin/checkauth 200 8.07353ms
2025/03/30 14:01:19 [GET] ::1 /v1/admin/checkauth 200 4.356827ms
2025/03/30 14:01:19 [GET] ::1 /v1/admin/checkauth 200 8.842859ms
2025/03/30 14:01:19 [GET] ::1 /v1/checkstatus 200 17.029µs
2025/03/30 14:01:22 [GET] ::1 /v1/admin/checkauth 200 4.733759ms
2025/03/30 14:01:23 [GET] ::1 /v1/admin/checkauth 200 3.558532ms
2025/03/30 14:01:24 [GET] ::1 /v1/admin/checkauth 200 5.10366ms
2025/03/30 14:01:24 [GET] ::1 /v1/config 200 2.602872ms
2025/03/30 14:01:24 [GET] ::1 /v1/admin/checkauth 200 3.516336ms
2025/03/30 14:01:25 [GET] ::1 /v1/admin/checkauth 200 5.626111ms
2025/03/30 14:02:12 [GET] ::1 /v1/admin/checkauth 200 9.968947ms
2025/03/30 14:02:12 [GET] ::1 /v1/admin/checkauth 200 7.049533ms
2025/03/30 14:02:13 [GET] ::1 /v1/checkstatus 200 184.039µs
2025/03/30 14:02:16 [GET] ::1 /v1/admin/checkauth 200 4.954295ms
2025/03/30 14:02:17 [GET] ::1 /v1/admin/checkauth 200 5.141617ms
2025/03/30 14:02:17 [GET] ::1 /v1/admin/checkauth 200 2.781785ms
2025/03/30 14:02:18 [GET] ::1 /v1/config 200 4.212925ms
2025/03/30 14:02:18 [GET] ::1 /v1/admin/checkauth 200 7.107087ms
2025/03/30 14:02:19 [GET] ::1 /v1/admin/checkauth 200 5.967674ms
2025/03/30 14:03:04 [GET] ::1 /v1/admin/checkauth 200 3.316661ms
2025/03/30 14:03:04 [GET] ::1 /v1/admin/checkauth 200 10.477685ms
2025/03/30 14:03:05 [GET] ::1 /v1/checkstatus 200 23.721µs
2025/03/30 14:03:08 [GET] ::1 /v1/admin/checkauth 200 5.833658ms
2025/03/30 14:03:09 [GET] ::1 /v1/admin/checkauth 200 3.817577ms
2025/03/30 14:03:09 [GET] ::1 /v1/admin/checkauth 200 4.602015ms
2025/03/30 14:03:10 [GET] ::1 /v1/config 200 7.210008ms
2025/03/30 14:03:10 [GET] ::1 /v1/admin/checkauth 200 7.132698ms
2025/03/30 14:03:10 [GET] ::1 /v1/admin/checkauth 200 4.022334ms
2025/03/30 14:04:04 [GET] ::1 /v1/admin/checkauth 200 8.031914ms
2025/03/30 14:04:04 [GET] ::1 /v1/admin/checkauth 200 4.859212ms
2025/03/30 14:04:04 [GET] ::1 /v1/checkstatus 200 15.043µs
2025/03/30 14:04:07 [GET] ::1 /v1/admin/checkauth 200 3.04574ms
2025/03/30 14:04:08 [GET] ::1 /v1/admin/checkauth 200 3.738021ms
2025/03/30 14:04:09 [GET] ::1 /v1/admin/checkauth 200 1.946078ms
2025/03/30 14:04:09 [GET] ::1 /v1/config 200 9.662133ms
2025/03/30 14:04:09 [GET] ::1 /v1/admin/checkauth 200 4.171904ms
2025/03/30 14:04:09 [GET] ::1 /v1/admin/checkauth 200 2.683831ms
2025/03/30 14:04:26 [GET] ::1 /v1/admin/checkauth 200 2.603666ms
2025/03/30 14:04:26 [GET] ::1 /v1/admin/checkauth 200 2.373621ms
2025/03/30 14:04:26 [GET] ::1 /v1/checkstatus 200 16.25µs
2025/03/30 14:04:30 [GET] ::1 /v1/admin/checkauth 200 4.381302ms
2025/03/30 14:04:31 [GET] ::1 /v1/admin/checkauth 200 5.205559ms
2025/03/30 14:04:31 [GET] ::1 /v1/admin/checkauth 200 5.313658ms
2025/03/30 14:04:32 [GET] ::1 /v1/config 200 4.058635ms
2025/03/30 14:04:32 [GET] ::1 /v1/admin/checkauth 200 5.311954ms
2025/03/30 14:04:32 [GET] ::1 /v1/admin/checkauth 200 5.719126ms
2025/03/30 14:05:25 [GET] ::1 /v1/admin/checkauth 200 6.540065ms
2025/03/30 14:05:25 [GET] ::1 /v1/admin/checkauth 200 7.562468ms
2025/03/30 14:05:26 [GET] ::1 /v1/checkstatus 200 19.479µs
2025/03/30 14:05:30 [GET] ::1 /v1/admin/checkauth 200 2.753718ms
2025/03/30 14:05:30 [GET] ::1 /v1/admin/checkauth 200 2.941295ms
2025/03/30 14:05:31 [GET] ::1 /v1/admin/checkauth 200 4.953514ms
2025/03/30 14:05:31 [GET] ::1 /v1/config 200 2.990747ms
2025/03/30 14:05:31 [GET] ::1 /v1/admin/checkauth 200 14.73803ms
2025/03/30 14:05:32 [GET] ::1 /v1/admin/checkauth 200 4.066002ms
2025/03/30 14:07:23 [GET] ::1 /v1/admin/checkauth 200 5.596286ms
2025/03/30 14:07:23 [GET] ::1 /v1/admin/checkauth 200 3.057881ms
2025/03/30 14:07:23 [GET] ::1 /v1/checkstatus 200 14.451µs
2025/03/30 14:07:26 [GET] ::1 /v1/admin/checkauth 200 2.515056ms
2025/03/30 14:07:28 [GET] ::1 /v1/admin/checkauth 200 3.091439ms
2025/03/30 14:07:28 [GET] ::1 /v1/admin/checkauth 200 4.427091ms
2025/03/30 14:07:28 [GET] ::1 /v1/config 200 4.843078ms
2025/03/30 14:07:28 [GET] ::1 /v1/admin/checkauth 200 12.95005ms
2025/03/30 14:07:29 [GET] ::1 /v1/admin/checkauth 200 3.931091ms
2025/03/30 14:07:31 [GET] ::1 /v1/admin/checkauth 200 5.371421ms
2025/03/30 14:07:31 [GET] ::1 /v1/admin/checkauth 200 8.145112ms
2025/03/30 14:07:31 [GET] ::1 /v1/checkstatus 200 16.481µs
2025/03/30 14:07:34 [GET] ::1 /v1/admin/checkauth 200 6.50075ms
2025/03/30 14:07:35 [GET] ::1 /v1/admin/checkauth 200 5.912645ms
2025/03/30 14:07:35 [GET] ::1 /v1/admin/checkauth 200 4.190301ms
2025/03/30 14:07:36 [GET] ::1 /v1/config 200 14.651789ms
2025/03/30 14:07:36 [GET] ::1 /v1/admin/checkauth 200 4.046083ms
2025/03/30 14:07:37 [GET] ::1 /v1/admin/checkauth 200 2.701863ms
2025/03/30 14:07:53 [GET] ::1 /v1/admin/checkauth 200 3.503402ms
2025/03/30 14:07:53 [GET] ::1 /v1/admin/checkauth 200 5.554598ms
2025/03/30 14:07:54 [GET] ::1 /v1/checkstatus 200 40.947µs
2025/03/30 14:07:56 [GET] ::1 /v1/admin/checkauth 200 7.504249ms
2025/03/30 14:07:58 [GET] ::1 /v1/admin/checkauth 200 5.738045ms
2025/03/30 14:07:58 [GET] ::1 /v1/admin/checkauth 200 4.476208ms
2025/03/30 14:07:58 [GET] ::1 /v1/config 200 4.320902ms
2025/03/30 14:07:58 [GET] ::1 /v1/admin/checkauth 200 1.749509ms
2025/03/30 14:07:59 [GET] ::1 /v1/admin/checkauth 200 4.903262ms
2025/03/30 14:08:03 [GET] ::1 /v1/admin/checkauth 200 5.682514ms
2025/03/30 14:08:03 [GET] ::1 /v1/admin/checkauth 200 4.363261ms
2025/03/30 14:08:04 [GET] ::1 /v1/checkstatus 200 17.585µs
2025/03/30 14:08:07 [GET] ::1 /v1/admin/checkauth 200 4.477958ms
2025/03/30 14:08:07 [GET] ::1 /v1/admin/checkauth 200 2.90504ms
2025/03/30 14:08:07 [GET] ::1 /v1/admin/checkauth 200 11.31385ms
2025/03/30 14:08:08 [GET] ::1 /v1/config 200 1.851756ms
2025/03/30 14:08:09 [GET] ::1 /v1/admin/checkauth 200 3.996048ms
2025/03/30 14:08:10 [GET] ::1 /v1/admin/checkauth 200 6.107291ms
2025/03/30 14:08:15 [GET] ::1 /v1/admin/checkauth 200 3.203382ms
2025/03/30 14:08:15 [GET] ::1 /v1/admin/checkauth 200 5.299829ms
2025/03/30 14:08:15 [GET] ::1 /v1/checkstatus 200 17.042µs
2025/03/30 14:08:18 [GET] ::1 /v1/admin/checkauth 200 3.922709ms
2025/03/30 14:08:20 [GET] ::1 /v1/admin/checkauth 200 2.621254ms
2025/03/30 14:08:20 [GET] ::1 /v1/admin/checkauth 200 4.021682ms
2025/03/30 14:08:20 [GET] ::1 /v1/config 200 3.728838ms
2025/03/30 14:08:20 [GET] ::1 /v1/admin/checkauth 200 19.400337ms
2025/03/30 14:08:21 [GET] ::1 /v1/admin/checkauth 200 4.262788ms
2025/03/30 14:08:53 [GET] ::1 /v1/admin/checkauth 200 14.583907ms
2025/03/30 14:08:53 [GET] ::1 /v1/admin/checkauth 200 5.096278ms
2025/03/30 14:08:53 [GET] ::1 /v1/checkstatus 200 15.402µs
2025/03/30 14:08:57 [GET] ::1 /v1/admin/checkauth 200 2.273912ms
2025/03/30 14:08:58 [GET] ::1 /v1/admin/checkauth 200 4.069071ms
2025/03/30 14:08:58 [GET] ::1 /v1/admin/checkauth 200 3.255047ms
2025/03/30 14:08:58 [GET] ::1 /v1/config 200 2.138926ms
2025/03/30 14:08:59 [GET] ::1 /v1/admin/checkauth 200 7.665763ms
2025/03/30 14:08:59 [GET] ::1 /v1/admin/checkauth 200 10.995684ms
2025/03/30 14:09:24 [GET] ::1 /v1/admin/checkauth 200 2.211814ms
2025/03/30 14:09:24 [GET] ::1 /v1/admin/checkauth 200 4.131174ms
2025/03/30 14:09:24 [GET] ::1 /v1/checkstatus 200 16.968µs
2025/03/30 14:09:27 [GET] ::1 /v1/admin/checkauth 200 5.254741ms
2025/03/30 14:09:28 [GET] ::1 /v1/admin/checkauth 200 4.117549ms
2025/03/30 14:09:28 [GET] ::1 /v1/admin/checkauth 200 4.047284ms
2025/03/30 14:09:28 [GET] ::1 /v1/config 200 3.837255ms
2025/03/30 14:09:28 [GET] ::1 /v1/admin/checkauth 200 2.221631ms
2025/03/30 14:09:29 [GET] ::1 /v1/admin/checkauth 200 3.435404ms
2025/03/30 14:09:44 [GET] ::1 /v1/admin/checkauth 200 4.548008ms
2025/03/30 14:09:44 [GET] ::1 /v1/admin/checkauth 200 2.285412ms
2025/03/30 14:09:44 [GET] ::1 /v1/checkstatus 200 14.905µs
2025/03/30 14:09:47 [GET] ::1 /v1/admin/checkauth 200 4.124712ms
2025/03/30 14:09:48 [GET] ::1 /v1/admin/checkauth 200 5.129495ms
2025/03/30 14:09:48 [GET] ::1 /v1/admin/checkauth 200 5.20976ms
2025/03/30 14:09:49 [GET] ::1 /v1/config 200 10.284175ms
2025/03/30 14:09:49 [GET] ::1 /v1/admin/checkauth 200 14.375416ms
2025/03/30 14:09:49 [GET] ::1 /v1/admin/checkauth 200 3.951797ms
2025/03/30 14:10:00 [GET] ::1 /v1/admin/checkauth 200 8.072584ms
2025/03/30 14:10:00 [GET] ::1 /v1/admin/checkauth 200 5.305734ms
2025/03/30 14:10:00 [GET] ::1 /v1/checkstatus 200 20.925µs
2025/03/30 14:10:04 [GET] ::1 /v1/admin/checkauth 200 7.173991ms
2025/03/30 14:10:05 [GET] ::1 /v1/admin/checkauth 200 3.040313ms
2025/03/30 14:10:05 [GET] ::1 /v1/admin/checkauth 200 4.682531ms
2025/03/30 14:10:06 [GET] ::1 /v1/config 200 4.064552ms
2025/03/30 14:10:07 [GET] ::1 /v1/admin/checkauth 200 6.783451ms
2025/03/30 14:10:07 [GET] ::1 /v1/admin/checkauth 200 2.43949ms
2025/03/30 14:10:22 [GET] ::1 /v1/admin/checkauth 200 2.777528ms
2025/03/30 14:10:22 [GET] ::1 /v1/admin/checkauth 200 5.664326ms
2025/03/30 14:10:23 [GET] ::1 /v1/checkstatus 200 32.738µs
2025/03/30 14:10:27 [GET] ::1 /v1/admin/checkauth 200 5.258686ms
2025/03/30 14:10:28 [GET] ::1 /v1/admin/checkauth 200 4.644929ms
2025/03/30 14:10:28 [GET] ::1 /v1/admin/checkauth 200 2.322624ms
2025/03/30 14:10:29 [GET] ::1 /v1/config 200 5.792769ms
2025/03/30 14:10:29 [GET] ::1 /v1/admin/checkauth 200 5.760908ms
2025/03/30 14:10:29 [GET] ::1 /v1/admin/checkauth 200 2.914414ms
2025/03/30 14:11:46 [GET] ::1 /v1/admin/checkauth 200 10.273976ms
2025/03/30 14:11:47 [GET] ::1 /v1/admin/checkauth 200 4.5627ms
2025/03/30 14:11:47 [GET] ::1 /v1/admin/checkauth 200 3.601635ms
2025/03/30 14:11:47 [GET] ::1 /v1/checkstatus 200 43.187µs
2025/03/30 14:11:48 [GET] ::1 /v1/checkstatus 200 18.731µs
2025/03/30 14:11:51 [GET] ::1 /v1/admin/checkauth 200 2.859114ms
2025/03/30 14:11:52 [GET] ::1 /v1/admin/checkauth 200 8.861437ms
2025/03/30 14:11:52 [GET] ::1 /v1/admin/checkauth 200 5.386438ms
2025/03/30 14:11:52 [GET] ::1 /v1/config 200 14.683579ms
2025/03/30 14:11:52 [GET] ::1 /v1/admin/checkauth 200 2.820828ms
2025/03/30 14:11:53 [GET] ::1 /v1/admin/checkauth 200 3.60262ms
2025/03/30 14:11:54 [GET] ::1 /v1/admin/checkauth 200 2.33526ms
2025/03/30 14:13:00 [GET] ::1 /v1/admin/checkauth 200 145.877996ms
2025/03/30 14:13:00 [GET] ::1 /v1/admin/checkauth 200 145.876987ms
2025/03/30 14:13:02 [GET] ::1 /v1/checkstatus 200 216.675µs
2025/03/30 14:13:06 [GET] ::1 /v1/admin/checkauth 200 3.306732ms
2025/03/30 14:13:07 [GET] ::1 /v1/admin/checkauth 200 12.059506ms
2025/03/30 14:13:07 [GET] ::1 /v1/admin/checkauth 200 6.292633ms
2025/03/30 14:13:07 [GET] ::1 /v1/config 200 14.325185ms
2025/03/30 14:13:08 [GET] ::1 /v1/admin/checkauth 200 4.801716ms
2025/03/30 14:13:08 [GET] ::1 /v1/admin/checkauth 200 4.812272ms
2025/03/30 14:13:09 [GET] ::1 /v1/admin/checkauth 200 3.267137ms
2025/03/30 14:13:14 [GET] ::1 /v1/admin/checkauth 200 5.829663ms
2025/03/30 14:13:16 [GET] ::1 /v1/admin/checkauth 200 5.919916ms
2025/03/30 14:13:19 [GET] ::1 /v1/admin/checkauth 200 7.090887ms
2025/03/30 14:13:26 [GET] ::1 /v1/admin/checkauth 200 9.741271ms
2025/03/30 14:14:44 [GET] ::1 /v1/admin/checkauth 200 22.696539ms
2025/03/30 14:14:44 [GET] ::1 /v1/admin/checkauth 200 27.675375ms
2025/03/30 14:14:45 [GET] ::1 /v1/checkstatus 200 17.625µs
2025/03/30 14:14:49 [GET] ::1 /v1/admin/checkauth 200 45.331216ms
2025/03/30 14:14:50 [GET] ::1 /v1/admin/checkauth 200 3.118993ms
2025/03/30 14:14:50 [GET] ::1 /v1/admin/checkauth 200 2.95817ms
2025/03/30 14:14:51 [GET] ::1 /v1/config 200 12.585389ms
2025/03/30 14:14:51 [GET] ::1 /v1/admin/checkauth 200 3.187474ms
2025/03/30 14:14:52 [GET] ::1 /v1/admin/checkauth 200 4.200672ms
2025/03/30 14:15:48 [GET] ::1 /v1/admin/checkauth 200 10.257727ms
2025/03/30 14:15:48 [GET] ::1 /v1/admin/checkauth 200 10.233775ms
2025/03/30 14:15:49 [GET] ::1 /v1/checkstatus 200 18.041µs
2025/03/30 14:15:52 [GET] ::1 /v1/admin/checkauth 200 4.012366ms
2025/03/30 14:15:53 [GET] ::1 /v1/admin/checkauth 200 3.150222ms
2025/03/30 14:15:53 [GET] ::1 /v1/admin/checkauth 200 2.674469ms
2025/03/30 14:15:53 [GET] ::1 /v1/config 200 5.054473ms
2025/03/30 14:15:54 [GET] ::1 /v1/admin/checkauth 200 4.821269ms
2025/03/30 14:15:54 [GET] ::1 /v1/admin/checkauth 200 6.097895ms
2025/03/30 14:17:05 [GET] ::1 /v1/admin/checkauth 200 8.751763ms
2025/03/30 14:17:05 [GET] ::1 /v1/admin/checkauth 200 4.879306ms
2025/03/30 14:17:06 [GET] ::1 /v1/checkstatus 200 16.265µs
2025/03/30 14:17:09 [GET] ::1 /v1/admin/checkauth 200 4.196709ms
2025/03/30 14:17:10 [GET] ::1 /v1/admin/checkauth 200 8.308139ms
2025/03/30 14:17:10 [GET] ::1 /v1/admin/checkauth 200 4.502194ms
2025/03/30 14:17:11 [GET] ::1 /v1/config 200 2.526005ms
2025/03/30 14:17:11 [GET] ::1 /v1/admin/checkauth 200 8.690665ms
2025/03/30 14:17:12 [GET] ::1 /v1/admin/checkauth 200 3.423807ms
2025/03/30 14:17:23 [GET] ::1 /v1/admin/checkauth 200 2.543406ms
2025/03/30 14:17:23 [GET] ::1 /v1/admin/checkauth 200 5.718585ms
2025/03/30 14:17:24 [GET] ::1 /v1/checkstatus 200 22.326µs
2025/03/30 14:17:27 [GET] ::1 /v1/admin/checkauth 200 3.814229ms
2025/03/30 14:17:28 [GET] ::1 /v1/admin/checkauth 200 2.43116ms
2025/03/30 14:17:28 [GET] ::1 /v1/admin/checkauth 200 3.844553ms
2025/03/30 14:17:28 [GET] ::1 /v1/config 200 4.504017ms
2025/03/30 14:17:28 [GET] ::1 /v1/admin/checkauth 200 8.378326ms
2025/03/30 14:17:29 [GET] ::1 /v1/admin/checkauth 200 2.919715ms
2025/03/30 14:17:36 [GET] ::1 /v1/admin/checkauth 200 2.718068ms
2025/03/30 14:17:36 [GET] ::1 /v1/admin/checkauth 200 6.528649ms
2025/03/30 14:17:36 [GET] ::1 /v1/checkstatus 200 34.459µs
2025/03/30 14:17:39 [GET] ::1 /v1/admin/checkauth 200 9.448995ms
2025/03/30 14:17:40 [GET] ::1 /v1/admin/checkauth 200 4.020388ms
2025/03/30 14:17:40 [GET] ::1 /v1/admin/checkauth 200 32.654557ms
2025/03/30 14:17:41 [GET] ::1 /v1/config 200 4.978781ms
2025/03/30 14:17:41 [GET] ::1 /v1/admin/checkauth 200 5.340053ms
2025/03/30 14:17:42 [GET] ::1 /v1/admin/checkauth 200 3.258891ms
2025/03/30 14:18:01 [GET] ::1 /v1/admin/checkauth 200 4.84446ms
2025/03/30 14:18:01 [GET] ::1 /v1/admin/checkauth 200 4.557527ms
2025/03/30 14:18:01 [GET] ::1 /v1/checkstatus 200 43.816µs
2025/03/30 14:18:05 [GET] ::1 /v1/admin/checkauth 200 3.141953ms
2025/03/30 14:18:06 [GET] ::1 /v1/admin/checkauth 200 12.53727ms
2025/03/30 14:18:06 [GET] ::1 /v1/admin/checkauth 200 5.349815ms
2025/03/30 14:18:07 [GET] ::1 /v1/config 200 3.939266ms
2025/03/30 14:18:07 [GET] ::1 /v1/admin/checkauth 200 14.118431ms
2025/03/30 14:18:08 [GET] ::1 /v1/admin/checkauth 200 3.503839ms
2025/03/30 14:18:41 [GET] ::1 /v1/admin/checkauth 200 3.409916ms
2025/03/30 14:18:41 [GET] ::1 /v1/admin/checkauth 200 4.913221ms
2025/03/30 14:18:41 [GET] ::1 /v1/checkstatus 200 17.761µs
2025/03/30 14:18:45 [GET] ::1 /v1/admin/checkauth 200 3.606099ms
2025/03/30 14:18:45 [GET] ::1 /v1/admin/checkauth 200 2.909605ms
2025/03/30 14:18:46 [GET] ::1 /v1/admin/checkauth 200 10.075002ms
2025/03/30 14:18:46 [GET] ::1 /v1/config 200 3.747657ms
2025/03/30 14:18:46 [GET] ::1 /v1/admin/checkauth 200 4.756738ms
2025/03/30 14:18:47 [GET] ::1 /v1/admin/checkauth 200 11.694191ms
2025/03/30 14:19:30 [GET] ::1 /v1/admin/checkauth 200 10.859511ms
2025/03/30 14:19:30 [GET] ::1 /v1/admin/checkauth 200 2.821609ms
2025/03/30 14:19:31 [GET] ::1 /v1/checkstatus 200 35.603µs
2025/03/30 14:19:34 [GET] ::1 /v1/admin/checkauth 200 3.286601ms
2025/03/30 14:19:36 [GET] ::1 /v1/admin/checkauth 200 3.194245ms
2025/03/30 14:19:36 [GET] ::1 /v1/admin/checkauth 200 3.82935ms
2025/03/30 14:19:36 [GET] ::1 /v1/config 200 3.878876ms
2025/03/30 14:19:37 [GET] ::1 /v1/admin/checkauth 200 5.56071ms
2025/03/30 14:19:37 [GET] ::1 /v1/admin/checkauth 200 6.048309ms
2025/03/30 14:20:01 [GET] ::1 /v1/admin/checkauth 200 2.140175ms
2025/03/30 14:20:01 [GET] ::1 /v1/admin/checkauth 200 1.998283ms
2025/03/30 14:20:02 [GET] ::1 /v1/checkstatus 200 15.77µs
2025/03/30 14:20:06 [GET] ::1 /v1/admin/checkauth 200 2.862603ms
2025/03/30 14:20:07 [GET] ::1 /v1/admin/checkauth 200 8.591294ms
2025/03/30 14:20:07 [GET] ::1 /v1/admin/checkauth 200 5.2602ms
2025/03/30 14:20:08 [GET] ::1 /v1/config 200 6.40725ms
2025/03/30 14:20:08 [GET] ::1 /v1/admin/checkauth 200 3.271675ms
2025/03/30 14:20:08 [GET] ::1 /v1/admin/checkauth 200 6.107609ms
2025/03/30 14:20:35 [GET] ::1 /v1/admin/checkauth 200 11.909899ms
2025/03/30 14:20:35 [GET] ::1 /v1/admin/checkauth 200 12.910187ms
2025/03/30 14:20:36 [GET] ::1 /v1/checkstatus 200 16.876µs
2025/03/30 14:20:39 [GET] ::1 /v1/admin/checkauth 200 9.177843ms
2025/03/30 14:20:41 [GET] ::1 /v1/admin/checkauth 200 3.565232ms
2025/03/30 14:20:41 [GET] ::1 /v1/admin/checkauth 200 3.63846ms
2025/03/30 14:20:42 [GET] ::1 /v1/config 200 3.053754ms
2025/03/30 14:20:42 [GET] ::1 /v1/admin/checkauth 200 3.253202ms
2025/03/30 14:20:42 [GET] ::1 /v1/admin/checkauth 200 2.563628ms
2025/03/30 14:21:04 [GET] ::1 /v1/admin/checkauth 200 10.848632ms
2025/03/30 14:21:04 [GET] ::1 /v1/admin/checkauth 200 3.238322ms
2025/03/30 14:21:04 [GET] ::1 /v1/checkstatus 200 17.71µs
2025/03/30 14:21:08 [GET] ::1 /v1/admin/checkauth 200 4.145457ms
2025/03/30 14:21:09 [GET] ::1 /v1/admin/checkauth 200 3.542295ms
2025/03/30 14:21:09 [GET] ::1 /v1/admin/checkauth 200 2.764294ms
2025/03/30 14:21:10 [GET] ::1 /v1/config 200 6.081654ms
2025/03/30 14:21:10 [GET] ::1 /v1/admin/checkauth 200 5.062385ms
2025/03/30 14:21:11 [GET] ::1 /v1/admin/checkauth 200 2.692935ms
2025/03/30 14:21:12 [GET] ::1 /v1/admin/checkauth 200 3.925652ms
2025/03/30 14:21:12 [GET] ::1 /v1/admin/checkauth 200 4.136767ms
2025/03/30 14:21:13 [GET] ::1 /v1/checkstatus 200 15.328µs
2025/03/30 14:21:17 [GET] ::1 /v1/admin/checkauth 200 3.822658ms
2025/03/30 14:21:19 [GET] ::1 /v1/admin/checkauth 200 3.792097ms
2025/03/30 14:21:19 [GET] ::1 /v1/admin/checkauth 200 4.037105ms
2025/03/30 14:21:20 [GET] ::1 /v1/config 200 44.127738ms
2025/03/30 14:21:20 [GET] ::1 /v1/admin/checkauth 200 10.167256ms
2025/03/30 14:21:20 [GET] ::1 /v1/admin/checkauth 200 3.251245ms
2025/03/30 15:29:36 [POST] ::1 /v1/admin/token/refresh 200 296.390355ms
2025/03/30 15:29:36 [POST] ::1 /v1/admin/token/refresh 200 301.471879ms
2025/03/30 15:29:36 [GET] ::1 /v1/checkstatus 200 20.113µs
2025/03/30 15:29:42 [GET] ::1 /v1/admin/checkauth 200 5.461764ms
2025/03/30 15:29:43 [GET] ::1 /v1/admin/checkauth 200 4.789077ms
2025/03/30 15:29:43 [GET] ::1 /v1/admin/checkauth 200 4.970133ms
2025/03/30 15:29:44 [GET] ::1 /v1/config 200 12.31068ms
2025/03/30 15:29:44 [GET] ::1 /v1/admin/checkauth 200 5.570135ms
2025/03/30 15:29:44 [GET] ::1 /v1/admin/checkauth 200 4.128774ms
2025/03/30 15:31:37 [GET] ::1 /v1/admin/checkauth 200 17.233284ms
2025/03/30 15:31:37 [GET] ::1 /v1/admin/checkauth 200 12.147069ms
2025/03/30 15:31:38 [GET] ::1 /v1/checkstatus 200 17.526µs
2025/03/30 15:31:43 [GET] ::1 /v1/admin/checkauth 200 6.845672ms
2025/03/30 15:31:44 [GET] ::1 /v1/admin/checkauth 200 4.460891ms
2025/03/30 15:31:45 [GET] ::1 /v1/admin/checkauth 200 2.456012ms
2025/03/30 15:31:45 [GET] ::1 /v1/config 200 4.302582ms
2025/03/30 15:31:46 [GET] ::1 /v1/admin/checkauth 200 2.907912ms
2025/03/30 15:31:46 [GET] ::1 /v1/admin/checkauth 200 8.61753ms
2025/03/30 15:31:48 [GET] ::1 /v1/admin/checkauth 200 3.770656ms
2025/03/30 15:31:48 [GET] ::1 /v1/admin/checkauth 200 3.613964ms
2025/03/30 15:31:48 [GET] ::1 /v1/checkstatus 200 31.165µs
2025/03/30 15:31:52 [GET] ::1 /v1/admin/checkauth 200 3.917047ms
2025/03/30 15:31:54 [GET] ::1 /v1/admin/checkauth 200 8.781861ms
2025/03/30 15:31:54 [GET] ::1 /v1/admin/checkauth 200 4.16114ms
2025/03/30 15:31:54 [GET] ::1 /v1/config 200 6.245715ms
2025/03/30 15:31:54 [GET] ::1 /v1/admin/checkauth 200 5.414779ms
2025/03/30 15:31:55 [GET] ::1 /v1/admin/checkauth 200 15.842711ms
2025/03/30 15:33:59 [GET] ::1 /v1/admin/checkauth 200 72.199024ms
2025/03/30 15:33:59 [GET] ::1 /v1/admin/checkauth 200 75.636362ms
2025/03/30 15:34:00 [GET] ::1 /v1/checkstatus 200 17.878µs
2025/03/30 15:34:36 [GET] ::1 /v1/admin/checkauth 200 9.296193ms
2025/03/30 15:34:36 [GET] ::1 /v1/admin/checkauth 200 15.571211ms
2025/03/30 15:34:37 [GET] ::1 /v1/checkstatus 200 18.582µs
2025/03/30 15:34:41 [GET] ::1 /v1/admin/checkauth 200 2.475499ms
2025/03/30 15:34:43 [GET] ::1 /v1/admin/checkauth 200 9.845486ms
2025/03/30 15:34:43 [GET] ::1 /v1/admin/checkauth 200 6.859001ms
2025/03/30 15:34:43 [GET] ::1 /v1/config 200 9.6125ms
2025/03/30 15:34:43 [GET] ::1 /v1/admin/checkauth 200 8.431274ms
2025/03/30 15:34:44 [GET] ::1 /v1/admin/checkauth 200 2.879887ms
2025/03/30 15:34:53 [GET] ::1 /v1/admin/checkauth 200 5.199486ms
2025/03/30 15:34:53 [GET] ::1 /v1/admin/checkauth 200 4.881794ms
2025/03/30 15:34:53 [GET] ::1 /v1/checkstatus 200 296.601µs
2025/03/30 15:34:57 [GET] ::1 /v1/admin/checkauth 200 4.498944ms
2025/03/30 15:34:59 [GET] ::1 /v1/admin/checkauth 200 8.693826ms
2025/03/30 15:34:59 [GET] ::1 /v1/admin/checkauth 200 5.969168ms
2025/03/30 15:34:59 [GET] ::1 /v1/config 200 16.120902ms
2025/03/30 15:34:59 [GET] ::1 /v1/admin/checkauth 200 5.493519ms
2025/03/30 15:35:00 [GET] ::1 /v1/admin/checkauth 200 4.175614ms
