2025/03/29 10:06:38 [GET] ::1 /v1/admin/checkauth 200 328.872183ms
2025/03/29 10:06:41 [GET] ::1 /v1/admin/checkauth 200 4.320593ms
2025/03/29 10:07:07 [GET] ::1 /v1/admin/checkauth 200 302.051734ms
2025/03/29 10:09:47 [GET] ::1 /v1/admin/checkauth 200 339.05177ms
2025/03/29 10:10:20 [GET] ::1 /v1/admin/checkauth 200 10.583886ms
2025/03/29 10:10:20 [GET] ::1 /v1/admin/checkauth 200 10.061041ms
2025/03/29 10:10:20 [GET] ::1 /v1/admin/checkauth 200 34.139622ms
2025/03/29 10:10:23 [GET] ::1 /v1/checkstatus 200 29.5µs
2025/03/29 10:10:46 [GET] ::1 /v1/admin/checkauth 200 637.715883ms
2025/03/29 10:10:49 [GET] ::1 /v1/admin/checkauth 200 158.001296ms
2025/03/29 10:10:49 [GET] ::1 /v1/admin/checkauth 200 11.446933ms
2025/03/29 10:10:50 [GET] ::1 /v1/config 200 40.880122ms
2025/03/29 10:10:50 [GET] ::1 /v1/admin/checkauth 200 5.158792ms
2025/03/29 10:10:51 [GET] ::1 /v1/admin/checkauth 200 4.44912ms
2025/03/29 10:31:20 [GET] ::1 /v1/admin/checkauth 200 306.383331ms
2025/03/29 10:31:26 [GET] ::1 /v1/checkstatus 200 61.958µs
2025/03/29 10:31:54 [GET] ::1 /v1/admin/checkauth 200 274.497554ms
2025/03/29 10:32:06 [GET] ::1 /v1/admin/checkauth 200 7.666771ms
2025/03/29 10:32:06 [GET] ::1 /v1/admin/checkauth 200 4.503373ms
2025/03/29 10:32:07 [GET] ::1 /v1/config 200 35.690789ms
2025/03/29 10:32:07 [GET] ::1 /v1/admin/checkauth 200 3.414483ms
2025/03/29 10:32:08 [GET] ::1 /v1/admin/checkauth 200 6.947651ms
2025/03/29 10:37:59 [GET] ::1 /v1/admin/checkauth 200 287.875641ms
2025/03/29 10:38:24 [GET] ::1 /v1/admin/checkauth 200 44.362907ms
2025/03/29 10:38:26 [GET] ::1 /v1/admin/checkauth 200 7.498468ms
2025/03/29 10:38:27 [GET] ::1 /v1/admin/pages/type/1 200 38.492395ms
2025/03/29 10:38:27 [GET] ::1 /v1/admin/checkauth 200 6.33548ms
2025/03/29 10:38:28 [GET] ::1 /v1/admin/pages/type/1 200 11.666181ms
2025/03/29 10:38:29 [GET] ::1 /v1/admin/checkauth 200 12.689036ms
2025/03/29 10:38:29 [GET] ::1 /v1/admin/pages/typenstatus/ 200 13.421279ms
2025/03/29 10:38:30 [GET] ::1 /v1/admin/checkauth 200 4.139996ms
2025/03/29 10:38:30 [GET] ::1 /v1/admin/users/1 200 25.1783ms
2025/03/29 10:38:30 [GET] ::1 /v1/admin/checkauth 200 10.448151ms
2025/03/29 10:38:31 [GET] ::1 /v1/admin/checkauth 200 23.021589ms
2025/03/29 10:38:32 [GET] ::1 /v1/admin/users/1 200 10.71533ms
2025/03/29 10:38:56 [GET] ::1 /v1/admin/checkauth 200 124.424448ms
2025/03/29 10:39:13 [GET] ::1 /v1/admin/checkauth 200 254.657811ms
2025/03/29 10:39:20 [GET] ::1 /v1/admin/users/1 200 58.189916ms
2025/03/29 10:39:21 [GET] ::1 /v1/admin/checkauth 200 5.225701ms
2025/03/29 10:39:49 [GET] ::1 /v1/admin/users/1 200 689.140848ms
2025/03/29 10:39:49 [GET] ::1 /v1/admin/checkauth 200 20.483884ms
2025/03/29 10:39:52 [GET] ::1 /v1/admin/users/1 200 24.651173ms
2025/03/29 10:40:02 [GET] ::1 /v1/admin/checkauth 200 65.532092ms
2025/03/29 10:40:10 [GET] ::1 /v1/admin/users/1 200 138.63106ms
2025/03/29 10:40:10 [GET] ::1 /v1/admin/checkauth 200 24.025026ms
2025/03/29 10:40:12 [GET] ::1 /v1/admin/pages/typenstatus/ 200 113.286088ms
2025/03/29 10:40:12 [GET] ::1 /v1/admin/checkauth 200 28.021205ms
2025/03/29 10:40:14 [GET] ::1 /v1/admin/pages/typenstatus/ 200 189.845405ms
2025/03/29 10:40:14 [GET] ::1 /v1/admin/checkauth 200 80.064391ms
2025/03/29 10:40:16 [GET] ::1 /v1/admin/categories/type/1 200 17.960683ms
2025/03/29 10:40:16 [GET] ::1 /v1/admin/checkauth 200 6.576306ms
2025/03/29 10:40:18 [GET] ::1 /v1/admin/tags/type/1 200 35.360117ms
2025/03/29 10:40:18 [GET] ::1 /v1/admin/checkauth 200 6.678185ms
2025/03/29 10:40:21 [GET] ::1 /v1/admin/checkauth 200 5.809407ms
2025/03/29 10:40:27 [GET] ::1 /v1/admin/categories/type/1 200 10.126424ms
2025/03/29 10:40:28 [GET] ::1 /v1/admin/checkauth 200 37.282898ms
2025/03/29 10:40:29 [GET] ::1 /v1/admin/tags/type/1 200 12.985188ms
2025/03/29 10:40:32 [GET] ::1 /v1/admin/checkauth 200 5.338692ms
2025/03/29 10:40:33 [GET] ::1 /v1/admin/checkauth 200 6.789722ms
2025/03/29 10:40:34 [GET] ::1 /v1/admin/pages/typenstatus/ 200 60.689511ms
2025/03/29 10:40:35 [GET] ::1 /v1/admin/checkauth 200 3.722892ms
2025/03/29 10:40:37 [GET] ::1 /v1/admin/pages/typenstatus/ 200 46.196209ms
2025/03/29 10:40:37 [GET] ::1 /v1/admin/checkauth 200 11.46571ms
2025/03/29 10:40:38 [GET] ::1 /v1/admin/pages/typenstatus/ 200 10.099119ms
2025/03/29 10:40:38 [GET] ::1 /v1/admin/checkauth 200 2.809347ms
2025/03/29 10:40:48 [GET] ::1 /v1/admin/pages/typenstatus/ 200 13.920175ms
2025/03/29 10:40:49 [GET] ::1 /v1/admin/checkauth 200 3.229094ms
2025/03/29 10:40:49 [GET] ::1 /v1/admin/pages/typenstatus/ 200 7.848873ms
2025/03/29 10:40:50 [GET] ::1 /v1/admin/checkauth 200 4.630229ms
2025/03/29 10:40:52 [GET] ::1 /v1/admin/pages/count/type/1 200 38.866805ms
2025/03/29 10:40:52 [GET] ::1 /v1/admin/checkauth 200 2.673305ms
2025/03/29 10:40:53 [GET] ::1 /v1/admin/pages/count/type/1 200 8.316408ms
2025/03/29 10:40:53 [GET] ::1 /v1/admin/checkauth 200 3.674195ms
2025/03/29 10:40:54 [GET] ::1 /v1/admin/pages/count/typenstatus/ 200 6.853322ms
2025/03/29 10:40:55 [GET] ::1 /v1/admin/checkauth 200 3.958759ms
2025/03/29 10:40:56 [GET] ::1 /v1/admin/pages/count/typenstatus/ 200 13.348887ms
2025/03/29 10:40:58 [GET] ::1 /v1/admin/checkauth 200 3.000677ms
2025/03/29 10:40:59 [GET] ::1 /v1/admin/pages/count/typenstatus/ 200 5.556885ms
2025/03/29 10:40:59 [GET] ::1 /v1/admin/checkauth 200 46.429347ms
2025/03/29 10:41:00 [GET] ::1 /v1/admin/pages/count/typenstatus/ 200 8.341111ms
2025/03/29 10:41:01 [GET] ::1 /v1/admin/checkauth 200 3.840019ms
2025/03/29 10:41:02 [GET] ::1 /v1/admin/pages/count/typenstatus/ 200 17.80652ms
2025/03/29 10:41:02 [GET] ::1 /v1/admin/checkauth 200 4.71109ms
2025/03/29 10:41:03 [GET] ::1 /v1/admin/pages/count/typenstatus/ 200 6.458699ms
2025/03/29 10:41:03 [GET] ::1 /v1/admin/checkauth 200 2.279012ms
2025/03/29 10:41:04 [GET] ::1 /v1/admin/pages/count/typenstatus/ 200 8.451864ms
2025/03/29 10:41:04 [GET] ::1 /v1/admin/checkauth 200 3.184881ms
2025/03/29 10:41:05 [GET] ::1 /v1/admin/pages/count/typenstatus/ 200 4.858484ms
2025/03/29 10:41:06 [GET] ::1 /v1/admin/checkauth 200 4.995629ms
2025/03/29 10:41:06 [GET] ::1 /v1/checkstatus 200 513.67µs
2025/03/29 10:41:34 [GET] ::1 /v1/admin/checkauth 200 226.074571ms
2025/03/29 10:43:27 [GET] ::1 /v1/admin/checkauth 200 104.621773ms
2025/03/29 10:43:33 [GET] ::1 /v1/admin/checkauth 200 11.244288ms
2025/03/29 10:46:42 [GET] ::1 /v1/admin/checkauth 200 169.325283ms
2025/03/29 10:46:42 [GET] ::1 /v1/admin/checkauth 200 182.620524ms
2025/03/29 10:46:43 [GET] ::1 /v1/checkstatus 200 52.728µs
2025/03/29 10:47:08 [GET] ::1 /v1/admin/checkauth 200 508.562018ms
2025/03/29 10:47:12 [GET] ::1 /v1/admin/checkauth 200 13.871995ms
2025/03/29 10:47:12 [GET] ::1 /v1/admin/checkauth 200 7.01642ms
2025/03/29 10:47:13 [GET] ::1 /v1/config 200 44.111676ms
2025/03/29 10:47:13 [GET] ::1 /v1/admin/checkauth 200 9.744748ms
2025/03/29 10:47:14 [GET] ::1 /v1/admin/checkauth 200 13.103761ms
2025/03/29 10:51:18 [GET] ::1 /v1/admin/checkauth 200 316.413172ms
2025/03/29 10:51:18 [GET] ::1 /v1/admin/checkauth 200 321.330028ms
2025/03/29 10:51:21 [GET] ::1 /v1/checkstatus 200 40.922µs
2025/03/29 10:51:30 [GET] ::1 /v1/admin/checkauth 200 4.89666ms
2025/03/29 10:51:42 [GET] ::1 /v1/admin/checkauth 200 104.541224ms
2025/03/29 10:51:46 [GET] ::1 /v1/admin/checkauth 200 12.026649ms
2025/03/29 10:51:46 [GET] ::1 /v1/checkstatus 200 1.140862ms
2025/03/29 10:51:47 [GET] ::1 /v1/admin/checkauth 200 4.757512ms
2025/03/29 10:51:48 [GET] ::1 /v1/admin/checkauth 200 5.682462ms
2025/03/29 10:51:54 [GET] ::1 /v1/admin/checkauth 200 7.626009ms
2025/03/29 10:51:56 [GET] ::1 /v1/admin/checkauth 200 5.132971ms
2025/03/29 10:51:56 [GET] ::1 /v1/admin/checkauth 200 8.748811ms
2025/03/29 10:51:57 [GET] ::1 /v1/config 200 101.586291ms
2025/03/29 10:51:57 [GET] ::1 /v1/admin/checkauth 200 6.018138ms
2025/03/29 10:51:59 [GET] ::1 /v1/admin/checkauth 200 11.900595ms
2025/03/29 10:52:08 [GET] ::1 /v1/admin/checkauth 200 11.332594ms
2025/03/29 10:52:08 [GET] ::1 /v1/admin/checkauth 200 6.117276ms
2025/03/29 10:52:09 [GET] ::1 /v1/checkstatus 200 487.671µs
2025/03/29 10:52:15 [GET] ::1 /v1/admin/checkauth 200 13.653149ms
2025/03/29 10:52:17 [GET] ::1 /v1/admin/checkauth 200 8.816123ms
2025/03/29 10:52:18 [GET] ::1 /v1/admin/checkauth 200 177.985963ms
2025/03/29 10:52:19 [GET] ::1 /v1/config 200 10.294849ms
2025/03/29 10:52:19 [GET] ::1 /v1/admin/checkauth 200 4.755455ms
2025/03/29 10:52:21 [GET] ::1 /v1/admin/checkauth 200 5.704645ms
2025/03/29 10:52:21 [GET] ::1 /v1/admin/checkauth 200 15.57484ms
2025/03/29 10:52:21 [GET] ::1 /v1/admin/checkauth 200 3.892316ms
2025/03/29 10:52:22 [GET] ::1 /v1/checkstatus 200 23.515µs
2025/03/29 10:52:29 [GET] ::1 /v1/admin/checkauth 200 7.313376ms
2025/03/29 10:52:32 [GET] ::1 /v1/admin/checkauth 200 5.431576ms
2025/03/29 10:52:33 [GET] ::1 /v1/admin/checkauth 200 4.048529ms
2025/03/29 10:52:34 [GET] ::1 /v1/config 200 3.996354ms
2025/03/29 10:52:34 [GET] ::1 /v1/admin/checkauth 200 5.521008ms
2025/03/29 10:52:35 [GET] ::1 /v1/admin/checkauth 200 38.441717ms
2025/03/29 10:55:35 [GET] ::1 /v1/checkstatus 200 4.654374ms
2025/03/29 10:55:36 [GET] ::1 /v1/config 200 154.146602ms
2025/03/29 10:55:46 [GET] ::1 /v1/admin/checkauth 200 15.005368ms
2025/03/29 10:55:50 [GET] ::1 /v1/checkstatus 200 17.486µs
2025/03/29 10:55:52 [GET] ::1 /v1/admin/checkauth 200 4.260045ms
2025/03/29 10:55:52 [GET] ::1 /v1/admin/pagecategories 200 13.522674ms
2025/03/29 10:55:53 [GET] ::1 /v1/admin/checkauth 200 8.464429ms
2025/03/29 10:55:53 [GET] ::1 /v1/admin/pages 200 20.310067ms
2025/03/29 10:55:53 [GET] ::1 /v1/admin/checkauth 200 14.169977ms
2025/03/29 10:55:53 [GET] ::1 /v1/admin/menu_locations 200 10.84655ms
2025/03/29 10:55:53 [GET] ::1 /v1/admin/checkauth 200 4.310156ms
2025/03/29 10:55:53 [GET] ::1 /v1/admin/menus 200 14.441716ms
2025/03/29 10:55:54 [GET] ::1 /v1/admin/checkauth 200 6.903977ms
2025/03/29 10:55:54 [GET] ::1 /v1/admin/checkauth 200 2.817858ms
2025/03/29 10:55:54 [GET] ::1 /v1/admin/checkauth 200 3.699862ms
2025/03/29 10:55:54 [GET] ::1 /v1/config 200 2.548757ms
2025/03/29 10:55:54 [GET] ::1 /v1/admin/checkauth 200 3.707293ms
2025/03/29 10:55:55 [GET] ::1 /v1/admin/categories 200 18.185711ms
2025/03/29 10:55:55 [GET] ::1 /v1/admin/checkauth 200 5.4114ms
2025/03/29 10:55:55 [GET] ::1 /v1/admin/menu_locations 200 9.020845ms
2025/03/29 10:55:55 [GET] ::1 /v1/admin/checkauth 200 6.303137ms
2025/03/29 10:55:55 [GET] ::1 /v1/admin/pages/id/1 200 5.317278ms
2025/03/29 10:55:55 [GET] ::1 /v1/admin/checkauth 200 8.079568ms
2025/03/29 10:55:55 [GET] ::1 /v1/admin/pages/id/3 200 8.444687ms
2025/03/29 10:55:56 [GET] ::1 /v1/admin/checkauth 200 8.24593ms
2025/03/29 10:55:56 [GET] ::1 /v1/admin/pages/id/1 200 3.656354ms
2025/03/29 10:55:56 [GET] ::1 /v1/admin/checkauth 200 3.234637ms
2025/03/29 10:55:56 [GET] ::1 /v1/admin/pages/id/1 200 5.939318ms
2025/03/29 10:55:56 [GET] ::1 /v1/admin/checkauth 200 4.470457ms
2025/03/29 10:55:56 [GET] ::1 /v1/admin/pages/id/3 200 7.423267ms
2025/03/29 10:55:56 [GET] ::1 /v1/admin/checkauth 200 5.758884ms
2025/03/29 10:55:56 [GET] ::1 /v1/admin/pages/id/1 200 10.514542ms
2025/03/29 10:55:56 [GET] ::1 /v1/admin/checkauth 200 5.247003ms
2025/03/29 10:55:57 [GET] ::1 /v1/admin/checkauth 200 3.823517ms
2025/03/29 10:55:57 [GET] ::1 /v1/admin/pagecategories 200 11.272442ms
2025/03/29 10:55:57 [GET] ::1 /v1/admin/checkauth 200 5.776578ms
2025/03/29 10:55:57 [GET] ::1 /v1/admin/pages 200 9.351219ms
2025/03/29 10:55:57 [GET] ::1 /v1/admin/checkauth 200 5.427886ms
2025/03/29 10:55:58 [GET] ::1 /v1/admin/menu_locations 200 8.554103ms
2025/03/29 10:55:58 [GET] ::1 /v1/admin/checkauth 200 2.970638ms
2025/03/29 10:55:58 [GET] ::1 /v1/admin/menus 200 23.49514ms
2025/03/29 10:55:58 [GET] ::1 /v1/admin/checkauth 200 9.670237ms
2025/03/29 10:55:58 [GET] ::1 /v1/admin/checkauth 200 4.361194ms
2025/03/29 10:56:01 [GET] ::1 /v1/admin/checkauth 200 4.690541ms
2025/03/29 10:56:01 [GET] ::1 /v1/admin/pagecategories 200 5.417343ms
2025/03/29 10:56:02 [GET] ::1 /v1/admin/checkauth 200 10.044621ms
2025/03/29 10:56:02 [GET] ::1 /v1/admin/pages 200 12.587744ms
2025/03/29 10:56:02 [GET] ::1 /v1/admin/checkauth 200 3.421706ms
2025/03/29 10:56:02 [GET] ::1 /v1/admin/menu_locations 200 4.751223ms
2025/03/29 10:56:02 [GET] ::1 /v1/admin/checkauth 200 3.99693ms
2025/03/29 10:56:03 [GET] ::1 /v1/admin/menus 200 9.587422ms
2025/03/29 10:56:03 [GET] ::1 /v1/admin/checkauth 200 4.302971ms
2025/03/29 10:56:03 [GET] ::1 /v1/admin/categories 200 5.817784ms
2025/03/29 10:56:03 [GET] ::1 /v1/admin/checkauth 200 2.67829ms
2025/03/29 10:56:03 [GET] ::1 /v1/admin/menu_locations 200 7.150131ms
2025/03/29 10:56:03 [GET] ::1 /v1/admin/checkauth 200 4.129635ms
2025/03/29 10:56:04 [GET] ::1 /v1/admin/pages/id/1 200 8.886274ms
2025/03/29 10:56:04 [GET] ::1 /v1/admin/checkauth 200 3.584495ms
2025/03/29 10:56:04 [GET] ::1 /v1/admin/pages/id/3 200 11.177933ms
2025/03/29 10:56:04 [GET] ::1 /v1/admin/checkauth 200 3.647985ms
2025/03/29 10:56:04 [GET] ::1 /v1/admin/pages/id/1 200 21.183716ms
2025/03/29 10:56:04 [GET] ::1 /v1/admin/checkauth 200 6.696872ms
2025/03/29 10:56:04 [GET] ::1 /v1/admin/pages/id/1 200 14.194644ms
2025/03/29 10:56:05 [GET] ::1 /v1/admin/checkauth 200 10.292403ms
2025/03/29 10:56:05 [GET] ::1 /v1/admin/pages/id/3 200 21.192065ms
2025/03/29 10:56:05 [GET] ::1 /v1/admin/checkauth 200 4.129396ms
2025/03/29 10:56:05 [GET] ::1 /v1/admin/pages/id/1 200 7.000453ms
2025/03/29 10:56:05 [GET] ::1 /v1/admin/checkauth 200 16.112911ms
2025/03/29 10:56:05 [GET] ::1 /v1/admin/categories 200 5.475457ms
2025/03/29 10:56:05 [GET] ::1 /v1/admin/checkauth 200 3.323555ms
2025/03/29 10:56:06 [GET] ::1 /v1/admin/menu_locations 200 5.96064ms
2025/03/29 10:56:06 [GET] ::1 /v1/admin/checkauth 200 10.939462ms
2025/03/29 10:56:06 [GET] ::1 /v1/admin/pages/id/1 200 12.298563ms
2025/03/29 10:56:06 [GET] ::1 /v1/admin/checkauth 200 3.602052ms
2025/03/29 10:56:06 [GET] ::1 /v1/admin/pages/id/3 200 6.861466ms
2025/03/29 10:56:06 [GET] ::1 /v1/admin/checkauth 200 2.93717ms
2025/03/29 10:56:07 [GET] ::1 /v1/admin/pages/id/1 200 13.342108ms
2025/03/29 10:56:07 [GET] ::1 /v1/admin/checkauth 200 3.16397ms
2025/03/29 10:56:07 [GET] ::1 /v1/admin/pages/id/1 200 9.692212ms
2025/03/29 10:56:07 [GET] ::1 /v1/admin/checkauth 200 13.012532ms
2025/03/29 10:56:08 [GET] ::1 /v1/admin/pages/id/3 200 6.373125ms
2025/03/29 10:56:08 [GET] ::1 /v1/admin/checkauth 200 3.888665ms
2025/03/29 10:56:08 [GET] ::1 /v1/admin/pages/id/1 200 5.157102ms
2025/03/29 10:56:08 [GET] ::1 /v1/admin/checkauth 200 4.254724ms
2025/03/29 10:56:08 [GET] ::1 /v1/checkstatus 200 23.099µs
2025/03/29 10:56:19 [GET] ::1 /v1/admin/checkauth 200 5.845873ms
2025/03/29 10:56:24 [GET] ::1 /v1/admin/checkauth 200 1.800239ms
2025/03/29 10:57:44 [GET] ::1 /v1/admin/checkauth 200 26.344239ms
2025/03/29 10:57:44 [GET] ::1 /v1/admin/checkauth 200 5.060104ms
2025/03/29 10:57:44 [GET] ::1 /v1/checkstatus 200 23.224µs
2025/03/29 10:57:47 [GET] ::1 /v1/admin/checkauth 200 3.415574ms
2025/03/29 10:57:47 [GET] ::1 /v1/admin/checkauth 200 3.821925ms
2025/03/29 10:57:47 [GET] ::1 /v1/admin/checkauth 200 4.697642ms
2025/03/29 10:57:47 [GET] ::1 /v1/config 200 4.641118ms
2025/03/29 10:57:48 [GET] ::1 /v1/admin/checkauth 200 7.751847ms
2025/03/29 10:57:48 [GET] ::1 /v1/admin/checkauth 200 7.951829ms
2025/03/29 10:58:03 [GET] ::1 /v1/admin/checkauth 200 2.79183ms
2025/03/29 10:58:03 [GET] ::1 /v1/admin/checkauth 200 3.645506ms
2025/03/29 10:58:04 [GET] ::1 /v1/checkstatus 200 21.646µs
2025/03/29 10:58:04 [GET] ::1 /v1/checkstatus 200 21.928µs
2025/03/29 10:58:06 [GET] ::1 /v1/admin/checkauth 200 3.283762ms
2025/03/29 10:58:06 [GET] ::1 /v1/admin/checkauth 200 2.865835ms
2025/03/29 10:58:06 [GET] ::1 /v1/admin/checkauth 200 9.407299ms
2025/03/29 10:58:06 [GET] ::1 /v1/config 200 6.933803ms
2025/03/29 10:58:07 [GET] ::1 /v1/admin/checkauth 200 4.611955ms
2025/03/29 10:58:07 [GET] ::1 /v1/admin/checkauth 200 4.294533ms
2025/03/29 10:58:23 [GET] ::1 /v1/admin/checkauth 200 4.568208ms
2025/03/29 10:58:23 [GET] ::1 /v1/admin/checkauth 200 5.612736ms
2025/03/29 10:58:23 [GET] ::1 /v1/checkstatus 200 33.31µs
2025/03/29 10:58:24 [GET] ::1 /v1/checkstatus 200 24.795µs
2025/03/29 10:58:26 [GET] ::1 /v1/admin/checkauth 200 3.783048ms
2025/03/29 10:58:26 [GET] ::1 /v1/admin/checkauth 200 3.852554ms
2025/03/29 10:58:26 [GET] ::1 /v1/admin/checkauth 200 3.446313ms
2025/03/29 10:58:26 [GET] ::1 /v1/config 200 2.59559ms
2025/03/29 10:58:26 [GET] ::1 /v1/admin/checkauth 200 4.654661ms
2025/03/29 10:58:27 [GET] ::1 /v1/admin/checkauth 200 10.121362ms
2025/03/29 10:58:48 [GET] ::1 /v1/admin/checkauth 200 21.591808ms
2025/03/29 10:58:48 [GET] ::1 /v1/admin/checkauth 200 3.655846ms
2025/03/29 10:58:48 [GET] ::1 /v1/checkstatus 200 16.496µs
2025/03/29 10:58:50 [GET] ::1 /v1/admin/checkauth 200 3.541706ms
2025/03/29 10:58:51 [GET] ::1 /v1/admin/checkauth 200 16.00592ms
2025/03/29 10:58:51 [GET] ::1 /v1/admin/checkauth 200 7.475937ms
2025/03/29 10:58:51 [GET] ::1 /v1/config 200 3.913779ms
2025/03/29 10:58:51 [GET] ::1 /v1/admin/checkauth 200 3.985781ms
2025/03/29 10:58:52 [GET] ::1 /v1/admin/checkauth 200 6.969233ms
2025/03/29 10:58:59 [GET] ::1 /v1/admin/checkauth 200 9.01588ms
2025/03/29 10:58:59 [GET] ::1 /v1/admin/checkauth 200 3.863103ms
2025/03/29 10:58:59 [GET] ::1 /v1/checkstatus 200 18.429µs
2025/03/29 10:59:00 [GET] ::1 /v1/checkstatus 200 26.514µs
2025/03/29 10:59:01 [GET] ::1 /v1/admin/checkauth 200 2.811382ms
2025/03/29 10:59:02 [GET] ::1 /v1/admin/checkauth 200 3.017122ms
2025/03/29 10:59:02 [GET] ::1 /v1/admin/checkauth 200 3.890499ms
2025/03/29 10:59:02 [GET] ::1 /v1/config 200 2.509807ms
2025/03/29 10:59:02 [GET] ::1 /v1/admin/checkauth 200 4.858303ms
2025/03/29 10:59:03 [GET] ::1 /v1/admin/checkauth 200 17.527391ms
2025/03/29 10:59:27 [GET] ::1 /v1/admin/checkauth 200 10.855476ms
2025/03/29 10:59:27 [GET] ::1 /v1/admin/checkauth 200 14.745593ms
2025/03/29 10:59:28 [GET] ::1 /v1/checkstatus 200 18.056µs
2025/03/29 10:59:30 [GET] ::1 /v1/admin/checkauth 200 3.891754ms
2025/03/29 10:59:30 [GET] ::1 /v1/admin/checkauth 200 3.086183ms
2025/03/29 10:59:31 [GET] ::1 /v1/admin/checkauth 200 8.345752ms
2025/03/29 10:59:31 [GET] ::1 /v1/config 200 3.067904ms
2025/03/29 10:59:31 [GET] ::1 /v1/admin/checkauth 200 6.250555ms
2025/03/29 10:59:31 [GET] ::1 /v1/admin/checkauth 200 8.527014ms
2025/03/29 10:59:36 [GET] ::1 /v1/admin/checkauth 200 6.908515ms
2025/03/29 10:59:36 [GET] ::1 /v1/admin/checkauth 200 6.209975ms
2025/03/29 10:59:36 [GET] ::1 /v1/checkstatus 200 29.189µs
2025/03/29 10:59:39 [GET] ::1 /v1/admin/checkauth 200 3.823253ms
2025/03/29 10:59:39 [GET] ::1 /v1/admin/checkauth 200 9.190882ms
2025/03/29 10:59:39 [GET] ::1 /v1/admin/checkauth 200 4.185087ms
2025/03/29 10:59:39 [GET] ::1 /v1/config 200 2.812591ms
2025/03/29 10:59:40 [GET] ::1 /v1/admin/checkauth 200 3.527662ms
2025/03/29 10:59:40 [GET] ::1 /v1/admin/checkauth 200 4.41823ms
2025/03/29 11:00:07 [GET] ::1 /v1/admin/checkauth 200 18.626256ms
2025/03/29 11:00:07 [GET] ::1 /v1/checkstatus 200 26.127µs
2025/03/29 11:00:09 [GET] ::1 /v1/admin/checkauth 200 5.552257ms
2025/03/29 11:00:10 [GET] ::1 /v1/admin/checkauth 200 15.235696ms
2025/03/29 11:00:10 [GET] ::1 /v1/admin/checkauth 200 4.124039ms
2025/03/29 11:00:10 [GET] ::1 /v1/config 200 4.804342ms
2025/03/29 11:00:10 [GET] ::1 /v1/admin/checkauth 200 8.473248ms
2025/03/29 11:00:10 [GET] ::1 /v1/admin/checkauth 200 4.082733ms
2025/03/29 11:01:07 [GET] ::1 /v1/admin/checkauth 200 3.795446ms
2025/03/29 11:01:07 [GET] ::1 /v1/admin/checkauth 200 19.259655ms
2025/03/29 11:01:07 [GET] ::1 /v1/checkstatus 200 29.379µs
2025/03/29 11:01:09 [GET] ::1 /v1/admin/checkauth 200 12.173761ms
2025/03/29 11:01:10 [GET] ::1 /v1/admin/checkauth 200 4.677024ms
2025/03/29 11:01:10 [GET] ::1 /v1/admin/checkauth 200 3.630102ms
2025/03/29 11:01:10 [GET] ::1 /v1/config 200 5.849294ms
2025/03/29 11:01:10 [GET] ::1 /v1/admin/checkauth 200 3.55716ms
2025/03/29 11:01:10 [GET] ::1 /v1/admin/checkauth 200 3.865399ms
2025/03/29 11:01:59 [GET] ::1 /v1/admin/checkauth 200 3.981114ms
2025/03/29 11:01:59 [GET] ::1 /v1/admin/checkauth 200 3.897275ms
2025/03/29 11:01:59 [GET] ::1 /v1/checkstatus 200 24.059µs
2025/03/29 11:02:02 [GET] ::1 /v1/admin/checkauth 200 5.650878ms
2025/03/29 11:02:02 [GET] ::1 /v1/admin/checkauth 200 3.464544ms
2025/03/29 11:02:02 [GET] ::1 /v1/admin/checkauth 200 11.870227ms
2025/03/29 11:02:02 [GET] ::1 /v1/config 200 3.851149ms
2025/03/29 11:02:03 [GET] ::1 /v1/admin/checkauth 200 5.098524ms
2025/03/29 11:02:03 [GET] ::1 /v1/admin/checkauth 200 4.269597ms
2025/03/29 11:02:11 [GET] ::1 /v1/admin/checkauth 200 10.416213ms
2025/03/29 11:02:11 [GET] ::1 /v1/admin/checkauth 200 4.864369ms
2025/03/29 11:02:11 [GET] ::1 /v1/checkstatus 200 22.365µs
2025/03/29 11:02:14 [GET] ::1 /v1/admin/checkauth 200 2.8573ms
2025/03/29 11:02:14 [GET] ::1 /v1/admin/checkauth 200 2.882315ms
2025/03/29 11:02:14 [GET] ::1 /v1/admin/checkauth 200 4.263926ms
2025/03/29 11:02:15 [GET] ::1 /v1/config 200 7.691293ms
2025/03/29 11:02:15 [GET] ::1 /v1/admin/checkauth 200 3.000975ms
2025/03/29 11:02:15 [GET] ::1 /v1/admin/checkauth 200 4.635066ms
2025/03/29 11:02:17 [GET] ::1 /v1/admin/checkauth 200 2.858944ms
2025/03/29 11:02:18 [GET] ::1 /v1/admin/checkauth 200 2.887858ms
2025/03/29 11:02:18 [GET] ::1 /v1/checkstatus 200 24.771µs
2025/03/29 11:02:20 [GET] ::1 /v1/admin/checkauth 200 4.353964ms
2025/03/29 11:02:21 [GET] ::1 /v1/admin/checkauth 200 7.395871ms
2025/03/29 11:02:21 [GET] ::1 /v1/admin/checkauth 200 4.650258ms
2025/03/29 11:02:21 [GET] ::1 /v1/config 200 2.576166ms
2025/03/29 11:02:21 [GET] ::1 /v1/admin/checkauth 200 7.064723ms
2025/03/29 11:02:21 [GET] ::1 /v1/admin/checkauth 200 5.869215ms
2025/03/29 11:02:49 [GET] ::1 /v1/admin/checkauth 200 3.318435ms
2025/03/29 11:02:49 [GET] ::1 /v1/admin/checkauth 200 5.125929ms
2025/03/29 11:02:50 [GET] ::1 /v1/checkstatus 200 22.055µs
2025/03/29 11:02:52 [GET] ::1 /v1/admin/checkauth 200 3.454694ms
2025/03/29 11:02:52 [GET] ::1 /v1/admin/checkauth 200 4.683371ms
2025/03/29 11:02:53 [GET] ::1 /v1/admin/checkauth 200 4.112979ms
2025/03/29 11:02:53 [GET] ::1 /v1/config 200 5.082573ms
2025/03/29 11:02:53 [GET] ::1 /v1/admin/checkauth 200 3.278237ms
2025/03/29 11:02:54 [GET] ::1 /v1/admin/checkauth 200 4.546768ms
2025/03/29 11:03:34 [GET] ::1 /v1/admin/checkauth 200 11.509337ms
2025/03/29 11:03:34 [GET] ::1 /v1/admin/checkauth 200 3.69526ms
2025/03/29 11:03:34 [GET] ::1 /v1/checkstatus 200 15.093µs
2025/03/29 11:03:37 [GET] ::1 /v1/admin/checkauth 200 2.579699ms
2025/03/29 11:03:37 [GET] ::1 /v1/admin/checkauth 200 5.197664ms
2025/03/29 11:03:37 [GET] ::1 /v1/admin/checkauth 200 3.633073ms
2025/03/29 11:03:38 [GET] ::1 /v1/config 200 5.358413ms
2025/03/29 11:03:38 [GET] ::1 /v1/admin/checkauth 200 7.71877ms
2025/03/29 11:03:38 [GET] ::1 /v1/admin/checkauth 200 4.070636ms
2025/03/29 11:03:58 [GET] ::1 /v1/admin/checkauth 200 4.046005ms
2025/03/29 11:03:58 [GET] ::1 /v1/admin/checkauth 200 2.833745ms
2025/03/29 11:03:58 [GET] ::1 /v1/checkstatus 200 36.414µs
2025/03/29 11:04:00 [GET] ::1 /v1/admin/checkauth 200 3.019113ms
2025/03/29 11:04:01 [GET] ::1 /v1/admin/checkauth 200 3.243586ms
2025/03/29 11:04:01 [GET] ::1 /v1/admin/checkauth 200 3.611712ms
2025/03/29 11:04:01 [GET] ::1 /v1/config 200 4.068811ms
2025/03/29 11:04:02 [GET] ::1 /v1/admin/checkauth 200 5.05742ms
2025/03/29 11:04:02 [GET] ::1 /v1/admin/checkauth 200 5.135597ms
2025/03/29 11:04:49 [GET] ::1 /v1/admin/checkauth 200 10.154231ms
2025/03/29 11:04:49 [GET] ::1 /v1/admin/checkauth 200 4.340559ms
2025/03/29 11:04:50 [GET] ::1 /v1/checkstatus 200 36.843µs
2025/03/29 11:04:52 [GET] ::1 /v1/admin/checkauth 200 5.687853ms
2025/03/29 11:04:52 [GET] ::1 /v1/admin/checkauth 200 2.99573ms
2025/03/29 11:04:52 [GET] ::1 /v1/admin/checkauth 200 2.510749ms
2025/03/29 11:04:53 [GET] ::1 /v1/config 200 10.467175ms
2025/03/29 11:04:53 [GET] ::1 /v1/admin/checkauth 200 6.192646ms
2025/03/29 11:04:53 [GET] ::1 /v1/admin/checkauth 200 7.258971ms
2025/03/29 11:05:01 [GET] ::1 /v1/admin/checkauth 200 4.849394ms
2025/03/29 11:05:01 [GET] ::1 /v1/admin/checkauth 200 5.953113ms
2025/03/29 11:05:01 [GET] ::1 /v1/checkstatus 200 22.269µs
2025/03/29 11:05:04 [GET] ::1 /v1/admin/checkauth 200 2.733507ms
2025/03/29 11:05:04 [GET] ::1 /v1/admin/checkauth 200 3.708156ms
2025/03/29 11:05:05 [GET] ::1 /v1/admin/checkauth 200 5.237995ms
2025/03/29 11:05:05 [GET] ::1 /v1/config 200 2.216903ms
2025/03/29 11:05:05 [GET] ::1 /v1/admin/checkauth 200 3.802082ms
2025/03/29 11:05:05 [GET] ::1 /v1/admin/checkauth 200 2.462103ms
2025/03/29 11:05:25 [GET] ::1 /v1/admin/checkauth 200 3.743708ms
2025/03/29 11:05:25 [GET] ::1 /v1/admin/checkauth 200 4.583449ms
2025/03/29 11:05:25 [GET] ::1 /v1/checkstatus 200 27.149µs
2025/03/29 11:05:27 [GET] ::1 /v1/admin/checkauth 200 4.192161ms
2025/03/29 11:05:28 [GET] ::1 /v1/admin/checkauth 200 3.742733ms
2025/03/29 11:05:28 [GET] ::1 /v1/admin/checkauth 200 6.704993ms
2025/03/29 11:05:28 [GET] ::1 /v1/config 200 3.914134ms
2025/03/29 11:05:28 [GET] ::1 /v1/admin/checkauth 200 4.0054ms
2025/03/29 11:05:29 [GET] ::1 /v1/admin/checkauth 200 5.574162ms
2025/03/29 11:08:30 [GET] ::1 /v1/admin/checkauth 200 19.245415ms
2025/03/29 11:08:30 [GET] ::1 /v1/admin/checkauth 200 12.103548ms
2025/03/29 11:08:30 [GET] ::1 /v1/checkstatus 200 23.083µs
2025/03/29 11:08:33 [GET] ::1 /v1/admin/checkauth 200 9.265202ms
2025/03/29 11:08:33 [GET] ::1 /v1/admin/checkauth 200 5.92172ms
2025/03/29 11:08:33 [GET] ::1 /v1/admin/checkauth 200 6.246793ms
2025/03/29 11:08:33 [GET] ::1 /v1/config 200 4.382691ms
2025/03/29 11:08:34 [GET] ::1 /v1/admin/checkauth 200 2.878101ms
2025/03/29 11:08:34 [GET] ::1 /v1/admin/checkauth 200 4.661401ms
2025/03/29 11:08:59 [GET] ::1 /v1/admin/checkauth 200 11.137305ms
2025/03/29 11:08:59 [GET] ::1 /v1/admin/checkauth 200 7.071242ms
2025/03/29 11:09:00 [GET] ::1 /v1/checkstatus 200 19.837µs
2025/03/29 11:09:02 [GET] ::1 /v1/admin/checkauth 200 4.085184ms
2025/03/29 11:09:02 [GET] ::1 /v1/admin/checkauth 200 10.915608ms
2025/03/29 11:09:02 [GET] ::1 /v1/admin/checkauth 200 3.336331ms
2025/03/29 11:09:03 [GET] ::1 /v1/config 200 3.116431ms
2025/03/29 11:09:03 [GET] ::1 /v1/admin/checkauth 200 5.288697ms
2025/03/29 11:09:03 [GET] ::1 /v1/admin/checkauth 200 5.528216ms
2025/03/29 11:09:22 [GET] ::1 /v1/admin/checkauth 200 3.833358ms
2025/03/29 11:09:22 [GET] ::1 /v1/admin/checkauth 200 9.528537ms
2025/03/29 11:09:23 [GET] ::1 /v1/checkstatus 200 18.976µs
2025/03/29 11:09:25 [GET] ::1 /v1/admin/checkauth 200 7.169997ms
2025/03/29 11:09:26 [GET] ::1 /v1/admin/checkauth 200 6.785668ms
2025/03/29 11:09:26 [GET] ::1 /v1/admin/checkauth 200 2.374967ms
2025/03/29 11:09:26 [GET] ::1 /v1/config 200 13.599679ms
2025/03/29 11:09:26 [GET] ::1 /v1/admin/checkauth 200 4.50828ms
2025/03/29 11:09:27 [GET] ::1 /v1/admin/checkauth 200 10.212524ms
2025/03/29 11:09:37 [GET] ::1 /v1/admin/checkauth 200 9.924701ms
2025/03/29 11:09:37 [GET] ::1 /v1/admin/checkauth 200 33.488025ms
2025/03/29 11:09:37 [GET] ::1 /v1/checkstatus 200 14.68µs
2025/03/29 11:09:40 [GET] ::1 /v1/admin/checkauth 200 2.790792ms
2025/03/29 11:09:40 [GET] ::1 /v1/admin/checkauth 200 4.31324ms
2025/03/29 11:09:40 [GET] ::1 /v1/admin/checkauth 200 4.388259ms
2025/03/29 11:09:40 [GET] ::1 /v1/config 200 4.611572ms
2025/03/29 11:09:41 [GET] ::1 /v1/admin/checkauth 200 2.588571ms
2025/03/29 11:09:41 [GET] ::1 /v1/admin/checkauth 200 4.622061ms
2025/03/29 11:10:34 [GET] ::1 /v1/admin/checkauth 200 3.045005ms
2025/03/29 11:10:34 [GET] ::1 /v1/admin/checkauth 200 2.856312ms
2025/03/29 11:10:34 [GET] ::1 /v1/checkstatus 200 44.764µs
2025/03/29 11:10:37 [GET] ::1 /v1/admin/checkauth 200 12.915111ms
2025/03/29 11:10:37 [GET] ::1 /v1/admin/checkauth 200 4.107211ms
2025/03/29 11:10:38 [GET] ::1 /v1/admin/checkauth 200 4.985611ms
2025/03/29 11:10:38 [GET] ::1 /v1/config 200 4.28368ms
2025/03/29 11:10:38 [GET] ::1 /v1/admin/checkauth 200 8.052454ms
2025/03/29 11:10:39 [GET] ::1 /v1/admin/checkauth 200 7.284466ms
2025/03/29 11:11:37 [GET] ::1 /v1/admin/checkauth 200 6.716489ms
2025/03/29 11:11:37 [GET] ::1 /v1/admin/checkauth 200 9.770857ms
2025/03/29 11:11:38 [GET] ::1 /v1/checkstatus 200 18.063µs
2025/03/29 11:11:40 [GET] ::1 /v1/admin/checkauth 200 12.218536ms
2025/03/29 11:11:41 [GET] ::1 /v1/admin/checkauth 200 3.025815ms
2025/03/29 11:11:41 [GET] ::1 /v1/admin/checkauth 200 3.94616ms
2025/03/29 11:11:41 [GET] ::1 /v1/config 200 3.466577ms
2025/03/29 11:11:42 [GET] ::1 /v1/admin/checkauth 200 3.472746ms
2025/03/29 11:11:42 [GET] ::1 /v1/admin/checkauth 200 8.832155ms
2025/03/29 11:12:32 [GET] ::1 /v1/admin/checkauth 200 5.404825ms
2025/03/29 11:12:32 [GET] ::1 /v1/admin/checkauth 200 11.990846ms
2025/03/29 11:12:33 [GET] ::1 /v1/checkstatus 200 264.224µs
2025/03/29 11:12:36 [GET] ::1 /v1/admin/checkauth 200 33.619374ms
2025/03/29 11:12:36 [GET] ::1 /v1/admin/checkauth 200 4.042549ms
2025/03/29 11:12:36 [GET] ::1 /v1/admin/checkauth 200 6.291083ms
2025/03/29 11:12:37 [GET] ::1 /v1/config 200 4.005736ms
2025/03/29 11:12:37 [GET] ::1 /v1/admin/checkauth 200 13.425202ms
2025/03/29 11:12:37 [GET] ::1 /v1/admin/checkauth 200 13.966163ms
2025/03/29 11:12:55 [GET] ::1 /v1/admin/checkauth 200 4.474263ms
2025/03/29 11:12:55 [GET] ::1 /v1/admin/checkauth 200 8.83142ms
2025/03/29 11:12:56 [GET] ::1 /v1/checkstatus 200 27.372µs
2025/03/29 11:12:58 [GET] ::1 /v1/admin/checkauth 200 4.425917ms
2025/03/29 11:12:58 [GET] ::1 /v1/admin/checkauth 200 4.127269ms
2025/03/29 11:12:59 [GET] ::1 /v1/admin/checkauth 200 2.981684ms
2025/03/29 11:12:59 [GET] ::1 /v1/config 200 5.093578ms
2025/03/29 11:13:00 [GET] ::1 /v1/admin/checkauth 200 4.736002ms
2025/03/29 11:13:00 [GET] ::1 /v1/admin/checkauth 200 5.697533ms
2025/03/29 11:13:37 [GET] ::1 /v1/admin/checkauth 200 4.633617ms
2025/03/29 11:13:37 [GET] ::1 /v1/admin/checkauth 200 3.184778ms
2025/03/29 11:13:37 [GET] ::1 /v1/admin/checkauth 200 3.216462ms
2025/03/29 11:13:38 [GET] ::1 /v1/checkstatus 200 21.503µs
2025/03/29 11:13:40 [GET] ::1 /v1/admin/checkauth 200 13.837395ms
2025/03/29 11:13:41 [GET] ::1 /v1/admin/checkauth 200 3.49383ms
2025/03/29 11:13:41 [GET] ::1 /v1/admin/checkauth 200 10.047532ms
2025/03/29 11:13:41 [GET] ::1 /v1/config 200 4.473287ms
2025/03/29 11:13:41 [GET] ::1 /v1/admin/checkauth 200 4.009509ms
2025/03/29 11:13:42 [GET] ::1 /v1/admin/checkauth 200 6.738991ms
2025/03/29 11:14:09 [GET] ::1 /v1/admin/checkauth 200 3.160595ms
2025/03/29 11:14:09 [GET] ::1 /v1/admin/checkauth 200 4.779186ms
2025/03/29 11:14:10 [GET] ::1 /v1/checkstatus 200 17.425µs
2025/03/29 11:14:13 [GET] ::1 /v1/admin/checkauth 200 2.959809ms
2025/03/29 11:14:13 [GET] ::1 /v1/admin/checkauth 200 2.684758ms
2025/03/29 11:14:13 [GET] ::1 /v1/admin/checkauth 200 5.128057ms
2025/03/29 11:14:14 [GET] ::1 /v1/config 200 2.387571ms
2025/03/29 11:14:14 [GET] ::1 /v1/admin/checkauth 200 5.205957ms
2025/03/29 11:14:14 [GET] ::1 /v1/admin/checkauth 200 3.792267ms
2025/03/29 11:14:25 [GET] ::1 /v1/admin/checkauth 200 4.249243ms
2025/03/29 11:14:25 [GET] ::1 /v1/admin/checkauth 200 3.505348ms
2025/03/29 11:14:25 [GET] ::1 /v1/checkstatus 200 25.459µs
2025/03/29 11:14:27 [GET] ::1 /v1/admin/checkauth 200 5.617015ms
2025/03/29 11:14:28 [GET] ::1 /v1/admin/checkauth 200 6.683637ms
2025/03/29 11:14:28 [GET] ::1 /v1/admin/checkauth 200 11.87012ms
2025/03/29 11:14:28 [GET] ::1 /v1/config 200 1.661345ms
2025/03/29 11:14:28 [GET] ::1 /v1/admin/checkauth 200 11.674948ms
2025/03/29 11:14:29 [GET] ::1 /v1/admin/checkauth 200 3.83508ms
2025/03/29 11:15:18 [GET] ::1 /v1/admin/checkauth 200 11.07171ms
2025/03/29 11:15:18 [GET] ::1 /v1/admin/checkauth 200 5.226338ms
2025/03/29 11:15:18 [GET] ::1 /v1/checkstatus 200 18.155µs
2025/03/29 11:15:21 [GET] ::1 /v1/admin/checkauth 200 6.524235ms
2025/03/29 11:15:22 [GET] ::1 /v1/admin/checkauth 200 4.723378ms
2025/03/29 11:15:22 [GET] ::1 /v1/admin/checkauth 200 12.196513ms
2025/03/29 11:15:22 [GET] ::1 /v1/config 200 4.8822ms
2025/03/29 11:15:22 [GET] ::1 /v1/admin/checkauth 200 8.951775ms
2025/03/29 11:15:23 [GET] ::1 /v1/admin/checkauth 200 10.344904ms
2025/03/29 11:15:27 [GET] ::1 /v1/admin/checkauth 200 5.562495ms
2025/03/29 11:15:27 [GET] ::1 /v1/admin/checkauth 200 6.844492ms
2025/03/29 11:15:28 [GET] ::1 /v1/checkstatus 200 24µs
2025/03/29 11:15:30 [GET] ::1 /v1/admin/checkauth 200 3.813797ms
2025/03/29 11:15:31 [GET] ::1 /v1/admin/checkauth 200 4.600673ms
2025/03/29 11:15:31 [GET] ::1 /v1/admin/checkauth 200 4.132547ms
2025/03/29 11:15:31 [GET] ::1 /v1/config 200 2.54524ms
2025/03/29 11:15:31 [GET] ::1 /v1/admin/checkauth 200 4.612163ms
2025/03/29 11:15:32 [GET] ::1 /v1/admin/checkauth 200 4.436924ms
2025/03/29 11:15:40 [GET] ::1 /v1/admin/checkauth 200 4.589264ms
2025/03/29 11:15:40 [GET] ::1 /v1/admin/checkauth 200 5.186076ms
2025/03/29 11:15:41 [GET] ::1 /v1/checkstatus 200 30.805µs
2025/03/29 11:15:43 [GET] ::1 /v1/admin/checkauth 200 13.474397ms
2025/03/29 11:15:43 [GET] ::1 /v1/admin/checkauth 200 3.240848ms
2025/03/29 11:15:44 [GET] ::1 /v1/admin/checkauth 200 10.921936ms
2025/03/29 11:15:44 [GET] ::1 /v1/config 200 2.688913ms
2025/03/29 11:15:44 [GET] ::1 /v1/admin/checkauth 200 7.26856ms
2025/03/29 11:15:44 [GET] ::1 /v1/admin/checkauth 200 3.678431ms
2025/03/29 11:15:51 [GET] ::1 /v1/admin/checkauth 200 6.790755ms
2025/03/29 11:15:51 [GET] ::1 /v1/admin/checkauth 200 6.545758ms
2025/03/29 11:15:52 [GET] ::1 /v1/checkstatus 200 24.731µs
2025/03/29 11:15:54 [GET] ::1 /v1/admin/checkauth 200 3.915578ms
2025/03/29 11:15:55 [GET] ::1 /v1/admin/checkauth 200 3.823129ms
2025/03/29 11:15:55 [GET] ::1 /v1/admin/checkauth 200 4.5262ms
2025/03/29 11:15:55 [GET] ::1 /v1/config 200 1.844792ms
2025/03/29 11:15:55 [GET] ::1 /v1/admin/checkauth 200 3.857078ms
2025/03/29 11:15:56 [GET] ::1 /v1/admin/checkauth 200 5.180674ms
2025/03/29 11:16:07 [GET] ::1 /v1/admin/checkauth 200 5.35027ms
2025/03/29 11:16:07 [GET] ::1 /v1/admin/checkauth 200 5.525218ms
2025/03/29 11:16:07 [GET] ::1 /v1/checkstatus 200 55.565µs
2025/03/29 11:16:10 [GET] ::1 /v1/admin/checkauth 200 4.549616ms
2025/03/29 11:16:10 [GET] ::1 /v1/admin/checkauth 200 4.43858ms
2025/03/29 11:16:10 [GET] ::1 /v1/admin/checkauth 200 4.06609ms
2025/03/29 11:16:11 [GET] ::1 /v1/config 200 4.322484ms
2025/03/29 11:16:11 [GET] ::1 /v1/admin/checkauth 200 5.79444ms
2025/03/29 11:16:11 [GET] ::1 /v1/admin/checkauth 200 8.403412ms
2025/03/29 11:16:21 [GET] ::1 /v1/admin/checkauth 200 9.440508ms
2025/03/29 11:16:21 [GET] ::1 /v1/admin/checkauth 200 2.902358ms
2025/03/29 11:16:21 [GET] ::1 /v1/checkstatus 200 18.903µs
2025/03/29 11:16:24 [GET] ::1 /v1/admin/checkauth 200 3.578387ms
2025/03/29 11:16:24 [GET] ::1 /v1/admin/checkauth 200 7.315394ms
2025/03/29 11:16:24 [GET] ::1 /v1/admin/checkauth 200 3.456576ms
2025/03/29 11:16:24 [GET] ::1 /v1/config 200 4.327828ms
2025/03/29 11:16:25 [GET] ::1 /v1/admin/checkauth 200 4.782903ms
2025/03/29 11:16:25 [GET] ::1 /v1/admin/checkauth 200 4.317882ms
2025/03/29 11:18:00 [GET] ::1 /v1/admin/checkauth 200 9.372091ms
2025/03/29 11:18:00 [GET] ::1 /v1/admin/checkauth 200 3.462679ms
2025/03/29 11:18:01 [GET] ::1 /v1/checkstatus 200 30.162µs
2025/03/29 11:18:04 [GET] ::1 /v1/admin/checkauth 200 6.516508ms
2025/03/29 11:18:05 [GET] ::1 /v1/admin/checkauth 200 6.881538ms
2025/03/29 11:18:05 [GET] ::1 /v1/admin/checkauth 200 3.873908ms
2025/03/29 11:18:05 [GET] ::1 /v1/config 200 3.490382ms
2025/03/29 11:18:06 [GET] ::1 /v1/admin/checkauth 200 5.326652ms
2025/03/29 11:18:06 [GET] ::1 /v1/admin/checkauth 200 4.957042ms
2025/03/29 11:18:19 [GET] ::1 /v1/admin/checkauth 200 8.694317ms
2025/03/29 11:18:19 [GET] ::1 /v1/admin/checkauth 200 12.094535ms
2025/03/29 11:18:19 [GET] ::1 /v1/checkstatus 200 25.222µs
2025/03/29 11:18:22 [GET] ::1 /v1/admin/checkauth 200 9.018798ms
2025/03/29 11:18:23 [GET] ::1 /v1/admin/checkauth 200 11.654968ms
2025/03/29 11:18:23 [GET] ::1 /v1/admin/checkauth 200 4.926164ms
2025/03/29 11:18:24 [GET] ::1 /v1/config 200 3.568383ms
2025/03/29 11:18:24 [GET] ::1 /v1/admin/checkauth 200 5.001401ms
2025/03/29 11:18:25 [GET] ::1 /v1/admin/checkauth 200 4.827836ms
2025/03/29 11:18:30 [GET] ::1 /v1/admin/checkauth 200 13.115945ms
2025/03/29 11:18:30 [GET] ::1 /v1/admin/checkauth 200 5.967542ms
2025/03/29 11:18:30 [GET] ::1 /v1/checkstatus 200 19.987µs
2025/03/29 11:18:33 [GET] ::1 /v1/admin/checkauth 200 3.734417ms
2025/03/29 11:18:34 [GET] ::1 /v1/admin/checkauth 200 3.285061ms
2025/03/29 11:18:34 [GET] ::1 /v1/admin/checkauth 200 4.043281ms
2025/03/29 11:18:34 [GET] ::1 /v1/config 200 2.91151ms
2025/03/29 11:18:35 [GET] ::1 /v1/admin/checkauth 200 8.564914ms
2025/03/29 11:18:35 [GET] ::1 /v1/admin/checkauth 200 4.545597ms
2025/03/29 11:18:59 [GET] ::1 /v1/admin/checkauth 200 26.178158ms
2025/03/29 11:18:59 [GET] ::1 /v1/admin/checkauth 200 46.762085ms
2025/03/29 11:18:59 [GET] ::1 /v1/checkstatus 200 22.099µs
2025/03/29 11:19:03 [GET] ::1 /v1/admin/checkauth 200 2.786137ms
2025/03/29 11:19:04 [GET] ::1 /v1/admin/checkauth 200 2.936749ms
2025/03/29 11:19:04 [GET] ::1 /v1/admin/checkauth 200 3.745817ms
2025/03/29 11:19:04 [GET] ::1 /v1/config 200 3.081258ms
2025/03/29 11:19:05 [GET] ::1 /v1/admin/checkauth 200 8.031583ms
2025/03/29 11:19:05 [GET] ::1 /v1/admin/checkauth 200 5.130716ms
2025/03/29 11:19:09 [GET] ::1 /v1/admin/checkauth 200 3.190742ms
2025/03/29 11:19:09 [GET] ::1 /v1/admin/checkauth 200 7.588055ms
2025/03/29 11:19:10 [GET] ::1 /v1/checkstatus 200 26.208µs
2025/03/29 11:19:12 [GET] ::1 /v1/admin/checkauth 200 3.734035ms
2025/03/29 11:19:13 [GET] ::1 /v1/admin/checkauth 200 4.498369ms
2025/03/29 11:19:14 [GET] ::1 /v1/admin/checkauth 200 3.834395ms
2025/03/29 11:19:14 [GET] ::1 /v1/config 200 3.157097ms
2025/03/29 11:19:14 [GET] ::1 /v1/admin/checkauth 200 9.919064ms
2025/03/29 11:19:15 [GET] ::1 /v1/admin/checkauth 200 9.36102ms
2025/03/29 11:19:51 [GET] ::1 /v1/admin/checkauth 200 29.155775ms
2025/03/29 11:19:51 [GET] ::1 /v1/admin/checkauth 200 16.219122ms
2025/03/29 11:19:51 [GET] ::1 /v1/checkstatus 200 24.714µs
2025/03/29 11:19:54 [GET] ::1 /v1/admin/checkauth 200 9.675046ms
2025/03/29 11:19:55 [GET] ::1 /v1/admin/checkauth 200 5.363702ms
2025/03/29 11:19:55 [GET] ::1 /v1/admin/checkauth 200 4.870062ms
2025/03/29 11:19:56 [GET] ::1 /v1/config 200 2.743054ms
2025/03/29 11:19:56 [GET] ::1 /v1/admin/checkauth 200 3.825766ms
2025/03/29 11:19:57 [GET] ::1 /v1/admin/checkauth 200 3.321834ms
2025/03/29 11:20:21 [GET] ::1 /v1/admin/checkauth 200 6.364595ms
2025/03/29 11:20:21 [GET] ::1 /v1/admin/checkauth 200 4.108216ms
2025/03/29 11:20:21 [GET] ::1 /v1/checkstatus 200 23.049µs
2025/03/29 11:20:24 [GET] ::1 /v1/admin/checkauth 200 6.254896ms
2025/03/29 11:20:25 [GET] ::1 /v1/admin/checkauth 200 3.57043ms
2025/03/29 11:20:25 [GET] ::1 /v1/admin/checkauth 200 3.866593ms
2025/03/29 11:20:25 [GET] ::1 /v1/config 200 2.705051ms
2025/03/29 11:20:25 [GET] ::1 /v1/admin/checkauth 200 4.227391ms
2025/03/29 11:20:26 [GET] ::1 /v1/admin/checkauth 200 3.986227ms
2025/03/29 11:20:54 [GET] ::1 /v1/admin/checkauth 200 9.361712ms
2025/03/29 11:20:54 [GET] ::1 /v1/admin/checkauth 200 5.326453ms
2025/03/29 11:20:54 [GET] ::1 /v1/checkstatus 200 34.893µs
2025/03/29 11:20:58 [GET] ::1 /v1/admin/checkauth 200 3.250506ms
2025/03/29 11:20:58 [GET] ::1 /v1/admin/checkauth 200 4.470525ms
2025/03/29 11:20:58 [GET] ::1 /v1/admin/checkauth 200 3.529672ms
2025/03/29 11:20:59 [GET] ::1 /v1/config 200 6.641602ms
2025/03/29 11:20:59 [GET] ::1 /v1/admin/checkauth 200 7.47762ms
2025/03/29 11:21:00 [GET] ::1 /v1/admin/checkauth 200 4.451657ms
2025/03/29 11:21:31 [GET] ::1 /v1/admin/checkauth 200 4.645449ms
2025/03/29 11:21:31 [GET] ::1 /v1/admin/checkauth 200 3.724857ms
2025/03/29 11:21:32 [GET] ::1 /v1/checkstatus 200 21.715µs
2025/03/29 11:21:35 [GET] ::1 /v1/admin/checkauth 200 3.850119ms
2025/03/29 11:21:36 [GET] ::1 /v1/admin/checkauth 200 6.57636ms
2025/03/29 11:21:37 [GET] ::1 /v1/admin/checkauth 200 3.327343ms
2025/03/29 11:21:38 [GET] ::1 /v1/config 200 4.916354ms
2025/03/29 11:21:38 [GET] ::1 /v1/admin/checkauth 200 4.661511ms
2025/03/29 11:21:39 [GET] ::1 /v1/admin/checkauth 200 2.413181ms
2025/03/29 11:21:45 [GET] ::1 /v1/admin/checkauth 200 5.160821ms
2025/03/29 11:21:45 [GET] ::1 /v1/admin/checkauth 200 8.215171ms
2025/03/29 11:21:46 [GET] ::1 /v1/checkstatus 200 39.152µs
2025/03/29 11:21:49 [GET] ::1 /v1/admin/checkauth 200 3.295995ms
2025/03/29 11:21:50 [GET] ::1 /v1/admin/checkauth 200 5.520162ms
2025/03/29 11:21:50 [GET] ::1 /v1/admin/checkauth 200 4.237767ms
2025/03/29 11:21:51 [GET] ::1 /v1/config 200 2.113825ms
2025/03/29 11:21:51 [GET] ::1 /v1/admin/checkauth 200 6.172001ms
2025/03/29 11:21:52 [GET] ::1 /v1/admin/checkauth 200 5.566344ms
2025/03/29 11:32:31 [GET] ::1 /v1/admin/checkauth 200 9.4263ms
2025/03/29 11:32:31 [GET] ::1 /v1/admin/checkauth 200 4.437486ms
2025/03/29 11:32:31 [GET] ::1 /v1/checkstatus 200 25.88µs
2025/03/29 11:32:35 [GET] ::1 /v1/admin/checkauth 200 4.659207ms
2025/03/29 11:32:36 [GET] ::1 /v1/admin/checkauth 200 4.127011ms
2025/03/29 11:32:36 [GET] ::1 /v1/admin/checkauth 200 3.249751ms
2025/03/29 11:32:37 [GET] ::1 /v1/config 200 4.025574ms
2025/03/29 11:32:37 [GET] ::1 /v1/admin/checkauth 200 3.698839ms
2025/03/29 11:32:37 [GET] ::1 /v1/admin/checkauth 200 4.722865ms
2025/03/29 11:34:39 [GET] ::1 /v1/admin/checkauth 200 15.644594ms
2025/03/29 11:34:39 [GET] ::1 /v1/admin/checkauth 200 21.27918ms
2025/03/29 11:34:39 [GET] ::1 /v1/checkstatus 200 17.067µs
2025/03/29 11:34:43 [GET] ::1 /v1/admin/checkauth 200 3.334037ms
2025/03/29 11:34:44 [GET] ::1 /v1/admin/checkauth 200 5.216992ms
2025/03/29 11:34:44 [GET] ::1 /v1/admin/checkauth 200 5.231203ms
2025/03/29 11:34:45 [GET] ::1 /v1/config 200 2.669263ms
2025/03/29 11:34:45 [GET] ::1 /v1/admin/checkauth 200 8.800524ms
2025/03/29 11:34:46 [GET] ::1 /v1/admin/checkauth 200 9.221729ms
2025/03/29 11:36:58 [GET] ::1 /v1/admin/checkauth 200 7.104012ms
2025/03/29 11:36:58 [GET] ::1 /v1/admin/checkauth 200 8.892225ms
2025/03/29 11:36:58 [GET] ::1 /v1/checkstatus 200 22.764µs
2025/03/29 11:37:02 [GET] ::1 /v1/admin/checkauth 200 3.48042ms
2025/03/29 11:37:03 [GET] ::1 /v1/admin/checkauth 200 5.517053ms
2025/03/29 11:37:03 [GET] ::1 /v1/admin/checkauth 200 3.424039ms
2025/03/29 11:37:04 [GET] ::1 /v1/config 200 4.747054ms
2025/03/29 11:37:05 [GET] ::1 /v1/admin/checkauth 200 4.242693ms
2025/03/29 11:37:05 [GET] ::1 /v1/admin/checkauth 200 3.98504ms
2025/03/29 11:38:31 [GET] ::1 /v1/admin/checkauth 200 14.304468ms
2025/03/29 11:38:31 [GET] ::1 /v1/admin/checkauth 200 22.965681ms
2025/03/29 11:38:32 [GET] ::1 /v1/checkstatus 200 20.131µs
2025/03/29 11:38:36 [GET] ::1 /v1/admin/checkauth 200 5.110754ms
2025/03/29 11:38:36 [GET] ::1 /v1/admin/checkauth 200 3.738056ms
2025/03/29 11:38:37 [GET] ::1 /v1/admin/checkauth 200 3.840446ms
2025/03/29 11:38:37 [GET] ::1 /v1/config 200 2.988448ms
2025/03/29 11:38:38 [GET] ::1 /v1/admin/checkauth 200 4.103206ms
2025/03/29 11:38:38 [GET] ::1 /v1/admin/checkauth 200 4.825012ms
2025/03/29 11:40:19 [GET] ::1 /v1/admin/checkauth 200 11.220769ms
2025/03/29 11:40:19 [GET] ::1 /v1/admin/checkauth 200 7.472568ms
2025/03/29 11:40:20 [GET] ::1 /v1/checkstatus 200 25.245µs
2025/03/29 11:40:23 [GET] ::1 /v1/admin/checkauth 200 4.637731ms
2025/03/29 11:40:24 [GET] ::1 /v1/admin/checkauth 200 3.411389ms
2025/03/29 11:40:24 [GET] ::1 /v1/admin/checkauth 200 5.968691ms
2025/03/29 11:40:25 [GET] ::1 /v1/config 200 3.295047ms
2025/03/29 11:40:25 [GET] ::1 /v1/admin/checkauth 200 2.46208ms
2025/03/29 11:40:25 [GET] ::1 /v1/admin/checkauth 200 10.241445ms
2025/03/29 11:41:06 [GET] ::1 /v1/admin/checkauth 200 18.361447ms
2025/03/29 11:41:06 [GET] ::1 /v1/admin/checkauth 200 8.285604ms
2025/03/29 11:41:06 [GET] ::1 /v1/checkstatus 200 32.056µs
2025/03/29 11:41:09 [GET] ::1 /v1/admin/checkauth 200 5.166291ms
2025/03/29 11:41:10 [GET] ::1 /v1/admin/checkauth 200 3.489033ms
2025/03/29 11:41:10 [GET] ::1 /v1/admin/checkauth 200 3.55464ms
2025/03/29 11:41:11 [GET] ::1 /v1/config 200 3.293046ms
2025/03/29 11:41:11 [GET] ::1 /v1/admin/checkauth 200 8.269151ms
2025/03/29 11:41:12 [GET] ::1 /v1/admin/checkauth 200 2.57317ms
2025/03/29 11:42:50 [GET] ::1 /v1/admin/checkauth 200 15.926312ms
2025/03/29 11:42:50 [GET] ::1 /v1/admin/checkauth 200 23.448699ms
2025/03/29 11:42:50 [GET] ::1 /v1/checkstatus 200 16.259µs
2025/03/29 11:42:53 [GET] ::1 /v1/admin/checkauth 200 5.577148ms
2025/03/29 11:42:54 [GET] ::1 /v1/admin/checkauth 200 3.078016ms
2025/03/29 11:42:55 [GET] ::1 /v1/admin/checkauth 200 10.803925ms
2025/03/29 11:42:55 [GET] ::1 /v1/config 200 5.570903ms
2025/03/29 11:42:55 [GET] ::1 /v1/admin/checkauth 200 16.063936ms
2025/03/29 11:42:56 [GET] ::1 /v1/admin/checkauth 200 12.337187ms
2025/03/29 11:43:16 [GET] ::1 /v1/admin/checkauth 200 6.326071ms
2025/03/29 11:43:16 [GET] ::1 /v1/admin/checkauth 200 3.840131ms
2025/03/29 11:43:16 [GET] ::1 /v1/checkstatus 200 15.544µs
2025/03/29 11:43:20 [GET] ::1 /v1/admin/checkauth 200 3.773341ms
2025/03/29 11:43:20 [GET] ::1 /v1/admin/checkauth 200 17.675572ms
2025/03/29 11:43:21 [GET] ::1 /v1/admin/checkauth 200 7.173516ms
2025/03/29 11:43:21 [GET] ::1 /v1/config 200 4.169868ms
2025/03/29 11:43:22 [GET] ::1 /v1/admin/checkauth 200 14.055178ms
2025/03/29 11:43:22 [GET] ::1 /v1/admin/checkauth 200 3.888311ms
2025/03/29 11:43:36 [GET] ::1 /v1/admin/checkauth 200 4.972074ms
2025/03/29 11:43:36 [GET] ::1 /v1/admin/checkauth 200 8.326832ms
2025/03/29 11:43:36 [GET] ::1 /v1/checkstatus 200 21.637µs
2025/03/29 11:43:40 [GET] ::1 /v1/admin/checkauth 200 4.544608ms
2025/03/29 11:43:42 [GET] ::1 /v1/admin/checkauth 200 4.874685ms
2025/03/29 11:43:42 [GET] ::1 /v1/admin/checkauth 200 3.139236ms
2025/03/29 11:43:43 [GET] ::1 /v1/config 200 2.957512ms
2025/03/29 11:43:43 [GET] ::1 /v1/admin/checkauth 200 4.146212ms
2025/03/29 11:43:43 [GET] ::1 /v1/admin/checkauth 200 4.081762ms
2025/03/29 11:43:58 [GET] ::1 /v1/admin/checkauth 200 9.2735ms
2025/03/29 11:43:58 [GET] ::1 /v1/admin/checkauth 200 8.250101ms
2025/03/29 11:43:59 [GET] ::1 /v1/checkstatus 200 25.525µs
2025/03/29 11:44:02 [GET] ::1 /v1/admin/checkauth 200 5.737312ms
2025/03/29 11:44:04 [GET] ::1 /v1/admin/checkauth 200 5.244924ms
2025/03/29 11:44:04 [GET] ::1 /v1/admin/checkauth 200 12.857628ms
2025/03/29 11:44:05 [GET] ::1 /v1/config 200 6.101326ms
2025/03/29 11:44:05 [GET] ::1 /v1/admin/checkauth 200 4.31614ms
2025/03/29 11:44:06 [GET] ::1 /v1/admin/checkauth 200 4.755026ms
2025/03/29 11:44:09 [GET] ::1 /v1/admin/checkauth 200 4.355118ms
2025/03/29 11:44:09 [GET] ::1 /v1/admin/checkauth 200 10.854255ms
2025/03/29 11:44:09 [GET] ::1 /v1/checkstatus 200 25.619µs
2025/03/29 11:44:13 [GET] ::1 /v1/admin/checkauth 200 5.809373ms
2025/03/29 11:44:14 [GET] ::1 /v1/admin/checkauth 200 3.136032ms
2025/03/29 11:44:14 [GET] ::1 /v1/admin/checkauth 200 2.496328ms
2025/03/29 11:44:15 [GET] ::1 /v1/config 200 4.225343ms
2025/03/29 11:44:15 [GET] ::1 /v1/admin/checkauth 200 3.0494ms
2025/03/29 11:44:16 [GET] ::1 /v1/admin/checkauth 200 6.619716ms
2025/03/29 11:44:54 [GET] ::1 /v1/admin/checkauth 200 5.562672ms
2025/03/29 11:44:54 [GET] ::1 /v1/admin/checkauth 200 4.200464ms
2025/03/29 11:44:54 [GET] ::1 /v1/checkstatus 200 23.601µs
2025/03/29 11:44:57 [GET] ::1 /v1/admin/checkauth 200 4.187646ms
2025/03/29 11:44:59 [GET] ::1 /v1/admin/checkauth 200 9.256046ms
2025/03/29 11:44:59 [GET] ::1 /v1/admin/checkauth 200 7.658406ms
2025/03/29 11:44:59 [GET] ::1 /v1/config 200 2.813425ms
2025/03/29 11:45:00 [GET] ::1 /v1/admin/checkauth 200 3.313869ms
2025/03/29 11:45:01 [GET] ::1 /v1/admin/checkauth 200 5.379083ms
2025/03/29 11:46:13 [GET] ::1 /v1/admin/checkauth 200 9.887095ms
2025/03/29 11:46:13 [GET] ::1 /v1/admin/checkauth 200 3.876474ms
2025/03/29 11:46:15 [GET] ::1 /v1/checkstatus 200 48.135µs
2025/03/29 11:46:19 [GET] ::1 /v1/admin/checkauth 200 8.354503ms
2025/03/29 11:46:20 [GET] ::1 /v1/admin/checkauth 200 9.655891ms
2025/03/29 11:46:21 [GET] ::1 /v1/admin/checkauth 200 10.813329ms
2025/03/29 11:46:21 [GET] ::1 /v1/config 200 4.532436ms
2025/03/29 11:46:22 [GET] ::1 /v1/admin/checkauth 200 3.440706ms
2025/03/29 11:46:22 [GET] ::1 /v1/admin/checkauth 200 11.717838ms
2025/03/29 11:46:25 [GET] ::1 /v1/admin/checkauth 200 3.334466ms
2025/03/29 11:46:25 [GET] ::1 /v1/admin/checkauth 200 2.607667ms
2025/03/29 11:46:26 [GET] ::1 /v1/checkstatus 200 31.916µs
2025/03/29 11:46:29 [GET] ::1 /v1/admin/checkauth 200 4.898649ms
2025/03/29 11:46:30 [GET] ::1 /v1/admin/checkauth 200 3.939034ms
2025/03/29 11:46:31 [GET] ::1 /v1/admin/checkauth 200 4.181167ms
2025/03/29 11:46:31 [GET] ::1 /v1/config 200 2.272736ms
2025/03/29 11:46:31 [GET] ::1 /v1/admin/checkauth 200 5.007456ms
2025/03/29 11:46:32 [GET] ::1 /v1/admin/checkauth 200 4.17484ms
2025/03/29 11:46:41 [GET] ::1 /v1/admin/checkauth 200 4.73992ms
2025/03/29 11:46:41 [GET] ::1 /v1/admin/checkauth 200 5.305851ms
2025/03/29 11:46:41 [GET] ::1 /v1/checkstatus 200 37.689µs
2025/03/29 11:46:45 [GET] ::1 /v1/admin/checkauth 200 10.738565ms
2025/03/29 11:46:46 [GET] ::1 /v1/admin/checkauth 200 3.881954ms
2025/03/29 11:46:46 [GET] ::1 /v1/admin/checkauth 200 3.703483ms
2025/03/29 11:46:47 [GET] ::1 /v1/config 200 4.159381ms
2025/03/29 11:46:47 [GET] ::1 /v1/admin/checkauth 200 4.750741ms
2025/03/29 11:46:48 [GET] ::1 /v1/admin/checkauth 200 7.764941ms
2025/03/29 11:48:38 [GET] ::1 /v1/admin/checkauth 200 15.038585ms
2025/03/29 11:48:38 [GET] ::1 /v1/admin/checkauth 200 10.0589ms
2025/03/29 11:48:39 [GET] ::1 /v1/checkstatus 200 42.46µs
2025/03/29 11:48:44 [GET] ::1 /v1/admin/checkauth 200 5.937489ms
2025/03/29 11:48:46 [GET] ::1 /v1/admin/checkauth 200 9.20426ms
2025/03/29 11:48:46 [GET] ::1 /v1/admin/checkauth 200 6.306507ms
2025/03/29 11:48:46 [GET] ::1 /v1/config 200 6.290906ms
2025/03/29 11:48:47 [GET] ::1 /v1/admin/checkauth 200 2.689269ms
2025/03/29 11:48:47 [GET] ::1 /v1/admin/checkauth 200 5.059343ms
2025/03/29 11:49:02 [GET] ::1 /v1/admin/checkauth 200 13.931195ms
2025/03/29 11:49:02 [GET] ::1 /v1/admin/checkauth 200 10.3722ms
2025/03/29 11:49:02 [GET] ::1 /v1/checkstatus 200 26.373µs
2025/03/29 11:49:06 [GET] ::1 /v1/admin/checkauth 200 3.51641ms
2025/03/29 11:49:08 [GET] ::1 /v1/admin/checkauth 200 5.202297ms
2025/03/29 11:49:08 [GET] ::1 /v1/admin/checkauth 200 2.498034ms
2025/03/29 11:49:08 [GET] ::1 /v1/config 200 1.955043ms
2025/03/29 11:49:09 [GET] ::1 /v1/admin/checkauth 200 5.057922ms
2025/03/29 11:49:10 [GET] ::1 /v1/admin/checkauth 200 4.156ms
2025/03/29 11:49:13 [GET] ::1 /v1/admin/checkauth 200 10.353612ms
2025/03/29 11:49:13 [GET] ::1 /v1/admin/checkauth 200 12.596066ms
2025/03/29 11:49:14 [GET] ::1 /v1/checkstatus 200 16.759µs
2025/03/29 11:49:18 [GET] ::1 /v1/admin/checkauth 200 6.366779ms
2025/03/29 11:49:20 [GET] ::1 /v1/admin/checkauth 200 3.46095ms
2025/03/29 11:49:20 [GET] ::1 /v1/admin/checkauth 200 10.035755ms
2025/03/29 11:49:20 [GET] ::1 /v1/config 200 3.306947ms
2025/03/29 11:49:21 [GET] ::1 /v1/admin/checkauth 200 4.002325ms
2025/03/29 11:49:21 [GET] ::1 /v1/admin/checkauth 200 2.915482ms
2025/03/29 11:49:29 [GET] ::1 /v1/admin/checkauth 200 4.052927ms
2025/03/29 11:49:29 [GET] ::1 /v1/admin/checkauth 200 6.285861ms
2025/03/29 11:49:30 [GET] ::1 /v1/checkstatus 200 23.658µs
2025/03/29 11:49:34 [GET] ::1 /v1/admin/checkauth 200 19.721968ms
2025/03/29 11:49:36 [GET] ::1 /v1/admin/checkauth 200 20.299273ms
2025/03/29 11:49:36 [GET] ::1 /v1/admin/checkauth 200 4.365868ms
2025/03/29 11:49:37 [GET] ::1 /v1/config 200 4.500409ms
2025/03/29 11:49:37 [GET] ::1 /v1/admin/checkauth 200 2.805512ms
2025/03/29 11:49:38 [GET] ::1 /v1/admin/checkauth 200 3.831613ms
2025/03/29 11:49:47 [GET] ::1 /v1/admin/checkauth 200 14.784902ms
2025/03/29 11:49:47 [GET] ::1 /v1/admin/checkauth 200 6.742542ms
2025/03/29 11:49:48 [GET] ::1 /v1/checkstatus 200 25.554µs
2025/03/29 11:49:52 [GET] ::1 /v1/admin/checkauth 200 4.505041ms
2025/03/29 11:49:54 [GET] ::1 /v1/admin/checkauth 200 4.115546ms
2025/03/29 11:49:54 [GET] ::1 /v1/admin/checkauth 200 5.855201ms
2025/03/29 11:49:54 [GET] ::1 /v1/config 200 3.695331ms
2025/03/29 11:49:54 [GET] ::1 /v1/admin/checkauth 200 8.88241ms
2025/03/29 11:49:55 [GET] ::1 /v1/admin/checkauth 200 3.116883ms
2025/03/29 11:50:09 [GET] ::1 /v1/admin/checkauth 200 3.501664ms
2025/03/29 11:50:09 [GET] ::1 /v1/admin/checkauth 200 5.719611ms
2025/03/29 11:50:09 [GET] ::1 /v1/checkstatus 200 14.997µs
2025/03/29 11:50:14 [GET] ::1 /v1/admin/checkauth 200 18.616708ms
2025/03/29 11:50:15 [GET] ::1 /v1/admin/checkauth 200 4.705369ms
2025/03/29 11:50:15 [GET] ::1 /v1/admin/checkauth 200 4.357597ms
2025/03/29 11:50:16 [GET] ::1 /v1/config 200 3.104252ms
2025/03/29 11:50:16 [GET] ::1 /v1/admin/checkauth 200 4.194318ms
2025/03/29 11:50:17 [GET] ::1 /v1/admin/checkauth 200 15.710121ms
2025/03/29 11:51:04 [GET] ::1 /v1/admin/checkauth 200 14.405904ms
2025/03/29 11:51:04 [GET] ::1 /v1/admin/checkauth 200 9.649183ms
2025/03/29 11:51:05 [GET] ::1 /v1/checkstatus 200 21.978µs
2025/03/29 11:51:09 [GET] ::1 /v1/admin/checkauth 200 3.381632ms
2025/03/29 11:51:10 [GET] ::1 /v1/admin/checkauth 200 4.667596ms
2025/03/29 11:51:11 [GET] ::1 /v1/admin/checkauth 200 7.597902ms
2025/03/29 11:51:12 [GET] ::1 /v1/config 200 5.766588ms
2025/03/29 11:51:12 [GET] ::1 /v1/admin/checkauth 200 5.740899ms
2025/03/29 11:51:13 [GET] ::1 /v1/admin/checkauth 200 7.897663ms
2025/03/29 11:56:58 [GET] ::1 /v1/admin/checkauth 200 8.147013ms
2025/03/29 11:56:58 [GET] ::1 /v1/admin/checkauth 200 6.138812ms
2025/03/29 11:56:59 [GET] ::1 /v1/checkstatus 200 25.45µs
2025/03/29 11:57:03 [GET] ::1 /v1/admin/checkauth 200 3.778006ms
2025/03/29 11:57:05 [GET] ::1 /v1/admin/checkauth 200 5.48774ms
2025/03/29 11:57:05 [GET] ::1 /v1/admin/checkauth 200 2.608745ms
2025/03/29 11:57:05 [GET] ::1 /v1/config 200 2.763711ms
2025/03/29 11:57:06 [GET] ::1 /v1/admin/checkauth 200 8.072551ms
2025/03/29 11:57:06 [GET] ::1 /v1/admin/checkauth 200 10.16265ms
2025/03/29 11:57:26 [GET] ::1 /v1/admin/checkauth 200 3.802304ms
2025/03/29 11:57:26 [GET] ::1 /v1/admin/checkauth 200 5.959631ms
2025/03/29 11:57:28 [GET] ::1 /v1/checkstatus 200 33.162µs
2025/03/29 11:57:33 [GET] ::1 /v1/admin/checkauth 200 4.687343ms
2025/03/29 11:57:35 [GET] ::1 /v1/admin/checkauth 200 3.438784ms
2025/03/29 11:57:36 [GET] ::1 /v1/admin/checkauth 200 3.68317ms
2025/03/29 11:57:36 [GET] ::1 /v1/config 200 11.929872ms
2025/03/29 11:57:37 [GET] ::1 /v1/admin/checkauth 200 3.807243ms
2025/03/29 11:57:38 [GET] ::1 /v1/admin/checkauth 200 3.98563ms
2025/03/29 11:57:40 [GET] ::1 /v1/admin/checkauth 200 9.316618ms
2025/03/29 11:57:40 [GET] ::1 /v1/admin/checkauth 200 10.434844ms
2025/03/29 11:57:41 [GET] ::1 /v1/checkstatus 200 26.935µs
2025/03/29 11:57:44 [GET] ::1 /v1/admin/checkauth 200 4.353453ms
2025/03/29 11:57:45 [GET] ::1 /v1/admin/checkauth 200 3.634522ms
2025/03/29 11:57:45 [GET] ::1 /v1/admin/checkauth 200 3.903372ms
2025/03/29 11:57:46 [GET] ::1 /v1/config 200 3.190072ms
2025/03/29 11:57:46 [GET] ::1 /v1/admin/checkauth 200 4.884997ms
2025/03/29 11:57:47 [GET] ::1 /v1/admin/checkauth 200 5.728448ms
2025/03/29 11:59:30 [GET] ::1 /v1/admin/checkauth 200 32.276035ms
2025/03/29 11:59:30 [GET] ::1 /v1/admin/checkauth 200 46.875253ms
2025/03/29 11:59:31 [GET] ::1 /v1/checkstatus 200 32.35µs
2025/03/29 11:59:35 [GET] ::1 /v1/admin/checkauth 200 12.585578ms
2025/03/29 11:59:36 [GET] ::1 /v1/admin/checkauth 200 11.280096ms
2025/03/29 11:59:36 [GET] ::1 /v1/admin/checkauth 200 2.789988ms
2025/03/29 11:59:36 [GET] ::1 /v1/config 200 9.518443ms
2025/03/29 11:59:37 [GET] ::1 /v1/admin/checkauth 200 7.270668ms
2025/03/29 11:59:38 [GET] ::1 /v1/admin/checkauth 200 3.362663ms
2025/03/29 11:59:45 [GET] ::1 /v1/admin/checkauth 200 3.11181ms
2025/03/29 11:59:45 [GET] ::1 /v1/admin/checkauth 200 3.174758ms
2025/03/29 11:59:46 [GET] ::1 /v1/checkstatus 200 20.475µs
2025/03/29 11:59:51 [GET] ::1 /v1/admin/checkauth 200 4.270763ms
2025/03/29 11:59:53 [GET] ::1 /v1/admin/checkauth 200 3.252016ms
2025/03/29 11:59:53 [GET] ::1 /v1/admin/checkauth 200 6.15464ms
2025/03/29 11:59:53 [GET] ::1 /v1/admin/checkauth 200 7.158343ms
2025/03/29 11:59:54 [GET] ::1 /v1/admin/checkauth 200 9.599984ms
2025/03/29 11:59:54 [GET] ::1 /v1/checkstatus 200 19.301µs
2025/03/29 11:59:55 [GET] ::1 /v1/admin/checkauth 200 2.966147ms
2025/03/29 12:00:00 [GET] ::1 /v1/admin/checkauth 200 3.674514ms
2025/03/29 12:00:01 [GET] ::1 /v1/admin/checkauth 200 2.979749ms
2025/03/29 12:00:01 [GET] ::1 /v1/admin/checkauth 200 3.21905ms
2025/03/29 12:00:02 [GET] ::1 /v1/config 200 10.101987ms
2025/03/29 12:00:02 [GET] ::1 /v1/admin/checkauth 200 3.761294ms
2025/03/29 12:00:03 [GET] ::1 /v1/admin/checkauth 200 3.623151ms
2025/03/29 12:01:32 [GET] ::1 /v1/admin/checkauth 200 74.875092ms
2025/03/29 12:01:32 [GET] ::1 /v1/admin/checkauth 200 44.550489ms
2025/03/29 12:01:33 [GET] ::1 /v1/checkstatus 200 19.683µs
2025/03/29 12:01:38 [GET] ::1 /v1/admin/checkauth 200 24.229466ms
2025/03/29 12:01:39 [GET] ::1 /v1/admin/checkauth 200 3.915891ms
2025/03/29 12:01:39 [GET] ::1 /v1/admin/checkauth 200 6.020319ms
2025/03/29 12:01:39 [GET] ::1 /v1/config 200 8.988613ms
2025/03/29 12:01:39 [GET] ::1 /v1/admin/checkauth 200 3.691473ms
2025/03/29 12:01:40 [GET] ::1 /v1/admin/checkauth 200 2.905341ms
2025/03/29 12:08:45 [GET] ::1 /v1/admin/checkauth 200 86.390833ms
2025/03/29 12:08:45 [GET] ::1 /v1/admin/checkauth 200 92.305004ms
2025/03/29 12:08:47 [GET] ::1 /v1/checkstatus 200 488.73µs
2025/03/29 12:08:52 [GET] ::1 /v1/admin/checkauth 200 40.519127ms
2025/03/29 12:08:53 [GET] ::1 /v1/admin/checkauth 200 3.487538ms
2025/03/29 12:08:54 [GET] ::1 /v1/admin/checkauth 200 4.91052ms
2025/03/29 12:08:54 [GET] ::1 /v1/config 200 13.373063ms
2025/03/29 12:08:55 [GET] ::1 /v1/admin/checkauth 200 7.967292ms
2025/03/29 12:08:55 [GET] ::1 /v1/admin/checkauth 200 7.001643ms
2025/03/29 12:12:03 [GET] ::1 /v1/admin/checkauth 200 10.816095ms
2025/03/29 12:12:03 [GET] ::1 /v1/admin/checkauth 200 12.763522ms
2025/03/29 12:12:04 [GET] ::1 /v1/checkstatus 200 30.868µs
2025/03/29 12:12:10 [GET] ::1 /v1/admin/checkauth 200 3.676337ms
2025/03/29 12:12:11 [GET] ::1 /v1/admin/checkauth 200 3.218672ms
2025/03/29 12:12:11 [GET] ::1 /v1/admin/checkauth 200 9.865509ms
2025/03/29 12:12:12 [GET] ::1 /v1/config 200 11.589973ms
2025/03/29 12:12:12 [GET] ::1 /v1/admin/checkauth 200 3.933281ms
2025/03/29 12:12:13 [GET] ::1 /v1/admin/checkauth 200 6.586511ms
2025/03/29 12:15:32 [GET] ::1 /v1/admin/checkauth 200 54.718247ms
2025/03/29 12:15:32 [GET] ::1 /v1/admin/checkauth 200 120.126288ms
2025/03/29 12:15:33 [GET] ::1 /v1/checkstatus 200 19.15µs
2025/03/29 12:15:39 [GET] ::1 /v1/admin/checkauth 200 4.189803ms
2025/03/29 12:15:40 [GET] ::1 /v1/admin/checkauth 200 4.370598ms
2025/03/29 12:15:41 [GET] ::1 /v1/admin/checkauth 200 3.271179ms
2025/03/29 12:15:41 [GET] ::1 /v1/config 200 12.211181ms
2025/03/29 12:15:41 [GET] ::1 /v1/admin/checkauth 200 5.47178ms
2025/03/29 12:15:42 [GET] ::1 /v1/admin/checkauth 200 5.077056ms
2025/03/29 12:16:35 [GET] ::1 /v1/admin/checkauth 200 21.89459ms
2025/03/29 12:16:35 [GET] ::1 /v1/admin/checkauth 200 3.222424ms
2025/03/29 12:16:37 [GET] ::1 /v1/checkstatus 200 16.201µs
2025/03/29 12:16:41 [GET] ::1 /v1/admin/checkauth 200 3.282446ms
2025/03/29 12:16:43 [GET] ::1 /v1/admin/checkauth 200 9.638471ms
2025/03/29 12:16:43 [GET] ::1 /v1/admin/checkauth 200 9.403742ms
2025/03/29 12:16:44 [GET] ::1 /v1/config 200 5.113499ms
2025/03/29 12:16:44 [GET] ::1 /v1/admin/checkauth 200 9.758975ms
2025/03/29 12:16:45 [GET] ::1 /v1/admin/checkauth 200 4.640294ms
2025/03/29 12:22:02 [GET] ::1 /v1/admin/checkauth 200 9.199421ms
2025/03/29 12:22:05 [GET] ::1 /v1/admin/checkauth 200 6.695577ms
2025/03/29 12:22:11 [GET] ::1 /v1/admin/checkauth 200 2.889124ms
2025/03/29 12:22:11 [GET] ::1 /v1/checkstatus 200 17.967µs
2025/03/29 12:22:14 [GET] ::1 /v1/admin/checkauth 200 2.225757ms
2025/03/29 12:22:14 [GET] ::1 /v1/admin/checkauth 200 3.379351ms
2025/03/29 12:22:14 [GET] ::1 /v1/admin/checkauth 200 4.057061ms
2025/03/29 12:22:15 [GET] ::1 /v1/config 200 11.330472ms
2025/03/29 12:22:15 [GET] ::1 /v1/admin/checkauth 200 3.432225ms
2025/03/29 12:22:16 [GET] ::1 /v1/admin/checkauth 200 10.989428ms
2025/03/29 12:23:34 [GET] ::1 /v1/admin/checkauth 200 12.798971ms
2025/03/29 12:23:34 [GET] ::1 /v1/checkstatus 200 36.492µs
2025/03/29 12:23:37 [GET] ::1 /v1/admin/checkauth 200 2.57094ms
2025/03/29 12:23:37 [GET] ::1 /v1/admin/checkauth 200 3.591002ms
2025/03/29 12:23:37 [GET] ::1 /v1/admin/checkauth 200 3.313893ms
2025/03/29 12:23:38 [GET] ::1 /v1/config 200 7.547424ms
2025/03/29 12:23:38 [GET] ::1 /v1/admin/checkauth 200 6.745277ms
2025/03/29 12:23:39 [GET] ::1 /v1/admin/checkauth 200 5.6524ms
2025/03/29 12:27:28 [GET] ::1 /v1/admin/checkauth 200 6.999557ms
2025/03/29 12:27:28 [GET] ::1 /v1/checkstatus 200 29.921µs
2025/03/29 12:27:30 [GET] ::1 /v1/admin/checkauth 200 6.032507ms
2025/03/29 12:27:31 [GET] ::1 /v1/admin/checkauth 200 4.227348ms
2025/03/29 12:27:32 [GET] ::1 /v1/admin/checkauth 200 4.71041ms
2025/03/29 12:27:32 [GET] ::1 /v1/config 200 4.594752ms
2025/03/29 12:27:32 [GET] ::1 /v1/admin/checkauth 200 5.356319ms
2025/03/29 12:27:33 [GET] ::1 /v1/admin/checkauth 200 7.013961ms
2025/03/29 12:27:44 [GET] ::1 /v1/admin/checkauth 200 5.622189ms
2025/03/29 12:27:45 [PUT] ::1 /v1/admin/configs/15 200 26.003687ms
2025/03/29 12:27:49 [GET] ::1 /v1/admin/checkauth 200 8.367487ms
2025/03/29 12:27:49 [GET] ::1 /v1/checkstatus 200 17.053µs
2025/03/29 12:27:52 [GET] ::1 /v1/admin/checkauth 200 12.619639ms
2025/03/29 12:27:52 [GET] ::1 /v1/admin/checkauth 200 4.47658ms
2025/03/29 12:27:52 [GET] ::1 /v1/admin/checkauth 200 2.688805ms
2025/03/29 12:27:52 [GET] ::1 /v1/config 200 3.495642ms
2025/03/29 12:27:53 [GET] ::1 /v1/admin/checkauth 200 5.05192ms
2025/03/29 12:27:53 [GET] ::1 /v1/admin/checkauth 200 5.690627ms
2025/03/29 12:28:34 [GET] ::1 /v1/admin/checkauth 200 8.590659ms
2025/03/29 12:28:42 [GET] ::1 /v1/admin/checkauth 200 6.972151ms
2025/03/29 12:28:47 [GET] ::1 /v1/admin/checkauth 200 2.472971ms
2025/03/29 12:28:47 [GET] ::1 /v1/checkstatus 200 27.742µs
2025/03/29 12:28:49 [GET] ::1 /v1/admin/checkauth 200 10.172089ms
2025/03/29 12:28:50 [GET] ::1 /v1/config 200 7.33957ms
2025/03/29 12:29:40 [GET] ::1 /v1/admin/checkauth 200 26.437625ms
2025/03/29 12:29:49 [GET] ::1 /v1/admin/checkauth 200 10.741432ms
2025/03/29 12:29:52 [GET] ::1 /v1/admin/checkauth 200 6.991192ms
2025/03/29 12:29:53 [GET] ::1 /v1/admin/checkauth 200 4.125539ms
2025/03/29 12:29:53 [GET] ::1 /v1/admin/checkauth 200 4.21125ms
2025/03/29 12:29:54 [GET] ::1 /v1/admin/checkauth 200 6.601959ms
2025/03/29 12:29:54 [GET] ::1 /v1/admin/checkauth 200 2.930003ms
2025/03/29 12:29:54 [GET] ::1 /v1/admin/checkauth 200 3.959188ms
2025/03/29 12:31:21 [GET] ::1 /v1/admin/checkauth 200 17.942769ms
2025/03/29 12:31:22 [GET] ::1 /v1/checkstatus 200 1.062878ms
2025/03/29 12:31:24 [GET] ::1 /v1/admin/checkauth 200 7.339721ms
2025/03/29 12:31:25 [GET] ::1 /v1/admin/checkauth 200 3.15167ms
2025/03/29 12:31:25 [GET] ::1 /v1/admin/checkauth 200 5.086876ms
2025/03/29 12:31:25 [GET] ::1 /v1/config 200 14.442371ms
2025/03/29 12:31:25 [GET] ::1 /v1/admin/checkauth 200 8.749401ms
2025/03/29 12:31:26 [GET] ::1 /v1/admin/checkauth 200 2.808484ms
2025/03/29 13:21:36 [GET] ::1 /v1/admin/checkauth 200 268.067382ms
2025/03/29 13:21:36 [GET] ::1 /v1/admin/checkauth 200 265.499698ms
2025/03/29 13:21:39 [GET] ::1 /v1/checkstatus 200 57.021µs
2025/03/29 13:21:49 [GET] ::1 /v1/admin/checkauth 200 88.852351ms
2025/03/29 13:21:50 [GET] ::1 /v1/admin/checkauth 200 3.67179ms
2025/03/29 13:21:50 [GET] ::1 /v1/admin/checkauth 200 9.71531ms
2025/03/29 13:21:51 [GET] ::1 /v1/config 200 15.545657ms
2025/03/29 13:21:51 [GET] ::1 /v1/admin/checkauth 200 7.160791ms
2025/03/29 13:21:52 [GET] ::1 /v1/admin/checkauth 200 4.679025ms
2025/03/29 13:21:52 [GET] ::1 /v1/admin/checkauth 200 6.44142ms
2025/03/29 13:21:53 [GET] ::1 /v1/admin/checkauth 200 4.792927ms
2025/03/29 13:21:53 [GET] ::1 /v1/checkstatus 200 28.598µs
2025/03/29 13:21:57 [GET] ::1 /v1/admin/checkauth 200 8.26426ms
2025/03/29 13:21:58 [GET] ::1 /v1/admin/checkauth 200 8.082615ms
2025/03/29 13:21:58 [GET] ::1 /v1/admin/checkauth 200 5.595798ms
2025/03/29 13:21:59 [GET] ::1 /v1/config 200 7.024699ms
2025/03/29 13:21:59 [GET] ::1 /v1/admin/checkauth 200 4.515066ms
2025/03/29 13:22:00 [GET] ::1 /v1/admin/checkauth 200 9.893853ms
2025/03/29 13:46:00 [GET] ::1 /v1/admin/checkauth 200 325.304575ms
2025/03/29 13:46:00 [GET] ::1 /v1/admin/checkauth 200 327.458083ms
2025/03/29 13:46:04 [GET] ::1 /v1/checkstatus 200 15.57µs
2025/03/29 13:46:10 [GET] ::1 /v1/admin/checkauth 200 17.128976ms
2025/03/29 13:46:12 [GET] ::1 /v1/admin/checkauth 200 8.011333ms
2025/03/29 13:46:13 [GET] ::1 /v1/admin/checkauth 200 3.555379ms
2025/03/29 13:46:13 [GET] ::1 /v1/config 200 33.182307ms
2025/03/29 13:46:13 [GET] ::1 /v1/admin/checkauth 200 3.795461ms
2025/03/29 13:46:14 [GET] ::1 /v1/admin/checkauth 200 9.11486ms
2025/03/29 13:52:01 [GET] ::1 /v1/admin/checkauth 200 126.798225ms
2025/03/29 13:52:01 [GET] ::1 /v1/admin/checkauth 200 131.266191ms
2025/03/29 13:52:01 [GET] ::1 /v1/checkstatus 200 550.86µs
2025/03/29 13:52:10 [GET] ::1 /v1/admin/checkauth 200 52.047769ms
2025/03/29 13:52:12 [GET] ::1 /v1/admin/checkauth 200 6.340714ms
2025/03/29 13:52:12 [GET] ::1 /v1/admin/checkauth 200 4.195989ms
2025/03/29 13:52:12 [GET] ::1 /v1/config 200 29.738913ms
2025/03/29 13:52:13 [GET] ::1 /v1/admin/checkauth 200 5.114912ms
2025/03/29 13:52:13 [GET] ::1 /v1/admin/checkauth 200 4.341875ms
2025/03/29 13:58:30 [GET] ::1 /v1/admin/checkauth 200 209.867677ms
2025/03/29 13:58:30 [GET] ::1 /v1/admin/checkauth 200 211.069327ms
2025/03/29 13:58:32 [GET] ::1 /v1/checkstatus 200 17.167µs
2025/03/29 13:58:35 [GET] ::1 /v1/admin/checkauth 200 4.190634ms
2025/03/29 13:58:35 [GET] ::1 /v1/admin/checkauth 200 4.598794ms
2025/03/29 13:58:36 [GET] ::1 /v1/admin/checkauth 200 8.465254ms
2025/03/29 13:58:36 [GET] ::1 /v1/config 200 13.686282ms
2025/03/29 13:58:37 [GET] ::1 /v1/admin/checkauth 200 5.661715ms
2025/03/29 13:58:37 [GET] ::1 /v1/admin/checkauth 200 5.185216ms
2025/03/29 14:04:50 [GET] ::1 /v1/admin/checkauth 200 18.812339ms
2025/03/29 14:04:50 [GET] ::1 /v1/admin/checkauth 200 16.364389ms
2025/03/29 14:04:50 [GET] ::1 /v1/checkstatus 200 23.626µs
2025/03/29 14:04:53 [GET] ::1 /v1/admin/checkauth 200 8.004038ms
2025/03/29 14:04:54 [GET] ::1 /v1/admin/checkauth 200 5.707412ms
2025/03/29 14:04:54 [GET] ::1 /v1/admin/checkauth 200 6.689839ms
2025/03/29 14:04:54 [GET] ::1 /v1/config 200 18.339145ms
2025/03/29 14:04:54 [GET] ::1 /v1/admin/checkauth 200 4.822686ms
2025/03/29 14:04:55 [GET] ::1 /v1/admin/checkauth 200 5.744518ms
2025/03/29 14:12:56 [GET] ::1 /v1/admin/checkauth 200 15.564662ms
2025/03/29 14:12:56 [GET] ::1 /v1/admin/checkauth 200 4.585448ms
2025/03/29 14:12:56 [GET] ::1 /v1/checkstatus 200 16.005µs
2025/03/29 14:12:59 [GET] ::1 /v1/admin/checkauth 200 5.937972ms
2025/03/29 14:13:00 [GET] ::1 /v1/admin/checkauth 200 4.978021ms
2025/03/29 14:13:00 [GET] ::1 /v1/admin/checkauth 200 6.945863ms
2025/03/29 14:13:00 [GET] ::1 /v1/config 200 7.774097ms
2025/03/29 14:13:01 [GET] ::1 /v1/admin/checkauth 200 13.383387ms
2025/03/29 14:13:01 [GET] ::1 /v1/admin/checkauth 200 3.913522ms
2025/03/29 14:14:15 [GET] ::1 /v1/admin/checkauth 200 12.977229ms
2025/03/29 14:14:15 [GET] ::1 /v1/admin/checkauth 200 3.697639ms
2025/03/29 14:14:16 [GET] ::1 /v1/checkstatus 200 22.173µs
2025/03/29 14:14:22 [GET] ::1 /v1/admin/checkauth 200 85.550087ms
2025/03/29 14:14:23 [GET] ::1 /v1/admin/checkauth 200 8.154038ms
2025/03/29 14:14:23 [GET] ::1 /v1/admin/checkauth 200 4.452286ms
2025/03/29 14:14:24 [GET] ::1 /v1/config 200 26.07826ms
2025/03/29 14:14:24 [GET] ::1 /v1/admin/checkauth 200 6.632536ms
2025/03/29 14:14:24 [GET] ::1 /v1/admin/checkauth 200 7.086666ms
2025/03/29 14:14:38 [GET] ::1 /v1/admin/checkauth 200 10.394136ms
2025/03/29 14:14:38 [GET] ::1 /v1/admin/checkauth 200 6.403744ms
2025/03/29 14:14:39 [GET] ::1 /v1/checkstatus 200 1.060354ms
2025/03/29 14:14:42 [GET] ::1 /v1/admin/checkauth 200 12.447079ms
2025/03/29 14:14:44 [GET] ::1 /v1/admin/checkauth 200 4.882938ms
2025/03/29 14:14:44 [GET] ::1 /v1/admin/checkauth 200 5.924321ms
2025/03/29 14:14:44 [GET] ::1 /v1/config 200 18.837279ms
2025/03/29 14:14:44 [GET] ::1 /v1/admin/checkauth 200 5.500036ms
2025/03/29 14:14:45 [GET] ::1 /v1/admin/checkauth 200 9.000096ms
2025/03/29 14:25:00 [GET] ::1 /v1/admin/checkauth 200 209.23698ms
2025/03/29 14:25:00 [GET] ::1 /v1/admin/checkauth 200 209.532116ms
2025/03/29 14:25:01 [GET] ::1 /v1/checkstatus 200 44.042µs
2025/03/29 14:25:05 [GET] ::1 /v1/admin/checkauth 200 14.445088ms
2025/03/29 14:25:06 [GET] ::1 /v1/admin/checkauth 200 10.524742ms
2025/03/29 14:25:06 [GET] ::1 /v1/admin/checkauth 200 5.580486ms
2025/03/29 14:25:06 [GET] ::1 /v1/config 200 24.690966ms
2025/03/29 14:25:06 [GET] ::1 /v1/admin/checkauth 200 6.674906ms
2025/03/29 14:25:07 [GET] ::1 /v1/admin/checkauth 200 2.835549ms
2025/03/29 14:29:46 [GET] ::1 /v1/admin/checkauth 200 61.869885ms
2025/03/29 14:29:46 [GET] ::1 /v1/admin/checkauth 200 37.865336ms
2025/03/29 14:29:47 [GET] ::1 /v1/checkstatus 200 14.974µs
2025/03/29 14:29:58 [GET] ::1 /v1/admin/checkauth 200 53.116727ms
2025/03/29 14:29:59 [GET] ::1 /v1/admin/checkauth 200 4.483393ms
2025/03/29 14:29:59 [GET] ::1 /v1/admin/checkauth 200 3.510999ms
2025/03/29 14:30:00 [GET] ::1 /v1/config 200 32.24253ms
2025/03/29 14:30:00 [GET] ::1 /v1/admin/checkauth 200 7.571929ms
2025/03/29 14:30:00 [GET] ::1 /v1/admin/checkauth 200 4.715429ms
2025/03/29 14:30:40 [GET] ::1 /v1/admin/checkauth 200 7.906865ms
2025/03/29 14:30:40 [GET] ::1 /v1/admin/checkauth 200 9.184247ms
2025/03/29 14:30:42 [GET] ::1 /v1/checkstatus 200 1.140086ms
2025/03/29 14:30:47 [GET] ::1 /v1/admin/checkauth 200 110.108218ms
2025/03/29 14:30:49 [GET] ::1 /v1/admin/checkauth 200 3.145154ms
2025/03/29 14:30:49 [GET] ::1 /v1/admin/checkauth 200 3.66663ms
2025/03/29 14:30:50 [GET] ::1 /v1/config 200 12.860803ms
2025/03/29 14:30:50 [GET] ::1 /v1/admin/checkauth 200 6.377478ms
2025/03/29 14:30:51 [GET] ::1 /v1/admin/checkauth 200 3.569651ms
2025/03/29 14:34:44 [GET] ::1 /v1/admin/checkauth 200 23.551547ms
2025/03/29 14:34:44 [GET] ::1 /v1/admin/checkauth 200 36.073844ms
2025/03/29 14:34:44 [GET] ::1 /v1/checkstatus 200 23.264µs
2025/03/29 14:34:48 [GET] ::1 /v1/admin/checkauth 200 13.73625ms
2025/03/29 14:34:49 [GET] ::1 /v1/admin/checkauth 200 8.005038ms
2025/03/29 14:34:50 [GET] ::1 /v1/admin/checkauth 200 9.457769ms
2025/03/29 14:34:50 [GET] ::1 /v1/config 200 5.825132ms
2025/03/29 14:34:50 [GET] ::1 /v1/admin/checkauth 200 3.625248ms
2025/03/29 14:34:51 [GET] ::1 /v1/admin/checkauth 200 3.843829ms
2025/03/29 14:35:37 [GET] ::1 /v1/admin/checkauth 200 4.505563ms
2025/03/29 14:35:38 [GET] ::1 /v1/admin/checkauth 200 9.824746ms
2025/03/29 14:35:38 [GET] ::1 /v1/admin/checkauth 200 6.800465ms
2025/03/29 14:35:39 [GET] ::1 /v1/checkstatus 200 14.742µs
2025/03/29 14:35:40 [GET] ::1 /v1/checkstatus 200 16.775µs
2025/03/29 14:35:43 [GET] ::1 /v1/admin/checkauth 200 6.577003ms
2025/03/29 14:35:45 [GET] ::1 /v1/admin/checkauth 200 11.580784ms
2025/03/29 14:35:45 [GET] ::1 /v1/admin/checkauth 200 6.020639ms
2025/03/29 14:35:45 [GET] ::1 /v1/config 200 6.097379ms
2025/03/29 14:35:45 [GET] ::1 /v1/admin/checkauth 200 3.567771ms
2025/03/29 14:35:46 [GET] ::1 /v1/admin/checkauth 200 9.612362ms
2025/03/29 14:36:48 [GET] ::1 /v1/admin/checkauth 200 14.7484ms
2025/03/29 14:36:48 [GET] ::1 /v1/checkstatus 200 18.593µs
2025/03/29 14:36:51 [GET] ::1 /v1/admin/checkauth 200 12.300815ms
2025/03/29 14:36:52 [GET] ::1 /v1/admin/checkauth 200 2.218924ms
2025/03/29 14:36:52 [GET] ::1 /v1/admin/checkauth 200 9.673884ms
2025/03/29 14:36:52 [GET] ::1 /v1/config 200 5.511221ms
2025/03/29 14:36:53 [GET] ::1 /v1/admin/checkauth 200 6.316616ms
2025/03/29 14:36:54 [GET] ::1 /v1/admin/checkauth 200 3.718053ms
2025/03/29 14:37:17 [GET] ::1 /v1/admin/checkauth 200 4.558297ms
2025/03/29 14:37:17 [PUT] ::1 /v1/admin/configs/16 200 55.562692ms
2025/03/29 14:37:24 [GET] ::1 /v1/admin/checkauth 200 5.945595ms
2025/03/29 14:37:24 [GET] ::1 /v1/checkstatus 200 16.177µs
2025/03/29 14:37:26 [GET] ::1 /v1/admin/checkauth 200 4.956856ms
2025/03/29 14:37:27 [GET] ::1 /v1/admin/checkauth 200 2.724074ms
2025/03/29 14:37:27 [GET] ::1 /v1/admin/checkauth 200 5.204438ms
2025/03/29 14:37:27 [GET] ::1 /v1/config 200 4.342674ms
2025/03/29 14:37:27 [GET] ::1 /v1/admin/checkauth 200 3.158377ms
2025/03/29 14:37:28 [GET] ::1 /v1/admin/checkauth 200 16.916189ms
2025/03/29 14:38:04 [GET] ::1 /v1/admin/checkauth 200 14.792486ms
2025/03/29 14:38:04 [PUT] ::1 /v1/admin/configs/16 200 12.532263ms
2025/03/29 15:08:38 [POST] ::1 /v1/admin/token/refresh 200 349.87538ms
2025/03/29 15:08:38 [POST] ::1 /v1/admin/token/refresh 200 406.015241ms
2025/03/29 15:08:41 [GET] ::1 /v1/checkstatus 200 42.801µs
2025/03/29 15:08:55 [GET] ::1 /v1/admin/checkauth 200 46.865552ms
2025/03/29 15:08:56 [GET] ::1 /v1/admin/checkauth 200 15.744967ms
2025/03/29 15:08:57 [GET] ::1 /v1/admin/checkauth 200 4.462753ms
2025/03/29 15:08:57 [GET] ::1 /v1/config 200 33.750591ms
2025/03/29 15:08:57 [GET] ::1 /v1/admin/checkauth 200 8.606565ms
2025/03/29 15:08:58 [GET] ::1 /v1/admin/checkauth 200 4.693841ms
2025/03/29 15:13:10 [GET] ::1 /v1/admin/checkauth 200 336.92427ms
2025/03/29 15:13:10 [GET] ::1 /v1/admin/checkauth 200 337.664619ms
2025/03/29 15:13:11 [GET] ::1 /v1/checkstatus 200 436.731µs
2025/03/29 15:13:14 [GET] ::1 /v1/admin/checkauth 200 4.517411ms
2025/03/29 15:13:16 [GET] ::1 /v1/admin/checkauth 200 14.582544ms
2025/03/29 15:13:16 [GET] ::1 /v1/admin/checkauth 200 9.855782ms
2025/03/29 15:13:17 [GET] ::1 /v1/config 200 17.646726ms
2025/03/29 15:13:17 [GET] ::1 /v1/admin/checkauth 200 23.079527ms
2025/03/29 15:13:18 [GET] ::1 /v1/admin/checkauth 200 7.530262ms
2025/03/29 15:14:49 [GET] ::1 /v1/admin/checkauth 200 24.142158ms
2025/03/29 15:14:49 [GET] ::1 /v1/admin/checkauth 200 19.042475ms
2025/03/29 15:14:50 [GET] ::1 /v1/checkstatus 200 20.791µs
2025/03/29 15:14:56 [GET] ::1 /v1/admin/checkauth 200 20.802721ms
2025/03/29 15:14:57 [GET] ::1 /v1/admin/checkauth 200 7.491272ms
2025/03/29 15:14:57 [GET] ::1 /v1/admin/checkauth 200 4.272307ms
2025/03/29 15:14:58 [GET] ::1 /v1/config 200 12.206666ms
2025/03/29 15:14:58 [GET] ::1 /v1/admin/checkauth 200 3.701881ms
2025/03/29 15:15:00 [GET] ::1 /v1/admin/checkauth 200 2.969048ms
2025/03/29 15:15:25 [GET] ::1 /v1/admin/checkauth 200 3.813279ms
2025/03/29 15:15:28 [GET] ::1 /v1/admin/checkauth 200 8.349918ms
2025/03/29 15:15:41 [GET] ::1 /v1/admin/checkauth 200 18.689891ms
2025/03/29 15:15:42 [GET] ::1 /v1/admin/pages/typenstatus/ 200 40.94065ms
2025/03/29 15:15:42 [GET] ::1 /v1/admin/checkauth 200 5.327036ms
2025/03/29 15:15:42 [GET] ::1 /v1/admin/pages/typenstatus/ 200 16.042694ms
2025/03/29 15:16:19 [GET] ::1 /v1/admin/checkauth 200 61.064451ms
2025/03/29 15:16:19 [GET] ::1 /v1/checkstatus 200 562.265µs
2025/03/29 15:16:22 [GET] ::1 /v1/admin/checkauth 200 6.77069ms
2025/03/29 15:16:23 [GET] ::1 /v1/admin/pages/typenstatus/ 200 8.255722ms
2025/03/29 15:16:23 [GET] ::1 /v1/admin/checkauth 200 3.847854ms
2025/03/29 15:16:23 [GET] ::1 /v1/admin/checkauth 200 3.947712ms
2025/03/29 15:16:23 [GET] ::1 /v1/admin/checkauth 200 8.935244ms
2025/03/29 15:16:23 [GET] ::1 /v1/config 200 13.593331ms
2025/03/29 15:16:24 [GET] ::1 /v1/admin/checkauth 200 9.415618ms
2025/03/29 15:16:24 [GET] ::1 /v1/admin/checkauth 200 3.660993ms
2025/03/29 15:16:24 [GET] ::1 /v1/admin/pages/typenstatus/ 200 15.93316ms
2025/03/29 15:16:24 [GET] ::1 /v1/admin/checkauth 200 9.79283ms
2025/03/29 15:16:25 [GET] ::1 /v1/admin/checkauth 200 5.075917ms
2025/03/29 15:16:25 [GET] ::1 /v1/admin/pages/typenstatus/ 200 6.638747ms
2025/03/29 15:16:29 [GET] ::1 /v1/admin/checkauth 200 4.580085ms
2025/03/29 15:16:30 [PUT] ::1 /v1/admin/configs/17 200 23.932955ms
2025/03/29 15:16:36 [GET] ::1 /v1/admin/checkauth 200 5.161705ms
2025/03/29 15:16:36 [GET] ::1 /v1/checkstatus 200 70.032µs
2025/03/29 15:16:38 [GET] ::1 /v1/admin/checkauth 200 4.428141ms
2025/03/29 15:16:39 [GET] ::1 /v1/admin/pages/typenstatus/ 200 7.812225ms
2025/03/29 15:16:39 [GET] ::1 /v1/admin/checkauth 200 4.303945ms
2025/03/29 15:16:40 [GET] ::1 /v1/admin/checkauth 200 4.411691ms
2025/03/29 15:16:40 [GET] ::1 /v1/admin/checkauth 200 4.961328ms
2025/03/29 15:16:40 [GET] ::1 /v1/config 200 6.713385ms
2025/03/29 15:16:40 [GET] ::1 /v1/admin/checkauth 200 5.175417ms
2025/03/29 15:16:41 [GET] ::1 /v1/admin/checkauth 200 4.52444ms
2025/03/29 15:16:41 [GET] ::1 /v1/admin/pages/typenstatus/ 200 20.189552ms
2025/03/29 15:16:41 [GET] ::1 /v1/admin/checkauth 200 11.922002ms
2025/03/29 15:16:42 [GET] ::1 /v1/admin/checkauth 200 9.408355ms
2025/03/29 15:16:42 [GET] ::1 /v1/admin/pages/typenstatus/ 200 14.900469ms
2025/03/29 15:22:14 [GET] ::1 /v1/admin/checkauth 200 77.665753ms
2025/03/29 15:23:58 [GET] ::1 /v1/admin/checkauth 200 14.917878ms
2025/03/29 15:23:58 [GET] ::1 /v1/admin/checkauth 200 19.840333ms
2025/03/29 15:23:59 [GET] ::1 /v1/checkstatus 200 1.087973ms
2025/03/29 15:24:04 [GET] ::1 /v1/admin/checkauth 200 16.085018ms
2025/03/29 15:24:05 [GET] ::1 /v1/admin/checkauth 200 5.972123ms
2025/03/29 15:24:05 [GET] ::1 /v1/admin/checkauth 200 5.731407ms
2025/03/29 15:24:06 [GET] ::1 /v1/config 200 12.041078ms
2025/03/29 15:24:06 [GET] ::1 /v1/admin/checkauth 200 4.677696ms
2025/03/29 15:24:07 [GET] ::1 /v1/admin/checkauth 200 8.021ms
2025/03/29 15:24:20 [GET] ::1 /v1/admin/checkauth 200 5.870206ms
2025/03/29 15:24:21 [GET] ::1 /v1/admin/checkauth 200 3.637724ms
2025/03/29 15:24:29 [GET] ::1 /v1/admin/checkauth 200 2.821585ms
2025/03/29 15:26:19 [GET] ::1 /v1/admin/checkauth 200 22.676421ms
2025/03/29 15:28:09 [GET] ::1 /v1/admin/checkauth 200 63.030104ms
2025/03/29 15:28:09 [GET] ::1 /v1/admin/checkauth 200 85.882067ms
2025/03/29 15:28:09 [GET] ::1 /v1/checkstatus 200 2.411746ms
2025/03/29 15:28:14 [GET] ::1 /v1/admin/checkauth 200 5.43063ms
2025/03/29 15:28:15 [GET] ::1 /v1/admin/checkauth 200 3.899185ms
2025/03/29 15:28:15 [GET] ::1 /v1/admin/checkauth 200 10.547369ms
2025/03/29 15:28:16 [GET] ::1 /v1/config 200 21.636503ms
2025/03/29 15:28:16 [GET] ::1 /v1/admin/checkauth 200 6.877981ms
2025/03/29 15:28:17 [GET] ::1 /v1/admin/checkauth 200 4.640812ms
2025/03/29 15:28:56 [GET] ::1 /v1/admin/checkauth 200 2.701489ms
2025/03/29 15:28:56 [GET] ::1 /v1/admin/checkauth 200 4.901955ms
2025/03/29 15:28:56 [GET] ::1 /v1/checkstatus 200 30.689µs
2025/03/29 15:29:00 [GET] ::1 /v1/admin/checkauth 200 13.427977ms
2025/03/29 15:29:02 [GET] ::1 /v1/admin/checkauth 200 7.589704ms
2025/03/29 15:29:02 [GET] ::1 /v1/admin/checkauth 200 9.135834ms
2025/03/29 15:29:03 [GET] ::1 /v1/config 200 7.21982ms
2025/03/29 15:29:03 [GET] ::1 /v1/admin/checkauth 200 6.039699ms
2025/03/29 15:29:03 [GET] ::1 /v1/admin/checkauth 200 9.785523ms
2025/03/29 15:30:27 [GET] ::1 /v1/admin/checkauth 200 19.428468ms
2025/03/29 15:30:27 [GET] ::1 /v1/admin/checkauth 200 33.807607ms
2025/03/29 15:30:28 [GET] ::1 /v1/checkstatus 200 21.808µs
2025/03/29 15:30:32 [GET] ::1 /v1/admin/checkauth 200 4.531433ms
2025/03/29 15:30:33 [GET] ::1 /v1/admin/checkauth 200 5.2842ms
2025/03/29 15:30:33 [GET] ::1 /v1/admin/checkauth 200 3.490843ms
2025/03/29 15:30:34 [GET] ::1 /v1/config 200 20.625491ms
2025/03/29 15:30:34 [GET] ::1 /v1/admin/checkauth 200 4.221769ms
2025/03/29 15:30:34 [GET] ::1 /v1/admin/checkauth 200 3.64753ms
2025/03/29 15:31:25 [GET] ::1 /v1/admin/checkauth 200 15.796851ms
2025/03/29 15:31:25 [GET] ::1 /v1/admin/checkauth 200 9.855104ms
2025/03/29 15:31:26 [GET] ::1 /v1/checkstatus 200 32.509µs
2025/03/29 15:31:31 [GET] ::1 /v1/admin/checkauth 200 12.778975ms
2025/03/29 15:31:32 [GET] ::1 /v1/admin/checkauth 200 3.248041ms
2025/03/29 15:31:33 [GET] ::1 /v1/admin/checkauth 200 6.452713ms
2025/03/29 15:31:33 [GET] ::1 /v1/config 200 4.214135ms
2025/03/29 15:31:33 [GET] ::1 /v1/admin/checkauth 200 9.538848ms
2025/03/29 15:31:34 [GET] ::1 /v1/admin/checkauth 200 5.13131ms
2025/03/29 15:34:40 [GET] ::1 /v1/admin/checkauth 200 14.849052ms
2025/03/29 15:34:40 [GET] ::1 /v1/admin/checkauth 200 22.990523ms
2025/03/29 15:34:40 [GET] ::1 /v1/checkstatus 200 25.094µs
2025/03/29 15:34:44 [GET] ::1 /v1/admin/checkauth 200 8.803336ms
2025/03/29 15:34:46 [GET] ::1 /v1/admin/checkauth 200 9.503834ms
2025/03/29 15:34:46 [GET] ::1 /v1/admin/checkauth 200 6.919476ms
2025/03/29 15:34:46 [GET] ::1 /v1/config 200 5.630775ms
2025/03/29 15:34:46 [GET] ::1 /v1/admin/checkauth 200 8.901211ms
2025/03/29 15:34:47 [GET] ::1 /v1/admin/checkauth 200 3.72315ms
2025/03/29 15:36:40 [GET] ::1 /v1/admin/checkauth 200 14.822192ms
2025/03/29 15:36:40 [GET] ::1 /v1/admin/checkauth 200 12.104277ms
2025/03/29 15:36:41 [GET] ::1 /v1/checkstatus 200 23.321µs
2025/03/29 15:36:46 [GET] ::1 /v1/admin/checkauth 200 4.060438ms
2025/03/29 15:36:48 [GET] ::1 /v1/admin/checkauth 200 4.447588ms
2025/03/29 15:36:48 [GET] ::1 /v1/admin/checkauth 200 9.731102ms
2025/03/29 15:36:49 [GET] ::1 /v1/config 200 10.580001ms
2025/03/29 15:36:49 [GET] ::1 /v1/admin/checkauth 200 3.697998ms
2025/03/29 15:36:50 [GET] ::1 /v1/admin/checkauth 200 4.965896ms
2025/03/29 15:36:55 [GET] ::1 /v1/admin/checkauth 200 3.810112ms
2025/03/29 15:36:55 [GET] ::1 /v1/admin/checkauth 200 13.382352ms
2025/03/29 15:36:56 [GET] ::1 /v1/checkstatus 200 26.507µs
2025/03/29 15:37:00 [GET] ::1 /v1/admin/checkauth 200 3.662721ms
2025/03/29 15:37:01 [GET] ::1 /v1/admin/checkauth 200 10.875182ms
2025/03/29 15:37:01 [GET] ::1 /v1/admin/checkauth 200 9.368245ms
2025/03/29 15:37:02 [GET] ::1 /v1/config 200 10.02002ms
2025/03/29 15:37:02 [GET] ::1 /v1/admin/checkauth 200 16.101154ms
2025/03/29 15:37:03 [GET] ::1 /v1/admin/checkauth 200 6.137299ms
2025/03/29 15:39:24 [GET] ::1 /v1/admin/checkauth 200 17.668703ms
2025/03/29 15:39:24 [GET] ::1 /v1/admin/checkauth 200 15.363117ms
2025/03/29 15:39:25 [GET] ::1 /v1/checkstatus 200 48.624µs
2025/03/29 15:39:29 [GET] ::1 /v1/admin/checkauth 200 4.942768ms
2025/03/29 15:39:31 [GET] ::1 /v1/admin/checkauth 200 6.408468ms
2025/03/29 15:39:31 [GET] ::1 /v1/admin/checkauth 200 2.699976ms
2025/03/29 15:39:32 [GET] ::1 /v1/config 200 9.442528ms
2025/03/29 15:39:32 [GET] ::1 /v1/admin/checkauth 200 5.816684ms
2025/03/29 15:39:33 [GET] ::1 /v1/admin/checkauth 200 4.959022ms
2025/03/29 15:42:30 [GET] ::1 /v1/admin/checkauth 200 16.451393ms
2025/03/29 15:42:30 [GET] ::1 /v1/admin/checkauth 200 8.869557ms
2025/03/29 15:42:31 [GET] ::1 /v1/checkstatus 200 23.957µs
2025/03/29 15:42:36 [GET] ::1 /v1/admin/checkauth 200 3.897568ms
2025/03/29 15:42:37 [GET] ::1 /v1/admin/checkauth 200 2.726963ms
2025/03/29 15:42:37 [GET] ::1 /v1/admin/checkauth 200 7.023874ms
2025/03/29 15:42:38 [GET] ::1 /v1/config 200 9.6306ms
2025/03/29 15:42:38 [GET] ::1 /v1/admin/checkauth 200 3.642388ms
2025/03/29 15:42:39 [GET] ::1 /v1/admin/checkauth 200 4.900912ms
2025/03/29 15:44:14 [GET] ::1 /v1/admin/checkauth 200 16.105846ms
2025/03/29 15:44:14 [GET] ::1 /v1/admin/checkauth 200 17.266928ms
2025/03/29 15:44:14 [GET] ::1 /v1/checkstatus 200 24.989µs
2025/03/29 15:44:19 [GET] ::1 /v1/admin/checkauth 200 19.101314ms
2025/03/29 15:44:21 [GET] ::1 /v1/admin/checkauth 200 9.72473ms
2025/03/29 15:44:22 [GET] ::1 /v1/admin/checkauth 200 3.52559ms
2025/03/29 15:44:22 [GET] ::1 /v1/config 200 19.578879ms
2025/03/29 15:44:22 [GET] ::1 /v1/admin/checkauth 200 5.049923ms
2025/03/29 15:44:23 [GET] ::1 /v1/admin/checkauth 200 4.604611ms
2025/03/29 15:44:39 [GET] ::1 /v1/admin/checkauth 200 4.036187ms
2025/03/29 15:44:39 [GET] ::1 /v1/admin/checkauth 200 6.130265ms
2025/03/29 15:44:39 [GET] ::1 /v1/checkstatus 200 30.885µs
2025/03/29 15:44:44 [GET] ::1 /v1/admin/checkauth 200 10.430546ms
2025/03/29 15:44:47 [GET] ::1 /v1/admin/checkauth 200 4.57997ms
2025/03/29 15:44:47 [GET] ::1 /v1/admin/checkauth 200 6.673311ms
2025/03/29 15:44:48 [GET] ::1 /v1/admin/checkauth 200 5.40085ms
2025/03/29 15:44:48 [GET] ::1 /v1/admin/checkauth 200 12.528008ms
2025/03/29 15:44:49 [GET] ::1 /v1/checkstatus 200 53.231µs
2025/03/29 15:44:50 [GET] ::1 /v1/admin/checkauth 200 3.439749ms
2025/03/29 15:44:55 [GET] ::1 /v1/admin/checkauth 200 7.343978ms
2025/03/29 15:44:56 [GET] ::1 /v1/admin/checkauth 200 4.168441ms
2025/03/29 15:44:56 [GET] ::1 /v1/admin/checkauth 200 5.10974ms
2025/03/29 15:44:57 [GET] ::1 /v1/config 200 6.21652ms
2025/03/29 15:44:57 [GET] ::1 /v1/admin/checkauth 200 5.541527ms
2025/03/29 15:44:58 [GET] ::1 /v1/admin/checkauth 200 4.127309ms
2025/03/29 15:51:07 [GET] ::1 /v1/admin/checkauth 200 303.534889ms
2025/03/29 15:51:07 [GET] ::1 /v1/admin/checkauth 200 294.521369ms
2025/03/29 15:51:09 [GET] ::1 /v1/checkstatus 200 28.833µs
2025/03/29 15:51:20 [GET] ::1 /v1/admin/checkauth 200 5.486427ms
2025/03/29 15:51:22 [GET] ::1 /v1/admin/checkauth 200 7.676488ms
2025/03/29 15:51:22 [GET] ::1 /v1/admin/checkauth 200 5.337653ms
2025/03/29 15:51:23 [GET] ::1 /v1/config 200 13.65708ms
2025/03/29 15:51:23 [GET] ::1 /v1/admin/checkauth 200 5.597251ms
2025/03/29 15:51:24 [GET] ::1 /v1/admin/checkauth 200 5.750876ms
2025/03/29 15:53:58 [GET] ::1 /v1/admin/checkauth 200 44.652907ms
2025/03/29 15:53:58 [GET] ::1 /v1/admin/checkauth 200 41.557414ms
2025/03/29 15:53:59 [GET] ::1 /v1/checkstatus 200 23.295µs
2025/03/29 15:54:06 [GET] ::1 /v1/admin/checkauth 200 8.438288ms
2025/03/29 15:54:08 [GET] ::1 /v1/admin/checkauth 200 5.313976ms
2025/03/29 15:54:08 [GET] ::1 /v1/admin/checkauth 200 5.37278ms
2025/03/29 15:54:09 [GET] ::1 /v1/config 200 14.821591ms
2025/03/29 15:54:10 [GET] ::1 /v1/admin/checkauth 200 5.197082ms
2025/03/29 15:54:10 [GET] ::1 /v1/admin/checkauth 200 5.344578ms
2025/03/29 15:54:24 [GET] ::1 /v1/admin/checkauth 200 5.800526ms
2025/03/29 15:54:24 [GET] ::1 /v1/admin/checkauth 200 6.691557ms
2025/03/29 15:54:25 [GET] ::1 /v1/checkstatus 200 34.034µs
2025/03/29 15:54:30 [GET] ::1 /v1/admin/checkauth 200 6.014614ms
2025/03/29 15:54:32 [GET] ::1 /v1/admin/checkauth 200 3.935836ms
2025/03/29 15:54:32 [GET] ::1 /v1/admin/checkauth 200 4.080227ms
2025/03/29 15:54:33 [GET] ::1 /v1/config 200 5.357274ms
2025/03/29 15:54:33 [GET] ::1 /v1/admin/checkauth 200 4.711167ms
2025/03/29 15:54:34 [GET] ::1 /v1/admin/checkauth 200 8.505206ms
2025/03/29 15:56:46 [GET] ::1 /v1/admin/checkauth 200 19.332114ms
2025/03/29 15:56:46 [GET] ::1 /v1/admin/checkauth 200 21.560734ms
2025/03/29 15:56:47 [GET] ::1 /v1/checkstatus 200 17.358µs
2025/03/29 15:56:53 [GET] ::1 /v1/admin/checkauth 200 54.019714ms
2025/03/29 15:56:56 [GET] ::1 /v1/admin/checkauth 200 5.541561ms
2025/03/29 15:56:56 [GET] ::1 /v1/admin/checkauth 200 4.962324ms
2025/03/29 15:56:58 [GET] ::1 /v1/config 200 8.256007ms
2025/03/29 15:56:59 [GET] ::1 /v1/admin/checkauth 200 4.16571ms
2025/03/29 15:56:59 [GET] ::1 /v1/admin/checkauth 200 4.789292ms
2025/03/29 15:57:20 [GET] ::1 /v1/admin/checkauth 200 3.774232ms
2025/03/29 15:57:20 [GET] ::1 /v1/admin/checkauth 200 4.424115ms
2025/03/29 15:57:20 [GET] ::1 /v1/admin/checkauth 200 5.615698ms
2025/03/29 15:57:21 [GET] ::1 /v1/checkstatus 200 27.175µs
2025/03/29 15:57:22 [GET] ::1 /v1/checkstatus 200 18.784µs
2025/03/29 15:57:27 [GET] ::1 /v1/admin/checkauth 200 14.276172ms
2025/03/29 15:57:29 [GET] ::1 /v1/admin/checkauth 200 11.547827ms
2025/03/29 15:57:29 [GET] ::1 /v1/admin/checkauth 200 10.822405ms
2025/03/29 15:57:30 [GET] ::1 /v1/config 200 12.808736ms
2025/03/29 15:57:30 [GET] ::1 /v1/admin/checkauth 200 3.7657ms
2025/03/29 15:57:31 [GET] ::1 /v1/admin/checkauth 200 5.118546ms
2025/03/29 15:57:59 [GET] ::1 /v1/admin/checkauth 200 39.203347ms
2025/03/29 15:57:59 [GET] ::1 /v1/checkstatus 200 389.454µs
2025/03/29 15:58:03 [GET] ::1 /v1/admin/checkauth 200 4.175909ms
2025/03/29 15:58:04 [GET] ::1 /v1/admin/checkauth 200 6.010247ms
2025/03/29 15:58:04 [GET] ::1 /v1/admin/checkauth 200 3.815673ms
2025/03/29 15:58:04 [GET] ::1 /v1/config 200 9.442097ms
2025/03/29 15:58:05 [GET] ::1 /v1/admin/checkauth 200 3.573026ms
2025/03/29 15:58:06 [GET] ::1 /v1/admin/checkauth 200 4.304528ms
2025/03/29 15:58:19 [GET] ::1 /v1/admin/checkauth 200 3.48279ms
2025/03/29 15:58:19 [PUT] ::1 /v1/admin/configs/18 200 31.40926ms
2025/03/29 15:58:24 [GET] ::1 /v1/admin/checkauth 200 4.94912ms
2025/03/29 15:58:24 [GET] ::1 /v1/checkstatus 200 20.931µs
2025/03/29 15:58:27 [GET] ::1 /v1/admin/checkauth 200 6.557748ms
2025/03/29 15:58:28 [GET] ::1 /v1/admin/checkauth 200 5.239655ms
2025/03/29 15:58:28 [GET] ::1 /v1/admin/checkauth 200 3.438098ms
2025/03/29 15:58:29 [GET] ::1 /v1/config 200 5.272532ms
2025/03/29 15:58:29 [GET] ::1 /v1/admin/checkauth 200 20.727015ms
2025/03/29 15:58:29 [GET] ::1 /v1/admin/checkauth 200 4.770642ms
2025/03/29 15:58:42 [GET] ::1 /v1/admin/checkauth 200 4.085375ms
2025/03/29 15:58:42 [PUT] ::1 /v1/admin/configs/18 200 15.544538ms
2025/03/29 15:58:46 [GET] ::1 /v1/admin/checkauth 200 5.932811ms
2025/03/29 16:02:55 [GET] ::1 /v1/admin/checkauth 200 36.667142ms
2025/03/29 16:02:57 [GET] ::1 /v1/admin/checkauth 200 11.594052ms
2025/03/29 16:02:58 [GET] ::1 /v1/admin/pagecategories 200 19.785527ms
2025/03/29 16:02:58 [GET] ::1 /v1/admin/checkauth 200 3.003495ms
2025/03/29 16:02:59 [GET] ::1 /v1/admin/pages 200 21.526615ms
2025/03/29 16:02:59 [GET] ::1 /v1/admin/checkauth 200 4.186352ms
2025/03/29 16:03:00 [GET] ::1 /v1/admin/menu_locations 200 18.159303ms
2025/03/29 16:03:00 [GET] ::1 /v1/admin/checkauth 200 4.941623ms
2025/03/29 16:03:01 [GET] ::1 /v1/admin/menus 200 55.754464ms
2025/03/29 16:03:01 [GET] ::1 /v1/admin/checkauth 200 16.771654ms
2025/03/29 16:03:01 [GET] ::1 /v1/admin/pagecategories 200 4.320769ms
2025/03/29 16:03:01 [GET] ::1 /v1/admin/checkauth 200 3.30102ms
2025/03/29 16:03:02 [GET] ::1 /v1/admin/pages 200 11.067459ms
2025/03/29 16:03:02 [GET] ::1 /v1/admin/checkauth 200 8.46712ms
2025/03/29 16:03:02 [GET] ::1 /v1/admin/menu_locations 200 6.799014ms
2025/03/29 16:03:03 [GET] ::1 /v1/admin/checkauth 200 4.712444ms
2025/03/29 16:03:03 [GET] ::1 /v1/admin/menus 200 5.592883ms
2025/03/29 16:03:03 [GET] ::1 /v1/admin/checkauth 200 7.764415ms
2025/03/29 16:03:04 [GET] ::1 /v1/admin/menu_locations 200 28.280844ms
2025/03/29 16:03:04 [GET] ::1 /v1/admin/checkauth 200 3.735884ms
2025/03/29 16:03:04 [GET] ::1 /v1/admin/menu_locations 200 6.595367ms
2025/03/29 16:03:05 [GET] ::1 /v1/admin/checkauth 200 9.701305ms
2025/03/29 16:03:05 [GET] ::1 /v1/admin/categories 200 9.879225ms
2025/03/29 16:03:05 [GET] ::1 /v1/admin/checkauth 200 7.385801ms
2025/03/29 16:03:06 [GET] ::1 /v1/admin/categories 200 6.278892ms
2025/03/29 16:03:06 [GET] ::1 /v1/admin/checkauth 200 6.066611ms
2025/03/29 16:03:06 [GET] ::1 /v1/admin/menus 200 4.820746ms
2025/03/29 16:03:07 [GET] ::1 /v1/admin/checkauth 200 4.767461ms
2025/03/29 16:03:07 [GET] ::1 /v1/admin/menus 200 15.658364ms
2025/03/29 16:13:43 [GET] ::1 /v1/admin/checkauth 200 33.4704ms
2025/03/29 16:13:48 [GET] ::1 /v1/admin/checkauth 200 2.870095ms
